[I 2026-03-02 23:34:03,898] Trial 75 finished with value: 0.94524410236206 and parameters: {'batch_size': 48, 'window_size': 5, 'attention_heads': 3, 'hidden_dimension': 64, 'number_of_hidden_layers': 2, 'dropout_rate': 0.10198069145332175, 'learning_rate': 0.0002717440951292812, 'weight_decay': 1.6278384088790024e-06}. Best is trial 1 with value: 0.9673490515492583.
[I 2026-03-03 00:17:46,570] Trial 76 finished with value: 0.950983617806104 and parameters: {'batch_size': 72, 'window_size': 5, 'attention_heads': 4, 'hidden_dimension': 62, 'number_of_hidden_layers': 1, 'dropout_rate': 0.15164499343713211, 'learning_rate': 0.00025989785891854906, 'weight_decay': 7.934946970453966e-05}. Best is trial 1 with value: 0.9673490515492583.
[I 2026-03-03 00:59:52,235] Trial 77 finished with value: 0.9576657967540472 and parameters: {'batch_size': 112, 'window_size': 4, 'attention_heads': 4, 'hidden_dimension': 59, 'number_of_hidden_layers': 2, 'dropout_rate': 0.10754693901140094, 'learning_rate': 0.00028406629185535203, 'weight_decay': 3.7420147594586753e-06}. Best is trial 1 with value: 0.9673490515492583.
[I 2026-03-03 01:50:05,726] Trial 78 finished with value: 0.9458393043353908 and parameters: {'batch_size': 64, 'window_size': 5, 'attention_heads': 2, 'hidden_dimension': 33, 'number_of_hidden_layers': 2, 'dropout_rate': 0.1089026738559259, 'learning_rate': 0.0002926448377374975, 'weight_decay': 1.926325801104e-06}. Best is trial 1 with value: 0.9673490515492583.
[I 2026-03-03 02:53:24,287] Trial 79 finished with value: 0.9622271767839533 and parameters: {'batch_size': 48, 'window_size': 4, 'attention_heads': 3, 'hidden_dimension': 45, 'number_of_hidden_layers': 1, 'dropout_rate': 0.16352707024420118, 'learning_rate': 0.00016074688843383485, 'weight_decay': 7.305659651349395e-06}. Best is trial 1 with value: 0.9673490515492583.
[I 2026-03-03 03:41:10,605] Trial 80 finished with value: 0.9579788773721858 and parameters: {'batch_size': 40, 'window_size': 4, 'attention_heads': 3, 'hidden_dimension': 45, 'number_of_hidden_layers': 1, 'dropout_rate': 0.20314846576054849, 'learning_rate': 0.0001273439649349116, 'weight_decay': 1.3233951800405984e-05}. Best is trial 1 with value: 0.9673490515492583.
[I 2026-03-03 04:34:13,210] Trial 81 finished with value: 0.945780311220201 and parameters: {'batch_size': 40, 'window_size': 4, 'attention_heads': 4, 'hidden_dimension': 32, 'number_of_hidden_layers': 1, 'dropout_rate': 0.13647773378179306, 'learning_rate': 0.0002258701705917474, 'weight_decay': 1.369925058303883e-05}. Best is trial 1 with value: 0.9673490515492583.
[I 2026-03-03 05:26:56,151] Trial 82 finished with value: 0.9587934858320158 and parameters: {'batch_size': 48, 'window_size': 4, 'attention_heads': 3, 'hidden_dimension': 38, 'number_of_hidden_layers': 1, 'dropout_rate': 0.13247155021944884, 'learning_rate': 0.0001224704048691208, 'weight_decay': 8.910929966456337e-06}. Best is trial 1 with value: 0.9673490515492583.
[I 2026-03-03 06:13:16,858] Trial 83 finished with value: 0.9604803128106093 and parameters: {'batch_size': 56, 'window_size': 4, 'attention_heads': 4, 'hidden_dimension': 50, 'number_of_hidden_layers': 1, 'dropout_rate': 0.16745906752361078, 'learning_rate': 0.0002503069974480674, 'weight_decay': 1.1293553644540605e-05}. Best is trial 1 with value: 0.9673490515492583.
[I 2026-03-03 06:59:49,794] Trial 84 finished with value: 0.9456028763035402 and parameters: {'batch_size': 56, 'window_size': 4, 'attention_heads': 4, 'hidden_dimension': 54, 'number_of_hidden_layers': 1, 'dropout_rate': 0.11786680205732804, 'learning_rate': 0.0001600944102057419, 'weight_decay': 1.0105131524918656e-06}. Best is trial 1 with value: 0.9673490515492583.
[I 2026-03-03 07:45:43,053] Trial 85 finished with value: 0.9603762463305159 and parameters: {'batch_size': 72, 'window_size': 5, 'attention_heads': 2, 'hidden_dimension': 51, 'number_of_hidden_layers': 2, 'dropout_rate': 0.12859363097524848, 'learning_rate': 0.00015531068467936618, 'weight_decay': 3.857473379612847e-06}. Best is trial 1 with value: 0.9673490515492583.
[I 2026-03-03 08:32:11,394] Trial 86 finished with value: 0.9584649143322372 and parameters: {'batch_size': 48, 'window_size': 4, 'attention_heads': 2, 'hidden_dimension': 39, 'number_of_hidden_layers': 1, 'dropout_rate': 0.20388132829825073, 'learning_rate': 0.00015380745846483803, 'weight_decay': 2.802154466200732e-06}. Best is trial 1 with value: 0.9673490515492583.
[I 2026-03-03 09:18:40,072] Trial 87 finished with value: 0.9507816140373095 and parameters: {'batch_size': 72, 'window_size': 5, 'attention_heads': 2, 'hidden_dimension': 47, 'number_of_hidden_layers': 2, 'dropout_rate': 0.10529690215625137, 'learning_rate': 0.0001777209645697628, 'weight_decay': 1.7130794694147547e-06}. Best is trial 1 with value: 0.9673490515492583.
[I 2026-03-03 10:07:20,944] Trial 88 finished with value: 0.9546529627389698 and parameters: {'batch_size': 48, 'window_size': 4, 'attention_heads': 2, 'hidden_dimension': 48, 'number_of_hidden_layers': 1, 'dropout_rate': 0.16457156100122391, 'learning_rate': 0.0002236913875278079, 'weight_decay': 7.577396923517217e-06}. Best is trial 1 with value: 0.9673490515492583.
[I 2026-03-03 10:53:07,848] Trial 89 finished with value: 0.9474540212667517 and parameters: {'batch_size': 56, 'window_size': 4, 'attention_heads': 2, 'hidden_dimension': 40, 'number_of_hidden_layers': 1, 'dropout_rate': 0.2875045204324911, 'learning_rate': 0.00040154485563457636, 'weight_decay': 7.183399655373159e-05}. Best is trial 1 with value: 0.9673490515492583.
[I 2026-03-03 11:39:58,454] Trial 90 finished with value: 0.9409039759633934 and parameters: {'batch_size': 32, 'window_size': 4, 'attention_heads': 4, 'hidden_dimension': 39, 'number_of_hidden_layers': 2, 'dropout_rate': 0.22580248818273171, 'learning_rate': 0.0006679973646288835, 'weight_decay': 8.589575765841607e-05}. Best is trial 1 with value: 0.9673490515492583.
[I 2026-03-03 12:19:56,732] Trial 91 finished with value: 0.9536724673770274 and parameters: {'batch_size': 120, 'window_size': 5, 'attention_heads': 4, 'hidden_dimension': 34, 'number_of_hidden_layers': 1, 'dropout_rate': 0.28589919779794426, 'learning_rate': 0.0003350393159480994, 'weight_decay': 6.001793213288231e-05}. Best is trial 1 with value: 0.9673490515492583.
[I 2026-03-03 13:01:30,704] Trial 92 finished with value: 0.947393520846519 and parameters: {'batch_size': 80, 'window_size': 5, 'attention_heads': 3, 'hidden_dimension': 49, 'number_of_hidden_layers': 1, 'dropout_rate': 0.12221704622766949, 'learning_rate': 0.00019723218501337052, 'weight_decay': 4.175603695930328e-06}. Best is trial 1 with value: 0.9673490515492583.
[I 2026-03-03 13:45:27,915] Trial 93 finished with value: 0.9655125671087619 and parameters: {'batch_size': 72, 'window_size': 4, 'attention_heads': 3, 'hidden_dimension': 53, 'number_of_hidden_layers': 2, 'dropout_rate': 0.1750231713200435, 'learning_rate': 0.00034476915619659687, 'weight_decay': 4.278195203112153e-05}. Best is trial 1 with value: 0.9673490515492583.
[I 2026-03-03 14:36:12,818] Trial 94 finished with value: 0.9633957725938664 and parameters: {'batch_size': 72, 'window_size': 5, 'attention_heads': 2, 'hidden_dimension': 38, 'number_of_hidden_layers': 2, 'dropout_rate': 0.10745832364066348, 'learning_rate': 0.00026418157609802475, 'weight_decay': 1.089399087897593e-06}. Best is trial 1 with value: 0.9673490515492583.
[I 2026-03-03 15:25:43,615] Trial 95 finished with value: 0.9505597791179337 and parameters: {'batch_size': 80, 'window_size': 5, 'attention_heads': 1, 'hidden_dimension': 52, 'number_of_hidden_layers': 2, 'dropout_rate': 0.19092642685621042, 'learning_rate': 0.00015587758656341222, 'weight_decay': 2.57658419366134e-05}. Best is trial 1 with value: 0.9673490515492583.
[I 2026-03-03 16:11:37,351] Trial 96 finished with value: 0.9424489678479988 and parameters: {'batch_size': 80, 'window_size': 4, 'attention_heads': 3, 'hidden_dimension': 50, 'number_of_hidden_layers': 2, 'dropout_rate': 0.20440237363658775, 'learning_rate': 0.00026413330435196545, 'weight_decay': 6.485036589073936e-05}. Best is trial 1 with value: 0.9673490515492583.
[I 2026-03-03 16:57:32,906] Trial 97 finished with value: 0.9628874709273111 and parameters: {'batch_size': 72, 'window_size': 4, 'attention_heads': 4, 'hidden_dimension': 45, 'number_of_hidden_layers': 1, 'dropout_rate': 0.10064682263174116, 'learning_rate': 0.00038605662069215183, 'weight_decay': 4.79283216478906e-05}. Best is trial 1 with value: 0.9673490515492583.
[I 2026-03-03 17:44:04,035] Trial 98 finished with value: 0.9523810953327008 and parameters: {'batch_size': 56, 'window_size': 4, 'attention_heads': 4, 'hidden_dimension': 49, 'number_of_hidden_layers': 2, 'dropout_rate': 0.12984043748390456, 'learning_rate': 0.0009406926678742184, 'weight_decay': 3.98087088024724e-05}. Best is trial 1 with value: 0.9673490515492583.
[I 2026-03-03 18:26:17,127] Trial 99 finished with value: 0.960368316890838 and parameters: {'batch_size': 80, 'window_size': 4, 'attention_heads': 4, 'hidden_dimension': 43, 'number_of_hidden_layers': 1, 'dropout_rate': 0.1033189771320817, 'learning_rate': 0.00033534945016443896, 'weight_decay': 7.692871875771515e-05}. Best is trial 1 with value: 0.9673490515492583.
[I 2026-03-03 19:09:54,613] Trial 100 finished with value: 0.9658414247677795 and parameters: {'batch_size': 72, 'window_size': 4, 'attention_heads': 2, 'hidden_dimension': 52, 'number_of_hidden_layers': 2, 'dropout_rate': 0.11543195244269516, 'learning_rate': 0.0002905389219627706, 'weight_decay': 7.669601098652622e-05}. Best is trial 1 with value: 0.9673490515492583.
[I 2026-03-03 19:49:30,689] Trial 101 finished with value: 0.9489165901780879 and parameters: {'batch_size': 80, 'window_size': 5, 'attention_heads': 3, 'hidden_dimension': 50, 'number_of_hidden_layers': 2, 'dropout_rate': 0.13377572787566236, 'learning_rate': 0.0004673362864836173, 'weight_decay': 3.291926122892911e-05}. Best is trial 1 with value: 0.9673490515492583.
[I 2026-03-03 20:32:24,818] Trial 102 finished with value: 0.9437261266952185 and parameters: {'batch_size': 72, 'window_size': 4, 'attention_heads': 1, 'hidden_dimension': 53, 'number_of_hidden_layers': 2, 'dropout_rate': 0.1522051334387215, 'learning_rate': 0.00035758332912665694, 'weight_decay': 8.541416095685706e-05}. Best is trial 1 with value: 0.9673490515492583.
[I 2026-03-03 21:19:48,806] Trial 103 finished with value: 0.9556231238453168 and parameters: {'batch_size': 72, 'window_size': 4, 'attention_heads': 2, 'hidden_dimension': 62, 'number_of_hidden_layers': 2, 'dropout_rate': 0.1039285306068189, 'learning_rate': 0.0003081847159415841, 'weight_decay': 9.57419002232458e-05}. Best is trial 1 with value: 0.9673490515492583.
[I 2026-03-03 22:03:33,705] Trial 104 finished with value: 0.955057089433293 and parameters: {'batch_size': 72, 'window_size': 4, 'attention_heads': 4, 'hidden_dimension': 45, 'number_of_hidden_layers': 1, 'dropout_rate': 0.11580000844474471, 'learning_rate': 0.0004312354336891954, 'weight_decay': 1.464782164861821e-05}. Best is trial 1 with value: 0.9673490515492583.
[I 2026-03-03 22:49:18,929] Trial 105 finished with value: 0.9551009800639735 and parameters: {'batch_size': 72, 'window_size': 4, 'attention_heads': 2, 'hidden_dimension': 53, 'number_of_hidden_layers': 2, 'dropout_rate': 0.1475367658164935, 'learning_rate': 0.0002825622439575636, 'weight_decay': 2.231326357854357e-05}. Best is trial 1 with value: 0.9673490515492583.
[I 2026-03-03 23:32:34,357] Trial 106 finished with value: 0.9667505948306855 and parameters: {'batch_size': 72, 'window_size': 4, 'attention_heads': 3, 'hidden_dimension': 53, 'number_of_hidden_layers': 2, 'dropout_rate': 0.2045713598364183, 'learning_rate': 0.00036371498001156854, 'weight_decay': 7.889857125753369e-06}. Best is trial 1 with value: 0.9673490515492583.
[I 2026-03-04 00:10:19,193] Trial 107 finished with value: 0.9516936021575089 and parameters: {'batch_size': 96, 'window_size': 4, 'attention_heads': 2, 'hidden_dimension': 54, 'number_of_hidden_layers': 1, 'dropout_rate': 0.10688032720806678, 'learning_rate': 0.00048751167813763387, 'weight_decay': 7.372643839573432e-05}. Best is trial 1 with value: 0.9673490515492583.
[I 2026-03-04 00:53:03,953] Trial 108 finished with value: 0.9519466247680483 and parameters: {'batch_size': 72, 'window_size': 4, 'attention_heads': 3, 'hidden_dimension': 54, 'number_of_hidden_layers': 2, 'dropout_rate': 0.22644761936425312, 'learning_rate': 0.00043374437113144135, 'weight_decay': 1.22359333275089e-05}. Best is trial 1 with value: 0.9673490515492583.

[TRIAL] 1 [VALIDATION PERFORMANCE] 0.9673490515492583 [TRAINING LOSS] 0.05227945288061164 [VALIDATION LOSS] 0.16797104512806982 

number                         			 1
value                          			 0.9673490515492583
params_attention_heads         			 1
params_batch_size              			 64
params_dropout_rate            			 0.1
params_hidden_dimension        			 32
params_learning_rate           			 0.0003
params_number_of_hidden_layers 			 2
params_weight_decay            			 1e-06
params_window_size             			 5
user_attrs_duplicate           			 False
user_attrs_epoch               			 31.0
user_attrs_training_loss       			 0.05227945288061164
user_attrs_validation_loss     			 0.16797104512806982

[37] VALIDATION: 0.9471521410594925 TESTING: 0.9412682858085719
[38] VALIDATION: 0.9489752694941658 TESTING: 0.9387038199649625
[39] VALIDATION: 0.9507353833099963 TESTING: 0.9374491987746154
[40] VALIDATION: 0.954330527671702 TESTING: 0.9386595094391857
[41] VALIDATION: 0.9569484908888808 TESTING: 0.9452080444786752
slurmstepd: error: *** JOB 2303091 ON kn055 CANCELLED AT 2026-03-04T05:47:16 DUE TO TIME LIMIT ***
