[I 2026-02-28 01:33:14,276] Trial 145 pruned. Duplicate hyper-parameters, same as those used in trial 144: {'batch_size': 128, 'window_size': 5, 'attention_heads': 1, 'hidden_dimension': 32, 'number_of_hidden_layers': 0, 'dropout_rate': 0.1, 'learning_rate': 0.001, 'weight_decay': 1e-05}.
[I 2026-02-28 02:09:56,997] Trial 146 finished with value: 0.9597276719499501 and parameters: {'batch_size': 128, 'window_size': 5, 'attention_heads': 1, 'hidden_dimension': 128, 'number_of_hidden_layers': 0, 'dropout_rate': 0.1, 'learning_rate': 0.001, 'weight_decay': 0.0001}. Best is trial 78 with value: 0.9673490515492583.
[I 2026-02-28 03:05:07,681] Trial 147 finished with value: 0.9485656912063778 and parameters: {'batch_size': 16, 'window_size': 3, 'attention_heads': 1, 'hidden_dimension': 32, 'number_of_hidden_layers': 0, 'dropout_rate': 0.1, 'learning_rate': 0.0003, 'weight_decay': 1e-06}. Best is trial 78 with value: 0.9673490515492583.
[I 2026-02-28 03:49:06,078] Trial 148 finished with value: 0.950670211869709 and parameters: {'batch_size': 64, 'window_size': 4, 'attention_heads': 1, 'hidden_dimension': 32, 'number_of_hidden_layers': 2, 'dropout_rate': 0.2, 'learning_rate': 0.0003, 'weight_decay': 1e-06}. Best is trial 78 with value: 0.9673490515492583.
[I 2026-02-28 04:29:34,769] Trial 149 finished with value: 0.9594685682502774 and parameters: {'batch_size': 64, 'window_size': 5, 'attention_heads': 1, 'hidden_dimension': 32, 'number_of_hidden_layers': 0, 'dropout_rate': 0.1, 'learning_rate': 0.001, 'weight_decay': 0.001}. Best is trial 78 with value: 0.9673490515492583.
[I 2026-02-28 05:17:21,683] Trial 150 finished with value: 0.959838469665118 and parameters: {'batch_size': 128, 'window_size': 2, 'attention_heads': 1, 'hidden_dimension': 32, 'number_of_hidden_layers': 0, 'dropout_rate': 0.1, 'learning_rate': 0.0001, 'weight_decay': 0.0001}. Best is trial 78 with value: 0.9673490515492583.
[I 2026-02-28 05:17:22,287] Trial 151 pruned. Duplicate hyper-parameters, same as those used in trial 150: {'batch_size': 128, 'window_size': 2, 'attention_heads': 1, 'hidden_dimension': 32, 'number_of_hidden_layers': 0, 'dropout_rate': 0.1, 'learning_rate': 0.0001, 'weight_decay': 0.0001}.
[I 2026-02-28 05:17:22,874] Trial 152 pruned. Duplicate hyper-parameters, same as those used in trial 140: {'batch_size': 128, 'window_size': 5, 'attention_heads': 1, 'hidden_dimension': 32, 'number_of_hidden_layers': 0, 'dropout_rate': 0.1, 'learning_rate': 0.001, 'weight_decay': 0.0001}.
[I 2026-02-28 05:57:10,804] Trial 153 finished with value: 0.95765050242703 and parameters: {'batch_size': 128, 'window_size': 4, 'attention_heads': 8, 'hidden_dimension': 32, 'number_of_hidden_layers': 0, 'dropout_rate': 0.1, 'learning_rate': 0.0003, 'weight_decay': 0.0001}. Best is trial 78 with value: 0.9673490515492583.
[I 2026-02-28 06:39:10,939] Trial 154 finished with value: 0.9597032599816265 and parameters: {'batch_size': 64, 'window_size': 3, 'attention_heads': 1, 'hidden_dimension': 32, 'number_of_hidden_layers': 2, 'dropout_rate': 0.1, 'learning_rate': 0.0003, 'weight_decay': 1e-05}. Best is trial 78 with value: 0.9673490515492583.
[I 2026-02-28 07:17:50,332] Trial 155 finished with value: 0.9597276719499501 and parameters: {'batch_size': 128, 'window_size': 5, 'attention_heads': 2, 'hidden_dimension': 32, 'number_of_hidden_layers': 0, 'dropout_rate': 0.3, 'learning_rate': 0.0003, 'weight_decay': 0.0001}. Best is trial 78 with value: 0.9673490515492583.
[I 2026-02-28 07:52:38,590] Trial 156 finished with value: 0.9523395873796972 and parameters: {'batch_size': 128, 'window_size': 2, 'attention_heads': 1, 'hidden_dimension': 64, 'number_of_hidden_layers': 0, 'dropout_rate': 0.1, 'learning_rate': 0.001, 'weight_decay': 0.0001}. Best is trial 78 with value: 0.9673490515492583.
[I 2026-02-28 07:52:39,216] Trial 157 pruned. Duplicate hyper-parameters, same as those used in trial 85: {'batch_size': 32, 'window_size': 2, 'attention_heads': 2, 'hidden_dimension': 32, 'number_of_hidden_layers': 2, 'dropout_rate': 0.1, 'learning_rate': 0.0003, 'weight_decay': 1e-05}.
[I 2026-02-28 08:33:08,370] Trial 158 finished with value: 0.9442952267905853 and parameters: {'batch_size': 64, 'window_size': 3, 'attention_heads': 2, 'hidden_dimension': 32, 'number_of_hidden_layers': 0, 'dropout_rate': 0.4, 'learning_rate': 0.0003, 'weight_decay': 1e-06}. Best is trial 78 with value: 0.9673490515492583.
[I 2026-02-28 09:13:01,263] Trial 159 finished with value: 0.9428416132130559 and parameters: {'batch_size': 64, 'window_size': 3, 'attention_heads': 2, 'hidden_dimension': 128, 'number_of_hidden_layers': 2, 'dropout_rate': 0.3, 'learning_rate': 0.001, 'weight_decay': 1e-06}. Best is trial 78 with value: 0.9673490515492583.
[I 2026-02-28 09:51:58,724] Trial 160 finished with value: 0.9619156391880381 and parameters: {'batch_size': 128, 'window_size': 2, 'attention_heads': 1, 'hidden_dimension': 32, 'number_of_hidden_layers': 0, 'dropout_rate': 0.1, 'learning_rate': 0.0003, 'weight_decay': 1e-06}. Best is trial 78 with value: 0.9673490515492583.
[I 2026-02-28 09:51:59,291] Trial 161 pruned. Duplicate hyper-parameters, same as those used in trial 160: {'batch_size': 128, 'window_size': 2, 'attention_heads': 1, 'hidden_dimension': 32, 'number_of_hidden_layers': 0, 'dropout_rate': 0.1, 'learning_rate': 0.0003, 'weight_decay': 1e-06}.
[I 2026-02-28 10:57:34,230] Trial 162 finished with value: 0.953521609223265 and parameters: {'batch_size': 16, 'window_size': 3, 'attention_heads': 2, 'hidden_dimension': 32, 'number_of_hidden_layers': 2, 'dropout_rate': 0.1, 'learning_rate': 0.0003, 'weight_decay': 1e-05}. Best is trial 78 with value: 0.9673490515492583.
[I 2026-02-28 11:46:26,206] Trial 163 finished with value: 0.959838469665118 and parameters: {'batch_size': 128, 'window_size': 3, 'attention_heads': 1, 'hidden_dimension': 32, 'number_of_hidden_layers': 0, 'dropout_rate': 0.1, 'learning_rate': 0.0001, 'weight_decay': 1e-05}. Best is trial 78 with value: 0.9673490515492583.
[I 2026-02-28 11:46:26,827] Trial 164 pruned. Duplicate hyper-parameters, same as those used in trial 163: {'batch_size': 128, 'window_size': 3, 'attention_heads': 1, 'hidden_dimension': 32, 'number_of_hidden_layers': 0, 'dropout_rate': 0.1, 'learning_rate': 0.0001, 'weight_decay': 1e-05}.
[I 2026-02-28 12:36:42,324] Trial 165 finished with value: 0.9615783952528293 and parameters: {'batch_size': 128, 'window_size': 5, 'attention_heads': 1, 'hidden_dimension': 32, 'number_of_hidden_layers': 1, 'dropout_rate': 0.1, 'learning_rate': 0.0001, 'weight_decay': 1e-05}. Best is trial 78 with value: 0.9673490515492583.
[I 2026-02-28 13:25:52,173] Trial 166 finished with value: 0.9582087852342411 and parameters: {'batch_size': 128, 'window_size': 4, 'attention_heads': 1, 'hidden_dimension': 32, 'number_of_hidden_layers': 1, 'dropout_rate': 0.1, 'learning_rate': 0.0001, 'weight_decay': 1e-05}. Best is trial 78 with value: 0.9673490515492583.
[I 2026-02-28 14:20:01,915] Trial 167 finished with value: 0.9433975268333997 and parameters: {'batch_size': 64, 'window_size': 5, 'attention_heads': 1, 'hidden_dimension': 32, 'number_of_hidden_layers': 1, 'dropout_rate': 0.1, 'learning_rate': 0.0001, 'weight_decay': 1e-05}. Best is trial 78 with value: 0.9673490515492583.
[I 2026-02-28 14:20:02,531] Trial 168 pruned. Duplicate hyper-parameters, same as those used in trial 165: {'batch_size': 128, 'window_size': 5, 'attention_heads': 1, 'hidden_dimension': 32, 'number_of_hidden_layers': 1, 'dropout_rate': 0.1, 'learning_rate': 0.0001, 'weight_decay': 1e-05}.
[I 2026-02-28 15:24:04,199] Trial 169 finished with value: 0.9520967907524319 and parameters: {'batch_size': 16, 'window_size': 3, 'attention_heads': 1, 'hidden_dimension': 32, 'number_of_hidden_layers': 0, 'dropout_rate': 0.1, 'learning_rate': 0.0001, 'weight_decay': 0.0001}. Best is trial 78 with value: 0.9673490515492583.
[I 2026-02-28 16:05:28,663] Trial 170 finished with value: 0.943069428133994 and parameters: {'batch_size': 64, 'window_size': 3, 'attention_heads': 1, 'hidden_dimension': 32, 'number_of_hidden_layers': 1, 'dropout_rate': 0.4, 'learning_rate': 0.0003, 'weight_decay': 0.0001}. Best is trial 78 with value: 0.9673490515492583.
[I 2026-02-28 16:55:37,879] Trial 171 finished with value: 0.9516441208492427 and parameters: {'batch_size': 64, 'window_size': 4, 'attention_heads': 2, 'hidden_dimension': 32, 'number_of_hidden_layers': 2, 'dropout_rate': 0.1, 'learning_rate': 0.0001, 'weight_decay': 1e-05}. Best is trial 78 with value: 0.9673490515492583.
[I 2026-02-28 17:41:44,469] Trial 172 finished with value: 0.9442128837928245 and parameters: {'batch_size': 128, 'window_size': 5, 'attention_heads': 8, 'hidden_dimension': 32, 'number_of_hidden_layers': 1, 'dropout_rate': 0.4, 'learning_rate': 0.0001, 'weight_decay': 1e-05}. Best is trial 78 with value: 0.9673490515492583.
[I 2026-02-28 18:19:00,042] Trial 173 finished with value: 0.9582087852342411 and parameters: {'batch_size': 128, 'window_size': 2, 'attention_heads': 1, 'hidden_dimension': 32, 'number_of_hidden_layers': 1, 'dropout_rate': 0.1, 'learning_rate': 0.001, 'weight_decay': 1e-05}. Best is trial 78 with value: 0.9673490515492583.

[UPDATE] Unbound limits: {'batch_size': (np.int64(32), np.int64(128)), 'window_size': (np.int64(4), np.int64(5)), 'attention_heads': (np.int64(1), np.int64(4)), 'hidden_dimension': (np.int64(32), np.int64(64)), 'number_of_hidden_layers': (np.int64(1), np.int64(2)), 'dropout_rate': (np.float64(0.1), np.float64(0.3)), 'learning_rate': (np.float64(0.0001), np.float64(0.001)), 'weight_decay': (np.float64(1e-06), np.float64(0.0001))}
[I 2026-02-28 18:19:00,706] A new study created in RDB with name: R8-Sliding_windows-unbound
[I 2026-02-28 18:19:00,864] Trial 0 finished with value: 0.9650002446614103 and parameters: {'batch_size': 64, 'window_size': 5, 'attention_heads': 2, 'hidden_dimension': 32, 'number_of_hidden_layers': 2, 'dropout_rate': 0.1, 'learning_rate': 0.0003, 'weight_decay': 1e-06}.
[I 2026-02-28 18:19:00,865] Trial 1 finished with value: 0.9673490515492583 and parameters: {'batch_size': 64, 'window_size': 5, 'attention_heads': 1, 'hidden_dimension': 32, 'number_of_hidden_layers': 2, 'dropout_rate': 0.1, 'learning_rate': 0.0003, 'weight_decay': 1e-06}.
[I 2026-02-28 18:19:00,865] Trial 2 finished with value: 0.9654996909822431 and parameters: {'batch_size': 64, 'window_size': 5, 'attention_heads': 2, 'hidden_dimension': 32, 'number_of_hidden_layers': 2, 'dropout_rate': 0.2, 'learning_rate': 0.0003, 'weight_decay': 1e-05}.
[I 2026-02-28 19:08:37,011] Trial 3 finished with value: 0.9480507771222892 and parameters: {'batch_size': 64, 'window_size': 5, 'attention_heads': 3, 'hidden_dimension': 51, 'number_of_hidden_layers': 1, 'dropout_rate': 0.13119890406724052, 'learning_rate': 0.00011430983876313228, 'weight_decay': 5.39948440978744e-05}. Best is trial 1 with value: 0.9673490515492583.
[I 2026-02-28 19:51:20,510] Trial 4 finished with value: 0.9455469801594998 and parameters: {'batch_size': 88, 'window_size': 5, 'attention_heads': 1, 'hidden_dimension': 64, 'number_of_hidden_layers': 2, 'dropout_rate': 0.14246782213565523, 'learning_rate': 0.0001519934830130982, 'weight_decay': 2.3270677083837795e-06}. Best is trial 1 with value: 0.9673490515492583.
[I 2026-02-28 20:42:44,867] Trial 5 finished with value: 0.9587060500233899 and parameters: {'batch_size': 56, 'window_size': 5, 'attention_heads': 2, 'hidden_dimension': 41, 'number_of_hidden_layers': 2, 'dropout_rate': 0.12789877213040837, 'learning_rate': 0.00019594972058679176, 'weight_decay': 5.404103854647334e-06}. Best is trial 1 with value: 0.9673490515492583.
[I 2026-02-28 21:26:51,328] Trial 6 finished with value: 0.9594832077379172 and parameters: {'batch_size': 72, 'window_size': 5, 'attention_heads': 1, 'hidden_dimension': 48, 'number_of_hidden_layers': 2, 'dropout_rate': 0.10929008254399955, 'learning_rate': 0.0004050837781329676, 'weight_decay': 2.1930485556643695e-06}. Best is trial 1 with value: 0.9673490515492583.
[I 2026-02-28 22:16:03,395] Trial 7 finished with value: 0.9470897972940815 and parameters: {'batch_size': 32, 'window_size': 5, 'attention_heads': 4, 'hidden_dimension': 58, 'number_of_hidden_layers': 1, 'dropout_rate': 0.11953442280127678, 'learning_rate': 0.0004833180632488466, 'weight_decay': 7.5911048052827045e-06}. Best is trial 1 with value: 0.9673490515492583.
[I 2026-02-28 23:01:47,908] Trial 8 finished with value: 0.9464742644733002 and parameters: {'batch_size': 40, 'window_size': 4, 'attention_heads': 1, 'hidden_dimension': 62, 'number_of_hidden_layers': 1, 'dropout_rate': 0.23250445687079638, 'learning_rate': 0.0002049798052095018, 'weight_decay': 1.0968217207529536e-05}. Best is trial 1 with value: 0.9673490515492583.
[I 2026-02-28 23:40:49,433] Trial 9 finished with value: 0.9445259112044648 and parameters: {'batch_size': 88, 'window_size': 4, 'attention_heads': 4, 'hidden_dimension': 57, 'number_of_hidden_layers': 2, 'dropout_rate': 0.27896547008552974, 'learning_rate': 0.00039618677904065835, 'weight_decay': 6.97828126512603e-05}. Best is trial 1 with value: 0.9673490515492583.
[I 2026-03-01 00:23:30,202] Trial 10 finished with value: 0.9480868206449091 and parameters: {'batch_size': 40, 'window_size': 4, 'attention_heads': 1, 'hidden_dimension': 42, 'number_of_hidden_layers': 1, 'dropout_rate': 0.1542698063547792, 'learning_rate': 0.0006741204610702762, 'weight_decay': 5.170191786366997e-06}. Best is trial 1 with value: 0.9673490515492583.
[I 2026-03-01 01:04:09,875] Trial 11 finished with value: 0.9440158048920794 and parameters: {'batch_size': 56, 'window_size': 5, 'attention_heads': 1, 'hidden_dimension': 58, 'number_of_hidden_layers': 1, 'dropout_rate': 0.29737738732010344, 'learning_rate': 0.0005918951335463647, 'weight_decay': 2.4970737145052737e-06}. Best is trial 1 with value: 0.9673490515492583.
[I 2026-03-01 01:56:52,437] Trial 12 finished with value: 0.9623107923481266 and parameters: {'batch_size': 32, 'window_size': 5, 'attention_heads': 3, 'hidden_dimension': 56, 'number_of_hidden_layers': 2, 'dropout_rate': 0.11480893034681808, 'learning_rate': 0.0002282788775990514, 'weight_decay': 1.7050539260269282e-06}. Best is trial 1 with value: 0.9673490515492583.
[I 2026-03-01 02:38:14,076] Trial 13 finished with value: 0.9447478153139404 and parameters: {'batch_size': 120, 'window_size': 5, 'attention_heads': 2, 'hidden_dimension': 34, 'number_of_hidden_layers': 1, 'dropout_rate': 0.16503666440534942, 'learning_rate': 0.0005365450324352025, 'weight_decay': 1.88414769215451e-05}. Best is trial 1 with value: 0.9673490515492583.
[I 2026-03-01 03:18:58,036] Trial 14 finished with value: 0.9369116861686091 and parameters: {'batch_size': 120, 'window_size': 4, 'attention_heads': 1, 'hidden_dimension': 55, 'number_of_hidden_layers': 2, 'dropout_rate': 0.21225543951389925, 'learning_rate': 0.0005901564798023387, 'weight_decay': 9.71831994481741e-06}. Best is trial 1 with value: 0.9673490515492583.
[I 2026-03-01 04:05:54,466] Trial 15 finished with value: 0.9494706903694392 and parameters: {'batch_size': 80, 'window_size': 4, 'attention_heads': 1, 'hidden_dimension': 35, 'number_of_hidden_layers': 1, 'dropout_rate': 0.22728208225275606, 'learning_rate': 0.00020623196560647133, 'weight_decay': 1.0402587615883838e-05}. Best is trial 1 with value: 0.9673490515492583.
[I 2026-03-01 04:52:04,427] Trial 16 finished with value: 0.9453807594112793 and parameters: {'batch_size': 120, 'window_size': 4, 'attention_heads': 2, 'hidden_dimension': 56, 'number_of_hidden_layers': 1, 'dropout_rate': 0.1153959819657586, 'learning_rate': 0.00019487290213568488, 'weight_decay': 2.101079931010356e-06}. Best is trial 1 with value: 0.9673490515492583.
slurmstepd: error: *** JOB 2282389 ON kn055 CANCELLED AT 2026-03-01T05:25:53 DUE TO TIME LIMIT ***
