[I 2026-04-10 06:07:53,474] Trial 67 finished with value: 0.8727272727272727 and parameters: {'batch_size': 32, 'window_size': 5, 'attention_heads': 6, 'hidden_dimension': 32, 'number_of_hidden_layers': 1, 'dropout_rate': 0.2, 'learning_rate': 1e-05, 'weight_decay': 0.001}. Best is trial 8 with value: 0.8787878787878788.
[I 2026-04-10 06:19:19,739] Trial 68 finished with value: 0.8727272727272727 and parameters: {'batch_size': 16, 'window_size': 5, 'attention_heads': 6, 'hidden_dimension': 32, 'number_of_hidden_layers': 1, 'dropout_rate': 0.2, 'learning_rate': 0.0003, 'weight_decay': 0.001}. Best is trial 8 with value: 0.8787878787878788.
[I 2026-04-10 06:30:21,904] Trial 69 finished with value: 0.8606060606060606 and parameters: {'batch_size': 32, 'window_size': 5, 'attention_heads': 6, 'hidden_dimension': 64, 'number_of_hidden_layers': 1, 'dropout_rate': 0.3, 'learning_rate': 0.0003, 'weight_decay': 0.001}. Best is trial 8 with value: 0.8787878787878788.
[I 2026-04-10 06:38:38,294] Trial 70 finished with value: 0.8606060606060606 and parameters: {'batch_size': 64, 'window_size': 2, 'attention_heads': 8, 'hidden_dimension': 32, 'number_of_hidden_layers': 1, 'dropout_rate': 0.2, 'learning_rate': 0.0003, 'weight_decay': 1e-05}. Best is trial 8 with value: 0.8787878787878788.
[I 2026-04-10 06:49:14,189] Trial 71 finished with value: 0.8727272727272727 and parameters: {'batch_size': 16, 'window_size': 3, 'attention_heads': 6, 'hidden_dimension': 32, 'number_of_hidden_layers': 0, 'dropout_rate': 0.3, 'learning_rate': 0.0003, 'weight_decay': 1e-05}. Best is trial 8 with value: 0.8787878787878788.
[I 2026-04-10 07:17:46,594] Trial 72 finished with value: 0.8848484848484849 and parameters: {'batch_size': 16, 'window_size': 2, 'attention_heads': 1, 'hidden_dimension': 32, 'number_of_hidden_layers': 1, 'dropout_rate': 0.1, 'learning_rate': 1e-05, 'weight_decay': 1e-05}. Best is trial 72 with value: 0.8848484848484849.
[I 2026-04-10 07:29:29,904] Trial 73 finished with value: 0.8727272727272727 and parameters: {'batch_size': 32, 'window_size': 5, 'attention_heads': 6, 'hidden_dimension': 128, 'number_of_hidden_layers': 0, 'dropout_rate': 0.2, 'learning_rate': 0.0003, 'weight_decay': 0.001}. Best is trial 72 with value: 0.8848484848484849.
[I 2026-04-10 07:45:21,061] Trial 74 finished with value: 0.8727272727272727 and parameters: {'batch_size': 64, 'window_size': 2, 'attention_heads': 1, 'hidden_dimension': 128, 'number_of_hidden_layers': 1, 'dropout_rate': 0.1, 'learning_rate': 1e-05, 'weight_decay': 1e-05}. Best is trial 72 with value: 0.8848484848484849.
[I 2026-04-10 07:55:26,669] Trial 75 finished with value: 0.8787878787878788 and parameters: {'batch_size': 32, 'window_size': 5, 'attention_heads': 6, 'hidden_dimension': 32, 'number_of_hidden_layers': 1, 'dropout_rate': 0.4, 'learning_rate': 0.0003, 'weight_decay': 0.001}. Best is trial 72 with value: 0.8848484848484849.
[I 2026-04-10 07:55:27,421] Trial 76 pruned. Duplicate hyper-parameters, same as those used in trial 75: {'batch_size': 32, 'window_size': 5, 'attention_heads': 6, 'hidden_dimension': 32, 'number_of_hidden_layers': 1, 'dropout_rate': 0.4, 'learning_rate': 0.0003, 'weight_decay': 0.001}.
[I 2026-04-10 08:05:32,528] Trial 77 finished with value: 0.8848484848484849 and parameters: {'batch_size': 16, 'window_size': 2, 'attention_heads': 1, 'hidden_dimension': 32, 'number_of_hidden_layers': 1, 'dropout_rate': 0.1, 'learning_rate': 0.001, 'weight_decay': 1e-05}. Best is trial 72 with value: 0.8848484848484849.
[I 2026-04-10 08:05:33,189] Trial 78 pruned. Duplicate hyper-parameters, same as those used in trial 77: {'batch_size': 16, 'window_size': 2, 'attention_heads': 1, 'hidden_dimension': 32, 'number_of_hidden_layers': 1, 'dropout_rate': 0.1, 'learning_rate': 0.001, 'weight_decay': 1e-05}.
[I 2026-04-10 08:15:22,936] Trial 79 finished with value: 0.8727272727272727 and parameters: {'batch_size': 16, 'window_size': 2, 'attention_heads': 2, 'hidden_dimension': 32, 'number_of_hidden_layers': 1, 'dropout_rate': 0.1, 'learning_rate': 0.0003, 'weight_decay': 1e-06}. Best is trial 72 with value: 0.8848484848484849.
[I 2026-04-10 08:41:00,204] Trial 80 finished with value: 0.8666666666666667 and parameters: {'batch_size': 16, 'window_size': 2, 'attention_heads': 2, 'hidden_dimension': 32, 'number_of_hidden_layers': 1, 'dropout_rate': 0.1, 'learning_rate': 1e-05, 'weight_decay': 1e-05}. Best is trial 72 with value: 0.8848484848484849.
CUDA out of memory. Tried to allocate 6.49 GiB. GPU 0 has a total capacity of 44.40 GiB of which 4.48 GiB is free. Including non-PyTorch memory, this process has 39.90 GiB memory in use. Of the allocated memory 39.31 GiB is allocated by PyTorch, and 48.18 MiB is reserved by PyTorch but unallocated. If reserved but unallocated memory is large try setting PYTORCH_CUDA_ALLOC_CONF=expandable_segments:True to avoid fragmentation.  See documentation for Memory Management  (https://pytorch.org/docs/stable/notes/cuda.html#environment-variables)
[I 2026-04-10 08:48:25,708] Trial 81 finished with value: -1.0 and parameters: {'batch_size': 128, 'window_size': 5, 'attention_heads': 6, 'hidden_dimension': 128, 'number_of_hidden_layers': 1, 'dropout_rate': 0.2, 'learning_rate': 0.0003, 'weight_decay': 1e-05}. Best is trial 72 with value: 0.8848484848484849.
[I 2026-04-10 09:09:41,947] Trial 82 finished with value: 0.8727272727272727 and parameters: {'batch_size': 16, 'window_size': 4, 'attention_heads': 1, 'hidden_dimension': 32, 'number_of_hidden_layers': 1, 'dropout_rate': 0.1, 'learning_rate': 1e-05, 'weight_decay': 1e-05}. Best is trial 72 with value: 0.8848484848484849.
[I 2026-04-10 09:38:15,659] Trial 83 finished with value: 0.8848484848484849 and parameters: {'batch_size': 16, 'window_size': 2, 'attention_heads': 1, 'hidden_dimension': 32, 'number_of_hidden_layers': 1, 'dropout_rate': 0.1, 'learning_rate': 1e-05, 'weight_decay': 1e-06}. Best is trial 72 with value: 0.8848484848484849.
[I 2026-04-10 09:57:57,021] Trial 84 finished with value: 0.8848484848484849 and parameters: {'batch_size': 32, 'window_size': 3, 'attention_heads': 1, 'hidden_dimension': 32, 'number_of_hidden_layers': 1, 'dropout_rate': 0.1, 'learning_rate': 1e-05, 'weight_decay': 1e-06}. Best is trial 72 with value: 0.8848484848484849.
[I 2026-04-10 10:27:37,627] Trial 85 finished with value: 0.8787878787878788 and parameters: {'batch_size': 16, 'window_size': 2, 'attention_heads': 1, 'hidden_dimension': 32, 'number_of_hidden_layers': 2, 'dropout_rate': 0.1, 'learning_rate': 1e-05, 'weight_decay': 1e-06}. Best is trial 72 with value: 0.8848484848484849.
[I 2026-04-10 10:47:25,153] Trial 86 finished with value: 0.8848484848484849 and parameters: {'batch_size': 32, 'window_size': 3, 'attention_heads': 1, 'hidden_dimension': 32, 'number_of_hidden_layers': 1, 'dropout_rate': 0.1, 'learning_rate': 1e-05, 'weight_decay': 0.001}. Best is trial 72 with value: 0.8848484848484849.
[I 2026-04-10 10:47:25,716] Trial 87 pruned. Duplicate hyper-parameters, same as those used in trial 84: {'batch_size': 32, 'window_size': 3, 'attention_heads': 1, 'hidden_dimension': 32, 'number_of_hidden_layers': 1, 'dropout_rate': 0.1, 'learning_rate': 1e-05, 'weight_decay': 1e-06}.
[I 2026-04-10 10:56:42,265] Trial 88 finished with value: 0.8545454545454545 and parameters: {'batch_size': 32, 'window_size': 3, 'attention_heads': 1, 'hidden_dimension': 64, 'number_of_hidden_layers': 1, 'dropout_rate': 0.1, 'learning_rate': 0.0001, 'weight_decay': 0.001}. Best is trial 72 with value: 0.8848484848484849.
[I 2026-04-10 11:10:15,508] Trial 89 finished with value: 0.8787878787878788 and parameters: {'batch_size': 128, 'window_size': 2, 'attention_heads': 1, 'hidden_dimension': 32, 'number_of_hidden_layers': 1, 'dropout_rate': 0.3, 'learning_rate': 1e-05, 'weight_decay': 1e-06}. Best is trial 72 with value: 0.8848484848484849.
[I 2026-04-10 11:33:55,191] Trial 90 finished with value: 0.8848484848484849 and parameters: {'batch_size': 16, 'window_size': 2, 'attention_heads': 1, 'hidden_dimension': 32, 'number_of_hidden_layers': 1, 'dropout_rate': 0.4, 'learning_rate': 1e-05, 'weight_decay': 1e-05}. Best is trial 72 with value: 0.8848484848484849.
[I 2026-04-10 11:33:55,754] Trial 91 pruned. Duplicate hyper-parameters, same as those used in trial 90: {'batch_size': 16, 'window_size': 2, 'attention_heads': 1, 'hidden_dimension': 32, 'number_of_hidden_layers': 1, 'dropout_rate': 0.4, 'learning_rate': 1e-05, 'weight_decay': 1e-05}.
[I 2026-04-10 11:49:08,216] Trial 92 finished with value: 0.8848484848484849 and parameters: {'batch_size': 64, 'window_size': 3, 'attention_heads': 1, 'hidden_dimension': 32, 'number_of_hidden_layers': 1, 'dropout_rate': 0.1, 'learning_rate': 1e-05, 'weight_decay': 0.001}. Best is trial 72 with value: 0.8848484848484849.
[I 2026-04-10 12:13:07,699] Trial 93 finished with value: 0.8787878787878788 and parameters: {'batch_size': 16, 'window_size': 3, 'attention_heads': 1, 'hidden_dimension': 32, 'number_of_hidden_layers': 1, 'dropout_rate': 0.1, 'learning_rate': 1e-05, 'weight_decay': 0.001}. Best is trial 72 with value: 0.8848484848484849.
[I 2026-04-10 12:27:09,834] Trial 94 finished with value: 0.8727272727272727 and parameters: {'batch_size': 16, 'window_size': 2, 'attention_heads': 1, 'hidden_dimension': 128, 'number_of_hidden_layers': 1, 'dropout_rate': 0.1, 'learning_rate': 1e-05, 'weight_decay': 1e-06}. Best is trial 72 with value: 0.8848484848484849.
[I 2026-04-10 12:47:22,900] Trial 95 finished with value: 0.8787878787878788 and parameters: {'batch_size': 32, 'window_size': 3, 'attention_heads': 2, 'hidden_dimension': 32, 'number_of_hidden_layers': 1, 'dropout_rate': 0.1, 'learning_rate': 1e-05, 'weight_decay': 0.001}. Best is trial 72 with value: 0.8848484848484849.
[I 2026-04-10 13:05:08,871] Trial 96 finished with value: 0.8545454545454545 and parameters: {'batch_size': 64, 'window_size': 2, 'attention_heads': 8, 'hidden_dimension': 32, 'number_of_hidden_layers': 1, 'dropout_rate': 0.1, 'learning_rate': 1e-05, 'weight_decay': 1e-06}. Best is trial 72 with value: 0.8848484848484849.
[I 2026-04-10 13:21:03,276] Trial 97 finished with value: 0.8909090909090909 and parameters: {'batch_size': 64, 'window_size': 3, 'attention_heads': 1, 'hidden_dimension': 32, 'number_of_hidden_layers': 2, 'dropout_rate': 0.1, 'learning_rate': 1e-05, 'weight_decay': 0.001}. Best is trial 97 with value: 0.8909090909090909.
[I 2026-04-10 13:36:56,018] Trial 98 finished with value: 0.8848484848484849 and parameters: {'batch_size': 64, 'window_size': 3, 'attention_heads': 1, 'hidden_dimension': 32, 'number_of_hidden_layers': 2, 'dropout_rate': 0.4, 'learning_rate': 1e-05, 'weight_decay': 0.001}. Best is trial 97 with value: 0.8909090909090909.
[I 2026-04-10 13:45:09,036] Trial 99 finished with value: 0.8727272727272727 and parameters: {'batch_size': 64, 'window_size': 3, 'attention_heads': 1, 'hidden_dimension': 32, 'number_of_hidden_layers': 2, 'dropout_rate': 0.1, 'learning_rate': 0.001, 'weight_decay': 0.001}. Best is trial 97 with value: 0.8909090909090909.
[I 2026-04-10 14:04:39,460] Trial 100 finished with value: 0.8545454545454545 and parameters: {'batch_size': 64, 'window_size': 3, 'attention_heads': 8, 'hidden_dimension': 32, 'number_of_hidden_layers': 2, 'dropout_rate': 0.1, 'learning_rate': 1e-05, 'weight_decay': 0.001}. Best is trial 97 with value: 0.8909090909090909.
[I 2026-04-10 14:19:50,944] Trial 101 finished with value: 0.8606060606060606 and parameters: {'batch_size': 64, 'window_size': 3, 'attention_heads': 1, 'hidden_dimension': 32, 'number_of_hidden_layers': 0, 'dropout_rate': 0.4, 'learning_rate': 1e-05, 'weight_decay': 0.001}. Best is trial 97 with value: 0.8909090909090909.
[I 2026-04-10 14:33:29,269] Trial 102 finished with value: 0.8606060606060606 and parameters: {'batch_size': 64, 'window_size': 3, 'attention_heads': 6, 'hidden_dimension': 32, 'number_of_hidden_layers': 2, 'dropout_rate': 0.4, 'learning_rate': 1e-05, 'weight_decay': 0.001}. Best is trial 97 with value: 0.8909090909090909.
[I 2026-04-10 14:49:28,568] Trial 103 finished with value: 0.8848484848484849 and parameters: {'batch_size': 64, 'window_size': 3, 'attention_heads': 1, 'hidden_dimension': 32, 'number_of_hidden_layers': 2, 'dropout_rate': 0.2, 'learning_rate': 1e-05, 'weight_decay': 0.001}. Best is trial 97 with value: 0.8909090909090909.
[I 2026-04-10 15:05:31,134] Trial 104 finished with value: 0.8909090909090909 and parameters: {'batch_size': 64, 'window_size': 3, 'attention_heads': 1, 'hidden_dimension': 32, 'number_of_hidden_layers': 2, 'dropout_rate': 0.1, 'learning_rate': 1e-05, 'weight_decay': 1e-05}. Best is trial 97 with value: 0.8909090909090909.
[I 2026-04-10 15:19:17,364] Trial 105 finished with value: 0.8666666666666667 and parameters: {'batch_size': 64, 'window_size': 3, 'attention_heads': 1, 'hidden_dimension': 128, 'number_of_hidden_layers': 2, 'dropout_rate': 0.2, 'learning_rate': 1e-05, 'weight_decay': 0.001}. Best is trial 97 with value: 0.8909090909090909.
[I 2026-04-10 15:19:17,986] Trial 106 pruned. Duplicate hyper-parameters, same as those used in trial 104: {'batch_size': 64, 'window_size': 3, 'attention_heads': 1, 'hidden_dimension': 32, 'number_of_hidden_layers': 2, 'dropout_rate': 0.1, 'learning_rate': 1e-05, 'weight_decay': 1e-05}.
[I 2026-04-10 15:36:15,554] Trial 107 finished with value: 0.8848484848484849 and parameters: {'batch_size': 64, 'window_size': 5, 'attention_heads': 1, 'hidden_dimension': 32, 'number_of_hidden_layers': 2, 'dropout_rate': 0.2, 'learning_rate': 1e-05, 'weight_decay': 0.0001}. Best is trial 97 with value: 0.8909090909090909.
[I 2026-04-10 15:51:44,927] Trial 108 finished with value: 0.8848484848484849 and parameters: {'batch_size': 64, 'window_size': 3, 'attention_heads': 1, 'hidden_dimension': 32, 'number_of_hidden_layers': 1, 'dropout_rate': 0.3, 'learning_rate': 1e-05, 'weight_decay': 0.001}. Best is trial 97 with value: 0.8909090909090909.
[I 2026-04-10 16:06:15,975] Trial 109 finished with value: 0.8848484848484849 and parameters: {'batch_size': 128, 'window_size': 3, 'attention_heads': 1, 'hidden_dimension': 32, 'number_of_hidden_layers': 2, 'dropout_rate': 0.2, 'learning_rate': 1e-05, 'weight_decay': 0.001}. Best is trial 97 with value: 0.8909090909090909.
[I 2026-04-10 16:34:33,652] Trial 110 finished with value: 0.8727272727272727 and parameters: {'batch_size': 16, 'window_size': 2, 'attention_heads': 1, 'hidden_dimension': 32, 'number_of_hidden_layers': 0, 'dropout_rate': 0.1, 'learning_rate': 1e-05, 'weight_decay': 1e-05}. Best is trial 97 with value: 0.8909090909090909.
[I 2026-04-10 16:34:34,239] Trial 111 pruned. Duplicate hyper-parameters, same as those used in trial 107: {'batch_size': 64, 'window_size': 5, 'attention_heads': 1, 'hidden_dimension': 32, 'number_of_hidden_layers': 2, 'dropout_rate': 0.2, 'learning_rate': 1e-05, 'weight_decay': 0.0001}.
[I 2026-04-10 16:43:03,281] Trial 112 finished with value: 0.8848484848484849 and parameters: {'batch_size': 64, 'window_size': 3, 'attention_heads': 1, 'hidden_dimension': 32, 'number_of_hidden_layers': 1, 'dropout_rate': 0.1, 'learning_rate': 0.0003, 'weight_decay': 0.001}. Best is trial 97 with value: 0.8909090909090909.
[I 2026-04-10 16:43:04,303] Trial 113 pruned. Duplicate hyper-parameters, same as those used in trial 98: {'batch_size': 64, 'window_size': 3, 'attention_heads': 1, 'hidden_dimension': 32, 'number_of_hidden_layers': 2, 'dropout_rate': 0.4, 'learning_rate': 1e-05, 'weight_decay': 0.001}.
[I 2026-04-10 16:59:58,133] Trial 114 finished with value: 0.8848484848484849 and parameters: {'batch_size': 64, 'window_size': 5, 'attention_heads': 1, 'hidden_dimension': 32, 'number_of_hidden_layers': 2, 'dropout_rate': 0.1, 'learning_rate': 1e-05, 'weight_decay': 0.001}. Best is trial 97 with value: 0.8909090909090909.
[I 2026-04-10 17:28:52,842] Trial 115 finished with value: 0.8848484848484849 and parameters: {'batch_size': 16, 'window_size': 2, 'attention_heads': 1, 'hidden_dimension': 32, 'number_of_hidden_layers': 1, 'dropout_rate': 0.1, 'learning_rate': 1e-05, 'weight_decay': 0.0001}. Best is trial 97 with value: 0.8909090909090909.
[I 2026-04-10 17:44:20,055] Trial 116 finished with value: 0.8727272727272727 and parameters: {'batch_size': 64, 'window_size': 3, 'attention_heads': 1, 'hidden_dimension': 64, 'number_of_hidden_layers': 0, 'dropout_rate': 0.1, 'learning_rate': 1e-05, 'weight_decay': 0.001}. Best is trial 97 with value: 0.8909090909090909.
[I 2026-04-10 18:03:52,954] Trial 117 finished with value: 0.8787878787878788 and parameters: {'batch_size': 32, 'window_size': 2, 'attention_heads': 1, 'hidden_dimension': 32, 'number_of_hidden_layers': 1, 'dropout_rate': 0.1, 'learning_rate': 1e-05, 'weight_decay': 0.001}. Best is trial 97 with value: 0.8909090909090909.
[I 2026-04-10 18:32:47,033] Trial 118 finished with value: 0.8848484848484849 and parameters: {'batch_size': 16, 'window_size': 2, 'attention_heads': 1, 'hidden_dimension': 32, 'number_of_hidden_layers': 1, 'dropout_rate': 0.2, 'learning_rate': 1e-05, 'weight_decay': 1e-06}. Best is trial 97 with value: 0.8909090909090909.
[I 2026-04-10 18:48:17,847] Trial 119 finished with value: 0.8848484848484849 and parameters: {'batch_size': 64, 'window_size': 3, 'attention_heads': 1, 'hidden_dimension': 32, 'number_of_hidden_layers': 1, 'dropout_rate': 0.1, 'learning_rate': 1e-05, 'weight_decay': 0.0001}. Best is trial 97 with value: 0.8909090909090909.
[I 2026-04-10 19:07:11,778] Trial 120 finished with value: 0.8727272727272727 and parameters: {'batch_size': 16, 'window_size': 2, 'attention_heads': 1, 'hidden_dimension': 64, 'number_of_hidden_layers': 1, 'dropout_rate': 0.1, 'learning_rate': 1e-05, 'weight_decay': 1e-05}. Best is trial 97 with value: 0.8909090909090909.
[I 2026-04-10 19:28:54,213] Trial 121 finished with value: 0.8727272727272727 and parameters: {'batch_size': 32, 'window_size': 3, 'attention_heads': 4, 'hidden_dimension': 32, 'number_of_hidden_layers': 1, 'dropout_rate': 0.4, 'learning_rate': 1e-05, 'weight_decay': 0.001}. Best is trial 97 with value: 0.8909090909090909.
[I 2026-04-10 19:47:43,339] Trial 122 finished with value: 0.8666666666666667 and parameters: {'batch_size': 64, 'window_size': 3, 'attention_heads': 6, 'hidden_dimension': 32, 'number_of_hidden_layers': 1, 'dropout_rate': 0.3, 'learning_rate': 1e-05, 'weight_decay': 0.001}. Best is trial 97 with value: 0.8909090909090909.
[I 2026-04-10 20:07:40,739] Trial 123 finished with value: 0.8848484848484849 and parameters: {'batch_size': 32, 'window_size': 3, 'attention_heads': 1, 'hidden_dimension': 32, 'number_of_hidden_layers': 1, 'dropout_rate': 0.3, 'learning_rate': 1e-05, 'weight_decay': 0.001}. Best is trial 97 with value: 0.8909090909090909.
[I 2026-04-10 20:16:20,754] Trial 124 finished with value: 0.8848484848484849 and parameters: {'batch_size': 64, 'window_size': 3, 'attention_heads': 1, 'hidden_dimension': 32, 'number_of_hidden_layers': 2, 'dropout_rate': 0.2, 'learning_rate': 0.0003, 'weight_decay': 0.001}. Best is trial 97 with value: 0.8909090909090909.
[I 2026-04-10 20:26:16,260] Trial 125 finished with value: 0.8848484848484849 and parameters: {'batch_size': 64, 'window_size': 3, 'attention_heads': 1, 'hidden_dimension': 32, 'number_of_hidden_layers': 2, 'dropout_rate': 0.3, 'learning_rate': 0.0001, 'weight_decay': 1e-05}. Best is trial 97 with value: 0.8909090909090909.
[I 2026-04-10 20:42:19,914] Trial 126 finished with value: 0.8848484848484849 and parameters: {'batch_size': 64, 'window_size': 3, 'attention_heads': 1, 'hidden_dimension': 32, 'number_of_hidden_layers': 2, 'dropout_rate': 0.2, 'learning_rate': 1e-05, 'weight_decay': 1e-06}. Best is trial 97 with value: 0.8909090909090909.
[I 2026-04-10 20:58:23,557] Trial 127 finished with value: 0.8666666666666667 and parameters: {'batch_size': 64, 'window_size': 2, 'attention_heads': 1, 'hidden_dimension': 64, 'number_of_hidden_layers': 2, 'dropout_rate': 0.2, 'learning_rate': 1e-05, 'weight_decay': 0.001}. Best is trial 97 with value: 0.8909090909090909.
[I 2026-04-10 21:13:50,144] Trial 128 finished with value: 0.8787878787878788 and parameters: {'batch_size': 64, 'window_size': 2, 'attention_heads': 1, 'hidden_dimension': 32, 'number_of_hidden_layers': 2, 'dropout_rate': 0.3, 'learning_rate': 1e-05, 'weight_decay': 0.001}. Best is trial 97 with value: 0.8909090909090909.
[I 2026-04-10 21:13:50,715] Trial 129 pruned. Duplicate hyper-parameters, same as those used in trial 108: {'batch_size': 64, 'window_size': 3, 'attention_heads': 1, 'hidden_dimension': 32, 'number_of_hidden_layers': 1, 'dropout_rate': 0.3, 'learning_rate': 1e-05, 'weight_decay': 0.001}.
[I 2026-04-10 21:34:26,403] Trial 130 finished with value: 0.8909090909090909 and parameters: {'batch_size': 32, 'window_size': 3, 'attention_heads': 1, 'hidden_dimension': 32, 'number_of_hidden_layers': 2, 'dropout_rate': 0.1, 'learning_rate': 1e-05, 'weight_decay': 0.001}. Best is trial 97 with value: 0.8909090909090909.
[I 2026-04-10 21:55:11,589] Trial 131 finished with value: 0.8909090909090909 and parameters: {'batch_size': 32, 'window_size': 3, 'attention_heads': 1, 'hidden_dimension': 32, 'number_of_hidden_layers': 2, 'dropout_rate': 0.1, 'learning_rate': 1e-05, 'weight_decay': 0.0001}. Best is trial 97 with value: 0.8909090909090909.
[I 2026-04-10 21:55:12,331] Trial 132 pruned. Duplicate hyper-parameters, same as those used in trial 131: {'batch_size': 32, 'window_size': 3, 'attention_heads': 1, 'hidden_dimension': 32, 'number_of_hidden_layers': 2, 'dropout_rate': 0.1, 'learning_rate': 1e-05, 'weight_decay': 0.0001}.
[I 2026-04-10 22:07:29,884] Trial 133 finished with value: 0.8606060606060606 and parameters: {'batch_size': 32, 'window_size': 3, 'attention_heads': 1, 'hidden_dimension': 128, 'number_of_hidden_layers': 2, 'dropout_rate': 0.4, 'learning_rate': 1e-05, 'weight_decay': 0.0001}. Best is trial 97 with value: 0.8909090909090909.
