SLURM NODE: kn077
[I 2026-03-16 14:36:23,000] Using an existing study with name 'IMDb-Sliding_windows' instead of creating a new one.
Last trial state: 0
Enqueuing hyper-parameters: {'batch_size': 64, 'window_size': 2, 'attention_heads': 8, 'hidden_dimension': 64, 'number_of_hidden_layers': 2, 'dropout_rate': 0.4, 'learning_rate': 0.0001, 'weight_decay': 0.0001}
[I 2026-03-16 16:45:14,433] Trial 24 finished with value: 0.9326 and parameters: {'batch_size': 64, 'window_size': 2, 'attention_heads': 8, 'hidden_dimension': 64, 'number_of_hidden_layers': 2, 'dropout_rate': 0.4, 'learning_rate': 0.0001, 'weight_decay': 0.0001}. Best is trial 22 with value: 0.9392.
[I 2026-03-16 16:45:15,056] Trial 25 pruned. Duplicate hyper-parameters, same as those used in trial 0: {'batch_size': 32, 'window_size': 5, 'attention_heads': 6, 'hidden_dimension': 32, 'number_of_hidden_layers': 1, 'dropout_rate': 0.2, 'learning_rate': 0.0003, 'weight_decay': 0.001}.
[I 2026-03-16 16:45:15,584] Trial 26 pruned. Duplicate hyper-parameters, same as those used in trial 1: {'batch_size': 128, 'window_size': 2, 'attention_heads': 8, 'hidden_dimension': 64, 'number_of_hidden_layers': 1, 'dropout_rate': 0.1, 'learning_rate': 0.0001, 'weight_decay': 0.0001}.
[I 2026-03-16 16:45:16,126] Trial 27 pruned. Duplicate hyper-parameters, same as those used in trial 2: {'batch_size': 16, 'window_size': 5, 'attention_heads': 6, 'hidden_dimension': 64, 'number_of_hidden_layers': 2, 'dropout_rate': 0.1, 'learning_rate': 0.001, 'weight_decay': 0.001}.
[I 2026-03-16 16:45:16,589] Trial 28 pruned. Duplicate hyper-parameters, same as those used in trial 3: {'batch_size': 32, 'window_size': 2, 'attention_heads': 6, 'hidden_dimension': 64, 'number_of_hidden_layers': 1, 'dropout_rate': 0.1, 'learning_rate': 0.0003, 'weight_decay': 1e-05}.
[I 2026-03-16 16:45:17,113] Trial 29 pruned. Duplicate hyper-parameters, same as those used in trial 4: {'batch_size': 128, 'window_size': 3, 'attention_heads': 4, 'hidden_dimension': 128, 'number_of_hidden_layers': 0, 'dropout_rate': 0.4, 'learning_rate': 0.001, 'weight_decay': 0.001}.
[I 2026-03-16 16:45:17,658] Trial 30 pruned. Duplicate hyper-parameters, same as those used in trial 5: {'batch_size': 64, 'window_size': 2, 'attention_heads': 4, 'hidden_dimension': 128, 'number_of_hidden_layers': 1, 'dropout_rate': 0.3, 'learning_rate': 1e-05, 'weight_decay': 1e-06}.
[I 2026-03-16 16:45:18,207] Trial 31 pruned. Duplicate hyper-parameters, same as those used in trial 6: {'batch_size': 16, 'window_size': 4, 'attention_heads': 6, 'hidden_dimension': 32, 'number_of_hidden_layers': 1, 'dropout_rate': 0.3, 'learning_rate': 0.0003, 'weight_decay': 1e-05}.
[I 2026-03-16 16:45:18,737] Trial 32 pruned. Duplicate hyper-parameters, same as those used in trial 7: {'batch_size': 64, 'window_size': 2, 'attention_heads': 2, 'hidden_dimension': 32, 'number_of_hidden_layers': 2, 'dropout_rate': 0.3, 'learning_rate': 0.0001, 'weight_decay': 0.001}.
[I 2026-03-16 16:45:19,316] Trial 33 pruned. Duplicate hyper-parameters, same as those used in trial 8: {'batch_size': 16, 'window_size': 2, 'attention_heads': 1, 'hidden_dimension': 32, 'number_of_hidden_layers': 0, 'dropout_rate': 0.4, 'learning_rate': 0.0003, 'weight_decay': 1e-05}.
[I 2026-03-16 16:45:19,922] Trial 34 pruned. Duplicate hyper-parameters, same as those used in trial 9: {'batch_size': 32, 'window_size': 3, 'attention_heads': 4, 'hidden_dimension': 32, 'number_of_hidden_layers': 1, 'dropout_rate': 0.1, 'learning_rate': 0.001, 'weight_decay': 0.0001}.
[I 2026-03-16 16:45:20,517] Trial 35 pruned. Duplicate hyper-parameters, same as those used in trial 10: {'batch_size': 128, 'window_size': 2, 'attention_heads': 6, 'hidden_dimension': 64, 'number_of_hidden_layers': 1, 'dropout_rate': 0.3, 'learning_rate': 0.001, 'weight_decay': 1e-06}.
[I 2026-03-16 16:45:21,105] Trial 36 pruned. Duplicate hyper-parameters, same as those used in trial 11: {'batch_size': 16, 'window_size': 3, 'attention_heads': 4, 'hidden_dimension': 64, 'number_of_hidden_layers': 1, 'dropout_rate': 0.2, 'learning_rate': 0.0003, 'weight_decay': 1e-06}.
[I 2026-03-16 16:45:21,657] Trial 37 pruned. Duplicate hyper-parameters, same as those used in trial 12: {'batch_size': 32, 'window_size': 2, 'attention_heads': 6, 'hidden_dimension': 32, 'number_of_hidden_layers': 2, 'dropout_rate': 0.3, 'learning_rate': 1e-05, 'weight_decay': 0.0001}.
[I 2026-03-16 16:45:22,266] Trial 38 pruned. Duplicate hyper-parameters, same as those used in trial 13: {'batch_size': 64, 'window_size': 3, 'attention_heads': 2, 'hidden_dimension': 128, 'number_of_hidden_layers': 1, 'dropout_rate': 0.4, 'learning_rate': 0.0001, 'weight_decay': 1e-05}.
[I 2026-03-16 16:45:22,847] Trial 39 pruned. Duplicate hyper-parameters, same as those used in trial 14: {'batch_size': 128, 'window_size': 5, 'attention_heads': 8, 'hidden_dimension': 32, 'number_of_hidden_layers': 0, 'dropout_rate': 0.1, 'learning_rate': 1e-05, 'weight_decay': 0.001}.
[I 2026-03-16 16:45:23,387] Trial 40 pruned. Duplicate hyper-parameters, same as those used in trial 15: {'batch_size': 64, 'window_size': 4, 'attention_heads': 4, 'hidden_dimension': 32, 'number_of_hidden_layers': 0, 'dropout_rate': 0.2, 'learning_rate': 1e-05, 'weight_decay': 0.0001}.
[I 2026-03-16 16:45:23,911] Trial 41 pruned. Duplicate hyper-parameters, same as those used in trial 16: {'batch_size': 128, 'window_size': 5, 'attention_heads': 8, 'hidden_dimension': 32, 'number_of_hidden_layers': 0, 'dropout_rate': 0.4, 'learning_rate': 0.001, 'weight_decay': 1e-06}.
[I 2026-03-16 16:45:24,535] Trial 42 pruned. Duplicate hyper-parameters, same as those used in trial 17: {'batch_size': 64, 'window_size': 2, 'attention_heads': 1, 'hidden_dimension': 32, 'number_of_hidden_layers': 0, 'dropout_rate': 0.4, 'learning_rate': 0.0001, 'weight_decay': 1e-06}.
[I 2026-03-16 16:45:25,124] Trial 43 pruned. Duplicate hyper-parameters, same as those used in trial 18: {'batch_size': 16, 'window_size': 5, 'attention_heads': 4, 'hidden_dimension': 32, 'number_of_hidden_layers': 1, 'dropout_rate': 0.1, 'learning_rate': 1e-05, 'weight_decay': 1e-06}.
[I 2026-03-16 16:45:25,673] Trial 44 pruned. Duplicate hyper-parameters, same as those used in trial 19: {'batch_size': 64, 'window_size': 3, 'attention_heads': 8, 'hidden_dimension': 32, 'number_of_hidden_layers': 0, 'dropout_rate': 0.4, 'learning_rate': 0.001, 'weight_decay': 0.0001}.
[I 2026-03-16 16:45:26,204] Trial 45 pruned. Duplicate hyper-parameters, same as those used in trial 20: {'batch_size': 128, 'window_size': 5, 'attention_heads': 6, 'hidden_dimension': 32, 'number_of_hidden_layers': 0, 'dropout_rate': 0.1, 'learning_rate': 0.0003, 'weight_decay': 1e-05}.
[I 2026-03-16 16:45:26,822] Trial 46 pruned. Duplicate hyper-parameters, same as those used in trial 21: {'batch_size': 64, 'window_size': 5, 'attention_heads': 4, 'hidden_dimension': 128, 'number_of_hidden_layers': 2, 'dropout_rate': 0.2, 'learning_rate': 0.0001, 'weight_decay': 1e-06}.
[I 2026-03-16 16:45:27,420] Trial 47 pruned. Duplicate hyper-parameters, same as those used in trial 22: {'batch_size': 64, 'window_size': 4, 'attention_heads': 4, 'hidden_dimension': 32, 'number_of_hidden_layers': 2, 'dropout_rate': 0.2, 'learning_rate': 1e-05, 'weight_decay': 1e-05}.
[I 2026-03-16 16:45:28,046] Trial 48 pruned. Duplicate hyper-parameters, same as those used in trial 24: {'batch_size': 64, 'window_size': 2, 'attention_heads': 8, 'hidden_dimension': 64, 'number_of_hidden_layers': 2, 'dropout_rate': 0.4, 'learning_rate': 0.0001, 'weight_decay': 0.0001}.
[I 2026-03-16 19:15:12,230] Trial 49 finished with value: 0.933 and parameters: {'batch_size': 32, 'window_size': 5, 'attention_heads': 6, 'hidden_dimension': 64, 'number_of_hidden_layers': 1, 'dropout_rate': 0.4, 'learning_rate': 1e-05, 'weight_decay': 1e-06}. Best is trial 22 with value: 0.9392.
[I 2026-03-16 21:24:22,014] Trial 50 finished with value: 0.9344 and parameters: {'batch_size': 64, 'window_size': 3, 'attention_heads': 4, 'hidden_dimension': 64, 'number_of_hidden_layers': 2, 'dropout_rate': 0.3, 'learning_rate': 0.0001, 'weight_decay': 0.001}. Best is trial 22 with value: 0.9392.
[I 2026-03-17 00:23:41,948] Trial 51 finished with value: 0.9264 and parameters: {'batch_size': 16, 'window_size': 2, 'attention_heads': 1, 'hidden_dimension': 64, 'number_of_hidden_layers': 2, 'dropout_rate': 0.1, 'learning_rate': 0.0003, 'weight_decay': 0.001}. Best is trial 22 with value: 0.9392.
[I 2026-03-17 02:28:22,180] Trial 52 finished with value: 0.9346 and parameters: {'batch_size': 64, 'window_size': 4, 'attention_heads': 4, 'hidden_dimension': 64, 'number_of_hidden_layers': 0, 'dropout_rate': 0.3, 'learning_rate': 1e-05, 'weight_decay': 1e-05}. Best is trial 22 with value: 0.9392.
[I 2026-03-17 04:43:55,899] Trial 53 finished with value: 0.936 and parameters: {'batch_size': 32, 'window_size': 2, 'attention_heads': 1, 'hidden_dimension': 32, 'number_of_hidden_layers': 0, 'dropout_rate': 0.4, 'learning_rate': 1e-05, 'weight_decay': 0.0001}. Best is trial 22 with value: 0.9392.
[I 2026-03-17 07:04:52,831] Trial 54 finished with value: 0.9318 and parameters: {'batch_size': 32, 'window_size': 4, 'attention_heads': 6, 'hidden_dimension': 32, 'number_of_hidden_layers': 2, 'dropout_rate': 0.3, 'learning_rate': 1e-05, 'weight_decay': 0.0001}. Best is trial 22 with value: 0.9392.
[I 2026-03-17 09:16:26,009] Trial 55 finished with value: 0.9352 and parameters: {'batch_size': 64, 'window_size': 5, 'attention_heads': 8, 'hidden_dimension': 32, 'number_of_hidden_layers': 1, 'dropout_rate': 0.3, 'learning_rate': 1e-05, 'weight_decay': 0.0001}. Best is trial 22 with value: 0.9392.
[I 2026-03-17 12:16:41,694] Trial 56 finished with value: 0.9234 and parameters: {'batch_size': 16, 'window_size': 3, 'attention_heads': 4, 'hidden_dimension': 128, 'number_of_hidden_layers': 2, 'dropout_rate': 0.2, 'learning_rate': 1e-05, 'weight_decay': 1e-05}. Best is trial 22 with value: 0.9392.
[I 2026-03-17 14:44:17,450] Trial 57 finished with value: 0.9338 and parameters: {'batch_size': 32, 'window_size': 4, 'attention_heads': 4, 'hidden_dimension': 128, 'number_of_hidden_layers': 1, 'dropout_rate': 0.1, 'learning_rate': 1e-05, 'weight_decay': 0.001}. Best is trial 22 with value: 0.9392.
[I 2026-03-17 17:50:09,186] Trial 58 finished with value: 0.9312 and parameters: {'batch_size': 16, 'window_size': 2, 'attention_heads': 8, 'hidden_dimension': 64, 'number_of_hidden_layers': 2, 'dropout_rate': 0.3, 'learning_rate': 0.0003, 'weight_decay': 0.0001}. Best is trial 22 with value: 0.9392.
[I 2026-03-17 20:54:16,871] Trial 59 finished with value: 0.9324 and parameters: {'batch_size': 16, 'window_size': 5, 'attention_heads': 1, 'hidden_dimension': 64, 'number_of_hidden_layers': 0, 'dropout_rate': 0.2, 'learning_rate': 0.0003, 'weight_decay': 0.001}. Best is trial 22 with value: 0.9392.
[I 2026-03-17 22:54:15,761] Trial 60 finished with value: 0.9354 and parameters: {'batch_size': 128, 'window_size': 3, 'attention_heads': 1, 'hidden_dimension': 32, 'number_of_hidden_layers': 0, 'dropout_rate': 0.1, 'learning_rate': 0.0003, 'weight_decay': 0.0001}. Best is trial 22 with value: 0.9392.
[I 2026-03-18 01:12:08,747] Trial 61 finished with value: 0.9296 and parameters: {'batch_size': 32, 'window_size': 3, 'attention_heads': 1, 'hidden_dimension': 64, 'number_of_hidden_layers': 2, 'dropout_rate': 0.2, 'learning_rate': 0.0001, 'weight_decay': 0.0001}. Best is trial 22 with value: 0.9392.
[I 2026-03-18 03:11:33,020] Trial 62 finished with value: 0.9388 and parameters: {'batch_size': 64, 'window_size': 2, 'attention_heads': 4, 'hidden_dimension': 32, 'number_of_hidden_layers': 2, 'dropout_rate': 0.1, 'learning_rate': 0.0001, 'weight_decay': 0.0001}. Best is trial 22 with value: 0.9392.
[I 2026-03-18 05:45:35,893] Trial 63 finished with value: 0.9398 and parameters: {'batch_size': 64, 'window_size': 5, 'attention_heads': 6, 'hidden_dimension': 128, 'number_of_hidden_layers': 2, 'dropout_rate': 0.1, 'learning_rate': 0.001, 'weight_decay': 1e-06}. Best is trial 63 with value: 0.9398.
[I 2026-03-18 08:37:46,334] Trial 64 finished with value: 0.9288 and parameters: {'batch_size': 16, 'window_size': 2, 'attention_heads': 6, 'hidden_dimension': 64, 'number_of_hidden_layers': 0, 'dropout_rate': 0.1, 'learning_rate': 0.0003, 'weight_decay': 0.0001}. Best is trial 63 with value: 0.9398.
[I 2026-03-18 11:27:41,146] Trial 65 finished with value: 0.9286 and parameters: {'batch_size': 16, 'window_size': 2, 'attention_heads': 1, 'hidden_dimension': 64, 'number_of_hidden_layers': 1, 'dropout_rate': 0.3, 'learning_rate': 1e-05, 'weight_decay': 0.001}. Best is trial 63 with value: 0.9398.
[I 2026-03-18 14:16:49,551] Trial 66 finished with value: 0.9276 and parameters: {'batch_size': 16, 'window_size': 4, 'attention_heads': 4, 'hidden_dimension': 64, 'number_of_hidden_layers': 0, 'dropout_rate': 0.4, 'learning_rate': 1e-05, 'weight_decay': 0.001}. Best is trial 63 with value: 0.9398.
[I 2026-03-18 16:22:52,080] Trial 67 finished with value: 0.935 and parameters: {'batch_size': 128, 'window_size': 5, 'attention_heads': 2, 'hidden_dimension': 128, 'number_of_hidden_layers': 2, 'dropout_rate': 0.4, 'learning_rate': 0.0003, 'weight_decay': 0.0001}. Best is trial 63 with value: 0.9398.
[I 2026-03-18 19:08:57,733] Trial 68 finished with value: 0.9262 and parameters: {'batch_size': 16, 'window_size': 2, 'attention_heads': 2, 'hidden_dimension': 128, 'number_of_hidden_layers': 1, 'dropout_rate': 0.4, 'learning_rate': 1e-05, 'weight_decay': 1e-06}. Best is trial 63 with value: 0.9398.
[I 2026-03-18 21:29:52,146] Trial 69 finished with value: 0.9332 and parameters: {'batch_size': 128, 'window_size': 4, 'attention_heads': 6, 'hidden_dimension': 128, 'number_of_hidden_layers': 2, 'dropout_rate': 0.4, 'learning_rate': 0.0001, 'weight_decay': 0.0001}. Best is trial 63 with value: 0.9398.
[I 2026-03-19 00:23:26,994] Trial 70 finished with value: 0.928 and parameters: {'batch_size': 16, 'window_size': 2, 'attention_heads': 6, 'hidden_dimension': 64, 'number_of_hidden_layers': 1, 'dropout_rate': 0.2, 'learning_rate': 0.0001, 'weight_decay': 0.0001}. Best is trial 63 with value: 0.9398.
[I 2026-03-19 03:03:54,336] Trial 71 finished with value: 0.939 and parameters: {'batch_size': 32, 'window_size': 5, 'attention_heads': 6, 'hidden_dimension': 64, 'number_of_hidden_layers': 2, 'dropout_rate': 0.4, 'learning_rate': 0.001, 'weight_decay': 0.0001}. Best is trial 63 with value: 0.9398.
[I 2026-03-19 06:04:19,966] Trial 72 finished with value: 0.9262 and parameters: {'batch_size': 16, 'window_size': 5, 'attention_heads': 2, 'hidden_dimension': 128, 'number_of_hidden_layers': 2, 'dropout_rate': 0.1, 'learning_rate': 1e-05, 'weight_decay': 0.001}. Best is trial 63 with value: 0.9398.
[I 2026-03-19 08:28:55,232] Trial 73 finished with value: 0.9284 and parameters: {'batch_size': 32, 'window_size': 5, 'attention_heads': 6, 'hidden_dimension': 32, 'number_of_hidden_layers': 2, 'dropout_rate': 0.4, 'learning_rate': 0.0001, 'weight_decay': 0.0001}. Best is trial 63 with value: 0.9398.
[I 2026-03-19 10:31:24,475] Trial 74 finished with value: 0.933 and parameters: {'batch_size': 64, 'window_size': 3, 'attention_heads': 2, 'hidden_dimension': 32, 'number_of_hidden_layers': 2, 'dropout_rate': 0.3, 'learning_rate': 0.0003, 'weight_decay': 1e-06}. Best is trial 63 with value: 0.9398.
[UPDATE] 50 completed trials using a random sampler. Switching from random to TPE sampling.
[I 2026-03-19 12:32:13,635] Trial 75 finished with value: 0.9388 and parameters: {'batch_size': 64, 'window_size': 2, 'attention_heads': 4, 'hidden_dimension': 32, 'number_of_hidden_layers': 2, 'dropout_rate': 0.1, 'learning_rate': 0.0001, 'weight_decay': 1e-06}. Best is trial 63 with value: 0.9398.
[I 2026-03-19 12:32:14,227] Trial 76 pruned. Duplicate hyper-parameters, same as those used in trial 63: {'batch_size': 64, 'window_size': 5, 'attention_heads': 6, 'hidden_dimension': 128, 'number_of_hidden_layers': 2, 'dropout_rate': 0.1, 'learning_rate': 0.001, 'weight_decay': 1e-06}.
slurmstepd: error: *** JOB 2391986 ON kn077 CANCELLED AT 2026-03-19T14:36:15 DUE TO TIME LIMIT ***
