[I 2026-04-10 22:07:31,552] Trial 134 pruned. Duplicate hyper-parameters, same as those used in trial 130: {'batch_size': 32, 'window_size': 3, 'attention_heads': 1, 'hidden_dimension': 32, 'number_of_hidden_layers': 2, 'dropout_rate': 0.1, 'learning_rate': 1e-05, 'weight_decay': 0.001}.
[I 2026-04-10 22:16:24,155] Trial 135 finished with value: 0.8848484848484849 and parameters: {'batch_size': 32, 'window_size': 3, 'attention_heads': 1, 'hidden_dimension': 32, 'number_of_hidden_layers': 1, 'dropout_rate': 0.1, 'learning_rate': 0.001, 'weight_decay': 0.001}. Best is trial 97 with value: 0.8909090909090909.
[I 2026-04-10 22:27:41,916] Trial 136 finished with value: 0.8787878787878788 and parameters: {'batch_size': 128, 'window_size': 3, 'attention_heads': 1, 'hidden_dimension': 32, 'number_of_hidden_layers': 2, 'dropout_rate': 0.1, 'learning_rate': 0.0001, 'weight_decay': 1e-06}. Best is trial 97 with value: 0.8909090909090909.
[I 2026-04-10 22:36:45,652] Trial 137 finished with value: 0.8666666666666667 and parameters: {'batch_size': 64, 'window_size': 5, 'attention_heads': 1, 'hidden_dimension': 64, 'number_of_hidden_layers': 2, 'dropout_rate': 0.2, 'learning_rate': 0.001, 'weight_decay': 0.0001}. Best is trial 97 with value: 0.8909090909090909.
[I 2026-04-10 22:47:14,495] Trial 138 finished with value: 0.8787878787878788 and parameters: {'batch_size': 16, 'window_size': 2, 'attention_heads': 6, 'hidden_dimension': 32, 'number_of_hidden_layers': 1, 'dropout_rate': 0.1, 'learning_rate': 0.001, 'weight_decay': 1e-06}. Best is trial 97 with value: 0.8909090909090909.
[I 2026-04-10 22:57:46,170] Trial 139 finished with value: 0.8848484848484849 and parameters: {'batch_size': 16, 'window_size': 2, 'attention_heads': 4, 'hidden_dimension': 32, 'number_of_hidden_layers': 1, 'dropout_rate': 0.1, 'learning_rate': 0.0001, 'weight_decay': 1e-05}. Best is trial 97 with value: 0.8909090909090909.
[I 2026-04-10 23:11:53,630] Trial 140 finished with value: 0.8848484848484849 and parameters: {'batch_size': 128, 'window_size': 2, 'attention_heads': 1, 'hidden_dimension': 32, 'number_of_hidden_layers': 2, 'dropout_rate': 0.4, 'learning_rate': 1e-05, 'weight_decay': 1e-05}. Best is trial 97 with value: 0.8909090909090909.
[I 2026-04-10 23:22:16,748] Trial 141 finished with value: 0.8848484848484849 and parameters: {'batch_size': 16, 'window_size': 2, 'attention_heads': 1, 'hidden_dimension': 32, 'number_of_hidden_layers': 1, 'dropout_rate': 0.1, 'learning_rate': 0.0001, 'weight_decay': 1e-06}. Best is trial 97 with value: 0.8909090909090909.
[I 2026-04-10 23:40:55,699] Trial 142 finished with value: 0.8666666666666667 and parameters: {'batch_size': 64, 'window_size': 3, 'attention_heads': 4, 'hidden_dimension': 32, 'number_of_hidden_layers': 2, 'dropout_rate': 0.2, 'learning_rate': 1e-05, 'weight_decay': 0.001}. Best is trial 97 with value: 0.8909090909090909.
[I 2026-04-10 23:55:57,657] Trial 143 finished with value: 0.8727272727272727 and parameters: {'batch_size': 32, 'window_size': 3, 'attention_heads': 1, 'hidden_dimension': 128, 'number_of_hidden_layers': 1, 'dropout_rate': 0.1, 'learning_rate': 1e-05, 'weight_decay': 0.001}. Best is trial 97 with value: 0.8909090909090909.
[I 2026-04-11 00:11:14,450] Trial 144 finished with value: 0.8666666666666667 and parameters: {'batch_size': 64, 'window_size': 4, 'attention_heads': 1, 'hidden_dimension': 32, 'number_of_hidden_layers': 0, 'dropout_rate': 0.1, 'learning_rate': 1e-05, 'weight_decay': 0.001}. Best is trial 97 with value: 0.8909090909090909.
[I 2026-04-11 00:22:02,602] Trial 145 finished with value: 0.8787878787878788 and parameters: {'batch_size': 16, 'window_size': 5, 'attention_heads': 1, 'hidden_dimension': 32, 'number_of_hidden_layers': 1, 'dropout_rate': 0.1, 'learning_rate': 0.0003, 'weight_decay': 1e-05}. Best is trial 97 with value: 0.8909090909090909.
[I 2026-04-11 00:43:21,158] Trial 146 finished with value: 0.8787878787878788 and parameters: {'batch_size': 32, 'window_size': 3, 'attention_heads': 2, 'hidden_dimension': 32, 'number_of_hidden_layers': 2, 'dropout_rate': 0.2, 'learning_rate': 1e-05, 'weight_decay': 0.0001}. Best is trial 97 with value: 0.8909090909090909.
[I 2026-04-11 01:00:45,475] Trial 147 finished with value: 0.8787878787878788 and parameters: {'batch_size': 64, 'window_size': 3, 'attention_heads': 4, 'hidden_dimension': 32, 'number_of_hidden_layers': 1, 'dropout_rate': 0.1, 'learning_rate': 1e-05, 'weight_decay': 1e-05}. Best is trial 97 with value: 0.8909090909090909.
[I 2026-04-11 01:00:46,013] Trial 148 pruned. Duplicate hyper-parameters, same as those used in trial 83: {'batch_size': 16, 'window_size': 2, 'attention_heads': 1, 'hidden_dimension': 32, 'number_of_hidden_layers': 1, 'dropout_rate': 0.1, 'learning_rate': 1e-05, 'weight_decay': 1e-06}.
[I 2026-04-11 01:17:09,580] Trial 149 finished with value: 0.8848484848484849 and parameters: {'batch_size': 64, 'window_size': 4, 'attention_heads': 1, 'hidden_dimension': 32, 'number_of_hidden_layers': 2, 'dropout_rate': 0.4, 'learning_rate': 1e-05, 'weight_decay': 0.0001}. Best is trial 97 with value: 0.8909090909090909.
[I 2026-04-11 01:32:10,078] Trial 150 finished with value: 0.8787878787878788 and parameters: {'batch_size': 64, 'window_size': 2, 'attention_heads': 1, 'hidden_dimension': 32, 'number_of_hidden_layers': 1, 'dropout_rate': 0.3, 'learning_rate': 1e-05, 'weight_decay': 1e-05}. Best is trial 97 with value: 0.8909090909090909.
[I 2026-04-11 01:32:10,594] Trial 151 pruned. Duplicate hyper-parameters, same as those used in trial 109: {'batch_size': 128, 'window_size': 3, 'attention_heads': 1, 'hidden_dimension': 32, 'number_of_hidden_layers': 2, 'dropout_rate': 0.2, 'learning_rate': 1e-05, 'weight_decay': 0.001}.
[I 2026-04-11 01:32:11,180] Trial 152 pruned. Duplicate hyper-parameters, same as those used in trial 92: {'batch_size': 64, 'window_size': 3, 'attention_heads': 1, 'hidden_dimension': 32, 'number_of_hidden_layers': 1, 'dropout_rate': 0.1, 'learning_rate': 1e-05, 'weight_decay': 0.001}.
[I 2026-04-11 01:48:32,914] Trial 153 finished with value: 0.8848484848484849 and parameters: {'batch_size': 64, 'window_size': 4, 'attention_heads': 1, 'hidden_dimension': 32, 'number_of_hidden_layers': 2, 'dropout_rate': 0.2, 'learning_rate': 1e-05, 'weight_decay': 0.001}. Best is trial 97 with value: 0.8909090909090909.
[I 2026-04-11 02:05:10,924] Trial 154 finished with value: 0.8727272727272727 and parameters: {'batch_size': 16, 'window_size': 5, 'attention_heads': 4, 'hidden_dimension': 32, 'number_of_hidden_layers': 1, 'dropout_rate': 0.4, 'learning_rate': 1e-05, 'weight_decay': 1e-05}. Best is trial 97 with value: 0.8909090909090909.
[I 2026-04-11 02:14:12,849] Trial 155 finished with value: 0.8848484848484849 and parameters: {'batch_size': 32, 'window_size': 3, 'attention_heads': 1, 'hidden_dimension': 64, 'number_of_hidden_layers': 2, 'dropout_rate': 0.1, 'learning_rate': 0.0003, 'weight_decay': 0.0001}. Best is trial 97 with value: 0.8909090909090909.
[I 2026-04-11 02:32:26,134] Trial 156 finished with value: 0.8484848484848485 and parameters: {'batch_size': 64, 'window_size': 5, 'attention_heads': 2, 'hidden_dimension': 32, 'number_of_hidden_layers': 2, 'dropout_rate': 0.2, 'learning_rate': 1e-05, 'weight_decay': 1e-05}. Best is trial 97 with value: 0.8909090909090909.
[I 2026-04-11 02:51:10,024] Trial 157 finished with value: 0.8727272727272727 and parameters: {'batch_size': 32, 'window_size': 3, 'attention_heads': 1, 'hidden_dimension': 64, 'number_of_hidden_layers': 2, 'dropout_rate': 0.1, 'learning_rate': 1e-05, 'weight_decay': 1e-06}. Best is trial 97 with value: 0.8909090909090909.
[I 2026-04-11 03:01:47,906] Trial 158 finished with value: 0.8787878787878788 and parameters: {'batch_size': 16, 'window_size': 3, 'attention_heads': 1, 'hidden_dimension': 32, 'number_of_hidden_layers': 1, 'dropout_rate': 0.4, 'learning_rate': 0.0001, 'weight_decay': 1e-05}. Best is trial 97 with value: 0.8909090909090909.
[I 2026-04-11 03:22:36,055] Trial 159 finished with value: 0.8787878787878788 and parameters: {'batch_size': 32, 'window_size': 5, 'attention_heads': 1, 'hidden_dimension': 32, 'number_of_hidden_layers': 1, 'dropout_rate': 0.1, 'learning_rate': 1e-05, 'weight_decay': 0.0001}. Best is trial 97 with value: 0.8909090909090909.
[I 2026-04-11 03:50:35,409] Trial 160 finished with value: 0.8606060606060606 and parameters: {'batch_size': 16, 'window_size': 5, 'attention_heads': 1, 'hidden_dimension': 32, 'number_of_hidden_layers': 2, 'dropout_rate': 0.2, 'learning_rate': 1e-05, 'weight_decay': 1e-06}. Best is trial 97 with value: 0.8909090909090909.
[I 2026-04-11 04:05:15,065] Trial 161 finished with value: 0.8545454545454545 and parameters: {'batch_size': 32, 'window_size': 3, 'attention_heads': 6, 'hidden_dimension': 32, 'number_of_hidden_layers': 2, 'dropout_rate': 0.1, 'learning_rate': 1e-05, 'weight_decay': 1e-06}. Best is trial 97 with value: 0.8909090909090909.
[I 2026-04-11 04:13:42,060] Trial 162 finished with value: 0.8848484848484849 and parameters: {'batch_size': 64, 'window_size': 3, 'attention_heads': 1, 'hidden_dimension': 32, 'number_of_hidden_layers': 1, 'dropout_rate': 0.1, 'learning_rate': 0.0003, 'weight_decay': 1e-06}. Best is trial 97 with value: 0.8909090909090909.
[I 2026-04-11 04:22:07,843] Trial 163 finished with value: 0.8727272727272727 and parameters: {'batch_size': 64, 'window_size': 3, 'attention_heads': 1, 'hidden_dimension': 128, 'number_of_hidden_layers': 1, 'dropout_rate': 0.1, 'learning_rate': 0.0003, 'weight_decay': 0.001}. Best is trial 97 with value: 0.8909090909090909.
[I 2026-04-11 04:32:20,033] Trial 164 finished with value: 0.8727272727272727 and parameters: {'batch_size': 16, 'window_size': 2, 'attention_heads': 1, 'hidden_dimension': 32, 'number_of_hidden_layers': 1, 'dropout_rate': 0.4, 'learning_rate': 0.001, 'weight_decay': 0.001}. Best is trial 97 with value: 0.8909090909090909.
[I 2026-04-11 04:42:47,295] Trial 165 finished with value: 0.8424242424242424 and parameters: {'batch_size': 64, 'window_size': 5, 'attention_heads': 8, 'hidden_dimension': 32, 'number_of_hidden_layers': 2, 'dropout_rate': 0.2, 'learning_rate': 0.0001, 'weight_decay': 0.0001}. Best is trial 97 with value: 0.8909090909090909.
[I 2026-04-11 04:42:47,934] Trial 166 pruned. Duplicate hyper-parameters, same as those used in trial 112: {'batch_size': 64, 'window_size': 3, 'attention_heads': 1, 'hidden_dimension': 32, 'number_of_hidden_layers': 1, 'dropout_rate': 0.1, 'learning_rate': 0.0003, 'weight_decay': 0.001}.
[I 2026-04-11 04:42:48,599] Trial 167 pruned. Duplicate hyper-parameters, same as those used in trial 72: {'batch_size': 16, 'window_size': 2, 'attention_heads': 1, 'hidden_dimension': 32, 'number_of_hidden_layers': 1, 'dropout_rate': 0.1, 'learning_rate': 1e-05, 'weight_decay': 1e-05}.
[I 2026-04-11 04:42:49,242] Trial 168 pruned. Duplicate hyper-parameters, same as those used in trial 97: {'batch_size': 64, 'window_size': 3, 'attention_heads': 1, 'hidden_dimension': 32, 'number_of_hidden_layers': 2, 'dropout_rate': 0.1, 'learning_rate': 1e-05, 'weight_decay': 0.001}.
[I 2026-04-11 05:04:23,122] Trial 169 finished with value: 0.8787878787878788 and parameters: {'batch_size': 32, 'window_size': 3, 'attention_heads': 2, 'hidden_dimension': 32, 'number_of_hidden_layers': 2, 'dropout_rate': 0.1, 'learning_rate': 1e-05, 'weight_decay': 1e-05}. Best is trial 97 with value: 0.8909090909090909.
[I 2026-04-11 05:20:00,519] Trial 170 finished with value: 0.8545454545454545 and parameters: {'batch_size': 128, 'window_size': 3, 'attention_heads': 2, 'hidden_dimension': 32, 'number_of_hidden_layers': 2, 'dropout_rate': 0.1, 'learning_rate': 1e-05, 'weight_decay': 0.001}. Best is trial 97 with value: 0.8909090909090909.
[I 2026-04-11 05:28:22,477] Trial 171 finished with value: 0.8848484848484849 and parameters: {'batch_size': 64, 'window_size': 3, 'attention_heads': 1, 'hidden_dimension': 32, 'number_of_hidden_layers': 1, 'dropout_rate': 0.3, 'learning_rate': 0.001, 'weight_decay': 0.0001}. Best is trial 97 with value: 0.8909090909090909.
[I 2026-04-11 06:00:09,059] Trial 172 finished with value: 0.8666666666666667 and parameters: {'batch_size': 16, 'window_size': 5, 'attention_heads': 1, 'hidden_dimension': 32, 'number_of_hidden_layers': 2, 'dropout_rate': 0.1, 'learning_rate': 1e-05, 'weight_decay': 0.001}. Best is trial 97 with value: 0.8909090909090909.

[UPDATE] Unbound limits: {'batch_size': (np.int64(16), np.int64(128)), 'window_size': (np.int64(2), np.int64(4)), 'attention_heads': (np.int64(1), np.int64(2)), 'hidden_dimension': (np.int64(32), np.int64(64)), 'number_of_hidden_layers': (np.int64(1), np.int64(2)), 'dropout_rate': (np.float64(0.1), np.float64(0.2)), 'learning_rate': (np.float64(1e-05), np.float64(0.0001)), 'weight_decay': (np.float64(1e-05), np.float64(0.001))}
[I 2026-04-11 06:00:09,595] A new study created in RDB with name: IMDb-1k-Sliding_windows-unbound
[I 2026-04-11 06:00:09,677] Trial 0 finished with value: 0.8909090909090909 and parameters: {'batch_size': 64, 'window_size': 3, 'attention_heads': 1, 'hidden_dimension': 32, 'number_of_hidden_layers': 2, 'dropout_rate': 0.1, 'learning_rate': 1e-05, 'weight_decay': 0.001}.
[I 2026-04-11 06:00:09,677] Trial 1 finished with value: 0.8909090909090909 and parameters: {'batch_size': 32, 'window_size': 3, 'attention_heads': 1, 'hidden_dimension': 32, 'number_of_hidden_layers': 2, 'dropout_rate': 0.1, 'learning_rate': 1e-05, 'weight_decay': 0.001}.
[I 2026-04-11 06:00:09,677] Trial 2 finished with value: 0.8909090909090909 and parameters: {'batch_size': 32, 'window_size': 3, 'attention_heads': 1, 'hidden_dimension': 32, 'number_of_hidden_layers': 2, 'dropout_rate': 0.1, 'learning_rate': 1e-05, 'weight_decay': 0.0001}.
[I 2026-04-11 06:18:39,626] Trial 3 finished with value: 0.896969696969697 and parameters: {'batch_size': 56, 'window_size': 4, 'attention_heads': 2, 'hidden_dimension': 51, 'number_of_hidden_layers': 1, 'dropout_rate': 0.11559945203362026, 'learning_rate': 1.1430983876313214e-05, 'weight_decay': 0.0005399484409787432}. Best is trial 3 with value: 0.896969696969697.
[I 2026-04-11 06:35:29,730] Trial 4 finished with value: 0.8848484848484849 and parameters: {'batch_size': 88, 'window_size': 4, 'attention_heads': 1, 'hidden_dimension': 64, 'number_of_hidden_layers': 2, 'dropout_rate': 0.12123391106782762, 'learning_rate': 1.5199348301309802e-05, 'weight_decay': 2.3270677083837777e-05}. Best is trial 3 with value: 0.896969696969697.
[I 2026-04-11 06:50:33,404] Trial 5 finished with value: 0.8848484848484849 and parameters: {'batch_size': 48, 'window_size': 3, 'attention_heads': 1, 'hidden_dimension': 41, 'number_of_hidden_layers': 2, 'dropout_rate': 0.11394938606520419, 'learning_rate': 1.9594972058679154e-05, 'weight_decay': 5.4041038546473305e-05}. Best is trial 3 with value: 0.896969696969697.
[I 2026-04-11 07:01:30,980] Trial 6 finished with value: 0.896969696969697 and parameters: {'batch_size': 64, 'window_size': 4, 'attention_heads': 1, 'hidden_dimension': 48, 'number_of_hidden_layers': 2, 'dropout_rate': 0.10464504127199978, 'learning_rate': 4.0508377813296754e-05, 'weight_decay': 2.1930485556643678e-05}. Best is trial 3 with value: 0.896969696969697.
[I 2026-04-11 07:13:15,927] Trial 7 finished with value: 0.8727272727272727 and parameters: {'batch_size': 16, 'window_size': 4, 'attention_heads': 2, 'hidden_dimension': 58, 'number_of_hidden_layers': 1, 'dropout_rate': 0.10976721140063839, 'learning_rate': 4.833180632488465e-05, 'weight_decay': 7.591104805282687e-05}. Best is trial 3 with value: 0.896969696969697.
[I 2026-04-11 07:26:11,946] Trial 8 finished with value: 0.8606060606060606 and parameters: {'batch_size': 24, 'window_size': 3, 'attention_heads': 1, 'hidden_dimension': 62, 'number_of_hidden_layers': 1, 'dropout_rate': 0.16625222843539822, 'learning_rate': 2.0497980520950194e-05, 'weight_decay': 0.00010968217207529509}. Best is trial 3 with value: 0.896969696969697.
[I 2026-04-11 07:37:00,839] Trial 9 finished with value: 0.9090909090909091 and parameters: {'batch_size': 80, 'window_size': 2, 'attention_heads': 2, 'hidden_dimension': 57, 'number_of_hidden_layers': 2, 'dropout_rate': 0.1894827350427649, 'learning_rate': 3.961867790406586e-05, 'weight_decay': 0.0006978281265126031}. Best is trial 9 with value: 0.9090909090909091.
[I 2026-04-11 07:47:40,885] Trial 10 finished with value: 0.8666666666666667 and parameters: {'batch_size': 24, 'window_size': 2, 'attention_heads': 1, 'hidden_dimension': 42, 'number_of_hidden_layers': 1, 'dropout_rate': 0.1271349031773896, 'learning_rate': 6.741204610702767e-05, 'weight_decay': 5.170191786366994e-05}. Best is trial 9 with value: 0.9090909090909091.
[I 2026-04-11 07:57:39,389] Trial 11 finished with value: 0.8848484848484849 and parameters: {'batch_size': 48, 'window_size': 3, 'attention_heads': 1, 'hidden_dimension': 58, 'number_of_hidden_layers': 1, 'dropout_rate': 0.19868869366005174, 'learning_rate': 5.918951335463651e-05, 'weight_decay': 2.497073714505272e-05}. Best is trial 9 with value: 0.9090909090909091.
[I 2026-04-11 08:09:53,222] Trial 12 finished with value: 0.8666666666666667 and parameters: {'batch_size': 16, 'window_size': 4, 'attention_heads': 2, 'hidden_dimension': 56, 'number_of_hidden_layers': 2, 'dropout_rate': 0.10740446517340904, 'learning_rate': 2.2827887759905115e-05, 'weight_decay': 1.70505392602693e-05}. Best is trial 9 with value: 0.9090909090909091.
[I 2026-04-11 08:24:31,800] Trial 13 finished with value: 0.8848484848484849 and parameters: {'batch_size': 112, 'window_size': 3, 'attention_heads': 1, 'hidden_dimension': 34, 'number_of_hidden_layers': 1, 'dropout_rate': 0.13251833220267473, 'learning_rate': 5.365450324352024e-05, 'weight_decay': 0.00018841476921545086}. Best is trial 9 with value: 0.9090909090909091.
[I 2026-04-11 08:35:28,297] Trial 14 finished with value: 0.8787878787878788 and parameters: {'batch_size': 120, 'window_size': 3, 'attention_heads': 1, 'hidden_dimension': 55, 'number_of_hidden_layers': 2, 'dropout_rate': 0.15612771975694964, 'learning_rate': 5.9015647980233906e-05, 'weight_decay': 9.718319944817387e-05}. Best is trial 9 with value: 0.9090909090909091.
[I 2026-04-11 08:51:00,099] Trial 15 finished with value: 0.8666666666666667 and parameters: {'batch_size': 72, 'window_size': 3, 'attention_heads': 1, 'hidden_dimension': 35, 'number_of_hidden_layers': 1, 'dropout_rate': 0.16364104112637806, 'learning_rate': 2.0623196560647108e-05, 'weight_decay': 0.0001040258761588385}. Best is trial 9 with value: 0.9090909090909091.
[I 2026-04-11 09:05:39,023] Trial 16 finished with value: 0.8727272727272727 and parameters: {'batch_size': 120, 'window_size': 2, 'attention_heads': 1, 'hidden_dimension': 56, 'number_of_hidden_layers': 1, 'dropout_rate': 0.1076979909828793, 'learning_rate': 1.9487290213568466e-05, 'weight_decay': 2.101079931010355e-05}. Best is trial 9 with value: 0.9090909090909091.
[I 2026-04-11 09:15:58,106] Trial 17 finished with value: 0.8787878787878788 and parameters: {'batch_size': 120, 'window_size': 4, 'attention_heads': 2, 'hidden_dimension': 60, 'number_of_hidden_layers': 2, 'dropout_rate': 0.11865700588860359, 'learning_rate': 7.808345085542417e-05, 'weight_decay': 0.00011986281799901183}. Best is trial 9 with value: 0.9090909090909091.
[I 2026-04-11 09:27:32,154] Trial 18 finished with value: 0.8666666666666667 and parameters: {'batch_size': 112, 'window_size': 4, 'attention_heads': 1, 'hidden_dimension': 35, 'number_of_hidden_layers': 1, 'dropout_rate': 0.14271077886262565, 'learning_rate': 6.57680197965893e-05, 'weight_decay': 0.0005265761277157427}. Best is trial 9 with value: 0.9090909090909091.
[I 2026-04-11 09:38:30,843] Trial 19 finished with value: 0.8666666666666667 and parameters: {'batch_size': 16, 'window_size': 3, 'attention_heads': 1, 'hidden_dimension': 39, 'number_of_hidden_layers': 1, 'dropout_rate': 0.1337615171403628, 'learning_rate': 8.768184989765531e-05, 'weight_decay': 4.4300218067679785e-05}. Best is trial 9 with value: 0.9090909090909091.
[I 2026-04-11 09:49:47,394] Trial 20 finished with value: 0.8787878787878788 and parameters: {'batch_size': 72, 'window_size': 4, 'attention_heads': 1, 'hidden_dimension': 64, 'number_of_hidden_layers': 2, 'dropout_rate': 0.12517822958253644, 'learning_rate': 3.142306225908966e-05, 'weight_decay': 3.997206819121805e-05}. Best is trial 9 with value: 0.9090909090909091.
[I 2026-04-11 09:59:12,991] Trial 21 finished with value: 0.8787878787878788 and parameters: {'batch_size': 48, 'window_size': 2, 'attention_heads': 2, 'hidden_dimension': 48, 'number_of_hidden_layers': 1, 'dropout_rate': 0.12786464642366116, 'learning_rate': 8.09591399629856e-05, 'weight_decay': 3.0138649046798015e-05}. Best is trial 9 with value: 0.9090909090909091.
[I 2026-04-11 10:13:18,669] Trial 22 finished with value: 0.8606060606060606 and parameters: {'batch_size': 32, 'window_size': 3, 'attention_heads': 2, 'hidden_dimension': 39, 'number_of_hidden_layers': 2, 'dropout_rate': 0.17616196153287178, 'learning_rate': 1.7283732813150755e-05, 'weight_decay': 0.0002860439042982458}. Best is trial 9 with value: 0.9090909090909091.
[I 2026-04-11 10:23:54,844] Trial 23 finished with value: 0.8727272727272727 and parameters: {'batch_size': 80, 'window_size': 2, 'attention_heads': 2, 'hidden_dimension': 61, 'number_of_hidden_layers': 2, 'dropout_rate': 0.18072821947672169, 'learning_rate': 4.9641429311719165e-05, 'weight_decay': 0.0005935956403881875}. Best is trial 9 with value: 0.9090909090909091.
[I 2026-04-11 10:37:05,429] Trial 24 finished with value: 0.8909090909090909 and parameters: {'batch_size': 32, 'window_size': 4, 'attention_heads': 2, 'hidden_dimension': 54, 'number_of_hidden_layers': 1, 'dropout_rate': 0.12472732495753931, 'learning_rate': 2.302554582710013e-05, 'weight_decay': 0.0008268746106579495}. Best is trial 9 with value: 0.9090909090909091.
