[I 2026-04-11 10:47:42,803] Trial 25 finished with value: 0.8848484848484849 and parameters: {'batch_size': 80, 'window_size': 4, 'attention_heads': 1, 'hidden_dimension': 50, 'number_of_hidden_layers': 2, 'dropout_rate': 0.11328238382768914, 'learning_rate': 7.272269153076763e-05, 'weight_decay': 1.6851891062509103e-05}. Best is trial 9 with value: 0.9090909090909091.
[I 2026-04-11 11:05:19,964] Trial 26 finished with value: 0.8848484848484849 and parameters: {'batch_size': 64, 'window_size': 4, 'attention_heads': 2, 'hidden_dimension': 42, 'number_of_hidden_layers': 1, 'dropout_rate': 0.11452583212898898, 'learning_rate': 1.3079365327146106e-05, 'weight_decay': 0.0006372776686918115}. Best is trial 9 with value: 0.9090909090909091.
[I 2026-04-11 11:23:12,253] Trial 27 finished with value: 0.8787878787878788 and parameters: {'batch_size': 88, 'window_size': 4, 'attention_heads': 2, 'hidden_dimension': 64, 'number_of_hidden_layers': 1, 'dropout_rate': 0.13490913776674046, 'learning_rate': 1.3073358622900441e-05, 'weight_decay': 0.0006557649602187117}. Best is trial 9 with value: 0.9090909090909091.
[I 2026-04-11 11:39:39,154] Trial 28 finished with value: 0.8787878787878788 and parameters: {'batch_size': 64, 'window_size': 2, 'attention_heads': 2, 'hidden_dimension': 54, 'number_of_hidden_layers': 1, 'dropout_rate': 0.18128353499729072, 'learning_rate': 1.7421271489033347e-05, 'weight_decay': 0.0004584464154070028}. Best is trial 9 with value: 0.9090909090909091.
[I 2026-04-11 11:52:07,240] Trial 29 finished with value: 0.8848484848484849 and parameters: {'batch_size': 64, 'window_size': 3, 'attention_heads': 1, 'hidden_dimension': 46, 'number_of_hidden_layers': 2, 'dropout_rate': 0.11370435238712927, 'learning_rate': 3.5776050163665286e-05, 'weight_decay': 1.1679143743852947e-05}. Best is trial 9 with value: 0.9090909090909091.
[I 2026-04-11 12:04:59,326] Trial 30 finished with value: 0.8909090909090909 and parameters: {'batch_size': 88, 'window_size': 2, 'attention_heads': 2, 'hidden_dimension': 44, 'number_of_hidden_layers': 2, 'dropout_rate': 0.17533210754062523, 'learning_rate': 3.622849626865644e-05, 'weight_decay': 0.0004662951076688712}. Best is trial 9 with value: 0.9090909090909091.
[I 2026-04-11 12:21:42,162] Trial 31 finished with value: 0.8909090909090909 and parameters: {'batch_size': 56, 'window_size': 3, 'attention_heads': 1, 'hidden_dimension': 32, 'number_of_hidden_layers': 2, 'dropout_rate': 0.11066024691621773, 'learning_rate': 1.1584545083525984e-05, 'weight_decay': 0.0008825500881290017}. Best is trial 9 with value: 0.9090909090909091.
[I 2026-04-11 12:40:07,148] Trial 32 finished with value: 0.8666666666666667 and parameters: {'batch_size': 64, 'window_size': 4, 'attention_heads': 2, 'hidden_dimension': 56, 'number_of_hidden_layers': 1, 'dropout_rate': 0.10954492695544694, 'learning_rate': 1.0965044960510183e-05, 'weight_decay': 0.0009146811895881414}. Best is trial 9 with value: 0.9090909090909091.
[I 2026-04-11 12:56:52,923] Trial 33 finished with value: 0.8666666666666667 and parameters: {'batch_size': 80, 'window_size': 4, 'attention_heads': 1, 'hidden_dimension': 36, 'number_of_hidden_layers': 2, 'dropout_rate': 0.1030655625814387, 'learning_rate': 1.0006962799737816e-05, 'weight_decay': 0.0006742085833018026}. Best is trial 9 with value: 0.9090909090909091.
[I 2026-04-11 13:07:15,866] Trial 34 finished with value: 0.8909090909090909 and parameters: {'batch_size': 56, 'window_size': 4, 'attention_heads': 1, 'hidden_dimension': 48, 'number_of_hidden_layers': 2, 'dropout_rate': 0.10902294016249474, 'learning_rate': 5.300690210882164e-05, 'weight_decay': 5.447443618267398e-05}. Best is trial 9 with value: 0.9090909090909091.
[I 2026-04-11 13:21:35,858] Trial 35 finished with value: 0.8727272727272727 and parameters: {'batch_size': 56, 'window_size': 4, 'attention_heads': 1, 'hidden_dimension': 46, 'number_of_hidden_layers': 2, 'dropout_rate': 0.10818065564750036, 'learning_rate': 2.686546119186541e-05, 'weight_decay': 2.1697250553251143e-05}. Best is trial 9 with value: 0.9090909090909091.
[I 2026-04-11 13:37:56,750] Trial 36 finished with value: 0.8606060606060606 and parameters: {'batch_size': 88, 'window_size': 3, 'attention_heads': 2, 'hidden_dimension': 56, 'number_of_hidden_layers': 1, 'dropout_rate': 0.13108609066125065, 'learning_rate': 1.0130542587768235e-05, 'weight_decay': 0.00014544264591243443}. Best is trial 9 with value: 0.9090909090909091.
[I 2026-04-11 13:54:13,793] Trial 37 finished with value: 0.8909090909090909 and parameters: {'batch_size': 56, 'window_size': 2, 'attention_heads': 1, 'hidden_dimension': 43, 'number_of_hidden_layers': 2, 'dropout_rate': 0.11526240866604737, 'learning_rate': 2.134927748878958e-05, 'weight_decay': 0.0006098392796533072}. Best is trial 9 with value: 0.9090909090909091.
[I 2026-04-11 14:10:39,318] Trial 38 finished with value: 0.8787878787878788 and parameters: {'batch_size': 72, 'window_size': 3, 'attention_heads': 2, 'hidden_dimension': 59, 'number_of_hidden_layers': 2, 'dropout_rate': 0.19214962260812365, 'learning_rate': 1.434520041975503e-05, 'weight_decay': 0.0004274612022893354}. Best is trial 9 with value: 0.9090909090909091.
[I 2026-04-11 14:29:07,875] Trial 39 finished with value: 0.8545454545454545 and parameters: {'batch_size': 48, 'window_size': 4, 'attention_heads': 1, 'hidden_dimension': 53, 'number_of_hidden_layers': 1, 'dropout_rate': 0.1492277340703581, 'learning_rate': 1.0424927824970818e-05, 'weight_decay': 0.0004981331267609422}. Best is trial 9 with value: 0.9090909090909091.
[I 2026-04-11 14:41:07,622] Trial 40 finished with value: 0.8848484848484849 and parameters: {'batch_size': 88, 'window_size': 2, 'attention_heads': 2, 'hidden_dimension': 60, 'number_of_hidden_layers': 2, 'dropout_rate': 0.18894722953154078, 'learning_rate': 2.2895621440790574e-05, 'weight_decay': 0.0006726339179528671}. Best is trial 9 with value: 0.9090909090909091.
[I 2026-04-11 15:00:33,849] Trial 41 finished with value: 0.8909090909090909 and parameters: {'batch_size': 40, 'window_size': 3, 'attention_heads': 1, 'hidden_dimension': 34, 'number_of_hidden_layers': 2, 'dropout_rate': 0.10118086679314486, 'learning_rate': 1.1663717683836395e-05, 'weight_decay': 0.0009542474154938694}. Best is trial 9 with value: 0.9090909090909091.
[I 2026-04-11 15:17:44,488] Trial 42 finished with value: 0.8909090909090909 and parameters: {'batch_size': 40, 'window_size': 4, 'attention_heads': 2, 'hidden_dimension': 42, 'number_of_hidden_layers': 1, 'dropout_rate': 0.11397092923402338, 'learning_rate': 1.824705912715487e-05, 'weight_decay': 0.0001201754304309141}. Best is trial 9 with value: 0.9090909090909091.
[I 2026-04-11 15:26:56,938] Trial 43 finished with value: 0.8909090909090909 and parameters: {'batch_size': 48, 'window_size': 2, 'attention_heads': 2, 'hidden_dimension': 49, 'number_of_hidden_layers': 2, 'dropout_rate': 0.19894473518731953, 'learning_rate': 6.920273598556793e-05, 'weight_decay': 0.0005757566659593972}. Best is trial 9 with value: 0.9090909090909091.
[I 2026-04-11 15:44:36,180] Trial 44 finished with value: 0.8606060606060606 and parameters: {'batch_size': 64, 'window_size': 3, 'attention_heads': 2, 'hidden_dimension': 38, 'number_of_hidden_layers': 2, 'dropout_rate': 0.12216761883269106, 'learning_rate': 1.2088165651003661e-05, 'weight_decay': 0.0002567094591913228}. Best is trial 9 with value: 0.9090909090909091.
[I 2026-04-11 16:04:12,731] Trial 45 finished with value: 0.8909090909090909 and parameters: {'batch_size': 40, 'window_size': 3, 'attention_heads': 1, 'hidden_dimension': 38, 'number_of_hidden_layers': 2, 'dropout_rate': 0.13674471361555046, 'learning_rate': 1.1140873260611819e-05, 'weight_decay': 0.0005543927791846895}. Best is trial 9 with value: 0.9090909090909091.
[I 2026-04-11 16:19:46,099] Trial 46 finished with value: 0.8606060606060606 and parameters: {'batch_size': 64, 'window_size': 2, 'attention_heads': 1, 'hidden_dimension': 33, 'number_of_hidden_layers': 1, 'dropout_rate': 0.12316311729353524, 'learning_rate': 1.0267573987155459e-05, 'weight_decay': 0.0008011899586347996}. Best is trial 9 with value: 0.9090909090909091.
[I 2026-04-11 16:30:48,359] Trial 47 finished with value: 0.8787878787878788 and parameters: {'batch_size': 72, 'window_size': 2, 'attention_heads': 1, 'hidden_dimension': 55, 'number_of_hidden_layers': 2, 'dropout_rate': 0.18723467401258706, 'learning_rate': 3.955715028166015e-05, 'weight_decay': 0.00041487544579950526}. Best is trial 9 with value: 0.9090909090909091.
[I 2026-04-11 16:51:37,854] Trial 48 finished with value: 0.8787878787878788 and parameters: {'batch_size': 32, 'window_size': 2, 'attention_heads': 1, 'hidden_dimension': 41, 'number_of_hidden_layers': 2, 'dropout_rate': 0.11024745070786171, 'learning_rate': 1.138125363178676e-05, 'weight_decay': 0.0005154365855694233}. Best is trial 9 with value: 0.9090909090909091.
[I 2026-04-11 17:07:50,110] Trial 49 finished with value: 0.8787878787878788 and parameters: {'batch_size': 16, 'window_size': 3, 'attention_heads': 1, 'hidden_dimension': 33, 'number_of_hidden_layers': 2, 'dropout_rate': 0.110833206564934, 'learning_rate': 2.0825693632844838e-05, 'weight_decay': 0.0005235931805654192}. Best is trial 9 with value: 0.9090909090909091.
[I 2026-04-11 17:26:09,761] Trial 50 finished with value: 0.8727272727272727 and parameters: {'batch_size': 56, 'window_size': 4, 'attention_heads': 2, 'hidden_dimension': 50, 'number_of_hidden_layers': 1, 'dropout_rate': 0.1399759973703099, 'learning_rate': 1.0189860734342353e-05, 'weight_decay': 0.0002822564729443367}. Best is trial 9 with value: 0.9090909090909091.
[I 2026-04-11 17:50:18,328] Trial 51 finished with value: 0.8666666666666667 and parameters: {'batch_size': 24, 'window_size': 3, 'attention_heads': 1, 'hidden_dimension': 34, 'number_of_hidden_layers': 2, 'dropout_rate': 0.10468965375168335, 'learning_rate': 1.0622230788921178e-05, 'weight_decay': 8.025483637790519e-05}. Best is trial 9 with value: 0.9090909090909091.
[I 2026-04-11 18:11:10,279] Trial 52 finished with value: 0.8787878787878788 and parameters: {'batch_size': 32, 'window_size': 2, 'attention_heads': 1, 'hidden_dimension': 41, 'number_of_hidden_layers': 2, 'dropout_rate': 0.11389823083698505, 'learning_rate': 1.036609932451818e-05, 'weight_decay': 0.0004720306877951155}. Best is trial 9 with value: 0.9090909090909091.
[I 2026-04-11 18:31:18,331] Trial 53 finished with value: 0.9030303030303031 and parameters: {'batch_size': 40, 'window_size': 4, 'attention_heads': 1, 'hidden_dimension': 35, 'number_of_hidden_layers': 2, 'dropout_rate': 0.10018246757855485, 'learning_rate': 1.0623856166884521e-05, 'weight_decay': 0.00018059925033907107}. Best is trial 9 with value: 0.9090909090909091.
[I 2026-04-11 18:51:32,563] Trial 54 finished with value: 0.8727272727272727 and parameters: {'batch_size': 40, 'window_size': 4, 'attention_heads': 1, 'hidden_dimension': 37, 'number_of_hidden_layers': 2, 'dropout_rate': 0.10277339546436108, 'learning_rate': 1.477355174971436e-05, 'weight_decay': 6.422199973528572e-05}. Best is trial 9 with value: 0.9090909090909091.
[I 2026-04-11 19:08:55,579] Trial 55 finished with value: 0.8666666666666667 and parameters: {'batch_size': 56, 'window_size': 4, 'attention_heads': 1, 'hidden_dimension': 36, 'number_of_hidden_layers': 2, 'dropout_rate': 0.10196693373152872, 'learning_rate': 1.012532262980895e-05, 'weight_decay': 0.000311441493047363}. Best is trial 9 with value: 0.9090909090909091.
[I 2026-04-11 19:27:49,625] Trial 56 finished with value: 0.8848484848484849 and parameters: {'batch_size': 48, 'window_size': 4, 'attention_heads': 1, 'hidden_dimension': 42, 'number_of_hidden_layers': 2, 'dropout_rate': 0.11636442608925182, 'learning_rate': 1.052357759493137e-05, 'weight_decay': 0.00021918976922148342}. Best is trial 9 with value: 0.9090909090909091.
[I 2026-04-11 19:39:36,999] Trial 57 finished with value: 0.8787878787878788 and parameters: {'batch_size': 72, 'window_size': 4, 'attention_heads': 1, 'hidden_dimension': 38, 'number_of_hidden_layers': 2, 'dropout_rate': 0.11582838979397404, 'learning_rate': 4.624777353796178e-05, 'weight_decay': 1.9677784536563364e-05}. Best is trial 9 with value: 0.9090909090909091.
[I 2026-04-11 19:50:04,797] Trial 58 finished with value: 0.9030303030303031 and parameters: {'batch_size': 40, 'window_size': 4, 'attention_heads': 2, 'hidden_dimension': 59, 'number_of_hidden_layers': 1, 'dropout_rate': 0.19586957026236107, 'learning_rate': 7.907268056113339e-05, 'weight_decay': 9.834278782805377e-05}. Best is trial 9 with value: 0.9090909090909091.
[I 2026-04-11 20:00:02,977] Trial 59 finished with value: 0.8848484848484849 and parameters: {'batch_size': 48, 'window_size': 4, 'attention_heads': 2, 'hidden_dimension': 59, 'number_of_hidden_layers': 1, 'dropout_rate': 0.18635894775937017, 'learning_rate': 9.75544579584831e-05, 'weight_decay': 0.0001325506224324152}. Best is trial 9 with value: 0.9090909090909091.
[I 2026-04-11 20:12:23,985] Trial 60 finished with value: 0.8787878787878788 and parameters: {'batch_size': 96, 'window_size': 4, 'attention_heads': 2, 'hidden_dimension': 47, 'number_of_hidden_layers': 1, 'dropout_rate': 0.17530848189003545, 'learning_rate': 5.008487947352994e-05, 'weight_decay': 0.00017561877251331877}. Best is trial 9 with value: 0.9090909090909091.
[I 2026-04-11 20:22:30,775] Trial 61 finished with value: 0.8727272727272727 and parameters: {'batch_size': 32, 'window_size': 4, 'attention_heads': 1, 'hidden_dimension': 61, 'number_of_hidden_layers': 1, 'dropout_rate': 0.1771536148350725, 'learning_rate': 6.122607736242056e-05, 'weight_decay': 0.00013397567673369032}. Best is trial 9 with value: 0.9090909090909091.
[I 2026-04-11 20:33:39,925] Trial 62 finished with value: 0.8727272727272727 and parameters: {'batch_size': 32, 'window_size': 4, 'attention_heads': 2, 'hidden_dimension': 61, 'number_of_hidden_layers': 2, 'dropout_rate': 0.18027134597256517, 'learning_rate': 5.681130793149947e-05, 'weight_decay': 3.606057038255997e-05}. Best is trial 9 with value: 0.9090909090909091.
[I 2026-04-11 20:45:31,529] Trial 63 finished with value: 0.8909090909090909 and parameters: {'batch_size': 40, 'window_size': 4, 'attention_heads': 2, 'hidden_dimension': 55, 'number_of_hidden_layers': 1, 'dropout_rate': 0.19576728315210337, 'learning_rate': 3.71907184779945e-05, 'weight_decay': 6.482157033382824e-05}. Best is trial 9 with value: 0.9090909090909091.
[I 2026-04-11 20:55:22,839] Trial 64 finished with value: 0.8787878787878788 and parameters: {'batch_size': 72, 'window_size': 3, 'attention_heads': 2, 'hidden_dimension': 57, 'number_of_hidden_layers': 1, 'dropout_rate': 0.19215048436418983, 'learning_rate': 6.545759549316779e-05, 'weight_decay': 9.72246963580405e-05}. Best is trial 9 with value: 0.9090909090909091.
[I 2026-04-11 21:05:19,936] Trial 65 finished with value: 0.8727272727272727 and parameters: {'batch_size': 48, 'window_size': 4, 'attention_heads': 2, 'hidden_dimension': 55, 'number_of_hidden_layers': 1, 'dropout_rate': 0.1933492597007406, 'learning_rate': 9.273963515773475e-05, 'weight_decay': 6.064724243903662e-05}. Best is trial 9 with value: 0.9090909090909091.
[I 2026-04-11 21:15:03,414] Trial 66 finished with value: 0.8787878787878788 and parameters: {'batch_size': 64, 'window_size': 2, 'attention_heads': 2, 'hidden_dimension': 62, 'number_of_hidden_layers': 2, 'dropout_rate': 0.11950727730181376, 'learning_rate': 3.5619895458725404e-05, 'weight_decay': 6.381538779545913e-05}. Best is trial 9 with value: 0.9090909090909091.
[I 2026-04-11 21:27:14,111] Trial 67 finished with value: 0.8727272727272727 and parameters: {'batch_size': 24, 'window_size': 4, 'attention_heads': 1, 'hidden_dimension': 51, 'number_of_hidden_layers': 1, 'dropout_rate': 0.11742268557945647, 'learning_rate': 3.7714179261682665e-05, 'weight_decay': 1.653572446280766e-05}. Best is trial 9 with value: 0.9090909090909091.
[I 2026-04-11 21:39:34,330] Trial 68 finished with value: 0.8787878787878788 and parameters: {'batch_size': 48, 'window_size': 2, 'attention_heads': 2, 'hidden_dimension': 52, 'number_of_hidden_layers': 2, 'dropout_rate': 0.16290255409653398, 'learning_rate': 1.476819481024496e-05, 'weight_decay': 1.0767927619228143e-05}. Best is trial 9 with value: 0.9090909090909091.
[I 2026-04-11 21:49:23,232] Trial 69 finished with value: 0.8848484848484849 and parameters: {'batch_size': 72, 'window_size': 2, 'attention_heads': 2, 'hidden_dimension': 54, 'number_of_hidden_layers': 2, 'dropout_rate': 0.16437498916728038, 'learning_rate': 5.861742468895797e-05, 'weight_decay': 0.0009446825584856942}. Best is trial 9 with value: 0.9090909090909091.
[I 2026-04-11 22:07:28,477] Trial 70 finished with value: 0.8909090909090909 and parameters: {'batch_size': 48, 'window_size': 3, 'attention_heads': 1, 'hidden_dimension': 33, 'number_of_hidden_layers': 2, 'dropout_rate': 0.10595960344171712, 'learning_rate': 1.1798214476972464e-05, 'weight_decay': 0.0006100874848632797}. Best is trial 9 with value: 0.9090909090909091.
[I 2026-04-11 22:26:02,118] Trial 71 finished with value: 0.8545454545454545 and parameters: {'batch_size': 24, 'window_size': 3, 'attention_heads': 1, 'hidden_dimension': 40, 'number_of_hidden_layers': 2, 'dropout_rate': 0.1183507365959696, 'learning_rate': 1.925594789598915e-05, 'weight_decay': 0.0007180481315544911}. Best is trial 9 with value: 0.9090909090909091.
[I 2026-04-11 22:46:49,611] Trial 72 finished with value: 0.8787878787878788 and parameters: {'batch_size': 32, 'window_size': 2, 'attention_heads': 1, 'hidden_dimension': 36, 'number_of_hidden_layers': 2, 'dropout_rate': 0.13479224364950915, 'learning_rate': 1.6062939438564656e-05, 'weight_decay': 3.98884677500239e-05}. Best is trial 9 with value: 0.9090909090909091.
[I 2026-04-11 22:57:46,306] Trial 73 finished with value: 0.8666666666666667 and parameters: {'batch_size': 16, 'window_size': 3, 'attention_heads': 2, 'hidden_dimension': 57, 'number_of_hidden_layers': 2, 'dropout_rate': 0.1988520459568338, 'learning_rate': 9.349093987783543e-05, 'weight_decay': 0.0002884990466674654}. Best is trial 9 with value: 0.9090909090909091.
[I 2026-04-11 23:11:50,369] Trial 74 finished with value: 0.9030303030303031 and parameters: {'batch_size': 40, 'window_size': 4, 'attention_heads': 2, 'hidden_dimension': 50, 'number_of_hidden_layers': 2, 'dropout_rate': 0.1122723125728064, 'learning_rate': 1.9992538534018375e-05, 'weight_decay': 0.000735945235688326}. Best is trial 9 with value: 0.9090909090909091.
[I 2026-04-11 23:27:09,232] Trial 75 finished with value: 0.8909090909090909 and parameters: {'batch_size': 48, 'window_size': 4, 'attention_heads': 2, 'hidden_dimension': 49, 'number_of_hidden_layers': 2, 'dropout_rate': 0.10511693371699117, 'learning_rate': 1.5903473166950676e-05, 'weight_decay': 0.0007664105694185461}. Best is trial 9 with value: 0.9090909090909091.
[I 2026-04-11 23:39:47,062] Trial 76 finished with value: 0.8727272727272727 and parameters: {'batch_size': 48, 'window_size': 4, 'attention_heads': 2, 'hidden_dimension': 58, 'number_of_hidden_layers': 2, 'dropout_rate': 0.12283361774097723, 'learning_rate': 1.779288643097236e-05, 'weight_decay': 0.00010525709343928588}. Best is trial 9 with value: 0.9090909090909091.
[I 2026-04-11 23:51:14,340] Trial 77 finished with value: 0.8787878787878788 and parameters: {'batch_size': 72, 'window_size': 4, 'attention_heads': 2, 'hidden_dimension': 51, 'number_of_hidden_layers': 2, 'dropout_rate': 0.1063713102076986, 'learning_rate': 3.230935813321551e-05, 'weight_decay': 0.0009939174738862687}. Best is trial 9 with value: 0.9090909090909091.
[I 2026-04-12 00:09:57,512] Trial 78 finished with value: 0.8787878787878788 and parameters: {'batch_size': 16, 'window_size': 3, 'attention_heads': 2, 'hidden_dimension': 37, 'number_of_hidden_layers': 1, 'dropout_rate': 0.1145502908121285, 'learning_rate': 1.1274997049489328e-05, 'weight_decay': 0.0009380170912109463}. Best is trial 9 with value: 0.9090909090909091.
[I 2026-04-12 00:22:16,463] Trial 79 finished with value: 0.9030303030303031 and parameters: {'batch_size': 40, 'window_size': 4, 'attention_heads': 2, 'hidden_dimension': 51, 'number_of_hidden_layers': 2, 'dropout_rate': 0.1177982828711159, 'learning_rate': 2.7672151265861628e-05, 'weight_decay': 0.00022439857851210945}. Best is trial 9 with value: 0.9090909090909091.
[I 2026-04-12 00:33:45,319] Trial 80 finished with value: 0.8727272727272727 and parameters: {'batch_size': 56, 'window_size': 4, 'attention_heads': 2, 'hidden_dimension': 55, 'number_of_hidden_layers': 1, 'dropout_rate': 0.18510711175141376, 'learning_rate': 4.2154660366252136e-05, 'weight_decay': 0.0005815614396870216}. Best is trial 9 with value: 0.9090909090909091.
[I 2026-04-12 00:53:45,051] Trial 81 finished with value: 0.8909090909090909 and parameters: {'batch_size': 40, 'window_size': 4, 'attention_heads': 1, 'hidden_dimension': 32, 'number_of_hidden_layers': 2, 'dropout_rate': 0.10980583358777228, 'learning_rate': 1.0754379785570013e-05, 'weight_decay': 0.0003206806034538372}. Best is trial 9 with value: 0.9090909090909091.
[I 2026-04-12 01:07:01,444] Trial 82 finished with value: 0.8909090909090909 and parameters: {'batch_size': 40, 'window_size': 4, 'attention_heads': 1, 'hidden_dimension': 56, 'number_of_hidden_layers': 2, 'dropout_rate': 0.10572651693830057, 'learning_rate': 2.9010680860627543e-05, 'weight_decay': 0.0008691422439014456}. Best is trial 9 with value: 0.9090909090909091.
[I 2026-04-12 01:18:14,150] Trial 83 finished with value: 0.8909090909090909 and parameters: {'batch_size': 40, 'window_size': 4, 'attention_heads': 2, 'hidden_dimension': 55, 'number_of_hidden_layers': 2, 'dropout_rate': 0.1045940534662445, 'learning_rate': 3.4349223767625996e-05, 'weight_decay': 0.0007153405203177852}. Best is trial 9 with value: 0.9090909090909091.
