[I 2026-04-12 01:30:11,944] Trial 84 finished with value: 0.8787878787878788 and parameters: {'batch_size': 32, 'window_size': 4, 'attention_heads': 2, 'hidden_dimension': 53, 'number_of_hidden_layers': 2, 'dropout_rate': 0.11848583918062129, 'learning_rate': 3.5621551795626556e-05, 'weight_decay': 0.0001747118868505613}. Best is trial 9 with value: 0.9090909090909091.
[I 2026-04-12 01:45:11,939] Trial 85 finished with value: 0.8787878787878788 and parameters: {'batch_size': 128, 'window_size': 3, 'attention_heads': 1, 'hidden_dimension': 33, 'number_of_hidden_layers': 2, 'dropout_rate': 0.19867452567471536, 'learning_rate': 4.3666492084484155e-05, 'weight_decay': 0.00015520889095492772}. Best is trial 9 with value: 0.9090909090909091.
[I 2026-04-12 02:01:45,990] Trial 86 finished with value: 0.8909090909090909 and parameters: {'batch_size': 56, 'window_size': 3, 'attention_heads': 1, 'hidden_dimension': 32, 'number_of_hidden_layers': 2, 'dropout_rate': 0.10980391708395723, 'learning_rate': 1.0403699605777914e-05, 'weight_decay': 0.0006355083903104806}. Best is trial 9 with value: 0.9090909090909091.
[I 2026-04-12 02:13:03,246] Trial 87 finished with value: 0.8727272727272727 and parameters: {'batch_size': 64, 'window_size': 4, 'attention_heads': 1, 'hidden_dimension': 56, 'number_of_hidden_layers': 2, 'dropout_rate': 0.10218797235586789, 'learning_rate': 4.346432757060995e-05, 'weight_decay': 2.2180133667969767e-05}. Best is trial 9 with value: 0.9090909090909091.
[I 2026-04-12 02:25:11,606] Trial 88 finished with value: 0.8787878787878788 and parameters: {'batch_size': 48, 'window_size': 4, 'attention_heads': 2, 'hidden_dimension': 43, 'number_of_hidden_layers': 2, 'dropout_rate': 0.14767663290929076, 'learning_rate': 3.219623267815055e-05, 'weight_decay': 0.0005767936771378874}. Best is trial 9 with value: 0.9090909090909091.
[I 2026-04-12 02:42:04,290] Trial 89 finished with value: 0.8787878787878788 and parameters: {'batch_size': 88, 'window_size': 4, 'attention_heads': 2, 'hidden_dimension': 50, 'number_of_hidden_layers': 1, 'dropout_rate': 0.11129577428368022, 'learning_rate': 1.9215834777031156e-05, 'weight_decay': 0.00023567698715746833}. Best is trial 9 with value: 0.9090909090909091.
[I 2026-04-12 02:53:12,537] Trial 90 finished with value: 0.8727272727272727 and parameters: {'batch_size': 40, 'window_size': 4, 'attention_heads': 2, 'hidden_dimension': 34, 'number_of_hidden_layers': 2, 'dropout_rate': 0.10869391266660822, 'learning_rate': 4.933986181734437e-05, 'weight_decay': 0.00018866781938024193}. Best is trial 9 with value: 0.9090909090909091.
[I 2026-04-12 03:03:31,748] Trial 91 finished with value: 0.8727272727272727 and parameters: {'batch_size': 32, 'window_size': 2, 'attention_heads': 2, 'hidden_dimension': 51, 'number_of_hidden_layers': 2, 'dropout_rate': 0.1924616802314164, 'learning_rate': 3.2168509043644504e-05, 'weight_decay': 0.0007343792073915891}. Best is trial 9 with value: 0.9090909090909091.
[I 2026-04-12 03:13:11,457] Trial 92 finished with value: 0.8727272727272727 and parameters: {'batch_size': 32, 'window_size': 2, 'attention_heads': 2, 'hidden_dimension': 56, 'number_of_hidden_layers': 2, 'dropout_rate': 0.19597930151868614, 'learning_rate': 3.8445326780419214e-05, 'weight_decay': 0.0002642613505778946}. Best is trial 9 with value: 0.9090909090909091.
[I 2026-04-12 03:26:59,180] Trial 93 finished with value: 0.8727272727272727 and parameters: {'batch_size': 32, 'window_size': 4, 'attention_heads': 2, 'hidden_dimension': 47, 'number_of_hidden_layers': 2, 'dropout_rate': 0.12510368582531284, 'learning_rate': 1.9868960070186024e-05, 'weight_decay': 0.000525563981695759}. Best is trial 9 with value: 0.9090909090909091.
[I 2026-04-12 03:36:49,693] Trial 94 finished with value: 0.8727272727272727 and parameters: {'batch_size': 56, 'window_size': 4, 'attention_heads': 2, 'hidden_dimension': 62, 'number_of_hidden_layers': 1, 'dropout_rate': 0.19704121530799962, 'learning_rate': 5.852584244647332e-05, 'weight_decay': 0.00015272667475138617}. Best is trial 9 with value: 0.9090909090909091.
[I 2026-04-12 03:53:03,095] Trial 95 finished with value: 0.8666666666666667 and parameters: {'batch_size': 112, 'window_size': 4, 'attention_heads': 1, 'hidden_dimension': 52, 'number_of_hidden_layers': 2, 'dropout_rate': 0.10864309585369716, 'learning_rate': 2.4034608377467792e-05, 'weight_decay': 1.4014115662805068e-05}. Best is trial 9 with value: 0.9090909090909091.
[I 2026-04-12 04:03:55,328] Trial 96 finished with value: 0.8727272727272727 and parameters: {'batch_size': 80, 'window_size': 3, 'attention_heads': 2, 'hidden_dimension': 56, 'number_of_hidden_layers': 2, 'dropout_rate': 0.18101459185522648, 'learning_rate': 3.511033426273708e-05, 'weight_decay': 0.0006098918313005433}. Best is trial 9 with value: 0.9090909090909091.
[I 2026-04-12 04:13:29,428] Trial 97 finished with value: 0.896969696969697 and parameters: {'batch_size': 40, 'window_size': 2, 'attention_heads': 2, 'hidden_dimension': 60, 'number_of_hidden_layers': 2, 'dropout_rate': 0.1998532871381059, 'learning_rate': 5.635294748127732e-05, 'weight_decay': 0.0006216316132160246}. Best is trial 9 with value: 0.9090909090909091.
[I 2026-04-12 04:22:23,230] Trial 98 finished with value: 0.8909090909090909 and parameters: {'batch_size': 48, 'window_size': 2, 'attention_heads': 2, 'hidden_dimension': 60, 'number_of_hidden_layers': 2, 'dropout_rate': 0.18051216199214878, 'learning_rate': 6.892681134419217e-05, 'weight_decay': 0.0006707674829443978}. Best is trial 9 with value: 0.9090909090909091.
[I 2026-04-12 04:32:17,376] Trial 99 finished with value: 0.8727272727272727 and parameters: {'batch_size': 56, 'window_size': 2, 'attention_heads': 2, 'hidden_dimension': 58, 'number_of_hidden_layers': 2, 'dropout_rate': 0.179574564156972, 'learning_rate': 3.211869199494157e-05, 'weight_decay': 0.0009102670002430958}. Best is trial 9 with value: 0.9090909090909091.
[I 2026-04-12 04:41:50,841] Trial 100 finished with value: 0.8848484848484849 and parameters: {'batch_size': 112, 'window_size': 2, 'attention_heads': 2, 'hidden_dimension': 60, 'number_of_hidden_layers': 2, 'dropout_rate': 0.19280017298265195, 'learning_rate': 5.3167198595487644e-05, 'weight_decay': 0.000664313859078915}. Best is trial 9 with value: 0.9090909090909091.
[I 2026-04-12 04:51:38,934] Trial 101 finished with value: 0.8909090909090909 and parameters: {'batch_size': 32, 'window_size': 2, 'attention_heads': 1, 'hidden_dimension': 60, 'number_of_hidden_layers': 2, 'dropout_rate': 0.195995671705374, 'learning_rate': 6.605915457448362e-05, 'weight_decay': 0.0008188439021766047}. Best is trial 9 with value: 0.9090909090909091.
[I 2026-04-12 05:08:31,828] Trial 102 finished with value: 0.8666666666666667 and parameters: {'batch_size': 32, 'window_size': 4, 'attention_heads': 2, 'hidden_dimension': 49, 'number_of_hidden_layers': 1, 'dropout_rate': 0.12472942405164651, 'learning_rate': 1.0293181205407678e-05, 'weight_decay': 0.0005523244232456445}. Best is trial 9 with value: 0.9090909090909091.

[TRIAL] 9 [VALIDATION PERFORMANCE] 0.9090909090909091 [TRAINING LOSS] 0.0835785950933184 [VALIDATION LOSS] 0.21729488174120584 

number                         			 9
value                          			 0.9090909090909091
params_attention_heads         			 2
params_batch_size              			 80
params_dropout_rate            			 0.1894827350427649
params_hidden_dimension        			 57
params_learning_rate           			 3.961867790406586e-05
params_number_of_hidden_layers 			 2
params_weight_decay            			 0.0006978281265126031
params_window_size             			 2
user_attrs_duplicate           			 False
user_attrs_epoch               			 47
user_attrs_training_loss       			 0.0835785950933184
user_attrs_validation_loss     			 0.21729488174120584

[37] VALIDATION: 0.8848484848484849 TESTING: 0.9402985074626866
[38] VALIDATION: 0.8848484848484849 TESTING: 0.9432835820895522
[39] VALIDATION: 0.8848484848484849 TESTING: 0.9432835820895522
[40] VALIDATION: 0.8909090909090909 TESTING: 0.9402985074626866
[41] VALIDATION: 0.8909090909090909 TESTING: 0.9432835820895522
[42] VALIDATION: 0.9090909090909091 TESTING: 0.9343283582089552
[43] VALIDATION: 0.8787878787878788 TESTING: 0.9462686567164179
[44] VALIDATION: 0.8666666666666667 TESTING: 0.9432835820895522
[45] VALIDATION: 0.8909090909090909 TESTING: 0.9343283582089552
[46] VALIDATION: 0.8909090909090909 TESTING: 0.9223880597014925

Validation performance: 86.67 & 88.73 ± 1.08 & 90.91
Testing performance: 92.24 & 93.91 ± 0.71 & 94.63

[TRIAL] 79 [VALIDATION PERFORMANCE] 0.9030303030303031 [TRAINING LOSS] 0.078587995412258 [VALIDATION LOSS] 0.19586620777845382 

number                         			 79
value                          			 0.9030303030303031
params_attention_heads         			 2
params_batch_size              			 40
params_dropout_rate            			 0.1177982828711159
params_hidden_dimension        			 51
params_learning_rate           			 2.7672151265861628e-05
params_number_of_hidden_layers 			 2
params_weight_decay            			 0.00022439857851210945
params_window_size             			 4
user_attrs_duplicate           			 False
user_attrs_epoch               			 38
user_attrs_training_loss       			 0.078587995412258
user_attrs_validation_loss     			 0.19586620777845382

[37] VALIDATION: 0.8909090909090909 TESTING: 0.9402985074626866
[38] VALIDATION: 0.8909090909090909 TESTING: 0.9223880597014925
[39] VALIDATION: 0.8909090909090909 TESTING: 0.9373134328358209
[40] VALIDATION: 0.896969696969697 TESTING: 0.9343283582089552
[41] VALIDATION: 0.8909090909090909 TESTING: 0.9432835820895522
[42] VALIDATION: 0.9030303030303031 TESTING: 0.9313432835820895
[43] VALIDATION: 0.896969696969697 TESTING: 0.9283582089552239
[44] VALIDATION: 0.9030303030303031 TESTING: 0.9373134328358209
[45] VALIDATION: 0.896969696969697 TESTING: 0.9343283582089552
[46] VALIDATION: 0.8909090909090909 TESTING: 0.9373134328358209

Validation performance: 89.09 & 89.52 ± 0.5 & 90.3
Testing performance: 92.24 & 93.46 ± 0.6 & 94.33

[TRIAL] 74 [VALIDATION PERFORMANCE] 0.9030303030303031 [TRAINING LOSS] 0.08381958277179645 [VALIDATION LOSS] 0.21211177110671997 

number                         			 74
value                          			 0.9030303030303031
params_attention_heads         			 2
params_batch_size              			 40
params_dropout_rate            			 0.1122723125728064
params_hidden_dimension        			 50
params_learning_rate           			 1.9992538534018375e-05
params_number_of_hidden_layers 			 2
params_weight_decay            			 0.000735945235688326
params_window_size             			 4
user_attrs_duplicate           			 False
user_attrs_epoch               			 55
user_attrs_training_loss       			 0.08381958277179645
user_attrs_validation_loss     			 0.21211177110671997

[37] VALIDATION: 0.8909090909090909 TESTING: 0.9462686567164179
[38] VALIDATION: 0.8787878787878788 TESTING: 0.9373134328358209
[39] VALIDATION: 0.8848484848484849 TESTING: 0.9402985074626866
[40] VALIDATION: 0.8909090909090909 TESTING: 0.9373134328358209
[41] VALIDATION: 0.8787878787878788 TESTING: 0.9343283582089552
[42] VALIDATION: 0.9030303030303031 TESTING: 0.9283582089552239
[43] VALIDATION: 0.896969696969697 TESTING: 0.9283582089552239
[44] VALIDATION: 0.8848484848484849 TESTING: 0.9343283582089552
[45] VALIDATION: 0.9030303030303031 TESTING: 0.9402985074626866
[46] VALIDATION: 0.8909090909090909 TESTING: 0.9373134328358209

Validation performance: 87.88 & 89.03 ± 0.88 & 90.3
Testing performance: 92.84 & 93.64 ± 0.55 & 94.63

[IMDb-1k] Elapsed time: 4053.854987581571 minutes.
