SLURM NODE: kn055
[I 2026-02-26 05:26:11,387] Using an existing study with name 'R8-Sliding_windows' instead of creating a new one.
[UPDATE] 50 completed trials using a random sampler. Switching from random to TPE sampling.
Last trial state: 0
Enqueuing hyper-parameters: {'batch_size': 64, 'window_size': 5, 'attention_heads': 1, 'hidden_dimension': 32, 'number_of_hidden_layers': 2, 'dropout_rate': 0.1, 'learning_rate': 0.0003, 'weight_decay': 1e-06}
[I 2026-02-26 06:10:38,385] Trial 78 finished with value: 0.9673490515492583 and parameters: {'batch_size': 64, 'window_size': 5, 'attention_heads': 1, 'hidden_dimension': 32, 'number_of_hidden_layers': 2, 'dropout_rate': 0.1, 'learning_rate': 0.0003, 'weight_decay': 1e-06}. Best is trial 78 with value: 0.9673490515492583.
[I 2026-02-26 06:10:38,992] Trial 79 pruned. Duplicate hyper-parameters, same as those used in trial 78: {'batch_size': 64, 'window_size': 5, 'attention_heads': 1, 'hidden_dimension': 32, 'number_of_hidden_layers': 2, 'dropout_rate': 0.1, 'learning_rate': 0.0003, 'weight_decay': 1e-06}.
[I 2026-02-26 06:48:50,616] Trial 80 finished with value: 0.9518992757451918 and parameters: {'batch_size': 64, 'window_size': 3, 'attention_heads': 2, 'hidden_dimension': 32, 'number_of_hidden_layers': 2, 'dropout_rate': 0.1, 'learning_rate': 0.001, 'weight_decay': 1e-05}. Best is trial 78 with value: 0.9673490515492583.
[I 2026-02-26 07:46:15,079] Trial 81 finished with value: 0.9510659575804843 and parameters: {'batch_size': 16, 'window_size': 5, 'attention_heads': 6, 'hidden_dimension': 32, 'number_of_hidden_layers': 2, 'dropout_rate': 0.2, 'learning_rate': 0.0003, 'weight_decay': 1e-06}. Best is trial 78 with value: 0.9673490515492583.
[I 2026-02-26 08:28:24,106] Trial 82 finished with value: 0.9645820078799119 and parameters: {'batch_size': 64, 'window_size': 2, 'attention_heads': 2, 'hidden_dimension': 32, 'number_of_hidden_layers': 2, 'dropout_rate': 0.1, 'learning_rate': 0.0003, 'weight_decay': 1e-05}. Best is trial 78 with value: 0.9673490515492583.
[I 2026-02-26 09:10:05,897] Trial 83 finished with value: 0.9587732201463286 and parameters: {'batch_size': 64, 'window_size': 2, 'attention_heads': 6, 'hidden_dimension': 32, 'number_of_hidden_layers': 2, 'dropout_rate': 0.3, 'learning_rate': 0.0003, 'weight_decay': 1e-06}. Best is trial 78 with value: 0.9673490515492583.
[I 2026-02-26 09:10:06,537] Trial 84 pruned. Duplicate hyper-parameters, same as those used in trial 83: {'batch_size': 64, 'window_size': 2, 'attention_heads': 6, 'hidden_dimension': 32, 'number_of_hidden_layers': 2, 'dropout_rate': 0.3, 'learning_rate': 0.0003, 'weight_decay': 1e-06}.
[I 2026-02-26 10:06:47,207] Trial 85 finished with value: 0.9640740268835659 and parameters: {'batch_size': 32, 'window_size': 2, 'attention_heads': 2, 'hidden_dimension': 32, 'number_of_hidden_layers': 2, 'dropout_rate': 0.1, 'learning_rate': 0.0003, 'weight_decay': 1e-05}. Best is trial 78 with value: 0.9673490515492583.
[I 2026-02-26 11:03:35,222] Trial 86 finished with value: 0.9580360042635399 and parameters: {'batch_size': 32, 'window_size': 2, 'attention_heads': 2, 'hidden_dimension': 32, 'number_of_hidden_layers': 2, 'dropout_rate': 0.1, 'learning_rate': 0.0003, 'weight_decay': 0.0001}. Best is trial 78 with value: 0.9673490515492583.
[I 2026-02-26 11:03:35,909] Trial 87 pruned. Duplicate hyper-parameters, same as those used in trial 82: {'batch_size': 64, 'window_size': 2, 'attention_heads': 2, 'hidden_dimension': 32, 'number_of_hidden_layers': 2, 'dropout_rate': 0.1, 'learning_rate': 0.0003, 'weight_decay': 1e-05}.
[I 2026-02-26 12:18:00,038] Trial 88 finished with value: 0.943069428133994 and parameters: {'batch_size': 64, 'window_size': 2, 'attention_heads': 2, 'hidden_dimension': 64, 'number_of_hidden_layers': 2, 'dropout_rate': 0.1, 'learning_rate': 1e-05, 'weight_decay': 1e-05}. Best is trial 78 with value: 0.9673490515492583.
[I 2026-02-26 14:10:22,483] Trial 89 finished with value: 0.9466438655198177 and parameters: {'batch_size': 32, 'window_size': 2, 'attention_heads': 2, 'hidden_dimension': 32, 'number_of_hidden_layers': 2, 'dropout_rate': 0.2, 'learning_rate': 1e-05, 'weight_decay': 1e-05}. Best is trial 78 with value: 0.9673490515492583.
[I 2026-02-26 14:46:12,635] Trial 90 finished with value: 0.9385632150001915 and parameters: {'batch_size': 128, 'window_size': 3, 'attention_heads': 1, 'hidden_dimension': 128, 'number_of_hidden_layers': 2, 'dropout_rate': 0.4, 'learning_rate': 0.0003, 'weight_decay': 1e-06}. Best is trial 78 with value: 0.9673490515492583.
[I 2026-02-26 15:42:32,807] Trial 91 finished with value: 0.9501192380261252 and parameters: {'batch_size': 16, 'window_size': 5, 'attention_heads': 2, 'hidden_dimension': 128, 'number_of_hidden_layers': 2, 'dropout_rate': 0.1, 'learning_rate': 0.0003, 'weight_decay': 1e-05}. Best is trial 78 with value: 0.9673490515492583.
[I 2026-02-26 16:41:10,509] Trial 92 finished with value: 0.9510769747564383 and parameters: {'batch_size': 32, 'window_size': 2, 'attention_heads': 2, 'hidden_dimension': 32, 'number_of_hidden_layers': 2, 'dropout_rate': 0.1, 'learning_rate': 0.0001, 'weight_decay': 1e-05}. Best is trial 78 with value: 0.9673490515492583.
[I 2026-02-26 17:20:27,992] Trial 93 finished with value: 0.9528581089646702 and parameters: {'batch_size': 128, 'window_size': 2, 'attention_heads': 2, 'hidden_dimension': 32, 'number_of_hidden_layers': 2, 'dropout_rate': 0.1, 'learning_rate': 0.0003, 'weight_decay': 0.001}. Best is trial 78 with value: 0.9673490515492583.
[I 2026-02-26 18:17:54,361] Trial 94 finished with value: 0.9599645475512735 and parameters: {'batch_size': 32, 'window_size': 2, 'attention_heads': 6, 'hidden_dimension': 32, 'number_of_hidden_layers': 2, 'dropout_rate': 0.1, 'learning_rate': 0.0003, 'weight_decay': 1e-05}. Best is trial 78 with value: 0.9673490515492583.
[I 2026-02-26 19:10:10,942] Trial 95 finished with value: 0.9435364333839003 and parameters: {'batch_size': 32, 'window_size': 3, 'attention_heads': 6, 'hidden_dimension': 32, 'number_of_hidden_layers': 2, 'dropout_rate': 0.1, 'learning_rate': 0.0003, 'weight_decay': 1e-05}. Best is trial 78 with value: 0.9673490515492583.
[I 2026-02-26 20:00:03,594] Trial 96 finished with value: 0.9487090233220512 and parameters: {'batch_size': 32, 'window_size': 2, 'attention_heads': 8, 'hidden_dimension': 32, 'number_of_hidden_layers': 2, 'dropout_rate': 0.1, 'learning_rate': 0.0003, 'weight_decay': 1e-05}. Best is trial 78 with value: 0.9673490515492583.
[I 2026-02-26 20:58:02,151] Trial 97 finished with value: 0.9511020264319585 and parameters: {'batch_size': 16, 'window_size': 2, 'attention_heads': 6, 'hidden_dimension': 32, 'number_of_hidden_layers': 2, 'dropout_rate': 0.1, 'learning_rate': 0.0003, 'weight_decay': 1e-05}. Best is trial 78 with value: 0.9673490515492583.
[I 2026-02-26 21:41:43,130] Trial 98 finished with value: 0.9579177850185892 and parameters: {'batch_size': 64, 'window_size': 2, 'attention_heads': 1, 'hidden_dimension': 32, 'number_of_hidden_layers': 2, 'dropout_rate': 0.2, 'learning_rate': 0.0003, 'weight_decay': 1e-05}. Best is trial 78 with value: 0.9673490515492583.
[I 2026-02-26 22:30:38,505] Trial 99 finished with value: 0.9654996909822431 and parameters: {'batch_size': 64, 'window_size': 5, 'attention_heads': 2, 'hidden_dimension': 32, 'number_of_hidden_layers': 2, 'dropout_rate': 0.2, 'learning_rate': 0.0003, 'weight_decay': 1e-05}. Best is trial 78 with value: 0.9673490515492583.
[I 2026-02-26 23:13:41,984] Trial 100 finished with value: 0.9476977323790897 and parameters: {'batch_size': 64, 'window_size': 5, 'attention_heads': 2, 'hidden_dimension': 128, 'number_of_hidden_layers': 2, 'dropout_rate': 0.2, 'learning_rate': 0.0003, 'weight_decay': 1e-05}. Best is trial 78 with value: 0.9673490515492583.
[I 2026-02-27 00:06:12,638] Trial 101 finished with value: 0.9539261434572468 and parameters: {'batch_size': 64, 'window_size': 5, 'attention_heads': 2, 'hidden_dimension': 32, 'number_of_hidden_layers': 2, 'dropout_rate': 0.2, 'learning_rate': 0.0001, 'weight_decay': 1e-05}. Best is trial 78 with value: 0.9673490515492583.
[I 2026-02-27 00:49:50,618] Trial 102 finished with value: 0.937979575935828 and parameters: {'batch_size': 32, 'window_size': 2, 'attention_heads': 2, 'hidden_dimension': 32, 'number_of_hidden_layers': 1, 'dropout_rate': 0.3, 'learning_rate': 0.0003, 'weight_decay': 1e-05}. Best is trial 78 with value: 0.9673490515492583.
[I 2026-02-27 01:34:53,857] Trial 103 finished with value: 0.9504812837221206 and parameters: {'batch_size': 32, 'window_size': 2, 'attention_heads': 6, 'hidden_dimension': 128, 'number_of_hidden_layers': 2, 'dropout_rate': 0.1, 'learning_rate': 0.0003, 'weight_decay': 1e-05}. Best is trial 78 with value: 0.9673490515492583.
[I 2026-02-27 01:34:54,545] Trial 104 pruned. Duplicate hyper-parameters, same as those used in trial 67: {'batch_size': 64, 'window_size': 5, 'attention_heads': 2, 'hidden_dimension': 32, 'number_of_hidden_layers': 2, 'dropout_rate': 0.1, 'learning_rate': 0.0003, 'weight_decay': 1e-05}.
[I 2026-02-27 02:18:05,302] Trial 105 finished with value: 0.945940761583443 and parameters: {'batch_size': 32, 'window_size': 2, 'attention_heads': 6, 'hidden_dimension': 32, 'number_of_hidden_layers': 1, 'dropout_rate': 0.1, 'learning_rate': 0.001, 'weight_decay': 1e-05}. Best is trial 78 with value: 0.9673490515492583.
[I 2026-02-27 03:03:34,966] Trial 106 finished with value: 0.9432630858768496 and parameters: {'batch_size': 32, 'window_size': 2, 'attention_heads': 4, 'hidden_dimension': 32, 'number_of_hidden_layers': 0, 'dropout_rate': 0.1, 'learning_rate': 0.0003, 'weight_decay': 1e-05}. Best is trial 78 with value: 0.9673490515492583.
[I 2026-02-27 03:45:50,134] Trial 107 finished with value: 0.9633553423296849 and parameters: {'batch_size': 64, 'window_size': 4, 'attention_heads': 2, 'hidden_dimension': 32, 'number_of_hidden_layers': 2, 'dropout_rate': 0.2, 'learning_rate': 0.0003, 'weight_decay': 1e-05}. Best is trial 78 with value: 0.9673490515492583.
[I 2026-02-27 04:28:00,473] Trial 108 finished with value: 0.9567869034792906 and parameters: {'batch_size': 64, 'window_size': 4, 'attention_heads': 2, 'hidden_dimension': 32, 'number_of_hidden_layers': 2, 'dropout_rate': 0.4, 'learning_rate': 0.0003, 'weight_decay': 0.0001}. Best is trial 78 with value: 0.9673490515492583.
[I 2026-02-27 05:11:32,361] Trial 109 finished with value: 0.9501787769977781 and parameters: {'batch_size': 32, 'window_size': 2, 'attention_heads': 2, 'hidden_dimension': 64, 'number_of_hidden_layers': 2, 'dropout_rate': 0.1, 'learning_rate': 0.0003, 'weight_decay': 1e-05}. Best is trial 78 with value: 0.9673490515492583.
[I 2026-02-27 05:11:32,956] Trial 110 pruned. Duplicate hyper-parameters, same as those used in trial 107: {'batch_size': 64, 'window_size': 4, 'attention_heads': 2, 'hidden_dimension': 32, 'number_of_hidden_layers': 2, 'dropout_rate': 0.2, 'learning_rate': 0.0003, 'weight_decay': 1e-05}.
[I 2026-02-27 05:55:07,030] Trial 111 finished with value: 0.9430204791432403 and parameters: {'batch_size': 32, 'window_size': 2, 'attention_heads': 2, 'hidden_dimension': 32, 'number_of_hidden_layers': 2, 'dropout_rate': 0.4, 'learning_rate': 0.0003, 'weight_decay': 1e-05}. Best is trial 78 with value: 0.9673490515492583.
[I 2026-02-27 06:51:31,512] Trial 112 finished with value: 0.947895595120131 and parameters: {'batch_size': 32, 'window_size': 2, 'attention_heads': 6, 'hidden_dimension': 32, 'number_of_hidden_layers': 2, 'dropout_rate': 0.3, 'learning_rate': 0.0003, 'weight_decay': 1e-05}. Best is trial 78 with value: 0.9673490515492583.
[I 2026-02-27 07:35:35,164] Trial 113 finished with value: 0.9480216806550148 and parameters: {'batch_size': 64, 'window_size': 5, 'attention_heads': 8, 'hidden_dimension': 32, 'number_of_hidden_layers': 2, 'dropout_rate': 0.3, 'learning_rate': 0.0003, 'weight_decay': 1e-06}. Best is trial 78 with value: 0.9673490515492583.
[I 2026-02-27 08:16:01,761] Trial 114 finished with value: 0.9552034108817555 and parameters: {'batch_size': 64, 'window_size': 4, 'attention_heads': 2, 'hidden_dimension': 32, 'number_of_hidden_layers': 0, 'dropout_rate': 0.1, 'learning_rate': 0.0003, 'weight_decay': 1e-05}. Best is trial 78 with value: 0.9673490515492583.
[I 2026-02-27 08:57:31,285] Trial 115 finished with value: 0.945874849829687 and parameters: {'batch_size': 128, 'window_size': 5, 'attention_heads': 8, 'hidden_dimension': 32, 'number_of_hidden_layers': 2, 'dropout_rate': 0.2, 'learning_rate': 0.0003, 'weight_decay': 1e-05}. Best is trial 78 with value: 0.9673490515492583.
[I 2026-02-27 09:39:53,210] Trial 116 finished with value: 0.94865514368036 and parameters: {'batch_size': 64, 'window_size': 3, 'attention_heads': 4, 'hidden_dimension': 32, 'number_of_hidden_layers': 2, 'dropout_rate': 0.3, 'learning_rate': 0.0003, 'weight_decay': 1e-06}. Best is trial 78 with value: 0.9673490515492583.
[I 2026-02-27 09:39:53,952] Trial 117 pruned. Duplicate hyper-parameters, same as those used in trial 49: {'batch_size': 64, 'window_size': 3, 'attention_heads': 2, 'hidden_dimension': 32, 'number_of_hidden_layers': 2, 'dropout_rate': 0.3, 'learning_rate': 0.0003, 'weight_decay': 1e-06}.
[I 2026-02-27 10:17:43,572] Trial 118 finished with value: 0.9598308304098061 and parameters: {'batch_size': 128, 'window_size': 5, 'attention_heads': 1, 'hidden_dimension': 32, 'number_of_hidden_layers': 0, 'dropout_rate': 0.4, 'learning_rate': 0.0003, 'weight_decay': 0.0001}. Best is trial 78 with value: 0.9673490515492583.
[I 2026-02-27 10:57:22,353] Trial 119 finished with value: 0.9604593909503293 and parameters: {'batch_size': 128, 'window_size': 5, 'attention_heads': 1, 'hidden_dimension': 32, 'number_of_hidden_layers': 2, 'dropout_rate': 0.4, 'learning_rate': 0.0003, 'weight_decay': 0.0001}. Best is trial 78 with value: 0.9673490515492583.
[I 2026-02-27 10:57:23,051] Trial 120 pruned. Duplicate hyper-parameters, same as those used in trial 119: {'batch_size': 128, 'window_size': 5, 'attention_heads': 1, 'hidden_dimension': 32, 'number_of_hidden_layers': 2, 'dropout_rate': 0.4, 'learning_rate': 0.0003, 'weight_decay': 0.0001}.
[I 2026-02-27 11:36:13,939] Trial 121 finished with value: 0.9464961063713164 and parameters: {'batch_size': 128, 'window_size': 5, 'attention_heads': 4, 'hidden_dimension': 32, 'number_of_hidden_layers': 2, 'dropout_rate': 0.3, 'learning_rate': 0.0003, 'weight_decay': 0.0001}. Best is trial 78 with value: 0.9673490515492583.
[I 2026-02-27 12:15:51,263] Trial 122 finished with value: 0.9579788773721858 and parameters: {'batch_size': 128, 'window_size': 5, 'attention_heads': 4, 'hidden_dimension': 32, 'number_of_hidden_layers': 0, 'dropout_rate': 0.4, 'learning_rate': 0.0003, 'weight_decay': 0.001}. Best is trial 78 with value: 0.9673490515492583.
[I 2026-02-27 13:07:19,082] Trial 123 finished with value: 0.9505988020840388 and parameters: {'batch_size': 32, 'window_size': 5, 'attention_heads': 1, 'hidden_dimension': 32, 'number_of_hidden_layers': 2, 'dropout_rate': 0.2, 'learning_rate': 0.0003, 'weight_decay': 1e-05}. Best is trial 78 with value: 0.9673490515492583.
[I 2026-02-27 13:45:06,925] Trial 124 finished with value: 0.9495814880846071 and parameters: {'batch_size': 128, 'window_size': 2, 'attention_heads': 1, 'hidden_dimension': 32, 'number_of_hidden_layers': 0, 'dropout_rate': 0.4, 'learning_rate': 0.0003, 'weight_decay': 0.0001}. Best is trial 78 with value: 0.9673490515492583.
[I 2026-02-27 13:45:07,547] Trial 125 pruned. Duplicate hyper-parameters, same as those used in trial 62: {'batch_size': 64, 'window_size': 5, 'attention_heads': 2, 'hidden_dimension': 32, 'number_of_hidden_layers': 2, 'dropout_rate': 0.1, 'learning_rate': 0.0003, 'weight_decay': 1e-06}.
[I 2026-02-27 14:40:05,572] Trial 126 finished with value: 0.9450204871800221 and parameters: {'batch_size': 16, 'window_size': 2, 'attention_heads': 2, 'hidden_dimension': 32, 'number_of_hidden_layers': 2, 'dropout_rate': 0.2, 'learning_rate': 0.0003, 'weight_decay': 1e-05}. Best is trial 78 with value: 0.9673490515492583.
[I 2026-02-27 15:26:32,983] Trial 127 finished with value: 0.945894490382657 and parameters: {'batch_size': 32, 'window_size': 5, 'attention_heads': 1, 'hidden_dimension': 32, 'number_of_hidden_layers': 1, 'dropout_rate': 0.4, 'learning_rate': 0.0003, 'weight_decay': 0.0001}. Best is trial 78 with value: 0.9673490515492583.
[I 2026-02-27 15:26:33,715] Trial 128 pruned. Duplicate hyper-parameters, same as those used in trial 118: {'batch_size': 128, 'window_size': 5, 'attention_heads': 1, 'hidden_dimension': 32, 'number_of_hidden_layers': 0, 'dropout_rate': 0.4, 'learning_rate': 0.0003, 'weight_decay': 0.0001}.
[I 2026-02-27 15:26:34,477] Trial 129 pruned. Duplicate hyper-parameters, same as those used in trial 99: {'batch_size': 64, 'window_size': 5, 'attention_heads': 2, 'hidden_dimension': 32, 'number_of_hidden_layers': 2, 'dropout_rate': 0.2, 'learning_rate': 0.0003, 'weight_decay': 1e-05}.
[I 2026-02-27 16:04:43,794] Trial 130 finished with value: 0.956951980542857 and parameters: {'batch_size': 128, 'window_size': 3, 'attention_heads': 2, 'hidden_dimension': 32, 'number_of_hidden_layers': 0, 'dropout_rate': 0.2, 'learning_rate': 0.0003, 'weight_decay': 0.0001}. Best is trial 78 with value: 0.9673490515492583.
[I 2026-02-27 16:43:35,348] Trial 131 finished with value: 0.9475053745349942 and parameters: {'batch_size': 64, 'window_size': 5, 'attention_heads': 1, 'hidden_dimension': 128, 'number_of_hidden_layers': 0, 'dropout_rate': 0.4, 'learning_rate': 0.0003, 'weight_decay': 0.0001}. Best is trial 78 with value: 0.9673490515492583.
[I 2026-02-27 17:28:54,365] Trial 132 finished with value: 0.9549335972983609 and parameters: {'batch_size': 64, 'window_size': 2, 'attention_heads': 8, 'hidden_dimension': 32, 'number_of_hidden_layers': 0, 'dropout_rate': 0.4, 'learning_rate': 0.0001, 'weight_decay': 0.0001}. Best is trial 78 with value: 0.9673490515492583.
[I 2026-02-27 18:17:40,501] Trial 133 finished with value: 0.9438205874906275 and parameters: {'batch_size': 32, 'window_size': 3, 'attention_heads': 1, 'hidden_dimension': 32, 'number_of_hidden_layers': 2, 'dropout_rate': 0.4, 'learning_rate': 0.0003, 'weight_decay': 0.001}. Best is trial 78 with value: 0.9673490515492583.
[I 2026-02-27 18:56:58,615] Trial 134 finished with value: 0.9559583692640783 and parameters: {'batch_size': 64, 'window_size': 5, 'attention_heads': 1, 'hidden_dimension': 32, 'number_of_hidden_layers': 2, 'dropout_rate': 0.2, 'learning_rate': 0.001, 'weight_decay': 1e-06}. Best is trial 78 with value: 0.9673490515492583.
[I 2026-02-27 19:36:04,079] Trial 135 finished with value: 0.9491475011688681 and parameters: {'batch_size': 64, 'window_size': 4, 'attention_heads': 2, 'hidden_dimension': 32, 'number_of_hidden_layers': 1, 'dropout_rate': 0.2, 'learning_rate': 0.001, 'weight_decay': 1e-05}. Best is trial 78 with value: 0.9673490515492583.
[I 2026-02-27 19:36:04,710] Trial 136 pruned. Duplicate hyper-parameters, same as those used in trial 94: {'batch_size': 32, 'window_size': 2, 'attention_heads': 6, 'hidden_dimension': 32, 'number_of_hidden_layers': 2, 'dropout_rate': 0.1, 'learning_rate': 0.0003, 'weight_decay': 1e-05}.
[I 2026-02-27 20:36:06,536] Trial 137 finished with value: 0.9576981216217866 and parameters: {'batch_size': 32, 'window_size': 4, 'attention_heads': 6, 'hidden_dimension': 64, 'number_of_hidden_layers': 2, 'dropout_rate': 0.1, 'learning_rate': 0.0003, 'weight_decay': 1e-05}. Best is trial 78 with value: 0.9673490515492583.
[I 2026-02-27 21:18:45,386] Trial 138 finished with value: 0.9587732201463286 and parameters: {'batch_size': 64, 'window_size': 2, 'attention_heads': 8, 'hidden_dimension': 64, 'number_of_hidden_layers': 2, 'dropout_rate': 0.3, 'learning_rate': 0.0001, 'weight_decay': 1e-05}. Best is trial 78 with value: 0.9673490515492583.
[I 2026-02-27 22:05:35,575] Trial 139 finished with value: 0.9587732201463286 and parameters: {'batch_size': 64, 'window_size': 2, 'attention_heads': 4, 'hidden_dimension': 32, 'number_of_hidden_layers': 2, 'dropout_rate': 0.1, 'learning_rate': 0.0003, 'weight_decay': 1e-06}. Best is trial 78 with value: 0.9673490515492583.
[I 2026-02-27 22:40:45,176] Trial 140 finished with value: 0.9601668652177874 and parameters: {'batch_size': 128, 'window_size': 5, 'attention_heads': 1, 'hidden_dimension': 32, 'number_of_hidden_layers': 0, 'dropout_rate': 0.1, 'learning_rate': 0.001, 'weight_decay': 0.0001}. Best is trial 78 with value: 0.9673490515492583.
[I 2026-02-27 23:18:11,702] Trial 141 finished with value: 0.954347540618681 and parameters: {'batch_size': 128, 'window_size': 5, 'attention_heads': 4, 'hidden_dimension': 32, 'number_of_hidden_layers': 0, 'dropout_rate': 0.1, 'learning_rate': 0.001, 'weight_decay': 0.0001}. Best is trial 78 with value: 0.9673490515492583.
[I 2026-02-27 23:58:05,959] Trial 142 finished with value: 0.9546759155638368 and parameters: {'batch_size': 128, 'window_size': 3, 'attention_heads': 8, 'hidden_dimension': 32, 'number_of_hidden_layers': 1, 'dropout_rate': 0.1, 'learning_rate': 0.0003, 'weight_decay': 0.0001}. Best is trial 78 with value: 0.9673490515492583.
[I 2026-02-28 00:55:34,552] Trial 143 finished with value: 0.94874802950959 and parameters: {'batch_size': 16, 'window_size': 4, 'attention_heads': 4, 'hidden_dimension': 32, 'number_of_hidden_layers': 2, 'dropout_rate': 0.2, 'learning_rate': 0.0003, 'weight_decay': 1e-05}. Best is trial 78 with value: 0.9673490515492583.
[I 2026-02-28 01:33:13,626] Trial 144 finished with value: 0.9601668652177874 and parameters: {'batch_size': 128, 'window_size': 5, 'attention_heads': 1, 'hidden_dimension': 32, 'number_of_hidden_layers': 0, 'dropout_rate': 0.1, 'learning_rate': 0.001, 'weight_decay': 1e-05}. Best is trial 78 with value: 0.9673490515492583.
