SLURM NODE: kn055
[I 2026-03-01 05:47:10,269] Using an existing study with name 'R8-Sliding_windows' instead of creating a new one.
Unbound optimization already completed.

[UPDATE] Unbound limits: {'batch_size': (np.int64(32), np.int64(128)), 'window_size': (np.int64(4), np.int64(5)), 'attention_heads': (np.int64(1), np.int64(4)), 'hidden_dimension': (np.int64(32), np.int64(64)), 'number_of_hidden_layers': (np.int64(1), np.int64(2)), 'dropout_rate': (np.float64(0.1), np.float64(0.3)), 'learning_rate': (np.float64(0.0001), np.float64(0.001)), 'weight_decay': (np.float64(1e-06), np.float64(0.0001))}
[I 2026-03-01 05:47:11,014] Using an existing study with name 'R8-Sliding_windows-unbound' instead of creating a new one.
Last trial state: 0
Enqueuing hyper-parameters: {'batch_size': 128, 'window_size': 5, 'attention_heads': 3, 'hidden_dimension': 60, 'number_of_hidden_layers': 2, 'dropout_rate': 0.13731401177720717, 'learning_rate': 0.0007808345085542411, 'weight_decay': 1.198628179990119e-05}
[I 2026-03-01 06:24:42,735] Trial 18 finished with value: 0.956131831410198 and parameters: {'batch_size': 128, 'window_size': 5, 'attention_heads': 3, 'hidden_dimension': 60, 'number_of_hidden_layers': 2, 'dropout_rate': 0.13731401177720717, 'learning_rate': 0.0007808345085542411, 'weight_decay': 1.198628179990119e-05}. Best is trial 1 with value: 0.9673490515492583.
[I 2026-03-01 06:24:43,322] Trial 19 pruned. Duplicate hyper-parameters, same as those used in trial 3: {'batch_size': 64, 'window_size': 5, 'attention_heads': 3, 'hidden_dimension': 51, 'number_of_hidden_layers': 1, 'dropout_rate': 0.13119890406724052, 'learning_rate': 0.00011430983876313228, 'weight_decay': 5.39948440978744e-05}.
[I 2026-03-01 06:24:43,884] Trial 20 pruned. Duplicate hyper-parameters, same as those used in trial 4: {'batch_size': 88, 'window_size': 5, 'attention_heads': 1, 'hidden_dimension': 64, 'number_of_hidden_layers': 2, 'dropout_rate': 0.14246782213565523, 'learning_rate': 0.0001519934830130982, 'weight_decay': 2.3270677083837795e-06}.
[I 2026-03-01 06:24:44,527] Trial 21 pruned. Duplicate hyper-parameters, same as those used in trial 5: {'batch_size': 56, 'window_size': 5, 'attention_heads': 2, 'hidden_dimension': 41, 'number_of_hidden_layers': 2, 'dropout_rate': 0.12789877213040837, 'learning_rate': 0.00019594972058679176, 'weight_decay': 5.404103854647334e-06}.
[I 2026-03-01 06:24:45,135] Trial 22 pruned. Duplicate hyper-parameters, same as those used in trial 6: {'batch_size': 72, 'window_size': 5, 'attention_heads': 1, 'hidden_dimension': 48, 'number_of_hidden_layers': 2, 'dropout_rate': 0.10929008254399955, 'learning_rate': 0.0004050837781329676, 'weight_decay': 2.1930485556643695e-06}.
[I 2026-03-01 06:24:45,750] Trial 23 pruned. Duplicate hyper-parameters, same as those used in trial 7: {'batch_size': 32, 'window_size': 5, 'attention_heads': 4, 'hidden_dimension': 58, 'number_of_hidden_layers': 1, 'dropout_rate': 0.11953442280127678, 'learning_rate': 0.0004833180632488466, 'weight_decay': 7.5911048052827045e-06}.
[I 2026-03-01 07:10:31,747] Trial 24 finished with value: 0.9613278413302417 and parameters: {'batch_size': 64, 'window_size': 4, 'attention_heads': 1, 'hidden_dimension': 32, 'number_of_hidden_layers': 2, 'dropout_rate': 0.11678185529633889, 'learning_rate': 0.0002486478875577012, 'weight_decay': 1.140460610618354e-06}. Best is trial 1 with value: 0.9673490515492583.
[I 2026-03-01 07:53:00,050] Trial 25 finished with value: 0.9617443885653887 and parameters: {'batch_size': 72, 'window_size': 5, 'attention_heads': 3, 'hidden_dimension': 32, 'number_of_hidden_layers': 2, 'dropout_rate': 0.1082259309521027, 'learning_rate': 0.0005403715462532524, 'weight_decay': 1.1013813881760062e-06}. Best is trial 1 with value: 0.9673490515492583.
[I 2026-03-01 08:34:52,983] Trial 26 finished with value: 0.949235225695394 and parameters: {'batch_size': 72, 'window_size': 5, 'attention_heads': 2, 'hidden_dimension': 35, 'number_of_hidden_layers': 2, 'dropout_rate': 0.2550545421266497, 'learning_rate': 0.00021755699158532924, 'weight_decay': 1.2462463005320734e-05}. Best is trial 1 with value: 0.9673490515492583.
[I 2026-03-01 09:24:58,253] Trial 27 finished with value: 0.94442633009418 and parameters: {'batch_size': 56, 'window_size': 5, 'attention_heads': 2, 'hidden_dimension': 37, 'number_of_hidden_layers': 2, 'dropout_rate': 0.12687693283605384, 'learning_rate': 0.0001244089261786153, 'weight_decay': 1.1754976682860047e-06}. Best is trial 1 with value: 0.9673490515492583.
[I 2026-03-01 10:06:26,672] Trial 28 finished with value: 0.9485512150229771 and parameters: {'batch_size': 96, 'window_size': 5, 'attention_heads': 2, 'hidden_dimension': 33, 'number_of_hidden_layers': 2, 'dropout_rate': 0.1249617558914794, 'learning_rate': 0.00021213034023487775, 'weight_decay': 1.503140818576278e-06}. Best is trial 1 with value: 0.9673490515492583.
[I 2026-03-01 10:49:49,631] Trial 29 finished with value: 0.9563478037926403 and parameters: {'batch_size': 56, 'window_size': 5, 'attention_heads': 1, 'hidden_dimension': 32, 'number_of_hidden_layers': 2, 'dropout_rate': 0.1676125385843643, 'learning_rate': 0.0005980844971828037, 'weight_decay': 2.3986467434603845e-06}. Best is trial 1 with value: 0.9673490515492583.
[I 2026-03-01 11:36:08,129] Trial 30 finished with value: 0.9445942803168442 and parameters: {'batch_size': 72, 'window_size': 5, 'attention_heads': 1, 'hidden_dimension': 35, 'number_of_hidden_layers': 2, 'dropout_rate': 0.12393262684907214, 'learning_rate': 0.0002689618267950274, 'weight_decay': 1.0746331907135375e-06}. Best is trial 1 with value: 0.9673490515492583.
[I 2026-03-01 12:18:20,145] Trial 31 finished with value: 0.9514291994219602 and parameters: {'batch_size': 64, 'window_size': 5, 'attention_heads': 1, 'hidden_dimension': 35, 'number_of_hidden_layers': 2, 'dropout_rate': 0.20547152158386436, 'learning_rate': 0.0004302749745196001, 'weight_decay': 1.9292069035812952e-05}. Best is trial 1 with value: 0.9673490515492583.
[I 2026-03-01 13:03:18,476] Trial 32 finished with value: 0.9488798118064465 and parameters: {'batch_size': 32, 'window_size': 5, 'attention_heads': 3, 'hidden_dimension': 57, 'number_of_hidden_layers': 2, 'dropout_rate': 0.14588813073947654, 'learning_rate': 0.00017898398523115023, 'weight_decay': 1.1519653296983103e-06}. Best is trial 1 with value: 0.9673490515492583.
[I 2026-03-01 13:48:50,979] Trial 33 finished with value: 0.9606543799009148 and parameters: {'batch_size': 48, 'window_size': 5, 'attention_heads': 2, 'hidden_dimension': 34, 'number_of_hidden_layers': 2, 'dropout_rate': 0.10104312449725811, 'learning_rate': 0.00031385435092446247, 'weight_decay': 1.6886163673287928e-06}. Best is trial 1 with value: 0.9673490515492583.
[I 2026-03-01 14:33:11,049] Trial 34 finished with value: 0.9582831467086108 and parameters: {'batch_size': 56, 'window_size': 5, 'attention_heads': 2, 'hidden_dimension': 36, 'number_of_hidden_layers': 2, 'dropout_rate': 0.2096951007204082, 'learning_rate': 0.00025611283169673553, 'weight_decay': 4.258286059475288e-06}. Best is trial 1 with value: 0.9673490515492583.
[I 2026-03-01 15:17:46,875] Trial 35 finished with value: 0.942250844320474 and parameters: {'batch_size': 32, 'window_size': 5, 'attention_heads': 3, 'hidden_dimension': 33, 'number_of_hidden_layers': 2, 'dropout_rate': 0.20061510679538505, 'learning_rate': 0.00037610925146171084, 'weight_decay': 1.5517662995183297e-05}. Best is trial 1 with value: 0.9673490515492583.
[I 2026-03-01 16:08:59,464] Trial 36 finished with value: 0.9515334308345262 and parameters: {'batch_size': 48, 'window_size': 5, 'attention_heads': 3, 'hidden_dimension': 52, 'number_of_hidden_layers': 2, 'dropout_rate': 0.10403342878365573, 'learning_rate': 0.00034407823726674363, 'weight_decay': 1.228447136532359e-06}. Best is trial 1 with value: 0.9673490515492583.
[I 2026-03-01 17:02:39,523] Trial 37 finished with value: 0.9476822006230938 and parameters: {'batch_size': 48, 'window_size': 5, 'attention_heads': 1, 'hidden_dimension': 33, 'number_of_hidden_layers': 1, 'dropout_rate': 0.11051316725106121, 'learning_rate': 0.0002868290381178202, 'weight_decay': 3.2826016023425116e-06}. Best is trial 1 with value: 0.9673490515492583.
[I 2026-03-01 17:48:36,952] Trial 38 finished with value: 0.961289075445958 and parameters: {'batch_size': 72, 'window_size': 4, 'attention_heads': 2, 'hidden_dimension': 38, 'number_of_hidden_layers': 2, 'dropout_rate': 0.14696420427474724, 'learning_rate': 0.00035613714063783734, 'weight_decay': 1.9918093299173622e-05}. Best is trial 1 with value: 0.9673490515492583.
[I 2026-03-01 18:41:07,029] Trial 39 finished with value: 0.9456106342507664 and parameters: {'batch_size': 32, 'window_size': 5, 'attention_heads': 3, 'hidden_dimension': 57, 'number_of_hidden_layers': 2, 'dropout_rate': 0.12525739097375635, 'learning_rate': 0.00021955130353107474, 'weight_decay': 1.2045065817138952e-05}. Best is trial 1 with value: 0.9673490515492583.
[I 2026-03-01 19:43:29,506] Trial 40 finished with value: 0.9452919383831044 and parameters: {'batch_size': 56, 'window_size': 4, 'attention_heads': 3, 'hidden_dimension': 62, 'number_of_hidden_layers': 2, 'dropout_rate': 0.1382387167222617, 'learning_rate': 0.0004345316912856589, 'weight_decay': 1.076679658623171e-06}. Best is trial 1 with value: 0.9673490515492583.
[I 2026-03-01 20:39:36,100] Trial 41 finished with value: 0.9446233221971778 and parameters: {'batch_size': 80, 'window_size': 5, 'attention_heads': 2, 'hidden_dimension': 33, 'number_of_hidden_layers': 2, 'dropout_rate': 0.1868599204893768, 'learning_rate': 0.000325129280050606, 'weight_decay': 2.4027301798366587e-05}. Best is trial 1 with value: 0.9673490515492583.
[I 2026-03-01 21:35:45,697] Trial 42 finished with value: 0.9547895133857234 and parameters: {'batch_size': 72, 'window_size': 5, 'attention_heads': 3, 'hidden_dimension': 36, 'number_of_hidden_layers': 1, 'dropout_rate': 0.14204866964845017, 'learning_rate': 0.0005199022092930428, 'weight_decay': 1.5319126598878823e-06}. Best is trial 1 with value: 0.9673490515492583.
[I 2026-03-01 22:16:54,392] Trial 43 finished with value: 0.9530089264643349 and parameters: {'batch_size': 72, 'window_size': 5, 'attention_heads': 3, 'hidden_dimension': 33, 'number_of_hidden_layers': 2, 'dropout_rate': 0.108679693419153, 'learning_rate': 0.0005530129423312998, 'weight_decay': 1.512633683366361e-06}. Best is trial 1 with value: 0.9673490515492583.
[I 2026-03-01 23:02:32,579] Trial 44 finished with value: 0.960050490083116 and parameters: {'batch_size': 72, 'window_size': 5, 'attention_heads': 3, 'hidden_dimension': 32, 'number_of_hidden_layers': 2, 'dropout_rate': 0.18264012748061093, 'learning_rate': 0.0008478342305576635, 'weight_decay': 2.0665071620962674e-06}. Best is trial 1 with value: 0.9673490515492583.
[I 2026-03-01 23:47:18,173] Trial 45 finished with value: 0.9473878439286871 and parameters: {'batch_size': 64, 'window_size': 5, 'attention_heads': 3, 'hidden_dimension': 38, 'number_of_hidden_layers': 2, 'dropout_rate': 0.1443352376653821, 'learning_rate': 0.0002607414492271049, 'weight_decay': 1.0968249971186642e-06}. Best is trial 1 with value: 0.9673490515492583.
[I 2026-03-02 00:29:37,637] Trial 46 finished with value: 0.9440905590381701 and parameters: {'batch_size': 88, 'window_size': 5, 'attention_heads': 2, 'hidden_dimension': 45, 'number_of_hidden_layers': 1, 'dropout_rate': 0.2807667036658834, 'learning_rate': 0.0002721124917152725, 'weight_decay': 1.7539905767500438e-05}. Best is trial 1 with value: 0.9673490515492583.
[I 2026-03-02 01:16:30,683] Trial 47 finished with value: 0.9618127003901977 and parameters: {'batch_size': 64, 'window_size': 4, 'attention_heads': 4, 'hidden_dimension': 53, 'number_of_hidden_layers': 1, 'dropout_rate': 0.13087428238910825, 'learning_rate': 0.0001659821737908442, 'weight_decay': 2.2565718480730245e-06}. Best is trial 1 with value: 0.9673490515492583.
[I 2026-03-02 02:12:53,392] Trial 48 finished with value: 0.9639202730261192 and parameters: {'batch_size': 48, 'window_size': 4, 'attention_heads': 4, 'hidden_dimension': 58, 'number_of_hidden_layers': 1, 'dropout_rate': 0.10296672935206859, 'learning_rate': 0.00012671188484996817, 'weight_decay': 2.324121937189781e-06}. Best is trial 1 with value: 0.9673490515492583.
[I 2026-03-02 03:10:08,611] Trial 49 finished with value: 0.9480793035499493 and parameters: {'batch_size': 32, 'window_size': 4, 'attention_heads': 4, 'hidden_dimension': 58, 'number_of_hidden_layers': 1, 'dropout_rate': 0.1128004682282567, 'learning_rate': 0.00011468488653913342, 'weight_decay': 1.1848917664165785e-06}. Best is trial 1 with value: 0.9673490515492583.
[I 2026-03-02 04:02:44,570] Trial 50 finished with value: 0.9475239258329105 and parameters: {'batch_size': 48, 'window_size': 4, 'attention_heads': 1, 'hidden_dimension': 63, 'number_of_hidden_layers': 1, 'dropout_rate': 0.12758885193240344, 'learning_rate': 0.00012102655243673052, 'weight_decay': 8.955879412777154e-05}. Best is trial 1 with value: 0.9673490515492583.
[I 2026-03-02 04:54:02,822] Trial 51 finished with value: 0.9500952658936948 and parameters: {'batch_size': 48, 'window_size': 4, 'attention_heads': 4, 'hidden_dimension': 62, 'number_of_hidden_layers': 1, 'dropout_rate': 0.10857495844589302, 'learning_rate': 0.0002190753276329296, 'weight_decay': 6.632224781860876e-06}. Best is trial 1 with value: 0.9673490515492583.
[I 2026-03-02 05:42:01,375] Trial 52 finished with value: 0.9458656156768057 and parameters: {'batch_size': 56, 'window_size': 4, 'attention_heads': 4, 'hidden_dimension': 48, 'number_of_hidden_layers': 1, 'dropout_rate': 0.12847042804711795, 'learning_rate': 0.00040840592285775547, 'weight_decay': 1.8270251106950857e-06}. Best is trial 1 with value: 0.9673490515492583.
[I 2026-03-02 06:29:48,022] Trial 53 finished with value: 0.9470201366541366 and parameters: {'batch_size': 56, 'window_size': 4, 'attention_heads': 4, 'hidden_dimension': 53, 'number_of_hidden_layers': 1, 'dropout_rate': 0.10889280967499078, 'learning_rate': 0.00010480409718948352, 'weight_decay': 4.330039473331304e-06}. Best is trial 1 with value: 0.9673490515492583.
[I 2026-03-02 07:23:54,809] Trial 54 finished with value: 0.9642496455278778 and parameters: {'batch_size': 48, 'window_size': 4, 'attention_heads': 4, 'hidden_dimension': 51, 'number_of_hidden_layers': 1, 'dropout_rate': 0.2003391878524765, 'learning_rate': 0.00010910023669308536, 'weight_decay': 1.92020589125955e-06}. Best is trial 1 with value: 0.9673490515492583.
[I 2026-03-02 08:09:20,007] Trial 55 finished with value: 0.9491428143465365 and parameters: {'batch_size': 80, 'window_size': 4, 'attention_heads': 4, 'hidden_dimension': 45, 'number_of_hidden_layers': 1, 'dropout_rate': 0.23501303600663395, 'learning_rate': 0.00011850315980728809, 'weight_decay': 2.641713714774547e-06}. Best is trial 1 with value: 0.9673490515492583.
[I 2026-03-02 08:56:54,649] Trial 56 finished with value: 0.947159523644185 and parameters: {'batch_size': 40, 'window_size': 4, 'attention_heads': 3, 'hidden_dimension': 56, 'number_of_hidden_layers': 1, 'dropout_rate': 0.25369548148654475, 'learning_rate': 0.00011635661391371077, 'weight_decay': 1.1422437392023623e-06}. Best is trial 1 with value: 0.9673490515492583.
[I 2026-03-02 09:44:31,939] Trial 57 finished with value: 0.9575751890167519 and parameters: {'batch_size': 40, 'window_size': 4, 'attention_heads': 4, 'hidden_dimension': 54, 'number_of_hidden_layers': 1, 'dropout_rate': 0.19234930038545203, 'learning_rate': 0.0001436011287101243, 'weight_decay': 4.583634758941005e-06}. Best is trial 1 with value: 0.9673490515492583.
[I 2026-03-02 10:32:42,813] Trial 58 finished with value: 0.9499648209189528 and parameters: {'batch_size': 48, 'window_size': 4, 'attention_heads': 4, 'hidden_dimension': 48, 'number_of_hidden_layers': 1, 'dropout_rate': 0.21100117488103456, 'learning_rate': 0.00014861616560013063, 'weight_decay': 1.7795879328521074e-06}. Best is trial 1 with value: 0.9673490515492583.
[I 2026-03-02 11:21:44,101] Trial 59 finished with value: 0.9578162491625262 and parameters: {'batch_size': 48, 'window_size': 5, 'attention_heads': 3, 'hidden_dimension': 59, 'number_of_hidden_layers': 1, 'dropout_rate': 0.2917391405247221, 'learning_rate': 0.0007907268056113333, 'weight_decay': 9.834278782805383e-06}. Best is trial 1 with value: 0.9673490515492583.
[I 2026-03-02 12:09:33,551] Trial 60 finished with value: 0.9335169498643079 and parameters: {'batch_size': 32, 'window_size': 5, 'attention_heads': 1, 'hidden_dimension': 35, 'number_of_hidden_layers': 2, 'dropout_rate': 0.10097467009041546, 'learning_rate': 0.0003762540878090046, 'weight_decay': 1.6343926379124843e-06}. Best is trial 1 with value: 0.9673490515492583.
[I 2026-03-02 13:01:24,828] Trial 61 finished with value: 0.9450022010028065 and parameters: {'batch_size': 56, 'window_size': 5, 'attention_heads': 4, 'hidden_dimension': 40, 'number_of_hidden_layers': 1, 'dropout_rate': 0.17092804166581405, 'learning_rate': 0.0001106740173880519, 'weight_decay': 3.922189157677487e-06}. Best is trial 1 with value: 0.9673490515492583.
[I 2026-03-02 13:43:34,135] Trial 62 finished with value: 0.9394875411363319 and parameters: {'batch_size': 64, 'window_size': 4, 'attention_heads': 3, 'hidden_dimension': 50, 'number_of_hidden_layers': 1, 'dropout_rate': 0.1230713279835059, 'learning_rate': 0.000222858288090655, 'weight_decay': 1.0198740321276754e-06}. Best is trial 1 with value: 0.9673490515492583.
[I 2026-03-02 14:28:38,175] Trial 63 finished with value: 0.9635808509965607 and parameters: {'batch_size': 64, 'window_size': 5, 'attention_heads': 1, 'hidden_dimension': 32, 'number_of_hidden_layers': 2, 'dropout_rate': 0.1073269265377923, 'learning_rate': 0.00040213283454267344, 'weight_decay': 1.1132943545377804e-06}. Best is trial 1 with value: 0.9673490515492583.
[I 2026-03-02 15:14:31,125] Trial 64 finished with value: 0.9454442301231272 and parameters: {'batch_size': 56, 'window_size': 5, 'attention_heads': 1, 'hidden_dimension': 32, 'number_of_hidden_layers': 2, 'dropout_rate': 0.12618059437603119, 'learning_rate': 0.0004971374451600668, 'weight_decay': 1.121243305232266e-06}. Best is trial 1 with value: 0.9673490515492583.
[I 2026-03-02 15:58:35,696] Trial 65 finished with value: 0.954072860585169 and parameters: {'batch_size': 64, 'window_size': 5, 'attention_heads': 1, 'hidden_dimension': 34, 'number_of_hidden_layers': 2, 'dropout_rate': 0.10204599498449941, 'learning_rate': 0.00018872528712053882, 'weight_decay': 2.464295075491785e-06}. Best is trial 1 with value: 0.9673490515492583.
[I 2026-03-02 16:48:58,670] Trial 66 finished with value: 0.9577055131678599 and parameters: {'batch_size': 56, 'window_size': 4, 'attention_heads': 3, 'hidden_dimension': 58, 'number_of_hidden_layers': 2, 'dropout_rate': 0.11482956377192277, 'learning_rate': 0.00015914921711670296, 'weight_decay': 4.581848834660582e-06}. Best is trial 1 with value: 0.9673490515492583.
[I 2026-03-02 17:36:03,225] Trial 67 finished with value: 0.9532333371712667 and parameters: {'batch_size': 48, 'window_size': 5, 'attention_heads': 1, 'hidden_dimension': 35, 'number_of_hidden_layers': 2, 'dropout_rate': 0.11977018385788579, 'learning_rate': 0.0005971855456700733, 'weight_decay': 1.1547189321325488e-06}. Best is trial 1 with value: 0.9673490515492583.
[I 2026-03-02 18:22:08,828] Trial 68 finished with value: 0.955054289706204 and parameters: {'batch_size': 32, 'window_size': 5, 'attention_heads': 4, 'hidden_dimension': 57, 'number_of_hidden_layers': 2, 'dropout_rate': 0.101549438607047, 'learning_rate': 0.00019016984516455023, 'weight_decay': 2.35605613536018e-06}. Best is trial 1 with value: 0.9673490515492583.
[I 2026-03-02 19:07:13,085] Trial 69 finished with value: 0.9443848474833785 and parameters: {'batch_size': 64, 'window_size': 5, 'attention_heads': 1, 'hidden_dimension': 32, 'number_of_hidden_layers': 1, 'dropout_rate': 0.11103134894399715, 'learning_rate': 0.00042939101060250086, 'weight_decay': 1.1280166445520438e-06}. Best is trial 1 with value: 0.9673490515492583.
[I 2026-03-02 19:48:57,938] Trial 70 finished with value: 0.9484366483970676 and parameters: {'batch_size': 88, 'window_size': 5, 'attention_heads': 1, 'hidden_dimension': 36, 'number_of_hidden_layers': 2, 'dropout_rate': 0.11968609880189798, 'learning_rate': 0.00041291062375717645, 'weight_decay': 1.7741263540105775e-06}. Best is trial 1 with value: 0.9673490515492583.
[I 2026-03-02 20:38:47,757] Trial 71 finished with value: 0.9519786699480886 and parameters: {'batch_size': 64, 'window_size': 4, 'attention_heads': 3, 'hidden_dimension': 64, 'number_of_hidden_layers': 1, 'dropout_rate': 0.11156819877639491, 'learning_rate': 0.00011361440285063354, 'weight_decay': 1.3307426449462172e-06}. Best is trial 1 with value: 0.9673490515492583.
[I 2026-03-02 21:25:51,632] Trial 72 finished with value: 0.9457602844764006 and parameters: {'batch_size': 64, 'window_size': 5, 'attention_heads': 1, 'hidden_dimension': 33, 'number_of_hidden_layers': 2, 'dropout_rate': 0.11837583786238975, 'learning_rate': 0.0002625979143495182, 'weight_decay': 1.616949351446859e-06}. Best is trial 1 with value: 0.9673490515492583.
[I 2026-03-02 22:06:40,966] Trial 73 finished with value: 0.9458393043353908 and parameters: {'batch_size': 64, 'window_size': 5, 'attention_heads': 2, 'hidden_dimension': 33, 'number_of_hidden_layers': 2, 'dropout_rate': 0.2070168916536345, 'learning_rate': 0.0003182944916229562, 'weight_decay': 6.657042647831428e-06}. Best is trial 1 with value: 0.9673490515492583.
[I 2026-03-02 22:49:15,621] Trial 74 finished with value: 0.9492683594058517 and parameters: {'batch_size': 64, 'window_size': 4, 'attention_heads': 4, 'hidden_dimension': 56, 'number_of_hidden_layers': 1, 'dropout_rate': 0.1545551023946114, 'learning_rate': 0.000154852164904226, 'weight_decay': 2.2315756346587115e-06}. Best is trial 1 with value: 0.9673490515492583.
