SLURM NODE: kn055
[I 2026-03-04 06:26:29,875] Using an existing study with name 'SST-2-Sliding_windows' instead of creating a new one.
[UPDATE] 50 completed trials using a random sampler. Switching from random to TPE sampling.
Last trial state: 0
Enqueuing hyper-parameters: {'batch_size': 64, 'window_size': 2, 'attention_heads': 4, 'hidden_dimension': 32, 'number_of_hidden_layers': 0, 'dropout_rate': 0.2, 'learning_rate': 0.0001, 'weight_decay': 0.0001}
[I 2026-03-04 07:21:26,472] Trial 144 finished with value: 0.9151376146788991 and parameters: {'batch_size': 64, 'window_size': 2, 'attention_heads': 4, 'hidden_dimension': 32, 'number_of_hidden_layers': 0, 'dropout_rate': 0.2, 'learning_rate': 0.0001, 'weight_decay': 0.0001}. Best is trial 118 with value: 0.9151376146788991.
[I 2026-03-04 07:21:27,174] Trial 145 pruned. Duplicate hyper-parameters, same as those used in trial 141: {'batch_size': 128, 'window_size': 3, 'attention_heads': 8, 'hidden_dimension': 128, 'number_of_hidden_layers': 0, 'dropout_rate': 0.4, 'learning_rate': 1e-05, 'weight_decay': 0.001}.
[I 2026-03-04 08:15:37,540] Trial 146 finished with value: 0.911697247706422 and parameters: {'batch_size': 64, 'window_size': 2, 'attention_heads': 4, 'hidden_dimension': 128, 'number_of_hidden_layers': 0, 'dropout_rate': 0.2, 'learning_rate': 0.0001, 'weight_decay': 0.0001}. Best is trial 118 with value: 0.9151376146788991.
[I 2026-03-04 09:09:39,463] Trial 147 finished with value: 0.9139908256880734 and parameters: {'batch_size': 64, 'window_size': 3, 'attention_heads': 4, 'hidden_dimension': 32, 'number_of_hidden_layers': 0, 'dropout_rate': 0.2, 'learning_rate': 0.0001, 'weight_decay': 0.0001}. Best is trial 118 with value: 0.9151376146788991.
[I 2026-03-04 09:09:40,232] Trial 148 pruned. Duplicate hyper-parameters, same as those used in trial 147: {'batch_size': 64, 'window_size': 3, 'attention_heads': 4, 'hidden_dimension': 32, 'number_of_hidden_layers': 0, 'dropout_rate': 0.2, 'learning_rate': 0.0001, 'weight_decay': 0.0001}.
[I 2026-03-04 10:04:23,820] Trial 149 finished with value: 0.9128440366972477 and parameters: {'batch_size': 64, 'window_size': 3, 'attention_heads': 1, 'hidden_dimension': 128, 'number_of_hidden_layers': 1, 'dropout_rate': 0.2, 'learning_rate': 0.001, 'weight_decay': 0.0001}. Best is trial 118 with value: 0.9151376146788991.
[I 2026-03-04 10:54:49,970] Trial 150 finished with value: 0.911697247706422 and parameters: {'batch_size': 128, 'window_size': 3, 'attention_heads': 1, 'hidden_dimension': 64, 'number_of_hidden_layers': 2, 'dropout_rate': 0.2, 'learning_rate': 0.001, 'weight_decay': 0.001}. Best is trial 118 with value: 0.9151376146788991.
[I 2026-03-04 11:49:25,472] Trial 151 finished with value: 0.911697247706422 and parameters: {'batch_size': 64, 'window_size': 2, 'attention_heads': 8, 'hidden_dimension': 32, 'number_of_hidden_layers': 0, 'dropout_rate': 0.2, 'learning_rate': 0.0001, 'weight_decay': 0.0001}. Best is trial 118 with value: 0.9151376146788991.
[I 2026-03-04 13:07:20,724] Trial 152 finished with value: 0.9036697247706422 and parameters: {'batch_size': 16, 'window_size': 3, 'attention_heads': 8, 'hidden_dimension': 128, 'number_of_hidden_layers': 0, 'dropout_rate': 0.4, 'learning_rate': 1e-05, 'weight_decay': 1e-06}. Best is trial 118 with value: 0.9151376146788991.
[I 2026-03-04 14:09:27,936] Trial 153 finished with value: 0.9071100917431193 and parameters: {'batch_size': 32, 'window_size': 2, 'attention_heads': 4, 'hidden_dimension': 32, 'number_of_hidden_layers': 0, 'dropout_rate': 0.2, 'learning_rate': 0.0001, 'weight_decay': 0.0001}. Best is trial 118 with value: 0.9151376146788991.
[I 2026-03-04 15:17:27,594] Trial 154 finished with value: 0.9139908256880734 and parameters: {'batch_size': 32, 'window_size': 2, 'attention_heads': 2, 'hidden_dimension': 32, 'number_of_hidden_layers': 2, 'dropout_rate': 0.3, 'learning_rate': 1e-05, 'weight_decay': 0.001}. Best is trial 118 with value: 0.9151376146788991.
[I 2026-03-04 16:12:48,274] Trial 155 finished with value: 0.9151376146788991 and parameters: {'batch_size': 64, 'window_size': 2, 'attention_heads': 4, 'hidden_dimension': 32, 'number_of_hidden_layers': 0, 'dropout_rate': 0.2, 'learning_rate': 0.0001, 'weight_decay': 1e-05}. Best is trial 118 with value: 0.9151376146788991.
[I 2026-03-04 16:12:49,013] Trial 156 pruned. Duplicate hyper-parameters, same as those used in trial 155: {'batch_size': 64, 'window_size': 2, 'attention_heads': 4, 'hidden_dimension': 32, 'number_of_hidden_layers': 0, 'dropout_rate': 0.2, 'learning_rate': 0.0001, 'weight_decay': 1e-05}.
[I 2026-03-04 17:03:03,121] Trial 157 finished with value: 0.9162844036697247 and parameters: {'batch_size': 128, 'window_size': 3, 'attention_heads': 2, 'hidden_dimension': 128, 'number_of_hidden_layers': 0, 'dropout_rate': 0.4, 'learning_rate': 1e-05, 'weight_decay': 1e-05}. Best is trial 157 with value: 0.9162844036697247.
[I 2026-03-04 17:03:03,738] Trial 158 pruned. Duplicate hyper-parameters, same as those used in trial 157: {'batch_size': 128, 'window_size': 3, 'attention_heads': 2, 'hidden_dimension': 128, 'number_of_hidden_layers': 0, 'dropout_rate': 0.4, 'learning_rate': 1e-05, 'weight_decay': 1e-05}.
[I 2026-03-04 17:57:03,592] Trial 159 finished with value: 0.9128440366972477 and parameters: {'batch_size': 64, 'window_size': 2, 'attention_heads': 4, 'hidden_dimension': 128, 'number_of_hidden_layers': 1, 'dropout_rate': 0.4, 'learning_rate': 1e-05, 'weight_decay': 0.001}. Best is trial 157 with value: 0.9162844036697247.
[I 2026-03-04 18:46:32,376] Trial 160 finished with value: 0.9128440366972477 and parameters: {'batch_size': 128, 'window_size': 3, 'attention_heads': 1, 'hidden_dimension': 32, 'number_of_hidden_layers': 0, 'dropout_rate': 0.2, 'learning_rate': 0.001, 'weight_decay': 1e-06}. Best is trial 157 with value: 0.9162844036697247.
[I 2026-03-04 18:46:33,243] Trial 161 pruned. Duplicate hyper-parameters, same as those used in trial 119: {'batch_size': 128, 'window_size': 3, 'attention_heads': 1, 'hidden_dimension': 128, 'number_of_hidden_layers': 2, 'dropout_rate': 0.4, 'learning_rate': 0.001, 'weight_decay': 1e-06}.
[I 2026-03-04 19:37:16,377] Trial 162 finished with value: 0.9094036697247706 and parameters: {'batch_size': 128, 'window_size': 4, 'attention_heads': 1, 'hidden_dimension': 128, 'number_of_hidden_layers': 2, 'dropout_rate': 0.4, 'learning_rate': 0.001, 'weight_decay': 0.001}. Best is trial 157 with value: 0.9162844036697247.
[I 2026-03-04 20:38:42,522] Trial 163 finished with value: 0.9071100917431193 and parameters: {'batch_size': 32, 'window_size': 3, 'attention_heads': 8, 'hidden_dimension': 64, 'number_of_hidden_layers': 0, 'dropout_rate': 0.4, 'learning_rate': 1e-05, 'weight_decay': 0.001}. Best is trial 157 with value: 0.9162844036697247.
[I 2026-03-04 21:33:19,755] Trial 164 finished with value: 0.9094036697247706 and parameters: {'batch_size': 64, 'window_size': 4, 'attention_heads': 8, 'hidden_dimension': 128, 'number_of_hidden_layers': 0, 'dropout_rate': 0.4, 'learning_rate': 1e-05, 'weight_decay': 0.001}. Best is trial 157 with value: 0.9162844036697247.
[I 2026-03-04 22:25:09,077] Trial 165 finished with value: 0.911697247706422 and parameters: {'batch_size': 128, 'window_size': 3, 'attention_heads': 2, 'hidden_dimension': 32, 'number_of_hidden_layers': 0, 'dropout_rate': 0.2, 'learning_rate': 1e-05, 'weight_decay': 1e-05}. Best is trial 157 with value: 0.9162844036697247.
[I 2026-03-04 23:14:55,856] Trial 166 finished with value: 0.9094036697247706 and parameters: {'batch_size': 128, 'window_size': 3, 'attention_heads': 6, 'hidden_dimension': 32, 'number_of_hidden_layers': 1, 'dropout_rate': 0.2, 'learning_rate': 0.0001, 'weight_decay': 0.0001}. Best is trial 157 with value: 0.9162844036697247.
[I 2026-03-05 00:11:44,057] Trial 167 finished with value: 0.911697247706422 and parameters: {'batch_size': 64, 'window_size': 2, 'attention_heads': 2, 'hidden_dimension': 128, 'number_of_hidden_layers': 0, 'dropout_rate': 0.3, 'learning_rate': 1e-05, 'weight_decay': 1e-06}. Best is trial 157 with value: 0.9162844036697247.
[I 2026-03-05 01:05:16,188] Trial 168 finished with value: 0.9151376146788991 and parameters: {'batch_size': 64, 'window_size': 2, 'attention_heads': 4, 'hidden_dimension': 32, 'number_of_hidden_layers': 0, 'dropout_rate': 0.3, 'learning_rate': 0.0001, 'weight_decay': 0.0001}. Best is trial 157 with value: 0.9162844036697247.
[I 2026-03-05 01:05:16,991] Trial 169 pruned. Duplicate hyper-parameters, same as those used in trial 168: {'batch_size': 64, 'window_size': 2, 'attention_heads': 4, 'hidden_dimension': 32, 'number_of_hidden_layers': 0, 'dropout_rate': 0.3, 'learning_rate': 0.0001, 'weight_decay': 0.0001}.
[I 2026-03-05 01:05:17,742] Trial 170 pruned. Duplicate hyper-parameters, same as those used in trial 103: {'batch_size': 128, 'window_size': 3, 'attention_heads': 1, 'hidden_dimension': 128, 'number_of_hidden_layers': 1, 'dropout_rate': 0.2, 'learning_rate': 0.001, 'weight_decay': 0.0001}.
[I 2026-03-05 01:58:39,852] Trial 171 finished with value: 0.9162844036697247 and parameters: {'batch_size': 64, 'window_size': 2, 'attention_heads': 4, 'hidden_dimension': 32, 'number_of_hidden_layers': 0, 'dropout_rate': 0.2, 'learning_rate': 0.001, 'weight_decay': 0.0001}. Best is trial 157 with value: 0.9162844036697247.
[I 2026-03-05 02:52:48,185] Trial 172 finished with value: 0.9139908256880734 and parameters: {'batch_size': 64, 'window_size': 2, 'attention_heads': 4, 'hidden_dimension': 32, 'number_of_hidden_layers': 0, 'dropout_rate': 0.4, 'learning_rate': 0.0001, 'weight_decay': 0.001}. Best is trial 157 with value: 0.9162844036697247.
[I 2026-03-05 03:46:53,855] Trial 173 finished with value: 0.9094036697247706 and parameters: {'batch_size': 64, 'window_size': 2, 'attention_heads': 4, 'hidden_dimension': 32, 'number_of_hidden_layers': 1, 'dropout_rate': 0.2, 'learning_rate': 0.001, 'weight_decay': 0.0001}. Best is trial 157 with value: 0.9162844036697247.
[I 2026-03-05 05:04:35,182] Trial 174 finished with value: 0.9059633027522935 and parameters: {'batch_size': 16, 'window_size': 2, 'attention_heads': 4, 'hidden_dimension': 32, 'number_of_hidden_layers': 0, 'dropout_rate': 0.2, 'learning_rate': 0.001, 'weight_decay': 0.0001}. Best is trial 157 with value: 0.9162844036697247.
[I 2026-03-05 05:59:01,403] Trial 175 finished with value: 0.9162844036697247 and parameters: {'batch_size': 64, 'window_size': 2, 'attention_heads': 8, 'hidden_dimension': 32, 'number_of_hidden_layers': 2, 'dropout_rate': 0.3, 'learning_rate': 0.0001, 'weight_decay': 0.0001}. Best is trial 157 with value: 0.9162844036697247.
[I 2026-03-05 05:59:02,125] Trial 176 pruned. Duplicate hyper-parameters, same as those used in trial 175: {'batch_size': 64, 'window_size': 2, 'attention_heads': 8, 'hidden_dimension': 32, 'number_of_hidden_layers': 2, 'dropout_rate': 0.3, 'learning_rate': 0.0001, 'weight_decay': 0.0001}.
[I 2026-03-05 06:54:02,619] Trial 177 finished with value: 0.9139908256880734 and parameters: {'batch_size': 64, 'window_size': 2, 'attention_heads': 4, 'hidden_dimension': 32, 'number_of_hidden_layers': 0, 'dropout_rate': 0.2, 'learning_rate': 1e-05, 'weight_decay': 0.0001}. Best is trial 157 with value: 0.9162844036697247.
[I 2026-03-05 07:48:56,748] Trial 178 finished with value: 0.908256880733945 and parameters: {'batch_size': 64, 'window_size': 4, 'attention_heads': 2, 'hidden_dimension': 32, 'number_of_hidden_layers': 0, 'dropout_rate': 0.2, 'learning_rate': 1e-05, 'weight_decay': 1e-06}. Best is trial 157 with value: 0.9162844036697247.
[I 2026-03-05 07:48:57,543] Trial 179 pruned. Duplicate hyper-parameters, same as those used in trial 113: {'batch_size': 128, 'window_size': 3, 'attention_heads': 1, 'hidden_dimension': 128, 'number_of_hidden_layers': 2, 'dropout_rate': 0.4, 'learning_rate': 0.001, 'weight_decay': 0.0001}.
[I 2026-03-05 08:43:13,448] Trial 180 finished with value: 0.9094036697247706 and parameters: {'batch_size': 64, 'window_size': 2, 'attention_heads': 8, 'hidden_dimension': 128, 'number_of_hidden_layers': 1, 'dropout_rate': 0.3, 'learning_rate': 0.0003, 'weight_decay': 1e-06}. Best is trial 157 with value: 0.9162844036697247.
[I 2026-03-05 08:43:14,193] Trial 181 pruned. Duplicate hyper-parameters, same as those used in trial 171: {'batch_size': 64, 'window_size': 2, 'attention_heads': 4, 'hidden_dimension': 32, 'number_of_hidden_layers': 0, 'dropout_rate': 0.2, 'learning_rate': 0.001, 'weight_decay': 0.0001}.
[I 2026-03-05 09:37:14,145] Trial 182 finished with value: 0.9139908256880734 and parameters: {'batch_size': 64, 'window_size': 4, 'attention_heads': 4, 'hidden_dimension': 32, 'number_of_hidden_layers': 0, 'dropout_rate': 0.3, 'learning_rate': 0.0001, 'weight_decay': 1e-06}. Best is trial 157 with value: 0.9162844036697247.
[I 2026-03-05 10:27:01,507] Trial 183 finished with value: 0.9094036697247706 and parameters: {'batch_size': 128, 'window_size': 3, 'attention_heads': 1, 'hidden_dimension': 32, 'number_of_hidden_layers': 2, 'dropout_rate': 0.4, 'learning_rate': 0.001, 'weight_decay': 0.001}. Best is trial 157 with value: 0.9162844036697247.
[I 2026-03-05 11:20:19,942] Trial 184 finished with value: 0.911697247706422 and parameters: {'batch_size': 64, 'window_size': 2, 'attention_heads': 1, 'hidden_dimension': 64, 'number_of_hidden_layers': 1, 'dropout_rate': 0.2, 'learning_rate': 0.0001, 'weight_decay': 0.0001}. Best is trial 157 with value: 0.9162844036697247.
[I 2026-03-05 11:20:20,874] Trial 185 pruned. Duplicate hyper-parameters, same as those used in trial 109: {'batch_size': 128, 'window_size': 3, 'attention_heads': 1, 'hidden_dimension': 128, 'number_of_hidden_layers': 2, 'dropout_rate': 0.4, 'learning_rate': 0.001, 'weight_decay': 0.001}.
[I 2026-03-05 12:14:42,538] Trial 186 finished with value: 0.9128440366972477 and parameters: {'batch_size': 64, 'window_size': 4, 'attention_heads': 6, 'hidden_dimension': 32, 'number_of_hidden_layers': 0, 'dropout_rate': 0.3, 'learning_rate': 1e-05, 'weight_decay': 0.0001}. Best is trial 157 with value: 0.9162844036697247.
[I 2026-03-05 13:03:58,153] Trial 187 finished with value: 0.9139908256880734 and parameters: {'batch_size': 128, 'window_size': 3, 'attention_heads': 2, 'hidden_dimension': 64, 'number_of_hidden_layers': 0, 'dropout_rate': 0.4, 'learning_rate': 0.001, 'weight_decay': 1e-05}. Best is trial 157 with value: 0.9162844036697247.
[I 2026-03-05 13:54:03,265] Trial 188 finished with value: 0.9105504587155964 and parameters: {'batch_size': 128, 'window_size': 3, 'attention_heads': 6, 'hidden_dimension': 128, 'number_of_hidden_layers': 1, 'dropout_rate': 0.4, 'learning_rate': 0.001, 'weight_decay': 1e-05}. Best is trial 157 with value: 0.9162844036697247.
[I 2026-03-05 14:45:57,883] Trial 189 finished with value: 0.9094036697247706 and parameters: {'batch_size': 128, 'window_size': 3, 'attention_heads': 2, 'hidden_dimension': 128, 'number_of_hidden_layers': 1, 'dropout_rate': 0.2, 'learning_rate': 0.001, 'weight_decay': 1e-05}. Best is trial 157 with value: 0.9162844036697247.
[I 2026-03-05 15:42:19,390] Trial 190 finished with value: 0.9128440366972477 and parameters: {'batch_size': 64, 'window_size': 2, 'attention_heads': 6, 'hidden_dimension': 32, 'number_of_hidden_layers': 0, 'dropout_rate': 0.4, 'learning_rate': 0.0001, 'weight_decay': 0.0001}. Best is trial 157 with value: 0.9162844036697247.
[I 2026-03-05 16:32:13,484] Trial 191 finished with value: 0.9105504587155964 and parameters: {'batch_size': 128, 'window_size': 4, 'attention_heads': 1, 'hidden_dimension': 64, 'number_of_hidden_layers': 1, 'dropout_rate': 0.3, 'learning_rate': 0.0003, 'weight_decay': 0.0001}. Best is trial 157 with value: 0.9162844036697247.
[I 2026-03-05 17:26:29,164] Trial 192 finished with value: 0.9128440366972477 and parameters: {'batch_size': 64, 'window_size': 2, 'attention_heads': 2, 'hidden_dimension': 32, 'number_of_hidden_layers': 2, 'dropout_rate': 0.3, 'learning_rate': 0.001, 'weight_decay': 0.001}. Best is trial 157 with value: 0.9162844036697247.
[I 2026-03-05 18:17:27,700] Trial 193 finished with value: 0.908256880733945 and parameters: {'batch_size': 128, 'window_size': 4, 'attention_heads': 2, 'hidden_dimension': 32, 'number_of_hidden_layers': 2, 'dropout_rate': 0.4, 'learning_rate': 0.0001, 'weight_decay': 1e-06}. Best is trial 157 with value: 0.9162844036697247.
[I 2026-03-05 19:14:17,304] Trial 194 finished with value: 0.9105504587155964 and parameters: {'batch_size': 64, 'window_size': 2, 'attention_heads': 4, 'hidden_dimension': 128, 'number_of_hidden_layers': 0, 'dropout_rate': 0.2, 'learning_rate': 0.001, 'weight_decay': 1e-06}. Best is trial 157 with value: 0.9162844036697247.
[I 2026-03-05 19:14:17,989] Trial 195 pruned. Duplicate hyper-parameters, same as those used in trial 144: {'batch_size': 64, 'window_size': 2, 'attention_heads': 4, 'hidden_dimension': 32, 'number_of_hidden_layers': 0, 'dropout_rate': 0.2, 'learning_rate': 0.0001, 'weight_decay': 0.0001}.
[I 2026-03-05 20:11:39,880] Trial 196 finished with value: 0.908256880733945 and parameters: {'batch_size': 64, 'window_size': 2, 'attention_heads': 2, 'hidden_dimension': 32, 'number_of_hidden_layers': 1, 'dropout_rate': 0.3, 'learning_rate': 0.0001, 'weight_decay': 0.0001}. Best is trial 157 with value: 0.9162844036697247.
[I 2026-03-05 21:04:17,379] Trial 197 finished with value: 0.9105504587155964 and parameters: {'batch_size': 128, 'window_size': 2, 'attention_heads': 1, 'hidden_dimension': 32, 'number_of_hidden_layers': 1, 'dropout_rate': 0.2, 'learning_rate': 0.0003, 'weight_decay': 0.0001}. Best is trial 157 with value: 0.9162844036697247.
[I 2026-03-05 21:58:44,318] Trial 198 finished with value: 0.911697247706422 and parameters: {'batch_size': 64, 'window_size': 5, 'attention_heads': 4, 'hidden_dimension': 128, 'number_of_hidden_layers': 1, 'dropout_rate': 0.3, 'learning_rate': 1e-05, 'weight_decay': 1e-05}. Best is trial 157 with value: 0.9162844036697247.
[I 2026-03-05 22:51:22,043] Trial 199 finished with value: 0.9151376146788991 and parameters: {'batch_size': 128, 'window_size': 3, 'attention_heads': 8, 'hidden_dimension': 128, 'number_of_hidden_layers': 0, 'dropout_rate': 0.3, 'learning_rate': 1e-05, 'weight_decay': 1e-05}. Best is trial 157 with value: 0.9162844036697247.
[I 2026-03-05 23:47:52,515] Trial 200 finished with value: 0.9094036697247706 and parameters: {'batch_size': 64, 'window_size': 4, 'attention_heads': 8, 'hidden_dimension': 32, 'number_of_hidden_layers': 0, 'dropout_rate': 0.2, 'learning_rate': 1e-05, 'weight_decay': 0.001}. Best is trial 157 with value: 0.9162844036697247.
[I 2026-03-06 00:53:39,826] Trial 201 finished with value: 0.9105504587155964 and parameters: {'batch_size': 32, 'window_size': 3, 'attention_heads': 1, 'hidden_dimension': 32, 'number_of_hidden_layers': 1, 'dropout_rate': 0.2, 'learning_rate': 0.001, 'weight_decay': 0.001}. Best is trial 157 with value: 0.9162844036697247.
[I 2026-03-06 01:59:11,343] Trial 202 finished with value: 0.9094036697247706 and parameters: {'batch_size': 32, 'window_size': 3, 'attention_heads': 8, 'hidden_dimension': 128, 'number_of_hidden_layers': 0, 'dropout_rate': 0.3, 'learning_rate': 1e-05, 'weight_decay': 1e-05}. Best is trial 157 with value: 0.9162844036697247.
[I 2026-03-06 01:59:12,082] Trial 203 pruned. Duplicate hyper-parameters, same as those used in trial 199: {'batch_size': 128, 'window_size': 3, 'attention_heads': 8, 'hidden_dimension': 128, 'number_of_hidden_layers': 0, 'dropout_rate': 0.3, 'learning_rate': 1e-05, 'weight_decay': 1e-05}.
[I 2026-03-06 03:06:04,984] Trial 204 finished with value: 0.908256880733945 and parameters: {'batch_size': 32, 'window_size': 2, 'attention_heads': 4, 'hidden_dimension': 32, 'number_of_hidden_layers': 2, 'dropout_rate': 0.3, 'learning_rate': 0.0001, 'weight_decay': 0.001}. Best is trial 157 with value: 0.9162844036697247.
[I 2026-03-06 04:02:10,104] Trial 205 finished with value: 0.9105504587155964 and parameters: {'batch_size': 64, 'window_size': 2, 'attention_heads': 2, 'hidden_dimension': 32, 'number_of_hidden_layers': 0, 'dropout_rate': 0.2, 'learning_rate': 0.001, 'weight_decay': 1e-05}. Best is trial 157 with value: 0.9162844036697247.

[UPDATE] Unbound limits: {'batch_size': (np.int64(32), np.int64(128)), 'window_size': (np.int64(2), np.int64(4)), 'attention_heads': (np.int64(1), np.int64(8)), 'hidden_dimension': (np.int64(32), np.int64(128)), 'number_of_hidden_layers': (np.int64(0), np.int64(2)), 'dropout_rate': (np.float64(0.1), np.float64(0.4)), 'learning_rate': (np.float64(1e-05), np.float64(0.001)), 'weight_decay': (np.float64(1e-06), np.float64(0.001))}
[I 2026-03-06 04:02:10,780] A new study created in RDB with name: SST-2-Sliding_windows-unbound
[I 2026-03-06 04:02:10,910] Trial 0 finished with value: 0.9162844036697247 and parameters: {'batch_size': 128, 'window_size': 3, 'attention_heads': 2, 'hidden_dimension': 128, 'number_of_hidden_layers': 0, 'dropout_rate': 0.4, 'learning_rate': 1e-05, 'weight_decay': 1e-05}.
[I 2026-03-06 04:02:10,910] Trial 1 finished with value: 0.9162844036697247 and parameters: {'batch_size': 64, 'window_size': 2, 'attention_heads': 4, 'hidden_dimension': 32, 'number_of_hidden_layers': 0, 'dropout_rate': 0.2, 'learning_rate': 0.001, 'weight_decay': 0.0001}.
[I 2026-03-06 04:02:10,910] Trial 2 finished with value: 0.9162844036697247 and parameters: {'batch_size': 64, 'window_size': 2, 'attention_heads': 8, 'hidden_dimension': 32, 'number_of_hidden_layers': 2, 'dropout_rate': 0.3, 'learning_rate': 0.0001, 'weight_decay': 0.0001}.
[I 2026-03-06 04:59:29,800] Trial 3 finished with value: 0.908256880733945 and parameters: {'batch_size': 64, 'window_size': 4, 'attention_heads': 6, 'hidden_dimension': 90, 'number_of_hidden_layers': 0, 'dropout_rate': 0.1467983561008608, 'learning_rate': 1.3066739238053272e-05, 'weight_decay': 0.0003967605077052988}. Best is trial 0 with value: 0.9162844036697247.
