SLURM NODE: kn068
[I 2026-04-09 17:34:33,203] A new study created in RDB with name: IMDb-1k-Sliding_windows
[I 2026-04-09 17:44:40,143] Trial 0 finished with value: 0.8727272727272727 and parameters: {'batch_size': 32, 'window_size': 5, 'attention_heads': 6, 'hidden_dimension': 32, 'number_of_hidden_layers': 1, 'dropout_rate': 0.2, 'learning_rate': 0.0003, 'weight_decay': 0.001}. Best is trial 0 with value: 0.8727272727272727.
[I 2026-04-09 17:54:51,755] Trial 1 finished with value: 0.8606060606060606 and parameters: {'batch_size': 128, 'window_size': 2, 'attention_heads': 8, 'hidden_dimension': 64, 'number_of_hidden_layers': 1, 'dropout_rate': 0.1, 'learning_rate': 0.0001, 'weight_decay': 0.0001}. Best is trial 0 with value: 0.8727272727272727.
[I 2026-04-09 18:10:16,123] Trial 2 finished with value: 0.8727272727272727 and parameters: {'batch_size': 16, 'window_size': 5, 'attention_heads': 6, 'hidden_dimension': 64, 'number_of_hidden_layers': 2, 'dropout_rate': 0.1, 'learning_rate': 0.001, 'weight_decay': 0.001}. Best is trial 0 with value: 0.8727272727272727.
[I 2026-04-09 18:19:20,600] Trial 3 finished with value: 0.8606060606060606 and parameters: {'batch_size': 32, 'window_size': 2, 'attention_heads': 6, 'hidden_dimension': 64, 'number_of_hidden_layers': 1, 'dropout_rate': 0.1, 'learning_rate': 0.0003, 'weight_decay': 1e-05}. Best is trial 0 with value: 0.8727272727272727.
[I 2026-04-09 18:28:12,093] Trial 4 finished with value: 0.8666666666666667 and parameters: {'batch_size': 128, 'window_size': 3, 'attention_heads': 4, 'hidden_dimension': 128, 'number_of_hidden_layers': 0, 'dropout_rate': 0.4, 'learning_rate': 0.001, 'weight_decay': 0.001}. Best is trial 0 with value: 0.8727272727272727.
[I 2026-04-09 18:40:04,517] Trial 5 finished with value: 0.8666666666666667 and parameters: {'batch_size': 64, 'window_size': 2, 'attention_heads': 4, 'hidden_dimension': 128, 'number_of_hidden_layers': 1, 'dropout_rate': 0.3, 'learning_rate': 1e-05, 'weight_decay': 1e-06}. Best is trial 0 with value: 0.8727272727272727.
[I 2026-04-09 18:51:06,579] Trial 6 finished with value: 0.8727272727272727 and parameters: {'batch_size': 16, 'window_size': 4, 'attention_heads': 6, 'hidden_dimension': 32, 'number_of_hidden_layers': 1, 'dropout_rate': 0.3, 'learning_rate': 0.0003, 'weight_decay': 1e-05}. Best is trial 0 with value: 0.8727272727272727.
[I 2026-04-09 18:59:56,639] Trial 7 finished with value: 0.8606060606060606 and parameters: {'batch_size': 64, 'window_size': 2, 'attention_heads': 2, 'hidden_dimension': 32, 'number_of_hidden_layers': 2, 'dropout_rate': 0.3, 'learning_rate': 0.0001, 'weight_decay': 0.001}. Best is trial 0 with value: 0.8727272727272727.
[I 2026-04-09 19:09:41,687] Trial 8 finished with value: 0.8787878787878788 and parameters: {'batch_size': 16, 'window_size': 2, 'attention_heads': 1, 'hidden_dimension': 32, 'number_of_hidden_layers': 0, 'dropout_rate': 0.4, 'learning_rate': 0.0003, 'weight_decay': 1e-05}. Best is trial 8 with value: 0.8787878787878788.
[I 2026-04-09 19:18:41,641] Trial 9 finished with value: 0.8727272727272727 and parameters: {'batch_size': 32, 'window_size': 3, 'attention_heads': 4, 'hidden_dimension': 32, 'number_of_hidden_layers': 1, 'dropout_rate': 0.1, 'learning_rate': 0.001, 'weight_decay': 0.0001}. Best is trial 8 with value: 0.8787878787878788.
[I 2026-04-09 19:27:03,011] Trial 10 finished with value: 0.8545454545454545 and parameters: {'batch_size': 128, 'window_size': 2, 'attention_heads': 6, 'hidden_dimension': 64, 'number_of_hidden_layers': 1, 'dropout_rate': 0.3, 'learning_rate': 0.001, 'weight_decay': 1e-06}. Best is trial 8 with value: 0.8787878787878788.
[I 2026-04-09 19:37:50,134] Trial 11 finished with value: 0.8666666666666667 and parameters: {'batch_size': 16, 'window_size': 3, 'attention_heads': 4, 'hidden_dimension': 64, 'number_of_hidden_layers': 1, 'dropout_rate': 0.2, 'learning_rate': 0.0003, 'weight_decay': 1e-06}. Best is trial 8 with value: 0.8787878787878788.
[I 2026-04-09 19:50:44,076] Trial 12 finished with value: 0.8424242424242424 and parameters: {'batch_size': 32, 'window_size': 2, 'attention_heads': 6, 'hidden_dimension': 32, 'number_of_hidden_layers': 2, 'dropout_rate': 0.3, 'learning_rate': 1e-05, 'weight_decay': 0.0001}. Best is trial 8 with value: 0.8787878787878788.
[I 2026-04-09 19:59:30,183] Trial 13 finished with value: 0.8666666666666667 and parameters: {'batch_size': 64, 'window_size': 3, 'attention_heads': 2, 'hidden_dimension': 128, 'number_of_hidden_layers': 1, 'dropout_rate': 0.4, 'learning_rate': 0.0001, 'weight_decay': 1e-05}. Best is trial 8 with value: 0.8787878787878788.
[I 2026-04-09 20:19:21,441] Trial 14 finished with value: 0.8606060606060606 and parameters: {'batch_size': 128, 'window_size': 5, 'attention_heads': 8, 'hidden_dimension': 32, 'number_of_hidden_layers': 0, 'dropout_rate': 0.1, 'learning_rate': 1e-05, 'weight_decay': 0.001}. Best is trial 8 with value: 0.8787878787878788.
[I 2026-04-09 20:36:07,960] Trial 15 finished with value: 0.8666666666666667 and parameters: {'batch_size': 64, 'window_size': 4, 'attention_heads': 4, 'hidden_dimension': 32, 'number_of_hidden_layers': 0, 'dropout_rate': 0.2, 'learning_rate': 1e-05, 'weight_decay': 0.0001}. Best is trial 8 with value: 0.8787878787878788.
[I 2026-04-09 20:45:29,836] Trial 16 finished with value: 0.8666666666666667 and parameters: {'batch_size': 128, 'window_size': 5, 'attention_heads': 8, 'hidden_dimension': 32, 'number_of_hidden_layers': 0, 'dropout_rate': 0.4, 'learning_rate': 0.001, 'weight_decay': 1e-06}. Best is trial 8 with value: 0.8787878787878788.
[I 2026-04-09 20:54:56,938] Trial 17 finished with value: 0.8666666666666667 and parameters: {'batch_size': 64, 'window_size': 2, 'attention_heads': 1, 'hidden_dimension': 32, 'number_of_hidden_layers': 0, 'dropout_rate': 0.4, 'learning_rate': 0.0001, 'weight_decay': 1e-06}. Best is trial 8 with value: 0.8787878787878788.
[I 2026-04-09 21:12:12,137] Trial 18 finished with value: 0.8787878787878788 and parameters: {'batch_size': 16, 'window_size': 5, 'attention_heads': 4, 'hidden_dimension': 32, 'number_of_hidden_layers': 1, 'dropout_rate': 0.1, 'learning_rate': 1e-05, 'weight_decay': 1e-06}. Best is trial 8 with value: 0.8787878787878788.
[I 2026-04-09 21:20:41,265] Trial 19 finished with value: 0.8606060606060606 and parameters: {'batch_size': 64, 'window_size': 3, 'attention_heads': 8, 'hidden_dimension': 32, 'number_of_hidden_layers': 0, 'dropout_rate': 0.4, 'learning_rate': 0.001, 'weight_decay': 0.0001}. Best is trial 8 with value: 0.8787878787878788.
[I 2026-04-09 21:31:00,861] Trial 20 finished with value: 0.8606060606060606 and parameters: {'batch_size': 128, 'window_size': 5, 'attention_heads': 6, 'hidden_dimension': 32, 'number_of_hidden_layers': 0, 'dropout_rate': 0.1, 'learning_rate': 0.0003, 'weight_decay': 1e-05}. Best is trial 8 with value: 0.8787878787878788.
[I 2026-04-09 21:43:00,441] Trial 21 finished with value: 0.8787878787878788 and parameters: {'batch_size': 64, 'window_size': 5, 'attention_heads': 4, 'hidden_dimension': 128, 'number_of_hidden_layers': 2, 'dropout_rate': 0.2, 'learning_rate': 0.0001, 'weight_decay': 1e-06}. Best is trial 8 with value: 0.8787878787878788.
[I 2026-04-09 22:02:40,802] Trial 22 finished with value: 0.8606060606060606 and parameters: {'batch_size': 64, 'window_size': 4, 'attention_heads': 4, 'hidden_dimension': 32, 'number_of_hidden_layers': 2, 'dropout_rate': 0.2, 'learning_rate': 1e-05, 'weight_decay': 1e-05}. Best is trial 8 with value: 0.8787878787878788.
[I 2026-04-09 22:11:48,514] Trial 23 finished with value: 0.8666666666666667 and parameters: {'batch_size': 64, 'window_size': 2, 'attention_heads': 8, 'hidden_dimension': 64, 'number_of_hidden_layers': 2, 'dropout_rate': 0.4, 'learning_rate': 0.0001, 'weight_decay': 0.0001}. Best is trial 8 with value: 0.8787878787878788.
[I 2026-04-09 22:25:43,442] Trial 24 finished with value: 0.8606060606060606 and parameters: {'batch_size': 32, 'window_size': 5, 'attention_heads': 6, 'hidden_dimension': 64, 'number_of_hidden_layers': 1, 'dropout_rate': 0.4, 'learning_rate': 1e-05, 'weight_decay': 1e-06}. Best is trial 8 with value: 0.8787878787878788.
[I 2026-04-09 22:34:49,492] Trial 25 finished with value: 0.8606060606060606 and parameters: {'batch_size': 64, 'window_size': 3, 'attention_heads': 4, 'hidden_dimension': 64, 'number_of_hidden_layers': 2, 'dropout_rate': 0.3, 'learning_rate': 0.0001, 'weight_decay': 0.001}. Best is trial 8 with value: 0.8787878787878788.
[I 2026-04-09 22:44:50,136] Trial 26 finished with value: 0.8606060606060606 and parameters: {'batch_size': 16, 'window_size': 2, 'attention_heads': 1, 'hidden_dimension': 64, 'number_of_hidden_layers': 2, 'dropout_rate': 0.1, 'learning_rate': 0.0003, 'weight_decay': 0.001}. Best is trial 8 with value: 0.8787878787878788.
[I 2026-04-09 23:04:07,590] Trial 27 finished with value: 0.8606060606060606 and parameters: {'batch_size': 64, 'window_size': 4, 'attention_heads': 4, 'hidden_dimension': 64, 'number_of_hidden_layers': 0, 'dropout_rate': 0.3, 'learning_rate': 1e-05, 'weight_decay': 1e-05}. Best is trial 8 with value: 0.8787878787878788.
[I 2026-04-09 23:22:58,471] Trial 28 finished with value: 0.8727272727272727 and parameters: {'batch_size': 32, 'window_size': 2, 'attention_heads': 1, 'hidden_dimension': 32, 'number_of_hidden_layers': 0, 'dropout_rate': 0.4, 'learning_rate': 1e-05, 'weight_decay': 0.0001}. Best is trial 8 with value: 0.8787878787878788.
[I 2026-04-09 23:37:02,712] Trial 29 finished with value: 0.8484848484848485 and parameters: {'batch_size': 32, 'window_size': 4, 'attention_heads': 6, 'hidden_dimension': 32, 'number_of_hidden_layers': 2, 'dropout_rate': 0.3, 'learning_rate': 1e-05, 'weight_decay': 0.0001}. Best is trial 8 with value: 0.8787878787878788.
[I 2026-04-10 00:00:57,849] Trial 30 finished with value: 0.8545454545454545 and parameters: {'batch_size': 64, 'window_size': 5, 'attention_heads': 8, 'hidden_dimension': 32, 'number_of_hidden_layers': 1, 'dropout_rate': 0.3, 'learning_rate': 1e-05, 'weight_decay': 0.0001}. Best is trial 8 with value: 0.8787878787878788.
[I 2026-04-10 00:13:45,117] Trial 31 finished with value: 0.8666666666666667 and parameters: {'batch_size': 16, 'window_size': 3, 'attention_heads': 4, 'hidden_dimension': 128, 'number_of_hidden_layers': 2, 'dropout_rate': 0.2, 'learning_rate': 1e-05, 'weight_decay': 1e-05}. Best is trial 8 with value: 0.8787878787878788.
[I 2026-04-10 00:28:22,625] Trial 32 finished with value: 0.8666666666666667 and parameters: {'batch_size': 32, 'window_size': 4, 'attention_heads': 4, 'hidden_dimension': 128, 'number_of_hidden_layers': 1, 'dropout_rate': 0.1, 'learning_rate': 1e-05, 'weight_decay': 0.001}. Best is trial 8 with value: 0.8787878787878788.
[I 2026-04-10 00:39:52,010] Trial 33 finished with value: 0.8545454545454545 and parameters: {'batch_size': 16, 'window_size': 2, 'attention_heads': 8, 'hidden_dimension': 64, 'number_of_hidden_layers': 2, 'dropout_rate': 0.3, 'learning_rate': 0.0003, 'weight_decay': 0.0001}. Best is trial 8 with value: 0.8787878787878788.
[I 2026-04-10 00:50:29,836] Trial 34 finished with value: 0.8727272727272727 and parameters: {'batch_size': 16, 'window_size': 5, 'attention_heads': 1, 'hidden_dimension': 64, 'number_of_hidden_layers': 0, 'dropout_rate': 0.2, 'learning_rate': 0.0003, 'weight_decay': 0.001}. Best is trial 8 with value: 0.8787878787878788.
[I 2026-04-10 00:59:11,296] Trial 35 finished with value: 0.8606060606060606 and parameters: {'batch_size': 128, 'window_size': 3, 'attention_heads': 1, 'hidden_dimension': 32, 'number_of_hidden_layers': 0, 'dropout_rate': 0.1, 'learning_rate': 0.0003, 'weight_decay': 0.0001}. Best is trial 8 with value: 0.8787878787878788.
[I 2026-04-10 01:08:24,754] Trial 36 finished with value: 0.8727272727272727 and parameters: {'batch_size': 32, 'window_size': 3, 'attention_heads': 1, 'hidden_dimension': 64, 'number_of_hidden_layers': 2, 'dropout_rate': 0.2, 'learning_rate': 0.0001, 'weight_decay': 0.0001}. Best is trial 8 with value: 0.8787878787878788.
[I 2026-04-10 01:17:08,094] Trial 37 finished with value: 0.8606060606060606 and parameters: {'batch_size': 64, 'window_size': 2, 'attention_heads': 4, 'hidden_dimension': 32, 'number_of_hidden_layers': 2, 'dropout_rate': 0.1, 'learning_rate': 0.0001, 'weight_decay': 0.0001}. Best is trial 8 with value: 0.8787878787878788.
[I 2026-04-10 01:31:03,361] Trial 38 finished with value: 0.8727272727272727 and parameters: {'batch_size': 64, 'window_size': 5, 'attention_heads': 6, 'hidden_dimension': 128, 'number_of_hidden_layers': 2, 'dropout_rate': 0.1, 'learning_rate': 0.001, 'weight_decay': 1e-06}. Best is trial 8 with value: 0.8787878787878788.
[I 2026-04-10 01:41:09,023] Trial 39 finished with value: 0.8545454545454545 and parameters: {'batch_size': 16, 'window_size': 2, 'attention_heads': 6, 'hidden_dimension': 64, 'number_of_hidden_layers': 0, 'dropout_rate': 0.1, 'learning_rate': 0.0003, 'weight_decay': 0.0001}. Best is trial 8 with value: 0.8787878787878788.
[I 2026-04-10 01:57:22,342] Trial 40 finished with value: 0.8666666666666667 and parameters: {'batch_size': 16, 'window_size': 2, 'attention_heads': 1, 'hidden_dimension': 64, 'number_of_hidden_layers': 1, 'dropout_rate': 0.3, 'learning_rate': 1e-05, 'weight_decay': 0.001}. Best is trial 8 with value: 0.8787878787878788.
[I 2026-04-10 02:11:16,123] Trial 41 finished with value: 0.8666666666666667 and parameters: {'batch_size': 16, 'window_size': 4, 'attention_heads': 4, 'hidden_dimension': 64, 'number_of_hidden_layers': 0, 'dropout_rate': 0.4, 'learning_rate': 1e-05, 'weight_decay': 0.001}. Best is trial 8 with value: 0.8787878787878788.
[I 2026-04-10 02:21:26,342] Trial 42 finished with value: 0.8545454545454545 and parameters: {'batch_size': 128, 'window_size': 5, 'attention_heads': 2, 'hidden_dimension': 128, 'number_of_hidden_layers': 2, 'dropout_rate': 0.4, 'learning_rate': 0.0003, 'weight_decay': 0.0001}. Best is trial 8 with value: 0.8787878787878788.
[I 2026-04-10 02:32:20,641] Trial 43 finished with value: 0.8545454545454545 and parameters: {'batch_size': 16, 'window_size': 2, 'attention_heads': 2, 'hidden_dimension': 128, 'number_of_hidden_layers': 1, 'dropout_rate': 0.4, 'learning_rate': 1e-05, 'weight_decay': 1e-06}. Best is trial 8 with value: 0.8787878787878788.
[I 2026-04-10 02:44:59,576] Trial 44 finished with value: 0.8666666666666667 and parameters: {'batch_size': 128, 'window_size': 4, 'attention_heads': 6, 'hidden_dimension': 128, 'number_of_hidden_layers': 2, 'dropout_rate': 0.4, 'learning_rate': 0.0001, 'weight_decay': 0.0001}. Best is trial 8 with value: 0.8787878787878788.
[I 2026-04-10 02:55:18,560] Trial 45 finished with value: 0.8606060606060606 and parameters: {'batch_size': 16, 'window_size': 2, 'attention_heads': 6, 'hidden_dimension': 64, 'number_of_hidden_layers': 1, 'dropout_rate': 0.2, 'learning_rate': 0.0001, 'weight_decay': 0.0001}. Best is trial 8 with value: 0.8787878787878788.
[I 2026-04-10 03:07:22,367] Trial 46 finished with value: 0.8666666666666667 and parameters: {'batch_size': 32, 'window_size': 5, 'attention_heads': 6, 'hidden_dimension': 64, 'number_of_hidden_layers': 2, 'dropout_rate': 0.4, 'learning_rate': 0.001, 'weight_decay': 0.0001}. Best is trial 8 with value: 0.8787878787878788.
[I 2026-04-10 03:22:02,018] Trial 47 finished with value: 0.8727272727272727 and parameters: {'batch_size': 16, 'window_size': 5, 'attention_heads': 2, 'hidden_dimension': 128, 'number_of_hidden_layers': 2, 'dropout_rate': 0.1, 'learning_rate': 1e-05, 'weight_decay': 0.001}. Best is trial 8 with value: 0.8787878787878788.
[I 2026-04-10 03:32:29,434] Trial 48 finished with value: 0.8424242424242424 and parameters: {'batch_size': 32, 'window_size': 5, 'attention_heads': 6, 'hidden_dimension': 32, 'number_of_hidden_layers': 2, 'dropout_rate': 0.4, 'learning_rate': 0.0001, 'weight_decay': 0.0001}. Best is trial 8 with value: 0.8787878787878788.
[I 2026-04-10 03:40:50,118] Trial 49 finished with value: 0.8666666666666667 and parameters: {'batch_size': 64, 'window_size': 3, 'attention_heads': 2, 'hidden_dimension': 32, 'number_of_hidden_layers': 2, 'dropout_rate': 0.3, 'learning_rate': 0.0003, 'weight_decay': 1e-06}. Best is trial 8 with value: 0.8787878787878788.
[UPDATE] 50 completed trials using a random sampler. Switching from random to TPE sampling.
[I 2026-04-10 03:40:50,689] Trial 50 pruned. Duplicate hyper-parameters, same as those used in trial 21: {'batch_size': 64, 'window_size': 5, 'attention_heads': 4, 'hidden_dimension': 128, 'number_of_hidden_layers': 2, 'dropout_rate': 0.2, 'learning_rate': 0.0001, 'weight_decay': 1e-06}.
[I 2026-04-10 03:40:51,315] Trial 51 pruned. Duplicate hyper-parameters, same as those used in trial 18: {'batch_size': 16, 'window_size': 5, 'attention_heads': 4, 'hidden_dimension': 32, 'number_of_hidden_layers': 1, 'dropout_rate': 0.1, 'learning_rate': 1e-05, 'weight_decay': 1e-06}.
[I 2026-04-10 03:51:16,645] Trial 52 finished with value: 0.8606060606060606 and parameters: {'batch_size': 32, 'window_size': 5, 'attention_heads': 8, 'hidden_dimension': 32, 'number_of_hidden_layers': 1, 'dropout_rate': 0.2, 'learning_rate': 0.0003, 'weight_decay': 0.001}. Best is trial 8 with value: 0.8787878787878788.
[I 2026-04-10 03:51:17,214] Trial 53 pruned. Duplicate hyper-parameters, same as those used in trial 2: {'batch_size': 16, 'window_size': 5, 'attention_heads': 6, 'hidden_dimension': 64, 'number_of_hidden_layers': 2, 'dropout_rate': 0.1, 'learning_rate': 0.001, 'weight_decay': 0.001}.
[I 2026-04-10 03:51:17,783] Trial 54 pruned. Duplicate hyper-parameters, same as those used in trial 8: {'batch_size': 16, 'window_size': 2, 'attention_heads': 1, 'hidden_dimension': 32, 'number_of_hidden_layers': 0, 'dropout_rate': 0.4, 'learning_rate': 0.0003, 'weight_decay': 1e-05}.
[I 2026-04-10 04:08:10,434] Trial 55 finished with value: 0.8666666666666667 and parameters: {'batch_size': 16, 'window_size': 4, 'attention_heads': 6, 'hidden_dimension': 32, 'number_of_hidden_layers': 1, 'dropout_rate': 0.3, 'learning_rate': 1e-05, 'weight_decay': 1e-05}. Best is trial 8 with value: 0.8787878787878788.
[I 2026-04-10 04:19:47,587] Trial 56 finished with value: 0.8545454545454545 and parameters: {'batch_size': 16, 'window_size': 5, 'attention_heads': 4, 'hidden_dimension': 32, 'number_of_hidden_layers': 2, 'dropout_rate': 0.1, 'learning_rate': 0.001, 'weight_decay': 0.0001}. Best is trial 8 with value: 0.8787878787878788.
[I 2026-04-10 04:33:36,788] Trial 57 finished with value: 0.8606060606060606 and parameters: {'batch_size': 16, 'window_size': 4, 'attention_heads': 6, 'hidden_dimension': 128, 'number_of_hidden_layers': 1, 'dropout_rate': 0.3, 'learning_rate': 0.0003, 'weight_decay': 1e-06}. Best is trial 8 with value: 0.8787878787878788.
[I 2026-04-10 04:44:49,142] Trial 58 finished with value: 0.8606060606060606 and parameters: {'batch_size': 16, 'window_size': 4, 'attention_heads': 8, 'hidden_dimension': 32, 'number_of_hidden_layers': 1, 'dropout_rate': 0.3, 'learning_rate': 0.0003, 'weight_decay': 1e-05}. Best is trial 8 with value: 0.8787878787878788.
[I 2026-04-10 04:56:14,282] Trial 59 finished with value: 0.8727272727272727 and parameters: {'batch_size': 16, 'window_size': 5, 'attention_heads': 6, 'hidden_dimension': 32, 'number_of_hidden_layers': 1, 'dropout_rate': 0.4, 'learning_rate': 0.0003, 'weight_decay': 1e-06}. Best is trial 8 with value: 0.8787878787878788.
[I 2026-04-10 05:05:23,862] Trial 60 finished with value: 0.8787878787878788 and parameters: {'batch_size': 32, 'window_size': 3, 'attention_heads': 6, 'hidden_dimension': 32, 'number_of_hidden_layers': 1, 'dropout_rate': 0.2, 'learning_rate': 0.0003, 'weight_decay': 0.001}. Best is trial 8 with value: 0.8787878787878788.
[I 2026-04-10 05:05:24,499] Trial 61 pruned. Duplicate hyper-parameters, same as those used in trial 60: {'batch_size': 32, 'window_size': 3, 'attention_heads': 6, 'hidden_dimension': 32, 'number_of_hidden_layers': 1, 'dropout_rate': 0.2, 'learning_rate': 0.0003, 'weight_decay': 0.001}.
[I 2026-04-10 05:15:48,754] Trial 62 finished with value: 0.8545454545454545 and parameters: {'batch_size': 32, 'window_size': 5, 'attention_heads': 6, 'hidden_dimension': 32, 'number_of_hidden_layers': 2, 'dropout_rate': 0.1, 'learning_rate': 0.0003, 'weight_decay': 0.001}. Best is trial 8 with value: 0.8787878787878788.
[I 2026-04-10 05:26:07,817] Trial 63 finished with value: 0.8727272727272727 and parameters: {'batch_size': 32, 'window_size': 5, 'attention_heads': 6, 'hidden_dimension': 32, 'number_of_hidden_layers': 1, 'dropout_rate': 0.2, 'learning_rate': 0.001, 'weight_decay': 1e-06}. Best is trial 8 with value: 0.8787878787878788.
[I 2026-04-10 05:36:07,553] Trial 64 finished with value: 0.8787878787878788 and parameters: {'batch_size': 16, 'window_size': 2, 'attention_heads': 6, 'hidden_dimension': 32, 'number_of_hidden_layers': 1, 'dropout_rate': 0.2, 'learning_rate': 0.0003, 'weight_decay': 1e-05}. Best is trial 8 with value: 0.8787878787878788.
[I 2026-04-10 05:36:08,107] Trial 65 pruned. Duplicate hyper-parameters, same as those used in trial 64: {'batch_size': 16, 'window_size': 2, 'attention_heads': 6, 'hidden_dimension': 32, 'number_of_hidden_layers': 1, 'dropout_rate': 0.2, 'learning_rate': 0.0003, 'weight_decay': 1e-05}.
[I 2026-04-10 05:45:16,923] Trial 66 finished with value: 0.8606060606060606 and parameters: {'batch_size': 128, 'window_size': 4, 'attention_heads': 6, 'hidden_dimension': 32, 'number_of_hidden_layers': 1, 'dropout_rate': 0.1, 'learning_rate': 0.0003, 'weight_decay': 0.001}. Best is trial 8 with value: 0.8787878787878788.
