[I 2026-03-06 05:52:36,459] Trial 4 finished with value: 0.9139908256880734 and parameters: {'batch_size': 88, 'window_size': 4, 'attention_heads': 1, 'hidden_dimension': 126, 'number_of_hidden_layers': 2, 'dropout_rate': 0.16370173320348286, 'learning_rate': 2.3102018878452926e-05, 'weight_decay': 3.549878832196506e-06}. Best is trial 0 with value: 0.9162844036697247.
[I 2026-03-06 06:48:42,081] Trial 5 finished with value: 0.9094036697247706 and parameters: {'batch_size': 56, 'window_size': 3, 'attention_heads': 4, 'hidden_dimension': 60, 'number_of_hidden_layers': 1, 'dropout_rate': 0.14184815819561256, 'learning_rate': 3.8396292998041685e-05, 'weight_decay': 1.2562773503807034e-05}. Best is trial 0 with value: 0.9162844036697247.
[I 2026-03-06 07:42:30,839] Trial 6 finished with value: 0.9071100917431193 and parameters: {'batch_size': 72, 'window_size': 4, 'attention_heads': 2, 'hidden_dimension': 81, 'number_of_hidden_layers': 1, 'dropout_rate': 0.11393512381599932, 'learning_rate': 0.000164092867306479, 'weight_decay': 3.247673570627449e-06}. Best is trial 0 with value: 0.9162844036697247.
[I 2026-03-06 08:45:25,835] Trial 7 finished with value: 0.9059633027522935 and parameters: {'batch_size': 32, 'window_size': 4, 'attention_heads': 8, 'hidden_dimension': 110, 'number_of_hidden_layers': 0, 'dropout_rate': 0.12930163420191518, 'learning_rate': 0.000233596350262616, 'weight_decay': 2.091498132903561e-05}. Best is trial 0 with value: 0.9162844036697247.
[I 2026-03-06 09:45:06,446] Trial 8 finished with value: 0.9094036697247706 and parameters: {'batch_size': 40, 'window_size': 3, 'attention_heads': 1, 'hidden_dimension': 120, 'number_of_hidden_layers': 0, 'dropout_rate': 0.2987566853061946, 'learning_rate': 4.201672054372529e-05, 'weight_decay': 3.632486956676606e-05}. Best is trial 0 with value: 0.9162844036697247.
[I 2026-03-06 10:38:06,504] Trial 9 finished with value: 0.911697247706422 and parameters: {'batch_size': 88, 'window_size': 2, 'attention_heads': 8, 'hidden_dimension': 107, 'number_of_hidden_layers': 2, 'dropout_rate': 0.3684482051282947, 'learning_rate': 0.0001569639638866114, 'weight_decay': 0.0005829384542994739}. Best is trial 0 with value: 0.9162844036697247.
[I 2026-03-06 11:37:55,110] Trial 10 finished with value: 0.9105504587155964 and parameters: {'batch_size': 40, 'window_size': 2, 'attention_heads': 1, 'hidden_dimension': 63, 'number_of_hidden_layers': 1, 'dropout_rate': 0.1814047095321688, 'learning_rate': 0.00045443839603360173, 'weight_decay': 1.1756010900231857e-05}. Best is trial 0 with value: 0.9162844036697247.
[I 2026-03-06 12:33:08,317] Trial 11 finished with value: 0.9105504587155964 and parameters: {'batch_size': 56, 'window_size': 3, 'attention_heads': 2, 'hidden_dimension': 109, 'number_of_hidden_layers': 0, 'dropout_rate': 0.3960660809801553, 'learning_rate': 0.0003503398491158688, 'weight_decay': 3.945908811099999e-06}. Best is trial 0 with value: 0.9162844036697247.
[I 2026-03-06 13:37:14,882] Trial 12 finished with value: 0.9025229357798165 and parameters: {'batch_size': 32, 'window_size': 4, 'attention_heads': 6, 'hidden_dimension': 102, 'number_of_hidden_layers': 2, 'dropout_rate': 0.12221339552022711, 'learning_rate': 5.211124595788268e-05, 'weight_decay': 2.2264204303769692e-06}. Best is trial 0 with value: 0.9162844036697247.
[I 2026-03-06 14:27:32,179] Trial 13 finished with value: 0.9139908256880734 and parameters: {'batch_size': 120, 'window_size': 3, 'attention_heads': 3, 'hidden_dimension': 38, 'number_of_hidden_layers': 0, 'dropout_rate': 0.1975549966080241, 'learning_rate': 0.0002878805718308924, 'weight_decay': 8.178476574339548e-05}. Best is trial 0 with value: 0.9162844036697247.
[I 2026-03-06 15:18:19,396] Trial 14 finished with value: 0.9059633027522935 and parameters: {'batch_size': 120, 'window_size': 3, 'attention_heads': 1, 'hidden_dimension': 101, 'number_of_hidden_layers': 2, 'dropout_rate': 0.2683831592708489, 'learning_rate': 0.0003482846706526881, 'weight_decay': 3.0296104428212496e-05}. Best is trial 0 with value: 0.9162844036697247.
[I 2026-03-06 16:10:44,521] Trial 15 finished with value: 0.9059633027522935 and parameters: {'batch_size': 80, 'window_size': 3, 'attention_heads': 1, 'hidden_dimension': 42, 'number_of_hidden_layers': 0, 'dropout_rate': 0.2909231233791342, 'learning_rate': 4.253162363790868e-05, 'weight_decay': 3.35515102272148e-05}. Best is trial 0 with value: 0.9162844036697247.
[I 2026-03-06 17:01:11,549] Trial 16 finished with value: 0.908256880733945 and parameters: {'batch_size': 120, 'window_size': 2, 'attention_heads': 4, 'hidden_dimension': 105, 'number_of_hidden_layers': 0, 'dropout_rate': 0.12309397294863791, 'learning_rate': 3.797544798678414e-05, 'weight_decay': 3.0455368715396793e-06}. Best is trial 0 with value: 0.9162844036697247.
[I 2026-03-06 17:53:31,127] Trial 17 finished with value: 0.9105504587155964 and parameters: {'batch_size': 128, 'window_size': 4, 'attention_heads': 6, 'hidden_dimension': 116, 'number_of_hidden_layers': 2, 'dropout_rate': 0.15597101766581076, 'learning_rate': 0.0006097025297491432, 'weight_decay': 4.149795789891592e-05}. Best is trial 0 with value: 0.9162844036697247.
[I 2026-03-06 18:46:14,323] Trial 18 finished with value: 0.9105504587155964 and parameters: {'batch_size': 112, 'window_size': 4, 'attention_heads': 3, 'hidden_dimension': 42, 'number_of_hidden_layers': 0, 'dropout_rate': 0.2281323365878769, 'learning_rate': 0.0004325432427964555, 'weight_decay': 0.00038211294416912254}. Best is trial 0 with value: 0.9162844036697247.
[I 2026-03-06 19:49:13,036] Trial 19 finished with value: 0.9048165137614679 and parameters: {'batch_size': 32, 'window_size': 3, 'attention_heads': 4, 'hidden_dimension': 53, 'number_of_hidden_layers': 0, 'dropout_rate': 0.20128455142108842, 'learning_rate': 0.0007688106801474952, 'weight_decay': 9.324140221663498e-06}. Best is trial 0 with value: 0.9162844036697247.
[I 2026-03-06 20:45:22,676] Trial 20 finished with value: 0.9025229357798165 and parameters: {'batch_size': 80, 'window_size': 4, 'attention_heads': 3, 'hidden_dimension': 126, 'number_of_hidden_layers': 2, 'dropout_rate': 0.17553468874760925, 'learning_rate': 9.874088417386235e-05, 'weight_decay': 7.991621920384356e-06}. Best is trial 0 with value: 0.9162844036697247.
[I 2026-03-06 21:43:33,837] Trial 21 finished with value: 0.9094036697247706 and parameters: {'batch_size': 56, 'window_size': 2, 'attention_heads': 5, 'hidden_dimension': 80, 'number_of_hidden_layers': 0, 'dropout_rate': 0.18359393927098344, 'learning_rate': 0.0006554382343546282, 'weight_decay': 5.232216089948754e-06}. Best is trial 0 with value: 0.9162844036697247.
[I 2026-03-06 22:43:34,067] Trial 22 finished with value: 0.9105504587155964 and parameters: {'batch_size': 40, 'window_size': 3, 'attention_heads': 8, 'hidden_dimension': 55, 'number_of_hidden_layers': 2, 'dropout_rate': 0.3284858845986153, 'learning_rate': 2.9872741995638415e-05, 'weight_decay': 0.00015298506868937454}. Best is trial 0 with value: 0.9162844036697247.
[I 2026-03-06 23:35:24,387] Trial 23 finished with value: 0.9071100917431193 and parameters: {'batch_size': 104, 'window_size': 3, 'attention_heads': 2, 'hidden_dimension': 101, 'number_of_hidden_layers': 0, 'dropout_rate': 0.37173302145318843, 'learning_rate': 1.4680302674139616e-05, 'weight_decay': 5.170546944987171e-05}. Best is trial 0 with value: 0.9162844036697247.
[I 2026-03-07 00:34:41,917] Trial 24 finished with value: 0.911697247706422 and parameters: {'batch_size': 48, 'window_size': 2, 'attention_heads': 3, 'hidden_dimension': 41, 'number_of_hidden_layers': 0, 'dropout_rate': 0.19976411449929232, 'learning_rate': 0.0007983539516604782, 'weight_decay': 0.00029425508287816087}. Best is trial 0 with value: 0.9162844036697247.
[I 2026-03-07 01:28:40,681] Trial 25 finished with value: 0.9128440366972477 and parameters: {'batch_size': 128, 'window_size': 2, 'attention_heads': 7, 'hidden_dimension': 36, 'number_of_hidden_layers': 2, 'dropout_rate': 0.31404179221145356, 'learning_rate': 4.803098908064724e-05, 'weight_decay': 4.320477205144476e-05}. Best is trial 0 with value: 0.9162844036697247.
[I 2026-03-07 02:22:33,995] Trial 26 finished with value: 0.911697247706422 and parameters: {'batch_size': 128, 'window_size': 3, 'attention_heads': 3, 'hidden_dimension': 117, 'number_of_hidden_layers': 1, 'dropout_rate': 0.3593764164311492, 'learning_rate': 1.0230159333240023e-05, 'weight_decay': 2.829801948739781e-06}. Best is trial 0 with value: 0.9162844036697247.
[I 2026-03-07 03:19:29,723] Trial 27 finished with value: 0.9048165137614679 and parameters: {'batch_size': 72, 'window_size': 2, 'attention_heads': 8, 'hidden_dimension': 41, 'number_of_hidden_layers': 1, 'dropout_rate': 0.3605832527789398, 'learning_rate': 0.0001282265807831535, 'weight_decay': 0.00029800429273734}. Best is trial 0 with value: 0.9162844036697247.
[I 2026-03-07 04:14:07,271] Trial 28 finished with value: 0.9128440366972477 and parameters: {'batch_size': 80, 'window_size': 2, 'attention_heads': 6, 'hidden_dimension': 38, 'number_of_hidden_layers': 0, 'dropout_rate': 0.15102886967570556, 'learning_rate': 0.0007390801647469278, 'weight_decay': 2.5600031277744994e-05}. Best is trial 0 with value: 0.9162844036697247.
[I 2026-03-07 05:09:41,554] Trial 29 finished with value: 0.9128440366972477 and parameters: {'batch_size': 64, 'window_size': 2, 'attention_heads': 8, 'hidden_dimension': 46, 'number_of_hidden_layers': 2, 'dropout_rate': 0.22205561895164816, 'learning_rate': 4.185031522296424e-05, 'weight_decay': 0.00020300072349001345}. Best is trial 0 with value: 0.9162844036697247.
[I 2026-03-07 06:01:36,683] Trial 30 finished with value: 0.9036697247706422 and parameters: {'batch_size': 96, 'window_size': 4, 'attention_heads': 1, 'hidden_dimension': 128, 'number_of_hidden_layers': 0, 'dropout_rate': 0.37988479411065085, 'learning_rate': 1.3005754683291164e-05, 'weight_decay': 4.5172462213448385e-06}. Best is trial 0 with value: 0.9162844036697247.
slurmstepd: error: *** JOB 2326899 ON kn055 CANCELLED AT 2026-03-07T06:26:28 DUE TO TIME LIMIT ***
