[I 2026-04-09 07:48:39,714] Trial 66 finished with value: 0.8727272727272727 and parameters: {'batch_size': 16, 'frozen_layers': 0, 'classifier_dropout': 0.20845401740157987, 'learning_rate': 4.644656917935416e-05, 'weight_decay': 0.00025219556021122895}. Best is trial 9 with value: 0.9030303030303031.
[I 2026-04-09 07:55:19,087] Trial 67 finished with value: 0.896969696969697 and parameters: {'batch_size': 32, 'frozen_layers': 3, 'classifier_dropout': 0.3017372273558005, 'learning_rate': 5.2812392179636045e-05, 'weight_decay': 0.0009173973370191549}. Best is trial 9 with value: 0.9030303030303031.
[I 2026-04-09 08:02:58,758] Trial 68 finished with value: 0.8606060606060606 and parameters: {'batch_size': 24, 'frozen_layers': 4, 'classifier_dropout': 0.2361355106612863, 'learning_rate': 3.10496549593545e-05, 'weight_decay': 0.00016702957038948823}. Best is trial 9 with value: 0.9030303030303031.
[I 2026-04-09 08:10:33,022] Trial 69 finished with value: 0.8606060606060606 and parameters: {'batch_size': 16, 'frozen_layers': 0, 'classifier_dropout': 0.1496103479479604, 'learning_rate': 5.337716462757944e-05, 'weight_decay': 0.0004904763361487835}. Best is trial 9 with value: 0.9030303030303031.
[I 2026-04-09 08:17:13,596] Trial 70 finished with value: 0.8545454545454545 and parameters: {'batch_size': 48, 'frozen_layers': 2, 'classifier_dropout': 0.3461070983035687, 'learning_rate': 6.126271588904205e-05, 'weight_decay': 0.0008076645304311216}. Best is trial 9 with value: 0.9030303030303031.
[I 2026-04-09 08:24:32,764] Trial 71 finished with value: 0.8727272727272727 and parameters: {'batch_size': 64, 'frozen_layers': 4, 'classifier_dropout': 0.13109423153096617, 'learning_rate': 9.479997181446124e-05, 'weight_decay': 0.00015617724358898011}. Best is trial 9 with value: 0.9030303030303031.
[I 2026-04-09 08:31:52,567] Trial 72 finished with value: 0.8787878787878788 and parameters: {'batch_size': 64, 'frozen_layers': 4, 'classifier_dropout': 0.1845144097127843, 'learning_rate': 9.768057059112128e-05, 'weight_decay': 0.00016308455213899986}. Best is trial 9 with value: 0.9030303030303031.
[I 2026-04-09 08:38:17,120] Trial 73 finished with value: 0.8484848484848485 and parameters: {'batch_size': 64, 'frozen_layers': 4, 'classifier_dropout': 0.22172997073267564, 'learning_rate': 6.72637726072764e-05, 'weight_decay': 0.00036470028869575066}. Best is trial 9 with value: 0.9030303030303031.
[I 2026-04-09 08:46:02,962] Trial 74 finished with value: 0.8545454545454545 and parameters: {'batch_size': 32, 'frozen_layers': 1, 'classifier_dropout': 0.1481999981478673, 'learning_rate': 3.0613318032017855e-05, 'weight_decay': 0.0002641730562622003}. Best is trial 9 with value: 0.9030303030303031.
[I 2026-04-09 08:52:31,673] Trial 75 finished with value: 0.8848484848484849 and parameters: {'batch_size': 40, 'frozen_layers': 4, 'classifier_dropout': 0.1508879098107704, 'learning_rate': 9.049811271295976e-05, 'weight_decay': 0.00013624095660659364}. Best is trial 9 with value: 0.9030303030303031.
[I 2026-04-09 09:01:06,738] Trial 76 finished with value: 0.8424242424242424 and parameters: {'batch_size': 32, 'frozen_layers': 2, 'classifier_dropout': 0.12105194814910165, 'learning_rate': 9.615012179498322e-05, 'weight_decay': 0.0001948704894899567}. Best is trial 9 with value: 0.9030303030303031.
[I 2026-04-09 09:08:34,004] Trial 77 finished with value: 0.8424242424242424 and parameters: {'batch_size': 56, 'frozen_layers': 3, 'classifier_dropout': 0.11342580954584633, 'learning_rate': 4.1885920633923855e-05, 'weight_decay': 0.0009422104045045549}. Best is trial 9 with value: 0.9030303030303031.
[I 2026-04-09 09:15:16,798] Trial 78 finished with value: 0.8787878787878788 and parameters: {'batch_size': 32, 'frozen_layers': 2, 'classifier_dropout': 0.15528961924526508, 'learning_rate': 8.840379267341959e-05, 'weight_decay': 0.00019418726912619858}. Best is trial 9 with value: 0.9030303030303031.
[I 2026-04-09 09:21:49,654] Trial 79 finished with value: 0.8606060606060606 and parameters: {'batch_size': 48, 'frozen_layers': 4, 'classifier_dropout': 0.11116061069103707, 'learning_rate': 6.826727373697603e-05, 'weight_decay': 0.0002580775258260416}. Best is trial 9 with value: 0.9030303030303031.
[I 2026-04-09 09:28:44,869] Trial 80 finished with value: 0.8848484848484849 and parameters: {'batch_size': 24, 'frozen_layers': 1, 'classifier_dropout': 0.3911768410586092, 'learning_rate': 5.548327415732707e-05, 'weight_decay': 0.0008974762233904742}. Best is trial 9 with value: 0.9030303030303031.
[I 2026-04-09 09:35:29,920] Trial 81 finished with value: 0.8606060606060606 and parameters: {'batch_size': 40, 'frozen_layers': 1, 'classifier_dropout': 0.15987410697208557, 'learning_rate': 7.906433498958299e-05, 'weight_decay': 0.0005783484585693689}. Best is trial 9 with value: 0.9030303030303031.
[I 2026-04-09 09:42:18,506] Trial 82 finished with value: 0.8727272727272727 and parameters: {'batch_size': 40, 'frozen_layers': 0, 'classifier_dropout': 0.20121130944095544, 'learning_rate': 6.78109249284589e-05, 'weight_decay': 0.0008595108007463297}. Best is trial 9 with value: 0.9030303030303031.
[I 2026-04-09 09:49:07,736] Trial 83 finished with value: 0.8848484848484849 and parameters: {'batch_size': 40, 'frozen_layers': 0, 'classifier_dropout': 0.11088577167567758, 'learning_rate': 9.966751136103081e-05, 'weight_decay': 0.0008213716172006971}. Best is trial 9 with value: 0.9030303030303031.
[I 2026-04-09 09:55:56,752] Trial 84 finished with value: 0.8606060606060606 and parameters: {'batch_size': 40, 'frozen_layers': 0, 'classifier_dropout': 0.20698916857417443, 'learning_rate': 3.0441865133528535e-05, 'weight_decay': 0.000877469059281836}. Best is trial 9 with value: 0.9030303030303031.
[I 2026-04-09 10:02:38,474] Trial 85 finished with value: 0.8787878787878788 and parameters: {'batch_size': 32, 'frozen_layers': 2, 'classifier_dropout': 0.1505136347166558, 'learning_rate': 8.43682620610802e-05, 'weight_decay': 0.00017509027912748456}. Best is trial 9 with value: 0.9030303030303031.
[I 2026-04-09 10:09:17,873] Trial 86 finished with value: 0.8242424242424242 and parameters: {'batch_size': 48, 'frozen_layers': 2, 'classifier_dropout': 0.11173019161148981, 'learning_rate': 7.601278590936133e-05, 'weight_decay': 0.00018833409917080502}. Best is trial 9 with value: 0.9030303030303031.
[I 2026-04-09 10:15:50,345] Trial 87 finished with value: 0.8909090909090909 and parameters: {'batch_size': 32, 'frozen_layers': 4, 'classifier_dropout': 0.11605863673518553, 'learning_rate': 5.927074338507039e-05, 'weight_decay': 0.00013013875051265356}. Best is trial 9 with value: 0.9030303030303031.
[I 2026-04-09 10:22:19,573] Trial 88 finished with value: 0.8545454545454545 and parameters: {'batch_size': 64, 'frozen_layers': 3, 'classifier_dropout': 0.10828255841080574, 'learning_rate': 7.276728132935908e-05, 'weight_decay': 0.00035846290263493493}. Best is trial 9 with value: 0.9030303030303031.
[I 2026-04-09 10:29:08,599] Trial 89 finished with value: 0.8303030303030303 and parameters: {'batch_size': 40, 'frozen_layers': 0, 'classifier_dropout': 0.11125351336402134, 'learning_rate': 8.012439090581701e-05, 'weight_decay': 0.0008914567983552028}. Best is trial 9 with value: 0.9030303030303031.
[I 2026-04-09 10:36:53,668] Trial 90 finished with value: 0.8727272727272727 and parameters: {'batch_size': 24, 'frozen_layers': 3, 'classifier_dropout': 0.16075777673451583, 'learning_rate': 4.901251259134761e-05, 'weight_decay': 0.0009870028634953786}. Best is trial 9 with value: 0.9030303030303031.
[I 2026-04-09 10:43:31,667] Trial 91 finished with value: 0.8848484848484849 and parameters: {'batch_size': 32, 'frozen_layers': 3, 'classifier_dropout': 0.3210544359023977, 'learning_rate': 5.723416942101542e-05, 'weight_decay': 0.00047150201401814553}. Best is trial 9 with value: 0.9030303030303031.
[I 2026-04-09 10:50:10,923] Trial 92 finished with value: 0.896969696969697 and parameters: {'batch_size': 32, 'frozen_layers': 3, 'classifier_dropout': 0.3941461743990705, 'learning_rate': 4.890409619567357e-05, 'weight_decay': 0.0005968064572760857}. Best is trial 9 with value: 0.9030303030303031.
[I 2026-04-09 10:57:02,547] Trial 93 finished with value: 0.8787878787878788 and parameters: {'batch_size': 32, 'frozen_layers': 0, 'classifier_dropout': 0.2585126638791467, 'learning_rate': 6.914918646181657e-05, 'weight_decay': 0.0009523256366913527}. Best is trial 9 with value: 0.9030303030303031.
[I 2026-04-09 11:03:35,678] Trial 94 finished with value: 0.8424242424242424 and parameters: {'batch_size': 32, 'frozen_layers': 4, 'classifier_dropout': 0.1507914498057233, 'learning_rate': 8.304888079487498e-05, 'weight_decay': 0.00027880470415319214}. Best is trial 9 with value: 0.9030303030303031.
[I 2026-04-09 11:10:15,809] Trial 95 finished with value: 0.8424242424242424 and parameters: {'batch_size': 40, 'frozen_layers': 2, 'classifier_dropout': 0.3712800272354276, 'learning_rate': 6.358965767896801e-05, 'weight_decay': 0.0007674565358165245}. Best is trial 9 with value: 0.9030303030303031.
[I 2026-04-09 11:17:16,990] Trial 96 finished with value: 0.8303030303030303 and parameters: {'batch_size': 24, 'frozen_layers': 0, 'classifier_dropout': 0.35462202662802966, 'learning_rate': 8.115310765712585e-05, 'weight_decay': 0.00039552260822170644}. Best is trial 9 with value: 0.9030303030303031.
[I 2026-04-09 11:23:52,337] Trial 97 finished with value: 0.8727272727272727 and parameters: {'batch_size': 32, 'frozen_layers': 4, 'classifier_dropout': 0.38371059507103455, 'learning_rate': 7.131458778363794e-05, 'weight_decay': 0.0005232422711032758}. Best is trial 9 with value: 0.9030303030303031.
[I 2026-04-09 11:30:21,070] Trial 98 finished with value: 0.8363636363636363 and parameters: {'batch_size': 40, 'frozen_layers': 4, 'classifier_dropout': 0.3407320325884042, 'learning_rate': 4.646979539326353e-05, 'weight_decay': 0.0009491857854314709}. Best is trial 9 with value: 0.9030303030303031.
[I 2026-04-09 11:37:13,201] Trial 99 finished with value: 0.8787878787878788 and parameters: {'batch_size': 24, 'frozen_layers': 1, 'classifier_dropout': 0.11497779138413887, 'learning_rate': 8.40134098176599e-05, 'weight_decay': 0.0009385880186202983}. Best is trial 9 with value: 0.9030303030303031.
[I 2026-04-09 11:44:03,793] Trial 100 finished with value: 0.8666666666666667 and parameters: {'batch_size': 32, 'frozen_layers': 0, 'classifier_dropout': 0.1502394017755334, 'learning_rate': 7.68203708982949e-05, 'weight_decay': 0.0007151963100354188}. Best is trial 9 with value: 0.9030303030303031.
[I 2026-04-09 11:50:40,937] Trial 101 finished with value: 0.8181818181818182 and parameters: {'batch_size': 32, 'frozen_layers': 3, 'classifier_dropout': 0.3859796905507746, 'learning_rate': 5.3591378548545316e-05, 'weight_decay': 0.0009900173974642693}. Best is trial 9 with value: 0.9030303030303031.
[I 2026-04-09 11:57:14,509] Trial 102 finished with value: 0.8727272727272727 and parameters: {'batch_size': 32, 'frozen_layers': 4, 'classifier_dropout': 0.16326235539866557, 'learning_rate': 9.716120347159107e-05, 'weight_decay': 0.00032431199646150167}. Best is trial 9 with value: 0.9030303030303031.

[TRIAL] 56 [VALIDATION PERFORMANCE] 0.9030303030303031 [TRAINING LOSS] 0.33758451238128484 [VALIDATION LOSS] 0.33115916256792843 

number                     			 56
value                      			 0.9030303030303031
params_batch_size          			 16
params_classifier_dropout  			 0.14297289751242184
params_frozen_layers       			 0
params_learning_rate       			 4.1331244924330716e-05
params_weight_decay        			 0.00037625409756460236
user_attrs_duplicate       			 False
user_attrs_epoch           			 2
user_attrs_training_loss   			 0.33758451238128484
user_attrs_validation_loss 			 0.33115916256792843

[37] VALIDATION: 0.8484848484848485 TESTING: 0.8656716417910447
[38] VALIDATION: 0.8848484848484849 TESTING: 0.9044776119402985
[39] VALIDATION: 0.8363636363636363 TESTING: 0.9194029850746268
[40] VALIDATION: 0.8545454545454545 TESTING: 0.8746268656716418
[41] VALIDATION: 0.8727272727272727 TESTING: 0.9223880597014925
[42] VALIDATION: 0.9030303030303031 TESTING: 0.9343283582089552
[43] VALIDATION: 0.8363636363636363 TESTING: 0.8835820895522388
[44] VALIDATION: 0.8787878787878788 TESTING: 0.9223880597014925
[45] VALIDATION: 0.8606060606060606 TESTING: 0.8895522388059701
[46] VALIDATION: 0.8666666666666667 TESTING: 0.8865671641791045

Validation performance: 83.64 & 86.42 ± 2.14 & 90.3
Testing performance: 86.57 & 90.03 ± 2.35 & 93.43

[TRIAL] 9 [VALIDATION PERFORMANCE] 0.9030303030303031 [TRAINING LOSS] 0.34100137650966644 [VALIDATION LOSS] 0.3843263929540461 

number                     			 9
value                      			 0.9030303030303031
params_batch_size          			 48
params_classifier_dropout  			 0.11951547789558387
params_frozen_layers       			 0
params_learning_rate       			 9.403149345691192e-05
params_weight_decay        			 0.0009239150319627245
user_attrs_duplicate       			 False
user_attrs_epoch           			 2
user_attrs_training_loss   			 0.34100137650966644
user_attrs_validation_loss 			 0.3843263929540461

[37] VALIDATION: 0.8545454545454545 TESTING: 0.8835820895522388
[38] VALIDATION: 0.8848484848484849 TESTING: 0.9014925373134328
[39] VALIDATION: 0.8484848484848485 TESTING: 0.8925373134328358
[40] VALIDATION: 0.8606060606060606 TESTING: 0.8985074626865671
[41] VALIDATION: 0.8484848484848485 TESTING: 0.9074626865671642
[42] VALIDATION: 0.9030303030303031 TESTING: 0.9074626865671642
[43] VALIDATION: 0.8666666666666667 TESTING: 0.8955223880597015
[44] VALIDATION: 0.8666666666666667 TESTING: 0.9044776119402985
[45] VALIDATION: 0.8606060606060606 TESTING: 0.8776119402985074
[46] VALIDATION: 0.8242424242424242 TESTING: 0.8955223880597015

Validation performance: 82.42 & 86.18 ± 2.13 & 90.3
Testing performance: 87.76 & 89.64 ± 0.99 & 90.75

[TRIAL] 52 [VALIDATION PERFORMANCE] 0.896969696969697 [TRAINING LOSS] 0.30066192968218935 [VALIDATION LOSS] 0.34401157032698393 

number                     			 52
value                      			 0.896969696969697
params_batch_size          			 32
params_classifier_dropout  			 0.3971209562055461
params_frozen_layers       			 3
params_learning_rate       			 5.721856447388496e-05
params_weight_decay        			 0.0008981305412546439
user_attrs_duplicate       			 False
user_attrs_epoch           			 2
user_attrs_training_loss   			 0.30066192968218935
user_attrs_validation_loss 			 0.34401157032698393

[37] VALIDATION: 0.8727272727272727 TESTING: 0.9014925373134328
[38] VALIDATION: 0.8545454545454545 TESTING: 0.8955223880597015
[39] VALIDATION: 0.8727272727272727 TESTING: 0.8686567164179104
[40] VALIDATION: 0.8545454545454545 TESTING: 0.8865671641791045
[41] VALIDATION: 0.8666666666666667 TESTING: 0.9194029850746268
[42] VALIDATION: 0.896969696969697 TESTING: 0.9164179104477612
[43] VALIDATION: 0.8787878787878788 TESTING: 0.9343283582089552
[44] VALIDATION: 0.8424242424242424 TESTING: 0.8656716417910447
[45] VALIDATION: 0.8303030303030303 TESTING: 0.8507462686567164
[46] VALIDATION: 0.8484848484848485 TESTING: 0.8686567164179104

Validation performance: 83.03 & 86.18 ± 1.95 & 89.7
Testing performance: 85.07 & 89.07 ± 2.74 & 93.43

[IMDb-1k] Elapsed time: 2097.1646485328674 minutes.
