[I 2026-02-04 04:04:55,790] Trial 76 finished with value: 0.9094036697247706 and parameters: {'frozen_layers': 4, 'classifier_dropout': 0.3, 'learning_rate': 0.0001, 'weight_decay': 0.001, 'label_smoothing': 0.15, 'gradient_clipping': 2.0}. Best is trial 13 with value: 0.9277522935779816.
[I 2026-02-04 04:17:13,309] Trial 77 finished with value: 0.9048165137614679 and parameters: {'frozen_layers': 6, 'classifier_dropout': 0.2, 'learning_rate': 0.0001, 'weight_decay': 1e-06, 'label_smoothing': 0.1, 'gradient_clipping': 0.5}. Best is trial 13 with value: 0.9277522935779816.
[I 2026-02-04 04:29:27,887] Trial 78 finished with value: 0.9128440366972477 and parameters: {'frozen_layers': 6, 'classifier_dropout': 0.1, 'learning_rate': 0.0001, 'weight_decay': 0.0001, 'label_smoothing': 0.0, 'gradient_clipping': 0.5}. Best is trial 13 with value: 0.9277522935779816.
[I 2026-02-04 04:42:40,384] Trial 79 finished with value: 0.911697247706422 and parameters: {'frozen_layers': 0, 'classifier_dropout': 0.1, 'learning_rate': 5e-05, 'weight_decay': 0.0001, 'label_smoothing': 0.1, 'gradient_clipping': 0.5}. Best is trial 13 with value: 0.9277522935779816.
[I 2026-02-04 04:55:18,591] Trial 80 finished with value: 0.9013761467889908 and parameters: {'frozen_layers': 4, 'classifier_dropout': 0.4, 'learning_rate': 0.0001, 'weight_decay': 1e-05, 'label_smoothing': 0.15, 'gradient_clipping': 1.0}. Best is trial 13 with value: 0.9277522935779816.
[I 2026-02-04 05:07:56,971] Trial 81 finished with value: 0.9174311926605505 and parameters: {'frozen_layers': 4, 'classifier_dropout': 0.1, 'learning_rate': 1e-05, 'weight_decay': 0.0001, 'label_smoothing': 0.1, 'gradient_clipping': 1.0}. Best is trial 13 with value: 0.9277522935779816.
[I 2026-02-04 05:20:12,479] Trial 82 finished with value: 0.9071100917431193 and parameters: {'frozen_layers': 6, 'classifier_dropout': 0.1, 'learning_rate': 0.0001, 'weight_decay': 0.0001, 'label_smoothing': 0.15, 'gradient_clipping': 2.0}. Best is trial 13 with value: 0.9277522935779816.
[I 2026-02-04 05:32:31,522] Trial 83 finished with value: 0.9094036697247706 and parameters: {'frozen_layers': 6, 'classifier_dropout': 0.1, 'learning_rate': 1e-05, 'weight_decay': 0.001, 'label_smoothing': 0.15, 'gradient_clipping': 1.5}. Best is trial 13 with value: 0.9277522935779816.
[I 2026-02-04 05:45:46,265] Trial 84 finished with value: 0.9059633027522935 and parameters: {'frozen_layers': 0, 'classifier_dropout': 0.4, 'learning_rate': 2e-05, 'weight_decay': 1e-06, 'label_smoothing': 0.1, 'gradient_clipping': 2.0}. Best is trial 13 with value: 0.9277522935779816.
[I 2026-02-04 05:58:01,067] Trial 85 finished with value: 0.9059633027522935 and parameters: {'frozen_layers': 6, 'classifier_dropout': 0.4, 'learning_rate': 3e-05, 'weight_decay': 1e-05, 'label_smoothing': 0.15, 'gradient_clipping': 2.0}. Best is trial 13 with value: 0.9277522935779816.
slurmstepd: error: *** JOB 2090457 ON kn055 CANCELLED AT 2026-02-04T06:01:30 ***
