SLURM NODE: kn068
[I 2026-02-10 06:21:35,027] Using an existing study with name 'IMDb-Fine-tuning' instead of creating a new one.
Unbound optimization already completed.

[UPDATE] Unbound limits: {'frozen_layers': (np.int64(0), np.int64(6)), 'classifier_dropout': (np.float64(0.1), np.float64(0.3)), 'learning_rate': (np.float64(3e-05), np.float64(0.0001)), 'weight_decay': (np.float64(1e-06), np.float64(0.001)), 'label_smoothing': (np.float64(0.05), np.float64(0.15)), 'gradient_clipping': (np.float64(0.5), np.float64(2.0))}
[I 2026-02-10 06:21:35,672] Using an existing study with name 'IMDb-Fine-tuning-unbound' instead of creating a new one.
Last trial state: 0
Enqueuing hyper-parameters: {'frozen_layers': 4, 'classifier_dropout': 0.10997327903269956, 'learning_rate': 5.759421999652966e-05, 'weight_decay': 1.1487366279147622e-06, 'label_smoothing': 0.12413932761875927, 'gradient_clipping': 1.4332507680754425}
[I 2026-02-10 07:04:11,218] Trial 28 finished with value: 0.9188 and parameters: {'frozen_layers': 4, 'classifier_dropout': 0.10997327903269956, 'learning_rate': 5.759421999652966e-05, 'weight_decay': 1.1487366279147622e-06, 'label_smoothing': 0.12413932761875927, 'gradient_clipping': 1.4332507680754425}. Best is trial 0 with value: 0.9348.
[I 2026-02-10 07:37:34,059] Trial 29 finished with value: 0.914 and parameters: {'frozen_layers': 6, 'classifier_dropout': 0.2522431043469473, 'learning_rate': 9.915184817624003e-05, 'weight_decay': 2.748804892938356e-06, 'label_smoothing': 0.14676393170452495, 'gradient_clipping': 0.8195797684734853}. Best is trial 0 with value: 0.9348.
[I 2026-02-10 08:08:48,824] Trial 30 finished with value: 0.9174 and parameters: {'frozen_layers': 0, 'classifier_dropout': 0.14904784265287738, 'learning_rate': 5.0892769539382866e-05, 'weight_decay': 3.745609709404205e-05, 'label_smoothing': 0.11728407355601837, 'gradient_clipping': 1.1383686993307}. Best is trial 0 with value: 0.9348.
[I 2026-02-10 08:51:04,952] Trial 31 finished with value: 0.9178 and parameters: {'frozen_layers': 6, 'classifier_dropout': 0.10466064467936127, 'learning_rate': 3.130974708602079e-05, 'weight_decay': 6.649390430566003e-06, 'label_smoothing': 0.14897990222040158, 'gradient_clipping': 1.0863981983505153}. Best is trial 0 with value: 0.9348.
[I 2026-02-10 09:28:41,640] Trial 32 finished with value: 0.9294 and parameters: {'frozen_layers': 6, 'classifier_dropout': 0.10336529508010676, 'learning_rate': 5.160753744735344e-05, 'weight_decay': 1.7726757834489274e-05, 'label_smoothing': 0.11082468048156467, 'gradient_clipping': 1.215033372654387}. Best is trial 0 with value: 0.9348.
[I 2026-02-10 09:58:17,073] Trial 33 finished with value: 0.9248 and parameters: {'frozen_layers': 5, 'classifier_dropout': 0.14093525491484613, 'learning_rate': 6.861054262960502e-05, 'weight_decay': 4.3782971997529545e-06, 'label_smoothing': 0.0884100783711775, 'gradient_clipping': 1.7930270628771598}. Best is trial 0 with value: 0.9348.
[I 2026-02-10 10:27:34,014] Trial 34 finished with value: 0.9256 and parameters: {'frozen_layers': 6, 'classifier_dropout': 0.11869951590133257, 'learning_rate': 4.946945314364052e-05, 'weight_decay': 1.3628934581999706e-05, 'label_smoothing': 0.06123523863972082, 'gradient_clipping': 1.482917429461527}. Best is trial 0 with value: 0.9348.
