SLURM NODE: kn071
[I 2026-02-15 06:30:55,892] Using an existing study with name 'IMDb-Fine-tuning' instead of creating a new one.
[UPDATE] 50 completed trials using a random sampler. Switching from random to TPE sampling.
Last trial state: 0
Enqueuing hyper-parameters: {'batch_size': 16, 'frozen_layers': 2, 'classifier_dropout': 0.1, 'learning_rate': 3e-05, 'weight_decay': 1e-06}
[I 2026-02-15 07:29:03,429] Trial 100 finished with value: 0.9346 and parameters: {'batch_size': 16, 'frozen_layers': 2, 'classifier_dropout': 0.1, 'learning_rate': 3e-05, 'weight_decay': 1e-06}. Best is trial 5 with value: 0.935.
[I 2026-02-15 08:19:56,514] Trial 101 finished with value: 0.9326 and parameters: {'batch_size': 32, 'frozen_layers': 2, 'classifier_dropout': 0.2, 'learning_rate': 5e-05, 'weight_decay': 0.0001}. Best is trial 5 with value: 0.935.
[I 2026-02-15 09:18:06,958] Trial 102 finished with value: 0.9294 and parameters: {'batch_size': 16, 'frozen_layers': 2, 'classifier_dropout': 0.1, 'learning_rate': 5e-05, 'weight_decay': 0.0001}. Best is trial 5 with value: 0.935.
[I 2026-02-15 10:07:12,410] Trial 103 finished with value: 0.9228 and parameters: {'batch_size': 64, 'frozen_layers': 2, 'classifier_dropout': 0.1, 'learning_rate': 3e-05, 'weight_decay': 1e-05}. Best is trial 5 with value: 0.935.
[I 2026-02-15 11:05:08,515] Trial 104 finished with value: 0.9348 and parameters: {'batch_size': 16, 'frozen_layers': 2, 'classifier_dropout': 0.4, 'learning_rate': 3e-05, 'weight_decay': 0.001}. Best is trial 5 with value: 0.935.
[I 2026-02-15 11:05:09,066] Trial 105 pruned. Duplicate hyper-parameters, same as those used in trial 104: {'batch_size': 16, 'frozen_layers': 2, 'classifier_dropout': 0.4, 'learning_rate': 3e-05, 'weight_decay': 0.001}.
[I 2026-02-15 12:03:04,264] Trial 106 finished with value: 0.932 and parameters: {'batch_size': 16, 'frozen_layers': 4, 'classifier_dropout': 0.4, 'learning_rate': 3e-05, 'weight_decay': 0.001}. Best is trial 5 with value: 0.935.
[I 2026-02-15 12:52:27,255] Trial 107 finished with value: 0.9322 and parameters: {'batch_size': 32, 'frozen_layers': 4, 'classifier_dropout': 0.2, 'learning_rate': 2e-05, 'weight_decay': 1e-05}. Best is trial 5 with value: 0.935.
[I 2026-02-15 13:59:25,229] Trial 108 finished with value: 0.9308 and parameters: {'batch_size': 16, 'frozen_layers': 0, 'classifier_dropout': 0.2, 'learning_rate': 2e-05, 'weight_decay': 1e-06}. Best is trial 5 with value: 0.935.
[I 2026-02-15 14:57:25,604] Trial 109 finished with value: 0.9294 and parameters: {'batch_size': 16, 'frozen_layers': 2, 'classifier_dropout': 0.2, 'learning_rate': 5e-05, 'weight_decay': 1e-06}. Best is trial 5 with value: 0.935.
[I 2026-02-15 15:55:41,372] Trial 110 finished with value: 0.9348 and parameters: {'batch_size': 16, 'frozen_layers': 2, 'classifier_dropout': 0.2, 'learning_rate': 3e-05, 'weight_decay': 0.001}. Best is trial 5 with value: 0.935.
[I 2026-02-15 16:53:42,587] Trial 111 finished with value: 0.9268 and parameters: {'batch_size': 16, 'frozen_layers': 2, 'classifier_dropout': 0.2, 'learning_rate': 1e-05, 'weight_decay': 0.001}. Best is trial 5 with value: 0.935.
[I 2026-02-15 17:42:54,613] Trial 112 finished with value: 0.9278 and parameters: {'batch_size': 64, 'frozen_layers': 2, 'classifier_dropout': 0.2, 'learning_rate': 2e-05, 'weight_decay': 0.001}. Best is trial 5 with value: 0.935.
[I 2026-02-15 17:42:55,094] Trial 113 pruned. Duplicate hyper-parameters, same as those used in trial 110: {'batch_size': 16, 'frozen_layers': 2, 'classifier_dropout': 0.2, 'learning_rate': 3e-05, 'weight_decay': 0.001}.
[I 2026-02-15 18:39:56,989] Trial 114 finished with value: 0.932 and parameters: {'batch_size': 16, 'frozen_layers': 4, 'classifier_dropout': 0.1, 'learning_rate': 3e-05, 'weight_decay': 0.001}. Best is trial 5 with value: 0.935.
[I 2026-02-15 19:30:35,586] Trial 115 finished with value: 0.935 and parameters: {'batch_size': 32, 'frozen_layers': 2, 'classifier_dropout': 0.1, 'learning_rate': 2e-05, 'weight_decay': 1e-05}. Best is trial 5 with value: 0.935.
[I 2026-02-15 19:30:36,203] Trial 116 pruned. Duplicate hyper-parameters, same as those used in trial 115: {'batch_size': 32, 'frozen_layers': 2, 'classifier_dropout': 0.1, 'learning_rate': 2e-05, 'weight_decay': 1e-05}.
[I 2026-02-15 20:21:08,106] Trial 117 finished with value: 0.935 and parameters: {'batch_size': 32, 'frozen_layers': 2, 'classifier_dropout': 0.3, 'learning_rate': 2e-05, 'weight_decay': 1e-05}. Best is trial 5 with value: 0.935.
[I 2026-02-15 21:11:45,923] Trial 118 finished with value: 0.935 and parameters: {'batch_size': 32, 'frozen_layers': 2, 'classifier_dropout': 0.3, 'learning_rate': 2e-05, 'weight_decay': 0.0001}. Best is trial 5 with value: 0.935.
[I 2026-02-15 21:11:46,644] Trial 119 pruned. Duplicate hyper-parameters, same as those used in trial 117: {'batch_size': 32, 'frozen_layers': 2, 'classifier_dropout': 0.3, 'learning_rate': 2e-05, 'weight_decay': 1e-05}.
[I 2026-02-15 22:02:42,361] Trial 120 finished with value: 0.935 and parameters: {'batch_size': 32, 'frozen_layers': 2, 'classifier_dropout': 0.2, 'learning_rate': 2e-05, 'weight_decay': 0.001}. Best is trial 5 with value: 0.935.
[I 2026-02-15 22:02:42,940] Trial 121 pruned. Duplicate hyper-parameters, same as those used in trial 120: {'batch_size': 32, 'frozen_layers': 2, 'classifier_dropout': 0.2, 'learning_rate': 2e-05, 'weight_decay': 0.001}.
[I 2026-02-15 22:53:24,616] Trial 122 finished with value: 0.9226 and parameters: {'batch_size': 32, 'frozen_layers': 2, 'classifier_dropout': 0.3, 'learning_rate': 0.0001, 'weight_decay': 1e-05}. Best is trial 5 with value: 0.935.
[I 2026-02-15 22:53:25,215] Trial 123 pruned. Duplicate hyper-parameters, same as those used in trial 118: {'batch_size': 32, 'frozen_layers': 2, 'classifier_dropout': 0.3, 'learning_rate': 2e-05, 'weight_decay': 0.0001}.
[I 2026-02-15 23:44:43,632] Trial 124 finished with value: 0.935 and parameters: {'batch_size': 32, 'frozen_layers': 2, 'classifier_dropout': 0.1, 'learning_rate': 2e-05, 'weight_decay': 0.001}. Best is trial 5 with value: 0.935.
[I 2026-02-15 23:44:44,367] Trial 125 pruned. Duplicate hyper-parameters, same as those used in trial 124: {'batch_size': 32, 'frozen_layers': 2, 'classifier_dropout': 0.1, 'learning_rate': 2e-05, 'weight_decay': 0.001}.
[I 2026-02-16 00:37:08,520] Trial 126 finished with value: 0.9334 and parameters: {'batch_size': 32, 'frozen_layers': 0, 'classifier_dropout': 0.1, 'learning_rate': 2e-05, 'weight_decay': 1e-05}. Best is trial 5 with value: 0.935.
[I 2026-02-16 01:28:09,416] Trial 127 finished with value: 0.935 and parameters: {'batch_size': 32, 'frozen_layers': 2, 'classifier_dropout': 0.1, 'learning_rate': 2e-05, 'weight_decay': 1e-06}. Best is trial 5 with value: 0.935.
[I 2026-02-16 01:28:10,215] Trial 128 pruned. Duplicate hyper-parameters, same as those used in trial 127: {'batch_size': 32, 'frozen_layers': 2, 'classifier_dropout': 0.1, 'learning_rate': 2e-05, 'weight_decay': 1e-06}.
[I 2026-02-16 02:24:11,057] Trial 129 finished with value: 0.935 and parameters: {'batch_size': 32, 'frozen_layers': 2, 'classifier_dropout': 0.3, 'learning_rate': 2e-05, 'weight_decay': 0.001}. Best is trial 5 with value: 0.935.
[I 2026-02-16 02:24:11,639] Trial 130 pruned. Duplicate hyper-parameters, same as those used in trial 129: {'batch_size': 32, 'frozen_layers': 2, 'classifier_dropout': 0.3, 'learning_rate': 2e-05, 'weight_decay': 0.001}.
[I 2026-02-16 03:20:24,452] Trial 131 finished with value: 0.92 and parameters: {'batch_size': 32, 'frozen_layers': 0, 'classifier_dropout': 0.2, 'learning_rate': 0.0001, 'weight_decay': 0.001}. Best is trial 5 with value: 0.935.
[I 2026-02-16 04:09:50,607] Trial 132 finished with value: 0.9322 and parameters: {'batch_size': 32, 'frozen_layers': 4, 'classifier_dropout': 0.3, 'learning_rate': 2e-05, 'weight_decay': 1e-05}. Best is trial 5 with value: 0.935.
[I 2026-02-16 04:58:10,688] Trial 133 finished with value: 0.9254 and parameters: {'batch_size': 32, 'frozen_layers': 6, 'classifier_dropout': 0.3, 'learning_rate': 2e-05, 'weight_decay': 0.001}. Best is trial 5 with value: 0.935.
[I 2026-02-16 05:55:04,226] Trial 134 finished with value: 0.9194 and parameters: {'batch_size': 16, 'frozen_layers': 2, 'classifier_dropout': 0.3, 'learning_rate': 0.0001, 'weight_decay': 0.001}. Best is trial 5 with value: 0.935.
[I 2026-02-16 06:51:55,946] Trial 135 finished with value: 0.933 and parameters: {'batch_size': 16, 'frozen_layers': 2, 'classifier_dropout': 0.1, 'learning_rate': 2e-05, 'weight_decay': 0.0001}. Best is trial 5 with value: 0.935.
[I 2026-02-16 07:48:51,246] Trial 136 finished with value: 0.9312 and parameters: {'batch_size': 16, 'frozen_layers': 2, 'classifier_dropout': 0.4, 'learning_rate': 5e-05, 'weight_decay': 0.001}. Best is trial 5 with value: 0.935.
[I 2026-02-16 08:46:18,284] Trial 137 finished with value: 0.925 and parameters: {'batch_size': 32, 'frozen_layers': 2, 'classifier_dropout': 0.1, 'learning_rate': 1e-05, 'weight_decay': 0.001}. Best is trial 5 with value: 0.935.
[I 2026-02-16 09:36:40,786] Trial 138 finished with value: 0.935 and parameters: {'batch_size': 32, 'frozen_layers': 2, 'classifier_dropout': 0.4, 'learning_rate': 2e-05, 'weight_decay': 0.001}. Best is trial 5 with value: 0.935.
[I 2026-02-16 10:33:46,671] Trial 139 finished with value: 0.933 and parameters: {'batch_size': 16, 'frozen_layers': 2, 'classifier_dropout': 0.1, 'learning_rate': 2e-05, 'weight_decay': 0.001}. Best is trial 5 with value: 0.935.
[I 2026-02-16 10:33:47,271] Trial 140 pruned. Duplicate hyper-parameters, same as those used in trial 138: {'batch_size': 32, 'frozen_layers': 2, 'classifier_dropout': 0.4, 'learning_rate': 2e-05, 'weight_decay': 0.001}.
