[I 2026-02-13 01:20:31,619] Trial 87 finished with value: 0.5908472330948339 and parameters: {'batch_size': 32, 'frozen_layers': 0, 'classifier_dropout': 0.2, 'learning_rate': 0.0001, 'weight_decay': 0.001}. Best is trial 68 with value: 0.6648321284323387.
[I 2026-02-13 01:36:17,149] Trial 88 finished with value: 0.6655671610890869 and parameters: {'batch_size': 32, 'frozen_layers': 2, 'classifier_dropout': 0.4, 'learning_rate': 5e-05, 'weight_decay': 0.001}. Best is trial 88 with value: 0.6655671610890869.
[I 2026-02-13 01:51:14,048] Trial 89 finished with value: 0.600030179032105 and parameters: {'batch_size': 32, 'frozen_layers': 6, 'classifier_dropout': 0.4, 'learning_rate': 5e-05, 'weight_decay': 0.001}. Best is trial 88 with value: 0.6655671610890869.
[I 2026-02-13 01:51:14,534] Trial 90 pruned. Duplicate hyper-parameters, same as those used in trial 88: {'batch_size': 32, 'frozen_layers': 2, 'classifier_dropout': 0.4, 'learning_rate': 5e-05, 'weight_decay': 0.001}.
[I 2026-02-13 02:08:56,474] Trial 91 finished with value: 0.5617328721540449 and parameters: {'batch_size': 16, 'frozen_layers': 2, 'classifier_dropout': 0.2, 'learning_rate': 1e-05, 'weight_decay': 0.001}. Best is trial 88 with value: 0.6655671610890869.
[I 2026-02-13 02:24:39,740] Trial 92 finished with value: 0.577931567242039 and parameters: {'batch_size': 64, 'frozen_layers': 2, 'classifier_dropout': 0.4, 'learning_rate': 3e-05, 'weight_decay': 1e-05}. Best is trial 88 with value: 0.6655671610890869.
[I 2026-02-13 02:42:36,281] Trial 93 finished with value: 0.6616087877734649 and parameters: {'batch_size': 16, 'frozen_layers': 0, 'classifier_dropout': 0.4, 'learning_rate': 3e-05, 'weight_decay': 1e-05}. Best is trial 88 with value: 0.6655671610890869.
[I 2026-02-13 02:42:36,725] Trial 94 pruned. Duplicate hyper-parameters, same as those used in trial 93: {'batch_size': 16, 'frozen_layers': 0, 'classifier_dropout': 0.4, 'learning_rate': 3e-05, 'weight_decay': 1e-05}.
[I 2026-02-13 03:00:31,573] Trial 95 finished with value: 0.6616087877734649 and parameters: {'batch_size': 16, 'frozen_layers': 0, 'classifier_dropout': 0.3, 'learning_rate': 3e-05, 'weight_decay': 1e-06}. Best is trial 88 with value: 0.6655671610890869.
[I 2026-02-13 03:18:23,726] Trial 96 finished with value: 0.6616087877734649 and parameters: {'batch_size': 16, 'frozen_layers': 0, 'classifier_dropout': 0.3, 'learning_rate': 3e-05, 'weight_decay': 0.0001}. Best is trial 88 with value: 0.6655671610890869.
[I 2026-02-13 03:18:24,160] Trial 97 pruned. Duplicate hyper-parameters, same as those used in trial 96: {'batch_size': 16, 'frozen_layers': 0, 'classifier_dropout': 0.3, 'learning_rate': 3e-05, 'weight_decay': 0.0001}.
[I 2026-02-13 03:18:24,592] Trial 98 pruned. Duplicate hyper-parameters, same as those used in trial 95: {'batch_size': 16, 'frozen_layers': 0, 'classifier_dropout': 0.3, 'learning_rate': 3e-05, 'weight_decay': 1e-06}.
[I 2026-02-13 03:34:21,018] Trial 99 finished with value: 0.6310989033571227 and parameters: {'batch_size': 64, 'frozen_layers': 0, 'classifier_dropout': 0.3, 'learning_rate': 5e-05, 'weight_decay': 1e-05}. Best is trial 88 with value: 0.6655671610890869.
[I 2026-02-13 03:50:07,826] Trial 100 finished with value: 0.6655671610890869 and parameters: {'batch_size': 32, 'frozen_layers': 2, 'classifier_dropout': 0.3, 'learning_rate': 5e-05, 'weight_decay': 0.001}. Best is trial 88 with value: 0.6655671610890869.
[I 2026-02-13 04:05:50,190] Trial 101 finished with value: 0.6348216884954604 and parameters: {'batch_size': 32, 'frozen_layers': 2, 'classifier_dropout': 0.3, 'learning_rate': 0.0001, 'weight_decay': 0.001}. Best is trial 88 with value: 0.6655671610890869.
[I 2026-02-13 04:22:01,817] Trial 102 finished with value: 0.6214653656357325 and parameters: {'batch_size': 32, 'frozen_layers': 0, 'classifier_dropout': 0.3, 'learning_rate': 3e-05, 'weight_decay': 0.001}. Best is trial 88 with value: 0.6655671610890869.
[I 2026-02-13 04:22:02,349] Trial 103 pruned. Duplicate hyper-parameters, same as those used in trial 100: {'batch_size': 32, 'frozen_layers': 2, 'classifier_dropout': 0.3, 'learning_rate': 5e-05, 'weight_decay': 0.001}.
[I 2026-02-13 04:37:26,905] Trial 104 finished with value: 0.6285856532898212 and parameters: {'batch_size': 32, 'frozen_layers': 4, 'classifier_dropout': 0.4, 'learning_rate': 5e-05, 'weight_decay': 1e-06}. Best is trial 88 with value: 0.6655671610890869.
[I 2026-02-13 04:53:08,793] Trial 105 finished with value: 0.6595414517670306 and parameters: {'batch_size': 32, 'frozen_layers': 2, 'classifier_dropout': 0.2, 'learning_rate': 5e-05, 'weight_decay': 1e-06}. Best is trial 88 with value: 0.6655671610890869.
[I 2026-02-13 05:08:53,118] Trial 106 finished with value: 0.6655671610890869 and parameters: {'batch_size': 32, 'frozen_layers': 2, 'classifier_dropout': 0.2, 'learning_rate': 5e-05, 'weight_decay': 0.001}. Best is trial 88 with value: 0.6655671610890869.
[I 2026-02-13 05:08:53,586] Trial 107 pruned. Duplicate hyper-parameters, same as those used in trial 105: {'batch_size': 32, 'frozen_layers': 2, 'classifier_dropout': 0.2, 'learning_rate': 5e-05, 'weight_decay': 1e-06}.
[I 2026-02-13 05:24:44,153] Trial 108 finished with value: 0.6333529702404886 and parameters: {'batch_size': 32, 'frozen_layers': 2, 'classifier_dropout': 0.2, 'learning_rate': 3e-05, 'weight_decay': 0.001}. Best is trial 88 with value: 0.6655671610890869.
[I 2026-02-13 05:40:17,336] Trial 109 finished with value: 0.6127267058994779 and parameters: {'batch_size': 64, 'frozen_layers': 2, 'classifier_dropout': 0.1, 'learning_rate': 5e-05, 'weight_decay': 0.001}. Best is trial 88 with value: 0.6655671610890869.
[I 2026-02-13 05:40:17,781] Trial 110 pruned. Duplicate hyper-parameters, same as those used in trial 106: {'batch_size': 32, 'frozen_layers': 2, 'classifier_dropout': 0.2, 'learning_rate': 5e-05, 'weight_decay': 0.001}.
[I 2026-02-13 05:56:02,626] Trial 111 finished with value: 0.6595414517670306 and parameters: {'batch_size': 32, 'frozen_layers': 2, 'classifier_dropout': 0.2, 'learning_rate': 5e-05, 'weight_decay': 0.0001}. Best is trial 88 with value: 0.6655671610890869.
[I 2026-02-13 06:11:47,104] Trial 112 finished with value: 0.6595414517670306 and parameters: {'batch_size': 32, 'frozen_layers': 2, 'classifier_dropout': 0.1, 'learning_rate': 5e-05, 'weight_decay': 0.0001}. Best is trial 88 with value: 0.6655671610890869.
[I 2026-02-13 06:11:47,509] Trial 113 pruned. Duplicate hyper-parameters, same as those used in trial 111: {'batch_size': 32, 'frozen_layers': 2, 'classifier_dropout': 0.2, 'learning_rate': 5e-05, 'weight_decay': 0.0001}.
[I 2026-02-13 06:27:18,901] Trial 114 finished with value: 0.6407974416165321 and parameters: {'batch_size': 64, 'frozen_layers': 2, 'classifier_dropout': 0.4, 'learning_rate': 5e-05, 'weight_decay': 1e-06}. Best is trial 88 with value: 0.6655671610890869.
[I 2026-02-13 06:42:58,940] Trial 115 finished with value: 0.6595414517670306 and parameters: {'batch_size': 32, 'frozen_layers': 2, 'classifier_dropout': 0.2, 'learning_rate': 5e-05, 'weight_decay': 1e-05}. Best is trial 88 with value: 0.6655671610890869.
[I 2026-02-13 06:57:51,659] Trial 116 finished with value: 0.5951329208757645 and parameters: {'batch_size': 32, 'frozen_layers': 6, 'classifier_dropout': 0.3, 'learning_rate': 5e-05, 'weight_decay': 1e-06}. Best is trial 88 with value: 0.6655671610890869.
[I 2026-02-13 07:13:56,068] Trial 117 finished with value: 0.6584227221369668 and parameters: {'batch_size': 32, 'frozen_layers': 0, 'classifier_dropout': 0.2, 'learning_rate': 5e-05, 'weight_decay': 1e-06}. Best is trial 88 with value: 0.6655671610890869.
[I 2026-02-13 07:31:35,067] Trial 118 finished with value: 0.646887456174969 and parameters: {'batch_size': 16, 'frozen_layers': 0, 'classifier_dropout': 0.3, 'learning_rate': 2e-05, 'weight_decay': 0.0001}. Best is trial 88 with value: 0.6655671610890869.
[I 2026-02-13 07:47:34,681] Trial 119 finished with value: 0.5922362436698616 and parameters: {'batch_size': 64, 'frozen_layers': 0, 'classifier_dropout': 0.3, 'learning_rate': 3e-05, 'weight_decay': 0.0001}. Best is trial 88 with value: 0.6655671610890869.
[I 2026-02-13 08:03:38,076] Trial 120 finished with value: 0.6584227221369668 and parameters: {'batch_size': 32, 'frozen_layers': 0, 'classifier_dropout': 0.3, 'learning_rate': 5e-05, 'weight_decay': 0.0001}. Best is trial 88 with value: 0.6655671610890869.
[I 2026-02-13 08:18:58,738] Trial 121 finished with value: 0.63757956797388 and parameters: {'batch_size': 32, 'frozen_layers': 4, 'classifier_dropout': 0.1, 'learning_rate': 5e-05, 'weight_decay': 0.001}. Best is trial 88 with value: 0.6655671610890869.
[I 2026-02-13 08:34:57,742] Trial 122 finished with value: 0.6255123959756125 and parameters: {'batch_size': 64, 'frozen_layers': 0, 'classifier_dropout': 0.2, 'learning_rate': 5e-05, 'weight_decay': 0.001}. Best is trial 88 with value: 0.6655671610890869.
[I 2026-02-13 08:34:58,175] Trial 123 pruned. Duplicate hyper-parameters, same as those used in trial 112: {'batch_size': 32, 'frozen_layers': 2, 'classifier_dropout': 0.1, 'learning_rate': 5e-05, 'weight_decay': 0.0001}.
[I 2026-02-13 08:52:54,311] Trial 124 finished with value: 0.6616087877734649 and parameters: {'batch_size': 16, 'frozen_layers': 0, 'classifier_dropout': 0.4, 'learning_rate': 3e-05, 'weight_decay': 1e-06}. Best is trial 88 with value: 0.6655671610890869.
[I 2026-02-13 08:52:54,745] Trial 125 pruned. Duplicate hyper-parameters, same as those used in trial 124: {'batch_size': 16, 'frozen_layers': 0, 'classifier_dropout': 0.4, 'learning_rate': 3e-05, 'weight_decay': 1e-06}.
[I 2026-02-13 09:10:54,203] Trial 126 finished with value: 0.6616087877734649 and parameters: {'batch_size': 16, 'frozen_layers': 0, 'classifier_dropout': 0.2, 'learning_rate': 3e-05, 'weight_decay': 0.0001}. Best is trial 88 with value: 0.6655671610890869.
[I 2026-02-13 09:10:54,711] Trial 127 pruned. Duplicate hyper-parameters, same as those used in trial 126: {'batch_size': 16, 'frozen_layers': 0, 'classifier_dropout': 0.2, 'learning_rate': 3e-05, 'weight_decay': 0.0001}.
[I 2026-02-13 09:28:13,300] Trial 128 finished with value: 0.621838501459047 and parameters: {'batch_size': 16, 'frozen_layers': 6, 'classifier_dropout': 0.3, 'learning_rate': 3e-05, 'weight_decay': 0.001}. Best is trial 88 with value: 0.6655671610890869.
[I 2026-02-13 09:46:08,687] Trial 129 finished with value: 0.6616087877734649 and parameters: {'batch_size': 16, 'frozen_layers': 0, 'classifier_dropout': 0.1, 'learning_rate': 3e-05, 'weight_decay': 1e-06}. Best is trial 88 with value: 0.6655671610890869.
[I 2026-02-13 10:04:04,979] Trial 130 finished with value: 0.6616087877734649 and parameters: {'batch_size': 16, 'frozen_layers': 0, 'classifier_dropout': 0.1, 'learning_rate': 3e-05, 'weight_decay': 1e-05}. Best is trial 88 with value: 0.6655671610890869.
[I 2026-02-13 10:04:05,512] Trial 131 pruned. Duplicate hyper-parameters, same as those used in trial 130: {'batch_size': 16, 'frozen_layers': 0, 'classifier_dropout': 0.1, 'learning_rate': 3e-05, 'weight_decay': 1e-05}.
[I 2026-02-13 10:04:06,055] Trial 132 pruned. Duplicate hyper-parameters, same as those used in trial 129: {'batch_size': 16, 'frozen_layers': 0, 'classifier_dropout': 0.1, 'learning_rate': 3e-05, 'weight_decay': 1e-06}.
[I 2026-02-13 10:22:18,015] Trial 133 finished with value: 0.5788418321584655 and parameters: {'batch_size': 16, 'frozen_layers': 0, 'classifier_dropout': 0.3, 'learning_rate': 1e-05, 'weight_decay': 0.001}. Best is trial 88 with value: 0.6655671610890869.
[I 2026-02-13 10:40:09,121] Trial 134 finished with value: 0.6616087877734649 and parameters: {'batch_size': 16, 'frozen_layers': 0, 'classifier_dropout': 0.2, 'learning_rate': 3e-05, 'weight_decay': 1e-05}. Best is trial 88 with value: 0.6655671610890869.
[I 2026-02-13 10:40:09,649] Trial 135 pruned. Duplicate hyper-parameters, same as those used in trial 134: {'batch_size': 16, 'frozen_layers': 0, 'classifier_dropout': 0.2, 'learning_rate': 3e-05, 'weight_decay': 1e-05}.
[I 2026-02-13 10:58:04,608] Trial 136 finished with value: 0.6616087877734649 and parameters: {'batch_size': 16, 'frozen_layers': 0, 'classifier_dropout': 0.1, 'learning_rate': 3e-05, 'weight_decay': 0.0001}. Best is trial 88 with value: 0.6655671610890869.
[I 2026-02-13 10:58:05,173] Trial 137 pruned. Duplicate hyper-parameters, same as those used in trial 136: {'batch_size': 16, 'frozen_layers': 0, 'classifier_dropout': 0.1, 'learning_rate': 3e-05, 'weight_decay': 0.0001}.
[I 2026-02-13 11:14:17,485] Trial 138 finished with value: 0.5412976272500332 and parameters: {'batch_size': 16, 'frozen_layers': 0, 'classifier_dropout': 0.1, 'learning_rate': 0.0001, 'weight_decay': 1e-06}. Best is trial 88 with value: 0.6655671610890869.
[I 2026-02-13 11:32:23,608] Trial 139 finished with value: 0.5788418321584655 and parameters: {'batch_size': 16, 'frozen_layers': 0, 'classifier_dropout': 0.4, 'learning_rate': 1e-05, 'weight_decay': 1e-06}. Best is trial 88 with value: 0.6655671610890869.
[I 2026-02-13 11:50:21,157] Trial 140 finished with value: 0.6648321284323387 and parameters: {'batch_size': 16, 'frozen_layers': 0, 'classifier_dropout': 0.1, 'learning_rate': 3e-05, 'weight_decay': 0.001}. Best is trial 88 with value: 0.6655671610890869.
[I 2026-02-13 11:50:21,609] Trial 141 pruned. Duplicate hyper-parameters, same as those used in trial 140: {'batch_size': 16, 'frozen_layers': 0, 'classifier_dropout': 0.1, 'learning_rate': 3e-05, 'weight_decay': 0.001}.
[I 2026-02-13 12:08:26,807] Trial 142 finished with value: 0.5788418321584655 and parameters: {'batch_size': 16, 'frozen_layers': 0, 'classifier_dropout': 0.1, 'learning_rate': 1e-05, 'weight_decay': 1e-05}. Best is trial 88 with value: 0.6655671610890869.
[I 2026-02-13 12:26:29,034] Trial 143 finished with value: 0.6616087877734649 and parameters: {'batch_size': 16, 'frozen_layers': 0, 'classifier_dropout': 0.4, 'learning_rate': 3e-05, 'weight_decay': 0.0001}. Best is trial 88 with value: 0.6655671610890869.
[I 2026-02-13 12:44:23,806] Trial 144 finished with value: 0.6648321284323387 and parameters: {'batch_size': 16, 'frozen_layers': 0, 'classifier_dropout': 0.4, 'learning_rate': 3e-05, 'weight_decay': 0.001}. Best is trial 88 with value: 0.6655671610890869.
[I 2026-02-13 12:44:24,276] Trial 145 pruned. Duplicate hyper-parameters, same as those used in trial 144: {'batch_size': 16, 'frozen_layers': 0, 'classifier_dropout': 0.4, 'learning_rate': 3e-05, 'weight_decay': 0.001}.
[I 2026-02-13 13:00:25,104] Trial 146 finished with value: 0.5838956931348354 and parameters: {'batch_size': 64, 'frozen_layers': 0, 'classifier_dropout': 0.4, 'learning_rate': 0.0001, 'weight_decay': 1e-05}. Best is trial 88 with value: 0.6655671610890869.
[I 2026-02-13 13:16:19,519] Trial 147 finished with value: 0.4725373579910632 and parameters: {'batch_size': 32, 'frozen_layers': 2, 'classifier_dropout': 0.4, 'learning_rate': 1e-05, 'weight_decay': 0.001}. Best is trial 88 with value: 0.6655671610890869.
[I 2026-02-13 13:34:07,803] Trial 148 finished with value: 0.6256974963701964 and parameters: {'batch_size': 16, 'frozen_layers': 4, 'classifier_dropout': 0.2, 'learning_rate': 3e-05, 'weight_decay': 0.0001}. Best is trial 88 with value: 0.6655671610890869.
[I 2026-02-13 13:52:40,418] Trial 149 finished with value: 0.5788418321584655 and parameters: {'batch_size': 16, 'frozen_layers': 0, 'classifier_dropout': 0.2, 'learning_rate': 1e-05, 'weight_decay': 1e-05}. Best is trial 88 with value: 0.6655671610890869.
[I 2026-02-13 14:11:00,407] Trial 150 finished with value: 0.6616087877734649 and parameters: {'batch_size': 16, 'frozen_layers': 0, 'classifier_dropout': 0.2, 'learning_rate': 3e-05, 'weight_decay': 1e-06}. Best is trial 88 with value: 0.6655671610890869.
[I 2026-02-13 14:29:33,667] Trial 151 finished with value: 0.5788418321584655 and parameters: {'batch_size': 16, 'frozen_layers': 0, 'classifier_dropout': 0.1, 'learning_rate': 1e-05, 'weight_decay': 0.0001}. Best is trial 88 with value: 0.6655671610890869.
[I 2026-02-13 14:45:37,399] Trial 152 finished with value: 0.593225644805611 and parameters: {'batch_size': 64, 'frozen_layers': 0, 'classifier_dropout': 0.4, 'learning_rate': 3e-05, 'weight_decay': 0.001}. Best is trial 88 with value: 0.6655671610890869.
[I 2026-02-13 15:03:29,296] Trial 153 finished with value: 0.6556554009491784 and parameters: {'batch_size': 16, 'frozen_layers': 2, 'classifier_dropout': 0.1, 'learning_rate': 3e-05, 'weight_decay': 1e-06}. Best is trial 88 with value: 0.6655671610890869.
[I 2026-02-13 15:18:01,468] Trial 154 finished with value: 0.5991928372297114 and parameters: {'batch_size': 16, 'frozen_layers': 0, 'classifier_dropout': 0.2, 'learning_rate': 5e-05, 'weight_decay': 0.0001}. Best is trial 88 with value: 0.6655671610890869.
[I 2026-02-13 15:36:01,501] Trial 155 finished with value: 0.6616087877734649 and parameters: {'batch_size': 16, 'frozen_layers': 0, 'classifier_dropout': 0.3, 'learning_rate': 3e-05, 'weight_decay': 1e-05}. Best is trial 88 with value: 0.6655671610890869.
[I 2026-02-13 15:53:41,171] Trial 156 finished with value: 0.6256974963701964 and parameters: {'batch_size': 16, 'frozen_layers': 4, 'classifier_dropout': 0.3, 'learning_rate': 3e-05, 'weight_decay': 1e-06}. Best is trial 88 with value: 0.6655671610890869.
[I 2026-02-13 16:11:12,897] Trial 157 finished with value: 0.6256974963701964 and parameters: {'batch_size': 16, 'frozen_layers': 4, 'classifier_dropout': 0.2, 'learning_rate': 3e-05, 'weight_decay': 1e-05}. Best is trial 88 with value: 0.6655671610890869.
[I 2026-02-13 16:27:22,588] Trial 158 finished with value: 0.5412976272500332 and parameters: {'batch_size': 16, 'frozen_layers': 0, 'classifier_dropout': 0.2, 'learning_rate': 0.0001, 'weight_decay': 0.0001}. Best is trial 88 with value: 0.6655671610890869.
[I 2026-02-13 16:45:20,175] Trial 159 finished with value: 0.6556554009491784 and parameters: {'batch_size': 16, 'frozen_layers': 2, 'classifier_dropout': 0.1, 'learning_rate': 3e-05, 'weight_decay': 0.0001}. Best is trial 88 with value: 0.6655671610890869.
[I 2026-02-13 17:01:33,284] Trial 160 finished with value: 0.6342402531887662 and parameters: {'batch_size': 32, 'frozen_layers': 0, 'classifier_dropout': 0.1, 'learning_rate': 3e-05, 'weight_decay': 1e-06}. Best is trial 88 with value: 0.6655671610890869.
[I 2026-02-13 17:01:33,888] Trial 161 pruned. Duplicate hyper-parameters, same as those used in trial 143: {'batch_size': 16, 'frozen_layers': 0, 'classifier_dropout': 0.4, 'learning_rate': 3e-05, 'weight_decay': 0.0001}.
[I 2026-02-13 17:17:40,506] Trial 162 finished with value: 0.5922362436698616 and parameters: {'batch_size': 64, 'frozen_layers': 0, 'classifier_dropout': 0.2, 'learning_rate': 3e-05, 'weight_decay': 0.0001}. Best is trial 88 with value: 0.6655671610890869.
[I 2026-02-13 17:32:20,251] Trial 163 finished with value: 0.5991928372297114 and parameters: {'batch_size': 16, 'frozen_layers': 0, 'classifier_dropout': 0.4, 'learning_rate': 5e-05, 'weight_decay': 1e-05}. Best is trial 88 with value: 0.6655671610890869.
[I 2026-02-13 17:48:34,634] Trial 164 finished with value: 0.6342402531887662 and parameters: {'batch_size': 32, 'frozen_layers': 0, 'classifier_dropout': 0.4, 'learning_rate': 3e-05, 'weight_decay': 1e-05}. Best is trial 88 with value: 0.6655671610890869.
[I 2026-02-13 18:04:34,860] Trial 165 finished with value: 0.6215542033122012 and parameters: {'batch_size': 16, 'frozen_layers': 2, 'classifier_dropout': 0.2, 'learning_rate': 5e-05, 'weight_decay': 0.001}. Best is trial 88 with value: 0.6655671610890869.
[I 2026-02-13 18:22:06,094] Trial 166 finished with value: 0.621838501459047 and parameters: {'batch_size': 16, 'frozen_layers': 6, 'classifier_dropout': 0.1, 'learning_rate': 3e-05, 'weight_decay': 0.0001}. Best is trial 88 with value: 0.6655671610890869.
[I 2026-02-13 18:38:02,865] Trial 167 finished with value: 0.5844285232842047 and parameters: {'batch_size': 32, 'frozen_layers': 2, 'classifier_dropout': 0.3, 'learning_rate': 2e-05, 'weight_decay': 0.001}. Best is trial 88 with value: 0.6655671610890869.
[I 2026-02-13 18:56:13,730] Trial 168 finished with value: 0.5917490723451824 and parameters: {'batch_size': 16, 'frozen_layers': 0, 'classifier_dropout': 0.4, 'learning_rate': 0.0001, 'weight_decay': 0.001}. Best is trial 88 with value: 0.6655671610890869.
[I 2026-02-13 19:12:03,707] Trial 169 finished with value: 0.6655671610890869 and parameters: {'batch_size': 32, 'frozen_layers': 2, 'classifier_dropout': 0.1, 'learning_rate': 5e-05, 'weight_decay': 0.001}. Best is trial 88 with value: 0.6655671610890869.
[I 2026-02-13 19:28:08,658] Trial 170 finished with value: 0.5922362436698616 and parameters: {'batch_size': 64, 'frozen_layers': 0, 'classifier_dropout': 0.1, 'learning_rate': 3e-05, 'weight_decay': 1e-05}. Best is trial 88 with value: 0.6655671610890869.
[I 2026-02-13 19:45:49,642] Trial 171 finished with value: 0.6256974963701964 and parameters: {'batch_size': 16, 'frozen_layers': 4, 'classifier_dropout': 0.4, 'learning_rate': 3e-05, 'weight_decay': 1e-06}. Best is trial 88 with value: 0.6655671610890869.
[I 2026-02-13 19:45:50,165] Trial 172 pruned. Duplicate hyper-parameters, same as those used in trial 169: {'batch_size': 32, 'frozen_layers': 2, 'classifier_dropout': 0.1, 'learning_rate': 5e-05, 'weight_decay': 0.001}.
[I 2026-02-13 20:03:06,496] Trial 173 finished with value: 0.621838501459047 and parameters: {'batch_size': 16, 'frozen_layers': 6, 'classifier_dropout': 0.2, 'learning_rate': 3e-05, 'weight_decay': 0.001}. Best is trial 88 with value: 0.6655671610890869.
[I 2026-02-13 20:19:11,906] Trial 174 finished with value: 0.6215542033122012 and parameters: {'batch_size': 16, 'frozen_layers': 2, 'classifier_dropout': 0.3, 'learning_rate': 5e-05, 'weight_decay': 0.001}. Best is trial 88 with value: 0.6655671610890869.
