[I 2026-02-05 21:50:43,454] Trial 18 finished with value: 0.9071100917431193 and parameters: {'frozen_layers': 1, 'classifier_dropout': 0.26940468784054694, 'learning_rate': 5.9801709872586086e-05, 'weight_decay': 0.00028407267321012525, 'label_smoothing': 0.14435301005428125, 'gradient_clipping': 0.6479906813217812}. Best is trial 0 with value: 0.9277522935779816.
[I 2026-02-05 22:03:58,511] Trial 19 finished with value: 0.9059633027522935 and parameters: {'frozen_layers': 0, 'classifier_dropout': 0.10199940415809079, 'learning_rate': 7.06587304849019e-05, 'weight_decay': 1.8875243583742011e-06, 'label_smoothing': 0.149304903390502, 'gradient_clipping': 0.529477306816708}. Best is trial 0 with value: 0.9277522935779816.
[I 2026-02-05 22:17:01,014] Trial 20 finished with value: 0.9105504587155964 and parameters: {'frozen_layers': 1, 'classifier_dropout': 0.10775701664089296, 'learning_rate': 5.240633197625093e-05, 'weight_decay': 1.5472267953966828e-06, 'label_smoothing': 0.12338902390001627, 'gradient_clipping': 0.5018204724050502}. Best is trial 0 with value: 0.9277522935779816.
[I 2026-02-05 22:30:13,837] Trial 21 finished with value: 0.9128440366972477 and parameters: {'frozen_layers': 0, 'classifier_dropout': 0.3902376440189495, 'learning_rate': 5.8438923811696254e-05, 'weight_decay': 0.0001619366501951497, 'label_smoothing': 0.1479569528092031, 'gradient_clipping': 0.5187004781376887}. Best is trial 0 with value: 0.9277522935779816.
[I 2026-02-05 22:43:31,799] Trial 22 finished with value: 0.9139908256880734 and parameters: {'frozen_layers': 0, 'classifier_dropout': 0.3000405132498632, 'learning_rate': 4.241222471606624e-05, 'weight_decay': 7.729713252077864e-05, 'label_smoothing': 0.14547456608481651, 'gradient_clipping': 0.5530620966328642}. Best is trial 0 with value: 0.9277522935779816.
[I 2026-02-05 22:56:46,151] Trial 23 finished with value: 0.9036697247706422 and parameters: {'frozen_layers': 0, 'classifier_dropout': 0.37200739019164, 'learning_rate': 4.596864770028991e-05, 'weight_decay': 8.955049170842289e-06, 'label_smoothing': 0.13860923023294439, 'gradient_clipping': 0.72551039533859}. Best is trial 0 with value: 0.9277522935779816.
[I 2026-02-05 23:15:37,055] Trial 24 finished with value: 0.9048165137614679 and parameters: {'frozen_layers': 0, 'classifier_dropout': 0.387940348773522, 'learning_rate': 3.303820484152007e-05, 'weight_decay': 2.0991922562462974e-05, 'label_smoothing': 0.14352439625204444, 'gradient_clipping': 0.5004033503897357}. Best is trial 0 with value: 0.9277522935779816.
[I 2026-02-05 23:28:50,850] Trial 25 finished with value: 0.893348623853211 and parameters: {'frozen_layers': 0, 'classifier_dropout': 0.11255711582581834, 'learning_rate': 5.0054203747257475e-05, 'weight_decay': 1.3569998127120208e-06, 'label_smoothing': 0.14980083933089472, 'gradient_clipping': 0.6722878737119907}. Best is trial 0 with value: 0.9277522935779816.
[I 2026-02-05 23:42:07,863] Trial 26 finished with value: 0.9094036697247706 and parameters: {'frozen_layers': 0, 'classifier_dropout': 0.2919436136981839, 'learning_rate': 5.74289901384539e-05, 'weight_decay': 0.00016214093499167752, 'label_smoothing': 0.12911157627731903, 'gradient_clipping': 0.5938911636208284}. Best is trial 0 with value: 0.9277522935779816.
[I 2026-02-05 23:55:20,825] Trial 27 finished with value: 0.911697247706422 and parameters: {'frozen_layers': 0, 'classifier_dropout': 0.3424383867788659, 'learning_rate': 6.56112547178255e-05, 'weight_decay': 6.758371817299473e-05, 'label_smoothing': 0.14957898024213676, 'gradient_clipping': 0.7013312928845274}. Best is trial 0 with value: 0.9277522935779816.
[I 2026-02-06 00:10:17,336] Trial 28 finished with value: 0.9151376146788991 and parameters: {'frozen_layers': 1, 'classifier_dropout': 0.38316032812588874, 'learning_rate': 5.2158469668660555e-05, 'weight_decay': 4.182909609098111e-06, 'label_smoothing': 0.14806484445097282, 'gradient_clipping': 0.5291354559004005}. Best is trial 0 with value: 0.9277522935779816.
[I 2026-02-06 00:23:21,130] Trial 29 finished with value: 0.9048165137614679 and parameters: {'frozen_layers': 1, 'classifier_dropout': 0.1270670715755599, 'learning_rate': 4.9543584031484696e-05, 'weight_decay': 1.2286911356145977e-06, 'label_smoothing': 0.14815708785280016, 'gradient_clipping': 0.5185678308039526}. Best is trial 0 with value: 0.9277522935779816.
[I 2026-02-06 00:36:26,696] Trial 30 finished with value: 0.911697247706422 and parameters: {'frozen_layers': 1, 'classifier_dropout': 0.24896918279240904, 'learning_rate': 5.701931349560733e-05, 'weight_decay': 3.7491866365168216e-05, 'label_smoothing': 0.1490081900770545, 'gradient_clipping': 0.5825016004235948}. Best is trial 0 with value: 0.9277522935779816.
[I 2026-02-06 00:49:41,919] Trial 31 finished with value: 0.9151376146788991 and parameters: {'frozen_layers': 0, 'classifier_dropout': 0.32404294186178034, 'learning_rate': 3.20539165965727e-05, 'weight_decay': 0.00027539565049337553, 'label_smoothing': 0.1132486420549129, 'gradient_clipping': 0.815219862871941}. Best is trial 0 with value: 0.9277522935779816.
[I 2026-02-06 01:02:54,149] Trial 32 finished with value: 0.911697247706422 and parameters: {'frozen_layers': 0, 'classifier_dropout': 0.39587614474447846, 'learning_rate': 3.5570004492058276e-05, 'weight_decay': 6.577600222875222e-05, 'label_smoothing': 0.11523378685533962, 'gradient_clipping': 0.6358007817828307}. Best is trial 0 with value: 0.9277522935779816.
[I 2026-02-06 01:16:09,426] Trial 33 finished with value: 0.9151376146788991 and parameters: {'frozen_layers': 0, 'classifier_dropout': 0.38472938328312056, 'learning_rate': 5.303327497198108e-05, 'weight_decay': 6.63473941420598e-05, 'label_smoothing': 0.10826486318644732, 'gradient_clipping': 0.7931332109123799}. Best is trial 0 with value: 0.9277522935779816.
[I 2026-02-06 01:29:23,657] Trial 34 finished with value: 0.9059633027522935 and parameters: {'frozen_layers': 0, 'classifier_dropout': 0.3993094045080441, 'learning_rate': 4.8775143458881133e-05, 'weight_decay': 4.079105650157237e-05, 'label_smoothing': 0.1376047353662363, 'gradient_clipping': 0.5243733468120594}. Best is trial 0 with value: 0.9277522935779816.
[I 2026-02-06 01:42:37,322] Trial 35 finished with value: 0.9048165137614679 and parameters: {'frozen_layers': 0, 'classifier_dropout': 0.307359661467081, 'learning_rate': 4.1037294488505007e-05, 'weight_decay': 7.31661937497224e-05, 'label_smoothing': 0.1237338346222937, 'gradient_clipping': 0.7948968091979028}. Best is trial 0 with value: 0.9277522935779816.
[I 2026-02-06 01:55:48,516] Trial 36 finished with value: 0.9025229357798165 and parameters: {'frozen_layers': 0, 'classifier_dropout': 0.1126823027686556, 'learning_rate': 4.662599692649988e-05, 'weight_decay': 9.895228140853159e-05, 'label_smoothing': 0.11161104836578702, 'gradient_clipping': 0.5271709878801085}. Best is trial 0 with value: 0.9277522935779816.
[I 2026-02-06 02:09:01,038] Trial 37 finished with value: 0.9071100917431193 and parameters: {'frozen_layers': 0, 'classifier_dropout': 0.37820492362584435, 'learning_rate': 3.829457580311615e-05, 'weight_decay': 0.00034536696594974706, 'label_smoothing': 0.14814786315990758, 'gradient_clipping': 0.5930210034887651}. Best is trial 0 with value: 0.9277522935779816.
[I 2026-02-06 02:21:54,808] Trial 38 finished with value: 0.8990825688073395 and parameters: {'frozen_layers': 2, 'classifier_dropout': 0.13816900866152798, 'learning_rate': 8.037496169537974e-05, 'weight_decay': 2.1499089023160038e-05, 'label_smoothing': 0.1257815084128161, 'gradient_clipping': 0.6516205062766507}. Best is trial 0 with value: 0.9277522935779816.
[I 2026-02-06 02:35:09,329] Trial 39 finished with value: 0.9139908256880734 and parameters: {'frozen_layers': 0, 'classifier_dropout': 0.32830667563438465, 'learning_rate': 5.7095191188510005e-05, 'weight_decay': 3.492730394226692e-05, 'label_smoothing': 0.14898345419276174, 'gradient_clipping': 0.5199088187761577}. Best is trial 0 with value: 0.9277522935779816.
[I 2026-02-06 02:48:21,735] Trial 40 finished with value: 0.9105504587155964 and parameters: {'frozen_layers': 0, 'classifier_dropout': 0.11707049236863504, 'learning_rate': 4.907927006009727e-05, 'weight_decay': 1.2348938989315013e-06, 'label_smoothing': 0.1472470259489895, 'gradient_clipping': 0.5275716059800784}. Best is trial 0 with value: 0.9277522935779816.
[I 2026-02-06 03:03:06,779] Trial 41 finished with value: 0.9220183486238532 and parameters: {'frozen_layers': 2, 'classifier_dropout': 0.34362600965686724, 'learning_rate': 4.2488886207182525e-05, 'weight_decay': 2.740318476167217e-05, 'label_smoothing': 0.14821660576587148, 'gradient_clipping': 0.5518050782558299}. Best is trial 0 with value: 0.9277522935779816.
[I 2026-02-06 03:16:04,512] Trial 42 finished with value: 0.9185779816513762 and parameters: {'frozen_layers': 2, 'classifier_dropout': 0.3331301242635638, 'learning_rate': 3.943387215097848e-05, 'weight_decay': 2.269220854315729e-05, 'label_smoothing': 0.1463301501429623, 'gradient_clipping': 0.6549233299805975}. Best is trial 0 with value: 0.9277522935779816.
[I 2026-02-06 03:28:58,824] Trial 43 finished with value: 0.9013761467889908 and parameters: {'frozen_layers': 2, 'classifier_dropout': 0.3616240350230655, 'learning_rate': 4.5573498870711856e-05, 'weight_decay': 6.084911833386188e-05, 'label_smoothing': 0.14497413912499205, 'gradient_clipping': 0.5987048401570518}. Best is trial 0 with value: 0.9277522935779816.
[I 2026-02-06 03:42:02,904] Trial 44 finished with value: 0.911697247706422 and parameters: {'frozen_layers': 1, 'classifier_dropout': 0.39865746848207284, 'learning_rate': 4.591995999446198e-05, 'weight_decay': 0.00012993869317070984, 'label_smoothing': 0.14921901232653617, 'gradient_clipping': 0.5103426593760094}. Best is trial 0 with value: 0.9277522935779816.
[I 2026-02-06 03:54:56,192] Trial 45 finished with value: 0.9048165137614679 and parameters: {'frozen_layers': 2, 'classifier_dropout': 0.18424817920188127, 'learning_rate': 4.4585981323526244e-05, 'weight_decay': 2.640121141319367e-06, 'label_smoothing': 0.13598287564649145, 'gradient_clipping': 0.9756357791297632}. Best is trial 0 with value: 0.9277522935779816.
[I 2026-02-06 04:07:50,913] Trial 46 finished with value: 0.9071100917431193 and parameters: {'frozen_layers': 2, 'classifier_dropout': 0.31226439485048796, 'learning_rate': 4.299366255983456e-05, 'weight_decay': 8.945403452974715e-06, 'label_smoothing': 0.14765843380072935, 'gradient_clipping': 0.503236978441191}. Best is trial 0 with value: 0.9277522935779816.
[I 2026-02-06 04:20:44,972] Trial 47 finished with value: 0.9094036697247706 and parameters: {'frozen_layers': 2, 'classifier_dropout': 0.38436486018241167, 'learning_rate': 3.575592165599824e-05, 'weight_decay': 2.1390199954088386e-05, 'label_smoothing': 0.14542574451903606, 'gradient_clipping': 0.545266679586038}. Best is trial 0 with value: 0.9277522935779816.
[I 2026-02-06 04:35:42,017] Trial 48 finished with value: 0.9139908256880734 and parameters: {'frozen_layers': 1, 'classifier_dropout': 0.37335013019239316, 'learning_rate': 5.125108077269809e-05, 'weight_decay': 0.0002077571864383972, 'label_smoothing': 0.12196044123312173, 'gradient_clipping': 0.8476339364812555}. Best is trial 0 with value: 0.9277522935779816.
[I 2026-02-06 04:48:35,279] Trial 49 finished with value: 0.911697247706422 and parameters: {'frozen_layers': 2, 'classifier_dropout': 0.2386728377833777, 'learning_rate': 3.5916370597546174e-05, 'weight_decay': 0.0006298633806445477, 'label_smoothing': 0.10879275244457907, 'gradient_clipping': 0.5601114473236428}. Best is trial 0 with value: 0.9277522935779816.
[I 2026-02-06 05:05:33,067] Trial 50 finished with value: 0.9048165137614679 and parameters: {'frozen_layers': 0, 'classifier_dropout': 0.26436780609038685, 'learning_rate': 5.593688573000007e-05, 'weight_decay': 1.3405925364481932e-06, 'label_smoothing': 0.1206126381006446, 'gradient_clipping': 0.8849981345437059}. Best is trial 0 with value: 0.9277522935779816.
[I 2026-02-06 05:20:17,751] Trial 51 finished with value: 0.9139908256880734 and parameters: {'frozen_layers': 2, 'classifier_dropout': 0.2974365838286622, 'learning_rate': 3.396846135561159e-05, 'weight_decay': 1.1219527160003001e-05, 'label_smoothing': 0.1349909851663544, 'gradient_clipping': 0.7345236554588548}. Best is trial 0 with value: 0.9277522935779816.
[I 2026-02-06 05:33:12,139] Trial 52 finished with value: 0.9105504587155964 and parameters: {'frozen_layers': 2, 'classifier_dropout': 0.3443402095379331, 'learning_rate': 4.8721144016757934e-05, 'weight_decay': 1.4579584945198004e-05, 'label_smoothing': 0.14763098801694033, 'gradient_clipping': 0.6715747261911106}. Best is trial 0 with value: 0.9277522935779816.
[I 2026-02-06 05:46:16,743] Trial 53 finished with value: 0.9025229357798165 and parameters: {'frozen_layers': 1, 'classifier_dropout': 0.34875655571159525, 'learning_rate': 8.89381697201124e-05, 'weight_decay': 4.002183800522834e-06, 'label_smoothing': 0.1334917960087935, 'gradient_clipping': 0.7179434913395611}. Best is trial 0 with value: 0.9277522935779816.
[I 2026-02-06 06:02:51,650] Trial 54 finished with value: 0.9094036697247706 and parameters: {'frozen_layers': 2, 'classifier_dropout': 0.24284964652111396, 'learning_rate': 4.261011503719115e-05, 'weight_decay': 2.3962238172475622e-06, 'label_smoothing': 0.10001310561523565, 'gradient_clipping': 0.9136285705125873}. Best is trial 0 with value: 0.9277522935779816.
[I 2026-02-06 06:17:35,759] Trial 55 finished with value: 0.908256880733945 and parameters: {'frozen_layers': 2, 'classifier_dropout': 0.222731670884452, 'learning_rate': 3.499363631640826e-05, 'weight_decay': 0.0001741180967219298, 'label_smoothing': 0.14179329472269697, 'gradient_clipping': 0.5712899597948378}. Best is trial 0 with value: 0.9277522935779816.
[I 2026-02-06 06:30:48,169] Trial 56 finished with value: 0.9105504587155964 and parameters: {'frozen_layers': 0, 'classifier_dropout': 0.21719169140903632, 'learning_rate': 4.997384043036654e-05, 'weight_decay': 0.00010448465899603427, 'label_smoothing': 0.13902276305816397, 'gradient_clipping': 0.504254077484488}. Best is trial 0 with value: 0.9277522935779816.
[I 2026-02-06 06:43:43,223] Trial 57 finished with value: 0.9197247706422018 and parameters: {'frozen_layers': 2, 'classifier_dropout': 0.3034417157809024, 'learning_rate': 3.073295538492812e-05, 'weight_decay': 5.7442268570194794e-05, 'label_smoothing': 0.14424076779915673, 'gradient_clipping': 0.6323219546614117}. Best is trial 0 with value: 0.9277522935779816.
[I 2026-02-06 06:56:57,700] Trial 58 finished with value: 0.911697247706422 and parameters: {'frozen_layers': 0, 'classifier_dropout': 0.3989996643584468, 'learning_rate': 5.234627262981973e-05, 'weight_decay': 0.0005502854696480523, 'label_smoothing': 0.12002597626923639, 'gradient_clipping': 0.7069837379900055}. Best is trial 0 with value: 0.9277522935779816.
[I 2026-02-06 07:09:51,831] Trial 59 finished with value: 0.9036697247706422 and parameters: {'frozen_layers': 2, 'classifier_dropout': 0.2734444428102468, 'learning_rate': 3.0076876600159697e-05, 'weight_decay': 2.2526658947611554e-05, 'label_smoothing': 0.13959153434911736, 'gradient_clipping': 0.5820004446956789}. Best is trial 0 with value: 0.9277522935779816.
[I 2026-02-06 07:22:56,944] Trial 60 finished with value: 0.9036697247706422 and parameters: {'frozen_layers': 1, 'classifier_dropout': 0.3548166484114336, 'learning_rate': 3.6681125642736466e-05, 'weight_decay': 5.828458330800843e-05, 'label_smoothing': 0.12004255120307486, 'gradient_clipping': 0.7470525340513458}. Best is trial 0 with value: 0.9277522935779816.
[I 2026-02-06 07:37:49,971] Trial 61 finished with value: 0.9059633027522935 and parameters: {'frozen_layers': 1, 'classifier_dropout': 0.30410719247335155, 'learning_rate': 3.176146271462013e-05, 'weight_decay': 1.9859326275571476e-05, 'label_smoothing': 0.14993581259984384, 'gradient_clipping': 0.7212377521224318}. Best is trial 0 with value: 0.9277522935779816.
[I 2026-02-06 07:50:43,873] Trial 62 finished with value: 0.9071100917431193 and parameters: {'frozen_layers': 2, 'classifier_dropout': 0.3126624873157206, 'learning_rate': 3.0940883426206095e-05, 'weight_decay': 0.00010829365699385774, 'label_smoothing': 0.14570743094475386, 'gradient_clipping': 0.678505298150156}. Best is trial 0 with value: 0.9277522935779816.
[I 2026-02-06 08:03:57,404] Trial 63 finished with value: 0.9059633027522935 and parameters: {'frozen_layers': 0, 'classifier_dropout': 0.2881332640315287, 'learning_rate': 4.57541894175279e-05, 'weight_decay': 0.00027190630810264803, 'label_smoothing': 0.14628395949100365, 'gradient_clipping': 0.5573327722051153}. Best is trial 0 with value: 0.9277522935779816.
[I 2026-02-06 08:16:51,446] Trial 64 finished with value: 0.9048165137614679 and parameters: {'frozen_layers': 2, 'classifier_dropout': 0.26891381380683765, 'learning_rate': 4.498406954462103e-05, 'weight_decay': 1.9990276317536448e-05, 'label_smoothing': 0.14410643111995955, 'gradient_clipping': 0.6403367440337961}. Best is trial 0 with value: 0.9277522935779816.
[I 2026-02-06 08:30:06,259] Trial 65 finished with value: 0.9059633027522935 and parameters: {'frozen_layers': 0, 'classifier_dropout': 0.11448174075300241, 'learning_rate': 3.13644929628775e-05, 'weight_decay': 2.495069777073592e-06, 'label_smoothing': 0.13348909527889935, 'gradient_clipping': 0.5319224373076918}. Best is trial 0 with value: 0.9277522935779816.
[I 2026-02-06 08:43:01,027] Trial 66 finished with value: 0.9139908256880734 and parameters: {'frozen_layers': 2, 'classifier_dropout': 0.3086967677994899, 'learning_rate': 4.084418890363615e-05, 'weight_decay': 0.0001080125189251082, 'label_smoothing': 0.14351845555449902, 'gradient_clipping': 0.5187346803950298}. Best is trial 0 with value: 0.9277522935779816.
[I 2026-02-06 08:55:54,897] Trial 67 finished with value: 0.9048165137614679 and parameters: {'frozen_layers': 2, 'classifier_dropout': 0.3526295073831808, 'learning_rate': 3.2860632789456434e-05, 'weight_decay': 9.962877046707457e-05, 'label_smoothing': 0.12562270177786855, 'gradient_clipping': 0.5678849625143267}. Best is trial 0 with value: 0.9277522935779816.
[I 2026-02-06 09:09:07,998] Trial 68 finished with value: 0.9174311926605505 and parameters: {'frozen_layers': 0, 'classifier_dropout': 0.1183848930032463, 'learning_rate': 3.641033070548765e-05, 'weight_decay': 1.0132755918520552e-06, 'label_smoothing': 0.14627845154631053, 'gradient_clipping': 0.5189781707413105}. Best is trial 0 with value: 0.9277522935779816.
[I 2026-02-06 09:22:20,235] Trial 69 finished with value: 0.9151376146788991 and parameters: {'frozen_layers': 0, 'classifier_dropout': 0.3258864538887016, 'learning_rate': 4.861221114744421e-05, 'weight_decay': 0.00012372385223682975, 'label_smoothing': 0.14485943335919726, 'gradient_clipping': 0.5194002632225733}. Best is trial 0 with value: 0.9277522935779816.
[I 2026-02-06 09:35:33,036] Trial 70 finished with value: 0.8956422018348624 and parameters: {'frozen_layers': 0, 'classifier_dropout': 0.34880009962732295, 'learning_rate': 3.607533936308936e-05, 'weight_decay': 6.651191376449593e-06, 'label_smoothing': 0.11373436001750765, 'gradient_clipping': 0.8044394717835756}. Best is trial 0 with value: 0.9277522935779816.
[I 2026-02-06 09:48:46,252] Trial 71 finished with value: 0.9059633027522935 and parameters: {'frozen_layers': 0, 'classifier_dropout': 0.14088944844375256, 'learning_rate': 3.103650141929995e-05, 'weight_decay': 1.272237581107984e-06, 'label_smoothing': 0.14780308533599898, 'gradient_clipping': 0.6418656908080191}. Best is trial 0 with value: 0.9277522935779816.
[I 2026-02-06 10:02:01,050] Trial 72 finished with value: 0.9025229357798165 and parameters: {'frozen_layers': 0, 'classifier_dropout': 0.13117025093115062, 'learning_rate': 4.281401242634268e-05, 'weight_decay': 2.783656760739957e-06, 'label_smoothing': 0.14623821374090942, 'gradient_clipping': 0.5457100313333407}. Best is trial 0 with value: 0.9277522935779816.
[I 2026-02-06 10:15:13,632] Trial 73 finished with value: 0.9025229357798165 and parameters: {'frozen_layers': 0, 'classifier_dropout': 0.1524890134685125, 'learning_rate': 3.870859125212507e-05, 'weight_decay': 1.5841692202630767e-06, 'label_smoothing': 0.14927912657784598, 'gradient_clipping': 0.5143176563924445}. Best is trial 0 with value: 0.9277522935779816.
[I 2026-02-06 10:28:25,063] Trial 74 finished with value: 0.9105504587155964 and parameters: {'frozen_layers': 0, 'classifier_dropout': 0.20969872390605515, 'learning_rate': 9.967517205248022e-05, 'weight_decay': 3.218114276611406e-05, 'label_smoothing': 0.12876275979571652, 'gradient_clipping': 0.7087121083823552}. Best is trial 0 with value: 0.9277522935779816.
[I 2026-02-06 10:41:39,452] Trial 75 finished with value: 0.9094036697247706 and parameters: {'frozen_layers': 0, 'classifier_dropout': 0.11660313335345149, 'learning_rate': 3.9276777790114387e-05, 'weight_decay': 1.0677446794501562e-06, 'label_smoothing': 0.14597565302604232, 'gradient_clipping': 0.5243301522173939}. Best is trial 0 with value: 0.9277522935779816.
[I 2026-02-06 10:54:34,043] Trial 76 finished with value: 0.9139908256880734 and parameters: {'frozen_layers': 2, 'classifier_dropout': 0.25725781079982163, 'learning_rate': 8.668181944507155e-05, 'weight_decay': 0.00038190167091178145, 'label_smoothing': 0.11877906555517727, 'gradient_clipping': 0.8819624267826958}. Best is trial 0 with value: 0.9277522935779816.
[I 2026-02-06 11:09:39,027] Trial 77 finished with value: 0.9105504587155964 and parameters: {'frozen_layers': 0, 'classifier_dropout': 0.34592619136516484, 'learning_rate': 4.991006200142967e-05, 'weight_decay': 2.371527924247625e-05, 'label_smoothing': 0.11636364925279266, 'gradient_clipping': 0.668237490918692}. Best is trial 0 with value: 0.9277522935779816.
