SLURM NODE: kn083
[I 2026-02-12 05:41:59,149] A new study created in RDB with name: IMDb-Fine-tuning
[I 2026-02-12 06:33:18,271] Trial 0 finished with value: 0.9252 and parameters: {'batch_size': 32, 'frozen_layers': 0, 'classifier_dropout': 0.1, 'learning_rate': 1e-05, 'weight_decay': 1e-05}. Best is trial 0 with value: 0.9252.
[I 2026-02-12 07:28:31,013] Trial 1 finished with value: 0.9304 and parameters: {'batch_size': 16, 'frozen_layers': 4, 'classifier_dropout': 0.4, 'learning_rate': 5e-05, 'weight_decay': 0.0001}. Best is trial 1 with value: 0.9304.
[I 2026-02-12 08:19:40,995] Trial 2 finished with value: 0.9334 and parameters: {'batch_size': 32, 'frozen_layers': 0, 'classifier_dropout': 0.4, 'learning_rate': 2e-05, 'weight_decay': 0.001}. Best is trial 2 with value: 0.9334.
[I 2026-02-12 09:07:17,960] Trial 3 finished with value: 0.9292 and parameters: {'batch_size': 64, 'frozen_layers': 4, 'classifier_dropout': 0.3, 'learning_rate': 3e-05, 'weight_decay': 1e-06}. Best is trial 2 with value: 0.9334.
[I 2026-02-12 10:01:58,339] Trial 4 finished with value: 0.9282 and parameters: {'batch_size': 16, 'frozen_layers': 6, 'classifier_dropout': 0.2, 'learning_rate': 5e-05, 'weight_decay': 1e-06}. Best is trial 2 with value: 0.9334.
[I 2026-02-12 10:52:13,817] Trial 5 finished with value: 0.935 and parameters: {'batch_size': 32, 'frozen_layers': 2, 'classifier_dropout': 0.1, 'learning_rate': 2e-05, 'weight_decay': 0.0001}. Best is trial 5 with value: 0.935.
[I 2026-02-12 11:39:59,503] Trial 6 finished with value: 0.931 and parameters: {'batch_size': 32, 'frozen_layers': 6, 'classifier_dropout': 0.1, 'learning_rate': 5e-05, 'weight_decay': 0.001}. Best is trial 5 with value: 0.935.
[I 2026-02-12 12:35:20,151] Trial 7 finished with value: 0.9282 and parameters: {'batch_size': 16, 'frozen_layers': 6, 'classifier_dropout': 0.4, 'learning_rate': 5e-05, 'weight_decay': 1e-05}. Best is trial 5 with value: 0.935.
[I 2026-02-12 13:23:31,017] Trial 8 finished with value: 0.9212 and parameters: {'batch_size': 64, 'frozen_layers': 4, 'classifier_dropout': 0.4, 'learning_rate': 5e-05, 'weight_decay': 0.0001}. Best is trial 5 with value: 0.935.
[I 2026-02-12 14:13:24,103] Trial 9 finished with value: 0.931 and parameters: {'batch_size': 64, 'frozen_layers': 0, 'classifier_dropout': 0.1, 'learning_rate': 2e-05, 'weight_decay': 1e-05}. Best is trial 5 with value: 0.935.
[I 2026-02-12 15:10:52,792] Trial 10 finished with value: 0.932 and parameters: {'batch_size': 16, 'frozen_layers': 0, 'classifier_dropout': 0.1, 'learning_rate': 5e-05, 'weight_decay': 0.001}. Best is trial 5 with value: 0.935.
[I 2026-02-12 16:06:10,729] Trial 11 finished with value: 0.9334 and parameters: {'batch_size': 16, 'frozen_layers': 6, 'classifier_dropout': 0.2, 'learning_rate': 0.0001, 'weight_decay': 0.0001}. Best is trial 5 with value: 0.935.
[I 2026-02-12 16:55:40,380] Trial 12 finished with value: 0.9322 and parameters: {'batch_size': 32, 'frozen_layers': 4, 'classifier_dropout': 0.1, 'learning_rate': 2e-05, 'weight_decay': 1e-06}. Best is trial 5 with value: 0.935.
[I 2026-02-12 17:46:09,241] Trial 13 finished with value: 0.9338 and parameters: {'batch_size': 32, 'frozen_layers': 2, 'classifier_dropout': 0.4, 'learning_rate': 3e-05, 'weight_decay': 1e-06}. Best is trial 5 with value: 0.935.
[I 2026-02-12 18:43:16,812] Trial 14 finished with value: 0.933 and parameters: {'batch_size': 16, 'frozen_layers': 2, 'classifier_dropout': 0.3, 'learning_rate': 2e-05, 'weight_decay': 1e-06}. Best is trial 5 with value: 0.935.
[I 2026-02-12 19:31:03,787] Trial 15 finished with value: 0.9292 and parameters: {'batch_size': 64, 'frozen_layers': 4, 'classifier_dropout': 0.2, 'learning_rate': 3e-05, 'weight_decay': 1e-06}. Best is trial 5 with value: 0.935.
[I 2026-02-12 20:28:27,821] Trial 16 finished with value: 0.925 and parameters: {'batch_size': 32, 'frozen_layers': 2, 'classifier_dropout': 0.1, 'learning_rate': 1e-05, 'weight_decay': 1e-06}. Best is trial 5 with value: 0.935.
[I 2026-02-12 21:24:19,532] Trial 17 finished with value: 0.9284 and parameters: {'batch_size': 16, 'frozen_layers': 6, 'classifier_dropout': 0.3, 'learning_rate': 1e-05, 'weight_decay': 0.0001}. Best is trial 5 with value: 0.935.
[I 2026-02-12 22:12:20,990] Trial 18 finished with value: 0.9268 and parameters: {'batch_size': 32, 'frozen_layers': 6, 'classifier_dropout': 0.1, 'learning_rate': 3e-05, 'weight_decay': 1e-06}. Best is trial 5 with value: 0.935.
[I 2026-02-12 23:03:45,589] Trial 19 finished with value: 0.9274 and parameters: {'batch_size': 32, 'frozen_layers': 0, 'classifier_dropout': 0.4, 'learning_rate': 0.0001, 'weight_decay': 1e-06}. Best is trial 5 with value: 0.935.
[I 2026-02-12 23:53:08,484] Trial 20 finished with value: 0.9322 and parameters: {'batch_size': 32, 'frozen_layers': 4, 'classifier_dropout': 0.2, 'learning_rate': 2e-05, 'weight_decay': 0.001}. Best is trial 5 with value: 0.935.
[I 2026-02-13 00:49:39,886] Trial 21 finished with value: 0.9262 and parameters: {'batch_size': 16, 'frozen_layers': 4, 'classifier_dropout': 0.1, 'learning_rate': 1e-05, 'weight_decay': 1e-05}. Best is trial 5 with value: 0.935.
[I 2026-02-13 01:37:42,123] Trial 22 finished with value: 0.9268 and parameters: {'batch_size': 32, 'frozen_layers': 6, 'classifier_dropout': 0.4, 'learning_rate': 3e-05, 'weight_decay': 1e-05}. Best is trial 5 with value: 0.935.
[I 2026-02-13 02:26:35,546] Trial 23 finished with value: 0.9256 and parameters: {'batch_size': 64, 'frozen_layers': 2, 'classifier_dropout': 0.3, 'learning_rate': 0.0001, 'weight_decay': 0.0001}. Best is trial 5 with value: 0.935.
[I 2026-02-13 03:15:58,512] Trial 24 finished with value: 0.9206 and parameters: {'batch_size': 32, 'frozen_layers': 4, 'classifier_dropout': 0.2, 'learning_rate': 1e-05, 'weight_decay': 0.001}. Best is trial 5 with value: 0.935.
[I 2026-02-13 04:11:53,807] Trial 25 finished with value: 0.925 and parameters: {'batch_size': 16, 'frozen_layers': 6, 'classifier_dropout': 0.2, 'learning_rate': 2e-05, 'weight_decay': 0.0001}. Best is trial 5 with value: 0.935.
[I 2026-02-13 05:01:48,856] Trial 26 finished with value: 0.9318 and parameters: {'batch_size': 64, 'frozen_layers': 0, 'classifier_dropout': 0.3, 'learning_rate': 1e-05, 'weight_decay': 1e-06}. Best is trial 5 with value: 0.935.
[I 2026-02-13 05:59:35,808] Trial 27 finished with value: 0.9158 and parameters: {'batch_size': 16, 'frozen_layers': 0, 'classifier_dropout': 0.3, 'learning_rate': 5e-05, 'weight_decay': 0.0001}. Best is trial 5 with value: 0.935.
[I 2026-02-13 07:04:01,680] Trial 28 finished with value: 0.9258 and parameters: {'batch_size': 16, 'frozen_layers': 4, 'classifier_dropout': 0.2, 'learning_rate': 0.0001, 'weight_decay': 1e-05}. Best is trial 5 with value: 0.935.
[I 2026-02-13 07:54:18,935] Trial 29 finished with value: 0.9326 and parameters: {'batch_size': 32, 'frozen_layers': 2, 'classifier_dropout': 0.3, 'learning_rate': 5e-05, 'weight_decay': 1e-06}. Best is trial 5 with value: 0.935.
[I 2026-02-13 08:43:38,806] Trial 30 finished with value: 0.931 and parameters: {'batch_size': 32, 'frozen_layers': 4, 'classifier_dropout': 0.3, 'learning_rate': 0.0001, 'weight_decay': 0.0001}. Best is trial 5 with value: 0.935.
[I 2026-02-13 09:32:33,922] Trial 31 finished with value: 0.9304 and parameters: {'batch_size': 64, 'frozen_layers': 2, 'classifier_dropout': 0.1, 'learning_rate': 1e-05, 'weight_decay': 1e-06}. Best is trial 5 with value: 0.935.
[I 2026-02-13 10:21:51,955] Trial 32 finished with value: 0.9286 and parameters: {'batch_size': 32, 'frozen_layers': 4, 'classifier_dropout': 0.2, 'learning_rate': 3e-05, 'weight_decay': 0.0001}. Best is trial 5 with value: 0.935.
[I 2026-02-13 11:09:50,415] Trial 33 finished with value: 0.9312 and parameters: {'batch_size': 32, 'frozen_layers': 6, 'classifier_dropout': 0.3, 'learning_rate': 0.0001, 'weight_decay': 0.0001}. Best is trial 5 with value: 0.935.
[I 2026-02-13 12:07:09,904] Trial 34 finished with value: 0.9132 and parameters: {'batch_size': 16, 'frozen_layers': 2, 'classifier_dropout': 0.2, 'learning_rate': 0.0001, 'weight_decay': 1e-05}. Best is trial 5 with value: 0.935.
[I 2026-02-13 13:11:39,266] Trial 35 finished with value: 0.9258 and parameters: {'batch_size': 16, 'frozen_layers': 4, 'classifier_dropout': 0.1, 'learning_rate': 0.0001, 'weight_decay': 1e-05}. Best is trial 5 with value: 0.935.
[I 2026-02-13 13:11:39,645] Trial 36 pruned. Duplicate hyper-parameters, same as those used in trial 35: {'batch_size': 16, 'frozen_layers': 4, 'classifier_dropout': 0.1, 'learning_rate': 0.0001, 'weight_decay': 1e-05}.
[I 2026-02-13 13:59:27,662] Trial 37 finished with value: 0.9294 and parameters: {'batch_size': 64, 'frozen_layers': 4, 'classifier_dropout': 0.2, 'learning_rate': 1e-05, 'weight_decay': 0.0001}. Best is trial 5 with value: 0.935.
[I 2026-02-13 14:54:22,425] Trial 38 finished with value: 0.9288 and parameters: {'batch_size': 32, 'frozen_layers': 6, 'classifier_dropout': 0.1, 'learning_rate': 1e-05, 'weight_decay': 1e-05}. Best is trial 5 with value: 0.935.
[I 2026-02-13 15:58:01,711] Trial 39 finished with value: 0.9258 and parameters: {'batch_size': 16, 'frozen_layers': 4, 'classifier_dropout': 0.3, 'learning_rate': 0.0001, 'weight_decay': 1e-06}. Best is trial 5 with value: 0.935.
[I 2026-02-13 16:54:00,346] Trial 40 finished with value: 0.9268 and parameters: {'batch_size': 16, 'frozen_layers': 6, 'classifier_dropout': 0.4, 'learning_rate': 3e-05, 'weight_decay': 1e-06}. Best is trial 5 with value: 0.935.
[I 2026-02-13 17:50:21,481] Trial 41 finished with value: 0.9304 and parameters: {'batch_size': 16, 'frozen_layers': 4, 'classifier_dropout': 0.2, 'learning_rate': 5e-05, 'weight_decay': 1e-06}. Best is trial 5 with value: 0.935.
[I 2026-02-13 18:41:51,072] Trial 42 finished with value: 0.9278 and parameters: {'batch_size': 32, 'frozen_layers': 0, 'classifier_dropout': 0.1, 'learning_rate': 3e-05, 'weight_decay': 0.0001}. Best is trial 5 with value: 0.935.
[I 2026-02-13 19:38:10,601] Trial 43 finished with value: 0.9284 and parameters: {'batch_size': 16, 'frozen_layers': 4, 'classifier_dropout': 0.3, 'learning_rate': 2e-05, 'weight_decay': 1e-06}. Best is trial 5 with value: 0.935.
[I 2026-02-13 20:35:44,049] Trial 44 finished with value: 0.925 and parameters: {'batch_size': 32, 'frozen_layers': 2, 'classifier_dropout': 0.4, 'learning_rate': 1e-05, 'weight_decay': 1e-05}. Best is trial 5 with value: 0.935.
[I 2026-02-13 21:32:25,451] Trial 45 finished with value: 0.9284 and parameters: {'batch_size': 16, 'frozen_layers': 4, 'classifier_dropout': 0.4, 'learning_rate': 2e-05, 'weight_decay': 1e-05}. Best is trial 5 with value: 0.935.
[I 2026-02-13 22:22:20,581] Trial 46 finished with value: 0.931 and parameters: {'batch_size': 64, 'frozen_layers': 0, 'classifier_dropout': 0.2, 'learning_rate': 2e-05, 'weight_decay': 1e-05}. Best is trial 5 with value: 0.935.
[I 2026-02-13 23:12:12,345] Trial 47 finished with value: 0.922 and parameters: {'batch_size': 64, 'frozen_layers': 0, 'classifier_dropout': 0.1, 'learning_rate': 3e-05, 'weight_decay': 0.001}. Best is trial 5 with value: 0.935.
[I 2026-02-14 00:07:04,133] Trial 48 finished with value: 0.9288 and parameters: {'batch_size': 32, 'frozen_layers': 6, 'classifier_dropout': 0.4, 'learning_rate': 1e-05, 'weight_decay': 0.001}. Best is trial 5 with value: 0.935.
[I 2026-02-14 01:04:35,822] Trial 49 finished with value: 0.925 and parameters: {'batch_size': 32, 'frozen_layers': 2, 'classifier_dropout': 0.3, 'learning_rate': 1e-05, 'weight_decay': 0.0001}. Best is trial 5 with value: 0.935.
[I 2026-02-14 01:53:30,955] Trial 50 finished with value: 0.9304 and parameters: {'batch_size': 64, 'frozen_layers': 2, 'classifier_dropout': 0.1, 'learning_rate': 1e-05, 'weight_decay': 0.0001}. Best is trial 5 with value: 0.935.
[UPDATE] 50 completed trials using a random sampler. Switching from random to TPE sampling.
[I 2026-02-14 01:53:31,397] Trial 51 pruned. Duplicate hyper-parameters, same as those used in trial 2: {'batch_size': 32, 'frozen_layers': 0, 'classifier_dropout': 0.4, 'learning_rate': 2e-05, 'weight_decay': 0.001}.
[I 2026-02-14 01:53:31,854] Trial 52 pruned. Duplicate hyper-parameters, same as those used in trial 5: {'batch_size': 32, 'frozen_layers': 2, 'classifier_dropout': 0.1, 'learning_rate': 2e-05, 'weight_decay': 0.0001}.
[I 2026-02-14 01:53:32,322] Trial 53 pruned. Duplicate hyper-parameters, same as those used in trial 29: {'batch_size': 32, 'frozen_layers': 2, 'classifier_dropout': 0.3, 'learning_rate': 5e-05, 'weight_decay': 1e-06}.
[I 2026-02-14 01:53:32,728] Trial 54 pruned. Duplicate hyper-parameters, same as those used in trial 11: {'batch_size': 16, 'frozen_layers': 6, 'classifier_dropout': 0.2, 'learning_rate': 0.0001, 'weight_decay': 0.0001}.
[I 2026-02-14 02:51:14,090] Trial 55 finished with value: 0.9346 and parameters: {'batch_size': 16, 'frozen_layers': 2, 'classifier_dropout': 0.3, 'learning_rate': 3e-05, 'weight_decay': 1e-06}. Best is trial 5 with value: 0.935.
[I 2026-02-14 02:51:14,510] Trial 56 pruned. Duplicate hyper-parameters, same as those used in trial 55: {'batch_size': 16, 'frozen_layers': 2, 'classifier_dropout': 0.3, 'learning_rate': 3e-05, 'weight_decay': 1e-06}.
[I 2026-02-14 03:49:08,631] Trial 57 finished with value: 0.933 and parameters: {'batch_size': 16, 'frozen_layers': 2, 'classifier_dropout': 0.1, 'learning_rate': 2e-05, 'weight_decay': 1e-06}. Best is trial 5 with value: 0.935.
[I 2026-02-14 03:49:09,077] Trial 58 pruned. Duplicate hyper-parameters, same as those used in trial 13: {'batch_size': 32, 'frozen_layers': 2, 'classifier_dropout': 0.4, 'learning_rate': 3e-05, 'weight_decay': 1e-06}.
[I 2026-02-14 04:46:58,051] Trial 59 finished with value: 0.933 and parameters: {'batch_size': 16, 'frozen_layers': 2, 'classifier_dropout': 0.3, 'learning_rate': 2e-05, 'weight_decay': 1e-05}. Best is trial 5 with value: 0.935.
[I 2026-02-14 05:37:23,430] Trial 60 finished with value: 0.935 and parameters: {'batch_size': 32, 'frozen_layers': 2, 'classifier_dropout': 0.2, 'learning_rate': 2e-05, 'weight_decay': 1e-06}. Best is trial 5 with value: 0.935.
[I 2026-02-14 06:25:28,974] Trial 61 finished with value: 0.9254 and parameters: {'batch_size': 32, 'frozen_layers': 6, 'classifier_dropout': 0.2, 'learning_rate': 2e-05, 'weight_decay': 1e-06}. Best is trial 5 with value: 0.935.
[I 2026-02-14 06:25:29,435] Trial 62 pruned. Duplicate hyper-parameters, same as those used in trial 14: {'batch_size': 16, 'frozen_layers': 2, 'classifier_dropout': 0.3, 'learning_rate': 2e-05, 'weight_decay': 1e-06}.
[I 2026-02-14 07:15:53,449] Trial 63 finished with value: 0.9226 and parameters: {'batch_size': 32, 'frozen_layers': 2, 'classifier_dropout': 0.2, 'learning_rate': 0.0001, 'weight_decay': 1e-06}. Best is trial 5 with value: 0.935.
[I 2026-02-14 08:06:20,351] Trial 64 finished with value: 0.935 and parameters: {'batch_size': 32, 'frozen_layers': 2, 'classifier_dropout': 0.2, 'learning_rate': 2e-05, 'weight_decay': 0.0001}. Best is trial 5 with value: 0.935.
[I 2026-02-14 08:57:00,319] Trial 65 finished with value: 0.935 and parameters: {'batch_size': 32, 'frozen_layers': 2, 'classifier_dropout': 0.4, 'learning_rate': 2e-05, 'weight_decay': 0.0001}. Best is trial 5 with value: 0.935.
[I 2026-02-14 08:57:00,771] Trial 66 pruned. Duplicate hyper-parameters, same as those used in trial 64: {'batch_size': 32, 'frozen_layers': 2, 'classifier_dropout': 0.2, 'learning_rate': 2e-05, 'weight_decay': 0.0001}.
[I 2026-02-14 08:57:01,207] Trial 67 pruned. Duplicate hyper-parameters, same as those used in trial 65: {'batch_size': 32, 'frozen_layers': 2, 'classifier_dropout': 0.4, 'learning_rate': 2e-05, 'weight_decay': 0.0001}.
[I 2026-02-14 08:57:01,677] Trial 68 pruned. Duplicate hyper-parameters, same as those used in trial 60: {'batch_size': 32, 'frozen_layers': 2, 'classifier_dropout': 0.2, 'learning_rate': 2e-05, 'weight_decay': 1e-06}.
[I 2026-02-14 09:48:31,054] Trial 69 finished with value: 0.9334 and parameters: {'batch_size': 32, 'frozen_layers': 0, 'classifier_dropout': 0.3, 'learning_rate': 2e-05, 'weight_decay': 0.0001}. Best is trial 5 with value: 0.935.
[I 2026-02-14 10:45:51,825] Trial 70 finished with value: 0.9346 and parameters: {'batch_size': 16, 'frozen_layers': 2, 'classifier_dropout': 0.4, 'learning_rate': 3e-05, 'weight_decay': 0.0001}. Best is trial 5 with value: 0.935.
[I 2026-02-14 10:45:52,257] Trial 71 pruned. Duplicate hyper-parameters, same as those used in trial 70: {'batch_size': 16, 'frozen_layers': 2, 'classifier_dropout': 0.4, 'learning_rate': 3e-05, 'weight_decay': 0.0001}.
[I 2026-02-14 11:34:52,036] Trial 72 finished with value: 0.9278 and parameters: {'batch_size': 64, 'frozen_layers': 2, 'classifier_dropout': 0.4, 'learning_rate': 2e-05, 'weight_decay': 1e-06}. Best is trial 5 with value: 0.935.
[I 2026-02-14 12:25:20,279] Trial 73 finished with value: 0.9336 and parameters: {'batch_size': 32, 'frozen_layers': 2, 'classifier_dropout': 0.3, 'learning_rate': 3e-05, 'weight_decay': 0.001}. Best is trial 5 with value: 0.935.
[I 2026-02-14 12:25:20,733] Trial 74 pruned. Duplicate hyper-parameters, same as those used in trial 73: {'batch_size': 32, 'frozen_layers': 2, 'classifier_dropout': 0.3, 'learning_rate': 3e-05, 'weight_decay': 0.001}.
[I 2026-02-14 13:15:58,427] Trial 75 finished with value: 0.9338 and parameters: {'batch_size': 32, 'frozen_layers': 2, 'classifier_dropout': 0.2, 'learning_rate': 3e-05, 'weight_decay': 1e-05}. Best is trial 5 with value: 0.935.
[I 2026-02-14 14:07:34,638] Trial 76 finished with value: 0.9278 and parameters: {'batch_size': 32, 'frozen_layers': 0, 'classifier_dropout': 0.2, 'learning_rate': 3e-05, 'weight_decay': 1e-05}. Best is trial 5 with value: 0.935.
[I 2026-02-14 14:58:09,972] Trial 77 finished with value: 0.935 and parameters: {'batch_size': 32, 'frozen_layers': 2, 'classifier_dropout': 0.2, 'learning_rate': 2e-05, 'weight_decay': 1e-05}. Best is trial 5 with value: 0.935.
[I 2026-02-14 14:58:10,403] Trial 78 pruned. Duplicate hyper-parameters, same as those used in trial 77: {'batch_size': 32, 'frozen_layers': 2, 'classifier_dropout': 0.2, 'learning_rate': 2e-05, 'weight_decay': 1e-05}.
[I 2026-02-14 15:48:41,729] Trial 79 finished with value: 0.9326 and parameters: {'batch_size': 32, 'frozen_layers': 2, 'classifier_dropout': 0.1, 'learning_rate': 5e-05, 'weight_decay': 1e-05}. Best is trial 5 with value: 0.935.
[I 2026-02-14 16:46:08,951] Trial 80 finished with value: 0.9346 and parameters: {'batch_size': 16, 'frozen_layers': 2, 'classifier_dropout': 0.1, 'learning_rate': 3e-05, 'weight_decay': 0.0001}. Best is trial 5 with value: 0.935.
[I 2026-02-14 16:46:09,453] Trial 81 pruned. Duplicate hyper-parameters, same as those used in trial 80: {'batch_size': 16, 'frozen_layers': 2, 'classifier_dropout': 0.1, 'learning_rate': 3e-05, 'weight_decay': 0.0001}.
[I 2026-02-14 17:52:38,768] Trial 82 finished with value: 0.9308 and parameters: {'batch_size': 16, 'frozen_layers': 0, 'classifier_dropout': 0.4, 'learning_rate': 2e-05, 'weight_decay': 0.0001}. Best is trial 5 with value: 0.935.
[I 2026-02-14 18:41:37,993] Trial 83 finished with value: 0.9228 and parameters: {'batch_size': 64, 'frozen_layers': 2, 'classifier_dropout': 0.2, 'learning_rate': 3e-05, 'weight_decay': 0.0001}. Best is trial 5 with value: 0.935.
[I 2026-02-14 19:39:16,953] Trial 84 finished with value: 0.933 and parameters: {'batch_size': 16, 'frozen_layers': 2, 'classifier_dropout': 0.2, 'learning_rate': 2e-05, 'weight_decay': 0.0001}. Best is trial 5 with value: 0.935.
[I 2026-02-14 20:29:46,421] Trial 85 finished with value: 0.9338 and parameters: {'batch_size': 32, 'frozen_layers': 2, 'classifier_dropout': 0.4, 'learning_rate': 3e-05, 'weight_decay': 0.0001}. Best is trial 5 with value: 0.935.
[I 2026-02-14 21:27:12,172] Trial 86 finished with value: 0.9346 and parameters: {'batch_size': 16, 'frozen_layers': 2, 'classifier_dropout': 0.2, 'learning_rate': 3e-05, 'weight_decay': 1e-06}. Best is trial 5 with value: 0.935.
[I 2026-02-14 22:17:39,832] Trial 87 finished with value: 0.9226 and parameters: {'batch_size': 32, 'frozen_layers': 2, 'classifier_dropout': 0.1, 'learning_rate': 0.0001, 'weight_decay': 0.0001}. Best is trial 5 with value: 0.935.
[I 2026-02-14 23:14:27,563] Trial 88 finished with value: 0.9268 and parameters: {'batch_size': 16, 'frozen_layers': 2, 'classifier_dropout': 0.4, 'learning_rate': 1e-05, 'weight_decay': 0.0001}. Best is trial 5 with value: 0.935.
[I 2026-02-15 00:09:58,836] Trial 89 finished with value: 0.9268 and parameters: {'batch_size': 16, 'frozen_layers': 6, 'classifier_dropout': 0.2, 'learning_rate': 3e-05, 'weight_decay': 1e-06}. Best is trial 5 with value: 0.935.
[I 2026-02-15 00:09:59,353] Trial 90 pruned. Duplicate hyper-parameters, same as those used in trial 86: {'batch_size': 16, 'frozen_layers': 2, 'classifier_dropout': 0.2, 'learning_rate': 3e-05, 'weight_decay': 1e-06}.
[I 2026-02-15 01:08:04,666] Trial 91 finished with value: 0.9346 and parameters: {'batch_size': 16, 'frozen_layers': 2, 'classifier_dropout': 0.4, 'learning_rate': 3e-05, 'weight_decay': 1e-05}. Best is trial 5 with value: 0.935.
[I 2026-02-15 01:55:58,029] Trial 92 finished with value: 0.9254 and parameters: {'batch_size': 32, 'frozen_layers': 6, 'classifier_dropout': 0.4, 'learning_rate': 2e-05, 'weight_decay': 0.0001}. Best is trial 5 with value: 0.935.
[I 2026-02-15 01:55:58,498] Trial 93 pruned. Duplicate hyper-parameters, same as those used in trial 91: {'batch_size': 16, 'frozen_layers': 2, 'classifier_dropout': 0.4, 'learning_rate': 3e-05, 'weight_decay': 1e-05}.
[I 2026-02-15 02:51:55,576] Trial 94 finished with value: 0.9268 and parameters: {'batch_size': 16, 'frozen_layers': 6, 'classifier_dropout': 0.1, 'learning_rate': 3e-05, 'weight_decay': 0.0001}. Best is trial 5 with value: 0.935.
