[I 2026-02-15 03:49:17,638] Trial 95 finished with value: 0.9348 and parameters: {'batch_size': 16, 'frozen_layers': 2, 'classifier_dropout': 0.1, 'learning_rate': 3e-05, 'weight_decay': 0.001}. Best is trial 5 with value: 0.935.
[I 2026-02-15 04:46:42,342] Trial 96 finished with value: 0.9346 and parameters: {'batch_size': 16, 'frozen_layers': 2, 'classifier_dropout': 0.3, 'learning_rate': 3e-05, 'weight_decay': 0.0001}. Best is trial 5 with value: 0.935.
[I 2026-02-15 04:46:42,800] Trial 97 pruned. Duplicate hyper-parameters, same as those used in trial 95: {'batch_size': 16, 'frozen_layers': 2, 'classifier_dropout': 0.1, 'learning_rate': 3e-05, 'weight_decay': 0.001}.
[I 2026-02-15 05:36:16,424] Trial 98 finished with value: 0.9322 and parameters: {'batch_size': 32, 'frozen_layers': 4, 'classifier_dropout': 0.1, 'learning_rate': 2e-05, 'weight_decay': 0.0001}. Best is trial 5 with value: 0.935.
slurmstepd: error: *** JOB 2131767 ON kn083 CANCELLED AT 2026-02-15T05:42:04 DUE TO TIME LIMIT ***
