[I 2026-04-08 22:00:34,037] Trial 175 finished with value: 0.8606060606060606 and parameters: {'batch_size': 32, 'frozen_layers': 2, 'classifier_dropout': 0.3, 'learning_rate': 2e-05, 'weight_decay': 0.001}. Best is trial 29 with value: 0.896969696969697.
[I 2026-04-08 22:07:18,187] Trial 176 finished with value: 0.8606060606060606 and parameters: {'batch_size': 32, 'frozen_layers': 2, 'classifier_dropout': 0.4, 'learning_rate': 3e-05, 'weight_decay': 0.001}. Best is trial 29 with value: 0.896969696969697.
[I 2026-04-08 22:14:03,188] Trial 177 finished with value: 0.8606060606060606 and parameters: {'batch_size': 32, 'frozen_layers': 2, 'classifier_dropout': 0.1, 'learning_rate': 3e-05, 'weight_decay': 1e-05}. Best is trial 29 with value: 0.896969696969697.
[I 2026-04-08 22:20:38,435] Trial 178 finished with value: 0.8242424242424242 and parameters: {'batch_size': 64, 'frozen_layers': 2, 'classifier_dropout': 0.1, 'learning_rate': 5e-05, 'weight_decay': 0.001}. Best is trial 29 with value: 0.896969696969697.
[I 2026-04-08 22:28:06,127] Trial 179 finished with value: 0.8787878787878788 and parameters: {'batch_size': 16, 'frozen_layers': 2, 'classifier_dropout': 0.3, 'learning_rate': 3e-05, 'weight_decay': 0.001}. Best is trial 29 with value: 0.896969696969697.
[I 2026-04-08 22:35:21,729] Trial 180 finished with value: 0.8787878787878788 and parameters: {'batch_size': 16, 'frozen_layers': 6, 'classifier_dropout': 0.3, 'learning_rate': 2e-05, 'weight_decay': 1e-06}. Best is trial 29 with value: 0.896969696969697.
[I 2026-04-08 22:42:56,593] Trial 181 finished with value: 0.8848484848484849 and parameters: {'batch_size': 16, 'frozen_layers': 0, 'classifier_dropout': 0.3, 'learning_rate': 2e-05, 'weight_decay': 0.001}. Best is trial 29 with value: 0.896969696969697.

[UPDATE] Unbound limits: {'batch_size': (np.int64(16), np.int64(64)), 'frozen_layers': (np.int64(0), np.int64(4)), 'classifier_dropout': (np.float64(0.1), np.float64(0.4)), 'learning_rate': (np.float64(3e-05), np.float64(0.0001)), 'weight_decay': (np.float64(0.0001), np.float64(0.001))}
[I 2026-04-08 22:42:57,162] A new study created in RDB with name: IMDb-1k-Fine-tuning-unbound
[I 2026-04-08 22:42:57,228] Trial 0 finished with value: 0.896969696969697 and parameters: {'batch_size': 32, 'frozen_layers': 2, 'classifier_dropout': 0.2, 'learning_rate': 5e-05, 'weight_decay': 0.001}.
[I 2026-04-08 22:42:57,229] Trial 1 finished with value: 0.896969696969697 and parameters: {'batch_size': 32, 'frozen_layers': 2, 'classifier_dropout': 0.3, 'learning_rate': 5e-05, 'weight_decay': 0.001}.
[I 2026-04-08 22:42:57,229] Trial 2 finished with value: 0.896969696969697 and parameters: {'batch_size': 32, 'frozen_layers': 2, 'classifier_dropout': 0.4, 'learning_rate': 5e-05, 'weight_decay': 0.001}.
[I 2026-04-08 22:49:29,600] Trial 3 finished with value: 0.8787878787878788 and parameters: {'batch_size': 32, 'frozen_layers': 4, 'classifier_dropout': 0.31959818254342154, 'learning_rate': 6.168038158199002e-05, 'weight_decay': 0.0001432249371823026}. Best is trial 0 with value: 0.896969696969697.
[I 2026-04-08 22:56:30,136] Trial 4 finished with value: 0.8909090909090909 and parameters: {'batch_size': 24, 'frozen_layers': 0, 'classifier_dropout': 0.3598528437324806, 'learning_rate': 6.186307704341193e-05, 'weight_decay': 0.0005105903209394755}. Best is trial 0 with value: 0.896969696969697.
[I 2026-04-08 23:03:50,050] Trial 5 finished with value: 0.8303030303030303 and parameters: {'batch_size': 16, 'frozen_layers': 4, 'classifier_dropout': 0.34973279224012654, 'learning_rate': 3.873904074108898e-05, 'weight_decay': 0.0001519934830130982}. Best is trial 0 with value: 0.896969696969697.
[I 2026-04-08 23:10:43,519] Trial 6 finished with value: 0.8181818181818182 and parameters: {'batch_size': 24, 'frozen_layers': 1, 'classifier_dropout': 0.2574269294896714, 'learning_rate': 5.046335539165066e-05, 'weight_decay': 0.00019553708662745247}. Best is trial 0 with value: 0.896969696969697.
[I 2026-04-08 23:17:36,483] Trial 7 finished with value: 0.8666666666666667 and parameters: {'batch_size': 48, 'frozen_layers': 0, 'classifier_dropout': 0.18764339456056545, 'learning_rate': 4.6632003580742355e-05, 'weight_decay': 0.0002858051065806936}. Best is trial 0 with value: 0.896969696969697.
[I 2026-04-08 23:24:21,072] Trial 8 finished with value: 0.8303030303030303 and parameters: {'batch_size': 56, 'frozen_layers': 0, 'classifier_dropout': 0.2542703315240835, 'learning_rate': 6.121843755950256e-05, 'weight_decay': 0.00011128853174905746}. Best is trial 0 with value: 0.896969696969697.
[I 2026-04-08 23:32:07,813] Trial 9 finished with value: 0.9030303030303031 and parameters: {'batch_size': 48, 'frozen_layers': 0, 'classifier_dropout': 0.11951547789558387, 'learning_rate': 9.403149345691192e-05, 'weight_decay': 0.0009239150319627245}. Best is trial 9 with value: 0.9030303030303031.
[I 2026-04-08 23:38:48,767] Trial 10 finished with value: 0.8787878787878788 and parameters: {'batch_size': 56, 'frozen_layers': 1, 'classifier_dropout': 0.12930163420191518, 'learning_rate': 6.837418474664327e-05, 'weight_decay': 0.00027551959649510803}. Best is trial 9 with value: 0.9030303030303031.
[I 2026-04-08 23:47:17,690] Trial 11 finished with value: 0.8121212121212121 and parameters: {'batch_size': 16, 'frozen_layers': 2, 'classifier_dropout': 0.11031655633456552, 'learning_rate': 8.965728132196335e-05, 'weight_decay': 0.00018145961353490273}. Best is trial 9 with value: 0.9030303030303031.
[I 2026-04-08 23:54:03,277] Trial 12 finished with value: 0.8424242424242424 and parameters: {'batch_size': 48, 'frozen_layers': 1, 'classifier_dropout': 0.2560204063533433, 'learning_rate': 5.7940793638335996e-05, 'weight_decay': 0.0001530574436550019}. Best is trial 9 with value: 0.9030303030303031.
[I 2026-04-09 00:00:31,060] Trial 13 finished with value: 0.8484848484848485 and parameters: {'batch_size': 64, 'frozen_layers': 3, 'classifier_dropout': 0.38184968246925677, 'learning_rate': 8.810640009855045e-05, 'weight_decay': 0.00039618677904065835}. Best is trial 9 with value: 0.9030303030303031.
[I 2026-04-09 00:07:15,289] Trial 14 finished with value: 0.8666666666666667 and parameters: {'batch_size': 64, 'frozen_layers': 0, 'classifier_dropout': 0.15879485872574356, 'learning_rate': 3.16788671617536e-05, 'weight_decay': 0.00021150972021685588}. Best is trial 9 with value: 0.9030303030303031.
[I 2026-04-09 00:14:56,543] Trial 15 finished with value: 0.8242424242424242 and parameters: {'batch_size': 32, 'frozen_layers': 1, 'classifier_dropout': 0.34862125274557887, 'learning_rate': 4.6095654581465385e-05, 'weight_decay': 0.0001909565280104537}. Best is trial 9 with value: 0.9030303030303031.
[I 2026-04-09 00:21:44,297] Trial 16 finished with value: 0.8666666666666667 and parameters: {'batch_size': 40, 'frozen_layers': 0, 'classifier_dropout': 0.34065909422621193, 'learning_rate': 3.281725122795528e-05, 'weight_decay': 0.0009702573394120733}. Best is trial 9 with value: 0.9030303030303031.
[I 2026-04-09 00:28:28,769] Trial 17 finished with value: 0.8363636363636363 and parameters: {'batch_size': 56, 'frozen_layers': 0, 'classifier_dropout': 0.10165663513708073, 'learning_rate': 8.007716757977903e-05, 'weight_decay': 0.0005091635945818553}. Best is trial 9 with value: 0.9030303030303031.
[I 2026-04-09 00:35:57,464] Trial 18 finished with value: 0.8787878787878788 and parameters: {'batch_size': 56, 'frozen_layers': 3, 'classifier_dropout': 0.12221339552022711, 'learning_rate': 4.619078734619979e-05, 'weight_decay': 0.00013057771348997234}. Best is trial 9 with value: 0.9030303030303031.
[I 2026-04-09 00:42:27,446] Trial 19 finished with value: 0.8484848484848485 and parameters: {'batch_size': 64, 'frozen_layers': 3, 'classifier_dropout': 0.19926940745579477, 'learning_rate': 3.2385795199455616e-05, 'weight_decay': 0.00020463613363481617}. Best is trial 9 with value: 0.9030303030303031.
[I 2026-04-09 00:49:04,798] Trial 20 finished with value: 0.8848484848484849 and parameters: {'batch_size': 32, 'frozen_layers': 3, 'classifier_dropout': 0.29126724140656396, 'learning_rate': 8.730235124152463e-05, 'weight_decay': 0.00029662989987000704}. Best is trial 9 with value: 0.9030303030303031.
[I 2026-04-09 00:56:30,440] Trial 21 finished with value: 0.8121212121212121 and parameters: {'batch_size': 16, 'frozen_layers': 3, 'classifier_dropout': 0.3282355145850693, 'learning_rate': 5.89659325790739e-05, 'weight_decay': 0.0005901564798023387}. Best is trial 9 with value: 0.9030303030303031.
[I 2026-04-09 01:03:09,899] Trial 22 finished with value: 0.8787878787878788 and parameters: {'batch_size': 40, 'frozen_layers': 2, 'classifier_dropout': 0.2282623055075649, 'learning_rate': 3.093231155563182e-05, 'weight_decay': 0.00012820100418916918}. Best is trial 9 with value: 0.9030303030303031.
[I 2026-04-09 01:10:44,141] Trial 23 finished with value: 0.8909090909090909 and parameters: {'batch_size': 40, 'frozen_layers': 2, 'classifier_dropout': 0.21783464962856464, 'learning_rate': 4.483506159209742e-05, 'weight_decay': 0.0008994565884025186}. Best is trial 9 with value: 0.9030303030303031.
[I 2026-04-09 01:17:44,356] Trial 24 finished with value: 0.8787878787878788 and parameters: {'batch_size': 40, 'frozen_layers': 1, 'classifier_dropout': 0.23333767933489952, 'learning_rate': 8.597823023079725e-05, 'weight_decay': 0.0009755427559324174}. Best is trial 9 with value: 0.9030303030303031.
[I 2026-04-09 01:30:19,441] Trial 25 finished with value: 0.896969696969697 and parameters: {'batch_size': 32, 'frozen_layers': 0, 'classifier_dropout': 0.18571479747118308, 'learning_rate': 5.280112896953202e-05, 'weight_decay': 0.0007823987186471419}. Best is trial 9 with value: 0.9030303030303031.
[I 2026-04-09 01:43:04,720] Trial 26 finished with value: 0.8848484848484849 and parameters: {'batch_size': 40, 'frozen_layers': 0, 'classifier_dropout': 0.11161856575118068, 'learning_rate': 8.316353052179683e-05, 'weight_decay': 0.0008944785367641243}. Best is trial 9 with value: 0.9030303030303031.
[I 2026-04-09 01:58:46,912] Trial 27 finished with value: 0.8666666666666667 and parameters: {'batch_size': 48, 'frozen_layers': 2, 'classifier_dropout': 0.1552626501854969, 'learning_rate': 6.686922182203046e-05, 'weight_decay': 0.0007696668733291798}. Best is trial 9 with value: 0.9030303030303031.
[I 2026-04-09 02:12:58,221] Trial 28 finished with value: 0.8787878787878788 and parameters: {'batch_size': 32, 'frozen_layers': 2, 'classifier_dropout': 0.1737379140008071, 'learning_rate': 4.403030102416661e-05, 'weight_decay': 0.0007397222024868639}. Best is trial 9 with value: 0.9030303030303031.
[I 2026-04-09 02:27:38,996] Trial 29 finished with value: 0.8787878787878788 and parameters: {'batch_size': 24, 'frozen_layers': 3, 'classifier_dropout': 0.3228141931382962, 'learning_rate': 3.609712656330604e-05, 'weight_decay': 0.00044483790431913727}. Best is trial 9 with value: 0.9030303030303031.
[I 2026-04-09 02:39:41,141] Trial 30 finished with value: 0.8484848484848485 and parameters: {'batch_size': 32, 'frozen_layers': 4, 'classifier_dropout': 0.24018841747192016, 'learning_rate': 7.32588277345068e-05, 'weight_decay': 0.0009320297234305302}. Best is trial 9 with value: 0.9030303030303031.
[I 2026-04-09 02:52:11,663] Trial 31 finished with value: 0.8909090909090909 and parameters: {'batch_size': 32, 'frozen_layers': 2, 'classifier_dropout': 0.366835182201968, 'learning_rate': 4.654299451889627e-05, 'weight_decay': 0.0007188123848144591}. Best is trial 9 with value: 0.9030303030303031.
[I 2026-04-09 03:05:43,476] Trial 32 finished with value: 0.8606060606060606 and parameters: {'batch_size': 32, 'frozen_layers': 0, 'classifier_dropout': 0.18453732391589261, 'learning_rate': 9.896086548557778e-05, 'weight_decay': 0.000899351657228553}. Best is trial 9 with value: 0.9030303030303031.
[I 2026-04-09 03:20:33,674] Trial 33 finished with value: 0.8848484848484849 and parameters: {'batch_size': 24, 'frozen_layers': 1, 'classifier_dropout': 0.3897428616009091, 'learning_rate': 7.674411039512014e-05, 'weight_decay': 0.0007589215138983812}. Best is trial 9 with value: 0.9030303030303031.
[I 2026-04-09 03:32:39,245] Trial 34 finished with value: 0.8909090909090909 and parameters: {'batch_size': 32, 'frozen_layers': 2, 'classifier_dropout': 0.2514092334837941, 'learning_rate': 4.341236425070738e-05, 'weight_decay': 0.0009193727748772791}. Best is trial 9 with value: 0.9030303030303031.
[I 2026-04-09 03:45:38,144] Trial 35 finished with value: 0.8727272727272727 and parameters: {'batch_size': 40, 'frozen_layers': 2, 'classifier_dropout': 0.34780782520457204, 'learning_rate': 4.724730595381784e-05, 'weight_decay': 0.0009204323247957194}. Best is trial 9 with value: 0.9030303030303031.
[I 2026-04-09 04:00:28,731] Trial 36 finished with value: 0.8787878787878788 and parameters: {'batch_size': 24, 'frozen_layers': 0, 'classifier_dropout': 0.10444013930173762, 'learning_rate': 9.491355909142046e-05, 'weight_decay': 0.0008472562061783535}. Best is trial 9 with value: 0.9030303030303031.
[I 2026-04-09 04:13:21,629] Trial 37 finished with value: 0.8484848484848485 and parameters: {'batch_size': 48, 'frozen_layers': 3, 'classifier_dropout': 0.38770832773318664, 'learning_rate': 3.737192972325936e-05, 'weight_decay': 0.0009640908374778678}. Best is trial 9 with value: 0.9030303030303031.
[I 2026-04-09 04:25:46,326] Trial 38 finished with value: 0.8848484848484849 and parameters: {'batch_size': 56, 'frozen_layers': 1, 'classifier_dropout': 0.15290460753460722, 'learning_rate': 9.562395588181263e-05, 'weight_decay': 0.0006669375450958712}. Best is trial 9 with value: 0.9030303030303031.
[I 2026-04-09 04:33:59,298] Trial 39 finished with value: 0.8787878787878788 and parameters: {'batch_size': 24, 'frozen_layers': 0, 'classifier_dropout': 0.16845540928343083, 'learning_rate': 9.84102830049295e-05, 'weight_decay': 0.0008434851526469203}. Best is trial 9 with value: 0.9030303030303031.
[I 2026-04-09 04:40:40,553] Trial 40 finished with value: 0.8666666666666667 and parameters: {'batch_size': 40, 'frozen_layers': 2, 'classifier_dropout': 0.25272672233196947, 'learning_rate': 5.8767771656140084e-05, 'weight_decay': 0.0006719122197339867}. Best is trial 9 with value: 0.9030303030303031.
[I 2026-04-09 04:47:32,696] Trial 41 finished with value: 0.8545454545454545 and parameters: {'batch_size': 32, 'frozen_layers': 0, 'classifier_dropout': 0.20530264318488084, 'learning_rate': 4.8504247393856345e-05, 'weight_decay': 0.0005431147646098856}. Best is trial 9 with value: 0.9030303030303031.
[I 2026-04-09 04:55:16,294] Trial 42 finished with value: 0.8909090909090909 and parameters: {'batch_size': 32, 'frozen_layers': 1, 'classifier_dropout': 0.11078361256106484, 'learning_rate': 4.862923168696694e-05, 'weight_decay': 0.000924302342756497}. Best is trial 9 with value: 0.9030303030303031.
[I 2026-04-09 05:02:07,602] Trial 43 finished with value: 0.8848484848484849 and parameters: {'batch_size': 32, 'frozen_layers': 0, 'classifier_dropout': 0.1785420005238661, 'learning_rate': 5.390812540302814e-05, 'weight_decay': 0.0008440576141766106}. Best is trial 9 with value: 0.9030303030303031.
[I 2026-04-09 05:08:59,467] Trial 44 finished with value: 0.8303030303030303 and parameters: {'batch_size': 32, 'frozen_layers': 0, 'classifier_dropout': 0.2336991684344256, 'learning_rate': 4.0955986932638265e-05, 'weight_decay': 0.0009480915160457574}. Best is trial 9 with value: 0.9030303030303031.
[I 2026-04-09 05:15:49,454] Trial 45 finished with value: 0.8606060606060606 and parameters: {'batch_size': 24, 'frozen_layers': 2, 'classifier_dropout': 0.21637994675088296, 'learning_rate': 5.754501828283832e-05, 'weight_decay': 0.0008388754848041911}. Best is trial 9 with value: 0.9030303030303031.
[I 2026-04-09 05:22:27,647] Trial 46 finished with value: 0.896969696969697 and parameters: {'batch_size': 32, 'frozen_layers': 3, 'classifier_dropout': 0.3717831901337735, 'learning_rate': 5.491161492485633e-05, 'weight_decay': 0.000937276933567974}. Best is trial 9 with value: 0.9030303030303031.
[I 2026-04-09 05:30:09,869] Trial 47 finished with value: 0.8666666666666667 and parameters: {'batch_size': 48, 'frozen_layers': 1, 'classifier_dropout': 0.3845433173378506, 'learning_rate': 5.785816221997845e-05, 'weight_decay': 0.00088091763289432}. Best is trial 9 with value: 0.9030303030303031.
[I 2026-04-09 05:38:23,173] Trial 48 finished with value: 0.896969696969697 and parameters: {'batch_size': 64, 'frozen_layers': 4, 'classifier_dropout': 0.13101229002544407, 'learning_rate': 9.19455160446467e-05, 'weight_decay': 0.00019113146275097774}. Best is trial 9 with value: 0.9030303030303031.
[I 2026-04-09 05:45:12,364] Trial 49 finished with value: 0.896969696969697 and parameters: {'batch_size': 40, 'frozen_layers': 0, 'classifier_dropout': 0.1273693822664608, 'learning_rate': 8.45710748595112e-05, 'weight_decay': 0.0008591461205772012}. Best is trial 9 with value: 0.9030303030303031.
[I 2026-04-09 05:52:03,105] Trial 50 finished with value: 0.8242424242424242 and parameters: {'batch_size': 24, 'frozen_layers': 2, 'classifier_dropout': 0.35095292795596456, 'learning_rate': 4.308959940028006e-05, 'weight_decay': 0.0009692654929535157}. Best is trial 9 with value: 0.9030303030303031.
[I 2026-04-09 05:58:40,590] Trial 51 finished with value: 0.896969696969697 and parameters: {'batch_size': 32, 'frozen_layers': 3, 'classifier_dropout': 0.38240500603358474, 'learning_rate': 5.184357387874084e-05, 'weight_decay': 0.000634022278096698}. Best is trial 9 with value: 0.9030303030303031.
[I 2026-04-09 06:05:18,095] Trial 52 finished with value: 0.896969696969697 and parameters: {'batch_size': 32, 'frozen_layers': 3, 'classifier_dropout': 0.3971209562055461, 'learning_rate': 5.721856447388496e-05, 'weight_decay': 0.0008981305412546439}. Best is trial 9 with value: 0.9030303030303031.
[I 2026-04-09 06:12:08,478] Trial 53 finished with value: 0.8545454545454545 and parameters: {'batch_size': 32, 'frozen_layers': 0, 'classifier_dropout': 0.10420849929198579, 'learning_rate': 9.72407044143946e-05, 'weight_decay': 0.000982381222070758}. Best is trial 9 with value: 0.9030303030303031.
[I 2026-04-09 06:19:26,845] Trial 54 finished with value: 0.8424242424242424 and parameters: {'batch_size': 64, 'frozen_layers': 4, 'classifier_dropout': 0.3439011159815047, 'learning_rate': 5.201961553974531e-05, 'weight_decay': 0.00030267600378348724}. Best is trial 9 with value: 0.9030303030303031.
[I 2026-04-09 06:26:16,205] Trial 55 finished with value: 0.8666666666666667 and parameters: {'batch_size': 40, 'frozen_layers': 0, 'classifier_dropout': 0.39674096734463393, 'learning_rate': 4.395138087430197e-05, 'weight_decay': 0.0006379917723800068}. Best is trial 9 with value: 0.9030303030303031.
[I 2026-04-09 06:33:52,468] Trial 56 finished with value: 0.9030303030303031 and parameters: {'batch_size': 16, 'frozen_layers': 0, 'classifier_dropout': 0.14297289751242184, 'learning_rate': 4.1331244924330716e-05, 'weight_decay': 0.00037625409756460236}. Best is trial 9 with value: 0.9030303030303031.
[I 2026-04-09 06:41:34,584] Trial 57 finished with value: 0.8848484848484849 and parameters: {'batch_size': 16, 'frozen_layers': 0, 'classifier_dropout': 0.1398083807596841, 'learning_rate': 4.028094342056191e-05, 'weight_decay': 0.00037675772605570685}. Best is trial 9 with value: 0.9030303030303031.
[I 2026-04-09 06:49:13,122] Trial 58 finished with value: 0.8787878787878788 and parameters: {'batch_size': 16, 'frozen_layers': 0, 'classifier_dropout': 0.16136267114278385, 'learning_rate': 3.049781649270029e-05, 'weight_decay': 0.0006251781015317228}. Best is trial 9 with value: 0.9030303030303031.
[I 2026-04-09 06:56:00,116] Trial 59 finished with value: 0.8484848484848485 and parameters: {'batch_size': 56, 'frozen_layers': 0, 'classifier_dropout': 0.1548870053539923, 'learning_rate': 9.581980459478214e-05, 'weight_decay': 0.00096160407939416}. Best is trial 9 with value: 0.9030303030303031.
[I 2026-04-09 07:03:03,204] Trial 60 finished with value: 0.8727272727272727 and parameters: {'batch_size': 24, 'frozen_layers': 0, 'classifier_dropout': 0.1146569036299795, 'learning_rate': 5.1467863029970385e-05, 'weight_decay': 0.00024184390570016146}. Best is trial 9 with value: 0.9030303030303031.
[I 2026-04-09 07:10:26,526] Trial 61 finished with value: 0.8727272727272727 and parameters: {'batch_size': 16, 'frozen_layers': 3, 'classifier_dropout': 0.14072914248631735, 'learning_rate': 5.71395984239766e-05, 'weight_decay': 0.00024070201950804449}. Best is trial 9 with value: 0.9030303030303031.
[I 2026-04-09 07:18:17,583] Trial 62 finished with value: 0.8848484848484849 and parameters: {'batch_size': 32, 'frozen_layers': 0, 'classifier_dropout': 0.17819168893037024, 'learning_rate': 5.184661949174743e-05, 'weight_decay': 0.0006478351178415751}. Best is trial 9 with value: 0.9030303030303031.
[I 2026-04-09 07:25:48,791] Trial 63 finished with value: 0.8727272727272727 and parameters: {'batch_size': 16, 'frozen_layers': 2, 'classifier_dropout': 0.3835507181851675, 'learning_rate': 6.002234812025481e-05, 'weight_decay': 0.00010633750193283863}. Best is trial 9 with value: 0.9030303030303031.
[I 2026-04-09 07:34:31,861] Trial 64 finished with value: 0.896969696969697 and parameters: {'batch_size': 32, 'frozen_layers': 1, 'classifier_dropout': 0.288629619391842, 'learning_rate': 5.338035366946308e-05, 'weight_decay': 0.0009619166015165032}. Best is trial 9 with value: 0.9030303030303031.
[I 2026-04-09 07:41:02,004] Trial 65 finished with value: 0.8666666666666667 and parameters: {'batch_size': 40, 'frozen_layers': 4, 'classifier_dropout': 0.32060491960941856, 'learning_rate': 4.5267976198610695e-05, 'weight_decay': 0.000721061602721869}. Best is trial 9 with value: 0.9030303030303031.
