[I 2026-02-04 06:15:04,423] Trial 172 pruned. Duplicate hyper-parameters, same as those used in trial 84: {'frozen_layers': 0, 'classifier_dropout': 0.4, 'learning_rate': 2e-05, 'weight_decay': 1e-06, 'label_smoothing': 0.1, 'gradient_clipping': 2.0}.
[I 2026-02-04 06:15:05,036] Trial 173 pruned. Duplicate hyper-parameters, same as those used in trial 85: {'frozen_layers': 6, 'classifier_dropout': 0.4, 'learning_rate': 3e-05, 'weight_decay': 1e-05, 'label_smoothing': 0.15, 'gradient_clipping': 2.0}.
[I 2026-02-04 06:15:05,668] Trial 174 pruned. Duplicate hyper-parameters, same as those used in trial 87: {'frozen_layers': 6, 'classifier_dropout': 0.4, 'learning_rate': 2e-05, 'weight_decay': 0.0001, 'label_smoothing': 0.15, 'gradient_clipping': 1.5}.
[I 2026-02-04 06:28:20,124] Trial 175 finished with value: 0.911697247706422 and parameters: {'frozen_layers': 0, 'classifier_dropout': 0.1, 'learning_rate': 3e-05, 'weight_decay': 0.001, 'label_smoothing': 0.0, 'gradient_clipping': 1.0}. Best is trial 13 with value: 0.9277522935779816.
[I 2026-02-04 06:41:34,313] Trial 176 finished with value: 0.9162844036697247 and parameters: {'frozen_layers': 0, 'classifier_dropout': 0.2, 'learning_rate': 2e-05, 'weight_decay': 1e-06, 'label_smoothing': 0.05, 'gradient_clipping': 0.5}. Best is trial 13 with value: 0.9277522935779816.
[I 2026-02-04 06:54:08,786] Trial 177 finished with value: 0.9036697247706422 and parameters: {'frozen_layers': 4, 'classifier_dropout': 0.4, 'learning_rate': 5e-05, 'weight_decay': 0.0001, 'label_smoothing': 0.05, 'gradient_clipping': 1.0}. Best is trial 13 with value: 0.9277522935779816.
[I 2026-02-04 07:07:02,237] Trial 178 finished with value: 0.9071100917431193 and parameters: {'frozen_layers': 2, 'classifier_dropout': 0.1, 'learning_rate': 0.0001, 'weight_decay': 0.0001, 'label_smoothing': 0.0, 'gradient_clipping': 2.0}. Best is trial 13 with value: 0.9277522935779816.
[I 2026-02-04 07:19:55,904] Trial 179 finished with value: 0.9094036697247706 and parameters: {'frozen_layers': 2, 'classifier_dropout': 0.4, 'learning_rate': 5e-05, 'weight_decay': 0.0001, 'label_smoothing': 0.05, 'gradient_clipping': 2.0}. Best is trial 13 with value: 0.9277522935779816.
[I 2026-02-04 07:33:08,069] Trial 180 finished with value: 0.9059633027522935 and parameters: {'frozen_layers': 0, 'classifier_dropout': 0.1, 'learning_rate': 5e-05, 'weight_decay': 1e-05, 'label_smoothing': 0.15, 'gradient_clipping': 2.0}. Best is trial 13 with value: 0.9277522935779816.
[I 2026-02-04 07:46:22,600] Trial 181 finished with value: 0.9025229357798165 and parameters: {'frozen_layers': 0, 'classifier_dropout': 0.4, 'learning_rate': 1e-05, 'weight_decay': 0.0001, 'label_smoothing': 0.1, 'gradient_clipping': 0.5}. Best is trial 13 with value: 0.9277522935779816.
[I 2026-02-04 07:59:20,314] Trial 182 finished with value: 0.9185779816513762 and parameters: {'frozen_layers': 2, 'classifier_dropout': 0.3, 'learning_rate': 1e-05, 'weight_decay': 1e-05, 'label_smoothing': 0.1, 'gradient_clipping': 0.5}. Best is trial 13 with value: 0.9277522935779816.
[I 2026-02-04 08:11:55,479] Trial 183 finished with value: 0.911697247706422 and parameters: {'frozen_layers': 4, 'classifier_dropout': 0.4, 'learning_rate': 0.0001, 'weight_decay': 1e-06, 'label_smoothing': 0.1, 'gradient_clipping': 1.5}. Best is trial 13 with value: 0.9277522935779816.
[I 2026-02-04 08:11:56,250] Trial 184 pruned. Duplicate hyper-parameters, same as those used in trial 81: {'frozen_layers': 4, 'classifier_dropout': 0.1, 'learning_rate': 1e-05, 'weight_decay': 0.0001, 'label_smoothing': 0.1, 'gradient_clipping': 1.0}.
[I 2026-02-04 08:24:31,298] Trial 185 finished with value: 0.9094036697247706 and parameters: {'frozen_layers': 4, 'classifier_dropout': 0.4, 'learning_rate': 2e-05, 'weight_decay': 0.0001, 'label_smoothing': 0.05, 'gradient_clipping': 2.0}. Best is trial 13 with value: 0.9277522935779816.
[I 2026-02-04 08:37:25,312] Trial 186 finished with value: 0.9036697247706422 and parameters: {'frozen_layers': 2, 'classifier_dropout': 0.4, 'learning_rate': 3e-05, 'weight_decay': 1e-05, 'label_smoothing': 0.1, 'gradient_clipping': 0.5}. Best is trial 13 with value: 0.9277522935779816.
[I 2026-02-04 08:50:37,177] Trial 187 finished with value: 0.9128440366972477 and parameters: {'frozen_layers': 0, 'classifier_dropout': 0.4, 'learning_rate': 3e-05, 'weight_decay': 1e-06, 'label_smoothing': 0.0, 'gradient_clipping': 1.5}. Best is trial 13 with value: 0.9277522935779816.
[I 2026-02-04 08:50:37,811] Trial 188 pruned. Duplicate hyper-parameters, same as those used in trial 56: {'frozen_layers': 6, 'classifier_dropout': 0.3, 'learning_rate': 2e-05, 'weight_decay': 0.0001, 'label_smoothing': 0.1, 'gradient_clipping': 2.0}.
[I 2026-02-04 09:03:12,515] Trial 189 finished with value: 0.9059633027522935 and parameters: {'frozen_layers': 4, 'classifier_dropout': 0.1, 'learning_rate': 3e-05, 'weight_decay': 1e-05, 'label_smoothing': 0.0, 'gradient_clipping': 1.0}. Best is trial 13 with value: 0.9277522935779816.
[I 2026-02-04 09:15:30,833] Trial 190 finished with value: 0.9128440366972477 and parameters: {'frozen_layers': 6, 'classifier_dropout': 0.2, 'learning_rate': 3e-05, 'weight_decay': 1e-05, 'label_smoothing': 0.1, 'gradient_clipping': 0.5}. Best is trial 13 with value: 0.9277522935779816.
[I 2026-02-04 09:28:26,717] Trial 191 finished with value: 0.9071100917431193 and parameters: {'frozen_layers': 2, 'classifier_dropout': 0.3, 'learning_rate': 0.0001, 'weight_decay': 0.0001, 'label_smoothing': 0.15, 'gradient_clipping': 1.0}. Best is trial 13 with value: 0.9277522935779816.
[I 2026-02-04 09:41:01,411] Trial 192 finished with value: 0.9025229357798165 and parameters: {'frozen_layers': 4, 'classifier_dropout': 0.2, 'learning_rate': 3e-05, 'weight_decay': 1e-06, 'label_smoothing': 0.05, 'gradient_clipping': 1.5}. Best is trial 13 with value: 0.9277522935779816.
[I 2026-02-04 09:54:15,551] Trial 193 finished with value: 0.9071100917431193 and parameters: {'frozen_layers': 0, 'classifier_dropout': 0.3, 'learning_rate': 5e-05, 'weight_decay': 1e-06, 'label_smoothing': 0.0, 'gradient_clipping': 0.5}. Best is trial 13 with value: 0.9277522935779816.
[I 2026-02-04 10:10:25,083] Trial 194 finished with value: 0.908256880733945 and parameters: {'frozen_layers': 4, 'classifier_dropout': 0.4, 'learning_rate': 5e-05, 'weight_decay': 1e-06, 'label_smoothing': 0.05, 'gradient_clipping': 2.0}. Best is trial 13 with value: 0.9277522935779816.
[I 2026-02-04 10:23:20,884] Trial 195 finished with value: 0.9162844036697247 and parameters: {'frozen_layers': 2, 'classifier_dropout': 0.3, 'learning_rate': 0.0001, 'weight_decay': 0.001, 'label_smoothing': 0.1, 'gradient_clipping': 1.5}. Best is trial 13 with value: 0.9277522935779816.
[I 2026-02-04 10:36:14,287] Trial 196 finished with value: 0.9128440366972477 and parameters: {'frozen_layers': 2, 'classifier_dropout': 0.2, 'learning_rate': 3e-05, 'weight_decay': 0.001, 'label_smoothing': 0.0, 'gradient_clipping': 0.5}. Best is trial 13 with value: 0.9277522935779816.
[I 2026-02-04 10:49:26,576] Trial 197 finished with value: 0.9002293577981652 and parameters: {'frozen_layers': 0, 'classifier_dropout': 0.2, 'learning_rate': 5e-05, 'weight_decay': 1e-06, 'label_smoothing': 0.15, 'gradient_clipping': 1.5}. Best is trial 13 with value: 0.9277522935779816.
[I 2026-02-04 11:02:24,891] Trial 198 finished with value: 0.9231651376146789 and parameters: {'frozen_layers': 2, 'classifier_dropout': 0.1, 'learning_rate': 1e-05, 'weight_decay': 0.0001, 'label_smoothing': 0.1, 'gradient_clipping': 1.0}. Best is trial 13 with value: 0.9277522935779816.
[I 2026-02-04 11:14:41,303] Trial 199 finished with value: 0.911697247706422 and parameters: {'frozen_layers': 6, 'classifier_dropout': 0.4, 'learning_rate': 5e-05, 'weight_decay': 1e-05, 'label_smoothing': 0.15, 'gradient_clipping': 1.5}. Best is trial 13 with value: 0.9277522935779816.
[I 2026-02-04 11:26:59,911] Trial 200 finished with value: 0.9139908256880734 and parameters: {'frozen_layers': 6, 'classifier_dropout': 0.2, 'learning_rate': 2e-05, 'weight_decay': 0.0001, 'label_smoothing': 0.15, 'gradient_clipping': 1.0}. Best is trial 13 with value: 0.9277522935779816.
[I 2026-02-04 11:45:50,641] Trial 201 finished with value: 0.911697247706422 and parameters: {'frozen_layers': 0, 'classifier_dropout': 0.3, 'learning_rate': 5e-05, 'weight_decay': 1e-06, 'label_smoothing': 0.05, 'gradient_clipping': 0.5}. Best is trial 13 with value: 0.9277522935779816.
[I 2026-02-04 11:58:06,235] Trial 202 finished with value: 0.9174311926605505 and parameters: {'frozen_layers': 6, 'classifier_dropout': 0.2, 'learning_rate': 0.0001, 'weight_decay': 1e-06, 'label_smoothing': 0.15, 'gradient_clipping': 0.5}. Best is trial 13 with value: 0.9277522935779816.
[I 2026-02-04 12:10:22,977] Trial 203 finished with value: 0.9105504587155964 and parameters: {'frozen_layers': 6, 'classifier_dropout': 0.3, 'learning_rate': 3e-05, 'weight_decay': 1e-05, 'label_smoothing': 0.15, 'gradient_clipping': 0.5}. Best is trial 13 with value: 0.9277522935779816.
[I 2026-02-04 12:23:18,190] Trial 204 finished with value: 0.8979357798165137 and parameters: {'frozen_layers': 2, 'classifier_dropout': 0.3, 'learning_rate': 0.0001, 'weight_decay': 1e-06, 'label_smoothing': 0.0, 'gradient_clipping': 1.0}. Best is trial 13 with value: 0.9277522935779816.
[I 2026-02-04 12:37:40,261] Trial 205 finished with value: 0.9197247706422018 and parameters: {'frozen_layers': 4, 'classifier_dropout': 0.3, 'learning_rate': 5e-05, 'weight_decay': 1e-06, 'label_smoothing': 0.1, 'gradient_clipping': 2.0}. Best is trial 13 with value: 0.9277522935779816.
[I 2026-02-04 12:50:55,148] Trial 206 finished with value: 0.908256880733945 and parameters: {'frozen_layers': 0, 'classifier_dropout': 0.1, 'learning_rate': 2e-05, 'weight_decay': 1e-06, 'label_smoothing': 0.05, 'gradient_clipping': 1.0}. Best is trial 13 with value: 0.9277522935779816.
[I 2026-02-04 13:03:49,522] Trial 207 finished with value: 0.9128440366972477 and parameters: {'frozen_layers': 2, 'classifier_dropout': 0.1, 'learning_rate': 3e-05, 'weight_decay': 1e-05, 'label_smoothing': 0.15, 'gradient_clipping': 2.0}. Best is trial 13 with value: 0.9277522935779816.
[I 2026-02-04 13:16:46,876] Trial 208 finished with value: 0.9231651376146789 and parameters: {'frozen_layers': 2, 'classifier_dropout': 0.3, 'learning_rate': 1e-05, 'weight_decay': 0.001, 'label_smoothing': 0.1, 'gradient_clipping': 1.0}. Best is trial 13 with value: 0.9277522935779816.
[I 2026-02-04 13:29:40,585] Trial 209 finished with value: 0.9059633027522935 and parameters: {'frozen_layers': 2, 'classifier_dropout': 0.4, 'learning_rate': 0.0001, 'weight_decay': 0.001, 'label_smoothing': 0.1, 'gradient_clipping': 0.5}. Best is trial 13 with value: 0.9277522935779816.
[I 2026-02-04 13:29:41,221] Trial 210 pruned. Duplicate hyper-parameters, same as those used in trial 11: {'frozen_layers': 2, 'classifier_dropout': 0.2, 'learning_rate': 2e-05, 'weight_decay': 1e-05, 'label_smoothing': 0.0, 'gradient_clipping': 0.5}.
[I 2026-02-04 13:42:34,150] Trial 211 finished with value: 0.9094036697247706 and parameters: {'frozen_layers': 2, 'classifier_dropout': 0.1, 'learning_rate': 2e-05, 'weight_decay': 0.001, 'label_smoothing': 0.05, 'gradient_clipping': 0.5}. Best is trial 13 with value: 0.9277522935779816.
[I 2026-02-04 13:55:08,636] Trial 212 finished with value: 0.9139908256880734 and parameters: {'frozen_layers': 4, 'classifier_dropout': 0.3, 'learning_rate': 0.0001, 'weight_decay': 0.0001, 'label_smoothing': 0.15, 'gradient_clipping': 2.0}. Best is trial 13 with value: 0.9277522935779816.
[I 2026-02-04 14:07:24,264] Trial 213 finished with value: 0.9071100917431193 and parameters: {'frozen_layers': 6, 'classifier_dropout': 0.4, 'learning_rate': 5e-05, 'weight_decay': 0.001, 'label_smoothing': 0.0, 'gradient_clipping': 0.5}. Best is trial 13 with value: 0.9277522935779816.
[I 2026-02-04 14:20:02,600] Trial 214 finished with value: 0.9128440366972477 and parameters: {'frozen_layers': 4, 'classifier_dropout': 0.3, 'learning_rate': 1e-05, 'weight_decay': 0.001, 'label_smoothing': 0.05, 'gradient_clipping': 0.5}. Best is trial 13 with value: 0.9277522935779816.
[I 2026-02-04 14:32:37,044] Trial 215 finished with value: 0.911697247706422 and parameters: {'frozen_layers': 4, 'classifier_dropout': 0.1, 'learning_rate': 3e-05, 'weight_decay': 0.001, 'label_smoothing': 0.0, 'gradient_clipping': 0.5}. Best is trial 13 with value: 0.9277522935779816.
[I 2026-02-04 14:44:51,963] Trial 216 finished with value: 0.9094036697247706 and parameters: {'frozen_layers': 6, 'classifier_dropout': 0.3, 'learning_rate': 5e-05, 'weight_decay': 1e-06, 'label_smoothing': 0.1, 'gradient_clipping': 2.0}. Best is trial 13 with value: 0.9277522935779816.
[I 2026-02-04 14:58:05,384] Trial 217 finished with value: 0.9036697247706422 and parameters: {'frozen_layers': 0, 'classifier_dropout': 0.3, 'learning_rate': 0.0001, 'weight_decay': 1e-06, 'label_smoothing': 0.1, 'gradient_clipping': 1.5}. Best is trial 13 with value: 0.9277522935779816.
[I 2026-02-04 15:10:41,819] Trial 218 finished with value: 0.911697247706422 and parameters: {'frozen_layers': 4, 'classifier_dropout': 0.3, 'learning_rate': 2e-05, 'weight_decay': 1e-05, 'label_smoothing': 0.1, 'gradient_clipping': 2.0}. Best is trial 13 with value: 0.9277522935779816.
[I 2026-02-04 15:23:39,821] Trial 219 finished with value: 0.9139908256880734 and parameters: {'frozen_layers': 2, 'classifier_dropout': 0.4, 'learning_rate': 1e-05, 'weight_decay': 1e-06, 'label_smoothing': 0.1, 'gradient_clipping': 2.0}. Best is trial 13 with value: 0.9277522935779816.
[I 2026-02-04 15:36:33,924] Trial 220 finished with value: 0.9105504587155964 and parameters: {'frozen_layers': 2, 'classifier_dropout': 0.3, 'learning_rate': 3e-05, 'weight_decay': 0.0001, 'label_smoothing': 0.05, 'gradient_clipping': 2.0}. Best is trial 13 with value: 0.9277522935779816.
[I 2026-02-04 15:49:27,974] Trial 221 finished with value: 0.908256880733945 and parameters: {'frozen_layers': 2, 'classifier_dropout': 0.3, 'learning_rate': 5e-05, 'weight_decay': 0.0001, 'label_smoothing': 0.15, 'gradient_clipping': 1.5}. Best is trial 13 with value: 0.9277522935779816.
[I 2026-02-04 16:02:05,308] Trial 222 finished with value: 0.9139908256880734 and parameters: {'frozen_layers': 4, 'classifier_dropout': 0.3, 'learning_rate': 1e-05, 'weight_decay': 1e-05, 'label_smoothing': 0.1, 'gradient_clipping': 2.0}. Best is trial 13 with value: 0.9277522935779816.
[I 2026-02-04 16:15:17,604] Trial 223 finished with value: 0.9071100917431193 and parameters: {'frozen_layers': 0, 'classifier_dropout': 0.1, 'learning_rate': 3e-05, 'weight_decay': 0.001, 'label_smoothing': 0.15, 'gradient_clipping': 1.0}. Best is trial 13 with value: 0.9277522935779816.
[I 2026-02-04 16:27:52,451] Trial 224 finished with value: 0.9071100917431193 and parameters: {'frozen_layers': 4, 'classifier_dropout': 0.4, 'learning_rate': 3e-05, 'weight_decay': 1e-05, 'label_smoothing': 0.15, 'gradient_clipping': 2.0}. Best is trial 13 with value: 0.9277522935779816.
[I 2026-02-04 16:40:07,327] Trial 225 finished with value: 0.911697247706422 and parameters: {'frozen_layers': 6, 'classifier_dropout': 0.3, 'learning_rate': 2e-05, 'weight_decay': 1e-05, 'label_smoothing': 0.05, 'gradient_clipping': 0.5}. Best is trial 13 with value: 0.9277522935779816.
[I 2026-02-04 16:52:45,053] Trial 226 finished with value: 0.9139908256880734 and parameters: {'frozen_layers': 4, 'classifier_dropout': 0.1, 'learning_rate': 1e-05, 'weight_decay': 0.0001, 'label_smoothing': 0.05, 'gradient_clipping': 2.0}. Best is trial 13 with value: 0.9277522935779816.
[I 2026-02-04 17:05:40,411] Trial 227 finished with value: 0.9094036697247706 and parameters: {'frozen_layers': 2, 'classifier_dropout': 0.3, 'learning_rate': 1e-05, 'weight_decay': 0.001, 'label_smoothing': 0.05, 'gradient_clipping': 1.0}. Best is trial 13 with value: 0.9277522935779816.
[I 2026-02-04 17:18:14,511] Trial 228 finished with value: 0.9025229357798165 and parameters: {'frozen_layers': 4, 'classifier_dropout': 0.3, 'learning_rate': 0.0001, 'weight_decay': 0.0001, 'label_smoothing': 0.0, 'gradient_clipping': 0.5}. Best is trial 13 with value: 0.9277522935779816.
[I 2026-02-04 17:31:12,391] Trial 229 finished with value: 0.908256880733945 and parameters: {'frozen_layers': 2, 'classifier_dropout': 0.3, 'learning_rate': 0.0001, 'weight_decay': 0.001, 'label_smoothing': 0.1, 'gradient_clipping': 2.0}. Best is trial 13 with value: 0.9277522935779816.
[I 2026-02-04 17:44:24,690] Trial 230 finished with value: 0.8979357798165137 and parameters: {'frozen_layers': 0, 'classifier_dropout': 0.2, 'learning_rate': 5e-05, 'weight_decay': 0.0001, 'label_smoothing': 0.1, 'gradient_clipping': 1.5}. Best is trial 13 with value: 0.9277522935779816.
[I 2026-02-04 17:56:42,173] Trial 231 finished with value: 0.9048165137614679 and parameters: {'frozen_layers': 6, 'classifier_dropout': 0.3, 'learning_rate': 1e-05, 'weight_decay': 0.0001, 'label_smoothing': 0.15, 'gradient_clipping': 2.0}. Best is trial 13 with value: 0.9277522935779816.
[I 2026-02-04 18:09:35,049] Trial 232 finished with value: 0.9025229357798165 and parameters: {'frozen_layers': 2, 'classifier_dropout': 0.3, 'learning_rate': 2e-05, 'weight_decay': 1e-06, 'label_smoothing': 0.0, 'gradient_clipping': 1.5}. Best is trial 13 with value: 0.9277522935779816.
[I 2026-02-04 18:22:08,909] Trial 233 finished with value: 0.9151376146788991 and parameters: {'frozen_layers': 4, 'classifier_dropout': 0.2, 'learning_rate': 5e-05, 'weight_decay': 0.001, 'label_smoothing': 0.1, 'gradient_clipping': 2.0}. Best is trial 13 with value: 0.9277522935779816.
[I 2026-02-04 18:34:45,458] Trial 234 finished with value: 0.911697247706422 and parameters: {'frozen_layers': 4, 'classifier_dropout': 0.4, 'learning_rate': 2e-05, 'weight_decay': 0.001, 'label_smoothing': 0.1, 'gradient_clipping': 1.0}. Best is trial 13 with value: 0.9277522935779816.
[I 2026-02-04 18:46:59,846] Trial 235 finished with value: 0.9036697247706422 and parameters: {'frozen_layers': 6, 'classifier_dropout': 0.4, 'learning_rate': 5e-05, 'weight_decay': 0.0001, 'label_smoothing': 0.0, 'gradient_clipping': 0.5}. Best is trial 13 with value: 0.9277522935779816.
[I 2026-02-04 18:59:17,372] Trial 236 finished with value: 0.9094036697247706 and parameters: {'frozen_layers': 6, 'classifier_dropout': 0.1, 'learning_rate': 2e-05, 'weight_decay': 1e-05, 'label_smoothing': 0.05, 'gradient_clipping': 1.0}. Best is trial 13 with value: 0.9277522935779816.
[I 2026-02-04 19:12:29,895] Trial 237 finished with value: 0.9025229357798165 and parameters: {'frozen_layers': 0, 'classifier_dropout': 0.3, 'learning_rate': 0.0001, 'weight_decay': 0.0001, 'label_smoothing': 0.0, 'gradient_clipping': 2.0}. Best is trial 13 with value: 0.9277522935779816.
[I 2026-02-04 19:25:25,178] Trial 238 finished with value: 0.9139908256880734 and parameters: {'frozen_layers': 2, 'classifier_dropout': 0.4, 'learning_rate': 2e-05, 'weight_decay': 0.001, 'label_smoothing': 0.15, 'gradient_clipping': 0.5}. Best is trial 13 with value: 0.9277522935779816.
[I 2026-02-04 19:38:41,887] Trial 239 finished with value: 0.9174311926605505 and parameters: {'frozen_layers': 0, 'classifier_dropout': 0.1, 'learning_rate': 1e-05, 'weight_decay': 1e-05, 'label_smoothing': 0.05, 'gradient_clipping': 2.0}. Best is trial 13 with value: 0.9277522935779816.
[I 2026-02-04 19:50:55,549] Trial 240 finished with value: 0.9048165137614679 and parameters: {'frozen_layers': 6, 'classifier_dropout': 0.2, 'learning_rate': 3e-05, 'weight_decay': 1e-06, 'label_smoothing': 0.0, 'gradient_clipping': 1.0}. Best is trial 13 with value: 0.9277522935779816.
[I 2026-02-04 20:03:09,251] Trial 241 finished with value: 0.9059633027522935 and parameters: {'frozen_layers': 6, 'classifier_dropout': 0.4, 'learning_rate': 5e-05, 'weight_decay': 1e-06, 'label_smoothing': 0.15, 'gradient_clipping': 0.5}. Best is trial 13 with value: 0.9277522935779816.
[UPDATE] 150 completed trials using a random sampler. Switching from random to TPE sampling.
[I 2026-02-04 20:03:09,884] Trial 242 pruned. Duplicate hyper-parameters, same as those used in trial 182: {'frozen_layers': 2, 'classifier_dropout': 0.3, 'learning_rate': 1e-05, 'weight_decay': 1e-05, 'label_smoothing': 0.1, 'gradient_clipping': 0.5}.
[I 2026-02-04 20:03:10,381] Trial 243 pruned. Duplicate hyper-parameters, same as those used in trial 239: {'frozen_layers': 0, 'classifier_dropout': 0.1, 'learning_rate': 1e-05, 'weight_decay': 1e-05, 'label_smoothing': 0.05, 'gradient_clipping': 2.0}.
[I 2026-02-04 20:03:10,872] Trial 244 pruned. Duplicate hyper-parameters, same as those used in trial 200: {'frozen_layers': 6, 'classifier_dropout': 0.2, 'learning_rate': 2e-05, 'weight_decay': 0.0001, 'label_smoothing': 0.15, 'gradient_clipping': 1.0}.
[I 2026-02-04 20:03:11,414] Trial 245 pruned. Duplicate hyper-parameters, same as those used in trial 208: {'frozen_layers': 2, 'classifier_dropout': 0.3, 'learning_rate': 1e-05, 'weight_decay': 0.001, 'label_smoothing': 0.1, 'gradient_clipping': 1.0}.
[I 2026-02-04 20:03:12,001] Trial 246 pruned. Duplicate hyper-parameters, same as those used in trial 176: {'frozen_layers': 0, 'classifier_dropout': 0.2, 'learning_rate': 2e-05, 'weight_decay': 1e-06, 'label_smoothing': 0.05, 'gradient_clipping': 0.5}.
[I 2026-02-04 20:03:12,566] Trial 247 pruned. Duplicate hyper-parameters, same as those used in trial 205: {'frozen_layers': 4, 'classifier_dropout': 0.3, 'learning_rate': 5e-05, 'weight_decay': 1e-06, 'label_smoothing': 0.1, 'gradient_clipping': 2.0}.
[I 2026-02-04 20:03:13,123] Trial 248 pruned. Duplicate hyper-parameters, same as those used in trial 233: {'frozen_layers': 4, 'classifier_dropout': 0.2, 'learning_rate': 5e-05, 'weight_decay': 0.001, 'label_smoothing': 0.1, 'gradient_clipping': 2.0}.
