[I 2026-02-05 08:12:56,080] Trial 327 finished with value: 0.9185779816513762 and parameters: {'frozen_layers': 2, 'classifier_dropout': 0.3, 'learning_rate': 1e-05, 'weight_decay': 0.0001, 'label_smoothing': 0.15, 'gradient_clipping': 1.0}. Best is trial 13 with value: 0.9277522935779816.
[I 2026-02-05 08:26:03,543] Trial 328 finished with value: 0.9220183486238532 and parameters: {'frozen_layers': 2, 'classifier_dropout': 0.1, 'learning_rate': 1e-05, 'weight_decay': 0.0001, 'label_smoothing': 0.15, 'gradient_clipping': 0.5}. Best is trial 13 with value: 0.9277522935779816.
[I 2026-02-05 08:39:00,873] Trial 329 finished with value: 0.9208715596330275 and parameters: {'frozen_layers': 2, 'classifier_dropout': 0.3, 'learning_rate': 1e-05, 'weight_decay': 1e-06, 'label_smoothing': 0.0, 'gradient_clipping': 1.0}. Best is trial 13 with value: 0.9277522935779816.
[I 2026-02-05 08:39:01,440] Trial 330 pruned. Duplicate hyper-parameters, same as those used in trial 328: {'frozen_layers': 2, 'classifier_dropout': 0.1, 'learning_rate': 1e-05, 'weight_decay': 0.0001, 'label_smoothing': 0.15, 'gradient_clipping': 0.5}.
[I 2026-02-05 08:51:19,064] Trial 331 finished with value: 0.9128440366972477 and parameters: {'frozen_layers': 6, 'classifier_dropout': 0.3, 'learning_rate': 1e-05, 'weight_decay': 1e-06, 'label_smoothing': 0.0, 'gradient_clipping': 0.5}. Best is trial 13 with value: 0.9277522935779816.
[I 2026-02-05 09:04:12,950] Trial 332 finished with value: 0.911697247706422 and parameters: {'frozen_layers': 2, 'classifier_dropout': 0.3, 'learning_rate': 3e-05, 'weight_decay': 0.0001, 'label_smoothing': 0.15, 'gradient_clipping': 0.5}. Best is trial 13 with value: 0.9277522935779816.
[I 2026-02-05 09:17:10,351] Trial 333 finished with value: 0.9185779816513762 and parameters: {'frozen_layers': 2, 'classifier_dropout': 0.1, 'learning_rate': 1e-05, 'weight_decay': 1e-05, 'label_smoothing': 0.0, 'gradient_clipping': 0.5}. Best is trial 13 with value: 0.9277522935779816.
[I 2026-02-05 09:30:22,784] Trial 334 finished with value: 0.9002293577981652 and parameters: {'frozen_layers': 0, 'classifier_dropout': 0.3, 'learning_rate': 3e-05, 'weight_decay': 1e-06, 'label_smoothing': 0.15, 'gradient_clipping': 0.5}. Best is trial 13 with value: 0.9277522935779816.
[I 2026-02-05 09:43:16,537] Trial 335 finished with value: 0.9013761467889908 and parameters: {'frozen_layers': 2, 'classifier_dropout': 0.1, 'learning_rate': 5e-05, 'weight_decay': 0.0001, 'label_smoothing': 0.15, 'gradient_clipping': 0.5}. Best is trial 13 with value: 0.9277522935779816.
[I 2026-02-05 09:56:10,601] Trial 336 finished with value: 0.9105504587155964 and parameters: {'frozen_layers': 2, 'classifier_dropout': 0.2, 'learning_rate': 2e-05, 'weight_decay': 0.001, 'label_smoothing': 0.1, 'gradient_clipping': 1.0}. Best is trial 13 with value: 0.9277522935779816.
[I 2026-02-05 10:09:07,730] Trial 337 finished with value: 0.9220183486238532 and parameters: {'frozen_layers': 2, 'classifier_dropout': 0.4, 'learning_rate': 1e-05, 'weight_decay': 0.0001, 'label_smoothing': 0.0, 'gradient_clipping': 2.0}. Best is trial 13 with value: 0.9277522935779816.
[I 2026-02-05 10:09:08,295] Trial 338 pruned. Duplicate hyper-parameters, same as those used in trial 337: {'frozen_layers': 2, 'classifier_dropout': 0.4, 'learning_rate': 1e-05, 'weight_decay': 0.0001, 'label_smoothing': 0.0, 'gradient_clipping': 2.0}.
[I 2026-02-05 10:22:02,913] Trial 339 finished with value: 0.9185779816513762 and parameters: {'frozen_layers': 2, 'classifier_dropout': 0.3, 'learning_rate': 1e-05, 'weight_decay': 1e-05, 'label_smoothing': 0.05, 'gradient_clipping': 2.0}. Best is trial 13 with value: 0.9277522935779816.
[I 2026-02-05 10:35:00,236] Trial 340 finished with value: 0.9231651376146789 and parameters: {'frozen_layers': 2, 'classifier_dropout': 0.1, 'learning_rate': 1e-05, 'weight_decay': 0.001, 'label_smoothing': 0.1, 'gradient_clipping': 1.0}. Best is trial 13 with value: 0.9277522935779816.
[I 2026-02-05 10:35:00,777] Trial 341 pruned. Duplicate hyper-parameters, same as those used in trial 340: {'frozen_layers': 2, 'classifier_dropout': 0.1, 'learning_rate': 1e-05, 'weight_decay': 0.001, 'label_smoothing': 0.1, 'gradient_clipping': 1.0}.
[I 2026-02-05 10:47:53,785] Trial 342 finished with value: 0.9048165137614679 and parameters: {'frozen_layers': 2, 'classifier_dropout': 0.2, 'learning_rate': 2e-05, 'weight_decay': 0.0001, 'label_smoothing': 0.0, 'gradient_clipping': 2.0}. Best is trial 13 with value: 0.9277522935779816.
[I 2026-02-05 11:01:05,548] Trial 343 finished with value: 0.9071100917431193 and parameters: {'frozen_layers': 0, 'classifier_dropout': 0.3, 'learning_rate': 5e-05, 'weight_decay': 0.0001, 'label_smoothing': 0.15, 'gradient_clipping': 1.0}. Best is trial 13 with value: 0.9277522935779816.
[I 2026-02-05 11:14:01,205] Trial 344 finished with value: 0.9162844036697247 and parameters: {'frozen_layers': 2, 'classifier_dropout': 0.1, 'learning_rate': 2e-05, 'weight_decay': 0.0001, 'label_smoothing': 0.1, 'gradient_clipping': 0.5}. Best is trial 13 with value: 0.9277522935779816.
[I 2026-02-05 11:26:57,950] Trial 345 finished with value: 0.9220183486238532 and parameters: {'frozen_layers': 2, 'classifier_dropout': 0.2, 'learning_rate': 1e-05, 'weight_decay': 1e-05, 'label_smoothing': 0.0, 'gradient_clipping': 2.0}. Best is trial 13 with value: 0.9277522935779816.
[I 2026-02-05 11:26:58,552] Trial 346 pruned. Duplicate hyper-parameters, same as those used in trial 345: {'frozen_layers': 2, 'classifier_dropout': 0.2, 'learning_rate': 1e-05, 'weight_decay': 1e-05, 'label_smoothing': 0.0, 'gradient_clipping': 2.0}.
[I 2026-02-05 11:39:55,686] Trial 347 finished with value: 0.9220183486238532 and parameters: {'frozen_layers': 2, 'classifier_dropout': 0.4, 'learning_rate': 1e-05, 'weight_decay': 1e-05, 'label_smoothing': 0.0, 'gradient_clipping': 2.0}. Best is trial 13 with value: 0.9277522935779816.
[I 2026-02-05 11:52:33,882] Trial 348 finished with value: 0.9128440366972477 and parameters: {'frozen_layers': 4, 'classifier_dropout': 0.2, 'learning_rate': 1e-05, 'weight_decay': 0.0001, 'label_smoothing': 0.15, 'gradient_clipping': 0.5}. Best is trial 13 with value: 0.9277522935779816.
[I 2026-02-05 12:05:46,386] Trial 349 finished with value: 0.911697247706422 and parameters: {'frozen_layers': 0, 'classifier_dropout': 0.1, 'learning_rate': 3e-05, 'weight_decay': 1e-06, 'label_smoothing': 0.15, 'gradient_clipping': 1.5}. Best is trial 13 with value: 0.9277522935779816.
[I 2026-02-05 12:24:41,750] Trial 350 finished with value: 0.9277522935779816 and parameters: {'frozen_layers': 0, 'classifier_dropout': 0.1, 'learning_rate': 5e-05, 'weight_decay': 0.0001, 'label_smoothing': 0.15, 'gradient_clipping': 0.5}. Best is trial 13 with value: 0.9277522935779816.
[I 2026-02-05 12:24:42,267] Trial 351 pruned. Duplicate hyper-parameters, same as those used in trial 350: {'frozen_layers': 0, 'classifier_dropout': 0.1, 'learning_rate': 5e-05, 'weight_decay': 0.0001, 'label_smoothing': 0.15, 'gradient_clipping': 0.5}.
[I 2026-02-05 12:37:16,860] Trial 352 finished with value: 0.9071100917431193 and parameters: {'frozen_layers': 4, 'classifier_dropout': 0.2, 'learning_rate': 3e-05, 'weight_decay': 1e-06, 'label_smoothing': 0.15, 'gradient_clipping': 2.0}. Best is trial 13 with value: 0.9277522935779816.
[I 2026-02-05 12:49:32,385] Trial 353 finished with value: 0.9059633027522935 and parameters: {'frozen_layers': 6, 'classifier_dropout': 0.1, 'learning_rate': 5e-05, 'weight_decay': 1e-06, 'label_smoothing': 0.15, 'gradient_clipping': 0.5}. Best is trial 13 with value: 0.9277522935779816.
[I 2026-02-05 13:02:25,791] Trial 354 finished with value: 0.9105504587155964 and parameters: {'frozen_layers': 2, 'classifier_dropout': 0.1, 'learning_rate': 2e-05, 'weight_decay': 1e-06, 'label_smoothing': 0.1, 'gradient_clipping': 1.0}. Best is trial 13 with value: 0.9277522935779816.
[I 2026-02-05 13:15:22,915] Trial 355 finished with value: 0.9220183486238532 and parameters: {'frozen_layers': 2, 'classifier_dropout': 0.3, 'learning_rate': 1e-05, 'weight_decay': 0.001, 'label_smoothing': 0.0, 'gradient_clipping': 2.0}. Best is trial 13 with value: 0.9277522935779816.
[I 2026-02-05 13:32:21,447] Trial 356 finished with value: 0.9002293577981652 and parameters: {'frozen_layers': 0, 'classifier_dropout': 0.1, 'learning_rate': 5e-05, 'weight_decay': 0.001, 'label_smoothing': 0.15, 'gradient_clipping': 0.5}. Best is trial 13 with value: 0.9277522935779816.
[I 2026-02-05 13:45:34,633] Trial 357 finished with value: 0.9002293577981652 and parameters: {'frozen_layers': 0, 'classifier_dropout': 0.2, 'learning_rate': 3e-05, 'weight_decay': 0.0001, 'label_smoothing': 0.15, 'gradient_clipping': 0.5}. Best is trial 13 with value: 0.9277522935779816.
[I 2026-02-05 13:58:51,975] Trial 358 finished with value: 0.9128440366972477 and parameters: {'frozen_layers': 0, 'classifier_dropout': 0.2, 'learning_rate': 1e-05, 'weight_decay': 0.001, 'label_smoothing': 0.1, 'gradient_clipping': 1.0}. Best is trial 13 with value: 0.9277522935779816.
[I 2026-02-05 14:11:09,495] Trial 359 finished with value: 0.9071100917431193 and parameters: {'frozen_layers': 6, 'classifier_dropout': 0.1, 'learning_rate': 1e-05, 'weight_decay': 0.0001, 'label_smoothing': 0.0, 'gradient_clipping': 2.0}. Best is trial 13 with value: 0.9277522935779816.
[I 2026-02-05 14:24:06,952] Trial 360 finished with value: 0.9231651376146789 and parameters: {'frozen_layers': 2, 'classifier_dropout': 0.4, 'learning_rate': 1e-05, 'weight_decay': 0.001, 'label_smoothing': 0.1, 'gradient_clipping': 1.0}. Best is trial 13 with value: 0.9277522935779816.
[I 2026-02-05 14:37:03,914] Trial 361 finished with value: 0.9231651376146789 and parameters: {'frozen_layers': 2, 'classifier_dropout': 0.4, 'learning_rate': 1e-05, 'weight_decay': 0.0001, 'label_smoothing': 0.1, 'gradient_clipping': 1.0}. Best is trial 13 with value: 0.9277522935779816.
[I 2026-02-05 14:37:04,532] Trial 362 pruned. Duplicate hyper-parameters, same as those used in trial 361: {'frozen_layers': 2, 'classifier_dropout': 0.4, 'learning_rate': 1e-05, 'weight_decay': 0.0001, 'label_smoothing': 0.1, 'gradient_clipping': 1.0}.
[I 2026-02-05 14:50:01,690] Trial 363 finished with value: 0.9185779816513762 and parameters: {'frozen_layers': 2, 'classifier_dropout': 0.4, 'learning_rate': 1e-05, 'weight_decay': 1e-06, 'label_smoothing': 0.1, 'gradient_clipping': 0.5}. Best is trial 13 with value: 0.9277522935779816.
[I 2026-02-05 15:03:15,480] Trial 364 finished with value: 0.9071100917431193 and parameters: {'frozen_layers': 0, 'classifier_dropout': 0.1, 'learning_rate': 5e-05, 'weight_decay': 1e-06, 'label_smoothing': 0.0, 'gradient_clipping': 0.5}. Best is trial 13 with value: 0.9277522935779816.
[I 2026-02-05 15:15:32,957] Trial 365 finished with value: 0.9025229357798165 and parameters: {'frozen_layers': 6, 'classifier_dropout': 0.3, 'learning_rate': 1e-05, 'weight_decay': 0.001, 'label_smoothing': 0.1, 'gradient_clipping': 1.0}. Best is trial 13 with value: 0.9277522935779816.
[I 2026-02-05 15:28:29,918] Trial 366 finished with value: 0.9185779816513762 and parameters: {'frozen_layers': 2, 'classifier_dropout': 0.4, 'learning_rate': 1e-05, 'weight_decay': 0.001, 'label_smoothing': 0.15, 'gradient_clipping': 1.0}. Best is trial 13 with value: 0.9277522935779816.
[I 2026-02-05 15:41:27,388] Trial 367 finished with value: 0.9185779816513762 and parameters: {'frozen_layers': 2, 'classifier_dropout': 0.4, 'learning_rate': 1e-05, 'weight_decay': 0.001, 'label_smoothing': 0.0, 'gradient_clipping': 0.5}. Best is trial 13 with value: 0.9277522935779816.
[I 2026-02-05 15:54:24,719] Trial 368 finished with value: 0.9220183486238532 and parameters: {'frozen_layers': 2, 'classifier_dropout': 0.3, 'learning_rate': 1e-05, 'weight_decay': 0.001, 'label_smoothing': 0.15, 'gradient_clipping': 0.5}. Best is trial 13 with value: 0.9277522935779816.
[I 2026-02-05 16:07:22,703] Trial 369 finished with value: 0.9174311926605505 and parameters: {'frozen_layers': 2, 'classifier_dropout': 0.3, 'learning_rate': 1e-05, 'weight_decay': 1e-06, 'label_smoothing': 0.1, 'gradient_clipping': 1.5}. Best is trial 13 with value: 0.9277522935779816.
[I 2026-02-05 16:20:20,612] Trial 370 finished with value: 0.9185779816513762 and parameters: {'frozen_layers': 2, 'classifier_dropout': 0.1, 'learning_rate': 1e-05, 'weight_decay': 0.001, 'label_smoothing': 0.1, 'gradient_clipping': 0.5}. Best is trial 13 with value: 0.9277522935779816.
[I 2026-02-05 16:33:18,099] Trial 371 finished with value: 0.9162844036697247 and parameters: {'frozen_layers': 2, 'classifier_dropout': 0.3, 'learning_rate': 1e-05, 'weight_decay': 1e-06, 'label_smoothing': 0.15, 'gradient_clipping': 2.0}. Best is trial 13 with value: 0.9277522935779816.
[I 2026-02-05 16:33:18,671] Trial 372 pruned. Duplicate hyper-parameters, same as those used in trial 360: {'frozen_layers': 2, 'classifier_dropout': 0.4, 'learning_rate': 1e-05, 'weight_decay': 0.001, 'label_smoothing': 0.1, 'gradient_clipping': 1.0}.
[I 2026-02-05 16:46:30,549] Trial 373 finished with value: 0.9059633027522935 and parameters: {'frozen_layers': 0, 'classifier_dropout': 0.3, 'learning_rate': 3e-05, 'weight_decay': 1e-06, 'label_smoothing': 0.0, 'gradient_clipping': 2.0}. Best is trial 13 with value: 0.9277522935779816.
[I 2026-02-05 16:59:43,182] Trial 374 finished with value: 0.9002293577981652 and parameters: {'frozen_layers': 0, 'classifier_dropout': 0.1, 'learning_rate': 5e-05, 'weight_decay': 0.0001, 'label_smoothing': 0.15, 'gradient_clipping': 1.5}. Best is trial 13 with value: 0.9277522935779816.
[I 2026-02-05 17:14:50,745] Trial 375 finished with value: 0.911697247706422 and parameters: {'frozen_layers': 0, 'classifier_dropout': 0.4, 'learning_rate': 1e-05, 'weight_decay': 1e-06, 'label_smoothing': 0.15, 'gradient_clipping': 1.5}. Best is trial 13 with value: 0.9277522935779816.
[I 2026-02-05 17:28:05,976] Trial 376 finished with value: 0.9094036697247706 and parameters: {'frozen_layers': 0, 'classifier_dropout': 0.4, 'learning_rate': 1e-05, 'weight_decay': 0.0001, 'label_smoothing': 0.15, 'gradient_clipping': 2.0}. Best is trial 13 with value: 0.9277522935779816.
[I 2026-02-05 17:41:19,245] Trial 377 finished with value: 0.9025229357798165 and parameters: {'frozen_layers': 0, 'classifier_dropout': 0.2, 'learning_rate': 1e-05, 'weight_decay': 1e-06, 'label_smoothing': 0.15, 'gradient_clipping': 0.5}. Best is trial 13 with value: 0.9277522935779816.
[I 2026-02-05 17:54:17,189] Trial 378 finished with value: 0.9139908256880734 and parameters: {'frozen_layers': 2, 'classifier_dropout': 0.3, 'learning_rate': 1e-05, 'weight_decay': 0.0001, 'label_smoothing': 0.1, 'gradient_clipping': 2.0}. Best is trial 13 with value: 0.9277522935779816.
[I 2026-02-05 18:09:22,383] Trial 379 finished with value: 0.9036697247706422 and parameters: {'frozen_layers': 0, 'classifier_dropout': 0.2, 'learning_rate': 3e-05, 'weight_decay': 1e-06, 'label_smoothing': 0.1, 'gradient_clipping': 0.5}. Best is trial 13 with value: 0.9277522935779816.

[UPDATE] Unbound limits: {'frozen_layers': (np.int64(0), np.int64(2)), 'classifier_dropout': (np.float64(0.1), np.float64(0.4)), 'learning_rate': (np.float64(3e-05), np.float64(0.0001)), 'weight_decay': (np.float64(1e-06), np.float64(0.001)), 'label_smoothing': (np.float64(0.1), np.float64(0.15)), 'gradient_clipping': (np.float64(0.5), np.float64(1.0))}
[I 2026-02-05 18:09:23,076] A new study created in RDB with name: SST-2-Fine-tuning-unbound
[I 2026-02-05 18:09:23,218] Trial 0 finished with value: 0.9277522935779816 and parameters: {'frozen_layers': 0, 'classifier_dropout': 0.3, 'learning_rate': 5e-05, 'weight_decay': 0.0001, 'label_smoothing': 0.15, 'gradient_clipping': 0.5}.
[I 2026-02-05 18:09:23,219] Trial 1 finished with value: 0.9277522935779816 and parameters: {'frozen_layers': 0, 'classifier_dropout': 0.1, 'learning_rate': 5e-05, 'weight_decay': 1e-06, 'label_smoothing': 0.15, 'gradient_clipping': 0.5}.
[I 2026-02-05 18:09:23,220] Trial 2 finished with value: 0.9277522935779816 and parameters: {'frozen_layers': 0, 'classifier_dropout': 0.4, 'learning_rate': 5e-05, 'weight_decay': 0.0001, 'label_smoothing': 0.15, 'gradient_clipping': 0.5}.
[I 2026-02-05 18:22:25,449] Trial 3 finished with value: 0.908256880733945 and parameters: {'frozen_layers': 1, 'classifier_dropout': 0.38521429192297485, 'learning_rate': 7.242113527908037e-05, 'weight_decay': 6.251373574521755e-05, 'label_smoothing': 0.10780093202212183, 'gradient_clipping': 0.5779972601681014}. Best is trial 0 with value: 0.9277522935779816.
[I 2026-02-05 18:35:37,850] Trial 4 finished with value: 0.911697247706422 and parameters: {'frozen_layers': 0, 'classifier_dropout': 0.3598528437324806, 'learning_rate': 6.186307704341193e-05, 'weight_decay': 0.000133112160807369, 'label_smoothing': 0.10102922471479013, 'gradient_clipping': 0.9849549260809971}. Best is trial 0 with value: 0.9277522935779816.
[I 2026-02-05 18:48:32,104] Trial 5 finished with value: 0.911697247706422 and parameters: {'frozen_layers': 2, 'classifier_dropout': 0.16370173320348286, 'learning_rate': 3.734166387809796e-05, 'weight_decay': 3.549878832196506e-06, 'label_smoothing': 0.11521211214797689, 'gradient_clipping': 0.762378215816119}. Best is trial 0 with value: 0.9277522935779816.
[I 2026-02-05 19:01:35,532] Trial 6 finished with value: 0.9139908256880734 and parameters: {'frozen_layers': 1, 'classifier_dropout': 0.1873687420594126, 'learning_rate': 6.266804240273477e-05, 'weight_decay': 2.62108787826544e-06, 'label_smoothing': 0.11460723242676091, 'gradient_clipping': 0.6831809216468459}. Best is trial 0 with value: 0.9277522935779816.
[I 2026-02-05 19:18:20,598] Trial 7 finished with value: 0.908256880733945 and parameters: {'frozen_layers': 1, 'classifier_dropout': 0.33555278841790415, 'learning_rate': 3.815280135767074e-05, 'weight_decay': 3.489018845491386e-05, 'label_smoothing': 0.12962072844310213, 'gradient_clipping': 0.5232252063599989}. Best is trial 0 with value: 0.9277522935779816.
[I 2026-02-05 19:31:24,713] Trial 8 finished with value: 0.9013761467889908 and parameters: {'frozen_layers': 1, 'classifier_dropout': 0.15115723710618748, 'learning_rate': 3.24440715159472e-05, 'weight_decay': 0.0007025166339242157, 'label_smoothing': 0.14828160165372795, 'gradient_clipping': 0.9041986740582306}. Best is trial 0 with value: 0.9277522935779816.
[I 2026-02-05 19:44:37,276] Trial 9 finished with value: 0.8910550458715596 and parameters: {'frozen_layers': 0, 'classifier_dropout': 0.12930163420191518, 'learning_rate': 6.837418474664327e-05, 'weight_decay': 2.091498132903561e-05, 'label_smoothing': 0.10610191174223894, 'gradient_clipping': 0.7475884550556351}. Best is trial 0 with value: 0.9277522935779816.
[I 2026-02-05 19:57:52,679] Trial 10 finished with value: 0.9231651376146789 and parameters: {'frozen_layers': 0, 'classifier_dropout': 0.37279612062363465, 'learning_rate': 4.0966777846609044e-05, 'weight_decay': 9.717775305059631e-05, 'label_smoothing': 0.11558555380447055, 'gradient_clipping': 0.7600340105889054}. Best is trial 0 with value: 0.9277522935779816.
[I 2026-02-05 20:10:57,349] Trial 11 finished with value: 0.8956422018348624 and parameters: {'frozen_layers': 1, 'classifier_dropout': 0.15545633665765812, 'learning_rate': 9.640430950087086e-05, 'weight_decay': 0.00021154290797261214, 'label_smoothing': 0.14697494707820946, 'gradient_clipping': 0.9474136752138245}. Best is trial 0 with value: 0.9277522935779816.
[I 2026-02-05 20:23:59,915] Trial 12 finished with value: 0.9048165137614679 and parameters: {'frozen_layers': 1, 'classifier_dropout': 0.37656227050693514, 'learning_rate': 3.337275830320425e-05, 'weight_decay': 3.87211803217458e-06, 'label_smoothing': 0.10226136444552691, 'gradient_clipping': 0.6626651653816322}. Best is trial 0 with value: 0.9277522935779816.
[I 2026-02-05 20:37:15,696] Trial 13 finished with value: 0.9105504587155964 and parameters: {'frozen_layers': 0, 'classifier_dropout': 0.10323326794455621, 'learning_rate': 4.590659433027262e-05, 'weight_decay': 4.756328813430506e-06, 'label_smoothing': 0.14403863846031814, 'gradient_clipping': 0.5188056584205858}. Best is trial 0 with value: 0.9277522935779816.
[I 2026-02-05 20:50:29,538] Trial 14 finished with value: 0.9048165137614679 and parameters: {'frozen_layers': 0, 'classifier_dropout': 0.1152185612200674, 'learning_rate': 8.679428868660393e-05, 'weight_decay': 1.7247302392660699e-06, 'label_smoothing': 0.1380243636823944, 'gradient_clipping': 0.628482870937032}. Best is trial 0 with value: 0.9277522935779816.
[I 2026-02-05 21:05:36,201] Trial 15 finished with value: 0.8990825688073395 and parameters: {'frozen_layers': 0, 'classifier_dropout': 0.20831461619658356, 'learning_rate': 3.481352319428066e-05, 'weight_decay': 0.0001820190835935607, 'label_smoothing': 0.1400118116230348, 'gradient_clipping': 0.5568753515937281}. Best is trial 0 with value: 0.9277522935779816.
[I 2026-02-05 21:18:51,155] Trial 16 finished with value: 0.911697247706422 and parameters: {'frozen_layers': 0, 'classifier_dropout': 0.24964802652133938, 'learning_rate': 5.184470426041508e-05, 'weight_decay': 2.221583431954408e-06, 'label_smoothing': 0.14394186301105136, 'gradient_clipping': 0.5201458114684033}. Best is trial 0 with value: 0.9277522935779816.
[I 2026-02-05 21:32:05,890] Trial 17 finished with value: 0.8990825688073395 and parameters: {'frozen_layers': 0, 'classifier_dropout': 0.2648264334483104, 'learning_rate': 9.021177009453025e-05, 'weight_decay': 8.220611810810888e-05, 'label_smoothing': 0.1431450165208615, 'gradient_clipping': 0.5395783825690242}. Best is trial 0 with value: 0.9277522935779816.
