SLURM NODE: kn058
[I 2026-02-12 05:41:54,504] A new study created in RDB with name: R8-Fine-tuning
[I 2026-02-12 06:06:20,879] Trial 0 finished with value: 0.9448486780296099 and parameters: {'batch_size': 32, 'frozen_layers': 0, 'classifier_dropout': 0.1, 'learning_rate': 1e-05, 'weight_decay': 1e-05}. Best is trial 0 with value: 0.9448486780296099.
[I 2026-02-12 06:29:54,393] Trial 1 finished with value: 0.9135508216601953 and parameters: {'batch_size': 16, 'frozen_layers': 4, 'classifier_dropout': 0.4, 'learning_rate': 5e-05, 'weight_decay': 0.0001}. Best is trial 0 with value: 0.9448486780296099.
[I 2026-02-12 06:51:45,271] Trial 2 finished with value: 0.9233746565486969 and parameters: {'batch_size': 32, 'frozen_layers': 0, 'classifier_dropout': 0.4, 'learning_rate': 2e-05, 'weight_decay': 0.001}. Best is trial 0 with value: 0.9448486780296099.
[I 2026-02-12 07:10:01,178] Trial 3 finished with value: 0.9317330385118411 and parameters: {'batch_size': 64, 'frozen_layers': 4, 'classifier_dropout': 0.3, 'learning_rate': 3e-05, 'weight_decay': 1e-06}. Best is trial 0 with value: 0.9448486780296099.
[I 2026-02-12 07:32:59,151] Trial 4 finished with value: 0.9541186023841997 and parameters: {'batch_size': 16, 'frozen_layers': 6, 'classifier_dropout': 0.2, 'learning_rate': 5e-05, 'weight_decay': 1e-06}. Best is trial 4 with value: 0.9541186023841997.
[I 2026-02-12 07:54:15,433] Trial 5 finished with value: 0.9443968998704897 and parameters: {'batch_size': 32, 'frozen_layers': 2, 'classifier_dropout': 0.1, 'learning_rate': 2e-05, 'weight_decay': 0.0001}. Best is trial 4 with value: 0.9541186023841997.
[I 2026-02-12 08:12:16,881] Trial 6 finished with value: 0.9227852309721125 and parameters: {'batch_size': 32, 'frozen_layers': 6, 'classifier_dropout': 0.1, 'learning_rate': 5e-05, 'weight_decay': 0.001}. Best is trial 4 with value: 0.9541186023841997.
[I 2026-02-12 08:35:15,217] Trial 7 finished with value: 0.9541186023841997 and parameters: {'batch_size': 16, 'frozen_layers': 6, 'classifier_dropout': 0.4, 'learning_rate': 5e-05, 'weight_decay': 1e-05}. Best is trial 4 with value: 0.9541186023841997.
[I 2026-02-12 08:58:00,249] Trial 8 finished with value: 0.9443988442209437 and parameters: {'batch_size': 64, 'frozen_layers': 4, 'classifier_dropout': 0.4, 'learning_rate': 5e-05, 'weight_decay': 0.0001}. Best is trial 4 with value: 0.9541186023841997.
[I 2026-02-12 09:21:58,320] Trial 9 finished with value: 0.9442388455429072 and parameters: {'batch_size': 64, 'frozen_layers': 0, 'classifier_dropout': 0.1, 'learning_rate': 2e-05, 'weight_decay': 1e-05}. Best is trial 4 with value: 0.9541186023841997.
[I 2026-02-12 09:43:15,902] Trial 10 finished with value: 0.9491314921946474 and parameters: {'batch_size': 16, 'frozen_layers': 0, 'classifier_dropout': 0.1, 'learning_rate': 5e-05, 'weight_decay': 0.001}. Best is trial 4 with value: 0.9541186023841997.
[I 2026-02-12 10:06:10,580] Trial 11 finished with value: 0.9326349334120193 and parameters: {'batch_size': 16, 'frozen_layers': 6, 'classifier_dropout': 0.2, 'learning_rate': 0.0001, 'weight_decay': 0.0001}. Best is trial 4 with value: 0.9541186023841997.
[I 2026-02-12 10:27:02,959] Trial 12 finished with value: 0.9371284874805463 and parameters: {'batch_size': 32, 'frozen_layers': 4, 'classifier_dropout': 0.1, 'learning_rate': 2e-05, 'weight_decay': 1e-06}. Best is trial 4 with value: 0.9541186023841997.
[I 2026-02-12 10:50:40,169] Trial 13 finished with value: 0.9441542381335614 and parameters: {'batch_size': 32, 'frozen_layers': 2, 'classifier_dropout': 0.4, 'learning_rate': 3e-05, 'weight_decay': 1e-06}. Best is trial 4 with value: 0.9541186023841997.
[I 2026-02-12 11:16:54,785] Trial 14 finished with value: 0.9467470653873824 and parameters: {'batch_size': 16, 'frozen_layers': 2, 'classifier_dropout': 0.3, 'learning_rate': 2e-05, 'weight_decay': 1e-06}. Best is trial 4 with value: 0.9541186023841997.
[I 2026-02-12 11:35:07,387] Trial 15 finished with value: 0.9317330385118411 and parameters: {'batch_size': 64, 'frozen_layers': 4, 'classifier_dropout': 0.2, 'learning_rate': 3e-05, 'weight_decay': 1e-06}. Best is trial 4 with value: 0.9541186023841997.
[I 2026-02-12 11:58:53,306] Trial 16 finished with value: 0.9447430250101778 and parameters: {'batch_size': 32, 'frozen_layers': 2, 'classifier_dropout': 0.1, 'learning_rate': 1e-05, 'weight_decay': 1e-06}. Best is trial 4 with value: 0.9541186023841997.
[I 2026-02-12 12:24:30,036] Trial 17 finished with value: 0.9444023711092158 and parameters: {'batch_size': 16, 'frozen_layers': 6, 'classifier_dropout': 0.3, 'learning_rate': 1e-05, 'weight_decay': 0.0001}. Best is trial 4 with value: 0.9541186023841997.
[I 2026-02-12 12:44:53,324] Trial 18 finished with value: 0.9249705542499799 and parameters: {'batch_size': 32, 'frozen_layers': 6, 'classifier_dropout': 0.1, 'learning_rate': 3e-05, 'weight_decay': 1e-06}. Best is trial 4 with value: 0.9541186023841997.
[I 2026-02-12 13:06:43,444] Trial 19 finished with value: 0.9406883240719004 and parameters: {'batch_size': 32, 'frozen_layers': 0, 'classifier_dropout': 0.4, 'learning_rate': 0.0001, 'weight_decay': 1e-06}. Best is trial 4 with value: 0.9541186023841997.
[I 2026-02-12 13:27:43,539] Trial 20 finished with value: 0.9371284874805463 and parameters: {'batch_size': 32, 'frozen_layers': 4, 'classifier_dropout': 0.2, 'learning_rate': 2e-05, 'weight_decay': 0.001}. Best is trial 4 with value: 0.9541186023841997.
[I 2026-02-12 13:53:54,180] Trial 21 finished with value: 0.9446313116123296 and parameters: {'batch_size': 16, 'frozen_layers': 4, 'classifier_dropout': 0.1, 'learning_rate': 1e-05, 'weight_decay': 1e-05}. Best is trial 4 with value: 0.9541186023841997.
[I 2026-02-12 14:14:16,950] Trial 22 finished with value: 0.9249705542499799 and parameters: {'batch_size': 32, 'frozen_layers': 6, 'classifier_dropout': 0.4, 'learning_rate': 3e-05, 'weight_decay': 1e-05}. Best is trial 4 with value: 0.9541186023841997.
[I 2026-02-12 14:30:43,490] Trial 23 finished with value: 0.9480570342528498 and parameters: {'batch_size': 64, 'frozen_layers': 2, 'classifier_dropout': 0.3, 'learning_rate': 0.0001, 'weight_decay': 0.0001}. Best is trial 4 with value: 0.9541186023841997.
[I 2026-02-12 14:54:03,084] Trial 24 finished with value: 0.9477636971378993 and parameters: {'batch_size': 32, 'frozen_layers': 4, 'classifier_dropout': 0.2, 'learning_rate': 1e-05, 'weight_decay': 0.001}. Best is trial 4 with value: 0.9541186023841997.
[I 2026-02-12 15:17:21,615] Trial 25 finished with value: 0.9257074145604007 and parameters: {'batch_size': 16, 'frozen_layers': 6, 'classifier_dropout': 0.2, 'learning_rate': 2e-05, 'weight_decay': 0.0001}. Best is trial 4 with value: 0.9541186023841997.
[I 2026-02-12 15:41:30,119] Trial 26 finished with value: 0.9286800583530128 and parameters: {'batch_size': 64, 'frozen_layers': 0, 'classifier_dropout': 0.3, 'learning_rate': 1e-05, 'weight_decay': 1e-06}. Best is trial 4 with value: 0.9541186023841997.
[I 2026-02-12 16:08:23,693] Trial 27 finished with value: 0.9408701090110817 and parameters: {'batch_size': 16, 'frozen_layers': 0, 'classifier_dropout': 0.3, 'learning_rate': 5e-05, 'weight_decay': 0.0001}. Best is trial 4 with value: 0.9541186023841997.
[I 2026-02-12 16:31:58,692] Trial 28 finished with value: 0.9304176094261584 and parameters: {'batch_size': 16, 'frozen_layers': 4, 'classifier_dropout': 0.2, 'learning_rate': 0.0001, 'weight_decay': 1e-05}. Best is trial 4 with value: 0.9541186023841997.
[I 2026-02-12 16:55:41,892] Trial 29 finished with value: 0.9601642065108841 and parameters: {'batch_size': 32, 'frozen_layers': 2, 'classifier_dropout': 0.3, 'learning_rate': 5e-05, 'weight_decay': 1e-06}. Best is trial 29 with value: 0.9601642065108841.
[I 2026-02-12 17:11:59,929] Trial 30 finished with value: 0.8805778649371208 and parameters: {'batch_size': 32, 'frozen_layers': 4, 'classifier_dropout': 0.3, 'learning_rate': 0.0001, 'weight_decay': 0.0001}. Best is trial 29 with value: 0.9601642065108841.
[I 2026-02-12 17:35:35,125] Trial 31 finished with value: 0.9321142270199857 and parameters: {'batch_size': 64, 'frozen_layers': 2, 'classifier_dropout': 0.1, 'learning_rate': 1e-05, 'weight_decay': 1e-06}. Best is trial 29 with value: 0.9601642065108841.
[I 2026-02-12 17:56:31,281] Trial 32 finished with value: 0.9302855934519048 and parameters: {'batch_size': 32, 'frozen_layers': 4, 'classifier_dropout': 0.2, 'learning_rate': 3e-05, 'weight_decay': 0.0001}. Best is trial 29 with value: 0.9601642065108841.
[I 2026-02-12 18:14:36,048] Trial 33 finished with value: 0.9289669756995995 and parameters: {'batch_size': 32, 'frozen_layers': 6, 'classifier_dropout': 0.3, 'learning_rate': 0.0001, 'weight_decay': 0.0001}. Best is trial 29 with value: 0.9601642065108841.
[I 2026-02-12 18:35:52,543] Trial 34 finished with value: 0.9423729062522646 and parameters: {'batch_size': 16, 'frozen_layers': 2, 'classifier_dropout': 0.2, 'learning_rate': 0.0001, 'weight_decay': 1e-05}. Best is trial 29 with value: 0.9601642065108841.
[I 2026-02-12 18:59:16,974] Trial 35 finished with value: 0.9304176094261584 and parameters: {'batch_size': 16, 'frozen_layers': 4, 'classifier_dropout': 0.1, 'learning_rate': 0.0001, 'weight_decay': 1e-05}. Best is trial 29 with value: 0.9601642065108841.
[I 2026-02-12 18:59:17,379] Trial 36 pruned. Duplicate hyper-parameters, same as those used in trial 35: {'batch_size': 16, 'frozen_layers': 4, 'classifier_dropout': 0.1, 'learning_rate': 0.0001, 'weight_decay': 1e-05}.
[I 2026-02-12 19:22:18,483] Trial 37 finished with value: 0.9246770402453545 and parameters: {'batch_size': 64, 'frozen_layers': 4, 'classifier_dropout': 0.2, 'learning_rate': 1e-05, 'weight_decay': 0.0001}. Best is trial 29 with value: 0.9601642065108841.
[I 2026-02-12 19:45:06,040] Trial 38 finished with value: 0.9373288440903089 and parameters: {'batch_size': 32, 'frozen_layers': 6, 'classifier_dropout': 0.1, 'learning_rate': 1e-05, 'weight_decay': 1e-05}. Best is trial 29 with value: 0.9601642065108841.
[I 2026-02-12 20:08:37,932] Trial 39 finished with value: 0.9304176094261584 and parameters: {'batch_size': 16, 'frozen_layers': 4, 'classifier_dropout': 0.3, 'learning_rate': 0.0001, 'weight_decay': 1e-06}. Best is trial 29 with value: 0.9601642065108841.
[I 2026-02-12 20:34:33,551] Trial 40 finished with value: 0.939560431245253 and parameters: {'batch_size': 16, 'frozen_layers': 6, 'classifier_dropout': 0.4, 'learning_rate': 3e-05, 'weight_decay': 1e-06}. Best is trial 29 with value: 0.9601642065108841.
[I 2026-02-12 20:58:12,051] Trial 41 finished with value: 0.9135508216601953 and parameters: {'batch_size': 16, 'frozen_layers': 4, 'classifier_dropout': 0.2, 'learning_rate': 5e-05, 'weight_decay': 1e-06}. Best is trial 29 with value: 0.9601642065108841.
[I 2026-02-12 21:22:41,979] Trial 42 finished with value: 0.9478528346860849 and parameters: {'batch_size': 32, 'frozen_layers': 0, 'classifier_dropout': 0.1, 'learning_rate': 3e-05, 'weight_decay': 0.0001}. Best is trial 29 with value: 0.9601642065108841.
[I 2026-02-12 21:48:59,273] Trial 43 finished with value: 0.9359898309068413 and parameters: {'batch_size': 16, 'frozen_layers': 4, 'classifier_dropout': 0.3, 'learning_rate': 2e-05, 'weight_decay': 1e-06}. Best is trial 29 with value: 0.9601642065108841.
[I 2026-02-12 22:12:54,359] Trial 44 finished with value: 0.9447430250101778 and parameters: {'batch_size': 32, 'frozen_layers': 2, 'classifier_dropout': 0.4, 'learning_rate': 1e-05, 'weight_decay': 1e-05}. Best is trial 29 with value: 0.9601642065108841.
[I 2026-02-12 22:39:05,784] Trial 45 finished with value: 0.9359898309068413 and parameters: {'batch_size': 16, 'frozen_layers': 4, 'classifier_dropout': 0.4, 'learning_rate': 2e-05, 'weight_decay': 1e-05}. Best is trial 29 with value: 0.9601642065108841.
[I 2026-02-12 23:03:22,532] Trial 46 finished with value: 0.9442388455429072 and parameters: {'batch_size': 64, 'frozen_layers': 0, 'classifier_dropout': 0.2, 'learning_rate': 2e-05, 'weight_decay': 1e-05}. Best is trial 29 with value: 0.9601642065108841.
[I 2026-02-12 23:27:32,099] Trial 47 finished with value: 0.941386042668944 and parameters: {'batch_size': 64, 'frozen_layers': 0, 'classifier_dropout': 0.1, 'learning_rate': 3e-05, 'weight_decay': 0.001}. Best is trial 29 with value: 0.9601642065108841.
[I 2026-02-12 23:50:23,978] Trial 48 finished with value: 0.9373288440903089 and parameters: {'batch_size': 32, 'frozen_layers': 6, 'classifier_dropout': 0.4, 'learning_rate': 1e-05, 'weight_decay': 0.001}. Best is trial 29 with value: 0.9601642065108841.
[I 2026-02-13 00:14:21,613] Trial 49 finished with value: 0.9447430250101778 and parameters: {'batch_size': 32, 'frozen_layers': 2, 'classifier_dropout': 0.3, 'learning_rate': 1e-05, 'weight_decay': 0.0001}. Best is trial 29 with value: 0.9601642065108841.
[I 2026-02-13 00:37:55,809] Trial 50 finished with value: 0.9321142270199857 and parameters: {'batch_size': 64, 'frozen_layers': 2, 'classifier_dropout': 0.1, 'learning_rate': 1e-05, 'weight_decay': 0.0001}. Best is trial 29 with value: 0.9601642065108841.
[UPDATE] 50 completed trials using a random sampler. Switching from random to TPE sampling.
[I 2026-02-13 00:37:56,310] Trial 51 pruned. Duplicate hyper-parameters, same as those used in trial 10: {'batch_size': 16, 'frozen_layers': 0, 'classifier_dropout': 0.1, 'learning_rate': 5e-05, 'weight_decay': 0.001}.
[I 2026-02-13 00:37:56,800] Trial 52 pruned. Duplicate hyper-parameters, same as those used in trial 29: {'batch_size': 32, 'frozen_layers': 2, 'classifier_dropout': 0.3, 'learning_rate': 5e-05, 'weight_decay': 1e-06}.
[I 2026-02-13 00:37:57,295] Trial 53 pruned. Duplicate hyper-parameters, same as those used in trial 7: {'batch_size': 16, 'frozen_layers': 6, 'classifier_dropout': 0.4, 'learning_rate': 5e-05, 'weight_decay': 1e-05}.
[I 2026-02-13 00:59:00,503] Trial 54 finished with value: 0.9418962288068207 and parameters: {'batch_size': 64, 'frozen_layers': 2, 'classifier_dropout': 0.3, 'learning_rate': 0.0001, 'weight_decay': 0.001}. Best is trial 29 with value: 0.9601642065108841.
[I 2026-02-13 00:59:00,953] Trial 55 pruned. Duplicate hyper-parameters, same as those used in trial 23: {'batch_size': 64, 'frozen_layers': 2, 'classifier_dropout': 0.3, 'learning_rate': 0.0001, 'weight_decay': 0.0001}.
[I 2026-02-13 00:59:01,474] Trial 56 pruned. Duplicate hyper-parameters, same as those used in trial 42: {'batch_size': 32, 'frozen_layers': 0, 'classifier_dropout': 0.1, 'learning_rate': 3e-05, 'weight_decay': 0.0001}.
[I 2026-02-13 01:22:12,088] Trial 57 finished with value: 0.9541186023841997 and parameters: {'batch_size': 16, 'frozen_layers': 6, 'classifier_dropout': 0.2, 'learning_rate': 5e-05, 'weight_decay': 1e-05}. Best is trial 29 with value: 0.9601642065108841.
[I 2026-02-13 01:22:12,645] Trial 58 pruned. Duplicate hyper-parameters, same as those used in trial 57: {'batch_size': 16, 'frozen_layers': 6, 'classifier_dropout': 0.2, 'learning_rate': 5e-05, 'weight_decay': 1e-05}.
[I 2026-02-13 01:22:13,157] Trial 59 pruned. Duplicate hyper-parameters, same as those used in trial 4: {'batch_size': 16, 'frozen_layers': 6, 'classifier_dropout': 0.2, 'learning_rate': 5e-05, 'weight_decay': 1e-06}.
[I 2026-02-13 01:48:05,051] Trial 60 finished with value: 0.9597036367989384 and parameters: {'batch_size': 16, 'frozen_layers': 6, 'classifier_dropout': 0.3, 'learning_rate': 5e-05, 'weight_decay': 0.001}. Best is trial 29 with value: 0.9601642065108841.
[I 2026-02-13 02:06:10,263] Trial 61 finished with value: 0.9227852309721125 and parameters: {'batch_size': 32, 'frozen_layers': 6, 'classifier_dropout': 0.3, 'learning_rate': 5e-05, 'weight_decay': 0.001}. Best is trial 29 with value: 0.9601642065108841.
[I 2026-02-13 02:32:10,572] Trial 62 finished with value: 0.9597036367989384 and parameters: {'batch_size': 16, 'frozen_layers': 6, 'classifier_dropout': 0.4, 'learning_rate': 5e-05, 'weight_decay': 0.001}. Best is trial 29 with value: 0.9601642065108841.
[I 2026-02-13 02:32:11,044] Trial 63 pruned. Duplicate hyper-parameters, same as those used in trial 62: {'batch_size': 16, 'frozen_layers': 6, 'classifier_dropout': 0.4, 'learning_rate': 5e-05, 'weight_decay': 0.001}.
[I 2026-02-13 02:58:01,828] Trial 64 finished with value: 0.939560431245253 and parameters: {'batch_size': 16, 'frozen_layers': 6, 'classifier_dropout': 0.3, 'learning_rate': 3e-05, 'weight_decay': 0.001}. Best is trial 29 with value: 0.9601642065108841.
[I 2026-02-13 03:19:31,235] Trial 65 finished with value: 0.9491314921946474 and parameters: {'batch_size': 16, 'frozen_layers': 0, 'classifier_dropout': 0.3, 'learning_rate': 5e-05, 'weight_decay': 0.001}. Best is trial 29 with value: 0.9601642065108841.
[I 2026-02-13 03:37:21,672] Trial 66 finished with value: 0.9483791434645001 and parameters: {'batch_size': 64, 'frozen_layers': 6, 'classifier_dropout': 0.3, 'learning_rate': 5e-05, 'weight_decay': 1e-05}. Best is trial 29 with value: 0.9601642065108841.
[I 2026-02-13 04:04:03,829] Trial 67 finished with value: 0.9454498440700241 and parameters: {'batch_size': 16, 'frozen_layers': 2, 'classifier_dropout': 0.2, 'learning_rate': 5e-05, 'weight_decay': 0.001}. Best is trial 29 with value: 0.9601642065108841.
[I 2026-02-13 04:28:32,367] Trial 68 finished with value: 0.9556219881677839 and parameters: {'batch_size': 16, 'frozen_layers': 0, 'classifier_dropout': 0.2, 'learning_rate': 1e-05, 'weight_decay': 0.001}. Best is trial 29 with value: 0.9601642065108841.
[I 2026-02-13 04:28:32,891] Trial 69 pruned. Duplicate hyper-parameters, same as those used in trial 68: {'batch_size': 16, 'frozen_layers': 0, 'classifier_dropout': 0.2, 'learning_rate': 1e-05, 'weight_decay': 0.001}.
[I 2026-02-13 04:28:33,370] Trial 70 pruned. Duplicate hyper-parameters, same as those used in trial 60: {'batch_size': 16, 'frozen_layers': 6, 'classifier_dropout': 0.3, 'learning_rate': 5e-05, 'weight_decay': 0.001}.
[I 2026-02-13 04:53:05,386] Trial 71 finished with value: 0.9556219881677839 and parameters: {'batch_size': 16, 'frozen_layers': 0, 'classifier_dropout': 0.4, 'learning_rate': 1e-05, 'weight_decay': 0.001}. Best is trial 29 with value: 0.9601642065108841.
[I 2026-02-13 05:17:17,803] Trial 72 finished with value: 0.9408704423132871 and parameters: {'batch_size': 16, 'frozen_layers': 0, 'classifier_dropout': 0.4, 'learning_rate': 2e-05, 'weight_decay': 0.001}. Best is trial 29 with value: 0.9601642065108841.
[I 2026-02-13 05:41:25,828] Trial 73 finished with value: 0.9556219881677839 and parameters: {'batch_size': 16, 'frozen_layers': 0, 'classifier_dropout': 0.4, 'learning_rate': 1e-05, 'weight_decay': 1e-06}. Best is trial 29 with value: 0.9601642065108841.
[I 2026-02-13 06:05:20,991] Trial 74 finished with value: 0.9330991737328905 and parameters: {'batch_size': 16, 'frozen_layers': 2, 'classifier_dropout': 0.4, 'learning_rate': 1e-05, 'weight_decay': 0.001}. Best is trial 29 with value: 0.9601642065108841.
[I 2026-02-13 06:05:21,509] Trial 75 pruned. Duplicate hyper-parameters, same as those used in trial 73: {'batch_size': 16, 'frozen_layers': 0, 'classifier_dropout': 0.4, 'learning_rate': 1e-05, 'weight_decay': 1e-06}.
[I 2026-02-13 06:05:22,017] Trial 76 pruned. Duplicate hyper-parameters, same as those used in trial 71: {'batch_size': 16, 'frozen_layers': 0, 'classifier_dropout': 0.4, 'learning_rate': 1e-05, 'weight_decay': 0.001}.
[I 2026-02-13 06:26:13,829] Trial 77 finished with value: 0.9150903435593642 and parameters: {'batch_size': 16, 'frozen_layers': 4, 'classifier_dropout': 0.4, 'learning_rate': 0.0001, 'weight_decay': 0.001}. Best is trial 29 with value: 0.9601642065108841.
[I 2026-02-13 06:50:21,941] Trial 78 finished with value: 0.9556219881677839 and parameters: {'batch_size': 16, 'frozen_layers': 0, 'classifier_dropout': 0.1, 'learning_rate': 1e-05, 'weight_decay': 0.0001}. Best is trial 29 with value: 0.9601642065108841.
[I 2026-02-13 06:50:22,419] Trial 79 pruned. Duplicate hyper-parameters, same as those used in trial 78: {'batch_size': 16, 'frozen_layers': 0, 'classifier_dropout': 0.1, 'learning_rate': 1e-05, 'weight_decay': 0.0001}.
[I 2026-02-13 07:11:49,124] Trial 80 finished with value: 0.9429683273722229 and parameters: {'batch_size': 16, 'frozen_layers': 0, 'classifier_dropout': 0.4, 'learning_rate': 3e-05, 'weight_decay': 0.0001}. Best is trial 29 with value: 0.9601642065108841.
[I 2026-02-13 07:36:11,273] Trial 81 finished with value: 0.9448486780296099 and parameters: {'batch_size': 32, 'frozen_layers': 0, 'classifier_dropout': 0.1, 'learning_rate': 1e-05, 'weight_decay': 0.001}. Best is trial 29 with value: 0.9601642065108841.
[I 2026-02-13 08:00:19,351] Trial 82 finished with value: 0.9286800583530128 and parameters: {'batch_size': 64, 'frozen_layers': 0, 'classifier_dropout': 0.4, 'learning_rate': 1e-05, 'weight_decay': 0.0001}. Best is trial 29 with value: 0.9601642065108841.
[I 2026-02-13 08:24:21,758] Trial 83 finished with value: 0.9556219881677839 and parameters: {'batch_size': 16, 'frozen_layers': 0, 'classifier_dropout': 0.2, 'learning_rate': 1e-05, 'weight_decay': 1e-06}. Best is trial 29 with value: 0.9601642065108841.
[I 2026-02-13 08:46:07,650] Trial 84 finished with value: 0.9429683273722229 and parameters: {'batch_size': 16, 'frozen_layers': 0, 'classifier_dropout': 0.2, 'learning_rate': 3e-05, 'weight_decay': 1e-06}. Best is trial 29 with value: 0.9601642065108841.
[I 2026-02-13 09:10:29,446] Trial 85 finished with value: 0.9408704423132871 and parameters: {'batch_size': 16, 'frozen_layers': 0, 'classifier_dropout': 0.2, 'learning_rate': 2e-05, 'weight_decay': 1e-06}. Best is trial 29 with value: 0.9601642065108841.
[I 2026-02-13 09:10:29,901] Trial 86 pruned. Duplicate hyper-parameters, same as those used in trial 83: {'batch_size': 16, 'frozen_layers': 0, 'classifier_dropout': 0.2, 'learning_rate': 1e-05, 'weight_decay': 1e-06}.
