SLURM NODE: kn064
[I 2026-02-12 05:41:54,327] A new study created in RDB with name: Ohsumed-Fine-tuning
[I 2026-02-12 05:58:26,537] Trial 0 finished with value: 0.5004193368992597 and parameters: {'batch_size': 32, 'frozen_layers': 0, 'classifier_dropout': 0.1, 'learning_rate': 1e-05, 'weight_decay': 1e-05}. Best is trial 0 with value: 0.5004193368992597.
[I 2026-02-12 06:15:28,112] Trial 1 finished with value: 0.6170400849565799 and parameters: {'batch_size': 16, 'frozen_layers': 4, 'classifier_dropout': 0.4, 'learning_rate': 5e-05, 'weight_decay': 0.0001}. Best is trial 1 with value: 0.6170400849565799.
[I 2026-02-12 06:31:46,833] Trial 2 finished with value: 0.6095475912404839 and parameters: {'batch_size': 32, 'frozen_layers': 0, 'classifier_dropout': 0.4, 'learning_rate': 2e-05, 'weight_decay': 0.001}. Best is trial 1 with value: 0.6170400849565799.
[I 2026-02-12 06:47:00,626] Trial 3 finished with value: 0.5529430016283152 and parameters: {'batch_size': 64, 'frozen_layers': 4, 'classifier_dropout': 0.3, 'learning_rate': 3e-05, 'weight_decay': 1e-06}. Best is trial 1 with value: 0.6170400849565799.
[I 2026-02-12 07:03:48,691] Trial 4 finished with value: 0.6400454473877035 and parameters: {'batch_size': 16, 'frozen_layers': 6, 'classifier_dropout': 0.2, 'learning_rate': 5e-05, 'weight_decay': 1e-06}. Best is trial 4 with value: 0.6400454473877035.
[I 2026-02-12 07:19:37,613] Trial 5 finished with value: 0.5844285232842047 and parameters: {'batch_size': 32, 'frozen_layers': 2, 'classifier_dropout': 0.1, 'learning_rate': 2e-05, 'weight_decay': 0.0001}. Best is trial 4 with value: 0.6400454473877035.
[I 2026-02-12 07:34:30,807] Trial 6 finished with value: 0.600030179032105 and parameters: {'batch_size': 32, 'frozen_layers': 6, 'classifier_dropout': 0.1, 'learning_rate': 5e-05, 'weight_decay': 0.001}. Best is trial 4 with value: 0.6400454473877035.
[I 2026-02-12 07:51:19,034] Trial 7 finished with value: 0.6400454473877035 and parameters: {'batch_size': 16, 'frozen_layers': 6, 'classifier_dropout': 0.4, 'learning_rate': 5e-05, 'weight_decay': 1e-05}. Best is trial 4 with value: 0.6400454473877035.
[I 2026-02-12 08:06:29,795] Trial 8 finished with value: 0.6108837746390655 and parameters: {'batch_size': 64, 'frozen_layers': 4, 'classifier_dropout': 0.4, 'learning_rate': 5e-05, 'weight_decay': 0.0001}. Best is trial 4 with value: 0.6400454473877035.
[I 2026-02-12 08:22:29,282] Trial 9 finished with value: 0.5620963369708595 and parameters: {'batch_size': 64, 'frozen_layers': 0, 'classifier_dropout': 0.1, 'learning_rate': 2e-05, 'weight_decay': 1e-05}. Best is trial 4 with value: 0.6400454473877035.
[I 2026-02-12 08:38:16,358] Trial 10 finished with value: 0.6029489141417983 and parameters: {'batch_size': 16, 'frozen_layers': 0, 'classifier_dropout': 0.1, 'learning_rate': 5e-05, 'weight_decay': 0.001}. Best is trial 4 with value: 0.6400454473877035.
[I 2026-02-12 08:51:42,576] Trial 11 finished with value: 0.5539950569843328 and parameters: {'batch_size': 16, 'frozen_layers': 6, 'classifier_dropout': 0.2, 'learning_rate': 0.0001, 'weight_decay': 0.0001}. Best is trial 4 with value: 0.6400454473877035.
[I 2026-02-12 09:07:06,636] Trial 12 finished with value: 0.5485587824454679 and parameters: {'batch_size': 32, 'frozen_layers': 4, 'classifier_dropout': 0.1, 'learning_rate': 2e-05, 'weight_decay': 1e-06}. Best is trial 4 with value: 0.6400454473877035.
[I 2026-02-12 09:22:48,038] Trial 13 finished with value: 0.6093332959608808 and parameters: {'batch_size': 32, 'frozen_layers': 2, 'classifier_dropout': 0.4, 'learning_rate': 3e-05, 'weight_decay': 1e-06}. Best is trial 4 with value: 0.6400454473877035.
[I 2026-02-12 09:40:08,519] Trial 14 finished with value: 0.6451523198126795 and parameters: {'batch_size': 16, 'frozen_layers': 2, 'classifier_dropout': 0.3, 'learning_rate': 2e-05, 'weight_decay': 1e-06}. Best is trial 14 with value: 0.6451523198126795.
[I 2026-02-12 09:55:21,100] Trial 15 finished with value: 0.5529430016283152 and parameters: {'batch_size': 64, 'frozen_layers': 4, 'classifier_dropout': 0.2, 'learning_rate': 3e-05, 'weight_decay': 1e-06}. Best is trial 14 with value: 0.6451523198126795.
[I 2026-02-12 10:11:11,385] Trial 16 finished with value: 0.4725373579910632 and parameters: {'batch_size': 32, 'frozen_layers': 2, 'classifier_dropout': 0.1, 'learning_rate': 1e-05, 'weight_decay': 1e-06}. Best is trial 14 with value: 0.6451523198126795.
[I 2026-02-12 10:28:05,937] Trial 17 finished with value: 0.5077842898947411 and parameters: {'batch_size': 16, 'frozen_layers': 6, 'classifier_dropout': 0.3, 'learning_rate': 1e-05, 'weight_decay': 0.0001}. Best is trial 14 with value: 0.6451523198126795.
[I 2026-02-12 10:43:02,777] Trial 18 finished with value: 0.5777924551065529 and parameters: {'batch_size': 32, 'frozen_layers': 6, 'classifier_dropout': 0.1, 'learning_rate': 3e-05, 'weight_decay': 1e-06}. Best is trial 14 with value: 0.6451523198126795.
[I 2026-02-12 10:59:03,732] Trial 19 finished with value: 0.6306930503014216 and parameters: {'batch_size': 32, 'frozen_layers': 0, 'classifier_dropout': 0.4, 'learning_rate': 0.0001, 'weight_decay': 1e-06}. Best is trial 14 with value: 0.6451523198126795.
[I 2026-02-12 11:14:32,677] Trial 20 finished with value: 0.5485587824454679 and parameters: {'batch_size': 32, 'frozen_layers': 4, 'classifier_dropout': 0.2, 'learning_rate': 2e-05, 'weight_decay': 0.001}. Best is trial 14 with value: 0.6451523198126795.
[I 2026-02-12 11:31:49,005] Trial 21 finished with value: 0.5147700048280713 and parameters: {'batch_size': 16, 'frozen_layers': 4, 'classifier_dropout': 0.1, 'learning_rate': 1e-05, 'weight_decay': 1e-05}. Best is trial 14 with value: 0.6451523198126795.
[I 2026-02-12 11:46:57,389] Trial 22 finished with value: 0.5777924551065529 and parameters: {'batch_size': 32, 'frozen_layers': 6, 'classifier_dropout': 0.4, 'learning_rate': 3e-05, 'weight_decay': 1e-05}. Best is trial 14 with value: 0.6451523198126795.
[I 2026-02-12 12:02:33,479] Trial 23 finished with value: 0.6386969245149566 and parameters: {'batch_size': 64, 'frozen_layers': 2, 'classifier_dropout': 0.3, 'learning_rate': 0.0001, 'weight_decay': 0.0001}. Best is trial 14 with value: 0.6451523198126795.
[I 2026-02-12 12:18:10,929] Trial 24 finished with value: 0.4515910382072626 and parameters: {'batch_size': 32, 'frozen_layers': 4, 'classifier_dropout': 0.2, 'learning_rate': 1e-05, 'weight_decay': 0.001}. Best is trial 14 with value: 0.6451523198126795.
[I 2026-02-12 12:35:29,436] Trial 25 finished with value: 0.5809832665962645 and parameters: {'batch_size': 16, 'frozen_layers': 6, 'classifier_dropout': 0.2, 'learning_rate': 2e-05, 'weight_decay': 0.0001}. Best is trial 14 with value: 0.6451523198126795.
[I 2026-02-12 12:51:39,277] Trial 26 finished with value: 0.3533997901525742 and parameters: {'batch_size': 64, 'frozen_layers': 0, 'classifier_dropout': 0.3, 'learning_rate': 1e-05, 'weight_decay': 1e-06}. Best is trial 14 with value: 0.6451523198126795.
[I 2026-02-12 13:06:00,183] Trial 27 finished with value: 0.5991928372297114 and parameters: {'batch_size': 16, 'frozen_layers': 0, 'classifier_dropout': 0.3, 'learning_rate': 5e-05, 'weight_decay': 0.0001}. Best is trial 14 with value: 0.6451523198126795.
[I 2026-02-12 13:21:45,811] Trial 28 finished with value: 0.5776670253728607 and parameters: {'batch_size': 16, 'frozen_layers': 4, 'classifier_dropout': 0.2, 'learning_rate': 0.0001, 'weight_decay': 1e-05}. Best is trial 14 with value: 0.6451523198126795.
[I 2026-02-12 13:37:35,347] Trial 29 finished with value: 0.6595414517670306 and parameters: {'batch_size': 32, 'frozen_layers': 2, 'classifier_dropout': 0.3, 'learning_rate': 5e-05, 'weight_decay': 1e-06}. Best is trial 29 with value: 0.6595414517670306.
[I 2026-02-12 13:53:05,012] Trial 30 finished with value: 0.6333755650191804 and parameters: {'batch_size': 32, 'frozen_layers': 4, 'classifier_dropout': 0.3, 'learning_rate': 0.0001, 'weight_decay': 0.0001}. Best is trial 29 with value: 0.6595414517670306.
[I 2026-02-12 14:08:46,134] Trial 31 finished with value: 0.3730958982596825 and parameters: {'batch_size': 64, 'frozen_layers': 2, 'classifier_dropout': 0.1, 'learning_rate': 1e-05, 'weight_decay': 1e-06}. Best is trial 29 with value: 0.6595414517670306.
[I 2026-02-12 14:24:26,099] Trial 32 finished with value: 0.5954753979400228 and parameters: {'batch_size': 32, 'frozen_layers': 4, 'classifier_dropout': 0.2, 'learning_rate': 3e-05, 'weight_decay': 0.0001}. Best is trial 29 with value: 0.6595414517670306.
[I 2026-02-12 14:37:58,724] Trial 33 finished with value: 0.5816131029770201 and parameters: {'batch_size': 32, 'frozen_layers': 6, 'classifier_dropout': 0.3, 'learning_rate': 0.0001, 'weight_decay': 0.0001}. Best is trial 29 with value: 0.6595414517670306.
[I 2026-02-12 14:53:52,226] Trial 34 finished with value: 0.5808218287153961 and parameters: {'batch_size': 16, 'frozen_layers': 2, 'classifier_dropout': 0.2, 'learning_rate': 0.0001, 'weight_decay': 1e-05}. Best is trial 29 with value: 0.6595414517670306.
[I 2026-02-12 15:09:28,048] Trial 35 finished with value: 0.5776670253728607 and parameters: {'batch_size': 16, 'frozen_layers': 4, 'classifier_dropout': 0.1, 'learning_rate': 0.0001, 'weight_decay': 1e-05}. Best is trial 29 with value: 0.6595414517670306.
[I 2026-02-12 15:09:28,515] Trial 36 pruned. Duplicate hyper-parameters, same as those used in trial 35: {'batch_size': 16, 'frozen_layers': 4, 'classifier_dropout': 0.1, 'learning_rate': 0.0001, 'weight_decay': 1e-05}.
[I 2026-02-12 15:24:47,483] Trial 37 finished with value: 0.3248643648713897 and parameters: {'batch_size': 64, 'frozen_layers': 4, 'classifier_dropout': 0.2, 'learning_rate': 1e-05, 'weight_decay': 0.0001}. Best is trial 29 with value: 0.6595414517670306.
[I 2026-02-12 15:39:48,903] Trial 38 finished with value: 0.40634122665105404 and parameters: {'batch_size': 32, 'frozen_layers': 6, 'classifier_dropout': 0.1, 'learning_rate': 1e-05, 'weight_decay': 1e-05}. Best is trial 29 with value: 0.6595414517670306.
[I 2026-02-12 15:55:26,128] Trial 39 finished with value: 0.5776670253728607 and parameters: {'batch_size': 16, 'frozen_layers': 4, 'classifier_dropout': 0.3, 'learning_rate': 0.0001, 'weight_decay': 1e-06}. Best is trial 29 with value: 0.6595414517670306.
[I 2026-02-12 16:12:46,598] Trial 40 finished with value: 0.621838501459047 and parameters: {'batch_size': 16, 'frozen_layers': 6, 'classifier_dropout': 0.4, 'learning_rate': 3e-05, 'weight_decay': 1e-06}. Best is trial 29 with value: 0.6595414517670306.
[I 2026-02-12 16:30:23,762] Trial 41 finished with value: 0.6170400849565799 and parameters: {'batch_size': 16, 'frozen_layers': 4, 'classifier_dropout': 0.2, 'learning_rate': 5e-05, 'weight_decay': 1e-06}. Best is trial 29 with value: 0.6595414517670306.
[I 2026-02-12 16:46:38,646] Trial 42 finished with value: 0.6342402531887662 and parameters: {'batch_size': 32, 'frozen_layers': 0, 'classifier_dropout': 0.1, 'learning_rate': 3e-05, 'weight_decay': 0.0001}. Best is trial 29 with value: 0.6595414517670306.
[I 2026-02-12 17:04:15,455] Trial 43 finished with value: 0.6113878212072914 and parameters: {'batch_size': 16, 'frozen_layers': 4, 'classifier_dropout': 0.3, 'learning_rate': 2e-05, 'weight_decay': 1e-06}. Best is trial 29 with value: 0.6595414517670306.
[I 2026-02-12 17:20:00,880] Trial 44 finished with value: 0.4725373579910632 and parameters: {'batch_size': 32, 'frozen_layers': 2, 'classifier_dropout': 0.4, 'learning_rate': 1e-05, 'weight_decay': 1e-05}. Best is trial 29 with value: 0.6595414517670306.
[I 2026-02-12 17:37:36,208] Trial 45 finished with value: 0.6113878212072914 and parameters: {'batch_size': 16, 'frozen_layers': 4, 'classifier_dropout': 0.4, 'learning_rate': 2e-05, 'weight_decay': 1e-05}. Best is trial 29 with value: 0.6595414517670306.
[I 2026-02-12 17:53:39,708] Trial 46 finished with value: 0.5620963369708595 and parameters: {'batch_size': 64, 'frozen_layers': 0, 'classifier_dropout': 0.2, 'learning_rate': 2e-05, 'weight_decay': 1e-05}. Best is trial 29 with value: 0.6595414517670306.
[I 2026-02-12 18:09:40,668] Trial 47 finished with value: 0.593225644805611 and parameters: {'batch_size': 64, 'frozen_layers': 0, 'classifier_dropout': 0.1, 'learning_rate': 3e-05, 'weight_decay': 0.001}. Best is trial 29 with value: 0.6595414517670306.
[I 2026-02-12 18:24:39,705] Trial 48 finished with value: 0.40634122665105404 and parameters: {'batch_size': 32, 'frozen_layers': 6, 'classifier_dropout': 0.4, 'learning_rate': 1e-05, 'weight_decay': 0.001}. Best is trial 29 with value: 0.6595414517670306.
[I 2026-02-12 18:40:35,351] Trial 49 finished with value: 0.4725373579910632 and parameters: {'batch_size': 32, 'frozen_layers': 2, 'classifier_dropout': 0.3, 'learning_rate': 1e-05, 'weight_decay': 0.0001}. Best is trial 29 with value: 0.6595414517670306.
[I 2026-02-12 18:56:14,350] Trial 50 finished with value: 0.3730958982596825 and parameters: {'batch_size': 64, 'frozen_layers': 2, 'classifier_dropout': 0.1, 'learning_rate': 1e-05, 'weight_decay': 0.0001}. Best is trial 29 with value: 0.6595414517670306.
[UPDATE] 50 completed trials using a random sampler. Switching from random to TPE sampling.
[I 2026-02-12 18:56:14,807] Trial 51 pruned. Duplicate hyper-parameters, same as those used in trial 23: {'batch_size': 64, 'frozen_layers': 2, 'classifier_dropout': 0.3, 'learning_rate': 0.0001, 'weight_decay': 0.0001}.
[I 2026-02-12 18:56:15,226] Trial 52 pruned. Duplicate hyper-parameters, same as those used in trial 29: {'batch_size': 32, 'frozen_layers': 2, 'classifier_dropout': 0.3, 'learning_rate': 5e-05, 'weight_decay': 1e-06}.
[I 2026-02-12 18:56:15,672] Trial 53 pruned. Duplicate hyper-parameters, same as those used in trial 7: {'batch_size': 16, 'frozen_layers': 6, 'classifier_dropout': 0.4, 'learning_rate': 5e-05, 'weight_decay': 1e-05}.
[I 2026-02-12 19:12:19,513] Trial 54 finished with value: 0.6306930503014216 and parameters: {'batch_size': 32, 'frozen_layers': 0, 'classifier_dropout': 0.1, 'learning_rate': 0.0001, 'weight_decay': 0.0001}. Best is trial 29 with value: 0.6595414517670306.
[I 2026-02-12 19:12:20,064] Trial 55 pruned. Duplicate hyper-parameters, same as those used in trial 14: {'batch_size': 16, 'frozen_layers': 2, 'classifier_dropout': 0.3, 'learning_rate': 2e-05, 'weight_decay': 1e-06}.
[I 2026-02-12 19:27:18,124] Trial 56 finished with value: 0.5718557586666421 and parameters: {'batch_size': 64, 'frozen_layers': 6, 'classifier_dropout': 0.2, 'learning_rate': 5e-05, 'weight_decay': 1e-06}. Best is trial 29 with value: 0.6595414517670306.
[I 2026-02-12 19:43:30,839] Trial 57 finished with value: 0.6342402531887662 and parameters: {'batch_size': 32, 'frozen_layers': 0, 'classifier_dropout': 0.4, 'learning_rate': 3e-05, 'weight_decay': 0.0001}. Best is trial 29 with value: 0.6595414517670306.
[I 2026-02-12 19:43:31,353] Trial 58 pruned. Duplicate hyper-parameters, same as those used in trial 4: {'batch_size': 16, 'frozen_layers': 6, 'classifier_dropout': 0.2, 'learning_rate': 5e-05, 'weight_decay': 1e-06}.
[I 2026-02-12 19:59:38,787] Trial 59 finished with value: 0.6342402531887662 and parameters: {'batch_size': 32, 'frozen_layers': 0, 'classifier_dropout': 0.1, 'learning_rate': 3e-05, 'weight_decay': 1e-05}. Best is trial 29 with value: 0.6595414517670306.
[I 2026-02-12 20:17:20,989] Trial 60 finished with value: 0.6556554009491784 and parameters: {'batch_size': 16, 'frozen_layers': 2, 'classifier_dropout': 0.3, 'learning_rate': 3e-05, 'weight_decay': 1e-05}. Best is trial 29 with value: 0.6595414517670306.
[I 2026-02-12 20:34:31,419] Trial 61 finished with value: 0.621838501459047 and parameters: {'batch_size': 16, 'frozen_layers': 6, 'classifier_dropout': 0.3, 'learning_rate': 3e-05, 'weight_decay': 1e-05}. Best is trial 29 with value: 0.6595414517670306.
[I 2026-02-12 20:52:18,165] Trial 62 finished with value: 0.6525406965457132 and parameters: {'batch_size': 16, 'frozen_layers': 2, 'classifier_dropout': 0.4, 'learning_rate': 3e-05, 'weight_decay': 0.001}. Best is trial 29 with value: 0.6595414517670306.
[I 2026-02-12 21:09:59,093] Trial 63 finished with value: 0.6556554009491784 and parameters: {'batch_size': 16, 'frozen_layers': 2, 'classifier_dropout': 0.3, 'learning_rate': 3e-05, 'weight_decay': 0.0001}. Best is trial 29 with value: 0.6595414517670306.
[I 2026-02-12 21:09:59,627] Trial 64 pruned. Duplicate hyper-parameters, same as those used in trial 62: {'batch_size': 16, 'frozen_layers': 2, 'classifier_dropout': 0.4, 'learning_rate': 3e-05, 'weight_decay': 0.001}.
[I 2026-02-12 21:10:00,208] Trial 65 pruned. Duplicate hyper-parameters, same as those used in trial 60: {'batch_size': 16, 'frozen_layers': 2, 'classifier_dropout': 0.3, 'learning_rate': 3e-05, 'weight_decay': 1e-05}.
[I 2026-02-12 21:27:56,143] Trial 66 finished with value: 0.646887456174969 and parameters: {'batch_size': 16, 'frozen_layers': 0, 'classifier_dropout': 0.2, 'learning_rate': 2e-05, 'weight_decay': 1e-06}. Best is trial 29 with value: 0.6595414517670306.
[I 2026-02-12 21:27:56,650] Trial 67 pruned. Duplicate hyper-parameters, same as those used in trial 66: {'batch_size': 16, 'frozen_layers': 0, 'classifier_dropout': 0.2, 'learning_rate': 2e-05, 'weight_decay': 1e-06}.
[I 2026-02-12 21:45:53,012] Trial 68 finished with value: 0.6648321284323387 and parameters: {'batch_size': 16, 'frozen_layers': 0, 'classifier_dropout': 0.3, 'learning_rate': 3e-05, 'weight_decay': 0.001}. Best is trial 68 with value: 0.6648321284323387.
[I 2026-02-12 21:45:53,510] Trial 69 pruned. Duplicate hyper-parameters, same as those used in trial 68: {'batch_size': 16, 'frozen_layers': 0, 'classifier_dropout': 0.3, 'learning_rate': 3e-05, 'weight_decay': 0.001}.
[I 2026-02-12 21:45:53,978] Trial 70 pruned. Duplicate hyper-parameters, same as those used in trial 63: {'batch_size': 16, 'frozen_layers': 2, 'classifier_dropout': 0.3, 'learning_rate': 3e-05, 'weight_decay': 0.0001}.
[I 2026-02-12 22:03:15,781] Trial 71 finished with value: 0.5809832665962645 and parameters: {'batch_size': 16, 'frozen_layers': 6, 'classifier_dropout': 0.1, 'learning_rate': 2e-05, 'weight_decay': 1e-06}. Best is trial 68 with value: 0.6648321284323387.
[I 2026-02-12 22:20:50,725] Trial 72 finished with value: 0.6165279432803056 and parameters: {'batch_size': 16, 'frozen_layers': 2, 'classifier_dropout': 0.3, 'learning_rate': 0.0001, 'weight_decay': 0.001}. Best is trial 68 with value: 0.6648321284323387.
[I 2026-02-12 22:38:46,867] Trial 73 finished with value: 0.646887456174969 and parameters: {'batch_size': 16, 'frozen_layers': 0, 'classifier_dropout': 0.4, 'learning_rate': 2e-05, 'weight_decay': 0.001}. Best is trial 68 with value: 0.6648321284323387.
[I 2026-02-12 22:38:47,339] Trial 74 pruned. Duplicate hyper-parameters, same as those used in trial 73: {'batch_size': 16, 'frozen_layers': 0, 'classifier_dropout': 0.4, 'learning_rate': 2e-05, 'weight_decay': 0.001}.
[I 2026-02-12 22:56:45,846] Trial 75 finished with value: 0.6451523198126795 and parameters: {'batch_size': 16, 'frozen_layers': 2, 'classifier_dropout': 0.1, 'learning_rate': 2e-05, 'weight_decay': 0.001}. Best is trial 68 with value: 0.6648321284323387.
[I 2026-02-12 23:12:42,119] Trial 76 finished with value: 0.5844285232842047 and parameters: {'batch_size': 32, 'frozen_layers': 2, 'classifier_dropout': 0.3, 'learning_rate': 2e-05, 'weight_decay': 1e-05}. Best is trial 68 with value: 0.6648321284323387.
[I 2026-02-12 23:28:22,706] Trial 77 finished with value: 0.574625053586164 and parameters: {'batch_size': 64, 'frozen_layers': 2, 'classifier_dropout': 0.3, 'learning_rate': 3e-05, 'weight_decay': 0.001}. Best is trial 68 with value: 0.6648321284323387.
[I 2026-02-12 23:42:35,277] Trial 78 finished with value: 0.6340759329190221 and parameters: {'batch_size': 16, 'frozen_layers': 2, 'classifier_dropout': 0.4, 'learning_rate': 5e-05, 'weight_decay': 0.0001}. Best is trial 68 with value: 0.6648321284323387.
[I 2026-02-13 00:00:03,946] Trial 79 finished with value: 0.6256974963701964 and parameters: {'batch_size': 16, 'frozen_layers': 4, 'classifier_dropout': 0.1, 'learning_rate': 3e-05, 'weight_decay': 0.001}. Best is trial 68 with value: 0.6648321284323387.
[I 2026-02-13 00:16:21,541] Trial 80 finished with value: 0.6095475912404839 and parameters: {'batch_size': 32, 'frozen_layers': 0, 'classifier_dropout': 0.3, 'learning_rate': 2e-05, 'weight_decay': 1e-06}. Best is trial 68 with value: 0.6648321284323387.
[I 2026-02-13 00:16:22,084] Trial 81 pruned. Duplicate hyper-parameters, same as those used in trial 75: {'batch_size': 16, 'frozen_layers': 2, 'classifier_dropout': 0.1, 'learning_rate': 2e-05, 'weight_decay': 0.001}.
[I 2026-02-13 00:34:08,800] Trial 82 finished with value: 0.6648321284323387 and parameters: {'batch_size': 16, 'frozen_layers': 0, 'classifier_dropout': 0.2, 'learning_rate': 3e-05, 'weight_decay': 0.001}. Best is trial 68 with value: 0.6648321284323387.
[I 2026-02-13 00:34:09,295] Trial 83 pruned. Duplicate hyper-parameters, same as those used in trial 82: {'batch_size': 16, 'frozen_layers': 0, 'classifier_dropout': 0.2, 'learning_rate': 3e-05, 'weight_decay': 0.001}.
[I 2026-02-13 00:50:19,486] Trial 84 finished with value: 0.6614645308362445 and parameters: {'batch_size': 32, 'frozen_layers': 0, 'classifier_dropout': 0.3, 'learning_rate': 5e-05, 'weight_decay': 0.001}. Best is trial 68 with value: 0.6648321284323387.
[I 2026-02-13 00:50:20,058] Trial 85 pruned. Duplicate hyper-parameters, same as those used in trial 84: {'batch_size': 32, 'frozen_layers': 0, 'classifier_dropout': 0.3, 'learning_rate': 5e-05, 'weight_decay': 0.001}.
[I 2026-02-13 01:05:58,789] Trial 86 finished with value: 0.5969892368572701 and parameters: {'batch_size': 16, 'frozen_layers': 4, 'classifier_dropout': 0.3, 'learning_rate': 5e-05, 'weight_decay': 0.001}. Best is trial 68 with value: 0.6648321284323387.
