[I 2026-02-04 20:03:13,688] Trial 249 pruned. Duplicate hyper-parameters, same as those used in trial 195: {'frozen_layers': 2, 'classifier_dropout': 0.3, 'learning_rate': 0.0001, 'weight_decay': 0.001, 'label_smoothing': 0.1, 'gradient_clipping': 1.5}.
[I 2026-02-04 20:03:14,311] Trial 250 pruned. Duplicate hyper-parameters, same as those used in trial 202: {'frozen_layers': 6, 'classifier_dropout': 0.2, 'learning_rate': 0.0001, 'weight_decay': 1e-06, 'label_smoothing': 0.15, 'gradient_clipping': 0.5}.
[I 2026-02-04 20:16:10,392] Trial 251 finished with value: 0.9185779816513762 and parameters: {'frozen_layers': 2, 'classifier_dropout': 0.3, 'learning_rate': 3e-05, 'weight_decay': 0.001, 'label_smoothing': 0.15, 'gradient_clipping': 1.0}. Best is trial 13 with value: 0.9277522935779816.
[I 2026-02-04 20:29:07,710] Trial 252 finished with value: 0.9220183486238532 and parameters: {'frozen_layers': 2, 'classifier_dropout': 0.2, 'learning_rate': 1e-05, 'weight_decay': 0.0001, 'label_smoothing': 0.15, 'gradient_clipping': 0.5}. Best is trial 13 with value: 0.9277522935779816.
[I 2026-02-04 20:29:08,253] Trial 253 pruned. Duplicate hyper-parameters, same as those used in trial 251: {'frozen_layers': 2, 'classifier_dropout': 0.3, 'learning_rate': 3e-05, 'weight_decay': 0.001, 'label_smoothing': 0.15, 'gradient_clipping': 1.0}.
[I 2026-02-04 20:42:06,164] Trial 254 finished with value: 0.9185779816513762 and parameters: {'frozen_layers': 2, 'classifier_dropout': 0.2, 'learning_rate': 1e-05, 'weight_decay': 0.0001, 'label_smoothing': 0.1, 'gradient_clipping': 0.5}. Best is trial 13 with value: 0.9277522935779816.
[I 2026-02-04 20:55:00,188] Trial 255 finished with value: 0.908256880733945 and parameters: {'frozen_layers': 2, 'classifier_dropout': 0.1, 'learning_rate': 3e-05, 'weight_decay': 0.0001, 'label_smoothing': 0.1, 'gradient_clipping': 1.0}. Best is trial 13 with value: 0.9277522935779816.
[I 2026-02-04 20:55:00,706] Trial 256 pruned. Duplicate hyper-parameters, same as those used in trial 252: {'frozen_layers': 2, 'classifier_dropout': 0.2, 'learning_rate': 1e-05, 'weight_decay': 0.0001, 'label_smoothing': 0.15, 'gradient_clipping': 0.5}.
[I 2026-02-04 20:55:01,277] Trial 257 pruned. Duplicate hyper-parameters, same as those used in trial 254: {'frozen_layers': 2, 'classifier_dropout': 0.2, 'learning_rate': 1e-05, 'weight_decay': 0.0001, 'label_smoothing': 0.1, 'gradient_clipping': 0.5}.
[I 2026-02-04 21:07:59,648] Trial 258 finished with value: 0.9197247706422018 and parameters: {'frozen_layers': 2, 'classifier_dropout': 0.3, 'learning_rate': 1e-05, 'weight_decay': 1e-05, 'label_smoothing': 0.15, 'gradient_clipping': 1.5}. Best is trial 13 with value: 0.9277522935779816.
[I 2026-02-04 21:08:00,190] Trial 259 pruned. Duplicate hyper-parameters, same as those used in trial 258: {'frozen_layers': 2, 'classifier_dropout': 0.3, 'learning_rate': 1e-05, 'weight_decay': 1e-05, 'label_smoothing': 0.15, 'gradient_clipping': 1.5}.
[I 2026-02-04 21:08:00,688] Trial 260 pruned. Duplicate hyper-parameters, same as those used in trial 198: {'frozen_layers': 2, 'classifier_dropout': 0.1, 'learning_rate': 1e-05, 'weight_decay': 0.0001, 'label_smoothing': 0.1, 'gradient_clipping': 1.0}.
[I 2026-02-04 21:20:58,262] Trial 261 finished with value: 0.9197247706422018 and parameters: {'frozen_layers': 2, 'classifier_dropout': 0.2, 'learning_rate': 1e-05, 'weight_decay': 0.001, 'label_smoothing': 0.15, 'gradient_clipping': 1.5}. Best is trial 13 with value: 0.9277522935779816.
[I 2026-02-04 21:36:04,597] Trial 262 finished with value: 0.911697247706422 and parameters: {'frozen_layers': 0, 'classifier_dropout': 0.2, 'learning_rate': 1e-05, 'weight_decay': 0.001, 'label_smoothing': 0.15, 'gradient_clipping': 1.5}. Best is trial 13 with value: 0.9277522935779816.
[I 2026-02-04 21:49:02,825] Trial 263 finished with value: 0.9220183486238532 and parameters: {'frozen_layers': 2, 'classifier_dropout': 0.3, 'learning_rate': 1e-05, 'weight_decay': 1e-06, 'label_smoothing': 0.15, 'gradient_clipping': 0.5}. Best is trial 13 with value: 0.9277522935779816.
[I 2026-02-04 21:49:03,316] Trial 264 pruned. Duplicate hyper-parameters, same as those used in trial 263: {'frozen_layers': 2, 'classifier_dropout': 0.3, 'learning_rate': 1e-05, 'weight_decay': 1e-06, 'label_smoothing': 0.15, 'gradient_clipping': 0.5}.
[I 2026-02-04 21:49:03,805] Trial 265 pruned. Duplicate hyper-parameters, same as those used in trial 261: {'frozen_layers': 2, 'classifier_dropout': 0.2, 'learning_rate': 1e-05, 'weight_decay': 0.001, 'label_smoothing': 0.15, 'gradient_clipping': 1.5}.
[I 2026-02-04 22:01:56,430] Trial 266 finished with value: 0.9036697247706422 and parameters: {'frozen_layers': 2, 'classifier_dropout': 0.2, 'learning_rate': 0.0001, 'weight_decay': 0.001, 'label_smoothing': 0.0, 'gradient_clipping': 1.5}. Best is trial 13 with value: 0.9277522935779816.
[I 2026-02-04 22:14:53,840] Trial 267 finished with value: 0.9208715596330275 and parameters: {'frozen_layers': 2, 'classifier_dropout': 0.1, 'learning_rate': 1e-05, 'weight_decay': 0.001, 'label_smoothing': 0.0, 'gradient_clipping': 1.5}. Best is trial 13 with value: 0.9277522935779816.
[I 2026-02-04 22:14:54,354] Trial 268 pruned. Duplicate hyper-parameters, same as those used in trial 267: {'frozen_layers': 2, 'classifier_dropout': 0.1, 'learning_rate': 1e-05, 'weight_decay': 0.001, 'label_smoothing': 0.0, 'gradient_clipping': 1.5}.
[I 2026-02-04 22:27:51,472] Trial 269 finished with value: 0.9231651376146789 and parameters: {'frozen_layers': 2, 'classifier_dropout': 0.2, 'learning_rate': 1e-05, 'weight_decay': 0.001, 'label_smoothing': 0.1, 'gradient_clipping': 1.0}. Best is trial 13 with value: 0.9277522935779816.
[I 2026-02-04 22:40:49,211] Trial 270 finished with value: 0.9174311926605505 and parameters: {'frozen_layers': 2, 'classifier_dropout': 0.4, 'learning_rate': 1e-05, 'weight_decay': 0.001, 'label_smoothing': 0.1, 'gradient_clipping': 1.5}. Best is trial 13 with value: 0.9277522935779816.
[I 2026-02-04 22:53:46,309] Trial 271 finished with value: 0.9185779816513762 and parameters: {'frozen_layers': 2, 'classifier_dropout': 0.2, 'learning_rate': 1e-05, 'weight_decay': 0.001, 'label_smoothing': 0.15, 'gradient_clipping': 1.0}. Best is trial 13 with value: 0.9277522935779816.
[I 2026-02-04 22:53:46,896] Trial 272 pruned. Duplicate hyper-parameters, same as those used in trial 269: {'frozen_layers': 2, 'classifier_dropout': 0.2, 'learning_rate': 1e-05, 'weight_decay': 0.001, 'label_smoothing': 0.1, 'gradient_clipping': 1.0}.
[I 2026-02-04 22:53:47,469] Trial 273 pruned. Duplicate hyper-parameters, same as those used in trial 271: {'frozen_layers': 2, 'classifier_dropout': 0.2, 'learning_rate': 1e-05, 'weight_decay': 0.001, 'label_smoothing': 0.15, 'gradient_clipping': 1.0}.
[I 2026-02-04 23:06:40,897] Trial 274 finished with value: 0.8944954128440367 and parameters: {'frozen_layers': 2, 'classifier_dropout': 0.2, 'learning_rate': 3e-05, 'weight_decay': 0.0001, 'label_smoothing': 0.15, 'gradient_clipping': 1.0}. Best is trial 13 with value: 0.9277522935779816.
[I 2026-02-04 23:25:04,685] Trial 275 finished with value: 0.9036697247706422 and parameters: {'frozen_layers': 2, 'classifier_dropout': 0.3, 'learning_rate': 5e-05, 'weight_decay': 0.001, 'label_smoothing': 0.15, 'gradient_clipping': 0.5}. Best is trial 13 with value: 0.9277522935779816.
[I 2026-02-04 23:38:00,377] Trial 276 finished with value: 0.9105504587155964 and parameters: {'frozen_layers': 2, 'classifier_dropout': 0.4, 'learning_rate': 1e-05, 'weight_decay': 0.0001, 'label_smoothing': 0.05, 'gradient_clipping': 0.5}. Best is trial 13 with value: 0.9277522935779816.
[I 2026-02-04 23:50:38,996] Trial 277 finished with value: 0.9128440366972477 and parameters: {'frozen_layers': 4, 'classifier_dropout': 0.2, 'learning_rate': 1e-05, 'weight_decay': 0.001, 'label_smoothing': 0.1, 'gradient_clipping': 1.5}. Best is trial 13 with value: 0.9277522935779816.
[I 2026-02-05 00:02:54,230] Trial 278 finished with value: 0.9059633027522935 and parameters: {'frozen_layers': 6, 'classifier_dropout': 0.3, 'learning_rate': 3e-05, 'weight_decay': 1e-06, 'label_smoothing': 0.15, 'gradient_clipping': 2.0}. Best is trial 13 with value: 0.9277522935779816.
[I 2026-02-05 00:15:51,931] Trial 279 finished with value: 0.9220183486238532 and parameters: {'frozen_layers': 2, 'classifier_dropout': 0.1, 'learning_rate': 1e-05, 'weight_decay': 1e-05, 'label_smoothing': 0.0, 'gradient_clipping': 2.0}. Best is trial 13 with value: 0.9277522935779816.
[I 2026-02-05 00:28:50,106] Trial 280 finished with value: 0.9220183486238532 and parameters: {'frozen_layers': 2, 'classifier_dropout': 0.2, 'learning_rate': 1e-05, 'weight_decay': 0.0001, 'label_smoothing': 0.0, 'gradient_clipping': 2.0}. Best is trial 13 with value: 0.9277522935779816.
[I 2026-02-05 00:28:50,625] Trial 281 pruned. Duplicate hyper-parameters, same as those used in trial 280: {'frozen_layers': 2, 'classifier_dropout': 0.2, 'learning_rate': 1e-05, 'weight_decay': 0.0001, 'label_smoothing': 0.0, 'gradient_clipping': 2.0}.
[I 2026-02-05 00:47:46,990] Trial 282 finished with value: 0.9277522935779816 and parameters: {'frozen_layers': 0, 'classifier_dropout': 0.4, 'learning_rate': 5e-05, 'weight_decay': 0.0001, 'label_smoothing': 0.15, 'gradient_clipping': 0.5}. Best is trial 13 with value: 0.9277522935779816.
[I 2026-02-05 00:47:47,613] Trial 283 pruned. Duplicate hyper-parameters, same as those used in trial 282: {'frozen_layers': 0, 'classifier_dropout': 0.4, 'learning_rate': 5e-05, 'weight_decay': 0.0001, 'label_smoothing': 0.15, 'gradient_clipping': 0.5}.
[I 2026-02-05 01:00:46,184] Trial 284 finished with value: 0.9197247706422018 and parameters: {'frozen_layers': 2, 'classifier_dropout': 0.2, 'learning_rate': 1e-05, 'weight_decay': 0.0001, 'label_smoothing': 0.15, 'gradient_clipping': 1.5}. Best is trial 13 with value: 0.9277522935779816.
[I 2026-02-05 01:13:24,536] Trial 285 finished with value: 0.9128440366972477 and parameters: {'frozen_layers': 4, 'classifier_dropout': 0.1, 'learning_rate': 1e-05, 'weight_decay': 1e-05, 'label_smoothing': 0.0, 'gradient_clipping': 2.0}. Best is trial 13 with value: 0.9277522935779816.
[I 2026-02-05 01:13:25,074] Trial 286 pruned. Duplicate hyper-parameters, same as those used in trial 279: {'frozen_layers': 2, 'classifier_dropout': 0.1, 'learning_rate': 1e-05, 'weight_decay': 1e-05, 'label_smoothing': 0.0, 'gradient_clipping': 2.0}.
[I 2026-02-05 01:26:20,575] Trial 287 finished with value: 0.9185779816513762 and parameters: {'frozen_layers': 2, 'classifier_dropout': 0.1, 'learning_rate': 1e-05, 'weight_decay': 0.001, 'label_smoothing': 0.05, 'gradient_clipping': 2.0}. Best is trial 13 with value: 0.9277522935779816.
[I 2026-02-05 01:39:16,396] Trial 288 finished with value: 0.9071100917431193 and parameters: {'frozen_layers': 2, 'classifier_dropout': 0.2, 'learning_rate': 0.0001, 'weight_decay': 0.0001, 'label_smoothing': 0.15, 'gradient_clipping': 1.5}. Best is trial 13 with value: 0.9277522935779816.
[I 2026-02-05 01:52:30,617] Trial 289 finished with value: 0.9025229357798165 and parameters: {'frozen_layers': 0, 'classifier_dropout': 0.3, 'learning_rate': 1e-05, 'weight_decay': 0.0001, 'label_smoothing': 0.15, 'gradient_clipping': 0.5}. Best is trial 13 with value: 0.9277522935779816.
[I 2026-02-05 02:04:48,243] Trial 290 finished with value: 0.908256880733945 and parameters: {'frozen_layers': 6, 'classifier_dropout': 0.2, 'learning_rate': 1e-05, 'weight_decay': 0.001, 'label_smoothing': 0.0, 'gradient_clipping': 1.5}. Best is trial 13 with value: 0.9277522935779816.
[I 2026-02-05 02:04:48,904] Trial 291 pruned. Duplicate hyper-parameters, same as those used in trial 284: {'frozen_layers': 2, 'classifier_dropout': 0.2, 'learning_rate': 1e-05, 'weight_decay': 0.0001, 'label_smoothing': 0.15, 'gradient_clipping': 1.5}.
[I 2026-02-05 02:17:44,846] Trial 292 finished with value: 0.9139908256880734 and parameters: {'frozen_layers': 2, 'classifier_dropout': 0.3, 'learning_rate': 2e-05, 'weight_decay': 0.0001, 'label_smoothing': 0.15, 'gradient_clipping': 0.5}. Best is trial 13 with value: 0.9277522935779816.
[I 2026-02-05 02:31:01,299] Trial 293 finished with value: 0.9094036697247706 and parameters: {'frozen_layers': 0, 'classifier_dropout': 0.3, 'learning_rate': 1e-05, 'weight_decay': 1e-06, 'label_smoothing': 0.15, 'gradient_clipping': 2.0}. Best is trial 13 with value: 0.9277522935779816.
[I 2026-02-05 02:43:59,367] Trial 294 finished with value: 0.9174311926605505 and parameters: {'frozen_layers': 2, 'classifier_dropout': 0.2, 'learning_rate': 1e-05, 'weight_decay': 1e-05, 'label_smoothing': 0.1, 'gradient_clipping': 1.5}. Best is trial 13 with value: 0.9277522935779816.
[I 2026-02-05 02:58:44,863] Trial 295 finished with value: 0.9162844036697247 and parameters: {'frozen_layers': 2, 'classifier_dropout': 0.3, 'learning_rate': 0.0001, 'weight_decay': 1e-05, 'label_smoothing': 0.1, 'gradient_clipping': 1.0}. Best is trial 13 with value: 0.9277522935779816.
[I 2026-02-05 03:11:40,545] Trial 296 finished with value: 0.9094036697247706 and parameters: {'frozen_layers': 2, 'classifier_dropout': 0.3, 'learning_rate': 3e-05, 'weight_decay': 1e-05, 'label_smoothing': 0.0, 'gradient_clipping': 2.0}. Best is trial 13 with value: 0.9277522935779816.
[I 2026-02-05 03:24:15,528] Trial 297 finished with value: 0.9094036697247706 and parameters: {'frozen_layers': 4, 'classifier_dropout': 0.3, 'learning_rate': 5e-05, 'weight_decay': 0.0001, 'label_smoothing': 0.15, 'gradient_clipping': 0.5}. Best is trial 13 with value: 0.9277522935779816.
[I 2026-02-05 03:37:10,867] Trial 298 finished with value: 0.911697247706422 and parameters: {'frozen_layers': 2, 'classifier_dropout': 0.3, 'learning_rate': 2e-05, 'weight_decay': 1e-05, 'label_smoothing': 0.1, 'gradient_clipping': 1.5}. Best is trial 13 with value: 0.9277522935779816.
[I 2026-02-05 03:50:08,517] Trial 299 finished with value: 0.9220183486238532 and parameters: {'frozen_layers': 2, 'classifier_dropout': 0.3, 'learning_rate': 1e-05, 'weight_decay': 1e-06, 'label_smoothing': 0.0, 'gradient_clipping': 2.0}. Best is trial 13 with value: 0.9277522935779816.
[I 2026-02-05 03:50:09,120] Trial 300 pruned. Duplicate hyper-parameters, same as those used in trial 299: {'frozen_layers': 2, 'classifier_dropout': 0.3, 'learning_rate': 1e-05, 'weight_decay': 1e-06, 'label_smoothing': 0.0, 'gradient_clipping': 2.0}.
[I 2026-02-05 04:03:06,742] Trial 301 finished with value: 0.9208715596330275 and parameters: {'frozen_layers': 2, 'classifier_dropout': 0.1, 'learning_rate': 1e-05, 'weight_decay': 0.0001, 'label_smoothing': 0.0, 'gradient_clipping': 1.0}. Best is trial 13 with value: 0.9277522935779816.
[I 2026-02-05 04:16:20,471] Trial 302 finished with value: 0.9025229357798165 and parameters: {'frozen_layers': 0, 'classifier_dropout': 0.3, 'learning_rate': 1e-05, 'weight_decay': 1e-05, 'label_smoothing': 0.0, 'gradient_clipping': 2.0}. Best is trial 13 with value: 0.9277522935779816.
[I 2026-02-05 04:16:21,004] Trial 303 pruned. Duplicate hyper-parameters, same as those used in trial 301: {'frozen_layers': 2, 'classifier_dropout': 0.1, 'learning_rate': 1e-05, 'weight_decay': 0.0001, 'label_smoothing': 0.0, 'gradient_clipping': 1.0}.
[I 2026-02-05 04:29:16,473] Trial 304 finished with value: 0.9105504587155964 and parameters: {'frozen_layers': 2, 'classifier_dropout': 0.2, 'learning_rate': 1e-05, 'weight_decay': 0.001, 'label_smoothing': 0.05, 'gradient_clipping': 0.5}. Best is trial 13 with value: 0.9277522935779816.
[I 2026-02-05 04:42:13,198] Trial 305 finished with value: 0.9185779816513762 and parameters: {'frozen_layers': 2, 'classifier_dropout': 0.2, 'learning_rate': 1e-05, 'weight_decay': 1e-06, 'label_smoothing': 0.0, 'gradient_clipping': 0.5}. Best is trial 13 with value: 0.9277522935779816.
[I 2026-02-05 04:54:50,783] Trial 306 finished with value: 0.9174311926605505 and parameters: {'frozen_layers': 4, 'classifier_dropout': 0.2, 'learning_rate': 1e-05, 'weight_decay': 0.001, 'label_smoothing': 0.0, 'gradient_clipping': 0.5}. Best is trial 13 with value: 0.9277522935779816.
[I 2026-02-05 05:07:25,659] Trial 307 finished with value: 0.9094036697247706 and parameters: {'frozen_layers': 4, 'classifier_dropout': 0.2, 'learning_rate': 3e-05, 'weight_decay': 0.001, 'label_smoothing': 0.15, 'gradient_clipping': 1.0}. Best is trial 13 with value: 0.9277522935779816.
[I 2026-02-05 05:20:03,599] Trial 308 finished with value: 0.9128440366972477 and parameters: {'frozen_layers': 4, 'classifier_dropout': 0.4, 'learning_rate': 1e-05, 'weight_decay': 0.001, 'label_smoothing': 0.15, 'gradient_clipping': 0.5}. Best is trial 13 with value: 0.9277522935779816.
[I 2026-02-05 05:33:01,130] Trial 309 finished with value: 0.9220183486238532 and parameters: {'frozen_layers': 2, 'classifier_dropout': 0.1, 'learning_rate': 1e-05, 'weight_decay': 0.001, 'label_smoothing': 0.15, 'gradient_clipping': 0.5}. Best is trial 13 with value: 0.9277522935779816.
[I 2026-02-05 05:33:01,681] Trial 310 pruned. Duplicate hyper-parameters, same as those used in trial 309: {'frozen_layers': 2, 'classifier_dropout': 0.1, 'learning_rate': 1e-05, 'weight_decay': 0.001, 'label_smoothing': 0.15, 'gradient_clipping': 0.5}.
[I 2026-02-05 05:46:15,454] Trial 311 finished with value: 0.9220183486238532 and parameters: {'frozen_layers': 0, 'classifier_dropout': 0.2, 'learning_rate': 3e-05, 'weight_decay': 1e-06, 'label_smoothing': 0.15, 'gradient_clipping': 2.0}. Best is trial 13 with value: 0.9277522935779816.
[I 2026-02-05 05:58:54,159] Trial 312 finished with value: 0.9128440366972477 and parameters: {'frozen_layers': 4, 'classifier_dropout': 0.1, 'learning_rate': 1e-05, 'weight_decay': 1e-06, 'label_smoothing': 0.15, 'gradient_clipping': 0.5}. Best is trial 13 with value: 0.9277522935779816.
[I 2026-02-05 06:11:52,872] Trial 313 finished with value: 0.9231651376146789 and parameters: {'frozen_layers': 2, 'classifier_dropout': 0.3, 'learning_rate': 1e-05, 'weight_decay': 1e-06, 'label_smoothing': 0.1, 'gradient_clipping': 1.0}. Best is trial 13 with value: 0.9277522935779816.
[I 2026-02-05 06:24:46,498] Trial 314 finished with value: 0.9059633027522935 and parameters: {'frozen_layers': 2, 'classifier_dropout': 0.3, 'learning_rate': 2e-05, 'weight_decay': 1e-06, 'label_smoothing': 0.15, 'gradient_clipping': 2.0}. Best is trial 13 with value: 0.9277522935779816.
[I 2026-02-05 06:24:47,023] Trial 315 pruned. Duplicate hyper-parameters, same as those used in trial 313: {'frozen_layers': 2, 'classifier_dropout': 0.3, 'learning_rate': 1e-05, 'weight_decay': 1e-06, 'label_smoothing': 0.1, 'gradient_clipping': 1.0}.
[I 2026-02-05 06:24:47,536] Trial 316 pruned. Duplicate hyper-parameters, same as those used in trial 311: {'frozen_layers': 0, 'classifier_dropout': 0.2, 'learning_rate': 3e-05, 'weight_decay': 1e-06, 'label_smoothing': 0.15, 'gradient_clipping': 2.0}.
[I 2026-02-05 06:38:01,607] Trial 317 finished with value: 0.9220183486238532 and parameters: {'frozen_layers': 0, 'classifier_dropout': 0.1, 'learning_rate': 3e-05, 'weight_decay': 1e-06, 'label_smoothing': 0.15, 'gradient_clipping': 2.0}. Best is trial 13 with value: 0.9277522935779816.
[I 2026-02-05 06:51:13,403] Trial 318 finished with value: 0.9048165137614679 and parameters: {'frozen_layers': 0, 'classifier_dropout': 0.1, 'learning_rate': 3e-05, 'weight_decay': 1e-06, 'label_smoothing': 0.1, 'gradient_clipping': 2.0}. Best is trial 13 with value: 0.9277522935779816.
[I 2026-02-05 07:08:10,840] Trial 319 finished with value: 0.908256880733945 and parameters: {'frozen_layers': 0, 'classifier_dropout': 0.1, 'learning_rate': 0.0001, 'weight_decay': 1e-06, 'label_smoothing': 0.15, 'gradient_clipping': 0.5}. Best is trial 13 with value: 0.9277522935779816.
[I 2026-02-05 07:21:08,530] Trial 320 finished with value: 0.9220183486238532 and parameters: {'frozen_layers': 2, 'classifier_dropout': 0.4, 'learning_rate': 1e-05, 'weight_decay': 1e-06, 'label_smoothing': 0.15, 'gradient_clipping': 0.5}. Best is trial 13 with value: 0.9277522935779816.
[I 2026-02-05 07:34:06,325] Trial 321 finished with value: 0.9220183486238532 and parameters: {'frozen_layers': 2, 'classifier_dropout': 0.4, 'learning_rate': 1e-05, 'weight_decay': 0.0001, 'label_smoothing': 0.15, 'gradient_clipping': 0.5}. Best is trial 13 with value: 0.9277522935779816.
[I 2026-02-05 07:47:03,827] Trial 322 finished with value: 0.9185779816513762 and parameters: {'frozen_layers': 2, 'classifier_dropout': 0.4, 'learning_rate': 1e-05, 'weight_decay': 1e-06, 'label_smoothing': 0.15, 'gradient_clipping': 1.0}. Best is trial 13 with value: 0.9277522935779816.
[I 2026-02-05 07:47:04,380] Trial 323 pruned. Duplicate hyper-parameters, same as those used in trial 320: {'frozen_layers': 2, 'classifier_dropout': 0.4, 'learning_rate': 1e-05, 'weight_decay': 1e-06, 'label_smoothing': 0.15, 'gradient_clipping': 0.5}.
[I 2026-02-05 07:47:04,898] Trial 324 pruned. Duplicate hyper-parameters, same as those used in trial 317: {'frozen_layers': 0, 'classifier_dropout': 0.1, 'learning_rate': 3e-05, 'weight_decay': 1e-06, 'label_smoothing': 0.15, 'gradient_clipping': 2.0}.
[I 2026-02-05 07:47:05,491] Trial 325 pruned. Duplicate hyper-parameters, same as those used in trial 321: {'frozen_layers': 2, 'classifier_dropout': 0.4, 'learning_rate': 1e-05, 'weight_decay': 0.0001, 'label_smoothing': 0.15, 'gradient_clipping': 0.5}.
[I 2026-02-05 07:59:58,983] Trial 326 finished with value: 0.9036697247706422 and parameters: {'frozen_layers': 2, 'classifier_dropout': 0.3, 'learning_rate': 5e-05, 'weight_decay': 0.001, 'label_smoothing': 0.1, 'gradient_clipping': 1.0}. Best is trial 13 with value: 0.9277522935779816.
