SLURM NODE: kn083
[I 2026-04-08 04:59:10,216] A new study created in RDB with name: IMDb-1k-Fine-tuning
[I 2026-04-08 05:06:09,586] Trial 0 finished with value: 0.8363636363636363 and parameters: {'batch_size': 32, 'frozen_layers': 0, 'classifier_dropout': 0.1, 'learning_rate': 1e-05, 'weight_decay': 1e-05}. Best is trial 0 with value: 0.8363636363636363.
[I 2026-04-08 05:13:16,109] Trial 1 finished with value: 0.8787878787878788 and parameters: {'batch_size': 16, 'frozen_layers': 4, 'classifier_dropout': 0.4, 'learning_rate': 5e-05, 'weight_decay': 0.0001}. Best is trial 1 with value: 0.8787878787878788.
[I 2026-04-08 05:20:06,803] Trial 2 finished with value: 0.8666666666666667 and parameters: {'batch_size': 32, 'frozen_layers': 0, 'classifier_dropout': 0.4, 'learning_rate': 2e-05, 'weight_decay': 0.001}. Best is trial 1 with value: 0.8787878787878788.
[I 2026-04-08 05:26:29,467] Trial 3 finished with value: 0.8545454545454545 and parameters: {'batch_size': 64, 'frozen_layers': 4, 'classifier_dropout': 0.3, 'learning_rate': 3e-05, 'weight_decay': 1e-06}. Best is trial 1 with value: 0.8787878787878788.
[I 2026-04-08 05:33:32,217] Trial 4 finished with value: 0.8606060606060606 and parameters: {'batch_size': 16, 'frozen_layers': 6, 'classifier_dropout': 0.2, 'learning_rate': 5e-05, 'weight_decay': 1e-06}. Best is trial 1 with value: 0.8787878787878788.
[I 2026-04-08 05:40:11,295] Trial 5 finished with value: 0.8606060606060606 and parameters: {'batch_size': 32, 'frozen_layers': 2, 'classifier_dropout': 0.1, 'learning_rate': 2e-05, 'weight_decay': 0.0001}. Best is trial 1 with value: 0.8787878787878788.
[I 2026-04-08 05:46:28,630] Trial 6 finished with value: 0.8606060606060606 and parameters: {'batch_size': 32, 'frozen_layers': 6, 'classifier_dropout': 0.1, 'learning_rate': 5e-05, 'weight_decay': 0.001}. Best is trial 1 with value: 0.8787878787878788.
[I 2026-04-08 05:53:18,832] Trial 7 finished with value: 0.8606060606060606 and parameters: {'batch_size': 16, 'frozen_layers': 6, 'classifier_dropout': 0.4, 'learning_rate': 5e-05, 'weight_decay': 1e-05}. Best is trial 1 with value: 0.8787878787878788.
[I 2026-04-08 05:59:42,415] Trial 8 finished with value: 0.8606060606060606 and parameters: {'batch_size': 64, 'frozen_layers': 4, 'classifier_dropout': 0.4, 'learning_rate': 5e-05, 'weight_decay': 0.0001}. Best is trial 1 with value: 0.8787878787878788.
[I 2026-04-08 06:06:26,507] Trial 9 finished with value: 0.8424242424242424 and parameters: {'batch_size': 64, 'frozen_layers': 0, 'classifier_dropout': 0.1, 'learning_rate': 2e-05, 'weight_decay': 1e-05}. Best is trial 1 with value: 0.8787878787878788.
[I 2026-04-08 06:14:51,263] Trial 10 finished with value: 0.8606060606060606 and parameters: {'batch_size': 16, 'frozen_layers': 0, 'classifier_dropout': 0.1, 'learning_rate': 5e-05, 'weight_decay': 0.001}. Best is trial 1 with value: 0.8787878787878788.
[I 2026-04-08 06:21:56,560] Trial 11 finished with value: 0.8606060606060606 and parameters: {'batch_size': 16, 'frozen_layers': 6, 'classifier_dropout': 0.2, 'learning_rate': 0.0001, 'weight_decay': 0.0001}. Best is trial 1 with value: 0.8787878787878788.
[I 2026-04-08 06:28:24,574] Trial 12 finished with value: 0.8363636363636363 and parameters: {'batch_size': 32, 'frozen_layers': 4, 'classifier_dropout': 0.1, 'learning_rate': 2e-05, 'weight_decay': 1e-06}. Best is trial 1 with value: 0.8787878787878788.
[I 2026-04-08 06:35:07,838] Trial 13 finished with value: 0.8606060606060606 and parameters: {'batch_size': 32, 'frozen_layers': 2, 'classifier_dropout': 0.4, 'learning_rate': 3e-05, 'weight_decay': 1e-06}. Best is trial 1 with value: 0.8787878787878788.
[I 2026-04-08 06:42:26,182] Trial 14 finished with value: 0.8909090909090909 and parameters: {'batch_size': 16, 'frozen_layers': 2, 'classifier_dropout': 0.3, 'learning_rate': 2e-05, 'weight_decay': 1e-06}. Best is trial 14 with value: 0.8909090909090909.
[I 2026-04-08 06:50:49,051] Trial 15 finished with value: 0.8545454545454545 and parameters: {'batch_size': 64, 'frozen_layers': 4, 'classifier_dropout': 0.2, 'learning_rate': 3e-05, 'weight_decay': 1e-06}. Best is trial 14 with value: 0.8909090909090909.
[I 2026-04-08 06:57:29,872] Trial 16 finished with value: 0.8424242424242424 and parameters: {'batch_size': 32, 'frozen_layers': 2, 'classifier_dropout': 0.1, 'learning_rate': 1e-05, 'weight_decay': 1e-06}. Best is trial 14 with value: 0.8909090909090909.
[I 2026-04-08 07:04:36,328] Trial 17 finished with value: 0.8606060606060606 and parameters: {'batch_size': 16, 'frozen_layers': 6, 'classifier_dropout': 0.3, 'learning_rate': 1e-05, 'weight_decay': 0.0001}. Best is trial 14 with value: 0.8909090909090909.
[I 2026-04-08 07:10:56,000] Trial 18 finished with value: 0.8606060606060606 and parameters: {'batch_size': 32, 'frozen_layers': 6, 'classifier_dropout': 0.1, 'learning_rate': 3e-05, 'weight_decay': 1e-06}. Best is trial 14 with value: 0.8909090909090909.
[I 2026-04-08 07:17:43,373] Trial 19 finished with value: 0.8545454545454545 and parameters: {'batch_size': 32, 'frozen_layers': 0, 'classifier_dropout': 0.4, 'learning_rate': 0.0001, 'weight_decay': 1e-06}. Best is trial 14 with value: 0.8909090909090909.
[I 2026-04-08 07:24:16,199] Trial 20 finished with value: 0.8363636363636363 and parameters: {'batch_size': 32, 'frozen_layers': 4, 'classifier_dropout': 0.2, 'learning_rate': 2e-05, 'weight_decay': 0.001}. Best is trial 14 with value: 0.8909090909090909.
[I 2026-04-08 07:31:28,868] Trial 21 finished with value: 0.8545454545454545 and parameters: {'batch_size': 16, 'frozen_layers': 4, 'classifier_dropout': 0.1, 'learning_rate': 1e-05, 'weight_decay': 1e-05}. Best is trial 14 with value: 0.8909090909090909.
[I 2026-04-08 07:37:56,506] Trial 22 finished with value: 0.8606060606060606 and parameters: {'batch_size': 32, 'frozen_layers': 6, 'classifier_dropout': 0.4, 'learning_rate': 3e-05, 'weight_decay': 1e-05}. Best is trial 14 with value: 0.8909090909090909.
[I 2026-04-08 07:44:33,368] Trial 23 finished with value: 0.8606060606060606 and parameters: {'batch_size': 64, 'frozen_layers': 2, 'classifier_dropout': 0.3, 'learning_rate': 0.0001, 'weight_decay': 0.0001}. Best is trial 14 with value: 0.8909090909090909.
[I 2026-04-08 07:51:11,090] Trial 24 finished with value: 0.8545454545454545 and parameters: {'batch_size': 32, 'frozen_layers': 4, 'classifier_dropout': 0.2, 'learning_rate': 1e-05, 'weight_decay': 0.001}. Best is trial 14 with value: 0.8909090909090909.
[I 2026-04-08 07:58:49,935] Trial 25 finished with value: 0.8787878787878788 and parameters: {'batch_size': 16, 'frozen_layers': 6, 'classifier_dropout': 0.2, 'learning_rate': 2e-05, 'weight_decay': 0.0001}. Best is trial 14 with value: 0.8909090909090909.
[I 2026-04-08 08:06:38,554] Trial 26 finished with value: 0.8484848484848485 and parameters: {'batch_size': 64, 'frozen_layers': 0, 'classifier_dropout': 0.3, 'learning_rate': 1e-05, 'weight_decay': 1e-06}. Best is trial 14 with value: 0.8909090909090909.
[I 2026-04-08 08:15:39,573] Trial 27 finished with value: 0.8606060606060606 and parameters: {'batch_size': 16, 'frozen_layers': 0, 'classifier_dropout': 0.3, 'learning_rate': 5e-05, 'weight_decay': 0.0001}. Best is trial 14 with value: 0.8909090909090909.
[I 2026-04-08 08:23:23,412] Trial 28 finished with value: 0.8606060606060606 and parameters: {'batch_size': 16, 'frozen_layers': 4, 'classifier_dropout': 0.2, 'learning_rate': 0.0001, 'weight_decay': 1e-05}. Best is trial 14 with value: 0.8909090909090909.
[I 2026-04-08 08:30:09,321] Trial 29 finished with value: 0.896969696969697 and parameters: {'batch_size': 32, 'frozen_layers': 2, 'classifier_dropout': 0.3, 'learning_rate': 5e-05, 'weight_decay': 1e-06}. Best is trial 29 with value: 0.896969696969697.
[I 2026-04-08 08:36:42,235] Trial 30 finished with value: 0.8666666666666667 and parameters: {'batch_size': 32, 'frozen_layers': 4, 'classifier_dropout': 0.3, 'learning_rate': 0.0001, 'weight_decay': 0.0001}. Best is trial 29 with value: 0.896969696969697.
[I 2026-04-08 08:46:16,527] Trial 31 finished with value: 0.8363636363636363 and parameters: {'batch_size': 64, 'frozen_layers': 2, 'classifier_dropout': 0.1, 'learning_rate': 1e-05, 'weight_decay': 1e-06}. Best is trial 29 with value: 0.896969696969697.
[I 2026-04-08 08:53:44,390] Trial 32 finished with value: 0.8484848484848485 and parameters: {'batch_size': 32, 'frozen_layers': 4, 'classifier_dropout': 0.2, 'learning_rate': 3e-05, 'weight_decay': 0.0001}. Best is trial 29 with value: 0.896969696969697.
[I 2026-04-08 09:00:07,919] Trial 33 finished with value: 0.8606060606060606 and parameters: {'batch_size': 32, 'frozen_layers': 6, 'classifier_dropout': 0.3, 'learning_rate': 0.0001, 'weight_decay': 0.0001}. Best is trial 29 with value: 0.896969696969697.
[I 2026-04-08 09:07:35,781] Trial 34 finished with value: 0.7818181818181819 and parameters: {'batch_size': 16, 'frozen_layers': 2, 'classifier_dropout': 0.2, 'learning_rate': 0.0001, 'weight_decay': 1e-05}. Best is trial 29 with value: 0.896969696969697.
[I 2026-04-08 09:14:57,400] Trial 35 finished with value: 0.8606060606060606 and parameters: {'batch_size': 16, 'frozen_layers': 4, 'classifier_dropout': 0.1, 'learning_rate': 0.0001, 'weight_decay': 1e-05}. Best is trial 29 with value: 0.896969696969697.
[I 2026-04-08 09:14:57,788] Trial 36 pruned. Duplicate hyper-parameters, same as those used in trial 35: {'batch_size': 16, 'frozen_layers': 4, 'classifier_dropout': 0.1, 'learning_rate': 0.0001, 'weight_decay': 1e-05}.
[I 2026-04-08 09:24:11,041] Trial 37 finished with value: 0.8424242424242424 and parameters: {'batch_size': 64, 'frozen_layers': 4, 'classifier_dropout': 0.2, 'learning_rate': 1e-05, 'weight_decay': 0.0001}. Best is trial 29 with value: 0.896969696969697.
[I 2026-04-08 09:31:29,504] Trial 38 finished with value: 0.8606060606060606 and parameters: {'batch_size': 32, 'frozen_layers': 6, 'classifier_dropout': 0.1, 'learning_rate': 1e-05, 'weight_decay': 1e-05}. Best is trial 29 with value: 0.896969696969697.
[I 2026-04-08 09:38:47,214] Trial 39 finished with value: 0.8606060606060606 and parameters: {'batch_size': 16, 'frozen_layers': 4, 'classifier_dropout': 0.3, 'learning_rate': 0.0001, 'weight_decay': 1e-06}. Best is trial 29 with value: 0.896969696969697.
[I 2026-04-08 09:46:01,362] Trial 40 finished with value: 0.8727272727272727 and parameters: {'batch_size': 16, 'frozen_layers': 6, 'classifier_dropout': 0.4, 'learning_rate': 3e-05, 'weight_decay': 1e-06}. Best is trial 29 with value: 0.896969696969697.
[I 2026-04-08 09:53:18,486] Trial 41 finished with value: 0.8787878787878788 and parameters: {'batch_size': 16, 'frozen_layers': 4, 'classifier_dropout': 0.2, 'learning_rate': 5e-05, 'weight_decay': 1e-06}. Best is trial 29 with value: 0.896969696969697.
[I 2026-04-08 10:01:06,959] Trial 42 finished with value: 0.8606060606060606 and parameters: {'batch_size': 32, 'frozen_layers': 0, 'classifier_dropout': 0.1, 'learning_rate': 3e-05, 'weight_decay': 0.0001}. Best is trial 29 with value: 0.896969696969697.
[I 2026-04-08 10:08:23,034] Trial 43 finished with value: 0.8666666666666667 and parameters: {'batch_size': 16, 'frozen_layers': 4, 'classifier_dropout': 0.3, 'learning_rate': 2e-05, 'weight_decay': 1e-06}. Best is trial 29 with value: 0.896969696969697.
[I 2026-04-08 10:15:06,283] Trial 44 finished with value: 0.8424242424242424 and parameters: {'batch_size': 32, 'frozen_layers': 2, 'classifier_dropout': 0.4, 'learning_rate': 1e-05, 'weight_decay': 1e-05}. Best is trial 29 with value: 0.896969696969697.
[I 2026-04-08 10:22:17,288] Trial 45 finished with value: 0.8666666666666667 and parameters: {'batch_size': 16, 'frozen_layers': 4, 'classifier_dropout': 0.4, 'learning_rate': 2e-05, 'weight_decay': 1e-05}. Best is trial 29 with value: 0.896969696969697.
[I 2026-04-08 10:29:02,468] Trial 46 finished with value: 0.8424242424242424 and parameters: {'batch_size': 64, 'frozen_layers': 0, 'classifier_dropout': 0.2, 'learning_rate': 2e-05, 'weight_decay': 1e-05}. Best is trial 29 with value: 0.896969696969697.
[I 2026-04-08 10:35:47,701] Trial 47 finished with value: 0.8606060606060606 and parameters: {'batch_size': 64, 'frozen_layers': 0, 'classifier_dropout': 0.1, 'learning_rate': 3e-05, 'weight_decay': 0.001}. Best is trial 29 with value: 0.896969696969697.
[I 2026-04-08 10:43:06,701] Trial 48 finished with value: 0.8606060606060606 and parameters: {'batch_size': 32, 'frozen_layers': 6, 'classifier_dropout': 0.4, 'learning_rate': 1e-05, 'weight_decay': 0.001}. Best is trial 29 with value: 0.896969696969697.
[I 2026-04-08 10:49:48,280] Trial 49 finished with value: 0.8424242424242424 and parameters: {'batch_size': 32, 'frozen_layers': 2, 'classifier_dropout': 0.3, 'learning_rate': 1e-05, 'weight_decay': 0.0001}. Best is trial 29 with value: 0.896969696969697.
[I 2026-04-08 10:59:16,916] Trial 50 finished with value: 0.8363636363636363 and parameters: {'batch_size': 64, 'frozen_layers': 2, 'classifier_dropout': 0.1, 'learning_rate': 1e-05, 'weight_decay': 0.0001}. Best is trial 29 with value: 0.896969696969697.
[UPDATE] 50 completed trials using a random sampler. Switching from random to TPE sampling.
[I 2026-04-08 10:59:17,360] Trial 51 pruned. Duplicate hyper-parameters, same as those used in trial 29: {'batch_size': 32, 'frozen_layers': 2, 'classifier_dropout': 0.3, 'learning_rate': 5e-05, 'weight_decay': 1e-06}.
[I 2026-04-08 10:59:17,841] Trial 52 pruned. Duplicate hyper-parameters, same as those used in trial 1: {'batch_size': 16, 'frozen_layers': 4, 'classifier_dropout': 0.4, 'learning_rate': 5e-05, 'weight_decay': 0.0001}.
[I 2026-04-08 10:59:18,276] Trial 53 pruned. Duplicate hyper-parameters, same as those used in trial 40: {'batch_size': 16, 'frozen_layers': 6, 'classifier_dropout': 0.4, 'learning_rate': 3e-05, 'weight_decay': 1e-06}.
[I 2026-04-08 10:59:18,739] Trial 54 pruned. Duplicate hyper-parameters, same as those used in trial 25: {'batch_size': 16, 'frozen_layers': 6, 'classifier_dropout': 0.2, 'learning_rate': 2e-05, 'weight_decay': 0.0001}.
[I 2026-04-08 11:06:32,060] Trial 55 finished with value: 0.8909090909090909 and parameters: {'batch_size': 16, 'frozen_layers': 2, 'classifier_dropout': 0.3, 'learning_rate': 2e-05, 'weight_decay': 0.001}. Best is trial 29 with value: 0.896969696969697.
[I 2026-04-08 11:06:32,576] Trial 56 pruned. Duplicate hyper-parameters, same as those used in trial 55: {'batch_size': 16, 'frozen_layers': 2, 'classifier_dropout': 0.3, 'learning_rate': 2e-05, 'weight_decay': 0.001}.
[I 2026-04-08 11:13:53,295] Trial 57 finished with value: 0.8909090909090909 and parameters: {'batch_size': 16, 'frozen_layers': 2, 'classifier_dropout': 0.2, 'learning_rate': 2e-05, 'weight_decay': 1e-06}. Best is trial 29 with value: 0.896969696969697.
[I 2026-04-08 11:21:20,920] Trial 58 finished with value: 0.8848484848484849 and parameters: {'batch_size': 16, 'frozen_layers': 0, 'classifier_dropout': 0.2, 'learning_rate': 2e-05, 'weight_decay': 1e-06}. Best is trial 29 with value: 0.896969696969697.
[I 2026-04-08 11:21:21,452] Trial 59 pruned. Duplicate hyper-parameters, same as those used in trial 57: {'batch_size': 16, 'frozen_layers': 2, 'classifier_dropout': 0.2, 'learning_rate': 2e-05, 'weight_decay': 1e-06}.
[I 2026-04-08 11:28:50,949] Trial 60 finished with value: 0.8545454545454545 and parameters: {'batch_size': 16, 'frozen_layers': 0, 'classifier_dropout': 0.2, 'learning_rate': 1e-05, 'weight_decay': 1e-06}. Best is trial 29 with value: 0.896969696969697.
[I 2026-04-08 11:28:51,451] Trial 61 pruned. Duplicate hyper-parameters, same as those used in trial 14: {'batch_size': 16, 'frozen_layers': 2, 'classifier_dropout': 0.3, 'learning_rate': 2e-05, 'weight_decay': 1e-06}.
[I 2026-04-08 11:36:14,411] Trial 62 finished with value: 0.8848484848484849 and parameters: {'batch_size': 16, 'frozen_layers': 0, 'classifier_dropout': 0.4, 'learning_rate': 2e-05, 'weight_decay': 0.001}. Best is trial 29 with value: 0.896969696969697.
[I 2026-04-08 11:43:23,756] Trial 63 finished with value: 0.8787878787878788 and parameters: {'batch_size': 16, 'frozen_layers': 6, 'classifier_dropout': 0.4, 'learning_rate': 2e-05, 'weight_decay': 0.001}. Best is trial 29 with value: 0.896969696969697.
[I 2026-04-08 11:43:24,266] Trial 64 pruned. Duplicate hyper-parameters, same as those used in trial 58: {'batch_size': 16, 'frozen_layers': 0, 'classifier_dropout': 0.2, 'learning_rate': 2e-05, 'weight_decay': 1e-06}.
[I 2026-04-08 11:50:45,586] Trial 65 finished with value: 0.8666666666666667 and parameters: {'batch_size': 16, 'frozen_layers': 2, 'classifier_dropout': 0.3, 'learning_rate': 5e-05, 'weight_decay': 1e-05}. Best is trial 29 with value: 0.896969696969697.
[I 2026-04-08 11:58:13,271] Trial 66 finished with value: 0.8848484848484849 and parameters: {'batch_size': 16, 'frozen_layers': 0, 'classifier_dropout': 0.4, 'learning_rate': 2e-05, 'weight_decay': 1e-06}. Best is trial 29 with value: 0.896969696969697.
[I 2026-04-08 11:58:13,809] Trial 67 pruned. Duplicate hyper-parameters, same as those used in trial 66: {'batch_size': 16, 'frozen_layers': 0, 'classifier_dropout': 0.4, 'learning_rate': 2e-05, 'weight_decay': 1e-06}.
[I 2026-04-08 12:04:59,424] Trial 68 finished with value: 0.8424242424242424 and parameters: {'batch_size': 64, 'frozen_layers': 0, 'classifier_dropout': 0.4, 'learning_rate': 2e-05, 'weight_decay': 0.001}. Best is trial 29 with value: 0.896969696969697.
[I 2026-04-08 12:04:59,994] Trial 69 pruned. Duplicate hyper-parameters, same as those used in trial 62: {'batch_size': 16, 'frozen_layers': 0, 'classifier_dropout': 0.4, 'learning_rate': 2e-05, 'weight_decay': 0.001}.
[I 2026-04-08 12:12:02,447] Trial 70 finished with value: 0.8787878787878788 and parameters: {'batch_size': 16, 'frozen_layers': 6, 'classifier_dropout': 0.1, 'learning_rate': 2e-05, 'weight_decay': 1e-06}. Best is trial 29 with value: 0.896969696969697.
[I 2026-04-08 12:18:50,819] Trial 71 finished with value: 0.8909090909090909 and parameters: {'batch_size': 32, 'frozen_layers': 0, 'classifier_dropout': 0.2, 'learning_rate': 5e-05, 'weight_decay': 1e-06}. Best is trial 29 with value: 0.896969696969697.
[I 2026-04-08 12:25:27,052] Trial 72 finished with value: 0.8545454545454545 and parameters: {'batch_size': 64, 'frozen_layers': 2, 'classifier_dropout': 0.4, 'learning_rate': 2e-05, 'weight_decay': 1e-06}. Best is trial 29 with value: 0.896969696969697.
[I 2026-04-08 12:25:27,611] Trial 73 pruned. Duplicate hyper-parameters, same as those used in trial 71: {'batch_size': 32, 'frozen_layers': 0, 'classifier_dropout': 0.2, 'learning_rate': 5e-05, 'weight_decay': 1e-06}.
[I 2026-04-08 12:32:06,738] Trial 74 finished with value: 0.896969696969697 and parameters: {'batch_size': 32, 'frozen_layers': 2, 'classifier_dropout': 0.2, 'learning_rate': 5e-05, 'weight_decay': 0.001}. Best is trial 29 with value: 0.896969696969697.
[I 2026-04-08 12:32:07,290] Trial 75 pruned. Duplicate hyper-parameters, same as those used in trial 74: {'batch_size': 32, 'frozen_layers': 2, 'classifier_dropout': 0.2, 'learning_rate': 5e-05, 'weight_decay': 0.001}.
[I 2026-04-08 12:38:47,317] Trial 76 finished with value: 0.8606060606060606 and parameters: {'batch_size': 32, 'frozen_layers': 2, 'classifier_dropout': 0.3, 'learning_rate': 2e-05, 'weight_decay': 1e-05}. Best is trial 29 with value: 0.896969696969697.
[I 2026-04-08 12:46:04,791] Trial 77 finished with value: 0.8848484848484849 and parameters: {'batch_size': 16, 'frozen_layers': 2, 'classifier_dropout': 0.3, 'learning_rate': 3e-05, 'weight_decay': 0.0001}. Best is trial 29 with value: 0.896969696969697.
[I 2026-04-08 12:53:52,905] Trial 78 finished with value: 0.8606060606060606 and parameters: {'batch_size': 32, 'frozen_layers': 0, 'classifier_dropout': 0.2, 'learning_rate': 3e-05, 'weight_decay': 0.001}. Best is trial 29 with value: 0.896969696969697.
[I 2026-04-08 13:00:43,351] Trial 79 finished with value: 0.8909090909090909 and parameters: {'batch_size': 32, 'frozen_layers': 0, 'classifier_dropout': 0.3, 'learning_rate': 5e-05, 'weight_decay': 0.001}. Best is trial 29 with value: 0.896969696969697.
[I 2026-04-08 13:00:43,811] Trial 80 pruned. Duplicate hyper-parameters, same as those used in trial 79: {'batch_size': 32, 'frozen_layers': 0, 'classifier_dropout': 0.3, 'learning_rate': 5e-05, 'weight_decay': 0.001}.
[I 2026-04-08 13:07:34,914] Trial 81 finished with value: 0.8909090909090909 and parameters: {'batch_size': 32, 'frozen_layers': 0, 'classifier_dropout': 0.1, 'learning_rate': 5e-05, 'weight_decay': 1e-05}. Best is trial 29 with value: 0.896969696969697.
[I 2026-04-08 13:14:24,365] Trial 82 finished with value: 0.8909090909090909 and parameters: {'batch_size': 32, 'frozen_layers': 0, 'classifier_dropout': 0.3, 'learning_rate': 5e-05, 'weight_decay': 1e-05}. Best is trial 29 with value: 0.896969696969697.
[I 2026-04-08 13:14:24,966] Trial 83 pruned. Duplicate hyper-parameters, same as those used in trial 82: {'batch_size': 32, 'frozen_layers': 0, 'classifier_dropout': 0.3, 'learning_rate': 5e-05, 'weight_decay': 1e-05}.
[I 2026-04-08 13:14:25,516] Trial 84 pruned. Duplicate hyper-parameters, same as those used in trial 81: {'batch_size': 32, 'frozen_layers': 0, 'classifier_dropout': 0.1, 'learning_rate': 5e-05, 'weight_decay': 1e-05}.
[I 2026-04-08 13:21:14,802] Trial 85 finished with value: 0.8545454545454545 and parameters: {'batch_size': 32, 'frozen_layers': 0, 'classifier_dropout': 0.2, 'learning_rate': 0.0001, 'weight_decay': 1e-05}. Best is trial 29 with value: 0.896969696969697.
[I 2026-04-08 13:27:55,071] Trial 86 finished with value: 0.896969696969697 and parameters: {'batch_size': 32, 'frozen_layers': 2, 'classifier_dropout': 0.2, 'learning_rate': 5e-05, 'weight_decay': 1e-05}. Best is trial 29 with value: 0.896969696969697.
