[I 2026-02-14 12:22:51,421] Trial 174 finished with value: 0.9443968998704897 and parameters: {'batch_size': 32, 'frozen_layers': 2, 'classifier_dropout': 0.3, 'learning_rate': 2e-05, 'weight_decay': 1e-05}. Best is trial 29 with value: 0.9601642065108841.
[I 2026-02-14 12:44:17,379] Trial 175 finished with value: 0.9443968998704897 and parameters: {'batch_size': 32, 'frozen_layers': 2, 'classifier_dropout': 0.1, 'learning_rate': 2e-05, 'weight_decay': 1e-06}. Best is trial 29 with value: 0.9601642065108841.
[I 2026-02-14 13:03:20,442] Trial 176 finished with value: 0.9389099687041791 and parameters: {'batch_size': 32, 'frozen_layers': 2, 'classifier_dropout': 0.3, 'learning_rate': 5e-05, 'weight_decay': 0.001}. Best is trial 29 with value: 0.9601642065108841.
[I 2026-02-14 13:27:25,520] Trial 177 finished with value: 0.9388919514241217 and parameters: {'batch_size': 16, 'frozen_layers': 2, 'classifier_dropout': 0.2, 'learning_rate': 5e-05, 'weight_decay': 1e-06}. Best is trial 29 with value: 0.9601642065108841.
[I 2026-02-14 13:49:15,241] Trial 178 finished with value: 0.9491314921946474 and parameters: {'batch_size': 16, 'frozen_layers': 0, 'classifier_dropout': 0.2, 'learning_rate': 5e-05, 'weight_decay': 0.001}. Best is trial 29 with value: 0.9601642065108841.
[I 2026-02-14 14:07:56,562] Trial 179 finished with value: 0.9233154700085117 and parameters: {'batch_size': 32, 'frozen_layers': 4, 'classifier_dropout': 0.3, 'learning_rate': 5e-05, 'weight_decay': 0.0001}. Best is trial 29 with value: 0.9601642065108841.
[I 2026-02-14 14:26:06,441] Trial 180 finished with value: 0.9227852309721125 and parameters: {'batch_size': 32, 'frozen_layers': 6, 'classifier_dropout': 0.2, 'learning_rate': 5e-05, 'weight_decay': 0.001}. Best is trial 29 with value: 0.9601642065108841.

[UPDATE] Unbound limits: {'batch_size': (np.int64(16), np.int64(64)), 'frozen_layers': (np.int64(0), np.int64(4)), 'classifier_dropout': (np.float64(0.1), np.float64(0.4)), 'learning_rate': (np.float64(3e-05), np.float64(0.0001)), 'weight_decay': (np.float64(1e-06), np.float64(0.0001))}
[I 2026-02-14 14:26:06,929] A new study created in RDB with name: R8-Fine-tuning-unbound
[I 2026-02-14 14:26:06,993] Trial 0 finished with value: 0.9601642065108841 and parameters: {'batch_size': 32, 'frozen_layers': 2, 'classifier_dropout': 0.3, 'learning_rate': 5e-05, 'weight_decay': 1e-06}.
[I 2026-02-14 14:26:06,994] Trial 1 finished with value: 0.9601642065108841 and parameters: {'batch_size': 32, 'frozen_layers': 2, 'classifier_dropout': 0.2, 'learning_rate': 5e-05, 'weight_decay': 1e-06}.
[I 2026-02-14 14:26:06,994] Trial 2 finished with value: 0.9601642065108841 and parameters: {'batch_size': 32, 'frozen_layers': 2, 'classifier_dropout': 0.3, 'learning_rate': 5e-05, 'weight_decay': 1e-05}.
[I 2026-02-14 14:44:50,638] Trial 3 finished with value: 0.9297275695176221 and parameters: {'batch_size': 32, 'frozen_layers': 4, 'classifier_dropout': 0.31959818254342154, 'learning_rate': 6.168038158199002e-05, 'weight_decay': 2.05133826308745e-06}. Best is trial 0 with value: 0.9601642065108841.
[I 2026-02-14 15:04:48,946] Trial 4 finished with value: 0.9324856896128033 and parameters: {'batch_size': 24, 'frozen_layers': 0, 'classifier_dropout': 0.3598528437324806, 'learning_rate': 6.186307704341193e-05, 'weight_decay': 2.6070247583707675e-05}. Best is trial 0 with value: 0.9601642065108841.
[I 2026-02-14 15:25:54,774] Trial 5 finished with value: 0.9495807958397459 and parameters: {'batch_size': 16, 'frozen_layers': 4, 'classifier_dropout': 0.34973279224012654, 'learning_rate': 3.873904074108898e-05, 'weight_decay': 2.310201887845294e-06}. Best is trial 0 with value: 0.9601642065108841.
[I 2026-02-14 15:50:31,677] Trial 6 finished with value: 0.9367378939361904 and parameters: {'batch_size': 24, 'frozen_layers': 1, 'classifier_dropout': 0.2574269294896714, 'learning_rate': 5.046335539165066e-05, 'weight_decay': 3.823475224675187e-06}. Best is trial 0 with value: 0.9601642065108841.
[I 2026-02-14 16:10:14,198] Trial 7 finished with value: 0.935447336787605 and parameters: {'batch_size': 48, 'frozen_layers': 0, 'classifier_dropout': 0.18764339456056545, 'learning_rate': 4.6632003580742355e-05, 'weight_decay': 8.168455894760166e-06}. Best is trial 0 with value: 0.9601642065108841.
[I 2026-02-14 16:34:23,750] Trial 8 finished with value: 0.937641986122076 and parameters: {'batch_size': 56, 'frozen_layers': 0, 'classifier_dropout': 0.2542703315240835, 'learning_rate': 6.121843755950256e-05, 'weight_decay': 1.2385137298860933e-06}. Best is trial 0 with value: 0.9601642065108841.
[I 2026-02-14 16:56:21,785] Trial 9 finished with value: 0.9305305579582099 and parameters: {'batch_size': 48, 'frozen_layers': 0, 'classifier_dropout': 0.11951547789558387, 'learning_rate': 9.403149345691192e-05, 'weight_decay': 8.536189862866841e-05}. Best is trial 0 with value: 0.9601642065108841.
[I 2026-02-14 17:15:21,592] Trial 10 finished with value: 0.9450108684263436 and parameters: {'batch_size': 56, 'frozen_layers': 1, 'classifier_dropout': 0.12930163420191518, 'learning_rate': 6.837418474664327e-05, 'weight_decay': 7.5911048052827045e-06}. Best is trial 0 with value: 0.9601642065108841.
[I 2026-02-14 17:37:37,491] Trial 11 finished with value: 0.9265132045480413 and parameters: {'batch_size': 16, 'frozen_layers': 2, 'classifier_dropout': 0.11031655633456552, 'learning_rate': 8.965728132196335e-05, 'weight_decay': 3.292759134423615e-06}. Best is trial 0 with value: 0.9601642065108841.
[I 2026-02-14 17:56:52,237] Trial 12 finished with value: 0.9088794763299614 and parameters: {'batch_size': 48, 'frozen_layers': 1, 'classifier_dropout': 0.2560204063533433, 'learning_rate': 5.7940793638335996e-05, 'weight_decay': 2.342658105820405e-06}. Best is trial 0 with value: 0.9601642065108841.
[I 2026-02-14 18:17:49,027] Trial 13 finished with value: 0.9467418408402197 and parameters: {'batch_size': 64, 'frozen_layers': 3, 'classifier_dropout': 0.38184968246925677, 'learning_rate': 8.810640009855045e-05, 'weight_decay': 1.569639638866115e-05}. Best is trial 0 with value: 0.9601642065108841.
[I 2026-02-14 18:41:51,676] Trial 14 finished with value: 0.9459811766516766 and parameters: {'batch_size': 64, 'frozen_layers': 0, 'classifier_dropout': 0.15879485872574356, 'learning_rate': 3.16788671617536e-05, 'weight_decay': 4.473636174621267e-06}. Best is trial 0 with value: 0.9601642065108841.
[I 2026-02-14 19:03:42,172] Trial 15 finished with value: 0.9333019465006742 and parameters: {'batch_size': 32, 'frozen_layers': 1, 'classifier_dropout': 0.34862125274557887, 'learning_rate': 4.6095654581465385e-05, 'weight_decay': 3.646439558980721e-06}. Best is trial 0 with value: 0.9601642065108841.
[I 2026-02-14 19:23:09,176] Trial 16 finished with value: 0.9282184699174122 and parameters: {'batch_size': 40, 'frozen_layers': 0, 'classifier_dropout': 0.34065909422621193, 'learning_rate': 3.281725122795528e-05, 'weight_decay': 9.413993046829939e-05}. Best is trial 0 with value: 0.9601642065108841.
[I 2026-02-14 19:47:19,683] Trial 17 finished with value: 0.9564270094392059 and parameters: {'batch_size': 56, 'frozen_layers': 0, 'classifier_dropout': 0.10165663513708073, 'learning_rate': 8.007716757977903e-05, 'weight_decay': 2.59247566047516e-05}. Best is trial 0 with value: 0.9601642065108841.
[I 2026-02-14 20:06:01,965] Trial 18 finished with value: 0.9367830897970932 and parameters: {'batch_size': 56, 'frozen_layers': 3, 'classifier_dropout': 0.12221339552022711, 'learning_rate': 4.619078734619979e-05, 'weight_decay': 1.7050539260269282e-06}. Best is trial 0 with value: 0.9601642065108841.
[I 2026-02-14 20:29:09,829] Trial 19 finished with value: 0.9497352285704028 and parameters: {'batch_size': 64, 'frozen_layers': 3, 'classifier_dropout': 0.19926940745579477, 'learning_rate': 3.2385795199455616e-05, 'weight_decay': 4.187594718900629e-06}. Best is trial 0 with value: 0.9601642065108841.
[I 2026-02-14 20:50:25,942] Trial 20 finished with value: 0.935475057955858 and parameters: {'batch_size': 32, 'frozen_layers': 3, 'classifier_dropout': 0.29126724140656396, 'learning_rate': 8.730235124152463e-05, 'weight_decay': 8.798929749689028e-06}. Best is trial 0 with value: 0.9601642065108841.
[I 2026-02-14 21:09:58,480] Trial 21 finished with value: 0.9247097000978742 and parameters: {'batch_size': 16, 'frozen_layers': 3, 'classifier_dropout': 0.3282355145850693, 'learning_rate': 5.89659325790739e-05, 'weight_decay': 3.482846706526883e-05}. Best is trial 0 with value: 0.9601642065108841.
[I 2026-02-14 21:29:01,851] Trial 22 finished with value: 0.9498794533466584 and parameters: {'batch_size': 40, 'frozen_layers': 2, 'classifier_dropout': 0.2282623055075649, 'learning_rate': 3.093231155563182e-05, 'weight_decay': 1.643549747511132e-06}. Best is trial 0 with value: 0.9601642065108841.
[I 2026-02-14 21:50:27,978] Trial 23 finished with value: 0.9246650308380353 and parameters: {'batch_size': 32, 'frozen_layers': 2, 'classifier_dropout': 0.1570260852230206, 'learning_rate': 5.141305870194562e-05, 'weight_decay': 1.4275865660772624e-06}. Best is trial 0 with value: 0.9601642065108841.
[I 2026-02-14 22:12:21,860] Trial 24 finished with value: 0.9499885093719015 and parameters: {'batch_size': 24, 'frozen_layers': 2, 'classifier_dropout': 0.2990622564498579, 'learning_rate': 3.641164185106828e-05, 'weight_decay': 1.0481592159247266e-06}. Best is trial 0 with value: 0.9601642065108841.
[I 2026-02-14 22:31:40,591] Trial 25 finished with value: 0.8995579284772091 and parameters: {'batch_size': 32, 'frozen_layers': 1, 'classifier_dropout': 0.3340996271859328, 'learning_rate': 8.393265290652539e-05, 'weight_decay': 1.4559475275440207e-06}. Best is trial 0 with value: 0.9601642065108841.
[I 2026-02-14 22:50:23,612] Trial 26 finished with value: 0.9321170690209046 and parameters: {'batch_size': 40, 'frozen_layers': 3, 'classifier_dropout': 0.292693188157286, 'learning_rate': 4.522024274728645e-05, 'weight_decay': 4.075547862923156e-06}. Best is trial 0 with value: 0.9601642065108841.
[I 2026-02-14 23:11:35,987] Trial 27 finished with value: 0.929464098136096 and parameters: {'batch_size': 32, 'frozen_layers': 3, 'classifier_dropout': 0.27557231339698934, 'learning_rate': 4.2950442800253956e-05, 'weight_decay': 3.866093894733962e-05}. Best is trial 0 with value: 0.9601642065108841.
[I 2026-02-14 23:28:32,672] Trial 28 finished with value: 0.9269741810099454 and parameters: {'batch_size': 32, 'frozen_layers': 1, 'classifier_dropout': 0.24126973374738453, 'learning_rate': 3.77474234520167e-05, 'weight_decay': 1.5783883377463187e-05}. Best is trial 0 with value: 0.9601642065108841.
[I 2026-02-14 23:45:10,256] Trial 29 finished with value: 0.9336895160613741 and parameters: {'batch_size': 32, 'frozen_layers': 2, 'classifier_dropout': 0.30792546139818544, 'learning_rate': 5.865633718523712e-05, 'weight_decay': 1.0815572546443944e-06}. Best is trial 0 with value: 0.9601642065108841.
[I 2026-02-15 00:06:25,857] Trial 30 finished with value: 0.9342991117573115 and parameters: {'batch_size': 40, 'frozen_layers': 2, 'classifier_dropout': 0.37407194161222673, 'learning_rate': 3.412259329278046e-05, 'weight_decay': 1.8405825654357944e-06}. Best is trial 0 with value: 0.9601642065108841.
[I 2026-02-15 00:27:58,313] Trial 31 finished with value: 0.9489271308369145 and parameters: {'batch_size': 64, 'frozen_layers': 0, 'classifier_dropout': 0.11588617913559365, 'learning_rate': 6.498700338711488e-05, 'weight_decay': 4.377117400197621e-05}. Best is trial 0 with value: 0.9601642065108841.
[I 2026-02-15 00:49:38,812] Trial 32 finished with value: 0.9395246098998637 and parameters: {'batch_size': 32, 'frozen_layers': 1, 'classifier_dropout': 0.2387056922046321, 'learning_rate': 9.476802532192446e-05, 'weight_decay': 1.1258886082926216e-05}. Best is trial 0 with value: 0.9601642065108841.
[I 2026-02-15 01:14:15,046] Trial 33 finished with value: 0.9328859412144173 and parameters: {'batch_size': 24, 'frozen_layers': 1, 'classifier_dropout': 0.12993098132794842, 'learning_rate': 9.936294789935385e-05, 'weight_decay': 1.9216054346182397e-05}. Best is trial 0 with value: 0.9601642065108841.
[I 2026-02-15 01:33:07,378] Trial 34 finished with value: 0.9334498736578319 and parameters: {'batch_size': 40, 'frozen_layers': 2, 'classifier_dropout': 0.30655308308963575, 'learning_rate': 5.836635760658529e-05, 'weight_decay': 1.4965937935735342e-05}. Best is trial 0 with value: 0.9601642065108841.
[I 2026-02-15 01:55:40,019] Trial 35 finished with value: 0.9039947111235554 and parameters: {'batch_size': 24, 'frozen_layers': 0, 'classifier_dropout': 0.12032167156802513, 'learning_rate': 9.647584154382219e-05, 'weight_decay': 9.565259260941885e-06}. Best is trial 0 with value: 0.9601642065108841.
[I 2026-02-15 02:15:01,224] Trial 36 finished with value: 0.9544088215606888 and parameters: {'batch_size': 48, 'frozen_layers': 0, 'classifier_dropout': 0.1025787563621545, 'learning_rate': 6.59189597009841e-05, 'weight_decay': 1.949145817711714e-05}. Best is trial 0 with value: 0.9601642065108841.
[I 2026-02-15 02:34:13,160] Trial 37 finished with value: 0.932104459631601 and parameters: {'batch_size': 56, 'frozen_layers': 0, 'classifier_dropout': 0.15490430476228612, 'learning_rate': 8.957028089283616e-05, 'weight_decay': 1.5445010053621976e-05}. Best is trial 0 with value: 0.9601642065108841.
[I 2026-02-15 02:51:08,031] Trial 38 finished with value: 0.9262728826935351 and parameters: {'batch_size': 24, 'frozen_layers': 2, 'classifier_dropout': 0.24093663203738874, 'learning_rate': 4.390364221988587e-05, 'weight_decay': 1.0120491759122932e-06}. Best is trial 0 with value: 0.9601642065108841.
[I 2026-02-15 03:12:16,239] Trial 39 finished with value: 0.930903909660354 and parameters: {'batch_size': 48, 'frozen_layers': 3, 'classifier_dropout': 0.213193935957757, 'learning_rate': 5.58957417162968e-05, 'weight_decay': 1.2866850243767073e-06}. Best is trial 0 with value: 0.9601642065108841.
[I 2026-02-15 03:34:10,655] Trial 40 finished with value: 0.9219361735692609 and parameters: {'batch_size': 32, 'frozen_layers': 0, 'classifier_dropout': 0.178225432652176, 'learning_rate': 7.228116334337677e-05, 'weight_decay': 1.1152977421811865e-06}. Best is trial 0 with value: 0.9601642065108841.
[I 2026-02-15 03:58:29,523] Trial 41 finished with value: 0.9456807487319159 and parameters: {'batch_size': 48, 'frozen_layers': 0, 'classifier_dropout': 0.13277503838514707, 'learning_rate': 5.6175741211037375e-05, 'weight_decay': 2.3092238177468452e-05}. Best is trial 0 with value: 0.9601642065108841.
[I 2026-02-15 04:17:23,692] Trial 42 finished with value: 0.9064208208180283 and parameters: {'batch_size': 48, 'frozen_layers': 2, 'classifier_dropout': 0.1335525423961952, 'learning_rate': 9.797522967450618e-05, 'weight_decay': 4.60088797444783e-05}. Best is trial 0 with value: 0.9601642065108841.
[I 2026-02-15 04:39:16,407] Trial 43 finished with value: 0.9323636850080909 and parameters: {'batch_size': 48, 'frozen_layers': 0, 'classifier_dropout': 0.11598192198159632, 'learning_rate': 4.14536819017548e-05, 'weight_decay': 1.3159405537260089e-06}. Best is trial 0 with value: 0.9601642065108841.
[I 2026-02-15 05:00:34,813] Trial 44 finished with value: 0.9382667430920889 and parameters: {'batch_size': 56, 'frozen_layers': 1, 'classifier_dropout': 0.14402921252944526, 'learning_rate': 7.126615431888691e-05, 'weight_decay': 1.4072573433726225e-05}. Best is trial 0 with value: 0.9601642065108841.
[I 2026-02-15 05:16:54,833] Trial 45 finished with value: 0.9558140517286212 and parameters: {'batch_size': 40, 'frozen_layers': 3, 'classifier_dropout': 0.24855681929671894, 'learning_rate': 5.337696285396127e-05, 'weight_decay': 5.0865421050690985e-06}. Best is trial 0 with value: 0.9601642065108841.
[I 2026-02-15 05:35:39,806] Trial 46 finished with value: 0.9253525935099046 and parameters: {'batch_size': 40, 'frozen_layers': 3, 'classifier_dropout': 0.2046814269563721, 'learning_rate': 4.910047044616997e-05, 'weight_decay': 1.690784419935795e-05}. Best is trial 0 with value: 0.9601642065108841.
slurmstepd: error: *** JOB 2131768 ON kn058 CANCELLED AT 2026-02-15T05:42:04 DUE TO TIME LIMIT ***
