[I 2026-04-08 13:35:00,894] Trial 87 finished with value: 0.7818181818181819 and parameters: {'batch_size': 16, 'frozen_layers': 2, 'classifier_dropout': 0.1, 'learning_rate': 0.0001, 'weight_decay': 1e-06}. Best is trial 29 with value: 0.896969696969697.
[I 2026-04-08 13:35:01,374] Trial 88 pruned. Duplicate hyper-parameters, same as those used in trial 86: {'batch_size': 32, 'frozen_layers': 2, 'classifier_dropout': 0.2, 'learning_rate': 5e-05, 'weight_decay': 1e-05}.
[I 2026-04-08 13:41:43,498] Trial 89 finished with value: 0.8848484848484849 and parameters: {'batch_size': 64, 'frozen_layers': 0, 'classifier_dropout': 0.2, 'learning_rate': 5e-05, 'weight_decay': 0.001}. Best is trial 29 with value: 0.896969696969697.
[I 2026-04-08 13:48:03,771] Trial 90 finished with value: 0.8606060606060606 and parameters: {'batch_size': 32, 'frozen_layers': 6, 'classifier_dropout': 0.4, 'learning_rate': 5e-05, 'weight_decay': 1e-06}. Best is trial 29 with value: 0.896969696969697.
[I 2026-04-08 13:57:23,133] Trial 91 finished with value: 0.8606060606060606 and parameters: {'batch_size': 16, 'frozen_layers': 2, 'classifier_dropout': 0.2, 'learning_rate': 1e-05, 'weight_decay': 0.001}. Best is trial 29 with value: 0.896969696969697.
[I 2026-04-08 14:04:14,401] Trial 92 finished with value: 0.8909090909090909 and parameters: {'batch_size': 32, 'frozen_layers': 0, 'classifier_dropout': 0.3, 'learning_rate': 5e-05, 'weight_decay': 1e-06}. Best is trial 29 with value: 0.896969696969697.
[I 2026-04-08 14:11:43,534] Trial 93 finished with value: 0.8909090909090909 and parameters: {'batch_size': 16, 'frozen_layers': 2, 'classifier_dropout': 0.4, 'learning_rate': 2e-05, 'weight_decay': 0.0001}. Best is trial 29 with value: 0.896969696969697.
[I 2026-04-08 14:18:30,787] Trial 94 finished with value: 0.8606060606060606 and parameters: {'batch_size': 32, 'frozen_layers': 2, 'classifier_dropout': 0.2, 'learning_rate': 2e-05, 'weight_decay': 1e-06}. Best is trial 29 with value: 0.896969696969697.
[I 2026-04-08 14:24:49,352] Trial 95 finished with value: 0.8666666666666667 and parameters: {'batch_size': 64, 'frozen_layers': 6, 'classifier_dropout': 0.3, 'learning_rate': 5e-05, 'weight_decay': 0.001}. Best is trial 29 with value: 0.896969696969697.
[I 2026-04-08 14:32:16,267] Trial 96 finished with value: 0.8848484848484849 and parameters: {'batch_size': 16, 'frozen_layers': 2, 'classifier_dropout': 0.2, 'learning_rate': 3e-05, 'weight_decay': 1e-06}. Best is trial 29 with value: 0.896969696969697.
[I 2026-04-08 14:39:52,663] Trial 97 finished with value: 0.8666666666666667 and parameters: {'batch_size': 32, 'frozen_layers': 4, 'classifier_dropout': 0.1, 'learning_rate': 5e-05, 'weight_decay': 0.001}. Best is trial 29 with value: 0.896969696969697.
[I 2026-04-08 14:46:41,264] Trial 98 finished with value: 0.8787878787878788 and parameters: {'batch_size': 32, 'frozen_layers': 2, 'classifier_dropout': 0.3, 'learning_rate': 0.0001, 'weight_decay': 1e-06}. Best is trial 29 with value: 0.896969696969697.
[I 2026-04-08 14:55:55,969] Trial 99 finished with value: 0.8606060606060606 and parameters: {'batch_size': 16, 'frozen_layers': 0, 'classifier_dropout': 0.2, 'learning_rate': 5e-05, 'weight_decay': 1e-05}. Best is trial 29 with value: 0.896969696969697.
[I 2026-04-08 15:02:42,848] Trial 100 finished with value: 0.896969696969697 and parameters: {'batch_size': 32, 'frozen_layers': 2, 'classifier_dropout': 0.3, 'learning_rate': 5e-05, 'weight_decay': 0.001}. Best is trial 29 with value: 0.896969696969697.
[I 2026-04-08 15:09:31,482] Trial 101 finished with value: 0.8787878787878788 and parameters: {'batch_size': 32, 'frozen_layers': 2, 'classifier_dropout': 0.3, 'learning_rate': 0.0001, 'weight_decay': 0.001}. Best is trial 29 with value: 0.896969696969697.
[I 2026-04-08 15:17:06,843] Trial 102 finished with value: 0.8666666666666667 and parameters: {'batch_size': 32, 'frozen_layers': 4, 'classifier_dropout': 0.4, 'learning_rate': 5e-05, 'weight_decay': 1e-05}. Best is trial 29 with value: 0.896969696969697.
[I 2026-04-08 15:17:07,435] Trial 103 pruned. Duplicate hyper-parameters, same as those used in trial 100: {'batch_size': 32, 'frozen_layers': 2, 'classifier_dropout': 0.3, 'learning_rate': 5e-05, 'weight_decay': 0.001}.
[I 2026-04-08 15:23:56,992] Trial 104 finished with value: 0.896969696969697 and parameters: {'batch_size': 32, 'frozen_layers': 2, 'classifier_dropout': 0.1, 'learning_rate': 5e-05, 'weight_decay': 0.0001}. Best is trial 29 with value: 0.896969696969697.
[I 2026-04-08 15:23:57,537] Trial 105 pruned. Duplicate hyper-parameters, same as those used in trial 104: {'batch_size': 32, 'frozen_layers': 2, 'classifier_dropout': 0.1, 'learning_rate': 5e-05, 'weight_decay': 0.0001}.
[I 2026-04-08 15:30:46,646] Trial 106 finished with value: 0.896969696969697 and parameters: {'batch_size': 32, 'frozen_layers': 2, 'classifier_dropout': 0.3, 'learning_rate': 5e-05, 'weight_decay': 0.0001}. Best is trial 29 with value: 0.896969696969697.
[I 2026-04-08 15:37:25,945] Trial 107 finished with value: 0.8242424242424242 and parameters: {'batch_size': 64, 'frozen_layers': 2, 'classifier_dropout': 0.1, 'learning_rate': 5e-05, 'weight_decay': 1e-05}. Best is trial 29 with value: 0.896969696969697.
[I 2026-04-08 15:37:26,445] Trial 108 pruned. Duplicate hyper-parameters, same as those used in trial 106: {'batch_size': 32, 'frozen_layers': 2, 'classifier_dropout': 0.3, 'learning_rate': 5e-05, 'weight_decay': 0.0001}.
[I 2026-04-08 15:44:13,828] Trial 109 finished with value: 0.896969696969697 and parameters: {'batch_size': 32, 'frozen_layers': 2, 'classifier_dropout': 0.1, 'learning_rate': 5e-05, 'weight_decay': 1e-06}. Best is trial 29 with value: 0.896969696969697.
[I 2026-04-08 15:44:14,328] Trial 110 pruned. Duplicate hyper-parameters, same as those used in trial 109: {'batch_size': 32, 'frozen_layers': 2, 'classifier_dropout': 0.1, 'learning_rate': 5e-05, 'weight_decay': 1e-06}.
[I 2026-04-08 15:51:04,044] Trial 111 finished with value: 0.896969696969697 and parameters: {'batch_size': 32, 'frozen_layers': 2, 'classifier_dropout': 0.4, 'learning_rate': 5e-05, 'weight_decay': 0.0001}. Best is trial 29 with value: 0.896969696969697.
[I 2026-04-08 15:51:04,602] Trial 112 pruned. Duplicate hyper-parameters, same as those used in trial 111: {'batch_size': 32, 'frozen_layers': 2, 'classifier_dropout': 0.4, 'learning_rate': 5e-05, 'weight_decay': 0.0001}.
[I 2026-04-08 15:58:57,705] Trial 113 finished with value: 0.8787878787878788 and parameters: {'batch_size': 16, 'frozen_layers': 4, 'classifier_dropout': 0.3, 'learning_rate': 5e-05, 'weight_decay': 0.001}. Best is trial 29 with value: 0.896969696969697.
[I 2026-04-08 16:05:37,603] Trial 114 finished with value: 0.8606060606060606 and parameters: {'batch_size': 32, 'frozen_layers': 2, 'classifier_dropout': 0.4, 'learning_rate': 2e-05, 'weight_decay': 0.001}. Best is trial 29 with value: 0.896969696969697.
[I 2026-04-08 16:12:00,849] Trial 115 finished with value: 0.8606060606060606 and parameters: {'batch_size': 32, 'frozen_layers': 6, 'classifier_dropout': 0.2, 'learning_rate': 5e-05, 'weight_decay': 1e-05}. Best is trial 29 with value: 0.896969696969697.
[I 2026-04-08 16:18:52,330] Trial 116 finished with value: 0.8909090909090909 and parameters: {'batch_size': 32, 'frozen_layers': 0, 'classifier_dropout': 0.4, 'learning_rate': 5e-05, 'weight_decay': 0.0001}. Best is trial 29 with value: 0.896969696969697.
[I 2026-04-08 16:25:30,831] Trial 117 finished with value: 0.8242424242424242 and parameters: {'batch_size': 64, 'frozen_layers': 2, 'classifier_dropout': 0.3, 'learning_rate': 5e-05, 'weight_decay': 1e-06}. Best is trial 29 with value: 0.896969696969697.
[I 2026-04-08 16:36:02,569] Trial 118 finished with value: 0.703030303030303 and parameters: {'batch_size': 16, 'frozen_layers': 2, 'classifier_dropout': 0.3, 'learning_rate': 0.0001, 'weight_decay': 0.001}. Best is trial 29 with value: 0.896969696969697.
[I 2026-04-08 16:42:40,772] Trial 119 finished with value: 0.8242424242424242 and parameters: {'batch_size': 64, 'frozen_layers': 2, 'classifier_dropout': 0.2, 'learning_rate': 5e-05, 'weight_decay': 0.0001}. Best is trial 29 with value: 0.896969696969697.
[I 2026-04-08 16:50:14,020] Trial 120 finished with value: 0.8666666666666667 and parameters: {'batch_size': 32, 'frozen_layers': 4, 'classifier_dropout': 0.2, 'learning_rate': 5e-05, 'weight_decay': 1e-06}. Best is trial 29 with value: 0.896969696969697.
[I 2026-04-08 16:58:15,529] Trial 121 finished with value: 0.8424242424242424 and parameters: {'batch_size': 16, 'frozen_layers': 2, 'classifier_dropout': 0.1, 'learning_rate': 5e-05, 'weight_decay': 0.001}. Best is trial 29 with value: 0.896969696969697.
[I 2026-04-08 17:05:02,849] Trial 122 finished with value: 0.896969696969697 and parameters: {'batch_size': 32, 'frozen_layers': 2, 'classifier_dropout': 0.4, 'learning_rate': 5e-05, 'weight_decay': 1e-06}. Best is trial 29 with value: 0.896969696969697.
[I 2026-04-08 17:05:03,343] Trial 123 pruned. Duplicate hyper-parameters, same as those used in trial 122: {'batch_size': 32, 'frozen_layers': 2, 'classifier_dropout': 0.4, 'learning_rate': 5e-05, 'weight_decay': 1e-06}.
[I 2026-04-08 17:11:50,386] Trial 124 finished with value: 0.896969696969697 and parameters: {'batch_size': 32, 'frozen_layers': 2, 'classifier_dropout': 0.2, 'learning_rate': 5e-05, 'weight_decay': 0.0001}. Best is trial 29 with value: 0.896969696969697.
[I 2026-04-08 17:11:50,888] Trial 125 pruned. Duplicate hyper-parameters, same as those used in trial 124: {'batch_size': 32, 'frozen_layers': 2, 'classifier_dropout': 0.2, 'learning_rate': 5e-05, 'weight_decay': 0.0001}.
[I 2026-04-08 17:18:32,080] Trial 126 finished with value: 0.8545454545454545 and parameters: {'batch_size': 64, 'frozen_layers': 2, 'classifier_dropout': 0.3, 'learning_rate': 3e-05, 'weight_decay': 0.001}. Best is trial 29 with value: 0.896969696969697.
[I 2026-04-08 17:25:17,071] Trial 127 finished with value: 0.8787878787878788 and parameters: {'batch_size': 32, 'frozen_layers': 2, 'classifier_dropout': 0.1, 'learning_rate': 0.0001, 'weight_decay': 0.0001}. Best is trial 29 with value: 0.896969696969697.
[I 2026-04-08 17:32:08,091] Trial 128 finished with value: 0.8606060606060606 and parameters: {'batch_size': 32, 'frozen_layers': 2, 'classifier_dropout': 0.4, 'learning_rate': 3e-05, 'weight_decay': 0.0001}. Best is trial 29 with value: 0.896969696969697.
[I 2026-04-08 17:38:56,992] Trial 129 finished with value: 0.896969696969697 and parameters: {'batch_size': 32, 'frozen_layers': 2, 'classifier_dropout': 0.4, 'learning_rate': 5e-05, 'weight_decay': 0.001}. Best is trial 29 with value: 0.896969696969697.
[I 2026-04-08 17:38:57,496] Trial 130 pruned. Duplicate hyper-parameters, same as those used in trial 129: {'batch_size': 32, 'frozen_layers': 2, 'classifier_dropout': 0.4, 'learning_rate': 5e-05, 'weight_decay': 0.001}.
[I 2026-04-08 17:48:15,114] Trial 131 finished with value: 0.8606060606060606 and parameters: {'batch_size': 16, 'frozen_layers': 2, 'classifier_dropout': 0.3, 'learning_rate': 1e-05, 'weight_decay': 1e-06}. Best is trial 29 with value: 0.896969696969697.
[I 2026-04-08 17:55:06,215] Trial 132 finished with value: 0.8606060606060606 and parameters: {'batch_size': 32, 'frozen_layers': 2, 'classifier_dropout': 0.2, 'learning_rate': 3e-05, 'weight_decay': 1e-05}. Best is trial 29 with value: 0.896969696969697.
[I 2026-04-08 18:01:56,533] Trial 133 finished with value: 0.896969696969697 and parameters: {'batch_size': 32, 'frozen_layers': 2, 'classifier_dropout': 0.4, 'learning_rate': 5e-05, 'weight_decay': 1e-05}. Best is trial 29 with value: 0.896969696969697.
[I 2026-04-08 18:01:57,038] Trial 134 pruned. Duplicate hyper-parameters, same as those used in trial 133: {'batch_size': 32, 'frozen_layers': 2, 'classifier_dropout': 0.4, 'learning_rate': 5e-05, 'weight_decay': 1e-05}.
[I 2026-04-08 18:08:43,577] Trial 135 finished with value: 0.896969696969697 and parameters: {'batch_size': 32, 'frozen_layers': 2, 'classifier_dropout': 0.1, 'learning_rate': 5e-05, 'weight_decay': 1e-05}. Best is trial 29 with value: 0.896969696969697.
[I 2026-04-08 18:15:04,858] Trial 136 finished with value: 0.8606060606060606 and parameters: {'batch_size': 32, 'frozen_layers': 6, 'classifier_dropout': 0.3, 'learning_rate': 5e-05, 'weight_decay': 0.0001}. Best is trial 29 with value: 0.896969696969697.
[I 2026-04-08 18:15:05,320] Trial 137 pruned. Duplicate hyper-parameters, same as those used in trial 135: {'batch_size': 32, 'frozen_layers': 2, 'classifier_dropout': 0.1, 'learning_rate': 5e-05, 'weight_decay': 1e-05}.
[I 2026-04-08 18:21:44,196] Trial 138 finished with value: 0.896969696969697 and parameters: {'batch_size': 32, 'frozen_layers': 2, 'classifier_dropout': 0.2, 'learning_rate': 5e-05, 'weight_decay': 1e-06}. Best is trial 29 with value: 0.896969696969697.
[I 2026-04-08 18:21:44,677] Trial 139 pruned. Duplicate hyper-parameters, same as those used in trial 138: {'batch_size': 32, 'frozen_layers': 2, 'classifier_dropout': 0.2, 'learning_rate': 5e-05, 'weight_decay': 1e-06}.
[I 2026-04-08 18:28:04,181] Trial 140 finished with value: 0.8606060606060606 and parameters: {'batch_size': 32, 'frozen_layers': 6, 'classifier_dropout': 0.4, 'learning_rate': 0.0001, 'weight_decay': 1e-05}. Best is trial 29 with value: 0.896969696969697.
[I 2026-04-08 18:35:15,301] Trial 141 finished with value: 0.8424242424242424 and parameters: {'batch_size': 16, 'frozen_layers': 2, 'classifier_dropout': 0.4, 'learning_rate': 5e-05, 'weight_decay': 0.001}. Best is trial 29 with value: 0.896969696969697.
[I 2026-04-08 18:41:59,169] Trial 142 finished with value: 0.8424242424242424 and parameters: {'batch_size': 32, 'frozen_layers': 2, 'classifier_dropout': 0.1, 'learning_rate': 1e-05, 'weight_decay': 0.001}. Best is trial 29 with value: 0.896969696969697.
[I 2026-04-08 18:48:46,367] Trial 143 finished with value: 0.896969696969697 and parameters: {'batch_size': 32, 'frozen_layers': 2, 'classifier_dropout': 0.3, 'learning_rate': 5e-05, 'weight_decay': 1e-05}. Best is trial 29 with value: 0.896969696969697.
[I 2026-04-08 18:48:46,838] Trial 144 pruned. Duplicate hyper-parameters, same as those used in trial 143: {'batch_size': 32, 'frozen_layers': 2, 'classifier_dropout': 0.3, 'learning_rate': 5e-05, 'weight_decay': 1e-05}.
[I 2026-04-08 18:55:29,518] Trial 145 finished with value: 0.8787878787878788 and parameters: {'batch_size': 32, 'frozen_layers': 2, 'classifier_dropout': 0.4, 'learning_rate': 0.0001, 'weight_decay': 1e-06}. Best is trial 29 with value: 0.896969696969697.
[I 2026-04-08 19:02:03,621] Trial 146 finished with value: 0.8242424242424242 and parameters: {'batch_size': 64, 'frozen_layers': 2, 'classifier_dropout': 0.4, 'learning_rate': 5e-05, 'weight_decay': 1e-05}. Best is trial 29 with value: 0.896969696969697.
[I 2026-04-08 19:08:52,528] Trial 147 finished with value: 0.8909090909090909 and parameters: {'batch_size': 32, 'frozen_layers': 0, 'classifier_dropout': 0.2, 'learning_rate': 5e-05, 'weight_decay': 0.0001}. Best is trial 29 with value: 0.896969696969697.
[I 2026-04-08 19:15:34,596] Trial 148 finished with value: 0.896969696969697 and parameters: {'batch_size': 32, 'frozen_layers': 2, 'classifier_dropout': 0.1, 'learning_rate': 5e-05, 'weight_decay': 0.001}. Best is trial 29 with value: 0.896969696969697.
[I 2026-04-08 19:22:17,914] Trial 149 finished with value: 0.8606060606060606 and parameters: {'batch_size': 32, 'frozen_layers': 2, 'classifier_dropout': 0.3, 'learning_rate': 3e-05, 'weight_decay': 1e-06}. Best is trial 29 with value: 0.896969696969697.
[I 2026-04-08 19:29:10,133] Trial 150 finished with value: 0.8666666666666667 and parameters: {'batch_size': 32, 'frozen_layers': 0, 'classifier_dropout': 0.3, 'learning_rate': 2e-05, 'weight_decay': 0.0001}. Best is trial 29 with value: 0.896969696969697.
[I 2026-04-08 19:29:10,552] Trial 151 pruned. Duplicate hyper-parameters, same as those used in trial 148: {'batch_size': 32, 'frozen_layers': 2, 'classifier_dropout': 0.1, 'learning_rate': 5e-05, 'weight_decay': 0.001}.
[I 2026-04-08 19:36:32,244] Trial 152 finished with value: 0.8666666666666667 and parameters: {'batch_size': 16, 'frozen_layers': 2, 'classifier_dropout': 0.2, 'learning_rate': 5e-05, 'weight_decay': 0.0001}. Best is trial 29 with value: 0.896969696969697.
[I 2026-04-08 19:43:50,625] Trial 153 finished with value: 0.8666666666666667 and parameters: {'batch_size': 16, 'frozen_layers': 2, 'classifier_dropout': 0.1, 'learning_rate': 5e-05, 'weight_decay': 1e-06}. Best is trial 29 with value: 0.896969696969697.
[I 2026-04-08 19:50:34,170] Trial 154 finished with value: 0.8606060606060606 and parameters: {'batch_size': 32, 'frozen_layers': 2, 'classifier_dropout': 0.1, 'learning_rate': 3e-05, 'weight_decay': 1e-06}. Best is trial 29 with value: 0.896969696969697.
[I 2026-04-08 19:57:16,585] Trial 155 finished with value: 0.8424242424242424 and parameters: {'batch_size': 32, 'frozen_layers': 2, 'classifier_dropout': 0.3, 'learning_rate': 1e-05, 'weight_decay': 0.001}. Best is trial 29 with value: 0.896969696969697.
[I 2026-04-08 20:04:01,793] Trial 156 finished with value: 0.8424242424242424 and parameters: {'batch_size': 32, 'frozen_layers': 2, 'classifier_dropout': 0.2, 'learning_rate': 1e-05, 'weight_decay': 0.0001}. Best is trial 29 with value: 0.896969696969697.
[I 2026-04-08 20:11:30,473] Trial 157 finished with value: 0.8666666666666667 and parameters: {'batch_size': 32, 'frozen_layers': 4, 'classifier_dropout': 0.3, 'learning_rate': 5e-05, 'weight_decay': 1e-05}. Best is trial 29 with value: 0.896969696969697.
[I 2026-04-08 20:18:12,531] Trial 158 finished with value: 0.8606060606060606 and parameters: {'batch_size': 32, 'frozen_layers': 2, 'classifier_dropout': 0.1, 'learning_rate': 2e-05, 'weight_decay': 1e-06}. Best is trial 29 with value: 0.896969696969697.
[I 2026-04-08 20:18:13,052] Trial 159 pruned. Duplicate hyper-parameters, same as those used in trial 74: {'batch_size': 32, 'frozen_layers': 2, 'classifier_dropout': 0.2, 'learning_rate': 5e-05, 'weight_decay': 0.001}.
[I 2026-04-08 20:24:55,257] Trial 160 finished with value: 0.8787878787878788 and parameters: {'batch_size': 32, 'frozen_layers': 2, 'classifier_dropout': 0.1, 'learning_rate': 0.0001, 'weight_decay': 1e-05}. Best is trial 29 with value: 0.896969696969697.
[I 2026-04-08 20:24:55,733] Trial 161 pruned. Duplicate hyper-parameters, same as those used in trial 29: {'batch_size': 32, 'frozen_layers': 2, 'classifier_dropout': 0.3, 'learning_rate': 5e-05, 'weight_decay': 1e-06}.
[I 2026-04-08 20:31:16,690] Trial 162 finished with value: 0.8606060606060606 and parameters: {'batch_size': 32, 'frozen_layers': 6, 'classifier_dropout': 0.1, 'learning_rate': 5e-05, 'weight_decay': 0.0001}. Best is trial 29 with value: 0.896969696969697.
[I 2026-04-08 20:37:37,796] Trial 163 finished with value: 0.8606060606060606 and parameters: {'batch_size': 32, 'frozen_layers': 6, 'classifier_dropout': 0.4, 'learning_rate': 5e-05, 'weight_decay': 0.001}. Best is trial 29 with value: 0.896969696969697.
[I 2026-04-08 20:44:20,029] Trial 164 finished with value: 0.8606060606060606 and parameters: {'batch_size': 32, 'frozen_layers': 2, 'classifier_dropout': 0.2, 'learning_rate': 2e-05, 'weight_decay': 1e-05}. Best is trial 29 with value: 0.896969696969697.
[I 2026-04-08 20:51:49,321] Trial 165 finished with value: 0.8666666666666667 and parameters: {'batch_size': 16, 'frozen_layers': 2, 'classifier_dropout': 0.4, 'learning_rate': 5e-05, 'weight_decay': 1e-05}. Best is trial 29 with value: 0.896969696969697.
[I 2026-04-08 20:58:34,605] Trial 166 finished with value: 0.8848484848484849 and parameters: {'batch_size': 64, 'frozen_layers': 0, 'classifier_dropout': 0.4, 'learning_rate': 5e-05, 'weight_decay': 1e-06}. Best is trial 29 with value: 0.896969696969697.
[I 2026-04-08 21:05:16,281] Trial 167 finished with value: 0.8606060606060606 and parameters: {'batch_size': 32, 'frozen_layers': 2, 'classifier_dropout': 0.3, 'learning_rate': 2e-05, 'weight_decay': 0.0001}. Best is trial 29 with value: 0.896969696969697.
[I 2026-04-08 21:12:42,553] Trial 168 finished with value: 0.8666666666666667 and parameters: {'batch_size': 16, 'frozen_layers': 2, 'classifier_dropout': 0.3, 'learning_rate': 5e-05, 'weight_decay': 1e-06}. Best is trial 29 with value: 0.896969696969697.
[I 2026-04-08 21:20:10,660] Trial 169 finished with value: 0.8666666666666667 and parameters: {'batch_size': 32, 'frozen_layers': 4, 'classifier_dropout': 0.2, 'learning_rate': 5e-05, 'weight_decay': 0.0001}. Best is trial 29 with value: 0.896969696969697.
[I 2026-04-08 21:26:45,658] Trial 170 finished with value: 0.8242424242424242 and parameters: {'batch_size': 64, 'frozen_layers': 2, 'classifier_dropout': 0.2, 'learning_rate': 5e-05, 'weight_decay': 1e-06}. Best is trial 29 with value: 0.896969696969697.
[I 2026-04-08 21:34:14,242] Trial 171 finished with value: 0.8666666666666667 and parameters: {'batch_size': 32, 'frozen_layers': 4, 'classifier_dropout': 0.1, 'learning_rate': 5e-05, 'weight_decay': 1e-06}. Best is trial 29 with value: 0.896969696969697.
[I 2026-04-08 21:40:49,364] Trial 172 finished with value: 0.8545454545454545 and parameters: {'batch_size': 64, 'frozen_layers': 2, 'classifier_dropout': 0.3, 'learning_rate': 2e-05, 'weight_decay': 0.001}. Best is trial 29 with value: 0.896969696969697.
[I 2026-04-08 21:47:30,054] Trial 173 finished with value: 0.8787878787878788 and parameters: {'batch_size': 32, 'frozen_layers': 2, 'classifier_dropout': 0.4, 'learning_rate': 0.0001, 'weight_decay': 0.0001}. Best is trial 29 with value: 0.896969696969697.
[I 2026-04-08 21:53:51,288] Trial 174 finished with value: 0.8606060606060606 and parameters: {'batch_size': 32, 'frozen_layers': 6, 'classifier_dropout': 0.2, 'learning_rate': 5e-05, 'weight_decay': 0.001}. Best is trial 29 with value: 0.896969696969697.
