[I 2026-02-13 09:33:54,467] Trial 87 finished with value: 0.9251715177925187 and parameters: {'batch_size': 16, 'frozen_layers': 6, 'classifier_dropout': 0.1, 'learning_rate': 0.0001, 'weight_decay': 0.001}. Best is trial 29 with value: 0.9601642065108841.
[I 2026-02-13 09:58:20,539] Trial 88 finished with value: 0.9556219881677839 and parameters: {'batch_size': 16, 'frozen_layers': 0, 'classifier_dropout': 0.2, 'learning_rate': 1e-05, 'weight_decay': 1e-05}. Best is trial 29 with value: 0.9601642065108841.
[I 2026-02-13 10:17:44,534] Trial 89 finished with value: 0.9215639491241167 and parameters: {'batch_size': 32, 'frozen_layers': 0, 'classifier_dropout': 0.2, 'learning_rate': 0.0001, 'weight_decay': 0.001}. Best is trial 29 with value: 0.9601642065108841.
[I 2026-02-13 10:42:08,130] Trial 90 finished with value: 0.9556219881677839 and parameters: {'batch_size': 16, 'frozen_layers': 0, 'classifier_dropout': 0.3, 'learning_rate': 1e-05, 'weight_decay': 1e-05}. Best is trial 29 with value: 0.9601642065108841.
[I 2026-02-13 10:42:08,620] Trial 91 pruned. Duplicate hyper-parameters, same as those used in trial 88: {'batch_size': 16, 'frozen_layers': 0, 'classifier_dropout': 0.2, 'learning_rate': 1e-05, 'weight_decay': 1e-05}.
[I 2026-02-13 10:42:09,097] Trial 92 pruned. Duplicate hyper-parameters, same as those used in trial 90: {'batch_size': 16, 'frozen_layers': 0, 'classifier_dropout': 0.3, 'learning_rate': 1e-05, 'weight_decay': 1e-05}.
[I 2026-02-13 11:06:35,360] Trial 93 finished with value: 0.9556219881677839 and parameters: {'batch_size': 16, 'frozen_layers': 0, 'classifier_dropout': 0.3, 'learning_rate': 1e-05, 'weight_decay': 1e-06}. Best is trial 29 with value: 0.9601642065108841.
[I 2026-02-13 11:25:15,666] Trial 94 finished with value: 0.9233154700085117 and parameters: {'batch_size': 32, 'frozen_layers': 4, 'classifier_dropout': 0.3, 'learning_rate': 5e-05, 'weight_decay': 1e-06}. Best is trial 29 with value: 0.9601642065108841.
[I 2026-02-13 11:49:47,515] Trial 95 finished with value: 0.9448486780296099 and parameters: {'batch_size': 32, 'frozen_layers': 0, 'classifier_dropout': 0.2, 'learning_rate': 1e-05, 'weight_decay': 1e-06}. Best is trial 29 with value: 0.9601642065108841.
[I 2026-02-13 12:11:23,600] Trial 96 finished with value: 0.9035255474344978 and parameters: {'batch_size': 16, 'frozen_layers': 0, 'classifier_dropout': 0.1, 'learning_rate': 0.0001, 'weight_decay': 1e-06}. Best is trial 29 with value: 0.9601642065108841.
[I 2026-02-13 12:33:08,578] Trial 97 finished with value: 0.9429683273722229 and parameters: {'batch_size': 16, 'frozen_layers': 0, 'classifier_dropout': 0.3, 'learning_rate': 3e-05, 'weight_decay': 1e-05}. Best is trial 29 with value: 0.9601642065108841.
[I 2026-02-13 12:59:10,465] Trial 98 finished with value: 0.9444023711092158 and parameters: {'batch_size': 16, 'frozen_layers': 6, 'classifier_dropout': 0.3, 'learning_rate': 1e-05, 'weight_decay': 1e-05}. Best is trial 29 with value: 0.9601642065108841.
[I 2026-02-13 13:20:31,339] Trial 99 finished with value: 0.9443968998704897 and parameters: {'batch_size': 32, 'frozen_layers': 2, 'classifier_dropout': 0.3, 'learning_rate': 2e-05, 'weight_decay': 1e-06}. Best is trial 29 with value: 0.9601642065108841.
[I 2026-02-13 13:44:44,658] Trial 100 finished with value: 0.9556219881677839 and parameters: {'batch_size': 16, 'frozen_layers': 0, 'classifier_dropout': 0.4, 'learning_rate': 1e-05, 'weight_decay': 1e-05}. Best is trial 29 with value: 0.9601642065108841.
[I 2026-02-13 14:10:46,316] Trial 101 finished with value: 0.9444023711092158 and parameters: {'batch_size': 16, 'frozen_layers': 6, 'classifier_dropout': 0.1, 'learning_rate': 1e-05, 'weight_decay': 1e-06}. Best is trial 29 with value: 0.9601642065108841.
[I 2026-02-13 14:37:45,861] Trial 102 finished with value: 0.9408701090110817 and parameters: {'batch_size': 16, 'frozen_layers': 0, 'classifier_dropout': 0.4, 'learning_rate': 5e-05, 'weight_decay': 1e-06}. Best is trial 29 with value: 0.9601642065108841.
[I 2026-02-13 14:37:46,367] Trial 103 pruned. Duplicate hyper-parameters, same as those used in trial 93: {'batch_size': 16, 'frozen_layers': 0, 'classifier_dropout': 0.3, 'learning_rate': 1e-05, 'weight_decay': 1e-06}.
[I 2026-02-13 15:02:09,465] Trial 104 finished with value: 0.9478528346860849 and parameters: {'batch_size': 32, 'frozen_layers': 0, 'classifier_dropout': 0.3, 'learning_rate': 3e-05, 'weight_decay': 1e-06}. Best is trial 29 with value: 0.9601642065108841.
[I 2026-02-13 15:25:58,249] Trial 105 finished with value: 0.9601642065108841 and parameters: {'batch_size': 32, 'frozen_layers': 2, 'classifier_dropout': 0.2, 'learning_rate': 5e-05, 'weight_decay': 1e-06}. Best is trial 29 with value: 0.9601642065108841.
[I 2026-02-13 15:44:59,648] Trial 106 finished with value: 0.9389099687041791 and parameters: {'batch_size': 32, 'frozen_layers': 2, 'classifier_dropout': 0.2, 'learning_rate': 5e-05, 'weight_decay': 0.001}. Best is trial 29 with value: 0.9601642065108841.
[I 2026-02-13 16:10:52,805] Trial 107 finished with value: 0.9444023711092158 and parameters: {'batch_size': 16, 'frozen_layers': 6, 'classifier_dropout': 0.4, 'learning_rate': 1e-05, 'weight_decay': 0.001}. Best is trial 29 with value: 0.9601642065108841.
[I 2026-02-13 16:10:53,259] Trial 108 pruned. Duplicate hyper-parameters, same as those used in trial 105: {'batch_size': 32, 'frozen_layers': 2, 'classifier_dropout': 0.2, 'learning_rate': 5e-05, 'weight_decay': 1e-06}.
[I 2026-02-13 16:35:21,572] Trial 109 finished with value: 0.9408704423132871 and parameters: {'batch_size': 16, 'frozen_layers': 0, 'classifier_dropout': 0.1, 'learning_rate': 2e-05, 'weight_decay': 1e-05}. Best is trial 29 with value: 0.9601642065108841.
[I 2026-02-13 17:00:15,224] Trial 110 finished with value: 0.9556219881677839 and parameters: {'batch_size': 16, 'frozen_layers': 0, 'classifier_dropout': 0.2, 'learning_rate': 1e-05, 'weight_decay': 0.0001}. Best is trial 29 with value: 0.9601642065108841.
[I 2026-02-13 17:27:14,729] Trial 111 finished with value: 0.9446313116123296 and parameters: {'batch_size': 16, 'frozen_layers': 4, 'classifier_dropout': 0.2, 'learning_rate': 1e-05, 'weight_decay': 0.001}. Best is trial 29 with value: 0.9601642065108841.
[I 2026-02-13 17:51:57,132] Trial 112 finished with value: 0.9448486780296099 and parameters: {'batch_size': 32, 'frozen_layers': 0, 'classifier_dropout': 0.3, 'learning_rate': 1e-05, 'weight_decay': 1e-05}. Best is trial 29 with value: 0.9601642065108841.
[I 2026-02-13 18:16:31,718] Trial 113 finished with value: 0.9330991737328905 and parameters: {'batch_size': 16, 'frozen_layers': 2, 'classifier_dropout': 0.4, 'learning_rate': 1e-05, 'weight_decay': 1e-06}. Best is trial 29 with value: 0.9601642065108841.
[I 2026-02-13 18:35:26,695] Trial 114 finished with value: 0.9408501347844731 and parameters: {'batch_size': 64, 'frozen_layers': 2, 'classifier_dropout': 0.4, 'learning_rate': 5e-05, 'weight_decay': 1e-06}. Best is trial 29 with value: 0.9601642065108841.
[I 2026-02-13 18:59:30,690] Trial 115 finished with value: 0.9601642065108841 and parameters: {'batch_size': 32, 'frozen_layers': 2, 'classifier_dropout': 0.3, 'learning_rate': 5e-05, 'weight_decay': 1e-05}. Best is trial 29 with value: 0.9601642065108841.
[I 2026-02-13 19:23:51,268] Trial 116 finished with value: 0.9388919514241217 and parameters: {'batch_size': 16, 'frozen_layers': 2, 'classifier_dropout': 0.3, 'learning_rate': 5e-05, 'weight_decay': 1e-06}. Best is trial 29 with value: 0.9601642065108841.
[I 2026-02-13 19:23:51,864] Trial 117 pruned. Duplicate hyper-parameters, same as those used in trial 115: {'batch_size': 32, 'frozen_layers': 2, 'classifier_dropout': 0.3, 'learning_rate': 5e-05, 'weight_decay': 1e-05}.
[I 2026-02-13 19:47:56,060] Trial 118 finished with value: 0.9601642065108841 and parameters: {'batch_size': 32, 'frozen_layers': 2, 'classifier_dropout': 0.3, 'learning_rate': 5e-05, 'weight_decay': 0.0001}. Best is trial 29 with value: 0.9601642065108841.
[I 2026-02-13 20:12:16,758] Trial 119 finished with value: 0.9441542381335614 and parameters: {'batch_size': 32, 'frozen_layers': 2, 'classifier_dropout': 0.2, 'learning_rate': 3e-05, 'weight_decay': 1e-06}. Best is trial 29 with value: 0.9601642065108841.
[I 2026-02-13 20:36:41,878] Trial 120 finished with value: 0.9286800583530128 and parameters: {'batch_size': 64, 'frozen_layers': 0, 'classifier_dropout': 0.2, 'learning_rate': 1e-05, 'weight_decay': 0.001}. Best is trial 29 with value: 0.9601642065108841.
[I 2026-02-13 20:36:42,499] Trial 121 pruned. Duplicate hyper-parameters, same as those used in trial 118: {'batch_size': 32, 'frozen_layers': 2, 'classifier_dropout': 0.3, 'learning_rate': 5e-05, 'weight_decay': 0.0001}.
[I 2026-02-13 21:01:33,211] Trial 122 finished with value: 0.9556219881677839 and parameters: {'batch_size': 16, 'frozen_layers': 0, 'classifier_dropout': 0.1, 'learning_rate': 1e-05, 'weight_decay': 0.001}. Best is trial 29 with value: 0.9601642065108841.
[I 2026-02-13 21:25:36,121] Trial 123 finished with value: 0.9601642065108841 and parameters: {'batch_size': 32, 'frozen_layers': 2, 'classifier_dropout': 0.2, 'learning_rate': 5e-05, 'weight_decay': 0.0001}. Best is trial 29 with value: 0.9601642065108841.
[I 2026-02-13 21:25:36,698] Trial 124 pruned. Duplicate hyper-parameters, same as those used in trial 123: {'batch_size': 32, 'frozen_layers': 2, 'classifier_dropout': 0.2, 'learning_rate': 5e-05, 'weight_decay': 0.0001}.
[I 2026-02-13 21:43:37,113] Trial 125 finished with value: 0.9483791434645001 and parameters: {'batch_size': 64, 'frozen_layers': 6, 'classifier_dropout': 0.4, 'learning_rate': 5e-05, 'weight_decay': 0.001}. Best is trial 29 with value: 0.9601642065108841.
[I 2026-02-13 22:07:38,708] Trial 126 finished with value: 0.9601642065108841 and parameters: {'batch_size': 32, 'frozen_layers': 2, 'classifier_dropout': 0.1, 'learning_rate': 5e-05, 'weight_decay': 0.0001}. Best is trial 29 with value: 0.9601642065108841.
[I 2026-02-13 22:31:40,893] Trial 127 finished with value: 0.9601642065108841 and parameters: {'batch_size': 32, 'frozen_layers': 2, 'classifier_dropout': 0.4, 'learning_rate': 5e-05, 'weight_decay': 0.0001}. Best is trial 29 with value: 0.9601642065108841.
[I 2026-02-13 22:31:41,441] Trial 128 pruned. Duplicate hyper-parameters, same as those used in trial 127: {'batch_size': 32, 'frozen_layers': 2, 'classifier_dropout': 0.4, 'learning_rate': 5e-05, 'weight_decay': 0.0001}.
[I 2026-02-13 22:53:11,363] Trial 129 finished with value: 0.9317314460111147 and parameters: {'batch_size': 32, 'frozen_layers': 2, 'classifier_dropout': 0.1, 'learning_rate': 0.0001, 'weight_decay': 0.0001}. Best is trial 29 with value: 0.9601642065108841.
[I 2026-02-13 22:53:11,998] Trial 130 pruned. Duplicate hyper-parameters, same as those used in trial 126: {'batch_size': 32, 'frozen_layers': 2, 'classifier_dropout': 0.1, 'learning_rate': 5e-05, 'weight_decay': 0.0001}.
[I 2026-02-13 23:12:05,399] Trial 131 finished with value: 0.9408501347844731 and parameters: {'batch_size': 64, 'frozen_layers': 2, 'classifier_dropout': 0.2, 'learning_rate': 5e-05, 'weight_decay': 1e-05}. Best is trial 29 with value: 0.9601642065108841.
[I 2026-02-13 23:36:08,806] Trial 132 finished with value: 0.9601642065108841 and parameters: {'batch_size': 32, 'frozen_layers': 2, 'classifier_dropout': 0.2, 'learning_rate': 5e-05, 'weight_decay': 1e-05}. Best is trial 29 with value: 0.9601642065108841.
[I 2026-02-14 00:00:11,132] Trial 133 finished with value: 0.9601642065108841 and parameters: {'batch_size': 32, 'frozen_layers': 2, 'classifier_dropout': 0.1, 'learning_rate': 5e-05, 'weight_decay': 1e-05}. Best is trial 29 with value: 0.9601642065108841.
[I 2026-02-14 00:00:11,723] Trial 134 pruned. Duplicate hyper-parameters, same as those used in trial 133: {'batch_size': 32, 'frozen_layers': 2, 'classifier_dropout': 0.1, 'learning_rate': 5e-05, 'weight_decay': 1e-05}.
[I 2026-02-14 00:00:12,226] Trial 135 pruned. Duplicate hyper-parameters, same as those used in trial 132: {'batch_size': 32, 'frozen_layers': 2, 'classifier_dropout': 0.2, 'learning_rate': 5e-05, 'weight_decay': 1e-05}.
[I 2026-02-14 00:24:13,528] Trial 136 finished with value: 0.9601642065108841 and parameters: {'batch_size': 32, 'frozen_layers': 2, 'classifier_dropout': 0.1, 'learning_rate': 5e-05, 'weight_decay': 1e-06}. Best is trial 29 with value: 0.9601642065108841.
[I 2026-02-14 00:24:14,046] Trial 137 pruned. Duplicate hyper-parameters, same as those used in trial 136: {'batch_size': 32, 'frozen_layers': 2, 'classifier_dropout': 0.1, 'learning_rate': 5e-05, 'weight_decay': 1e-06}.
[I 2026-02-14 00:48:15,745] Trial 138 finished with value: 0.9601642065108841 and parameters: {'batch_size': 32, 'frozen_layers': 2, 'classifier_dropout': 0.4, 'learning_rate': 5e-05, 'weight_decay': 1e-06}. Best is trial 29 with value: 0.9601642065108841.
[I 2026-02-14 00:48:16,307] Trial 139 pruned. Duplicate hyper-parameters, same as those used in trial 138: {'batch_size': 32, 'frozen_layers': 2, 'classifier_dropout': 0.4, 'learning_rate': 5e-05, 'weight_decay': 1e-06}.
[I 2026-02-14 01:06:31,556] Trial 140 finished with value: 0.9227852309721125 and parameters: {'batch_size': 32, 'frozen_layers': 6, 'classifier_dropout': 0.1, 'learning_rate': 5e-05, 'weight_decay': 0.0001}. Best is trial 29 with value: 0.9601642065108841.
[I 2026-02-14 01:23:42,549] Trial 141 finished with value: 0.9383757519395033 and parameters: {'batch_size': 32, 'frozen_layers': 0, 'classifier_dropout': 0.1, 'learning_rate': 5e-05, 'weight_decay': 1e-06}. Best is trial 29 with value: 0.9601642065108841.
[I 2026-02-14 01:48:06,586] Trial 142 finished with value: 0.9388919514241217 and parameters: {'batch_size': 16, 'frozen_layers': 2, 'classifier_dropout': 0.1, 'learning_rate': 5e-05, 'weight_decay': 0.0001}. Best is trial 29 with value: 0.9601642065108841.
[I 2026-02-14 02:10:06,624] Trial 143 finished with value: 0.9429683273722229 and parameters: {'batch_size': 16, 'frozen_layers': 0, 'classifier_dropout': 0.2, 'learning_rate': 3e-05, 'weight_decay': 0.001}. Best is trial 29 with value: 0.9601642065108841.
[I 2026-02-14 02:32:23,911] Trial 144 finished with value: 0.9443968998704897 and parameters: {'batch_size': 32, 'frozen_layers': 2, 'classifier_dropout': 0.4, 'learning_rate': 2e-05, 'weight_decay': 0.0001}. Best is trial 29 with value: 0.9601642065108841.
[I 2026-02-14 02:51:55,291] Trial 145 finished with value: 0.9338387762531508 and parameters: {'batch_size': 64, 'frozen_layers': 2, 'classifier_dropout': 0.1, 'learning_rate': 5e-05, 'weight_decay': 0.001}. Best is trial 29 with value: 0.9601642065108841.
[I 2026-02-14 03:15:20,518] Trial 146 finished with value: 0.9541186023841997 and parameters: {'batch_size': 16, 'frozen_layers': 6, 'classifier_dropout': 0.4, 'learning_rate': 5e-05, 'weight_decay': 0.0001}. Best is trial 29 with value: 0.9601642065108841.
[I 2026-02-14 03:36:49,674] Trial 147 finished with value: 0.9317314460111147 and parameters: {'batch_size': 32, 'frozen_layers': 2, 'classifier_dropout': 0.3, 'learning_rate': 0.0001, 'weight_decay': 1e-06}. Best is trial 29 with value: 0.9601642065108841.
[I 2026-02-14 03:55:54,935] Trial 148 finished with value: 0.9389099687041791 and parameters: {'batch_size': 32, 'frozen_layers': 2, 'classifier_dropout': 0.4, 'learning_rate': 5e-05, 'weight_decay': 0.001}. Best is trial 29 with value: 0.9601642065108841.
[I 2026-02-14 04:17:23,967] Trial 149 finished with value: 0.9317314460111147 and parameters: {'batch_size': 32, 'frozen_layers': 2, 'classifier_dropout': 0.2, 'learning_rate': 0.0001, 'weight_decay': 1e-05}. Best is trial 29 with value: 0.9601642065108841.
[I 2026-02-14 04:36:02,783] Trial 150 finished with value: 0.9233154700085117 and parameters: {'batch_size': 32, 'frozen_layers': 4, 'classifier_dropout': 0.2, 'learning_rate': 5e-05, 'weight_decay': 1e-05}. Best is trial 29 with value: 0.9601642065108841.
[I 2026-02-14 04:53:07,682] Trial 151 finished with value: 0.9383757519395033 and parameters: {'batch_size': 32, 'frozen_layers': 0, 'classifier_dropout': 0.2, 'learning_rate': 5e-05, 'weight_decay': 0.0001}. Best is trial 29 with value: 0.9601642065108841.
[I 2026-02-14 05:16:37,802] Trial 152 finished with value: 0.9541186023841997 and parameters: {'batch_size': 16, 'frozen_layers': 6, 'classifier_dropout': 0.3, 'learning_rate': 5e-05, 'weight_decay': 1e-06}. Best is trial 29 with value: 0.9601642065108841.
[I 2026-02-14 05:35:24,530] Trial 153 finished with value: 0.9408501347844731 and parameters: {'batch_size': 64, 'frozen_layers': 2, 'classifier_dropout': 0.2, 'learning_rate': 5e-05, 'weight_decay': 0.0001}. Best is trial 29 with value: 0.9601642065108841.
[I 2026-02-14 05:59:22,128] Trial 154 finished with value: 0.9441542381335614 and parameters: {'batch_size': 32, 'frozen_layers': 2, 'classifier_dropout': 0.1, 'learning_rate': 3e-05, 'weight_decay': 1e-05}. Best is trial 29 with value: 0.9601642065108841.
[I 2026-02-14 06:23:11,617] Trial 155 finished with value: 0.9441542381335614 and parameters: {'batch_size': 32, 'frozen_layers': 2, 'classifier_dropout': 0.2, 'learning_rate': 3e-05, 'weight_decay': 0.0001}. Best is trial 29 with value: 0.9601642065108841.
[I 2026-02-14 06:49:35,652] Trial 156 finished with value: 0.9368294941460679 and parameters: {'batch_size': 16, 'frozen_layers': 4, 'classifier_dropout': 0.4, 'learning_rate': 5e-05, 'weight_decay': 0.001}. Best is trial 29 with value: 0.9601642065108841.
[I 2026-02-14 07:13:29,452] Trial 157 finished with value: 0.9447430250101778 and parameters: {'batch_size': 32, 'frozen_layers': 2, 'classifier_dropout': 0.2, 'learning_rate': 1e-05, 'weight_decay': 1e-06}. Best is trial 29 with value: 0.9601642065108841.
[I 2026-02-14 07:39:38,624] Trial 158 finished with value: 0.9597036367989384 and parameters: {'batch_size': 16, 'frozen_layers': 6, 'classifier_dropout': 0.2, 'learning_rate': 5e-05, 'weight_decay': 0.001}. Best is trial 29 with value: 0.9601642065108841.
[I 2026-02-14 07:39:39,070] Trial 159 pruned. Duplicate hyper-parameters, same as those used in trial 158: {'batch_size': 16, 'frozen_layers': 6, 'classifier_dropout': 0.2, 'learning_rate': 5e-05, 'weight_decay': 0.001}.
[I 2026-02-14 08:05:40,702] Trial 160 finished with value: 0.9597036367989384 and parameters: {'batch_size': 16, 'frozen_layers': 6, 'classifier_dropout': 0.1, 'learning_rate': 5e-05, 'weight_decay': 0.001}. Best is trial 29 with value: 0.9601642065108841.
[I 2026-02-14 08:05:41,174] Trial 161 pruned. Duplicate hyper-parameters, same as those used in trial 160: {'batch_size': 16, 'frozen_layers': 6, 'classifier_dropout': 0.1, 'learning_rate': 5e-05, 'weight_decay': 0.001}.
[I 2026-02-14 08:23:51,531] Trial 162 finished with value: 0.9227852309721125 and parameters: {'batch_size': 32, 'frozen_layers': 6, 'classifier_dropout': 0.2, 'learning_rate': 5e-05, 'weight_decay': 1e-06}. Best is trial 29 with value: 0.9601642065108841.
[I 2026-02-14 08:47:30,631] Trial 163 finished with value: 0.9257074145604007 and parameters: {'batch_size': 16, 'frozen_layers': 6, 'classifier_dropout': 0.1, 'learning_rate': 2e-05, 'weight_decay': 0.001}. Best is trial 29 with value: 0.9601642065108841.
[I 2026-02-14 09:11:20,490] Trial 164 finished with value: 0.9601642065108841 and parameters: {'batch_size': 32, 'frozen_layers': 2, 'classifier_dropout': 0.4, 'learning_rate': 5e-05, 'weight_decay': 1e-05}. Best is trial 29 with value: 0.9601642065108841.
[I 2026-02-14 09:37:35,689] Trial 165 finished with value: 0.939560431245253 and parameters: {'batch_size': 16, 'frozen_layers': 6, 'classifier_dropout': 0.2, 'learning_rate': 3e-05, 'weight_decay': 0.001}. Best is trial 29 with value: 0.9601642065108841.
[I 2026-02-14 09:37:36,109] Trial 166 pruned. Duplicate hyper-parameters, same as those used in trial 164: {'batch_size': 32, 'frozen_layers': 2, 'classifier_dropout': 0.4, 'learning_rate': 5e-05, 'weight_decay': 1e-05}.
[I 2026-02-14 09:55:46,237] Trial 167 finished with value: 0.9227852309721125 and parameters: {'batch_size': 32, 'frozen_layers': 6, 'classifier_dropout': 0.3, 'learning_rate': 5e-05, 'weight_decay': 1e-05}. Best is trial 29 with value: 0.9601642065108841.
[I 2026-02-14 10:12:46,540] Trial 168 finished with value: 0.9383757519395033 and parameters: {'batch_size': 32, 'frozen_layers': 0, 'classifier_dropout': 0.1, 'learning_rate': 5e-05, 'weight_decay': 1e-05}. Best is trial 29 with value: 0.9601642065108841.
[I 2026-02-14 10:36:07,422] Trial 169 finished with value: 0.9251715177925187 and parameters: {'batch_size': 16, 'frozen_layers': 6, 'classifier_dropout': 0.3, 'learning_rate': 0.0001, 'weight_decay': 0.001}. Best is trial 29 with value: 0.9601642065108841.
[I 2026-02-14 10:55:07,722] Trial 170 finished with value: 0.9389099687041791 and parameters: {'batch_size': 32, 'frozen_layers': 2, 'classifier_dropout': 0.1, 'learning_rate': 5e-05, 'weight_decay': 0.001}. Best is trial 29 with value: 0.9601642065108841.
[I 2026-02-14 11:18:55,781] Trial 171 finished with value: 0.9388919514241217 and parameters: {'batch_size': 16, 'frozen_layers': 2, 'classifier_dropout': 0.3, 'learning_rate': 5e-05, 'weight_decay': 1e-05}. Best is trial 29 with value: 0.9601642065108841.
[I 2026-02-14 11:37:32,046] Trial 172 finished with value: 0.9233154700085117 and parameters: {'batch_size': 32, 'frozen_layers': 4, 'classifier_dropout': 0.4, 'learning_rate': 5e-05, 'weight_decay': 1e-05}. Best is trial 29 with value: 0.9601642065108841.
[I 2026-02-14 12:01:19,695] Trial 173 finished with value: 0.9441542381335614 and parameters: {'batch_size': 32, 'frozen_layers': 2, 'classifier_dropout': 0.3, 'learning_rate': 3e-05, 'weight_decay': 0.0001}. Best is trial 29 with value: 0.9601642065108841.
