[I 2026-02-06 11:22:52,121] Trial 78 finished with value: 0.9128440366972477 and parameters: {'frozen_layers': 0, 'classifier_dropout': 0.19646158377138656, 'learning_rate': 6.144881163447687e-05, 'weight_decay': 0.0009714830132604074, 'label_smoothing': 0.12095034998501408, 'gradient_clipping': 0.8348999307637612}. Best is trial 0 with value: 0.9277522935779816.
[I 2026-02-06 11:37:36,366] Trial 79 finished with value: 0.9094036697247706 and parameters: {'frozen_layers': 2, 'classifier_dropout': 0.32037390110601827, 'learning_rate': 3.81673849480482e-05, 'weight_decay': 3.278518145841102e-05, 'label_smoothing': 0.14985148219868055, 'gradient_clipping': 0.6222649177324924}. Best is trial 0 with value: 0.9277522935779816.
[I 2026-02-06 11:52:23,137] Trial 80 finished with value: 0.9071100917431193 and parameters: {'frozen_layers': 2, 'classifier_dropout': 0.31003984447559335, 'learning_rate': 5.36096294681961e-05, 'weight_decay': 1.6131344360295682e-05, 'label_smoothing': 0.12158288319952308, 'gradient_clipping': 0.59303543711551}. Best is trial 0 with value: 0.9277522935779816.
[I 2026-02-06 12:05:25,497] Trial 81 finished with value: 0.9059633027522935 and parameters: {'frozen_layers': 1, 'classifier_dropout': 0.37552328951627784, 'learning_rate': 5.048611952036492e-05, 'weight_decay': 1.2536931427661105e-06, 'label_smoothing': 0.14647544490503764, 'gradient_clipping': 0.5861185525253196}. Best is trial 0 with value: 0.9277522935779816.
[I 2026-02-06 12:20:29,154] Trial 82 finished with value: 0.9094036697247706 and parameters: {'frozen_layers': 0, 'classifier_dropout': 0.11688279103775298, 'learning_rate': 5.522802144567865e-05, 'weight_decay': 1.9023546094985797e-06, 'label_smoothing': 0.1492747194983433, 'gradient_clipping': 0.5021295142900616}. Best is trial 0 with value: 0.9277522935779816.
[I 2026-02-06 12:37:28,430] Trial 83 finished with value: 0.9059633027522935 and parameters: {'frozen_layers': 0, 'classifier_dropout': 0.3929693125361158, 'learning_rate': 5.153345145997908e-05, 'weight_decay': 3.9216264646672915e-05, 'label_smoothing': 0.14785492099592107, 'gradient_clipping': 0.5012365967745505}. Best is trial 0 with value: 0.9277522935779816.
[I 2026-02-06 12:55:53,538] Trial 84 finished with value: 0.9185779816513762 and parameters: {'frozen_layers': 2, 'classifier_dropout': 0.1497210330925267, 'learning_rate': 5.252656187322744e-05, 'weight_decay': 6.856620658959737e-05, 'label_smoothing': 0.12000163345932358, 'gradient_clipping': 0.9237691819185496}. Best is trial 0 with value: 0.9277522935779816.
[I 2026-02-06 13:08:46,594] Trial 85 finished with value: 0.9025229357798165 and parameters: {'frozen_layers': 2, 'classifier_dropout': 0.17053116721318254, 'learning_rate': 4.505061664813522e-05, 'weight_decay': 8.03248248371106e-05, 'label_smoothing': 0.11426585194566799, 'gradient_clipping': 0.942427661513118}. Best is trial 0 with value: 0.9277522935779816.
[I 2026-02-06 13:23:51,488] Trial 86 finished with value: 0.908256880733945 and parameters: {'frozen_layers': 0, 'classifier_dropout': 0.34655528138444763, 'learning_rate': 4.058507117695679e-05, 'weight_decay': 0.0003293560491841395, 'label_smoothing': 0.10402976002601139, 'gradient_clipping': 0.6769909504340581}. Best is trial 0 with value: 0.9277522935779816.
[I 2026-02-06 13:36:45,709] Trial 87 finished with value: 0.9094036697247706 and parameters: {'frozen_layers': 2, 'classifier_dropout': 0.17917768330720754, 'learning_rate': 7.493181991279521e-05, 'weight_decay': 1.386974999234722e-05, 'label_smoothing': 0.122202476120668, 'gradient_clipping': 0.931272256411771}. Best is trial 0 with value: 0.9277522935779816.
[I 2026-02-06 13:49:50,486] Trial 88 finished with value: 0.908256880733945 and parameters: {'frozen_layers': 1, 'classifier_dropout': 0.14971512612407706, 'learning_rate': 5.470495767999332e-05, 'weight_decay': 7.69579604890883e-05, 'label_smoothing': 0.1252985756972905, 'gradient_clipping': 0.9601211269715064}. Best is trial 0 with value: 0.9277522935779816.
[I 2026-02-06 14:03:05,033] Trial 89 finished with value: 0.9071100917431193 and parameters: {'frozen_layers': 0, 'classifier_dropout': 0.387271696377464, 'learning_rate': 6.92061223002853e-05, 'weight_decay': 0.0009195712853677905, 'label_smoothing': 0.14485318307354408, 'gradient_clipping': 0.6167033169603928}. Best is trial 0 with value: 0.9277522935779816.
[I 2026-02-06 14:15:58,897] Trial 90 finished with value: 0.9025229357798165 and parameters: {'frozen_layers': 2, 'classifier_dropout': 0.1600908808031344, 'learning_rate': 5.670454630347863e-05, 'weight_decay': 3.822110558035079e-05, 'label_smoothing': 0.12166014375268061, 'gradient_clipping': 0.859356113381047}. Best is trial 0 with value: 0.9277522935779816.
[I 2026-02-06 14:30:53,265] Trial 91 finished with value: 0.9059633027522935 and parameters: {'frozen_layers': 1, 'classifier_dropout': 0.3743175792846774, 'learning_rate': 5.000718357470329e-05, 'weight_decay': 8.91913591188817e-06, 'label_smoothing': 0.14459725957821343, 'gradient_clipping': 0.5387327925907455}. Best is trial 0 with value: 0.9277522935779816.
[I 2026-02-06 14:49:44,575] Trial 92 finished with value: 0.9151376146788991 and parameters: {'frozen_layers': 0, 'classifier_dropout': 0.39564935460459805, 'learning_rate': 4.9341451675664177e-05, 'weight_decay': 0.00021746946607180339, 'label_smoothing': 0.14761574932231594, 'gradient_clipping': 0.5866439220891868}. Best is trial 0 with value: 0.9277522935779816.
[I 2026-02-06 15:02:40,838] Trial 93 finished with value: 0.9197247706422018 and parameters: {'frozen_layers': 2, 'classifier_dropout': 0.13286300188232414, 'learning_rate': 7.235437631980132e-05, 'weight_decay': 0.00030623981955503444, 'label_smoothing': 0.11396863473052543, 'gradient_clipping': 0.8914371893982085}. Best is trial 0 with value: 0.9277522935779816.
[I 2026-02-06 15:17:24,760] Trial 94 finished with value: 0.8910550458715596 and parameters: {'frozen_layers': 2, 'classifier_dropout': 0.10016200477299261, 'learning_rate': 7.985536899689016e-05, 'weight_decay': 0.0004820626636408714, 'label_smoothing': 0.12698053669105797, 'gradient_clipping': 0.978977016318641}. Best is trial 0 with value: 0.9277522935779816.
[I 2026-02-06 15:32:11,591] Trial 95 finished with value: 0.9197247706422018 and parameters: {'frozen_layers': 2, 'classifier_dropout': 0.16321157565276917, 'learning_rate': 7.070673824974094e-05, 'weight_decay': 0.00021217647478187133, 'label_smoothing': 0.11993374599960127, 'gradient_clipping': 0.9401559812375633}. Best is trial 0 with value: 0.9277522935779816.
[I 2026-02-06 15:45:08,250] Trial 96 finished with value: 0.9105504587155964 and parameters: {'frozen_layers': 2, 'classifier_dropout': 0.119876192324922, 'learning_rate': 6.036142906768482e-05, 'weight_decay': 0.0004259580234239578, 'label_smoothing': 0.10792800991869256, 'gradient_clipping': 0.8240579413956411}. Best is trial 0 with value: 0.9277522935779816.
[I 2026-02-06 15:58:03,480] Trial 97 finished with value: 0.9036697247706422 and parameters: {'frozen_layers': 2, 'classifier_dropout': 0.20605514045047935, 'learning_rate': 6.244694137353697e-05, 'weight_decay': 0.00016747872503781468, 'label_smoothing': 0.11012449500324266, 'gradient_clipping': 0.899668884777079}. Best is trial 0 with value: 0.9277522935779816.
[I 2026-02-06 16:10:59,586] Trial 98 finished with value: 0.9036697247706422 and parameters: {'frozen_layers': 2, 'classifier_dropout': 0.11542222577075373, 'learning_rate': 8.002435368140216e-05, 'weight_decay': 0.00016010017906897597, 'label_smoothing': 0.10476599861672539, 'gradient_clipping': 0.9845618179308987}. Best is trial 0 with value: 0.9277522935779816.
[I 2026-02-06 16:25:44,219] Trial 99 finished with value: 0.9094036697247706 and parameters: {'frozen_layers': 2, 'classifier_dropout': 0.19415827226573604, 'learning_rate': 7.852223874001493e-05, 'weight_decay': 0.00020851278934748706, 'label_smoothing': 0.1371816043045573, 'gradient_clipping': 0.8551064136911467}. Best is trial 0 with value: 0.9277522935779816.
[I 2026-02-06 16:44:09,019] Trial 100 finished with value: 0.911697247706422 and parameters: {'frozen_layers': 2, 'classifier_dropout': 0.16610604654052316, 'learning_rate': 6.160397133029824e-05, 'weight_decay': 0.00047714930521840216, 'label_smoothing': 0.12158478024859454, 'gradient_clipping': 0.9238922367814167}. Best is trial 0 with value: 0.9277522935779816.
[I 2026-02-06 17:00:42,951] Trial 101 finished with value: 0.9094036697247706 and parameters: {'frozen_layers': 2, 'classifier_dropout': 0.25221261679182105, 'learning_rate': 9.035971635360673e-05, 'weight_decay': 1.4403420509558984e-06, 'label_smoothing': 0.10041951617489052, 'gradient_clipping': 0.8831604636540766}. Best is trial 0 with value: 0.9277522935779816.
[I 2026-02-06 17:15:27,410] Trial 102 finished with value: 0.9002293577981652 and parameters: {'frozen_layers': 2, 'classifier_dropout': 0.38534787820777777, 'learning_rate': 4.696373354111451e-05, 'weight_decay': 4.989413342952988e-05, 'label_smoothing': 0.1342644572882793, 'gradient_clipping': 0.7443157526866058}. Best is trial 0 with value: 0.9277522935779816.

[TRIAL] 0 [VALIDATION PERFORMANCE] 0.9277522935779816 [TRAINING LOSS] 0.2733838721629112 [VALIDATION LOSS] 0.4032497618879591 

number                     			 0
value                      			 0.9277522935779816
params_classifier_dropout  			 0.3
params_frozen_layers       			 0
params_gradient_clipping   			 0.5
params_label_smoothing     			 0.15
params_learning_rate       			 5e-05
params_weight_decay        			 0.0001
user_attrs_duplicate       			 False
user_attrs_epoch           			 6
user_attrs_training_loss   			 0.2733838721629112
user_attrs_validation_loss 			 0.4032497618879591

[37] VALIDATION: 0.9128440366972477 TESTING: 0.9028006589785832
[38] VALIDATION: 0.9036697247706422 TESTING: 0.9060955518945635
[39] VALIDATION: 0.9094036697247706 TESTING: 0.9170785282811642
[40] VALIDATION: 0.9243119266055045 TESTING: 0.9126853377265239
[41] VALIDATION: 0.911697247706422 TESTING: 0.9104887424492037
[42] VALIDATION: 0.9277522935779816 TESTING: 0.9115870400878638
[43] VALIDATION: 0.9094036697247706 TESTING: 0.9110378912685337
[44] VALIDATION: 0.9105504587155964 TESTING: 0.9126853377265239
[45] VALIDATION: 0.9128440366972477 TESTING: 0.9198242723778144
[46] VALIDATION: 0.8956422018348624 TESTING: 0.8984074684239429

Validation performance: 89.56 & 91.18 ± 0.91 & 92.78
Testing performance: 89.84 & 91.03 ± 0.64 & 91.98

[TRIAL] 1 [VALIDATION PERFORMANCE] 0.9277522935779816 [TRAINING LOSS] 0.2733838721629112 [VALIDATION LOSS] 0.4032497618879591 

number                     			 1
value                      			 0.9277522935779816
params_classifier_dropout  			 0.1
params_frozen_layers       			 0
params_gradient_clipping   			 0.5
params_label_smoothing     			 0.15
params_learning_rate       			 5e-05
params_weight_decay        			 1e-06
user_attrs_duplicate       			 False
user_attrs_epoch           			 6
user_attrs_training_loss   			 0.2733838721629112
user_attrs_validation_loss 			 0.4032497618879591

[37] VALIDATION: 0.9128440366972477 TESTING: 0.9028006589785832
[38] VALIDATION: 0.9036697247706422 TESTING: 0.9060955518945635
[39] VALIDATION: 0.9094036697247706 TESTING: 0.9170785282811642
[40] VALIDATION: 0.9243119266055045 TESTING: 0.9126853377265239
[41] VALIDATION: 0.911697247706422 TESTING: 0.9104887424492037
CUDA out of memory. Tried to allocate 384.00 MiB. GPU 0 has a total capacity of 44.40 GiB of which 52.31 MiB is free. Including non-PyTorch memory, this process has 44.34 GiB memory in use. Of the allocated memory 43.72 GiB is allocated by PyTorch, and 73.70 MiB is reserved by PyTorch but unallocated. If reserved but unallocated memory is large try setting PYTORCH_CUDA_ALLOC_CONF=expandable_segments:True to avoid fragmentation.  See documentation for Memory Management  (https://pytorch.org/docs/stable/notes/cuda.html#environment-variables)
42 Exception...
CUDA out of memory. Tried to allocate 384.00 MiB. GPU 0 has a total capacity of 44.40 GiB of which 52.31 MiB is free. Including non-PyTorch memory, this process has 44.34 GiB memory in use. Of the allocated memory 43.72 GiB is allocated by PyTorch, and 73.70 MiB is reserved by PyTorch but unallocated. If reserved but unallocated memory is large try setting PYTORCH_CUDA_ALLOC_CONF=expandable_segments:True to avoid fragmentation.  See documentation for Memory Management  (https://pytorch.org/docs/stable/notes/cuda.html#environment-variables)
43 Exception...
CUDA out of memory. Tried to allocate 384.00 MiB. GPU 0 has a total capacity of 44.40 GiB of which 52.31 MiB is free. Including non-PyTorch memory, this process has 44.34 GiB memory in use. Of the allocated memory 43.72 GiB is allocated by PyTorch, and 73.70 MiB is reserved by PyTorch but unallocated. If reserved but unallocated memory is large try setting PYTORCH_CUDA_ALLOC_CONF=expandable_segments:True to avoid fragmentation.  See documentation for Memory Management  (https://pytorch.org/docs/stable/notes/cuda.html#environment-variables)
44 Exception...
CUDA out of memory. Tried to allocate 384.00 MiB. GPU 0 has a total capacity of 44.40 GiB of which 52.31 MiB is free. Including non-PyTorch memory, this process has 44.34 GiB memory in use. Of the allocated memory 43.72 GiB is allocated by PyTorch, and 73.70 MiB is reserved by PyTorch but unallocated. If reserved but unallocated memory is large try setting PYTORCH_CUDA_ALLOC_CONF=expandable_segments:True to avoid fragmentation.  See documentation for Memory Management  (https://pytorch.org/docs/stable/notes/cuda.html#environment-variables)
45 Exception...
CUDA out of memory. Tried to allocate 384.00 MiB. GPU 0 has a total capacity of 44.40 GiB of which 52.31 MiB is free. Including non-PyTorch memory, this process has 44.34 GiB memory in use. Of the allocated memory 43.72 GiB is allocated by PyTorch, and 73.70 MiB is reserved by PyTorch but unallocated. If reserved but unallocated memory is large try setting PYTORCH_CUDA_ALLOC_CONF=expandable_segments:True to avoid fragmentation.  See documentation for Memory Management  (https://pytorch.org/docs/stable/notes/cuda.html#environment-variables)
46 Exception...

Validation performance: 90.37 & 91.24 ± 0.75 & 92.43
Testing performance: 90.28 & 90.98 ± 0.56 & 91.71

[TRIAL] 2 [VALIDATION PERFORMANCE] 0.9277522935779816 [TRAINING LOSS] 0.2733838721629112 [VALIDATION LOSS] 0.4032497618879591 

number                     			 2
value                      			 0.9277522935779816
params_classifier_dropout  			 0.4
params_frozen_layers       			 0
params_gradient_clipping   			 0.5
params_label_smoothing     			 0.15
params_learning_rate       			 5e-05
params_weight_decay        			 0.0001
user_attrs_duplicate       			 False
user_attrs_epoch           			 6
user_attrs_training_loss   			 0.2733838721629112
user_attrs_validation_loss 			 0.4032497618879591

CUDA out of memory. Tried to allocate 384.00 MiB. GPU 0 has a total capacity of 44.40 GiB of which 52.31 MiB is free. Including non-PyTorch memory, this process has 44.34 GiB memory in use. Of the allocated memory 43.72 GiB is allocated by PyTorch, and 73.70 MiB is reserved by PyTorch but unallocated. If reserved but unallocated memory is large try setting PYTORCH_CUDA_ALLOC_CONF=expandable_segments:True to avoid fragmentation.  See documentation for Memory Management  (https://pytorch.org/docs/stable/notes/cuda.html#environment-variables)
37 Exception...
CUDA out of memory. Tried to allocate 384.00 MiB. GPU 0 has a total capacity of 44.40 GiB of which 52.31 MiB is free. Including non-PyTorch memory, this process has 44.34 GiB memory in use. Of the allocated memory 43.72 GiB is allocated by PyTorch, and 73.70 MiB is reserved by PyTorch but unallocated. If reserved but unallocated memory is large try setting PYTORCH_CUDA_ALLOC_CONF=expandable_segments:True to avoid fragmentation.  See documentation for Memory Management  (https://pytorch.org/docs/stable/notes/cuda.html#environment-variables)
38 Exception...
CUDA out of memory. Tried to allocate 384.00 MiB. GPU 0 has a total capacity of 44.40 GiB of which 52.31 MiB is free. Including non-PyTorch memory, this process has 44.34 GiB memory in use. Of the allocated memory 43.72 GiB is allocated by PyTorch, and 73.70 MiB is reserved by PyTorch but unallocated. If reserved but unallocated memory is large try setting PYTORCH_CUDA_ALLOC_CONF=expandable_segments:True to avoid fragmentation.  See documentation for Memory Management  (https://pytorch.org/docs/stable/notes/cuda.html#environment-variables)
39 Exception...
CUDA out of memory. Tried to allocate 384.00 MiB. GPU 0 has a total capacity of 44.40 GiB of which 52.31 MiB is free. Including non-PyTorch memory, this process has 44.34 GiB memory in use. Of the allocated memory 43.72 GiB is allocated by PyTorch, and 73.70 MiB is reserved by PyTorch but unallocated. If reserved but unallocated memory is large try setting PYTORCH_CUDA_ALLOC_CONF=expandable_segments:True to avoid fragmentation.  See documentation for Memory Management  (https://pytorch.org/docs/stable/notes/cuda.html#environment-variables)
40 Exception...
CUDA out of memory. Tried to allocate 384.00 MiB. GPU 0 has a total capacity of 44.40 GiB of which 52.31 MiB is free. Including non-PyTorch memory, this process has 44.34 GiB memory in use. Of the allocated memory 43.72 GiB is allocated by PyTorch, and 73.70 MiB is reserved by PyTorch but unallocated. If reserved but unallocated memory is large try setting PYTORCH_CUDA_ALLOC_CONF=expandable_segments:True to avoid fragmentation.  See documentation for Memory Management  (https://pytorch.org/docs/stable/notes/cuda.html#environment-variables)
41 Exception...
CUDA out of memory. Tried to allocate 384.00 MiB. GPU 0 has a total capacity of 44.40 GiB of which 52.31 MiB is free. Including non-PyTorch memory, this process has 44.34 GiB memory in use. Of the allocated memory 43.72 GiB is allocated by PyTorch, and 73.70 MiB is reserved by PyTorch but unallocated. If reserved but unallocated memory is large try setting PYTORCH_CUDA_ALLOC_CONF=expandable_segments:True to avoid fragmentation.  See documentation for Memory Management  (https://pytorch.org/docs/stable/notes/cuda.html#environment-variables)
42 Exception...
CUDA out of memory. Tried to allocate 384.00 MiB. GPU 0 has a total capacity of 44.40 GiB of which 52.31 MiB is free. Including non-PyTorch memory, this process has 44.34 GiB memory in use. Of the allocated memory 43.72 GiB is allocated by PyTorch, and 73.70 MiB is reserved by PyTorch but unallocated. If reserved but unallocated memory is large try setting PYTORCH_CUDA_ALLOC_CONF=expandable_segments:True to avoid fragmentation.  See documentation for Memory Management  (https://pytorch.org/docs/stable/notes/cuda.html#environment-variables)
43 Exception...
CUDA out of memory. Tried to allocate 384.00 MiB. GPU 0 has a total capacity of 44.40 GiB of which 52.31 MiB is free. Including non-PyTorch memory, this process has 44.34 GiB memory in use. Of the allocated memory 43.72 GiB is allocated by PyTorch, and 73.70 MiB is reserved by PyTorch but unallocated. If reserved but unallocated memory is large try setting PYTORCH_CUDA_ALLOC_CONF=expandable_segments:True to avoid fragmentation.  See documentation for Memory Management  (https://pytorch.org/docs/stable/notes/cuda.html#environment-variables)
44 Exception...
CUDA out of memory. Tried to allocate 384.00 MiB. GPU 0 has a total capacity of 44.40 GiB of which 52.31 MiB is free. Including non-PyTorch memory, this process has 44.34 GiB memory in use. Of the allocated memory 43.72 GiB is allocated by PyTorch, and 73.70 MiB is reserved by PyTorch but unallocated. If reserved but unallocated memory is large try setting PYTORCH_CUDA_ALLOC_CONF=expandable_segments:True to avoid fragmentation.  See documentation for Memory Management  (https://pytorch.org/docs/stable/notes/cuda.html#environment-variables)
45 Exception...
CUDA out of memory. Tried to allocate 384.00 MiB. GPU 0 has a total capacity of 44.40 GiB of which 52.31 MiB is free. Including non-PyTorch memory, this process has 44.34 GiB memory in use. Of the allocated memory 43.72 GiB is allocated by PyTorch, and 73.70 MiB is reserved by PyTorch but unallocated. If reserved but unallocated memory is large try setting PYTORCH_CUDA_ALLOC_CONF=expandable_segments:True to avoid fragmentation.  See documentation for Memory Management  (https://pytorch.org/docs/stable/notes/cuda.html#environment-variables)
46 Exception...

Not enough values to compute average and standard deviation performance.

[SST-2] Elapsed time: 3781.016508360704 minutes.
