SLURM NODE: kn069
[I 2026-01-22 12:28:23,888] Using an existing study with name 'E-DAIC-Fine-tuning' instead of creating a new one.
Last trial state: 3
Enqueuing hyper-parameters: {'frozen_layers': 2, 'classifier_dropout': 0.4, 'learning_rate': 0.0005, 'weight_decay': 0.005, 'cosine_annealing_T_mult': 2}
[I 2026-01-22 12:35:22,199] Trial 2 finished with value: 0.35294117647058826 and parameters: {'frozen_layers': 2, 'classifier_dropout': 0.4, 'learning_rate': 0.0005, 'weight_decay': 0.005, 'cosine_annealing_T_mult': 2, 'gradient_clipping': 1.0}. Best is trial 2 with value: 0.35294117647058826.
[I 2026-01-22 12:41:41,815] Trial 3 finished with value: 0.47368421052631576 and parameters: {'frozen_layers': 2, 'classifier_dropout': 0.2, 'learning_rate': 0.005, 'weight_decay': 0.001, 'cosine_annealing_T_mult': 2, 'gradient_clipping': 3.0}. Best is trial 3 with value: 0.47368421052631576.
[I 2026-01-22 12:58:00,386] Trial 4 finished with value: 0.35294117647058826 and parameters: {'frozen_layers': 0, 'classifier_dropout': 0.3, 'learning_rate': 1e-05, 'weight_decay': 1e-05, 'cosine_annealing_T_mult': 2, 'gradient_clipping': 2.5}. Best is trial 3 with value: 0.47368421052631576.
[I 2026-01-22 13:03:01,671] Trial 5 finished with value: 0.35294117647058826 and parameters: {'frozen_layers': 6, 'classifier_dropout': 0.2, 'learning_rate': 5e-05, 'weight_decay': 5e-05, 'cosine_annealing_T_mult': 2, 'gradient_clipping': 1.0}. Best is trial 3 with value: 0.47368421052631576.
[I 2026-01-22 13:12:06,719] Trial 6 finished with value: 0.3582089552238806 and parameters: {'frozen_layers': 2, 'classifier_dropout': 0.1, 'learning_rate': 0.0005, 'weight_decay': 0.001, 'cosine_annealing_T_mult': 2, 'gradient_clipping': 3.0}. Best is trial 3 with value: 0.47368421052631576.
[I 2026-01-22 13:18:17,367] Trial 7 finished with value: 0.3582089552238806 and parameters: {'frozen_layers': 6, 'classifier_dropout': 0.2, 'learning_rate': 0.001, 'weight_decay': 0.0001, 'cosine_annealing_T_mult': 1, 'gradient_clipping': 3.0}. Best is trial 3 with value: 0.47368421052631576.
[I 2026-01-22 13:24:10,143] Trial 8 finished with value: 0.4 and parameters: {'frozen_layers': 6, 'classifier_dropout': 0.3, 'learning_rate': 0.005, 'weight_decay': 0.001, 'cosine_annealing_T_mult': 1, 'gradient_clipping': 2.5}. Best is trial 3 with value: 0.47368421052631576.
[I 2026-01-22 13:29:51,324] Trial 9 finished with value: 0.35294117647058826 and parameters: {'frozen_layers': 4, 'classifier_dropout': 0.3, 'learning_rate': 0.001, 'weight_decay': 0.0001, 'cosine_annealing_T_mult': 2, 'gradient_clipping': 0.5}. Best is trial 3 with value: 0.47368421052631576.
[I 2026-01-22 13:35:59,536] Trial 10 finished with value: 0.35294117647058826 and parameters: {'frozen_layers': 4, 'classifier_dropout': 0.2, 'learning_rate': 0.0001, 'weight_decay': 0.0001, 'cosine_annealing_T_mult': 1, 'gradient_clipping': 2.0}. Best is trial 3 with value: 0.47368421052631576.
[I 2026-01-22 13:44:42,023] Trial 11 finished with value: 0.35294117647058826 and parameters: {'frozen_layers': 6, 'classifier_dropout': 0.4, 'learning_rate': 5e-05, 'weight_decay': 0.0005, 'cosine_annealing_T_mult': 2, 'gradient_clipping': 0.5}. Best is trial 3 with value: 0.47368421052631576.
[UPDATE] 10 completed trials using a random sampler. Switching from random to TPE sampling.
[I 2026-01-22 13:51:06,322] Trial 12 finished with value: 0.4444444444444444 and parameters: {'frozen_layers': 2, 'classifier_dropout': 0.2, 'learning_rate': 0.005, 'weight_decay': 0.005, 'cosine_annealing_T_mult': 2, 'gradient_clipping': 1.5}. Best is trial 3 with value: 0.47368421052631576.
[I 2026-01-22 13:57:28,518] Trial 13 finished with value: 0.4444444444444444 and parameters: {'frozen_layers': 2, 'classifier_dropout': 0.2, 'learning_rate': 0.005, 'weight_decay': 1e-05, 'cosine_annealing_T_mult': 2, 'gradient_clipping': 1.5}. Best is trial 3 with value: 0.47368421052631576.
[I 2026-01-22 14:05:14,656] Trial 14 finished with value: 0.5185185185185185 and parameters: {'frozen_layers': 0, 'classifier_dropout': 0.2, 'learning_rate': 0.002, 'weight_decay': 0.001, 'cosine_annealing_T_mult': 2, 'gradient_clipping': 3.0}. Best is trial 14 with value: 0.5185185185185185.
[I 2026-01-22 14:13:12,879] Trial 15 finished with value: 0.48484848484848486 and parameters: {'frozen_layers': 0, 'classifier_dropout': 0.4, 'learning_rate': 0.002, 'weight_decay': 0.0005, 'cosine_annealing_T_mult': 2, 'gradient_clipping': 3.0}. Best is trial 14 with value: 0.5185185185185185.
[I 2026-01-22 14:20:58,397] Trial 16 finished with value: 0.5128205128205128 and parameters: {'frozen_layers': 0, 'classifier_dropout': 0.2, 'learning_rate': 0.002, 'weight_decay': 0.001, 'cosine_annealing_T_mult': 2, 'gradient_clipping': 2.0}. Best is trial 14 with value: 0.5185185185185185.
[I 2026-01-22 14:33:50,686] Trial 17 finished with value: 0.5263157894736842 and parameters: {'frozen_layers': 0, 'classifier_dropout': 0.2, 'learning_rate': 0.002, 'weight_decay': 0.001, 'cosine_annealing_T_mult': 2, 'gradient_clipping': 0.5}. Best is trial 17 with value: 0.5263157894736842.
[I 2026-01-22 14:44:49,940] Trial 18 finished with value: 0.35294117647058826 and parameters: {'frozen_layers': 0, 'classifier_dropout': 0.1, 'learning_rate': 0.0001, 'weight_decay': 0.001, 'cosine_annealing_T_mult': 2, 'gradient_clipping': 0.5}. Best is trial 17 with value: 0.5263157894736842.
[I 2026-01-22 14:57:49,364] Trial 19 finished with value: 0.5142857142857142 and parameters: {'frozen_layers': 0, 'classifier_dropout': 0.2, 'learning_rate': 0.002, 'weight_decay': 0.001, 'cosine_annealing_T_mult': 1, 'gradient_clipping': 0.5}. Best is trial 17 with value: 0.5263157894736842.
[I 2026-01-22 15:20:51,036] Trial 20 finished with value: 0.35294117647058826 and parameters: {'frozen_layers': 0, 'classifier_dropout': 0.2, 'learning_rate': 1e-05, 'weight_decay': 0.001, 'cosine_annealing_T_mult': 2, 'gradient_clipping': 0.5}. Best is trial 17 with value: 0.5263157894736842.
[I 2026-01-22 15:32:51,172] Trial 21 finished with value: 0.4827586206896552 and parameters: {'frozen_layers': 0, 'classifier_dropout': 0.2, 'learning_rate': 0.0005, 'weight_decay': 0.0005, 'cosine_annealing_T_mult': 2, 'gradient_clipping': 2.5}. Best is trial 17 with value: 0.5263157894736842.

[UPDATE] Unbound limits: {'frozen_layers': (np.int64(0), np.int64(2)), 'classifier_dropout': (np.float64(0.1), np.float64(0.3)), 'learning_rate': (np.float64(0.001), np.float64(0.005)), 'weight_decay': (np.float64(0.0005), np.float64(0.005)), 'cosine_annealing_T_mult': (np.int64(1), np.int64(2)), 'gradient_clipping': (np.float64(0.5), np.float64(3.0))}
[I 2026-01-22 15:32:51,721] A new study created in RDB with name: E-DAIC-Fine-tuning-unbound
[I 2026-01-22 15:32:51,793] Trial 0 finished with value: 0.5185185185185185 and parameters: {'frozen_layers': 0, 'classifier_dropout': 0.2, 'learning_rate': 0.002, 'weight_decay': 0.001, 'cosine_annealing_T_mult': 2, 'gradient_clipping': 3.0}.
[I 2026-01-22 15:32:51,793] Trial 1 finished with value: 0.5263157894736842 and parameters: {'frozen_layers': 0, 'classifier_dropout': 0.2, 'learning_rate': 0.002, 'weight_decay': 0.001, 'cosine_annealing_T_mult': 2, 'gradient_clipping': 0.5}.
[I 2026-01-22 15:41:02,258] Trial 2 finished with value: 0.47058823529411764 and parameters: {'frozen_layers': 1, 'classifier_dropout': 0.2901428612819832, 'learning_rate': 0.0032481928697702905, 'weight_decay': 0.0019843966652221857, 'cosine_annealing_T_mult': 1, 'gradient_clipping': 0.8899863008405067}. Best is trial 1 with value: 0.5263157894736842.
[I 2026-01-22 15:48:33,096] Trial 3 finished with value: 0.4878048780487805 and parameters: {'frozen_layers': 0, 'classifier_dropout': 0.273235229154987, 'learning_rate': 0.002631245451057453, 'weight_decay': 0.002552951604697378, 'cosine_annealing_T_mult': 1, 'gradient_clipping': 2.9247746304049858}. Best is trial 1 with value: 0.5263157894736842.
[I 2026-01-22 15:56:46,041] Trial 4 finished with value: 0.47619047619047616 and parameters: {'frozen_layers': 2, 'classifier_dropout': 0.14246782213565523, 'learning_rate': 0.0013399549522183022, 'weight_decay': 0.0007627364729026302, 'cosine_annealing_T_mult': 1, 'gradient_clipping': 1.8118910790805947}. Best is trial 1 with value: 0.5263157894736842.
[I 2026-01-22 16:03:41,218] Trial 5 finished with value: 0.5 and parameters: {'frozen_layers': 1, 'classifier_dropout': 0.15824582803960838, 'learning_rate': 0.002677113724214591, 'weight_decay': 0.0006893882309676887, 'cosine_annealing_T_mult': 1, 'gradient_clipping': 1.4159046082342293}. Best is trial 1 with value: 0.5263157894736842.
[I 2026-01-22 16:16:04,575] Trial 6 finished with value: 0.46153846153846156 and parameters: {'frozen_layers': 1, 'classifier_dropout': 0.2570351922786027, 'learning_rate': 0.0013790054557672566, 'weight_decay': 0.0016338208828908817, 'cosine_annealing_T_mult': 2, 'gradient_clipping': 0.6161260317999944}. Best is trial 1 with value: 0.5263157894736842.
[I 2026-01-22 16:24:26,029] Trial 7 finished with value: 0.46153846153846156 and parameters: {'frozen_layers': 1, 'classifier_dropout': 0.1341048247374583, 'learning_rate': 0.0011103735608516828, 'weight_decay': 0.004444833953509465, 'cosine_annealing_T_mult': 2, 'gradient_clipping': 2.5209933702911527}. Best is trial 1 with value: 0.5263157894736842.
[I 2026-01-22 16:32:07,868] Trial 8 finished with value: 0.47058823529411764 and parameters: {'frozen_layers': 0, 'classifier_dropout': 0.11953442280127678, 'learning_rate': 0.0030078651475264565, 'weight_decay': 0.0013775979824755392, 'cosine_annealing_T_mult': 1, 'gradient_clipping': 1.7379422752781755}. Best is trial 1 with value: 0.5263157894736842.
[I 2026-01-22 16:41:02,062] Trial 9 finished with value: 0.47058823529411764 and parameters: {'frozen_layers': 0, 'classifier_dropout': 0.2818640804157564, 'learning_rate': 0.0015166293102182279, 'weight_decay': 0.002298752892366083, 'cosine_annealing_T_mult': 1, 'gradient_clipping': 1.800170052944527}. Best is trial 1 with value: 0.5263157894736842.
[I 2026-01-22 16:47:56,373] Trial 10 finished with value: 0.5142857142857142 and parameters: {'frozen_layers': 1, 'classifier_dropout': 0.1369708911051054, 'learning_rate': 0.004761135828626515, 'weight_decay': 0.0029792217348362585, 'cosine_annealing_T_mult': 2, 'gradient_clipping': 2.737068376069122}. Best is trial 1 with value: 0.5263157894736842.
[I 2026-01-22 16:59:01,474] Trial 11 finished with value: 0.5161290322580645 and parameters: {'frozen_layers': 1, 'classifier_dropout': 0.28437484700462334, 'learning_rate': 0.001153064508097757, 'weight_decay': 0.0007851504189403356, 'cosine_annealing_T_mult': 1, 'gradient_clipping': 1.313325826908161}. Best is trial 1 with value: 0.5263157894736842.
[I 2026-01-22 17:06:06,380] Trial 12 finished with value: 0.5 and parameters: {'frozen_layers': 1, 'classifier_dropout': 0.17665396003045525, 'learning_rate': 0.0020262772454018464, 'weight_decay': 0.0008611654113062526, 'cosine_annealing_T_mult': 2, 'gradient_clipping': 2.9155885816849243}. Best is trial 1 with value: 0.5263157894736842.
[I 2026-01-22 17:13:41,136] Trial 13 finished with value: 0.5294117647058824 and parameters: {'frozen_layers': 0, 'classifier_dropout': 0.2285019882166197, 'learning_rate': 0.002893987876221524, 'weight_decay': 0.0009651528846180718, 'cosine_annealing_T_mult': 2, 'gradient_clipping': 0.7918472716494567}. Best is trial 13 with value: 0.5294117647058824.
[I 2026-01-22 17:23:58,840] Trial 14 finished with value: 0.4864864864864865 and parameters: {'frozen_layers': 0, 'classifier_dropout': 0.27755033563670073, 'learning_rate': 0.002995963284494762, 'weight_decay': 0.0007990342233942324, 'cosine_annealing_T_mult': 2, 'gradient_clipping': 0.5935951683217997}. Best is trial 13 with value: 0.5294117647058824.
[I 2026-01-22 17:31:36,945] Trial 15 finished with value: 0.48484848484848486 and parameters: {'frozen_layers': 0, 'classifier_dropout': 0.22115491901355547, 'learning_rate': 0.001805113341547385, 'weight_decay': 0.0007686147592864931, 'cosine_annealing_T_mult': 2, 'gradient_clipping': 1.5971432180372487}. Best is trial 13 with value: 0.5294117647058824.
[I 2026-01-22 17:39:11,891] Trial 16 finished with value: 0.44 and parameters: {'frozen_layers': 0, 'classifier_dropout': 0.18150718748040706, 'learning_rate': 0.0043789711228458955, 'weight_decay': 0.0010819238785609283, 'cosine_annealing_T_mult': 2, 'gradient_clipping': 1.0076595572752265}. Best is trial 13 with value: 0.5294117647058824.
[I 2026-01-22 17:52:03,449] Trial 17 finished with value: 0.5263157894736842 and parameters: {'frozen_layers': 0, 'classifier_dropout': 0.15247456264235423, 'learning_rate': 0.0015717005783999645, 'weight_decay': 0.001404002791742844, 'cosine_annealing_T_mult': 2, 'gradient_clipping': 0.5925684188611515}. Best is trial 13 with value: 0.5294117647058824.
[I 2026-01-22 18:00:56,224] Trial 18 finished with value: 0.47058823529411764 and parameters: {'frozen_layers': 0, 'classifier_dropout': 0.21529548312406183, 'learning_rate': 0.0022215042288375314, 'weight_decay': 0.0015326691837097817, 'cosine_annealing_T_mult': 1, 'gradient_clipping': 1.0040669153469706}. Best is trial 13 with value: 0.5294117647058824.
[I 2026-01-22 18:08:28,501] Trial 19 finished with value: 0.5 and parameters: {'frozen_layers': 0, 'classifier_dropout': 0.2565728140582454, 'learning_rate': 0.004429566819068727, 'weight_decay': 0.0008594337998076044, 'cosine_annealing_T_mult': 2, 'gradient_clipping': 2.2635417604642742}. Best is trial 13 with value: 0.5294117647058824.
[I 2026-01-22 18:17:40,522] Trial 20 finished with value: 0.5 and parameters: {'frozen_layers': 0, 'classifier_dropout': 0.19907615665999887, 'learning_rate': 0.00273890158314663, 'weight_decay': 0.0005890090549086512, 'cosine_annealing_T_mult': 2, 'gradient_clipping': 0.6399163630218644}. Best is trial 13 with value: 0.5294117647058824.
[I 2026-01-22 18:27:08,951] Trial 21 finished with value: 0.4827586206896552 and parameters: {'frozen_layers': 0, 'classifier_dropout': 0.1299531766219937, 'learning_rate': 0.0013990578918629038, 'weight_decay': 0.0011209767466168789, 'cosine_annealing_T_mult': 2, 'gradient_clipping': 0.904779829562855}. Best is trial 13 with value: 0.5294117647058824.

[TRIAL] 13 [VALIDATION PERFORMANCE] 0.5294117647058824 [TRAINING LOSS] 0.6871979321752276 [VALIDATION LOSS] 0.6858978337711759 

number                             			 13
value                              			 0.5294117647058824
params_classifier_dropout          			 0.2285019882166197
params_cosine_annealing_T_mult     			 2
params_frozen_layers               			 0
params_gradient_clipping           			 0.7918472716494567
params_learning_rate               			 0.002893987876221524
params_weight_decay                			 0.0009651528846180718
user_attrs_duplicate               			 False
user_attrs_epoch                   			 [12, 11, 9]
user_attrs_f1_score_thresholds     			 [0.56, 0.51, 0.51]
user_attrs_training_loss           			 0.6871979321752276
user_attrs_training_losses         			 [0.6771168261766434, 0.6921157155718122, 0.6871979321752276]
user_attrs_validation_loss         			 0.6858978337711759
user_attrs_validation_losses       			 [0.6820646524429321, 0.6878082752227783, 0.6858978337711759]
user_attrs_validation_performances 			 [0.5714285714285714, 0.4090909090909091, 0.5294117647058824]

[41] VALIDATION: 0.5714285714285714 TESTING: 0.6818181818181818
[42] VALIDATION: 0.4090909090909091 TESTING: 0.64
[43] VALIDATION: 0.5294117647058824 TESTING: 0.6521739130434783

Validation performance: 40.91 & 50.33 ± 8.43 & 57.14
Testing performance: 64.0 & 65.8 ± 2.15 & 68.18

[TRIAL] 17 [VALIDATION PERFORMANCE] 0.5263157894736842 [TRAINING LOSS] 0.6487153832401548 [VALIDATION LOSS] 0.6733298699061075 

number                             			 17
value                              			 0.5263157894736842
params_classifier_dropout          			 0.15247456264235423
params_cosine_annealing_T_mult     			 2
params_frozen_layers               			 0
params_gradient_clipping           			 0.5925684188611515
params_learning_rate               			 0.0015717005783999645
params_weight_decay                			 0.001404002791742844
user_attrs_duplicate               			 False
user_attrs_epoch                   			 [23, 25, 22]
user_attrs_f1_score_thresholds     			 [0.5, 0.47, 0.54]
user_attrs_training_loss           			 0.6487153832401548
user_attrs_training_losses         			 [0.6487153832401548, 0.6467520658458982, 0.6524360424705914]
user_attrs_validation_loss         			 0.6733298699061075
user_attrs_validation_losses       			 [0.6706843111250136, 0.6864569518301222, 0.6733298699061075]
user_attrs_validation_performances 			 [0.56, 0.48484848484848486, 0.5263157894736842]

[41] VALIDATION: 0.56 TESTING: 0.7
[42] VALIDATION: 0.48484848484848486 TESTING: 0.625
[43] VALIDATION: 0.5263157894736842 TESTING: 0.5555555555555556

Validation performance: 48.48 & 52.37 ± 3.76 & 56.0
Testing performance: 55.56 & 62.69 ± 7.22 & 70.0

[E-DAIC] Elapsed time: 379.3704942146937 minutes.
