[I 2026-02-13 20:35:04,889] Trial 175 finished with value: 0.6348216884954604 and parameters: {'batch_size': 32, 'frozen_layers': 2, 'classifier_dropout': 0.1, 'learning_rate': 0.0001, 'weight_decay': 0.001}. Best is trial 88 with value: 0.6655671610890869.
[I 2026-02-13 20:50:05,647] Trial 176 finished with value: 0.600030179032105 and parameters: {'batch_size': 32, 'frozen_layers': 6, 'classifier_dropout': 0.3, 'learning_rate': 5e-05, 'weight_decay': 0.001}. Best is trial 88 with value: 0.6655671610890869.
[I 2026-02-13 21:06:24,305] Trial 177 finished with value: 0.6342402531887662 and parameters: {'batch_size': 32, 'frozen_layers': 0, 'classifier_dropout': 0.4, 'learning_rate': 3e-05, 'weight_decay': 1e-06}. Best is trial 88 with value: 0.6655671610890869.
[I 2026-02-13 21:24:00,144] Trial 178 finished with value: 0.6256974963701964 and parameters: {'batch_size': 16, 'frozen_layers': 4, 'classifier_dropout': 0.4, 'learning_rate': 3e-05, 'weight_decay': 0.0001}. Best is trial 88 with value: 0.6655671610890869.
[I 2026-02-13 21:42:03,317] Trial 179 finished with value: 0.646887456174969 and parameters: {'batch_size': 16, 'frozen_layers': 0, 'classifier_dropout': 0.2, 'learning_rate': 2e-05, 'weight_decay': 0.001}. Best is trial 88 with value: 0.6655671610890869.
[I 2026-02-13 21:54:26,881] Trial 180 finished with value: 0.5448488775944138 and parameters: {'batch_size': 32, 'frozen_layers': 4, 'classifier_dropout': 0.4, 'learning_rate': 0.0001, 'weight_decay': 0.001}. Best is trial 88 with value: 0.6655671610890869.
[I 2026-02-13 21:54:27,570] Trial 181 pruned. Duplicate hyper-parameters, same as those used in trial 150: {'batch_size': 16, 'frozen_layers': 0, 'classifier_dropout': 0.2, 'learning_rate': 3e-05, 'weight_decay': 1e-06}.
[I 2026-02-13 22:12:17,424] Trial 182 finished with value: 0.6556554009491784 and parameters: {'batch_size': 16, 'frozen_layers': 2, 'classifier_dropout': 0.4, 'learning_rate': 3e-05, 'weight_decay': 1e-05}. Best is trial 88 with value: 0.6655671610890869.
[I 2026-02-13 22:28:32,027] Trial 183 finished with value: 0.5412976272500332 and parameters: {'batch_size': 16, 'frozen_layers': 0, 'classifier_dropout': 0.2, 'learning_rate': 0.0001, 'weight_decay': 1e-05}. Best is trial 88 with value: 0.6655671610890869.
[I 2026-02-13 22:44:26,518] Trial 184 finished with value: 0.6595414517670306 and parameters: {'batch_size': 32, 'frozen_layers': 2, 'classifier_dropout': 0.4, 'learning_rate': 5e-05, 'weight_decay': 1e-05}. Best is trial 88 with value: 0.6655671610890869.

[UPDATE] Unbound limits: {'batch_size': (np.int64(16), np.int64(64)), 'frozen_layers': (np.int64(0), np.int64(4)), 'classifier_dropout': (np.float64(0.1), np.float64(0.4)), 'learning_rate': (np.float64(3e-05), np.float64(0.0001)), 'weight_decay': (np.float64(0.0001), np.float64(0.001))}
[I 2026-02-13 22:44:26,993] A new study created in RDB with name: Ohsumed-Fine-tuning-unbound
[I 2026-02-13 22:44:27,088] Trial 0 finished with value: 0.6655671610890869 and parameters: {'batch_size': 32, 'frozen_layers': 2, 'classifier_dropout': 0.4, 'learning_rate': 5e-05, 'weight_decay': 0.001}.
[I 2026-02-13 22:44:27,088] Trial 1 finished with value: 0.6655671610890869 and parameters: {'batch_size': 32, 'frozen_layers': 2, 'classifier_dropout': 0.3, 'learning_rate': 5e-05, 'weight_decay': 0.001}.
[I 2026-02-13 22:44:27,088] Trial 2 finished with value: 0.6655671610890869 and parameters: {'batch_size': 32, 'frozen_layers': 2, 'classifier_dropout': 0.2, 'learning_rate': 5e-05, 'weight_decay': 0.001}.
[I 2026-02-13 22:59:53,735] Trial 3 finished with value: 0.6676563902589727 and parameters: {'batch_size': 32, 'frozen_layers': 4, 'classifier_dropout': 0.31959818254342154, 'learning_rate': 6.168038158199002e-05, 'weight_decay': 0.0001432249371823026}. Best is trial 3 with value: 0.6676563902589727.
[I 2026-02-13 23:16:30,242] Trial 4 finished with value: 0.629357057992863 and parameters: {'batch_size': 24, 'frozen_layers': 0, 'classifier_dropout': 0.3598528437324806, 'learning_rate': 6.186307704341193e-05, 'weight_decay': 0.0005105903209394755}. Best is trial 3 with value: 0.6676563902589727.
[I 2026-02-13 23:32:28,082] Trial 5 finished with value: 0.5975255298008676 and parameters: {'batch_size': 16, 'frozen_layers': 4, 'classifier_dropout': 0.34973279224012654, 'learning_rate': 3.873904074108898e-05, 'weight_decay': 0.0001519934830130982}. Best is trial 3 with value: 0.6676563902589727.
[I 2026-02-13 23:47:05,968] Trial 6 finished with value: 0.6219647865186018 and parameters: {'batch_size': 24, 'frozen_layers': 1, 'classifier_dropout': 0.2574269294896714, 'learning_rate': 5.046335539165066e-05, 'weight_decay': 0.00019553708662745247}. Best is trial 3 with value: 0.6676563902589727.
[I 2026-02-14 00:03:18,589] Trial 7 finished with value: 0.6275896093730854 and parameters: {'batch_size': 48, 'frozen_layers': 0, 'classifier_dropout': 0.18764339456056545, 'learning_rate': 4.6632003580742355e-05, 'weight_decay': 0.0002858051065806936}. Best is trial 3 with value: 0.6676563902589727.
[I 2026-02-14 00:19:19,955] Trial 8 finished with value: 0.6051382804846657 and parameters: {'batch_size': 56, 'frozen_layers': 0, 'classifier_dropout': 0.2542703315240835, 'learning_rate': 6.121843755950256e-05, 'weight_decay': 0.00011128853174905746}. Best is trial 3 with value: 0.6676563902589727.
[I 2026-02-14 00:32:15,169] Trial 9 finished with value: 0.5577408004462925 and parameters: {'batch_size': 48, 'frozen_layers': 0, 'classifier_dropout': 0.11951547789558387, 'learning_rate': 9.403149345691192e-05, 'weight_decay': 0.0009239150319627245}. Best is trial 3 with value: 0.6676563902589727.
[I 2026-02-14 00:48:05,596] Trial 10 finished with value: 0.6124137678337831 and parameters: {'batch_size': 56, 'frozen_layers': 1, 'classifier_dropout': 0.12930163420191518, 'learning_rate': 6.837418474664327e-05, 'weight_decay': 0.00027551959649510803}. Best is trial 3 with value: 0.6676563902589727.
[I 2026-02-14 01:06:03,232] Trial 11 finished with value: 0.6023801652629572 and parameters: {'batch_size': 16, 'frozen_layers': 2, 'classifier_dropout': 0.11031655633456552, 'learning_rate': 8.965728132196335e-05, 'weight_decay': 0.00018145961353490273}. Best is trial 3 with value: 0.6676563902589727.
[I 2026-02-14 01:22:00,548] Trial 12 finished with value: 0.5911025195941009 and parameters: {'batch_size': 48, 'frozen_layers': 1, 'classifier_dropout': 0.2560204063533433, 'learning_rate': 5.7940793638335996e-05, 'weight_decay': 0.0001530574436550019}. Best is trial 3 with value: 0.6676563902589727.
[I 2026-02-14 01:37:25,311] Trial 13 finished with value: 0.5967195388264703 and parameters: {'batch_size': 64, 'frozen_layers': 3, 'classifier_dropout': 0.38184968246925677, 'learning_rate': 8.810640009855045e-05, 'weight_decay': 0.00039618677904065835}. Best is trial 3 with value: 0.6676563902589727.
[I 2026-02-14 01:53:31,500] Trial 14 finished with value: 0.6106556794355018 and parameters: {'batch_size': 64, 'frozen_layers': 0, 'classifier_dropout': 0.15879485872574356, 'learning_rate': 3.16788671617536e-05, 'weight_decay': 0.00021150972021685588}. Best is trial 3 with value: 0.6676563902589727.
[I 2026-02-14 02:09:32,624] Trial 15 finished with value: 0.6426720254765049 and parameters: {'batch_size': 32, 'frozen_layers': 1, 'classifier_dropout': 0.34862125274557887, 'learning_rate': 4.6095654581465385e-05, 'weight_decay': 0.0001909565280104537}. Best is trial 3 with value: 0.6676563902589727.
[I 2026-02-14 02:25:51,336] Trial 16 finished with value: 0.6305837823844176 and parameters: {'batch_size': 40, 'frozen_layers': 0, 'classifier_dropout': 0.34065909422621193, 'learning_rate': 3.281725122795528e-05, 'weight_decay': 0.0009702573394120733}. Best is trial 3 with value: 0.6676563902589727.
[I 2026-02-14 02:40:12,641] Trial 17 finished with value: 0.586292003952425 and parameters: {'batch_size': 56, 'frozen_layers': 0, 'classifier_dropout': 0.10165663513708073, 'learning_rate': 8.007716757977903e-05, 'weight_decay': 0.0005091635945818553}. Best is trial 3 with value: 0.6676563902589727.
[I 2026-02-14 02:55:43,813] Trial 18 finished with value: 0.618567454956715 and parameters: {'batch_size': 56, 'frozen_layers': 3, 'classifier_dropout': 0.12221339552022711, 'learning_rate': 4.619078734619979e-05, 'weight_decay': 0.00013057771348997234}. Best is trial 3 with value: 0.6676563902589727.
[I 2026-02-14 03:11:16,052] Trial 19 finished with value: 0.5613967071852537 and parameters: {'batch_size': 64, 'frozen_layers': 3, 'classifier_dropout': 0.19926940745579477, 'learning_rate': 3.2385795199455616e-05, 'weight_decay': 0.00020463613363481617}. Best is trial 3 with value: 0.6676563902589727.
[I 2026-02-14 03:26:58,654] Trial 20 finished with value: 0.6411296485431149 and parameters: {'batch_size': 32, 'frozen_layers': 3, 'classifier_dropout': 0.29126724140656396, 'learning_rate': 8.730235124152463e-05, 'weight_decay': 0.00029662989987000704}. Best is trial 3 with value: 0.6676563902589727.
[I 2026-02-14 03:42:54,078] Trial 21 finished with value: 0.5973821711615166 and parameters: {'batch_size': 16, 'frozen_layers': 3, 'classifier_dropout': 0.3282355145850693, 'learning_rate': 5.89659325790739e-05, 'weight_decay': 0.0005901564798023387}. Best is trial 3 with value: 0.6676563902589727.
[I 2026-02-14 03:58:49,768] Trial 22 finished with value: 0.6244001657513348 and parameters: {'batch_size': 40, 'frozen_layers': 2, 'classifier_dropout': 0.2282623055075649, 'learning_rate': 3.093231155563182e-05, 'weight_decay': 0.00012820100418916918}. Best is trial 3 with value: 0.6676563902589727.
[I 2026-02-14 04:14:29,672] Trial 23 finished with value: 0.6115067198284476 and parameters: {'batch_size': 32, 'frozen_layers': 3, 'classifier_dropout': 0.3870207451113797, 'learning_rate': 4.410553023290909e-05, 'weight_decay': 0.0009675587848517999}. Best is trial 3 with value: 0.6676563902589727.
[I 2026-02-14 04:30:00,664] Trial 24 finished with value: 0.6091038543997976 and parameters: {'batch_size': 32, 'frozen_layers': 4, 'classifier_dropout': 0.32860046767929596, 'learning_rate': 7.41442180813453e-05, 'weight_decay': 0.00010175188818448642}. Best is trial 3 with value: 0.6676563902589727.
[I 2026-02-14 04:46:03,324] Trial 25 finished with value: 0.6365036831488592 and parameters: {'batch_size': 48, 'frozen_layers': 1, 'classifier_dropout': 0.3769592597186967, 'learning_rate': 5.4249901364518325e-05, 'weight_decay': 0.0009018690059931459}. Best is trial 3 with value: 0.6676563902589727.
[I 2026-02-14 05:02:03,684] Trial 26 finished with value: 0.6479386952969497 and parameters: {'batch_size': 32, 'frozen_layers': 1, 'classifier_dropout': 0.3130033242512705, 'learning_rate': 5.393556391625518e-05, 'weight_decay': 0.0008841432577042421}. Best is trial 3 with value: 0.6676563902589727.
[I 2026-02-14 05:17:38,114] Trial 27 finished with value: 0.6317684523088624 and parameters: {'batch_size': 32, 'frozen_layers': 4, 'classifier_dropout': 0.3639667992178802, 'learning_rate': 5.5429493691599436e-05, 'weight_decay': 0.0003394778777009003}. Best is trial 3 with value: 0.6676563902589727.
[I 2026-02-14 05:33:45,702] Trial 28 finished with value: 0.6343367849734473 and parameters: {'batch_size': 24, 'frozen_layers': 2, 'classifier_dropout': 0.3031797283556818, 'learning_rate': 3.389780485540477e-05, 'weight_decay': 0.0009988083353808797}. Best is trial 3 with value: 0.6676563902589727.
[I 2026-02-14 05:49:18,033] Trial 29 finished with value: 0.5925081470137916 and parameters: {'batch_size': 40, 'frozen_layers': 3, 'classifier_dropout': 0.2973094899759632, 'learning_rate': 5.4470343022341324e-05, 'weight_decay': 0.0008633369737913653}. Best is trial 3 with value: 0.6676563902589727.
[I 2026-02-14 06:05:03,502] Trial 30 finished with value: 0.6422520793837898 and parameters: {'batch_size': 32, 'frozen_layers': 3, 'classifier_dropout': 0.24105470388413114, 'learning_rate': 5.8636241928324446e-05, 'weight_decay': 0.00012798542155937104}. Best is trial 3 with value: 0.6676563902589727.
[I 2026-02-14 06:20:57,108] Trial 31 finished with value: 0.6445774203067448 and parameters: {'batch_size': 32, 'frozen_layers': 2, 'classifier_dropout': 0.18641615143428075, 'learning_rate': 5.9796322805018916e-05, 'weight_decay': 0.0008068140596112683}. Best is trial 3 with value: 0.6676563902589727.
[I 2026-02-14 06:35:22,607] Trial 32 finished with value: 0.5845995846683583 and parameters: {'batch_size': 24, 'frozen_layers': 2, 'classifier_dropout': 0.38030577873411425, 'learning_rate': 5.79091362481024e-05, 'weight_decay': 0.0009478510363617191}. Best is trial 3 with value: 0.6676563902589727.
[I 2026-02-14 06:49:52,001] Trial 33 finished with value: 0.5954826441152428 and parameters: {'batch_size': 24, 'frozen_layers': 2, 'classifier_dropout': 0.1402121692251263, 'learning_rate': 5.0036373454900176e-05, 'weight_decay': 0.000923298745764099}. Best is trial 3 with value: 0.6676563902589727.
[I 2026-02-14 07:05:47,122] Trial 34 finished with value: 0.6421691166831279 and parameters: {'batch_size': 32, 'frozen_layers': 2, 'classifier_dropout': 0.2393513175478506, 'learning_rate': 4.1109724065178294e-05, 'weight_decay': 0.0005845108979972862}. Best is trial 3 with value: 0.6676563902589727.
[I 2026-02-14 07:21:07,188] Trial 35 finished with value: 0.6075890191207648 and parameters: {'batch_size': 40, 'frozen_layers': 4, 'classifier_dropout': 0.292366899457928, 'learning_rate': 4.6556136404857535e-05, 'weight_decay': 0.00012857308316116281}. Best is trial 3 with value: 0.6676563902589727.
[I 2026-02-14 07:36:59,352] Trial 36 finished with value: 0.6255849828242893 and parameters: {'batch_size': 24, 'frozen_layers': 4, 'classifier_dropout': 0.3144396152848922, 'learning_rate': 7.611206923151274e-05, 'weight_decay': 0.00018362200181415943}. Best is trial 3 with value: 0.6676563902589727.
[I 2026-02-14 07:52:51,880] Trial 37 finished with value: 0.6583454599852459 and parameters: {'batch_size': 32, 'frozen_layers': 2, 'classifier_dropout': 0.1838317416281814, 'learning_rate': 4.916495537737917e-05, 'weight_decay': 0.000987310954512381}. Best is trial 3 with value: 0.6676563902589727.
[I 2026-02-14 08:09:02,551] Trial 38 finished with value: 0.6136881953230495 and parameters: {'batch_size': 40, 'frozen_layers': 0, 'classifier_dropout': 0.22053422439017728, 'learning_rate': 3.886456173740808e-05, 'weight_decay': 0.0009352475636213452}. Best is trial 3 with value: 0.6676563902589727.
[I 2026-02-14 08:23:42,346] Trial 39 finished with value: 0.5815103739248066 and parameters: {'batch_size': 24, 'frozen_layers': 1, 'classifier_dropout': 0.3824362577114616, 'learning_rate': 4.372574789805694e-05, 'weight_decay': 0.0005135429851876066}. Best is trial 3 with value: 0.6676563902589727.
[I 2026-02-14 08:39:04,505] Trial 40 finished with value: 0.6047822088374222 and parameters: {'batch_size': 40, 'frozen_layers': 4, 'classifier_dropout': 0.2674970548651355, 'learning_rate': 7.260250073994054e-05, 'weight_decay': 0.0002491425399428082}. Best is trial 3 with value: 0.6676563902589727.
[I 2026-02-14 08:54:58,993] Trial 41 finished with value: 0.6454770822467448 and parameters: {'batch_size': 32, 'frozen_layers': 2, 'classifier_dropout': 0.21225387931794548, 'learning_rate': 5.097947936766007e-05, 'weight_decay': 0.0009082363990416515}. Best is trial 3 with value: 0.6676563902589727.
[I 2026-02-14 09:10:52,659] Trial 42 finished with value: 0.6032765275388254 and parameters: {'batch_size': 40, 'frozen_layers': 2, 'classifier_dropout': 0.15808124726656636, 'learning_rate': 4.1432352255206855e-05, 'weight_decay': 0.0007130091068799333}. Best is trial 3 with value: 0.6676563902589727.
[I 2026-02-14 09:26:48,580] Trial 43 finished with value: 0.6230510737122015 and parameters: {'batch_size': 32, 'frozen_layers': 2, 'classifier_dropout': 0.2972824831239445, 'learning_rate': 3.129068153271034e-05, 'weight_decay': 0.0006499046529074021}. Best is trial 3 with value: 0.6676563902589727.
[I 2026-02-14 09:42:21,719] Trial 44 finished with value: 0.6409729777308388 and parameters: {'batch_size': 32, 'frozen_layers': 4, 'classifier_dropout': 0.3062811849648897, 'learning_rate': 6.003095571554968e-05, 'weight_decay': 0.00014303145811038327}. Best is trial 3 with value: 0.6676563902589727.
[I 2026-02-14 09:58:20,551] Trial 45 finished with value: 0.6491927092757083 and parameters: {'batch_size': 24, 'frozen_layers': 4, 'classifier_dropout': 0.10773818420428949, 'learning_rate': 5.3146070444344296e-05, 'weight_decay': 0.0009115329859821241}. Best is trial 3 with value: 0.6676563902589727.
[I 2026-02-14 10:14:07,564] Trial 46 finished with value: 0.6211043415938611 and parameters: {'batch_size': 32, 'frozen_layers': 3, 'classifier_dropout': 0.11558356182036644, 'learning_rate': 3.176110651910799e-05, 'weight_decay': 0.00043306060519815735}. Best is trial 3 with value: 0.6676563902589727.
[I 2026-02-14 10:32:20,007] Trial 47 finished with value: 0.6561161105694421 and parameters: {'batch_size': 16, 'frozen_layers': 2, 'classifier_dropout': 0.37454250685669627, 'learning_rate': 5.5824093133016394e-05, 'weight_decay': 0.00012957287982657192}. Best is trial 3 with value: 0.6676563902589727.
[I 2026-02-14 10:48:18,502] Trial 48 finished with value: 0.6548528352407076 and parameters: {'batch_size': 32, 'frozen_layers': 2, 'classifier_dropout': 0.37399886927706805, 'learning_rate': 5.404938867910162e-05, 'weight_decay': 0.0009661778534462574}. Best is trial 3 with value: 0.6676563902589727.
[I 2026-02-14 11:02:44,395] Trial 49 finished with value: 0.5980630479410347 and parameters: {'batch_size': 32, 'frozen_layers': 1, 'classifier_dropout': 0.246930800108515, 'learning_rate': 6.605860684250429e-05, 'weight_decay': 0.0009123855795125016}. Best is trial 3 with value: 0.6676563902589727.
[I 2026-02-14 11:18:47,490] Trial 50 finished with value: 0.6257691706926728 and parameters: {'batch_size': 32, 'frozen_layers': 1, 'classifier_dropout': 0.2982046182082396, 'learning_rate': 3.2115214974247815e-05, 'weight_decay': 0.0004225240905868799}. Best is trial 3 with value: 0.6676563902589727.
[I 2026-02-14 11:35:09,243] Trial 51 finished with value: 0.6230820371854892 and parameters: {'batch_size': 16, 'frozen_layers': 2, 'classifier_dropout': 0.3914917193380879, 'learning_rate': 4.676217824223804e-05, 'weight_decay': 0.00014085465012518382}. Best is trial 3 with value: 0.6676563902589727.
[I 2026-02-14 11:51:13,746] Trial 52 finished with value: 0.5902877159957911 and parameters: {'batch_size': 16, 'frozen_layers': 4, 'classifier_dropout': 0.18051912118952046, 'learning_rate': 6.201843600240574e-05, 'weight_decay': 0.000497861579676738}. Best is trial 3 with value: 0.6676563902589727.
[I 2026-02-14 12:05:57,905] Trial 53 finished with value: 0.6039884566549547 and parameters: {'batch_size': 16, 'frozen_layers': 1, 'classifier_dropout': 0.38491375764043423, 'learning_rate': 7.01064140986272e-05, 'weight_decay': 0.0001542523554505362}. Best is trial 3 with value: 0.6676563902589727.
[I 2026-02-14 12:22:24,088] Trial 54 finished with value: 0.5886819294171634 and parameters: {'batch_size': 16, 'frozen_layers': 2, 'classifier_dropout': 0.3837406358891831, 'learning_rate': 5.980862874601126e-05, 'weight_decay': 0.000114172204197566}. Best is trial 3 with value: 0.6676563902589727.
[I 2026-02-14 12:38:23,609] Trial 55 finished with value: 0.6263808574927442 and parameters: {'batch_size': 24, 'frozen_layers': 3, 'classifier_dropout': 0.24742175352159296, 'learning_rate': 4.92831135046135e-05, 'weight_decay': 0.0009403545112473062}. Best is trial 3 with value: 0.6676563902589727.
[I 2026-02-14 12:55:07,617] Trial 56 finished with value: 0.609533022257498 and parameters: {'batch_size': 16, 'frozen_layers': 0, 'classifier_dropout': 0.14297289751242184, 'learning_rate': 4.1331244924330716e-05, 'weight_decay': 0.00037625409756460236}. Best is trial 3 with value: 0.6676563902589727.
[I 2026-02-14 13:10:41,681] Trial 57 finished with value: 0.6026141529408735 and parameters: {'batch_size': 56, 'frozen_layers': 3, 'classifier_dropout': 0.38919422774566426, 'learning_rate': 3.7079578818997054e-05, 'weight_decay': 0.00011733458531215509}. Best is trial 3 with value: 0.6676563902589727.
[I 2026-02-14 13:24:41,927] Trial 58 finished with value: 0.5944421563304165 and parameters: {'batch_size': 32, 'frozen_layers': 4, 'classifier_dropout': 0.3989728120970453, 'learning_rate': 7.60448523492716e-05, 'weight_decay': 0.0001566049460582168}. Best is trial 3 with value: 0.6676563902589727.
[I 2026-02-14 13:40:34,341] Trial 59 finished with value: 0.6152642604373407 and parameters: {'batch_size': 40, 'frozen_layers': 2, 'classifier_dropout': 0.20427404932755958, 'learning_rate': 4.340743729101219e-05, 'weight_decay': 0.0009168046974991654}. Best is trial 3 with value: 0.6676563902589727.
[I 2026-02-14 13:55:09,629] Trial 60 finished with value: 0.5847215000551312 and parameters: {'batch_size': 16, 'frozen_layers': 2, 'classifier_dropout': 0.3140279652917065, 'learning_rate': 5.487017341721461e-05, 'weight_decay': 0.00019180600368063404}. Best is trial 3 with value: 0.6676563902589727.
[I 2026-02-14 14:09:28,047] Trial 61 finished with value: 0.5871126621533622 and parameters: {'batch_size': 32, 'frozen_layers': 2, 'classifier_dropout': 0.31600639278779136, 'learning_rate': 5.913866705973857e-05, 'weight_decay': 0.0009261302581664209}. Best is trial 3 with value: 0.6676563902589727.
[I 2026-02-14 14:25:27,366] Trial 62 finished with value: 0.6473250645444263 and parameters: {'batch_size': 32, 'frozen_layers': 2, 'classifier_dropout': 0.3741349368560549, 'learning_rate': 4.793216154230946e-05, 'weight_decay': 0.0008200559048648772}. Best is trial 3 with value: 0.6676563902589727.
