[I 2026-02-14 14:39:53,592] Trial 63 finished with value: 0.5777409977623422 and parameters: {'batch_size': 32, 'frozen_layers': 1, 'classifier_dropout': 0.39671263473731666, 'learning_rate': 4.304700596467535e-05, 'weight_decay': 0.0008519395354933331}. Best is trial 3 with value: 0.6676563902589727.
[I 2026-02-14 14:54:34,862] Trial 64 finished with value: 0.5812821913502976 and parameters: {'batch_size': 32, 'frozen_layers': 0, 'classifier_dropout': 0.3704238834476723, 'learning_rate': 8.56887411550569e-05, 'weight_decay': 0.0005917211905915621}. Best is trial 3 with value: 0.6676563902589727.
[I 2026-02-14 15:10:37,394] Trial 65 finished with value: 0.6529474770946836 and parameters: {'batch_size': 24, 'frozen_layers': 3, 'classifier_dropout': 0.12517391144860981, 'learning_rate': 9.072376313675356e-05, 'weight_decay': 0.00011496893677278136}. Best is trial 3 with value: 0.6676563902589727.
[I 2026-02-14 15:26:47,092] Trial 66 finished with value: 0.6107800033728787 and parameters: {'batch_size': 40, 'frozen_layers': 0, 'classifier_dropout': 0.3114951724153616, 'learning_rate': 8.747096920638744e-05, 'weight_decay': 0.00020956999823737213}. Best is trial 3 with value: 0.6676563902589727.
[I 2026-02-14 15:42:45,438] Trial 67 finished with value: 0.6428988517469371 and parameters: {'batch_size': 32, 'frozen_layers': 2, 'classifier_dropout': 0.3289996301918726, 'learning_rate': 4.351117394639441e-05, 'weight_decay': 0.0009738333836354322}. Best is trial 3 with value: 0.6676563902589727.
[I 2026-02-14 15:58:41,641] Trial 68 finished with value: 0.6349985270671169 and parameters: {'batch_size': 24, 'frozen_layers': 4, 'classifier_dropout': 0.13430589263982717, 'learning_rate': 5.4455601009900694e-05, 'weight_decay': 0.0002944745605390225}. Best is trial 3 with value: 0.6676563902589727.
[I 2026-02-14 16:14:06,435] Trial 69 finished with value: 0.6108917374383671 and parameters: {'batch_size': 40, 'frozen_layers': 4, 'classifier_dropout': 0.3714069532719571, 'learning_rate': 5.5281989134071906e-05, 'weight_decay': 0.0002019231033636547}. Best is trial 3 with value: 0.6676563902589727.
[I 2026-02-14 16:29:51,698] Trial 70 finished with value: 0.6190982777282801 and parameters: {'batch_size': 32, 'frozen_layers': 3, 'classifier_dropout': 0.36209934816676614, 'learning_rate': 5.497640067142861e-05, 'weight_decay': 0.0005441620836507295}. Best is trial 3 with value: 0.6676563902589727.
[I 2026-02-14 16:41:05,021] Trial 71 finished with value: 0.5654073534234818 and parameters: {'batch_size': 24, 'frozen_layers': 3, 'classifier_dropout': 0.16233782645955203, 'learning_rate': 9.686152520419785e-05, 'weight_decay': 0.0001449366384347322}. Best is trial 3 with value: 0.6676563902589727.
[I 2026-02-14 16:53:47,891] Trial 72 finished with value: 0.5875174152690942 and parameters: {'batch_size': 24, 'frozen_layers': 4, 'classifier_dropout': 0.10986265015853633, 'learning_rate': 7.871769865321388e-05, 'weight_decay': 0.00011452573375014402}. Best is trial 3 with value: 0.6676563902589727.
[I 2026-02-14 17:06:36,630] Trial 73 finished with value: 0.5553763641338869 and parameters: {'batch_size': 24, 'frozen_layers': 3, 'classifier_dropout': 0.10925094116596985, 'learning_rate': 9.11057397124321e-05, 'weight_decay': 0.00012368921655112047}. Best is trial 3 with value: 0.6676563902589727.
[I 2026-02-14 17:22:43,573] Trial 74 finished with value: 0.6588833625263785 and parameters: {'batch_size': 24, 'frozen_layers': 3, 'classifier_dropout': 0.15101996858883743, 'learning_rate': 7.636701392001547e-05, 'weight_decay': 0.00010670421225394921}. Best is trial 3 with value: 0.6676563902589727.
[I 2026-02-14 17:38:46,510] Trial 75 finished with value: 0.6335947333934662 and parameters: {'batch_size': 32, 'frozen_layers': 1, 'classifier_dropout': 0.21541214474942927, 'learning_rate': 4.8203364846864064e-05, 'weight_decay': 0.0005949289580402111}. Best is trial 3 with value: 0.6676563902589727.
[I 2026-02-14 17:54:52,783] Trial 76 finished with value: 0.6398160176556855 and parameters: {'batch_size': 24, 'frozen_layers': 2, 'classifier_dropout': 0.37857816120321447, 'learning_rate': 5.963784830898882e-05, 'weight_decay': 0.0009108540184750996}. Best is trial 3 with value: 0.6676563902589727.
[I 2026-02-14 18:10:51,498] Trial 77 finished with value: 0.6298995091377013 and parameters: {'batch_size': 32, 'frozen_layers': 2, 'classifier_dropout': 0.14212369705027678, 'learning_rate': 6.069695568752258e-05, 'weight_decay': 0.0001054455365475307}. Best is trial 3 with value: 0.6676563902589727.
[I 2026-02-14 18:26:18,143] Trial 78 finished with value: 0.6121822982022319 and parameters: {'batch_size': 40, 'frozen_layers': 4, 'classifier_dropout': 0.2147061774352692, 'learning_rate': 5.800278777440196e-05, 'weight_decay': 0.00011859189573091836}. Best is trial 3 with value: 0.6676563902589727.
[I 2026-02-14 18:38:45,635] Trial 79 finished with value: 0.5701360340867421 and parameters: {'batch_size': 40, 'frozen_layers': 3, 'classifier_dropout': 0.11235307984537155, 'learning_rate': 6.31482435367153e-05, 'weight_decay': 0.0008856650981205764}. Best is trial 3 with value: 0.6676563902589727.
[I 2026-02-14 18:50:01,631] Trial 80 finished with value: 0.5626561497894361 and parameters: {'batch_size': 24, 'frozen_layers': 3, 'classifier_dropout': 0.1197103429015999, 'learning_rate': 8.11687215310389e-05, 'weight_decay': 0.00012445554807536866}. Best is trial 3 with value: 0.6676563902589727.
[I 2026-02-14 19:05:16,274] Trial 81 finished with value: 0.6066257123785782 and parameters: {'batch_size': 64, 'frozen_layers': 4, 'classifier_dropout': 0.16376315200738228, 'learning_rate': 6.741097655006411e-05, 'weight_decay': 0.0002841024469639716}. Best is trial 3 with value: 0.6676563902589727.
[I 2026-02-14 19:19:40,633] Trial 82 finished with value: 0.5958240634887677 and parameters: {'batch_size': 24, 'frozen_layers': 3, 'classifier_dropout': 0.38830429717900644, 'learning_rate': 5.315168853009302e-05, 'weight_decay': 0.0007613295779962752}. Best is trial 3 with value: 0.6676563902589727.
[I 2026-02-14 19:32:48,194] Trial 83 finished with value: 0.571859984652263 and parameters: {'batch_size': 24, 'frozen_layers': 1, 'classifier_dropout': 0.20965469133613532, 'learning_rate': 9.331226605789726e-05, 'weight_decay': 0.00011788082668839195}. Best is trial 3 with value: 0.6676563902589727.
[I 2026-02-14 19:47:21,621] Trial 84 finished with value: 0.6024771228205691 and parameters: {'batch_size': 24, 'frozen_layers': 2, 'classifier_dropout': 0.3602892370897875, 'learning_rate': 6.380913927554101e-05, 'weight_decay': 0.0008294545550762515}. Best is trial 3 with value: 0.6676563902589727.
[I 2026-02-14 20:02:55,172] Trial 85 finished with value: 0.6382117272132067 and parameters: {'batch_size': 32, 'frozen_layers': 4, 'classifier_dropout': 0.15163435836200836, 'learning_rate': 4.8116495529800235e-05, 'weight_decay': 0.00010131585839274793}. Best is trial 3 with value: 0.6676563902589727.
[I 2026-02-14 20:18:59,647] Trial 86 finished with value: 0.6487747161695939 and parameters: {'batch_size': 24, 'frozen_layers': 3, 'classifier_dropout': 0.3488619015903778, 'learning_rate': 5.110109582303669e-05, 'weight_decay': 0.0001319760930386978}. Best is trial 3 with value: 0.6676563902589727.
[I 2026-02-14 20:35:00,127] Trial 87 finished with value: 0.6267016025416483 and parameters: {'batch_size': 24, 'frozen_layers': 3, 'classifier_dropout': 0.1854157519491903, 'learning_rate': 7.925317396454387e-05, 'weight_decay': 0.00011886553091405288}. Best is trial 3 with value: 0.6676563902589727.
[I 2026-02-14 20:50:59,757] Trial 88 finished with value: 0.6587293142074663 and parameters: {'batch_size': 32, 'frozen_layers': 1, 'classifier_dropout': 0.39978431332883385, 'learning_rate': 5.286522410533247e-05, 'weight_decay': 0.0009743960120259425}. Best is trial 3 with value: 0.6676563902589727.
[I 2026-02-14 21:07:18,062] Trial 89 finished with value: 0.6492644283114155 and parameters: {'batch_size': 32, 'frozen_layers': 0, 'classifier_dropout': 0.397178482559315, 'learning_rate': 5.106566481778468e-05, 'weight_decay': 0.0006651424175700687}. Best is trial 3 with value: 0.6676563902589727.
[I 2026-02-14 21:23:01,723] Trial 90 finished with value: 0.6267076424952664 and parameters: {'batch_size': 32, 'frozen_layers': 3, 'classifier_dropout': 0.2243530442641493, 'learning_rate': 7.073535560346882e-05, 'weight_decay': 0.0008980263758737647}. Best is trial 3 with value: 0.6676563902589727.
[I 2026-02-14 21:38:47,245] Trial 91 finished with value: 0.6433972874484991 and parameters: {'batch_size': 32, 'frozen_layers': 3, 'classifier_dropout': 0.1756598487441814, 'learning_rate': 3.258381153919718e-05, 'weight_decay': 0.000974275932293573}. Best is trial 3 with value: 0.6676563902589727.
[I 2026-02-14 21:54:42,253] Trial 92 finished with value: 0.6365971216167324 and parameters: {'batch_size': 32, 'frozen_layers': 2, 'classifier_dropout': 0.16983201028837952, 'learning_rate': 4.5516089666378085e-05, 'weight_decay': 0.0009709600954622017}. Best is trial 3 with value: 0.6676563902589727.
[I 2026-02-14 22:10:58,970] Trial 93 finished with value: 0.5855449130548055 and parameters: {'batch_size': 16, 'frozen_layers': 1, 'classifier_dropout': 0.3435118278317113, 'learning_rate': 5.157764893894771e-05, 'weight_decay': 0.000980812735275406}. Best is trial 3 with value: 0.6676563902589727.
[I 2026-02-14 22:26:31,097] Trial 94 finished with value: 0.6020234781566743 and parameters: {'batch_size': 32, 'frozen_layers': 4, 'classifier_dropout': 0.37637029278109246, 'learning_rate': 9.707384250631157e-05, 'weight_decay': 0.0006791842191688266}. Best is trial 3 with value: 0.6676563902589727.
[I 2026-02-14 22:40:49,631] Trial 95 finished with value: 0.5858162412073445 and parameters: {'batch_size': 32, 'frozen_layers': 2, 'classifier_dropout': 0.3907213799627841, 'learning_rate': 7.388019528734434e-05, 'weight_decay': 0.0008608135372052666}. Best is trial 3 with value: 0.6676563902589727.
[I 2026-02-14 22:56:47,837] Trial 96 finished with value: 0.6346565734059478 and parameters: {'batch_size': 24, 'frozen_layers': 3, 'classifier_dropout': 0.3691927590056715, 'learning_rate': 5.833374852713637e-05, 'weight_decay': 0.0009065359059336715}. Best is trial 3 with value: 0.6676563902589727.
[I 2026-02-14 23:12:22,632] Trial 97 finished with value: 0.6052061728215473 and parameters: {'batch_size': 40, 'frozen_layers': 3, 'classifier_dropout': 0.3824068439619152, 'learning_rate': 5.3362456035089853e-05, 'weight_decay': 0.0007746375357583395}. Best is trial 3 with value: 0.6676563902589727.
[I 2026-02-14 23:26:18,950] Trial 98 finished with value: 0.5886748552327543 and parameters: {'batch_size': 32, 'frozen_layers': 4, 'classifier_dropout': 0.11259996882571315, 'learning_rate': 9.201916883987168e-05, 'weight_decay': 0.00023128027052008086}. Best is trial 3 with value: 0.6676563902589727.
[I 2026-02-14 23:41:53,710] Trial 99 finished with value: 0.6256021455573911 and parameters: {'batch_size': 56, 'frozen_layers': 3, 'classifier_dropout': 0.11163279069182097, 'learning_rate': 3.831518413874432e-05, 'weight_decay': 0.0005529649246805423}. Best is trial 3 with value: 0.6676563902589727.
[I 2026-02-14 23:58:26,127] Trial 100 finished with value: 0.619745081657618 and parameters: {'batch_size': 16, 'frozen_layers': 0, 'classifier_dropout': 0.3243122456705179, 'learning_rate': 3.792993283291697e-05, 'weight_decay': 0.00020977686766200217}. Best is trial 3 with value: 0.6676563902589727.
[I 2026-02-15 00:14:29,175] Trial 101 finished with value: 0.6413107522471883 and parameters: {'batch_size': 32, 'frozen_layers': 1, 'classifier_dropout': 0.3364537896279649, 'learning_rate': 4.800067674849346e-05, 'weight_decay': 0.0005854092318034525}. Best is trial 3 with value: 0.6676563902589727.
[I 2026-02-15 00:30:41,780] Trial 102 finished with value: 0.6370441425301904 and parameters: {'batch_size': 32, 'frozen_layers': 0, 'classifier_dropout': 0.37731030593584075, 'learning_rate': 6.744560240985055e-05, 'weight_decay': 0.0007884030047488527}. Best is trial 3 with value: 0.6676563902589727.

[TRIAL] 3 [VALIDATION PERFORMANCE] 0.6676563902589727 [TRAINING LOSS] 0.3808744988222232 [VALIDATION LOSS] 1.2471466362476349 

number                     			 3
value                      			 0.6676563902589727
params_batch_size          			 32
params_classifier_dropout  			 0.31959818254342154
params_frozen_layers       			 4
params_learning_rate       			 6.168038158199002e-05
params_weight_decay        			 0.0001432249371823026
user_attrs_duplicate       			 False
user_attrs_epoch           			 6
user_attrs_training_loss   			 0.3808744988222232
user_attrs_validation_loss 			 1.2471466362476349

[37] VALIDATION: 0.6365968551835579 TESTING: 0.6156981952526565
[38] VALIDATION: 0.5980999617696707 TESTING: 0.5950479632370778
[39] VALIDATION: 0.5883666521113927 TESTING: 0.5771511742315785
[40] VALIDATION: 0.6195586332994204 TESTING: 0.6010454988463867
[41] VALIDATION: 0.6051349102622914 TESTING: 0.5709835923945495
[42] VALIDATION: 0.6676563902589727 TESTING: 0.6230034340908509
[43] VALIDATION: 0.6288891600797001 TESTING: 0.6152618468282427
[44] VALIDATION: 0.6375499216511203 TESTING: 0.6004602321176038
[45] VALIDATION: 0.5734393581607126 TESTING: 0.5839437523811111
[46] VALIDATION: 0.6263326786164971 TESTING: 0.6105605720052578

Validation performance: 57.34 & 61.82 ± 2.75 & 66.77
Testing performance: 57.1 & 59.93 ± 1.75 & 62.3

[TRIAL] 0 [VALIDATION PERFORMANCE] 0.6655671610890869 [TRAINING LOSS] 0.3984224796295166 [VALIDATION LOSS] 1.296379487622868 

number                     			 0
value                      			 0.6655671610890869
params_batch_size          			 32
params_classifier_dropout  			 0.4
params_frozen_layers       			 2
params_learning_rate       			 5e-05
params_weight_decay        			 0.001
user_attrs_duplicate       			 False
user_attrs_epoch           			 6
user_attrs_training_loss   			 0.3984224796295166
user_attrs_validation_loss 			 1.296379487622868

[37] VALIDATION: 0.6734529770717578 TESTING: 0.6179585444602054
[38] VALIDATION: 0.6106377028663522 TESTING: 0.5912382552301227
[39] VALIDATION: 0.6271242913132155 TESTING: 0.6233693944043004
[40] VALIDATION: 0.6346242230177814 TESTING: 0.601091375961543
[41] VALIDATION: 0.6034628360616515 TESTING: 0.5841473801186311
[42] VALIDATION: 0.6655671610890869 TESTING: 0.6283301292268698
[43] VALIDATION: 0.6340034185399849 TESTING: 0.6374266098785091
[44] VALIDATION: 0.6197150071132603 TESTING: 0.6022125536237659
[45] VALIDATION: 0.5735469441177063 TESTING: 0.5920117434975051
slurmstepd: error: *** JOB 2131766 ON kn064 CANCELLED AT 2026-02-15T05:42:04 DUE TO TIME LIMIT ***
