[I 2026-02-18 14:15:29,624] Trial 140 finished with value: 0.5271038614197664 and parameters: {'batch_size': 64, 'frozen_layers': 2, 'classifier_dropout': 0.3, 'learning_rate': 2e-05, 'weight_decay': 1e-06}. Best is trial 100 with value: 0.6604261694756132.
[I 2026-02-18 14:15:30,138] Trial 141 pruned. Duplicate hyper-parameters, same as those used in trial 139: {'batch_size': 16, 'frozen_layers': 0, 'classifier_dropout': 0.3, 'learning_rate': 2e-05, 'weight_decay': 0.0001}.
[I 2026-02-18 14:32:46,410] Trial 142 finished with value: 0.5874390413211156 and parameters: {'batch_size': 16, 'frozen_layers': 0, 'classifier_dropout': 0.2, 'learning_rate': 1e-05, 'weight_decay': 0.001}. Best is trial 100 with value: 0.6604261694756132.
[I 2026-02-18 14:47:57,885] Trial 143 finished with value: 0.6226690466283824 and parameters: {'batch_size': 32, 'frozen_layers': 2, 'classifier_dropout': 0.3, 'learning_rate': 3e-05, 'weight_decay': 0.001}. Best is trial 100 with value: 0.6604261694756132.
[I 2026-02-18 15:05:11,627] Trial 144 finished with value: 0.6329524271079289 and parameters: {'batch_size': 16, 'frozen_layers': 0, 'classifier_dropout': 0.2, 'learning_rate': 2e-05, 'weight_decay': 1e-06}. Best is trial 100 with value: 0.6604261694756132.
[I 2026-02-18 15:22:23,268] Trial 145 finished with value: 0.6338103305757271 and parameters: {'batch_size': 16, 'frozen_layers': 0, 'classifier_dropout': 0.1, 'learning_rate': 5e-05, 'weight_decay': 0.0001}. Best is trial 100 with value: 0.6604261694756132.
[I 2026-02-18 15:22:23,921] Trial 146 pruned. Duplicate hyper-parameters, same as those used in trial 145: {'batch_size': 16, 'frozen_layers': 0, 'classifier_dropout': 0.1, 'learning_rate': 5e-05, 'weight_decay': 0.0001}.
[I 2026-02-18 15:38:49,178] Trial 147 finished with value: 0.5984948286717922 and parameters: {'batch_size': 16, 'frozen_layers': 6, 'classifier_dropout': 0.4, 'learning_rate': 0.0001, 'weight_decay': 0.001}. Best is trial 100 with value: 0.6604261694756132.
[I 2026-02-18 15:55:43,172] Trial 148 finished with value: 0.6504406480867678 and parameters: {'batch_size': 16, 'frozen_layers': 2, 'classifier_dropout': 0.2, 'learning_rate': 3e-05, 'weight_decay': 1e-06}. Best is trial 100 with value: 0.6604261694756132.
[I 2026-02-18 15:55:43,705] Trial 149 pruned. Duplicate hyper-parameters, same as those used in trial 148: {'batch_size': 16, 'frozen_layers': 2, 'classifier_dropout': 0.2, 'learning_rate': 3e-05, 'weight_decay': 1e-06}.
[I 2026-02-18 16:09:12,026] Trial 150 finished with value: 0.6017850656623243 and parameters: {'batch_size': 16, 'frozen_layers': 2, 'classifier_dropout': 0.3, 'learning_rate': 5e-05, 'weight_decay': 0.0001}. Best is trial 100 with value: 0.6604261694756132.
[I 2026-02-18 16:24:20,336] Trial 151 finished with value: 0.5417127976330953 and parameters: {'batch_size': 16, 'frozen_layers': 2, 'classifier_dropout': 0.4, 'learning_rate': 0.0001, 'weight_decay': 1e-06}. Best is trial 100 with value: 0.6604261694756132.
[I 2026-02-18 16:41:37,795] Trial 152 finished with value: 0.5874390413211156 and parameters: {'batch_size': 16, 'frozen_layers': 0, 'classifier_dropout': 0.1, 'learning_rate': 1e-05, 'weight_decay': 0.0001}. Best is trial 100 with value: 0.6604261694756132.
[I 2026-02-18 16:58:16,116] Trial 153 finished with value: 0.6196234058885747 and parameters: {'batch_size': 16, 'frozen_layers': 4, 'classifier_dropout': 0.2, 'learning_rate': 3e-05, 'weight_decay': 0.001}. Best is trial 100 with value: 0.6604261694756132.
[I 2026-02-18 17:15:20,345] Trial 154 finished with value: 0.5674601360274445 and parameters: {'batch_size': 16, 'frozen_layers': 2, 'classifier_dropout': 0.3, 'learning_rate': 1e-05, 'weight_decay': 1e-06}. Best is trial 100 with value: 0.6604261694756132.
[I 2026-02-18 17:32:19,713] Trial 155 finished with value: 0.6504406480867678 and parameters: {'batch_size': 16, 'frozen_layers': 2, 'classifier_dropout': 0.2, 'learning_rate': 3e-05, 'weight_decay': 0.0001}. Best is trial 100 with value: 0.6604261694756132.
[I 2026-02-18 17:49:28,187] Trial 156 finished with value: 0.6338103305757271 and parameters: {'batch_size': 16, 'frozen_layers': 0, 'classifier_dropout': 0.4, 'learning_rate': 5e-05, 'weight_decay': 0.0001}. Best is trial 100 with value: 0.6604261694756132.
[I 2026-02-18 17:49:28,721] Trial 157 pruned. Duplicate hyper-parameters, same as those used in trial 155: {'batch_size': 16, 'frozen_layers': 2, 'classifier_dropout': 0.2, 'learning_rate': 3e-05, 'weight_decay': 0.0001}.
[I 2026-02-18 18:04:26,347] Trial 158 finished with value: 0.596269694736261 and parameters: {'batch_size': 64, 'frozen_layers': 2, 'classifier_dropout': 0.2, 'learning_rate': 0.0001, 'weight_decay': 0.001}. Best is trial 100 with value: 0.6604261694756132.
[I 2026-02-18 18:21:39,298] Trial 159 finished with value: 0.6338103305757271 and parameters: {'batch_size': 16, 'frozen_layers': 0, 'classifier_dropout': 0.2, 'learning_rate': 5e-05, 'weight_decay': 0.0001}. Best is trial 100 with value: 0.6604261694756132.
[I 2026-02-18 18:21:39,845] Trial 160 pruned. Duplicate hyper-parameters, same as those used in trial 156: {'batch_size': 16, 'frozen_layers': 0, 'classifier_dropout': 0.4, 'learning_rate': 5e-05, 'weight_decay': 0.0001}.
[I 2026-02-18 18:38:34,450] Trial 161 finished with value: 0.6504406480867678 and parameters: {'batch_size': 16, 'frozen_layers': 2, 'classifier_dropout': 0.1, 'learning_rate': 3e-05, 'weight_decay': 1e-06}. Best is trial 100 with value: 0.6604261694756132.
[I 2026-02-18 18:38:35,086] Trial 162 pruned. Duplicate hyper-parameters, same as those used in trial 159: {'batch_size': 16, 'frozen_layers': 0, 'classifier_dropout': 0.2, 'learning_rate': 5e-05, 'weight_decay': 0.0001}.
[I 2026-02-18 18:55:36,981] Trial 163 finished with value: 0.5674601360274445 and parameters: {'batch_size': 16, 'frozen_layers': 2, 'classifier_dropout': 0.2, 'learning_rate': 1e-05, 'weight_decay': 0.0001}. Best is trial 100 with value: 0.6604261694756132.
[I 2026-02-18 18:55:37,554] Trial 164 pruned. Duplicate hyper-parameters, same as those used in trial 161: {'batch_size': 16, 'frozen_layers': 2, 'classifier_dropout': 0.1, 'learning_rate': 3e-05, 'weight_decay': 1e-06}.
[I 2026-02-18 19:11:01,504] Trial 165 finished with value: 0.5984660453630256 and parameters: {'batch_size': 64, 'frozen_layers': 0, 'classifier_dropout': 0.2, 'learning_rate': 5e-05, 'weight_decay': 0.0001}. Best is trial 100 with value: 0.6604261694756132.
[I 2026-02-18 19:28:00,351] Trial 166 finished with value: 0.6504406480867678 and parameters: {'batch_size': 16, 'frozen_layers': 2, 'classifier_dropout': 0.4, 'learning_rate': 3e-05, 'weight_decay': 0.0001}. Best is trial 100 with value: 0.6604261694756132.
[I 2026-02-18 19:45:11,590] Trial 167 finished with value: 0.6314240787522413 and parameters: {'batch_size': 16, 'frozen_layers': 0, 'classifier_dropout': 0.2, 'learning_rate': 3e-05, 'weight_decay': 0.0001}. Best is trial 100 with value: 0.6604261694756132.
[I 2026-02-18 19:45:12,242] Trial 168 pruned. Duplicate hyper-parameters, same as those used in trial 166: {'batch_size': 16, 'frozen_layers': 2, 'classifier_dropout': 0.4, 'learning_rate': 3e-05, 'weight_decay': 0.0001}.
[I 2026-02-18 20:01:49,087] Trial 169 finished with value: 0.6286441570141951 and parameters: {'batch_size': 16, 'frozen_layers': 4, 'classifier_dropout': 0.1, 'learning_rate': 3e-05, 'weight_decay': 0.0001}. Best is trial 100 with value: 0.6604261694756132.
[I 2026-02-18 20:18:47,155] Trial 170 finished with value: 0.6504406480867678 and parameters: {'batch_size': 16, 'frozen_layers': 2, 'classifier_dropout': 0.1, 'learning_rate': 3e-05, 'weight_decay': 0.0001}. Best is trial 100 with value: 0.6604261694756132.
[I 2026-02-18 20:35:41,239] Trial 171 finished with value: 0.6504406480867678 and parameters: {'batch_size': 16, 'frozen_layers': 2, 'classifier_dropout': 0.3, 'learning_rate': 3e-05, 'weight_decay': 0.0001}. Best is trial 100 with value: 0.6604261694756132.
[I 2026-02-18 20:35:41,754] Trial 172 pruned. Duplicate hyper-parameters, same as those used in trial 170: {'batch_size': 16, 'frozen_layers': 2, 'classifier_dropout': 0.1, 'learning_rate': 3e-05, 'weight_decay': 0.0001}.
[I 2026-02-18 20:52:35,963] Trial 173 finished with value: 0.6504406480867678 and parameters: {'batch_size': 16, 'frozen_layers': 2, 'classifier_dropout': 0.2, 'learning_rate': 3e-05, 'weight_decay': 1e-05}. Best is trial 100 with value: 0.6604261694756132.
[I 2026-02-18 20:52:36,505] Trial 174 pruned. Duplicate hyper-parameters, same as those used in trial 171: {'batch_size': 16, 'frozen_layers': 2, 'classifier_dropout': 0.3, 'learning_rate': 3e-05, 'weight_decay': 0.0001}.
[I 2026-02-18 20:52:37,063] Trial 175 pruned. Duplicate hyper-parameters, same as those used in trial 173: {'batch_size': 16, 'frozen_layers': 2, 'classifier_dropout': 0.2, 'learning_rate': 3e-05, 'weight_decay': 1e-05}.
[I 2026-02-18 21:06:10,609] Trial 176 finished with value: 0.5850444660291746 and parameters: {'batch_size': 16, 'frozen_layers': 2, 'classifier_dropout': 0.2, 'learning_rate': 5e-05, 'weight_decay': 0.001}. Best is trial 100 with value: 0.6604261694756132.
[I 2026-02-18 21:21:25,259] Trial 177 finished with value: 0.5417127976330953 and parameters: {'batch_size': 16, 'frozen_layers': 2, 'classifier_dropout': 0.2, 'learning_rate': 0.0001, 'weight_decay': 0.0001}. Best is trial 100 with value: 0.6604261694756132.
[I 2026-02-18 21:38:26,192] Trial 178 finished with value: 0.650921180387412 and parameters: {'batch_size': 16, 'frozen_layers': 2, 'classifier_dropout': 0.1, 'learning_rate': 3e-05, 'weight_decay': 0.001}. Best is trial 100 with value: 0.6604261694756132.
[I 2026-02-18 21:55:28,374] Trial 179 finished with value: 0.6451377933685046 and parameters: {'batch_size': 16, 'frozen_layers': 2, 'classifier_dropout': 0.3, 'learning_rate': 2e-05, 'weight_decay': 1e-05}. Best is trial 100 with value: 0.6604261694756132.
[I 2026-02-18 21:55:28,888] Trial 180 pruned. Duplicate hyper-parameters, same as those used in trial 179: {'batch_size': 16, 'frozen_layers': 2, 'classifier_dropout': 0.3, 'learning_rate': 2e-05, 'weight_decay': 1e-05}.
[I 2026-02-18 22:12:29,536] Trial 181 finished with value: 0.6504406480867678 and parameters: {'batch_size': 16, 'frozen_layers': 2, 'classifier_dropout': 0.1, 'learning_rate': 3e-05, 'weight_decay': 1e-05}. Best is trial 100 with value: 0.6604261694756132.
[I 2026-02-18 22:12:30,211] Trial 182 pruned. Duplicate hyper-parameters, same as those used in trial 178: {'batch_size': 16, 'frozen_layers': 2, 'classifier_dropout': 0.1, 'learning_rate': 3e-05, 'weight_decay': 0.001}.
[I 2026-02-18 22:12:30,829] Trial 183 pruned. Duplicate hyper-parameters, same as those used in trial 181: {'batch_size': 16, 'frozen_layers': 2, 'classifier_dropout': 0.1, 'learning_rate': 3e-05, 'weight_decay': 1e-05}.
[I 2026-02-18 22:29:34,828] Trial 184 finished with value: 0.6451377933685046 and parameters: {'batch_size': 16, 'frozen_layers': 2, 'classifier_dropout': 0.1, 'learning_rate': 2e-05, 'weight_decay': 0.001}. Best is trial 100 with value: 0.6604261694756132.
[I 2026-02-18 22:46:41,030] Trial 185 finished with value: 0.6451377933685046 and parameters: {'batch_size': 16, 'frozen_layers': 2, 'classifier_dropout': 0.1, 'learning_rate': 2e-05, 'weight_decay': 1e-05}. Best is trial 100 with value: 0.6604261694756132.
[I 2026-02-18 22:46:41,577] Trial 186 pruned. Duplicate hyper-parameters, same as those used in trial 184: {'batch_size': 16, 'frozen_layers': 2, 'classifier_dropout': 0.1, 'learning_rate': 2e-05, 'weight_decay': 0.001}.
[I 2026-02-18 23:01:47,783] Trial 187 finished with value: 0.583662115742773 and parameters: {'batch_size': 64, 'frozen_layers': 2, 'classifier_dropout': 0.1, 'learning_rate': 3e-05, 'weight_decay': 0.0001}. Best is trial 100 with value: 0.6604261694756132.
[I 2026-02-18 23:18:51,999] Trial 188 finished with value: 0.5674601360274445 and parameters: {'batch_size': 16, 'frozen_layers': 2, 'classifier_dropout': 0.4, 'learning_rate': 1e-05, 'weight_decay': 0.0001}. Best is trial 100 with value: 0.6604261694756132.
[I 2026-02-18 23:33:59,227] Trial 189 finished with value: 0.583662115742773 and parameters: {'batch_size': 64, 'frozen_layers': 2, 'classifier_dropout': 0.2, 'learning_rate': 3e-05, 'weight_decay': 1e-05}. Best is trial 100 with value: 0.6604261694756132.
[I 2026-02-18 23:48:19,090] Trial 190 finished with value: 0.5872500308476439 and parameters: {'batch_size': 64, 'frozen_layers': 6, 'classifier_dropout': 0.4, 'learning_rate': 5e-05, 'weight_decay': 0.001}. Best is trial 100 with value: 0.6604261694756132.
[I 2026-02-19 00:03:30,223] Trial 191 finished with value: 0.5417127976330953 and parameters: {'batch_size': 16, 'frozen_layers': 2, 'classifier_dropout': 0.3, 'learning_rate': 0.0001, 'weight_decay': 1e-06}. Best is trial 100 with value: 0.6604261694756132.
[I 2026-02-19 00:20:30,800] Trial 192 finished with value: 0.6504406480867678 and parameters: {'batch_size': 16, 'frozen_layers': 2, 'classifier_dropout': 0.3, 'learning_rate': 3e-05, 'weight_decay': 1e-05}. Best is trial 100 with value: 0.6604261694756132.
[I 2026-02-19 00:20:31,341] Trial 193 pruned. Duplicate hyper-parameters, same as those used in trial 192: {'batch_size': 16, 'frozen_layers': 2, 'classifier_dropout': 0.3, 'learning_rate': 3e-05, 'weight_decay': 1e-05}.
[I 2026-02-19 00:37:03,033] Trial 194 finished with value: 0.5965763415710336 and parameters: {'batch_size': 16, 'frozen_layers': 6, 'classifier_dropout': 0.1, 'learning_rate': 3e-05, 'weight_decay': 0.001}. Best is trial 100 with value: 0.6604261694756132.
[I 2026-02-19 00:52:14,022] Trial 195 finished with value: 0.6133726625477776 and parameters: {'batch_size': 32, 'frozen_layers': 2, 'classifier_dropout': 0.3, 'learning_rate': 0.0001, 'weight_decay': 1e-05}. Best is trial 100 with value: 0.6604261694756132.
[I 2026-02-19 01:09:16,435] Trial 196 finished with value: 0.6451377933685046 and parameters: {'batch_size': 16, 'frozen_layers': 2, 'classifier_dropout': 0.4, 'learning_rate': 2e-05, 'weight_decay': 1e-05}. Best is trial 100 with value: 0.6604261694756132.
[I 2026-02-19 01:24:23,653] Trial 197 finished with value: 0.5859799989518166 and parameters: {'batch_size': 64, 'frozen_layers': 2, 'classifier_dropout': 0.2, 'learning_rate': 3e-05, 'weight_decay': 0.001}. Best is trial 100 with value: 0.6604261694756132.
[I 2026-02-19 01:41:27,495] Trial 198 finished with value: 0.6451377933685046 and parameters: {'batch_size': 16, 'frozen_layers': 2, 'classifier_dropout': 0.4, 'learning_rate': 2e-05, 'weight_decay': 0.001}. Best is trial 100 with value: 0.6604261694756132.
[I 2026-02-19 01:59:03,355] Trial 199 finished with value: 0.6504406480867678 and parameters: {'batch_size': 16, 'frozen_layers': 2, 'classifier_dropout': 0.4, 'learning_rate': 3e-05, 'weight_decay': 1e-05}. Best is trial 100 with value: 0.6604261694756132.
[I 2026-02-19 01:59:03,902] Trial 200 pruned. Duplicate hyper-parameters, same as those used in trial 199: {'batch_size': 16, 'frozen_layers': 2, 'classifier_dropout': 0.4, 'learning_rate': 3e-05, 'weight_decay': 1e-05}.
[I 2026-02-19 02:16:54,729] Trial 201 finished with value: 0.6504406480867678 and parameters: {'batch_size': 16, 'frozen_layers': 2, 'classifier_dropout': 0.4, 'learning_rate': 3e-05, 'weight_decay': 1e-06}. Best is trial 100 with value: 0.6604261694756132.
[I 2026-02-19 02:34:18,872] Trial 202 finished with value: 0.5902946905151688 and parameters: {'batch_size': 16, 'frozen_layers': 6, 'classifier_dropout': 0.2, 'learning_rate': 2e-05, 'weight_decay': 0.001}. Best is trial 100 with value: 0.6604261694756132.
[I 2026-02-19 02:51:51,330] Trial 203 finished with value: 0.6286441570141951 and parameters: {'batch_size': 16, 'frozen_layers': 4, 'classifier_dropout': 0.1, 'learning_rate': 3e-05, 'weight_decay': 1e-06}. Best is trial 100 with value: 0.6604261694756132.
[I 2026-02-19 02:51:51,858] Trial 204 pruned. Duplicate hyper-parameters, same as those used in trial 201: {'batch_size': 16, 'frozen_layers': 2, 'classifier_dropout': 0.4, 'learning_rate': 3e-05, 'weight_decay': 1e-06}.
[I 2026-02-19 03:09:42,084] Trial 205 finished with value: 0.650921180387412 and parameters: {'batch_size': 16, 'frozen_layers': 2, 'classifier_dropout': 0.4, 'learning_rate': 3e-05, 'weight_decay': 0.001}. Best is trial 100 with value: 0.6604261694756132.
[I 2026-02-19 03:09:42,621] Trial 206 pruned. Duplicate hyper-parameters, same as those used in trial 205: {'batch_size': 16, 'frozen_layers': 2, 'classifier_dropout': 0.4, 'learning_rate': 3e-05, 'weight_decay': 0.001}.
[I 2026-02-19 03:27:23,847] Trial 207 finished with value: 0.6451377933685046 and parameters: {'batch_size': 16, 'frozen_layers': 2, 'classifier_dropout': 0.2, 'learning_rate': 2e-05, 'weight_decay': 0.0001}. Best is trial 100 with value: 0.6604261694756132.
[I 2026-02-19 03:44:01,891] Trial 208 finished with value: 0.5957354004462675 and parameters: {'batch_size': 16, 'frozen_layers': 6, 'classifier_dropout': 0.4, 'learning_rate': 3e-05, 'weight_decay': 0.0001}. Best is trial 100 with value: 0.6604261694756132.
[I 2026-02-19 04:00:38,763] Trial 209 finished with value: 0.5957354004462675 and parameters: {'batch_size': 16, 'frozen_layers': 6, 'classifier_dropout': 0.2, 'learning_rate': 3e-05, 'weight_decay': 1e-06}. Best is trial 100 with value: 0.6604261694756132.
[I 2026-02-19 04:15:55,045] Trial 210 finished with value: 0.6234758968712366 and parameters: {'batch_size': 32, 'frozen_layers': 2, 'classifier_dropout': 0.2, 'learning_rate': 3e-05, 'weight_decay': 1e-06}. Best is trial 100 with value: 0.6604261694756132.
[I 2026-02-19 04:31:00,436] Trial 211 finished with value: 0.583662115742773 and parameters: {'batch_size': 64, 'frozen_layers': 2, 'classifier_dropout': 0.4, 'learning_rate': 3e-05, 'weight_decay': 0.0001}. Best is trial 100 with value: 0.6604261694756132.
[I 2026-02-19 04:47:43,834] Trial 212 finished with value: 0.6332124216498471 and parameters: {'batch_size': 16, 'frozen_layers': 4, 'classifier_dropout': 0.4, 'learning_rate': 5e-05, 'weight_decay': 0.001}. Best is trial 100 with value: 0.6604261694756132.
[I 2026-02-19 05:04:35,291] Trial 213 finished with value: 0.6286441570141951 and parameters: {'batch_size': 16, 'frozen_layers': 4, 'classifier_dropout': 0.3, 'learning_rate': 3e-05, 'weight_decay': 1e-05}. Best is trial 100 with value: 0.6604261694756132.
[I 2026-02-19 05:19:39,630] Trial 214 finished with value: 0.5271038614197664 and parameters: {'batch_size': 64, 'frozen_layers': 2, 'classifier_dropout': 0.3, 'learning_rate': 2e-05, 'weight_decay': 1e-05}. Best is trial 100 with value: 0.6604261694756132.
[I 2026-02-19 05:36:14,122] Trial 215 finished with value: 0.5957354004462675 and parameters: {'batch_size': 16, 'frozen_layers': 6, 'classifier_dropout': 0.1, 'learning_rate': 3e-05, 'weight_decay': 1e-05}. Best is trial 100 with value: 0.6604261694756132.
[I 2026-02-19 05:53:21,640] Trial 216 finished with value: 0.6451377933685046 and parameters: {'batch_size': 16, 'frozen_layers': 2, 'classifier_dropout': 0.2, 'learning_rate': 2e-05, 'weight_decay': 1e-05}. Best is trial 100 with value: 0.6604261694756132.
[I 2026-02-19 06:07:04,216] Trial 217 finished with value: 0.6017850656623243 and parameters: {'batch_size': 16, 'frozen_layers': 2, 'classifier_dropout': 0.3, 'learning_rate': 5e-05, 'weight_decay': 1e-05}. Best is trial 100 with value: 0.6604261694756132.
[I 2026-02-19 06:24:18,908] Trial 218 finished with value: 0.6451377933685046 and parameters: {'batch_size': 16, 'frozen_layers': 2, 'classifier_dropout': 0.1, 'learning_rate': 2e-05, 'weight_decay': 1e-06}. Best is trial 100 with value: 0.6604261694756132.
[I 2026-02-19 06:41:33,731] Trial 219 finished with value: 0.6451377933685046 and parameters: {'batch_size': 16, 'frozen_layers': 2, 'classifier_dropout': 0.3, 'learning_rate': 2e-05, 'weight_decay': 0.001}. Best is trial 100 with value: 0.6604261694756132.
[I 2026-02-19 06:58:36,974] Trial 220 finished with value: 0.5883786891343215 and parameters: {'batch_size': 16, 'frozen_layers': 2, 'classifier_dropout': 0.3, 'learning_rate': 0.0001, 'weight_decay': 0.001}. Best is trial 100 with value: 0.6604261694756132.
[I 2026-02-19 07:13:45,592] Trial 221 finished with value: 0.5271038614197664 and parameters: {'batch_size': 64, 'frozen_layers': 2, 'classifier_dropout': 0.4, 'learning_rate': 2e-05, 'weight_decay': 1e-06}. Best is trial 100 with value: 0.6604261694756132.
[I 2026-02-19 07:29:03,815] Trial 222 finished with value: 0.5417127976330953 and parameters: {'batch_size': 16, 'frozen_layers': 2, 'classifier_dropout': 0.1, 'learning_rate': 0.0001, 'weight_decay': 0.0001}. Best is trial 100 with value: 0.6604261694756132.
[I 2026-02-19 07:44:10,906] Trial 223 finished with value: 0.5271038614197664 and parameters: {'batch_size': 64, 'frozen_layers': 2, 'classifier_dropout': 0.2, 'learning_rate': 2e-05, 'weight_decay': 0.001}. Best is trial 100 with value: 0.6604261694756132.
[I 2026-02-19 08:01:21,846] Trial 224 finished with value: 0.6451377933685046 and parameters: {'batch_size': 16, 'frozen_layers': 2, 'classifier_dropout': 0.3, 'learning_rate': 2e-05, 'weight_decay': 0.0001}. Best is trial 100 with value: 0.6604261694756132.
[I 2026-02-19 08:18:37,430] Trial 225 finished with value: 0.5674601360274445 and parameters: {'batch_size': 16, 'frozen_layers': 2, 'classifier_dropout': 0.1, 'learning_rate': 1e-05, 'weight_decay': 1e-05}. Best is trial 100 with value: 0.6604261694756132.
[I 2026-02-19 08:18:37,937] Trial 226 pruned. Duplicate hyper-parameters, same as those used in trial 14: {'batch_size': 16, 'frozen_layers': 2, 'classifier_dropout': 0.3, 'learning_rate': 2e-05, 'weight_decay': 1e-06}.
[I 2026-02-19 08:35:55,248] Trial 227 finished with value: 0.5674601360274445 and parameters: {'batch_size': 16, 'frozen_layers': 2, 'classifier_dropout': 0.1, 'learning_rate': 1e-05, 'weight_decay': 0.001}. Best is trial 100 with value: 0.6604261694756132.
