[I 2026-04-08 12:08:02,866] Trial 174 pruned. Duplicate hyper-parameters, same as those used in trial 54: {'batch_size': 32, 'frozen_layers': 6, 'classifier_dropout': 0.3, 'learning_rate': 0.0001, 'weight_decay': 1e-06}.
[I 2026-04-08 12:11:16,538] Trial 175 finished with value: 0.7454545454545455 and parameters: {'batch_size': 32, 'frozen_layers': 6, 'classifier_dropout': 0.3, 'learning_rate': 1e-05, 'weight_decay': 0.0001}. Best is trial 6 with value: 0.8242424242424242.
[I 2026-04-08 12:13:30,636] Trial 176 finished with value: 0.7818181818181819 and parameters: {'batch_size': 32, 'frozen_layers': 4, 'classifier_dropout': 0.3, 'learning_rate': 5e-05, 'weight_decay': 0.001}. Best is trial 6 with value: 0.8242424242424242.
[I 2026-04-08 12:16:42,763] Trial 177 finished with value: 0.7696969696969697 and parameters: {'batch_size': 32, 'frozen_layers': 6, 'classifier_dropout': 0.1, 'learning_rate': 2e-05, 'weight_decay': 0.0001}. Best is trial 6 with value: 0.8242424242424242.

[UPDATE] Unbound limits: {'batch_size': (np.int64(16), np.int64(64)), 'frozen_layers': (np.int64(4), np.int64(6)), 'classifier_dropout': (np.float64(0.1), np.float64(0.4)), 'learning_rate': (np.float64(3e-05), np.float64(0.0001)), 'weight_decay': (np.float64(0.0001), np.float64(0.001))}
[I 2026-04-08 12:16:43,300] A new study created in RDB with name: IMDb-1k-Fine-tuning-Truncated-unbound
[I 2026-04-08 12:16:43,373] Trial 0 finished with value: 0.8242424242424242 and parameters: {'batch_size': 32, 'frozen_layers': 6, 'classifier_dropout': 0.1, 'learning_rate': 5e-05, 'weight_decay': 0.001}.
[I 2026-04-08 12:16:43,373] Trial 1 finished with value: 0.8242424242424242 and parameters: {'batch_size': 32, 'frozen_layers': 6, 'classifier_dropout': 0.2, 'learning_rate': 5e-05, 'weight_decay': 0.001}.
[I 2026-04-08 12:16:43,373] Trial 2 finished with value: 0.8242424242424242 and parameters: {'batch_size': 32, 'frozen_layers': 6, 'classifier_dropout': 0.4, 'learning_rate': 5e-05, 'weight_decay': 0.001}.
[I 2026-04-08 12:19:31,131] Trial 3 finished with value: 0.8181818181818182 and parameters: {'batch_size': 32, 'frozen_layers': 6, 'classifier_dropout': 0.31959818254342154, 'learning_rate': 6.168038158199002e-05, 'weight_decay': 0.0001432249371823026}. Best is trial 0 with value: 0.8242424242424242.
[I 2026-04-08 12:21:46,710] Trial 4 finished with value: 0.7636363636363637 and parameters: {'batch_size': 24, 'frozen_layers': 4, 'classifier_dropout': 0.3598528437324806, 'learning_rate': 6.186307704341193e-05, 'weight_decay': 0.0005105903209394755}. Best is trial 0 with value: 0.8242424242424242.
[I 2026-04-08 12:24:37,107] Trial 5 finished with value: 0.7757575757575758 and parameters: {'batch_size': 16, 'frozen_layers': 6, 'classifier_dropout': 0.34973279224012654, 'learning_rate': 3.873904074108898e-05, 'weight_decay': 0.0001519934830130982}. Best is trial 0 with value: 0.8242424242424242.
[I 2026-04-08 12:27:11,259] Trial 6 finished with value: 0.8 and parameters: {'batch_size': 24, 'frozen_layers': 4, 'classifier_dropout': 0.2574269294896714, 'learning_rate': 5.046335539165066e-05, 'weight_decay': 0.00019553708662745247}. Best is trial 0 with value: 0.8242424242424242.
[I 2026-04-08 12:30:23,394] Trial 7 finished with value: 0.7757575757575758 and parameters: {'batch_size': 48, 'frozen_layers': 4, 'classifier_dropout': 0.18764339456056545, 'learning_rate': 4.6632003580742355e-05, 'weight_decay': 0.0002858051065806936}. Best is trial 0 with value: 0.8242424242424242.
[I 2026-04-08 12:33:34,134] Trial 8 finished with value: 0.8121212121212121 and parameters: {'batch_size': 56, 'frozen_layers': 4, 'classifier_dropout': 0.2542703315240835, 'learning_rate': 6.121843755950256e-05, 'weight_decay': 0.00011128853174905746}. Best is trial 0 with value: 0.8242424242424242.
[I 2026-04-08 12:36:06,373] Trial 9 finished with value: 0.8242424242424242 and parameters: {'batch_size': 48, 'frozen_layers': 4, 'classifier_dropout': 0.11951547789558387, 'learning_rate': 9.403149345691192e-05, 'weight_decay': 0.0009239150319627245}. Best is trial 0 with value: 0.8242424242424242.
[I 2026-04-08 12:38:56,632] Trial 10 finished with value: 0.8121212121212121 and parameters: {'batch_size': 56, 'frozen_layers': 4, 'classifier_dropout': 0.12930163420191518, 'learning_rate': 6.837418474664327e-05, 'weight_decay': 0.00027551959649510803}. Best is trial 0 with value: 0.8242424242424242.
[I 2026-04-08 12:41:43,823] Trial 11 finished with value: 0.7333333333333333 and parameters: {'batch_size': 16, 'frozen_layers': 5, 'classifier_dropout': 0.11031655633456552, 'learning_rate': 8.965728132196335e-05, 'weight_decay': 0.00018145961353490273}. Best is trial 0 with value: 0.8242424242424242.
[I 2026-04-08 12:44:15,641] Trial 12 finished with value: 0.7878787878787878 and parameters: {'batch_size': 48, 'frozen_layers': 4, 'classifier_dropout': 0.2560204063533433, 'learning_rate': 5.7940793638335996e-05, 'weight_decay': 0.0001530574436550019}. Best is trial 0 with value: 0.8242424242424242.
[I 2026-04-08 12:46:43,821] Trial 13 finished with value: 0.7636363636363637 and parameters: {'batch_size': 64, 'frozen_layers': 6, 'classifier_dropout': 0.38184968246925677, 'learning_rate': 8.810640009855045e-05, 'weight_decay': 0.00039618677904065835}. Best is trial 0 with value: 0.8242424242424242.
[I 2026-04-08 12:50:00,134] Trial 14 finished with value: 0.793939393939394 and parameters: {'batch_size': 64, 'frozen_layers': 4, 'classifier_dropout': 0.15879485872574356, 'learning_rate': 3.16788671617536e-05, 'weight_decay': 0.00021150972021685588}. Best is trial 0 with value: 0.8242424242424242.
[I 2026-04-08 12:52:54,971] Trial 15 finished with value: 0.7878787878787878 and parameters: {'batch_size': 32, 'frozen_layers': 4, 'classifier_dropout': 0.34862125274557887, 'learning_rate': 4.6095654581465385e-05, 'weight_decay': 0.0001909565280104537}. Best is trial 0 with value: 0.8242424242424242.
[I 2026-04-08 12:55:30,038] Trial 16 finished with value: 0.7757575757575758 and parameters: {'batch_size': 40, 'frozen_layers': 4, 'classifier_dropout': 0.34065909422621193, 'learning_rate': 3.281725122795528e-05, 'weight_decay': 0.0009702573394120733}. Best is trial 0 with value: 0.8242424242424242.
[I 2026-04-08 12:58:01,858] Trial 17 finished with value: 0.8 and parameters: {'batch_size': 56, 'frozen_layers': 4, 'classifier_dropout': 0.10165663513708073, 'learning_rate': 8.007716757977903e-05, 'weight_decay': 0.0005091635945818553}. Best is trial 0 with value: 0.8242424242424242.
[I 2026-04-08 13:01:07,751] Trial 18 finished with value: 0.8 and parameters: {'batch_size': 56, 'frozen_layers': 6, 'classifier_dropout': 0.12221339552022711, 'learning_rate': 4.619078734619979e-05, 'weight_decay': 0.00013057771348997234}. Best is trial 0 with value: 0.8242424242424242.
[I 2026-04-08 13:04:20,575] Trial 19 finished with value: 0.7575757575757576 and parameters: {'batch_size': 64, 'frozen_layers': 5, 'classifier_dropout': 0.19926940745579477, 'learning_rate': 3.2385795199455616e-05, 'weight_decay': 0.00020463613363481617}. Best is trial 0 with value: 0.8242424242424242.
[I 2026-04-08 13:06:35,498] Trial 20 finished with value: 0.8242424242424242 and parameters: {'batch_size': 32, 'frozen_layers': 6, 'classifier_dropout': 0.29126724140656396, 'learning_rate': 8.730235124152463e-05, 'weight_decay': 0.00029662989987000704}. Best is trial 0 with value: 0.8242424242424242.
[I 2026-04-08 13:09:06,041] Trial 21 finished with value: 0.793939393939394 and parameters: {'batch_size': 16, 'frozen_layers': 6, 'classifier_dropout': 0.3282355145850693, 'learning_rate': 5.89659325790739e-05, 'weight_decay': 0.0005901564798023387}. Best is trial 0 with value: 0.8242424242424242.
[I 2026-04-08 13:12:19,857] Trial 22 finished with value: 0.8 and parameters: {'batch_size': 40, 'frozen_layers': 5, 'classifier_dropout': 0.2282623055075649, 'learning_rate': 3.093231155563182e-05, 'weight_decay': 0.00012820100418916918}. Best is trial 0 with value: 0.8242424242424242.
[I 2026-04-08 13:15:11,202] Trial 23 finished with value: 0.8121212121212121 and parameters: {'batch_size': 32, 'frozen_layers': 6, 'classifier_dropout': 0.15027255841653842, 'learning_rate': 4.483506159209742e-05, 'weight_decay': 0.0008994565884025186}. Best is trial 0 with value: 0.8242424242424242.
[I 2026-04-08 13:18:01,142] Trial 24 finished with value: 0.8181818181818182 and parameters: {'batch_size': 32, 'frozen_layers': 6, 'classifier_dropout': 0.39653355659869555, 'learning_rate': 5.3032345777167034e-05, 'weight_decay': 0.0009786647119131501}. Best is trial 0 with value: 0.8242424242424242.
[I 2026-04-08 13:20:34,100] Trial 25 finished with value: 0.7878787878787878 and parameters: {'batch_size': 32, 'frozen_layers': 6, 'classifier_dropout': 0.13200002637796973, 'learning_rate': 7.418729307991842e-05, 'weight_decay': 0.0009618725107639752}. Best is trial 0 with value: 0.8242424242424242.
[I 2026-04-08 13:23:06,370] Trial 26 finished with value: 0.7393939393939394 and parameters: {'batch_size': 40, 'frozen_layers': 5, 'classifier_dropout': 0.10150948930944863, 'learning_rate': 5.9824358172332995e-05, 'weight_decay': 0.0007178219379535155}. Best is trial 0 with value: 0.8242424242424242.
[I 2026-04-08 13:26:17,331] Trial 27 finished with value: 0.8181818181818182 and parameters: {'batch_size': 24, 'frozen_layers': 5, 'classifier_dropout': 0.10412124816726119, 'learning_rate': 3.970765897435674e-05, 'weight_decay': 0.0008490121333487039}. Best is trial 0 with value: 0.8242424242424242.
[I 2026-04-08 13:29:30,637] Trial 28 finished with value: 0.8181818181818182 and parameters: {'batch_size': 32, 'frozen_layers': 6, 'classifier_dropout': 0.28784909815440296, 'learning_rate': 4.782690134738324e-05, 'weight_decay': 0.0005292256067692216}. Best is trial 0 with value: 0.8242424242424242.
[I 2026-04-08 13:32:20,488] Trial 29 finished with value: 0.8181818181818182 and parameters: {'batch_size': 32, 'frozen_layers': 6, 'classifier_dropout': 0.13940356220645692, 'learning_rate': 3.820980211521483e-05, 'weight_decay': 0.0005834748018802573}. Best is trial 0 with value: 0.8242424242424242.
[I 2026-04-08 13:35:14,941] Trial 30 finished with value: 0.7757575757575758 and parameters: {'batch_size': 40, 'frozen_layers': 6, 'classifier_dropout': 0.17985718541894175, 'learning_rate': 5.584031414466612e-05, 'weight_decay': 0.0009869102035107628}. Best is trial 0 with value: 0.8242424242424242.
[I 2026-04-08 13:37:48,545] Trial 31 finished with value: 0.7454545454545455 and parameters: {'batch_size': 40, 'frozen_layers': 4, 'classifier_dropout': 0.11182532585184388, 'learning_rate': 9.359221508352629e-05, 'weight_decay': 0.0006408327038975281}. Best is trial 0 with value: 0.8242424242424242.
[I 2026-04-08 13:40:04,089] Trial 32 finished with value: 0.7575757575757576 and parameters: {'batch_size': 40, 'frozen_layers': 4, 'classifier_dropout': 0.18453732391589261, 'learning_rate': 9.896086548557778e-05, 'weight_decay': 0.000899351657228553}. Best is trial 0 with value: 0.8242424242424242.
[I 2026-04-08 13:42:25,688] Trial 33 finished with value: 0.8 and parameters: {'batch_size': 24, 'frozen_layers': 6, 'classifier_dropout': 0.3961724313409138, 'learning_rate': 3.618200021216643e-05, 'weight_decay': 0.0008624758786779604}. Best is trial 0 with value: 0.8242424242424242.
[I 2026-04-08 13:44:45,916] Trial 34 finished with value: 0.806060606060606 and parameters: {'batch_size': 24, 'frozen_layers': 5, 'classifier_dropout': 0.18739755654175883, 'learning_rate': 8.605079974042375e-05, 'weight_decay': 0.0007529748086637267}. Best is trial 0 with value: 0.8242424242424242.
[I 2026-04-08 13:47:55,402] Trial 35 finished with value: 0.7818181818181819 and parameters: {'batch_size': 48, 'frozen_layers': 6, 'classifier_dropout': 0.2596526910246966, 'learning_rate': 3.730044435494378e-05, 'weight_decay': 0.0009516418427609225}. Best is trial 0 with value: 0.8242424242424242.
[I 2026-04-08 13:50:44,888] Trial 36 finished with value: 0.8121212121212121 and parameters: {'batch_size': 56, 'frozen_layers': 5, 'classifier_dropout': 0.11986726354695548, 'learning_rate': 7.875476023420316e-05, 'weight_decay': 0.0009717900583132026}. Best is trial 0 with value: 0.8242424242424242.
[I 2026-04-08 13:53:32,050] Trial 37 finished with value: 0.8121212121212121 and parameters: {'batch_size': 32, 'frozen_layers': 6, 'classifier_dropout': 0.2395416348522074, 'learning_rate': 5.6029940628598796e-05, 'weight_decay': 0.0009907367923573847}. Best is trial 0 with value: 0.8242424242424242.
[I 2026-04-08 13:56:04,190] Trial 38 finished with value: 0.806060606060606 and parameters: {'batch_size': 24, 'frozen_layers': 6, 'classifier_dropout': 0.16159500347241162, 'learning_rate': 5.2491915020320035e-05, 'weight_decay': 0.0009616023777559494}. Best is trial 0 with value: 0.8242424242424242.
[I 2026-04-08 13:59:17,613] Trial 39 finished with value: 0.793939393939394 and parameters: {'batch_size': 48, 'frozen_layers': 6, 'classifier_dropout': 0.3964346382398309, 'learning_rate': 3.77777605675268e-05, 'weight_decay': 0.0006340147159023225}. Best is trial 0 with value: 0.8242424242424242.
[I 2026-04-08 14:01:49,133] Trial 40 finished with value: 0.8 and parameters: {'batch_size': 56, 'frozen_layers': 4, 'classifier_dropout': 0.13012207307063586, 'learning_rate': 9.437075326321147e-05, 'weight_decay': 0.0008930984169911292}. Best is trial 0 with value: 0.8242424242424242.
[I 2026-04-08 14:04:18,534] Trial 41 finished with value: 0.8121212121212121 and parameters: {'batch_size': 32, 'frozen_layers': 6, 'classifier_dropout': 0.25831994760233606, 'learning_rate': 9.956127142997877e-05, 'weight_decay': 0.00020516434044281836}. Best is trial 0 with value: 0.8242424242424242.
[I 2026-04-08 14:06:31,610] Trial 42 finished with value: 0.7757575757575758 and parameters: {'batch_size': 32, 'frozen_layers': 6, 'classifier_dropout': 0.3353089550069432, 'learning_rate': 9.861270439535067e-05, 'weight_decay': 0.0002563823894468271}. Best is trial 0 with value: 0.8242424242424242.
[I 2026-04-08 14:08:44,652] Trial 43 finished with value: 0.8 and parameters: {'batch_size': 40, 'frozen_layers': 5, 'classifier_dropout': 0.2506813519752699, 'learning_rate': 8.972762298439511e-05, 'weight_decay': 0.0004240658716572029}. Best is trial 0 with value: 0.8242424242424242.
[I 2026-04-08 14:10:58,972] Trial 44 finished with value: 0.7818181818181819 and parameters: {'batch_size': 24, 'frozen_layers': 6, 'classifier_dropout': 0.23801753798037045, 'learning_rate': 6.535033916260997e-05, 'weight_decay': 0.00032343067374355876}. Best is trial 0 with value: 0.8242424242424242.
[I 2026-04-08 14:13:45,450] Trial 45 finished with value: 0.8121212121212121 and parameters: {'batch_size': 40, 'frozen_layers': 6, 'classifier_dropout': 0.24877612563985807, 'learning_rate': 6.396311923814431e-05, 'weight_decay': 0.0003042265375385882}. Best is trial 0 with value: 0.8242424242424242.
[I 2026-04-08 14:15:57,353] Trial 46 finished with value: 0.7636363636363637 and parameters: {'batch_size': 32, 'frozen_layers': 6, 'classifier_dropout': 0.26206633253499706, 'learning_rate': 9.70822262622713e-05, 'weight_decay': 0.0005396348405303611}. Best is trial 0 with value: 0.8242424242424242.
[I 2026-04-08 14:18:09,641] Trial 47 finished with value: 0.806060606060606 and parameters: {'batch_size': 32, 'frozen_layers': 6, 'classifier_dropout': 0.10277249695959306, 'learning_rate': 5.8548166733386255e-05, 'weight_decay': 0.0007803693701789577}. Best is trial 0 with value: 0.8242424242424242.
[I 2026-04-08 14:20:42,501] Trial 48 finished with value: 0.7818181818181819 and parameters: {'batch_size': 16, 'frozen_layers': 5, 'classifier_dropout': 0.250016776033032, 'learning_rate': 4.3533117507073846e-05, 'weight_decay': 0.0007099055371649415}. Best is trial 0 with value: 0.8242424242424242.
[I 2026-04-08 14:23:12,290] Trial 49 finished with value: 0.8 and parameters: {'batch_size': 32, 'frozen_layers': 5, 'classifier_dropout': 0.360852489019768, 'learning_rate': 6.204328550972537e-05, 'weight_decay': 0.0005373641277674657}. Best is trial 0 with value: 0.8242424242424242.
[I 2026-04-08 14:26:18,457] Trial 50 finished with value: 0.8121212121212121 and parameters: {'batch_size': 32, 'frozen_layers': 5, 'classifier_dropout': 0.38895105354366283, 'learning_rate': 5.171693417736578e-05, 'weight_decay': 0.00010023648885686397}. Best is trial 0 with value: 0.8242424242424242.
[I 2026-04-08 14:29:03,534] Trial 51 finished with value: 0.8606060606060606 and parameters: {'batch_size': 32, 'frozen_layers': 6, 'classifier_dropout': 0.3091132475177905, 'learning_rate': 7.094466896387167e-05, 'weight_decay': 0.0001147761851124148}. Best is trial 51 with value: 0.8606060606060606.
[I 2026-04-08 14:31:16,962] Trial 52 finished with value: 0.7636363636363637 and parameters: {'batch_size': 32, 'frozen_layers': 4, 'classifier_dropout': 0.32622481129676695, 'learning_rate': 7.187448764833341e-05, 'weight_decay': 0.0003053570094316644}. Best is trial 51 with value: 0.8606060606060606.
[I 2026-04-08 14:34:21,270] Trial 53 finished with value: 0.7878787878787878 and parameters: {'batch_size': 32, 'frozen_layers': 6, 'classifier_dropout': 0.33540252254685227, 'learning_rate': 5.6696751805845694e-05, 'weight_decay': 0.00016073281618942062}. Best is trial 51 with value: 0.8606060606060606.
[I 2026-04-08 14:36:44,937] Trial 54 finished with value: 0.7393939393939394 and parameters: {'batch_size': 40, 'frozen_layers': 6, 'classifier_dropout': 0.33991489164842126, 'learning_rate': 7.14826516979569e-05, 'weight_decay': 0.00013059293157259967}. Best is trial 51 with value: 0.8606060606060606.
[I 2026-04-08 14:38:55,588] Trial 55 finished with value: 0.8242424242424242 and parameters: {'batch_size': 24, 'frozen_layers': 6, 'classifier_dropout': 0.2512668229696351, 'learning_rate': 7.472711385712778e-05, 'weight_decay': 0.0001382909629479559}. Best is trial 51 with value: 0.8606060606060606.
[I 2026-04-08 14:41:06,211] Trial 56 finished with value: 0.8121212121212121 and parameters: {'batch_size': 24, 'frozen_layers': 5, 'classifier_dropout': 0.36667802917537184, 'learning_rate': 9.468364584988966e-05, 'weight_decay': 0.0009346527666761879}. Best is trial 51 with value: 0.8606060606060606.
[I 2026-04-08 14:44:09,744] Trial 57 finished with value: 0.806060606060606 and parameters: {'batch_size': 48, 'frozen_layers': 6, 'classifier_dropout': 0.24242835366427942, 'learning_rate': 6.482062955830919e-05, 'weight_decay': 0.00011716406933335142}. Best is trial 51 with value: 0.8606060606060606.
[I 2026-04-08 14:46:35,451] Trial 58 finished with value: 0.793939393939394 and parameters: {'batch_size': 32, 'frozen_layers': 6, 'classifier_dropout': 0.2966976493168481, 'learning_rate': 7.122049841089316e-05, 'weight_decay': 0.00011805092932198057}. Best is trial 51 with value: 0.8606060606060606.
[I 2026-04-08 14:49:02,249] Trial 59 finished with value: 0.7878787878787878 and parameters: {'batch_size': 40, 'frozen_layers': 6, 'classifier_dropout': 0.13857544214007728, 'learning_rate': 4.0490410385884265e-05, 'weight_decay': 0.0007366347456767566}. Best is trial 51 with value: 0.8606060606060606.
[I 2026-04-08 14:51:12,571] Trial 60 finished with value: 0.7696969696969697 and parameters: {'batch_size': 32, 'frozen_layers': 4, 'classifier_dropout': 0.19307823910911698, 'learning_rate': 9.593269203604773e-05, 'weight_decay': 0.00012102655243673052}. Best is trial 51 with value: 0.8606060606060606.
[I 2026-04-08 14:53:22,459] Trial 61 finished with value: 0.7818181818181819 and parameters: {'batch_size': 24, 'frozen_layers': 6, 'classifier_dropout': 0.3503238516350733, 'learning_rate': 7.006658642792601e-05, 'weight_decay': 0.00013501707539634653}. Best is trial 51 with value: 0.8606060606060606.
[I 2026-04-08 14:55:32,059] Trial 62 finished with value: 0.806060606060606 and parameters: {'batch_size': 24, 'frozen_layers': 6, 'classifier_dropout': 0.10315020562134004, 'learning_rate': 5.027057495964328e-05, 'weight_decay': 0.0009405613521769186}. Best is trial 51 with value: 0.8606060606060606.
[I 2026-04-08 14:58:02,058] Trial 63 finished with value: 0.806060606060606 and parameters: {'batch_size': 24, 'frozen_layers': 6, 'classifier_dropout': 0.2344951629017908, 'learning_rate': 7.202362865515477e-05, 'weight_decay': 0.0001748583265630649}. Best is trial 51 with value: 0.8606060606060606.
[I 2026-04-08 15:00:12,178] Trial 64 finished with value: 0.7818181818181819 and parameters: {'batch_size': 24, 'frozen_layers': 6, 'classifier_dropout': 0.2684518623714644, 'learning_rate': 7.692462774915657e-05, 'weight_decay': 0.00010244801065932419}. Best is trial 51 with value: 0.8606060606060606.
[I 2026-04-08 15:02:58,297] Trial 65 finished with value: 0.8363636363636363 and parameters: {'batch_size': 32, 'frozen_layers': 6, 'classifier_dropout': 0.33807889739265984, 'learning_rate': 5.47293371233776e-05, 'weight_decay': 0.0009932916847381146}. Best is trial 51 with value: 0.8606060606060606.
[I 2026-04-08 15:06:08,207] Trial 66 finished with value: 0.8121212121212121 and parameters: {'batch_size': 64, 'frozen_layers': 4, 'classifier_dropout': 0.3820194807272556, 'learning_rate': 5.7067916061142125e-05, 'weight_decay': 0.0001841987511333516}. Best is trial 51 with value: 0.8606060606060606.
[I 2026-04-08 15:08:34,890] Trial 67 finished with value: 0.8121212121212121 and parameters: {'batch_size': 40, 'frozen_layers': 6, 'classifier_dropout': 0.3337823514456053, 'learning_rate': 6.447005326710087e-05, 'weight_decay': 0.0008686462172567954}. Best is trial 51 with value: 0.8606060606060606.
[I 2026-04-08 15:11:23,056] Trial 68 finished with value: 0.8 and parameters: {'batch_size': 32, 'frozen_layers': 6, 'classifier_dropout': 0.3309206484831212, 'learning_rate': 5.0662599641473984e-05, 'weight_decay': 0.0008331773792220377}. Best is trial 51 with value: 0.8606060606060606.
