[I 2026-02-20 08:09:06,511] Trial 111 finished with value: 0.9274 and parameters: {'batch_size': 16, 'frozen_layers': 0, 'classifier_dropout': 0.2, 'learning_rate': 3e-05, 'weight_decay': 0.0001}. Best is trial 2 with value: 0.9288.
[I 2026-02-20 08:09:07,057] Trial 112 pruned. Duplicate hyper-parameters, same as those used in trial 111: {'batch_size': 16, 'frozen_layers': 0, 'classifier_dropout': 0.2, 'learning_rate': 3e-05, 'weight_decay': 0.0001}.
[I 2026-02-20 08:49:06,250] Trial 113 finished with value: 0.922 and parameters: {'batch_size': 64, 'frozen_layers': 6, 'classifier_dropout': 0.2, 'learning_rate': 3e-05, 'weight_decay': 0.0001}. Best is trial 2 with value: 0.9288.
[I 2026-02-20 09:30:48,329] Trial 114 finished with value: 0.9248 and parameters: {'batch_size': 64, 'frozen_layers': 2, 'classifier_dropout': 0.1, 'learning_rate': 2e-05, 'weight_decay': 0.0001}. Best is trial 2 with value: 0.9288.
[I 2026-02-20 10:14:30,411] Trial 115 finished with value: 0.9288 and parameters: {'batch_size': 32, 'frozen_layers': 0, 'classifier_dropout': 0.3, 'learning_rate': 2e-05, 'weight_decay': 1e-06}. Best is trial 2 with value: 0.9288.
[I 2026-02-20 10:14:30,984] Trial 116 pruned. Duplicate hyper-parameters, same as those used in trial 115: {'batch_size': 32, 'frozen_layers': 0, 'classifier_dropout': 0.3, 'learning_rate': 2e-05, 'weight_decay': 1e-06}.
[I 2026-02-20 10:57:28,651] Trial 117 finished with value: 0.9212 and parameters: {'batch_size': 32, 'frozen_layers': 2, 'classifier_dropout': 0.1, 'learning_rate': 0.0001, 'weight_decay': 0.0001}. Best is trial 2 with value: 0.9288.
[I 2026-02-20 11:54:08,625] Trial 118 finished with value: 0.9148 and parameters: {'batch_size': 16, 'frozen_layers': 0, 'classifier_dropout': 0.2, 'learning_rate': 0.0001, 'weight_decay': 0.001}. Best is trial 2 with value: 0.9288.
[I 2026-02-20 12:44:05,335] Trial 119 finished with value: 0.924 and parameters: {'batch_size': 16, 'frozen_layers': 0, 'classifier_dropout': 0.3, 'learning_rate': 2e-05, 'weight_decay': 1e-05}. Best is trial 2 with value: 0.9288.
[I 2026-02-20 13:26:43,305] Trial 120 finished with value: 0.9258 and parameters: {'batch_size': 64, 'frozen_layers': 0, 'classifier_dropout': 0.4, 'learning_rate': 3e-05, 'weight_decay': 1e-05}. Best is trial 2 with value: 0.9288.
[I 2026-02-20 14:10:24,124] Trial 121 finished with value: 0.9208 and parameters: {'batch_size': 32, 'frozen_layers': 0, 'classifier_dropout': 0.1, 'learning_rate': 5e-05, 'weight_decay': 1e-06}. Best is trial 2 with value: 0.9288.
[I 2026-02-20 14:54:07,105] Trial 122 finished with value: 0.9208 and parameters: {'batch_size': 32, 'frozen_layers': 0, 'classifier_dropout': 0.3, 'learning_rate': 5e-05, 'weight_decay': 1e-05}. Best is trial 2 with value: 0.9288.
[I 2026-02-20 15:37:54,203] Trial 123 finished with value: 0.9226 and parameters: {'batch_size': 32, 'frozen_layers': 0, 'classifier_dropout': 0.4, 'learning_rate': 1e-05, 'weight_decay': 0.001}. Best is trial 2 with value: 0.9288.
[I 2026-02-20 16:26:01,420] Trial 124 finished with value: 0.9222 and parameters: {'batch_size': 16, 'frozen_layers': 4, 'classifier_dropout': 0.2, 'learning_rate': 3e-05, 'weight_decay': 0.0001}. Best is trial 2 with value: 0.9288.
[I 2026-02-20 17:09:40,244] Trial 125 finished with value: 0.9288 and parameters: {'batch_size': 32, 'frozen_layers': 0, 'classifier_dropout': 0.3, 'learning_rate': 2e-05, 'weight_decay': 0.0001}. Best is trial 2 with value: 0.9288.
[I 2026-02-20 18:04:02,839] Trial 126 finished with value: 0.9212 and parameters: {'batch_size': 16, 'frozen_layers': 6, 'classifier_dropout': 0.2, 'learning_rate': 1e-05, 'weight_decay': 0.001}. Best is trial 2 with value: 0.9288.
[I 2026-02-20 18:47:42,048] Trial 127 finished with value: 0.9288 and parameters: {'batch_size': 32, 'frozen_layers': 0, 'classifier_dropout': 0.4, 'learning_rate': 2e-05, 'weight_decay': 0.0001}. Best is trial 2 with value: 0.9288.
[I 2026-02-20 18:47:42,604] Trial 128 pruned. Duplicate hyper-parameters, same as those used in trial 127: {'batch_size': 32, 'frozen_layers': 0, 'classifier_dropout': 0.4, 'learning_rate': 2e-05, 'weight_decay': 0.0001}.
[I 2026-02-20 18:47:43,090] Trial 129 pruned. Duplicate hyper-parameters, same as those used in trial 125: {'batch_size': 32, 'frozen_layers': 0, 'classifier_dropout': 0.3, 'learning_rate': 2e-05, 'weight_decay': 0.0001}.
[I 2026-02-20 19:31:22,113] Trial 130 finished with value: 0.9288 and parameters: {'batch_size': 32, 'frozen_layers': 0, 'classifier_dropout': 0.1, 'learning_rate': 2e-05, 'weight_decay': 1e-06}. Best is trial 2 with value: 0.9288.
[I 2026-02-20 19:31:23,222] Trial 131 pruned. Duplicate hyper-parameters, same as those used in trial 130: {'batch_size': 32, 'frozen_layers': 0, 'classifier_dropout': 0.1, 'learning_rate': 2e-05, 'weight_decay': 1e-06}.
[I 2026-02-20 20:15:08,998] Trial 132 finished with value: 0.9226 and parameters: {'batch_size': 32, 'frozen_layers': 0, 'classifier_dropout': 0.3, 'learning_rate': 1e-05, 'weight_decay': 0.0001}. Best is trial 2 with value: 0.9288.
[I 2026-02-20 20:59:01,010] Trial 133 finished with value: 0.9288 and parameters: {'batch_size': 32, 'frozen_layers': 0, 'classifier_dropout': 0.1, 'learning_rate': 2e-05, 'weight_decay': 1e-05}. Best is trial 2 with value: 0.9288.
[I 2026-02-20 20:59:01,531] Trial 134 pruned. Duplicate hyper-parameters, same as those used in trial 133: {'batch_size': 32, 'frozen_layers': 0, 'classifier_dropout': 0.1, 'learning_rate': 2e-05, 'weight_decay': 1e-05}.
[I 2026-02-20 21:42:50,657] Trial 135 finished with value: 0.9288 and parameters: {'batch_size': 32, 'frozen_layers': 0, 'classifier_dropout': 0.2, 'learning_rate': 2e-05, 'weight_decay': 1e-05}. Best is trial 2 with value: 0.9288.
[I 2026-02-20 22:26:36,310] Trial 136 finished with value: 0.9208 and parameters: {'batch_size': 32, 'frozen_layers': 0, 'classifier_dropout': 0.2, 'learning_rate': 5e-05, 'weight_decay': 0.001}. Best is trial 2 with value: 0.9288.
[I 2026-02-20 23:06:33,422] Trial 137 finished with value: 0.9228 and parameters: {'batch_size': 64, 'frozen_layers': 6, 'classifier_dropout': 0.4, 'learning_rate': 2e-05, 'weight_decay': 1e-05}. Best is trial 2 with value: 0.9288.
[I 2026-02-20 23:06:33,961] Trial 138 pruned. Duplicate hyper-parameters, same as those used in trial 2: {'batch_size': 32, 'frozen_layers': 0, 'classifier_dropout': 0.4, 'learning_rate': 2e-05, 'weight_decay': 0.001}.
[I 2026-02-20 23:50:38,089] Trial 139 finished with value: 0.9262 and parameters: {'batch_size': 32, 'frozen_layers': 0, 'classifier_dropout': 0.3, 'learning_rate': 3e-05, 'weight_decay': 1e-05}. Best is trial 2 with value: 0.9288.
[I 2026-02-21 00:47:59,519] Trial 140 finished with value: 0.9216 and parameters: {'batch_size': 16, 'frozen_layers': 2, 'classifier_dropout': 0.2, 'learning_rate': 5e-05, 'weight_decay': 0.001}. Best is trial 2 with value: 0.9288.
[I 2026-02-21 01:29:32,137] Trial 141 finished with value: 0.9238 and parameters: {'batch_size': 32, 'frozen_layers': 6, 'classifier_dropout': 0.4, 'learning_rate': 2e-05, 'weight_decay': 1e-06}. Best is trial 2 with value: 0.9288.
[I 2026-02-21 02:13:42,892] Trial 142 finished with value: 0.9208 and parameters: {'batch_size': 32, 'frozen_layers': 0, 'classifier_dropout': 0.4, 'learning_rate': 5e-05, 'weight_decay': 1e-06}. Best is trial 2 with value: 0.9288.
[I 2026-02-21 02:13:43,453] Trial 143 pruned. Duplicate hyper-parameters, same as those used in trial 135: {'batch_size': 32, 'frozen_layers': 0, 'classifier_dropout': 0.2, 'learning_rate': 2e-05, 'weight_decay': 1e-05}.
[I 2026-02-21 02:56:41,078] Trial 144 finished with value: 0.9252 and parameters: {'batch_size': 64, 'frozen_layers': 0, 'classifier_dropout': 0.1, 'learning_rate': 2e-05, 'weight_decay': 1e-06}. Best is trial 2 with value: 0.9288.
[I 2026-02-21 03:39:40,528] Trial 145 finished with value: 0.9258 and parameters: {'batch_size': 32, 'frozen_layers': 4, 'classifier_dropout': 0.3, 'learning_rate': 2e-05, 'weight_decay': 1e-05}. Best is trial 2 with value: 0.9288.
[I 2026-02-21 04:24:26,815] Trial 146 finished with value: 0.9288 and parameters: {'batch_size': 32, 'frozen_layers': 0, 'classifier_dropout': 0.1, 'learning_rate': 2e-05, 'weight_decay': 0.0001}. Best is trial 2 with value: 0.9288.
[I 2026-02-21 05:09:53,126] Trial 147 finished with value: 0.9272 and parameters: {'batch_size': 32, 'frozen_layers': 4, 'classifier_dropout': 0.1, 'learning_rate': 3e-05, 'weight_decay': 0.001}. Best is trial 2 with value: 0.9288.
[I 2026-02-21 05:53:00,065] Trial 148 finished with value: 0.9258 and parameters: {'batch_size': 32, 'frozen_layers': 4, 'classifier_dropout': 0.4, 'learning_rate': 2e-05, 'weight_decay': 0.001}. Best is trial 2 with value: 0.9288.
slurmstepd: error: *** JOB 2223437 ON kn082 CANCELLED AT 2026-02-21T05:57:43 DUE TO TIME LIMIT ***
