[I 2026-04-08 15:13:34,839] Trial 69 finished with value: 0.7818181818181819 and parameters: {'batch_size': 40, 'frozen_layers': 4, 'classifier_dropout': 0.17216389140838717, 'learning_rate': 6.527798683822444e-05, 'weight_decay': 0.0007125775314549776}. Best is trial 51 with value: 0.8606060606060606.
[I 2026-04-08 15:16:46,803] Trial 70 finished with value: 0.8121212121212121 and parameters: {'batch_size': 32, 'frozen_layers': 6, 'classifier_dropout': 0.37421516253368187, 'learning_rate': 4.785182863957026e-05, 'weight_decay': 0.0008610519500439123}. Best is trial 51 with value: 0.8606060606060606.
[I 2026-04-08 15:19:39,996] Trial 71 finished with value: 0.7878787878787878 and parameters: {'batch_size': 32, 'frozen_layers': 5, 'classifier_dropout': 0.23187802057264206, 'learning_rate': 5.2334059406208947e-05, 'weight_decay': 0.0001586177069528175}. Best is trial 51 with value: 0.8606060606060606.
[I 2026-04-08 15:22:25,662] Trial 72 finished with value: 0.8242424242424242 and parameters: {'batch_size': 32, 'frozen_layers': 6, 'classifier_dropout': 0.331577948798942, 'learning_rate': 7.042100403900287e-05, 'weight_decay': 0.0003398629287492103}. Best is trial 51 with value: 0.8606060606060606.
[I 2026-04-08 15:24:43,416] Trial 73 finished with value: 0.806060606060606 and parameters: {'batch_size': 24, 'frozen_layers': 6, 'classifier_dropout': 0.3985715500085971, 'learning_rate': 4.846131659624396e-05, 'weight_decay': 0.0006983122046360549}. Best is trial 51 with value: 0.8606060606060606.
[I 2026-04-08 15:27:11,325] Trial 74 finished with value: 0.7757575757575758 and parameters: {'batch_size': 32, 'frozen_layers': 6, 'classifier_dropout': 0.3939828483489088, 'learning_rate': 5.423908625659919e-05, 'weight_decay': 0.000944436811788687}. Best is trial 51 with value: 0.8606060606060606.
[I 2026-04-08 15:29:34,475] Trial 75 finished with value: 0.7757575757575758 and parameters: {'batch_size': 24, 'frozen_layers': 4, 'classifier_dropout': 0.1153856243737996, 'learning_rate': 7.054749615964649e-05, 'weight_decay': 0.0009621160992467116}. Best is trial 51 with value: 0.8606060606060606.
[I 2026-04-08 15:31:44,939] Trial 76 finished with value: 0.7878787878787878 and parameters: {'batch_size': 48, 'frozen_layers': 6, 'classifier_dropout': 0.1533517492340537, 'learning_rate': 7.662689361795223e-05, 'weight_decay': 0.0001386391100448246}. Best is trial 51 with value: 0.8606060606060606.
[I 2026-04-08 15:34:59,162] Trial 77 finished with value: 0.793939393939394 and parameters: {'batch_size': 32, 'frozen_layers': 4, 'classifier_dropout': 0.13589963971607572, 'learning_rate': 4.507260668551204e-05, 'weight_decay': 0.000234688838861069}. Best is trial 51 with value: 0.8606060606060606.
[I 2026-04-08 15:37:10,358] Trial 78 finished with value: 0.806060606060606 and parameters: {'batch_size': 48, 'frozen_layers': 4, 'classifier_dropout': 0.13001069426865858, 'learning_rate': 9.287490496303897e-05, 'weight_decay': 0.0008201750424775357}. Best is trial 51 with value: 0.8606060606060606.
[I 2026-04-08 15:39:59,262] Trial 79 finished with value: 0.8 and parameters: {'batch_size': 16, 'frozen_layers': 6, 'classifier_dropout': 0.19525882433822397, 'learning_rate': 7.840603996222742e-05, 'weight_decay': 0.00010307502050235674}. Best is trial 51 with value: 0.8606060606060606.
[I 2026-04-08 15:42:28,390] Trial 80 finished with value: 0.793939393939394 and parameters: {'batch_size': 32, 'frozen_layers': 6, 'classifier_dropout': 0.1053232521747563, 'learning_rate': 5.8303229752029305e-05, 'weight_decay': 0.000987694848732766}. Best is trial 51 with value: 0.8606060606060606.
[I 2026-04-08 15:44:57,558] Trial 81 finished with value: 0.8181818181818182 and parameters: {'batch_size': 32, 'frozen_layers': 6, 'classifier_dropout': 0.3502727865424785, 'learning_rate': 6.780244256633934e-05, 'weight_decay': 0.00038130429887274774}. Best is trial 51 with value: 0.8606060606060606.
[I 2026-04-08 15:47:07,699] Trial 82 finished with value: 0.806060606060606 and parameters: {'batch_size': 32, 'frozen_layers': 6, 'classifier_dropout': 0.30562413464237076, 'learning_rate': 6.97972028182996e-05, 'weight_decay': 0.00039885890173707757}. Best is trial 51 with value: 0.8606060606060606.
[I 2026-04-08 15:49:54,527] Trial 83 finished with value: 0.806060606060606 and parameters: {'batch_size': 32, 'frozen_layers': 6, 'classifier_dropout': 0.19070201129087214, 'learning_rate': 3.854773636418015e-05, 'weight_decay': 0.0008857523283941057}. Best is trial 51 with value: 0.8606060606060606.
[I 2026-04-08 15:52:42,439] Trial 84 finished with value: 0.8 and parameters: {'batch_size': 24, 'frozen_layers': 5, 'classifier_dropout': 0.2228605681422812, 'learning_rate': 8.81602947609216e-05, 'weight_decay': 0.0002539984502848054}. Best is trial 51 with value: 0.8606060606060606.
[I 2026-04-08 15:55:55,727] Trial 85 finished with value: 0.7818181818181819 and parameters: {'batch_size': 40, 'frozen_layers': 4, 'classifier_dropout': 0.20698916857417443, 'learning_rate': 3.0441865133528535e-05, 'weight_decay': 0.000877469059281836}. Best is trial 51 with value: 0.8606060606060606.
[I 2026-04-08 15:58:27,030] Trial 86 finished with value: 0.793939393939394 and parameters: {'batch_size': 32, 'frozen_layers': 5, 'classifier_dropout': 0.3575612747926827, 'learning_rate': 7.941186024500104e-05, 'weight_decay': 0.00025459952136513145}. Best is trial 51 with value: 0.8606060606060606.
[I 2026-04-08 16:00:38,922] Trial 87 finished with value: 0.8121212121212121 and parameters: {'batch_size': 40, 'frozen_layers': 6, 'classifier_dropout': 0.316168380705965, 'learning_rate': 7.801015521905242e-05, 'weight_decay': 0.00022147417958426067}. Best is trial 51 with value: 0.8606060606060606.
[I 2026-04-08 16:03:30,995] Trial 88 finished with value: 0.8242424242424242 and parameters: {'batch_size': 32, 'frozen_layers': 6, 'classifier_dropout': 0.20492597689067837, 'learning_rate': 4.935059683192295e-05, 'weight_decay': 0.00011146912871240063}. Best is trial 51 with value: 0.8606060606060606.
[I 2026-04-08 16:05:58,622] Trial 89 finished with value: 0.7636363636363637 and parameters: {'batch_size': 24, 'frozen_layers': 6, 'classifier_dropout': 0.21566700700712818, 'learning_rate': 5.371280022638248e-05, 'weight_decay': 0.0008130520857920765}. Best is trial 51 with value: 0.8606060606060606.
[I 2026-04-08 16:08:47,772] Trial 90 finished with value: 0.8121212121212121 and parameters: {'batch_size': 32, 'frozen_layers': 6, 'classifier_dropout': 0.2617931407084996, 'learning_rate': 5.476610516098852e-05, 'weight_decay': 0.0001367169495523449}. Best is trial 51 with value: 0.8606060606060606.
[I 2026-04-08 16:10:57,728] Trial 91 finished with value: 0.7878787878787878 and parameters: {'batch_size': 32, 'frozen_layers': 6, 'classifier_dropout': 0.26184231099811167, 'learning_rate': 8.197163013971462e-05, 'weight_decay': 0.0003030946190569644}. Best is trial 51 with value: 0.8606060606060606.
[I 2026-04-08 16:13:10,555] Trial 92 finished with value: 0.806060606060606 and parameters: {'batch_size': 24, 'frozen_layers': 6, 'classifier_dropout': 0.19851690580028164, 'learning_rate': 4.737436839054671e-05, 'weight_decay': 0.00010602915350711053}. Best is trial 51 with value: 0.8606060606060606.
[I 2026-04-08 16:15:56,591] Trial 93 finished with value: 0.806060606060606 and parameters: {'batch_size': 32, 'frozen_layers': 6, 'classifier_dropout': 0.10493945334762314, 'learning_rate': 4.679324610086928e-05, 'weight_decay': 0.0009802623258793601}. Best is trial 51 with value: 0.8606060606060606.
[I 2026-04-08 16:18:47,154] Trial 94 finished with value: 0.7878787878787878 and parameters: {'batch_size': 40, 'frozen_layers': 5, 'classifier_dropout': 0.3170835471706503, 'learning_rate': 5.0248525465514895e-05, 'weight_decay': 0.0009415285080382865}. Best is trial 51 with value: 0.8606060606060606.
[I 2026-04-08 16:21:34,329] Trial 95 finished with value: 0.8 and parameters: {'batch_size': 32, 'frozen_layers': 6, 'classifier_dropout': 0.19249850074581307, 'learning_rate': 4.337350552901241e-05, 'weight_decay': 0.00011812301091595229}. Best is trial 51 with value: 0.8606060606060606.
[I 2026-04-08 16:23:43,943] Trial 96 finished with value: 0.806060606060606 and parameters: {'batch_size': 32, 'frozen_layers': 6, 'classifier_dropout': 0.1770896491657466, 'learning_rate': 5.9219873449228984e-05, 'weight_decay': 0.00011803635439126284}. Best is trial 51 with value: 0.8606060606060606.
[I 2026-04-08 16:26:49,942] Trial 97 finished with value: 0.8181818181818182 and parameters: {'batch_size': 40, 'frozen_layers': 6, 'classifier_dropout': 0.25014744296522334, 'learning_rate': 3.6906482124300954e-05, 'weight_decay': 0.00011711774990303024}. Best is trial 51 with value: 0.8606060606060606.
[I 2026-04-08 16:29:02,121] Trial 98 finished with value: 0.806060606060606 and parameters: {'batch_size': 24, 'frozen_layers': 6, 'classifier_dropout': 0.29735338660978516, 'learning_rate': 6.156835290127358e-05, 'weight_decay': 0.00022315146206029534}. Best is trial 51 with value: 0.8606060606060606.
[I 2026-04-08 16:31:14,087] Trial 99 finished with value: 0.7636363636363637 and parameters: {'batch_size': 32, 'frozen_layers': 5, 'classifier_dropout': 0.11107737953923205, 'learning_rate': 9.850893967424542e-05, 'weight_decay': 0.0009178902266037333}. Best is trial 51 with value: 0.8606060606060606.
[I 2026-04-08 16:33:59,868] Trial 100 finished with value: 0.8121212121212121 and parameters: {'batch_size': 32, 'frozen_layers': 6, 'classifier_dropout': 0.17847838749467787, 'learning_rate': 4.256086831822517e-05, 'weight_decay': 0.00023310775071126702}. Best is trial 51 with value: 0.8606060606060606.
[I 2026-04-08 16:36:32,914] Trial 101 finished with value: 0.7818181818181819 and parameters: {'batch_size': 32, 'frozen_layers': 4, 'classifier_dropout': 0.12031206972428704, 'learning_rate': 5.884827981840434e-05, 'weight_decay': 0.0009269771287406791}. Best is trial 51 with value: 0.8606060606060606.
[I 2026-04-08 16:38:41,378] Trial 102 finished with value: 0.7515151515151515 and parameters: {'batch_size': 40, 'frozen_layers': 6, 'classifier_dropout': 0.3272296670527051, 'learning_rate': 8.077314808444119e-05, 'weight_decay': 0.00043325937632412184}. Best is trial 51 with value: 0.8606060606060606.

[TRIAL] 51 [VALIDATION PERFORMANCE] 0.8606060606060606 [TRAINING LOSS] 0.1030368059873581 [VALIDATION LOSS] 0.44587262471516925 

number                     			 51
value                      			 0.8606060606060606
params_batch_size          			 32
params_classifier_dropout  			 0.3091132475177905
params_frozen_layers       			 6
params_learning_rate       			 7.094466896387167e-05
params_weight_decay        			 0.0001147761851124148
user_attrs_duplicate       			 False
user_attrs_epoch           			 5
user_attrs_training_loss   			 0.1030368059873581
user_attrs_validation_loss 			 0.44587262471516925

[37] VALIDATION: 0.7878787878787878 TESTING: 0.8507462686567164
[38] VALIDATION: 0.7818181818181819 TESTING: 0.8029850746268656
[39] VALIDATION: 0.7818181818181819 TESTING: 0.8328358208955224
[40] VALIDATION: 0.8 TESTING: 0.8059701492537313
[41] VALIDATION: 0.8242424242424242 TESTING: 0.8388059701492537
[42] VALIDATION: 0.8606060606060606 TESTING: 0.8626865671641791
[43] VALIDATION: 0.8181818181818182 TESTING: 0.835820895522388
[44] VALIDATION: 0.8121212121212121 TESTING: 0.808955223880597
[45] VALIDATION: 0.7212121212121212 TESTING: 0.7671641791044777
[46] VALIDATION: 0.7818181818181819 TESTING: 0.8

Validation performance: 72.12 & 79.7 ± 3.65 & 86.06
Testing performance: 76.72 & 82.06 ± 2.85 & 86.27

[TRIAL] 65 [VALIDATION PERFORMANCE] 0.8363636363636363 [TRAINING LOSS] 0.21370346006006002 [VALIDATION LOSS] 0.42132213215033215 

number                     			 65
value                      			 0.8363636363636363
params_batch_size          			 32
params_classifier_dropout  			 0.33807889739265984
params_frozen_layers       			 6
params_learning_rate       			 5.47293371233776e-05
params_weight_decay        			 0.0009932916847381146
user_attrs_duplicate       			 False
user_attrs_epoch           			 5
user_attrs_training_loss   			 0.21370346006006002
user_attrs_validation_loss 			 0.42132213215033215

[37] VALIDATION: 0.8 TESTING: 0.8656716417910447
[38] VALIDATION: 0.8181818181818182 TESTING: 0.8328358208955224
[39] VALIDATION: 0.806060606060606 TESTING: 0.826865671641791
[40] VALIDATION: 0.7515151515151515 TESTING: 0.7850746268656716
[41] VALIDATION: 0.7757575757575758 TESTING: 0.844776119402985
[42] VALIDATION: 0.8363636363636363 TESTING: 0.8477611940298507
[43] VALIDATION: 0.8424242424242424 TESTING: 0.8597014925373134
[44] VALIDATION: 0.7696969696969697 TESTING: 0.808955223880597
[45] VALIDATION: 0.7696969696969697 TESTING: 0.8238805970149253
[46] VALIDATION: 0.8242424242424242 TESTING: 0.8388059701492537

Validation performance: 75.15 & 79.94 ± 3.14 & 84.24
Testing performance: 78.51 & 83.34 ± 2.4 & 86.57

[TRIAL] 20 [VALIDATION PERFORMANCE] 0.8242424242424242 [TRAINING LOSS] 0.31700905598700047 [VALIDATION LOSS] 0.3780904561281204 

number                     			 20
value                      			 0.8242424242424242
params_batch_size          			 32
params_classifier_dropout  			 0.29126724140656396
params_frozen_layers       			 6
params_learning_rate       			 8.730235124152463e-05
params_weight_decay        			 0.00029662989987000704
user_attrs_duplicate       			 False
user_attrs_epoch           			 3
user_attrs_training_loss   			 0.31700905598700047
user_attrs_validation_loss 			 0.3780904561281204

[37] VALIDATION: 0.793939393939394 TESTING: 0.8597014925373134
[38] VALIDATION: 0.8181818181818182 TESTING: 0.8029850746268656
[39] VALIDATION: 0.8 TESTING: 0.8208955223880597
[40] VALIDATION: 0.7818181818181819 TESTING: 0.8298507462686567
[41] VALIDATION: 0.8303030303030303 TESTING: 0.8597014925373134
[42] VALIDATION: 0.8242424242424242 TESTING: 0.835820895522388
[43] VALIDATION: 0.8242424242424242 TESTING: 0.8119402985074626
[44] VALIDATION: 0.8121212121212121 TESTING: 0.8417910447761194
[45] VALIDATION: 0.7515151515151515 TESTING: 0.7880597014925373
[46] VALIDATION: 0.8121212121212121 TESTING: 0.8149253731343283

Validation performance: 75.15 & 80.48 ± 2.4 & 83.03
Testing performance: 78.81 & 82.66 ± 2.34 & 85.97

[IMDb-1k] Elapsed time: 776.3701026240984 minutes.
