SLURM NODE: kn065
[I 2026-04-08 05:02:23,998] A new study created in RDB with name: IMDb-1k-Fine-tuning-Truncated
[I 2026-04-08 05:06:05,393] Trial 0 finished with value: 0.7575757575757576 and parameters: {'batch_size': 32, 'frozen_layers': 0, 'classifier_dropout': 0.1, 'learning_rate': 1e-05, 'weight_decay': 1e-05}. Best is trial 0 with value: 0.7575757575757576.
[I 2026-04-08 05:08:30,915] Trial 1 finished with value: 0.7818181818181819 and parameters: {'batch_size': 16, 'frozen_layers': 4, 'classifier_dropout': 0.4, 'learning_rate': 5e-05, 'weight_decay': 0.0001}. Best is trial 1 with value: 0.7818181818181819.
[I 2026-04-08 05:11:52,116] Trial 2 finished with value: 0.7757575757575758 and parameters: {'batch_size': 32, 'frozen_layers': 0, 'classifier_dropout': 0.4, 'learning_rate': 2e-05, 'weight_decay': 0.001}. Best is trial 1 with value: 0.7818181818181819.
[I 2026-04-08 05:14:58,527] Trial 3 finished with value: 0.7454545454545455 and parameters: {'batch_size': 64, 'frozen_layers': 4, 'classifier_dropout': 0.3, 'learning_rate': 3e-05, 'weight_decay': 1e-06}. Best is trial 1 with value: 0.7818181818181819.
[I 2026-04-08 05:17:41,185] Trial 4 finished with value: 0.793939393939394 and parameters: {'batch_size': 16, 'frozen_layers': 6, 'classifier_dropout': 0.2, 'learning_rate': 5e-05, 'weight_decay': 1e-06}. Best is trial 4 with value: 0.793939393939394.
[I 2026-04-08 05:20:57,543] Trial 5 finished with value: 0.7757575757575758 and parameters: {'batch_size': 32, 'frozen_layers': 2, 'classifier_dropout': 0.1, 'learning_rate': 2e-05, 'weight_decay': 0.0001}. Best is trial 4 with value: 0.793939393939394.
[I 2026-04-08 05:23:42,090] Trial 6 finished with value: 0.8242424242424242 and parameters: {'batch_size': 32, 'frozen_layers': 6, 'classifier_dropout': 0.1, 'learning_rate': 5e-05, 'weight_decay': 0.001}. Best is trial 6 with value: 0.8242424242424242.
[I 2026-04-08 05:26:23,385] Trial 7 finished with value: 0.793939393939394 and parameters: {'batch_size': 16, 'frozen_layers': 6, 'classifier_dropout': 0.4, 'learning_rate': 5e-05, 'weight_decay': 1e-05}. Best is trial 6 with value: 0.8242424242424242.
[I 2026-04-08 05:29:10,904] Trial 8 finished with value: 0.7818181818181819 and parameters: {'batch_size': 64, 'frozen_layers': 4, 'classifier_dropout': 0.4, 'learning_rate': 5e-05, 'weight_decay': 0.0001}. Best is trial 6 with value: 0.8242424242424242.
[I 2026-04-08 05:32:32,842] Trial 9 finished with value: 0.7757575757575758 and parameters: {'batch_size': 64, 'frozen_layers': 0, 'classifier_dropout': 0.1, 'learning_rate': 2e-05, 'weight_decay': 1e-05}. Best is trial 6 with value: 0.8242424242424242.
[I 2026-04-08 05:35:00,943] Trial 10 finished with value: 0.7454545454545455 and parameters: {'batch_size': 16, 'frozen_layers': 0, 'classifier_dropout': 0.1, 'learning_rate': 5e-05, 'weight_decay': 0.001}. Best is trial 6 with value: 0.8242424242424242.
[I 2026-04-08 05:37:23,496] Trial 11 finished with value: 0.7878787878787878 and parameters: {'batch_size': 16, 'frozen_layers': 6, 'classifier_dropout': 0.2, 'learning_rate': 0.0001, 'weight_decay': 0.0001}. Best is trial 6 with value: 0.8242424242424242.
[I 2026-04-08 05:40:36,509] Trial 12 finished with value: 0.8 and parameters: {'batch_size': 32, 'frozen_layers': 4, 'classifier_dropout': 0.1, 'learning_rate': 2e-05, 'weight_decay': 1e-06}. Best is trial 6 with value: 0.8242424242424242.
[I 2026-04-08 05:43:29,884] Trial 13 finished with value: 0.7878787878787878 and parameters: {'batch_size': 32, 'frozen_layers': 2, 'classifier_dropout': 0.4, 'learning_rate': 3e-05, 'weight_decay': 1e-06}. Best is trial 6 with value: 0.8242424242424242.
[I 2026-04-08 05:46:41,385] Trial 14 finished with value: 0.7878787878787878 and parameters: {'batch_size': 16, 'frozen_layers': 2, 'classifier_dropout': 0.3, 'learning_rate': 2e-05, 'weight_decay': 1e-06}. Best is trial 6 with value: 0.8242424242424242.
[I 2026-04-08 05:49:48,449] Trial 15 finished with value: 0.7454545454545455 and parameters: {'batch_size': 64, 'frozen_layers': 4, 'classifier_dropout': 0.2, 'learning_rate': 3e-05, 'weight_decay': 1e-06}. Best is trial 6 with value: 0.8242424242424242.
[I 2026-04-08 05:53:09,013] Trial 16 finished with value: 0.7272727272727273 and parameters: {'batch_size': 32, 'frozen_layers': 2, 'classifier_dropout': 0.1, 'learning_rate': 1e-05, 'weight_decay': 1e-06}. Best is trial 6 with value: 0.8242424242424242.
[I 2026-04-08 05:56:40,369] Trial 17 finished with value: 0.7515151515151515 and parameters: {'batch_size': 16, 'frozen_layers': 6, 'classifier_dropout': 0.3, 'learning_rate': 1e-05, 'weight_decay': 0.0001}. Best is trial 6 with value: 0.8242424242424242.
[I 2026-04-08 05:59:45,423] Trial 18 finished with value: 0.806060606060606 and parameters: {'batch_size': 32, 'frozen_layers': 6, 'classifier_dropout': 0.1, 'learning_rate': 3e-05, 'weight_decay': 1e-06}. Best is trial 6 with value: 0.8242424242424242.
[I 2026-04-08 06:02:00,450] Trial 19 finished with value: 0.7575757575757576 and parameters: {'batch_size': 32, 'frozen_layers': 0, 'classifier_dropout': 0.4, 'learning_rate': 0.0001, 'weight_decay': 1e-06}. Best is trial 6 with value: 0.8242424242424242.
[I 2026-04-08 06:05:14,823] Trial 20 finished with value: 0.8 and parameters: {'batch_size': 32, 'frozen_layers': 4, 'classifier_dropout': 0.2, 'learning_rate': 2e-05, 'weight_decay': 0.001}. Best is trial 6 with value: 0.8242424242424242.
[I 2026-04-08 06:08:46,906] Trial 21 finished with value: 0.7878787878787878 and parameters: {'batch_size': 16, 'frozen_layers': 4, 'classifier_dropout': 0.1, 'learning_rate': 1e-05, 'weight_decay': 1e-05}. Best is trial 6 with value: 0.8242424242424242.
[I 2026-04-08 06:11:51,740] Trial 22 finished with value: 0.806060606060606 and parameters: {'batch_size': 32, 'frozen_layers': 6, 'classifier_dropout': 0.4, 'learning_rate': 3e-05, 'weight_decay': 1e-05}. Best is trial 6 with value: 0.8242424242424242.
[I 2026-04-08 06:14:43,649] Trial 23 finished with value: 0.806060606060606 and parameters: {'batch_size': 64, 'frozen_layers': 2, 'classifier_dropout': 0.3, 'learning_rate': 0.0001, 'weight_decay': 0.0001}. Best is trial 6 with value: 0.8242424242424242.
[I 2026-04-08 06:17:58,406] Trial 24 finished with value: 0.7393939393939394 and parameters: {'batch_size': 32, 'frozen_layers': 4, 'classifier_dropout': 0.2, 'learning_rate': 1e-05, 'weight_decay': 0.001}. Best is trial 6 with value: 0.8242424242424242.
[I 2026-04-08 06:21:05,191] Trial 25 finished with value: 0.7878787878787878 and parameters: {'batch_size': 16, 'frozen_layers': 6, 'classifier_dropout': 0.2, 'learning_rate': 2e-05, 'weight_decay': 0.0001}. Best is trial 6 with value: 0.8242424242424242.
[I 2026-04-08 06:24:27,505] Trial 26 finished with value: 0.7333333333333333 and parameters: {'batch_size': 64, 'frozen_layers': 0, 'classifier_dropout': 0.3, 'learning_rate': 1e-05, 'weight_decay': 1e-06}. Best is trial 6 with value: 0.8242424242424242.
[I 2026-04-08 06:26:58,354] Trial 27 finished with value: 0.7515151515151515 and parameters: {'batch_size': 16, 'frozen_layers': 0, 'classifier_dropout': 0.3, 'learning_rate': 5e-05, 'weight_decay': 0.0001}. Best is trial 6 with value: 0.8242424242424242.
[I 2026-04-08 06:30:21,765] Trial 28 finished with value: 0.7696969696969697 and parameters: {'batch_size': 16, 'frozen_layers': 4, 'classifier_dropout': 0.2, 'learning_rate': 0.0001, 'weight_decay': 1e-05}. Best is trial 6 with value: 0.8242424242424242.
[I 2026-04-08 06:33:17,714] Trial 29 finished with value: 0.806060606060606 and parameters: {'batch_size': 32, 'frozen_layers': 2, 'classifier_dropout': 0.3, 'learning_rate': 5e-05, 'weight_decay': 1e-06}. Best is trial 6 with value: 0.8242424242424242.
[I 2026-04-08 06:35:53,031] Trial 30 finished with value: 0.7636363636363637 and parameters: {'batch_size': 32, 'frozen_layers': 4, 'classifier_dropout': 0.3, 'learning_rate': 0.0001, 'weight_decay': 0.0001}. Best is trial 6 with value: 0.8242424242424242.
[I 2026-04-08 06:39:16,768] Trial 31 finished with value: 0.7272727272727273 and parameters: {'batch_size': 64, 'frozen_layers': 2, 'classifier_dropout': 0.1, 'learning_rate': 1e-05, 'weight_decay': 1e-06}. Best is trial 6 with value: 0.8242424242424242.
[I 2026-04-08 06:42:15,012] Trial 32 finished with value: 0.7878787878787878 and parameters: {'batch_size': 32, 'frozen_layers': 4, 'classifier_dropout': 0.2, 'learning_rate': 3e-05, 'weight_decay': 0.0001}. Best is trial 6 with value: 0.8242424242424242.
[I 2026-04-08 06:44:26,055] Trial 33 finished with value: 0.8121212121212121 and parameters: {'batch_size': 32, 'frozen_layers': 6, 'classifier_dropout': 0.3, 'learning_rate': 0.0001, 'weight_decay': 0.0001}. Best is trial 6 with value: 0.8242424242424242.
[I 2026-04-08 06:47:25,095] Trial 34 finished with value: 0.7515151515151515 and parameters: {'batch_size': 16, 'frozen_layers': 2, 'classifier_dropout': 0.2, 'learning_rate': 0.0001, 'weight_decay': 1e-05}. Best is trial 6 with value: 0.8242424242424242.
[I 2026-04-08 06:51:18,963] Trial 35 finished with value: 0.7696969696969697 and parameters: {'batch_size': 16, 'frozen_layers': 4, 'classifier_dropout': 0.1, 'learning_rate': 0.0001, 'weight_decay': 1e-05}. Best is trial 6 with value: 0.8242424242424242.
[I 2026-04-08 06:51:19,352] Trial 36 pruned. Duplicate hyper-parameters, same as those used in trial 35: {'batch_size': 16, 'frozen_layers': 4, 'classifier_dropout': 0.1, 'learning_rate': 0.0001, 'weight_decay': 1e-05}.
[I 2026-04-08 06:54:42,480] Trial 37 finished with value: 0.696969696969697 and parameters: {'batch_size': 64, 'frozen_layers': 4, 'classifier_dropout': 0.2, 'learning_rate': 1e-05, 'weight_decay': 0.0001}. Best is trial 6 with value: 0.8242424242424242.
[I 2026-04-08 06:57:58,354] Trial 38 finished with value: 0.7454545454545455 and parameters: {'batch_size': 32, 'frozen_layers': 6, 'classifier_dropout': 0.1, 'learning_rate': 1e-05, 'weight_decay': 1e-05}. Best is trial 6 with value: 0.8242424242424242.
[I 2026-04-08 07:01:49,163] Trial 39 finished with value: 0.7696969696969697 and parameters: {'batch_size': 16, 'frozen_layers': 4, 'classifier_dropout': 0.3, 'learning_rate': 0.0001, 'weight_decay': 1e-06}. Best is trial 6 with value: 0.8242424242424242.
[I 2026-04-08 07:04:13,233] Trial 40 finished with value: 0.7878787878787878 and parameters: {'batch_size': 16, 'frozen_layers': 6, 'classifier_dropout': 0.4, 'learning_rate': 3e-05, 'weight_decay': 1e-06}. Best is trial 6 with value: 0.8242424242424242.
[I 2026-04-08 07:06:58,173] Trial 41 finished with value: 0.7818181818181819 and parameters: {'batch_size': 16, 'frozen_layers': 4, 'classifier_dropout': 0.2, 'learning_rate': 5e-05, 'weight_decay': 1e-06}. Best is trial 6 with value: 0.8242424242424242.
[I 2026-04-08 07:09:58,203] Trial 42 finished with value: 0.7757575757575758 and parameters: {'batch_size': 32, 'frozen_layers': 0, 'classifier_dropout': 0.1, 'learning_rate': 3e-05, 'weight_decay': 0.0001}. Best is trial 6 with value: 0.8242424242424242.
[I 2026-04-08 07:13:10,272] Trial 43 finished with value: 0.806060606060606 and parameters: {'batch_size': 16, 'frozen_layers': 4, 'classifier_dropout': 0.3, 'learning_rate': 2e-05, 'weight_decay': 1e-06}. Best is trial 6 with value: 0.8242424242424242.
[I 2026-04-08 07:16:36,884] Trial 44 finished with value: 0.7272727272727273 and parameters: {'batch_size': 32, 'frozen_layers': 2, 'classifier_dropout': 0.4, 'learning_rate': 1e-05, 'weight_decay': 1e-05}. Best is trial 6 with value: 0.8242424242424242.
[I 2026-04-08 07:20:11,914] Trial 45 finished with value: 0.806060606060606 and parameters: {'batch_size': 16, 'frozen_layers': 4, 'classifier_dropout': 0.4, 'learning_rate': 2e-05, 'weight_decay': 1e-05}. Best is trial 6 with value: 0.8242424242424242.
[I 2026-04-08 07:23:39,864] Trial 46 finished with value: 0.7757575757575758 and parameters: {'batch_size': 64, 'frozen_layers': 0, 'classifier_dropout': 0.2, 'learning_rate': 2e-05, 'weight_decay': 1e-05}. Best is trial 6 with value: 0.8242424242424242.
[I 2026-04-08 07:27:07,300] Trial 47 finished with value: 0.7636363636363637 and parameters: {'batch_size': 64, 'frozen_layers': 0, 'classifier_dropout': 0.1, 'learning_rate': 3e-05, 'weight_decay': 0.001}. Best is trial 6 with value: 0.8242424242424242.
[I 2026-04-08 07:30:21,543] Trial 48 finished with value: 0.7454545454545455 and parameters: {'batch_size': 32, 'frozen_layers': 6, 'classifier_dropout': 0.4, 'learning_rate': 1e-05, 'weight_decay': 0.001}. Best is trial 6 with value: 0.8242424242424242.
[I 2026-04-08 07:33:49,834] Trial 49 finished with value: 0.7272727272727273 and parameters: {'batch_size': 32, 'frozen_layers': 2, 'classifier_dropout': 0.3, 'learning_rate': 1e-05, 'weight_decay': 0.0001}. Best is trial 6 with value: 0.8242424242424242.
[I 2026-04-08 07:37:11,897] Trial 50 finished with value: 0.7272727272727273 and parameters: {'batch_size': 64, 'frozen_layers': 2, 'classifier_dropout': 0.1, 'learning_rate': 1e-05, 'weight_decay': 0.0001}. Best is trial 6 with value: 0.8242424242424242.
[UPDATE] 50 completed trials using a random sampler. Switching from random to TPE sampling.
[I 2026-04-08 07:37:12,315] Trial 51 pruned. Duplicate hyper-parameters, same as those used in trial 6: {'batch_size': 32, 'frozen_layers': 6, 'classifier_dropout': 0.1, 'learning_rate': 5e-05, 'weight_decay': 0.001}.
[I 2026-04-08 07:37:12,732] Trial 52 pruned. Duplicate hyper-parameters, same as those used in trial 29: {'batch_size': 32, 'frozen_layers': 2, 'classifier_dropout': 0.3, 'learning_rate': 5e-05, 'weight_decay': 1e-06}.
[I 2026-04-08 07:37:13,189] Trial 53 pruned. Duplicate hyper-parameters, same as those used in trial 23: {'batch_size': 64, 'frozen_layers': 2, 'classifier_dropout': 0.3, 'learning_rate': 0.0001, 'weight_decay': 0.0001}.
[I 2026-04-08 07:39:21,460] Trial 54 finished with value: 0.8121212121212121 and parameters: {'batch_size': 32, 'frozen_layers': 6, 'classifier_dropout': 0.3, 'learning_rate': 0.0001, 'weight_decay': 1e-06}. Best is trial 6 with value: 0.8242424242424242.
[I 2026-04-08 07:39:22,004] Trial 55 pruned. Duplicate hyper-parameters, same as those used in trial 54: {'batch_size': 32, 'frozen_layers': 6, 'classifier_dropout': 0.3, 'learning_rate': 0.0001, 'weight_decay': 1e-06}.
[I 2026-04-08 07:39:22,617] Trial 56 pruned. Duplicate hyper-parameters, same as those used in trial 22: {'batch_size': 32, 'frozen_layers': 6, 'classifier_dropout': 0.4, 'learning_rate': 3e-05, 'weight_decay': 1e-05}.
[I 2026-04-08 07:39:23,168] Trial 57 pruned. Duplicate hyper-parameters, same as those used in trial 18: {'batch_size': 32, 'frozen_layers': 6, 'classifier_dropout': 0.1, 'learning_rate': 3e-05, 'weight_decay': 1e-06}.
[I 2026-04-08 07:41:31,794] Trial 58 finished with value: 0.8121212121212121 and parameters: {'batch_size': 32, 'frozen_layers': 6, 'classifier_dropout': 0.4, 'learning_rate': 0.0001, 'weight_decay': 0.0001}. Best is trial 6 with value: 0.8242424242424242.
[I 2026-04-08 07:41:32,242] Trial 59 pruned. Duplicate hyper-parameters, same as those used in trial 58: {'batch_size': 32, 'frozen_layers': 6, 'classifier_dropout': 0.4, 'learning_rate': 0.0001, 'weight_decay': 0.0001}.
[I 2026-04-08 07:44:17,118] Trial 60 finished with value: 0.8181818181818182 and parameters: {'batch_size': 32, 'frozen_layers': 6, 'classifier_dropout': 0.3, 'learning_rate': 5e-05, 'weight_decay': 0.0001}. Best is trial 6 with value: 0.8242424242424242.
[I 2026-04-08 07:44:17,548] Trial 61 pruned. Duplicate hyper-parameters, same as those used in trial 60: {'batch_size': 32, 'frozen_layers': 6, 'classifier_dropout': 0.3, 'learning_rate': 5e-05, 'weight_decay': 0.0001}.
[I 2026-04-08 07:44:17,963] Trial 62 pruned. Duplicate hyper-parameters, same as those used in trial 33: {'batch_size': 32, 'frozen_layers': 6, 'classifier_dropout': 0.3, 'learning_rate': 0.0001, 'weight_decay': 0.0001}.
[I 2026-04-08 07:46:23,485] Trial 63 finished with value: 0.806060606060606 and parameters: {'batch_size': 64, 'frozen_layers': 6, 'classifier_dropout': 0.1, 'learning_rate': 0.0001, 'weight_decay': 0.0001}. Best is trial 6 with value: 0.8242424242424242.
[I 2026-04-08 07:49:08,958] Trial 64 finished with value: 0.8181818181818182 and parameters: {'batch_size': 32, 'frozen_layers': 6, 'classifier_dropout': 0.4, 'learning_rate': 5e-05, 'weight_decay': 0.0001}. Best is trial 6 with value: 0.8242424242424242.
[I 2026-04-08 07:52:08,394] Trial 65 finished with value: 0.7878787878787878 and parameters: {'batch_size': 32, 'frozen_layers': 2, 'classifier_dropout': 0.1, 'learning_rate': 3e-05, 'weight_decay': 0.001}. Best is trial 6 with value: 0.8242424242424242.
[I 2026-04-08 07:54:54,720] Trial 66 finished with value: 0.8181818181818182 and parameters: {'batch_size': 32, 'frozen_layers': 6, 'classifier_dropout': 0.4, 'learning_rate': 5e-05, 'weight_decay': 1e-06}. Best is trial 6 with value: 0.8242424242424242.
[I 2026-04-08 07:54:55,200] Trial 67 pruned. Duplicate hyper-parameters, same as those used in trial 66: {'batch_size': 32, 'frozen_layers': 6, 'classifier_dropout': 0.4, 'learning_rate': 5e-05, 'weight_decay': 1e-06}.
[I 2026-04-08 07:57:12,740] Trial 68 finished with value: 0.7151515151515152 and parameters: {'batch_size': 32, 'frozen_layers': 0, 'classifier_dropout': 0.3, 'learning_rate': 0.0001, 'weight_decay': 0.001}. Best is trial 6 with value: 0.8242424242424242.
[I 2026-04-08 07:57:13,197] Trial 69 pruned. Duplicate hyper-parameters, same as those used in trial 64: {'batch_size': 32, 'frozen_layers': 6, 'classifier_dropout': 0.4, 'learning_rate': 5e-05, 'weight_decay': 0.0001}.
[I 2026-04-08 07:59:24,376] Trial 70 finished with value: 0.7818181818181819 and parameters: {'batch_size': 32, 'frozen_layers': 4, 'classifier_dropout': 0.4, 'learning_rate': 5e-05, 'weight_decay': 0.001}. Best is trial 6 with value: 0.8242424242424242.
[I 2026-04-08 08:01:28,975] Trial 71 finished with value: 0.806060606060606 and parameters: {'batch_size': 64, 'frozen_layers': 6, 'classifier_dropout': 0.4, 'learning_rate': 0.0001, 'weight_decay': 1e-06}. Best is trial 6 with value: 0.8242424242424242.
[I 2026-04-08 08:04:12,747] Trial 72 finished with value: 0.793939393939394 and parameters: {'batch_size': 16, 'frozen_layers': 6, 'classifier_dropout': 0.3, 'learning_rate': 5e-05, 'weight_decay': 0.001}. Best is trial 6 with value: 0.8242424242424242.
[I 2026-04-08 08:07:19,007] Trial 73 finished with value: 0.7696969696969697 and parameters: {'batch_size': 32, 'frozen_layers': 6, 'classifier_dropout': 0.4, 'learning_rate': 2e-05, 'weight_decay': 1e-06}. Best is trial 6 with value: 0.8242424242424242.
[I 2026-04-08 08:10:45,860] Trial 74 finished with value: 0.7575757575757576 and parameters: {'batch_size': 32, 'frozen_layers': 0, 'classifier_dropout': 0.4, 'learning_rate': 1e-05, 'weight_decay': 0.0001}. Best is trial 6 with value: 0.8242424242424242.
[I 2026-04-08 08:13:30,572] Trial 75 finished with value: 0.8181818181818182 and parameters: {'batch_size': 32, 'frozen_layers': 6, 'classifier_dropout': 0.2, 'learning_rate': 5e-05, 'weight_decay': 1e-06}. Best is trial 6 with value: 0.8242424242424242.
[I 2026-04-08 08:16:07,818] Trial 76 finished with value: 0.7696969696969697 and parameters: {'batch_size': 32, 'frozen_layers': 0, 'classifier_dropout': 0.2, 'learning_rate': 5e-05, 'weight_decay': 1e-06}. Best is trial 6 with value: 0.8242424242424242.
[I 2026-04-08 08:16:08,334] Trial 77 pruned. Duplicate hyper-parameters, same as those used in trial 75: {'batch_size': 32, 'frozen_layers': 6, 'classifier_dropout': 0.2, 'learning_rate': 5e-05, 'weight_decay': 1e-06}.
[I 2026-04-08 08:18:53,536] Trial 78 finished with value: 0.8181818181818182 and parameters: {'batch_size': 32, 'frozen_layers': 6, 'classifier_dropout': 0.2, 'learning_rate': 5e-05, 'weight_decay': 0.0001}. Best is trial 6 with value: 0.8242424242424242.
[I 2026-04-08 08:18:54,041] Trial 79 pruned. Duplicate hyper-parameters, same as those used in trial 78: {'batch_size': 32, 'frozen_layers': 6, 'classifier_dropout': 0.2, 'learning_rate': 5e-05, 'weight_decay': 0.0001}.
[I 2026-04-08 08:22:20,574] Trial 80 finished with value: 0.7757575757575758 and parameters: {'batch_size': 32, 'frozen_layers': 0, 'classifier_dropout': 0.3, 'learning_rate': 2e-05, 'weight_decay': 0.0001}. Best is trial 6 with value: 0.8242424242424242.
[I 2026-04-08 08:24:31,131] Trial 81 finished with value: 0.793939393939394 and parameters: {'batch_size': 32, 'frozen_layers': 6, 'classifier_dropout': 0.2, 'learning_rate': 0.0001, 'weight_decay': 0.001}. Best is trial 6 with value: 0.8242424242424242.
[I 2026-04-08 08:27:38,031] Trial 82 finished with value: 0.793939393939394 and parameters: {'batch_size': 64, 'frozen_layers': 6, 'classifier_dropout': 0.2, 'learning_rate': 5e-05, 'weight_decay': 0.0001}. Best is trial 6 with value: 0.8242424242424242.
[I 2026-04-08 08:30:51,484] Trial 83 finished with value: 0.7454545454545455 and parameters: {'batch_size': 32, 'frozen_layers': 6, 'classifier_dropout': 0.2, 'learning_rate': 1e-05, 'weight_decay': 1e-06}. Best is trial 6 with value: 0.8242424242424242.
[I 2026-04-08 08:33:58,976] Trial 84 finished with value: 0.793939393939394 and parameters: {'batch_size': 64, 'frozen_layers': 6, 'classifier_dropout': 0.4, 'learning_rate': 5e-05, 'weight_decay': 0.001}. Best is trial 6 with value: 0.8242424242424242.
[I 2026-04-08 08:36:07,659] Trial 85 finished with value: 0.806060606060606 and parameters: {'batch_size': 64, 'frozen_layers': 6, 'classifier_dropout': 0.3, 'learning_rate': 0.0001, 'weight_decay': 0.001}. Best is trial 6 with value: 0.8242424242424242.
[I 2026-04-08 08:38:56,930] Trial 86 finished with value: 0.8181818181818182 and parameters: {'batch_size': 32, 'frozen_layers': 6, 'classifier_dropout': 0.1, 'learning_rate': 5e-05, 'weight_decay': 0.0001}. Best is trial 6 with value: 0.8242424242424242.
