[I 2026-04-08 08:38:57,494] Trial 87 pruned. Duplicate hyper-parameters, same as those used in trial 86: {'batch_size': 32, 'frozen_layers': 6, 'classifier_dropout': 0.1, 'learning_rate': 5e-05, 'weight_decay': 0.0001}.
[I 2026-04-08 08:42:05,289] Trial 88 finished with value: 0.793939393939394 and parameters: {'batch_size': 64, 'frozen_layers': 6, 'classifier_dropout': 0.3, 'learning_rate': 5e-05, 'weight_decay': 0.0001}. Best is trial 6 with value: 0.8242424242424242.
[I 2026-04-08 08:44:55,716] Trial 89 finished with value: 0.8181818181818182 and parameters: {'batch_size': 32, 'frozen_layers': 6, 'classifier_dropout': 0.2, 'learning_rate': 5e-05, 'weight_decay': 1e-05}. Best is trial 6 with value: 0.8242424242424242.
[I 2026-04-08 08:47:11,221] Trial 90 finished with value: 0.7818181818181819 and parameters: {'batch_size': 32, 'frozen_layers': 4, 'classifier_dropout': 0.2, 'learning_rate': 5e-05, 'weight_decay': 1e-05}. Best is trial 6 with value: 0.8242424242424242.
[I 2026-04-08 08:50:18,566] Trial 91 finished with value: 0.793939393939394 and parameters: {'batch_size': 64, 'frozen_layers': 6, 'classifier_dropout': 0.2, 'learning_rate': 5e-05, 'weight_decay': 1e-05}. Best is trial 6 with value: 0.8242424242424242.
[I 2026-04-08 08:50:19,081] Trial 92 pruned. Duplicate hyper-parameters, same as those used in trial 89: {'batch_size': 32, 'frozen_layers': 6, 'classifier_dropout': 0.2, 'learning_rate': 5e-05, 'weight_decay': 1e-05}.
[I 2026-04-08 08:53:17,070] Trial 93 finished with value: 0.806060606060606 and parameters: {'batch_size': 32, 'frozen_layers': 2, 'classifier_dropout': 0.2, 'learning_rate': 5e-05, 'weight_decay': 0.001}. Best is trial 6 with value: 0.8242424242424242.
[I 2026-04-08 08:56:06,802] Trial 94 finished with value: 0.8181818181818182 and parameters: {'batch_size': 32, 'frozen_layers': 6, 'classifier_dropout': 0.1, 'learning_rate': 5e-05, 'weight_decay': 1e-05}. Best is trial 6 with value: 0.8242424242424242.
[I 2026-04-08 08:56:07,294] Trial 95 pruned. Duplicate hyper-parameters, same as those used in trial 94: {'batch_size': 32, 'frozen_layers': 6, 'classifier_dropout': 0.1, 'learning_rate': 5e-05, 'weight_decay': 1e-05}.
[I 2026-04-08 08:58:53,904] Trial 96 finished with value: 0.793939393939394 and parameters: {'batch_size': 16, 'frozen_layers': 6, 'classifier_dropout': 0.1, 'learning_rate': 5e-05, 'weight_decay': 1e-06}. Best is trial 6 with value: 0.8242424242424242.
[I 2026-04-08 09:02:06,688] Trial 97 finished with value: 0.7696969696969697 and parameters: {'batch_size': 32, 'frozen_layers': 6, 'classifier_dropout': 0.1, 'learning_rate': 2e-05, 'weight_decay': 0.001}. Best is trial 6 with value: 0.8242424242424242.
[I 2026-04-08 09:04:21,881] Trial 98 finished with value: 0.7818181818181819 and parameters: {'batch_size': 32, 'frozen_layers': 4, 'classifier_dropout': 0.4, 'learning_rate': 5e-05, 'weight_decay': 0.0001}. Best is trial 6 with value: 0.8242424242424242.
[I 2026-04-08 09:07:34,542] Trial 99 finished with value: 0.806060606060606 and parameters: {'batch_size': 32, 'frozen_layers': 6, 'classifier_dropout': 0.3, 'learning_rate': 3e-05, 'weight_decay': 0.0001}. Best is trial 6 with value: 0.8242424242424242.
[I 2026-04-08 09:10:23,569] Trial 100 finished with value: 0.8181818181818182 and parameters: {'batch_size': 32, 'frozen_layers': 6, 'classifier_dropout': 0.3, 'learning_rate': 5e-05, 'weight_decay': 1e-05}. Best is trial 6 with value: 0.8242424242424242.
[I 2026-04-08 09:13:03,597] Trial 101 finished with value: 0.7696969696969697 and parameters: {'batch_size': 32, 'frozen_layers': 0, 'classifier_dropout': 0.1, 'learning_rate': 5e-05, 'weight_decay': 1e-05}. Best is trial 6 with value: 0.8242424242424242.
[I 2026-04-08 09:16:14,435] Trial 102 finished with value: 0.7696969696969697 and parameters: {'batch_size': 32, 'frozen_layers': 6, 'classifier_dropout': 0.2, 'learning_rate': 2e-05, 'weight_decay': 0.0001}. Best is trial 6 with value: 0.8242424242424242.
[I 2026-04-08 09:16:14,931] Trial 103 pruned. Duplicate hyper-parameters, same as those used in trial 100: {'batch_size': 32, 'frozen_layers': 6, 'classifier_dropout': 0.3, 'learning_rate': 5e-05, 'weight_decay': 1e-05}.
[I 2026-04-08 09:19:04,428] Trial 104 finished with value: 0.8181818181818182 and parameters: {'batch_size': 32, 'frozen_layers': 6, 'classifier_dropout': 0.4, 'learning_rate': 5e-05, 'weight_decay': 1e-05}. Best is trial 6 with value: 0.8242424242424242.
[I 2026-04-08 09:19:04,956] Trial 105 pruned. Duplicate hyper-parameters, same as those used in trial 104: {'batch_size': 32, 'frozen_layers': 6, 'classifier_dropout': 0.4, 'learning_rate': 5e-05, 'weight_decay': 1e-05}.
[I 2026-04-08 09:21:52,171] Trial 106 finished with value: 0.793939393939394 and parameters: {'batch_size': 16, 'frozen_layers': 6, 'classifier_dropout': 0.4, 'learning_rate': 5e-05, 'weight_decay': 0.0001}. Best is trial 6 with value: 0.8242424242424242.
[I 2026-04-08 09:24:58,518] Trial 107 finished with value: 0.793939393939394 and parameters: {'batch_size': 64, 'frozen_layers': 6, 'classifier_dropout': 0.1, 'learning_rate': 5e-05, 'weight_decay': 1e-05}. Best is trial 6 with value: 0.8242424242424242.
[I 2026-04-08 09:27:48,022] Trial 108 finished with value: 0.8181818181818182 and parameters: {'batch_size': 32, 'frozen_layers': 6, 'classifier_dropout': 0.1, 'learning_rate': 5e-05, 'weight_decay': 1e-06}. Best is trial 6 with value: 0.8242424242424242.
[I 2026-04-08 09:30:44,830] Trial 109 finished with value: 0.806060606060606 and parameters: {'batch_size': 32, 'frozen_layers': 2, 'classifier_dropout': 0.4, 'learning_rate': 5e-05, 'weight_decay': 0.0001}. Best is trial 6 with value: 0.8242424242424242.
[I 2026-04-08 09:33:34,850] Trial 110 finished with value: 0.8242424242424242 and parameters: {'batch_size': 32, 'frozen_layers': 6, 'classifier_dropout': 0.2, 'learning_rate': 5e-05, 'weight_decay': 0.001}. Best is trial 6 with value: 0.8242424242424242.
[I 2026-04-08 09:33:35,363] Trial 111 pruned. Duplicate hyper-parameters, same as those used in trial 110: {'batch_size': 32, 'frozen_layers': 6, 'classifier_dropout': 0.2, 'learning_rate': 5e-05, 'weight_decay': 0.001}.
[I 2026-04-08 09:36:47,762] Trial 112 finished with value: 0.7696969696969697 and parameters: {'batch_size': 32, 'frozen_layers': 6, 'classifier_dropout': 0.3, 'learning_rate': 2e-05, 'weight_decay': 1e-05}. Best is trial 6 with value: 0.8242424242424242.
[I 2026-04-08 09:39:29,096] Trial 113 finished with value: 0.7696969696969697 and parameters: {'batch_size': 32, 'frozen_layers': 0, 'classifier_dropout': 0.2, 'learning_rate': 5e-05, 'weight_decay': 0.0001}. Best is trial 6 with value: 0.8242424242424242.
[I 2026-04-08 09:41:40,687] Trial 114 finished with value: 0.8121212121212121 and parameters: {'batch_size': 32, 'frozen_layers': 6, 'classifier_dropout': 0.1, 'learning_rate': 0.0001, 'weight_decay': 1e-05}. Best is trial 6 with value: 0.8242424242424242.
[I 2026-04-08 09:44:31,565] Trial 115 finished with value: 0.793939393939394 and parameters: {'batch_size': 16, 'frozen_layers': 6, 'classifier_dropout': 0.2, 'learning_rate': 5e-05, 'weight_decay': 0.0001}. Best is trial 6 with value: 0.8242424242424242.
[I 2026-04-08 09:47:47,555] Trial 116 finished with value: 0.7454545454545455 and parameters: {'batch_size': 32, 'frozen_layers': 6, 'classifier_dropout': 0.1, 'learning_rate': 1e-05, 'weight_decay': 0.0001}. Best is trial 6 with value: 0.8242424242424242.
[I 2026-04-08 09:50:02,466] Trial 117 finished with value: 0.7818181818181819 and parameters: {'batch_size': 32, 'frozen_layers': 4, 'classifier_dropout': 0.1, 'learning_rate': 5e-05, 'weight_decay': 0.0001}. Best is trial 6 with value: 0.8242424242424242.
[I 2026-04-08 09:53:06,549] Trial 118 finished with value: 0.7757575757575758 and parameters: {'batch_size': 32, 'frozen_layers': 0, 'classifier_dropout': 0.3, 'learning_rate': 3e-05, 'weight_decay': 1e-05}. Best is trial 6 with value: 0.8242424242424242.
[I 2026-04-08 09:56:16,669] Trial 119 finished with value: 0.7575757575757576 and parameters: {'batch_size': 64, 'frozen_layers': 6, 'classifier_dropout': 0.4, 'learning_rate': 2e-05, 'weight_decay': 1e-05}. Best is trial 6 with value: 0.8242424242424242.
[I 2026-04-08 09:59:07,021] Trial 120 finished with value: 0.8242424242424242 and parameters: {'batch_size': 32, 'frozen_layers': 6, 'classifier_dropout': 0.4, 'learning_rate': 5e-05, 'weight_decay': 0.001}. Best is trial 6 with value: 0.8242424242424242.
[I 2026-04-08 09:59:07,522] Trial 121 pruned. Duplicate hyper-parameters, same as those used in trial 120: {'batch_size': 32, 'frozen_layers': 6, 'classifier_dropout': 0.4, 'learning_rate': 5e-05, 'weight_decay': 0.001}.
[I 2026-04-08 10:01:57,536] Trial 122 finished with value: 0.8242424242424242 and parameters: {'batch_size': 32, 'frozen_layers': 6, 'classifier_dropout': 0.3, 'learning_rate': 5e-05, 'weight_decay': 0.001}. Best is trial 6 with value: 0.8242424242424242.
[I 2026-04-08 10:01:58,065] Trial 123 pruned. Duplicate hyper-parameters, same as those used in trial 122: {'batch_size': 32, 'frozen_layers': 6, 'classifier_dropout': 0.3, 'learning_rate': 5e-05, 'weight_decay': 0.001}.
[I 2026-04-08 10:04:54,818] Trial 124 finished with value: 0.806060606060606 and parameters: {'batch_size': 32, 'frozen_layers': 2, 'classifier_dropout': 0.2, 'learning_rate': 5e-05, 'weight_decay': 1e-05}. Best is trial 6 with value: 0.8242424242424242.
[I 2026-04-08 10:07:55,654] Trial 125 finished with value: 0.7818181818181819 and parameters: {'batch_size': 64, 'frozen_layers': 4, 'classifier_dropout': 0.3, 'learning_rate': 5e-05, 'weight_decay': 1e-05}. Best is trial 6 with value: 0.8242424242424242.
[I 2026-04-08 10:10:25,730] Trial 126 finished with value: 0.793939393939394 and parameters: {'batch_size': 16, 'frozen_layers': 6, 'classifier_dropout': 0.1, 'learning_rate': 3e-05, 'weight_decay': 0.001}. Best is trial 6 with value: 0.8242424242424242.
[I 2026-04-08 10:13:17,316] Trial 127 finished with value: 0.8181818181818182 and parameters: {'batch_size': 32, 'frozen_layers': 6, 'classifier_dropout': 0.3, 'learning_rate': 5e-05, 'weight_decay': 1e-06}. Best is trial 6 with value: 0.8242424242424242.
[I 2026-04-08 10:16:27,719] Trial 128 finished with value: 0.806060606060606 and parameters: {'batch_size': 32, 'frozen_layers': 6, 'classifier_dropout': 0.2, 'learning_rate': 3e-05, 'weight_decay': 0.001}. Best is trial 6 with value: 0.8242424242424242.
[I 2026-04-08 10:19:21,878] Trial 129 finished with value: 0.7878787878787878 and parameters: {'batch_size': 32, 'frozen_layers': 4, 'classifier_dropout': 0.1, 'learning_rate': 3e-05, 'weight_decay': 1e-05}. Best is trial 6 with value: 0.8242424242424242.
[I 2026-04-08 10:22:16,774] Trial 130 finished with value: 0.806060606060606 and parameters: {'batch_size': 32, 'frozen_layers': 2, 'classifier_dropout': 0.3, 'learning_rate': 5e-05, 'weight_decay': 1e-05}. Best is trial 6 with value: 0.8242424242424242.
[I 2026-04-08 10:25:29,744] Trial 131 finished with value: 0.7454545454545455 and parameters: {'batch_size': 32, 'frozen_layers': 6, 'classifier_dropout': 0.3, 'learning_rate': 1e-05, 'weight_decay': 0.001}. Best is trial 6 with value: 0.8242424242424242.
[I 2026-04-08 10:29:02,435] Trial 132 finished with value: 0.7575757575757576 and parameters: {'batch_size': 32, 'frozen_layers': 0, 'classifier_dropout': 0.1, 'learning_rate': 1e-05, 'weight_decay': 0.001}. Best is trial 6 with value: 0.8242424242424242.
[I 2026-04-08 10:32:08,542] Trial 133 finished with value: 0.793939393939394 and parameters: {'batch_size': 64, 'frozen_layers': 6, 'classifier_dropout': 0.2, 'learning_rate': 5e-05, 'weight_decay': 1e-06}. Best is trial 6 with value: 0.8242424242424242.
[I 2026-04-08 10:34:17,662] Trial 134 finished with value: 0.8121212121212121 and parameters: {'batch_size': 32, 'frozen_layers': 6, 'classifier_dropout': 0.2, 'learning_rate': 0.0001, 'weight_decay': 1e-05}. Best is trial 6 with value: 0.8242424242424242.
[I 2026-04-08 10:36:31,559] Trial 135 finished with value: 0.7818181818181819 and parameters: {'batch_size': 32, 'frozen_layers': 4, 'classifier_dropout': 0.2, 'learning_rate': 5e-05, 'weight_decay': 1e-06}. Best is trial 6 with value: 0.8242424242424242.
[I 2026-04-08 10:39:31,117] Trial 136 finished with value: 0.7818181818181819 and parameters: {'batch_size': 32, 'frozen_layers': 0, 'classifier_dropout': 0.1, 'learning_rate': 5e-05, 'weight_decay': 0.001}. Best is trial 6 with value: 0.8242424242424242.
[I 2026-04-08 10:42:41,036] Trial 137 finished with value: 0.7696969696969697 and parameters: {'batch_size': 32, 'frozen_layers': 6, 'classifier_dropout': 0.4, 'learning_rate': 2e-05, 'weight_decay': 0.001}. Best is trial 6 with value: 0.8242424242424242.
[I 2026-04-08 10:45:49,048] Trial 138 finished with value: 0.7636363636363637 and parameters: {'batch_size': 64, 'frozen_layers': 6, 'classifier_dropout': 0.4, 'learning_rate': 3e-05, 'weight_decay': 0.0001}. Best is trial 6 with value: 0.8242424242424242.
[I 2026-04-08 10:48:03,928] Trial 139 finished with value: 0.7818181818181819 and parameters: {'batch_size': 32, 'frozen_layers': 4, 'classifier_dropout': 0.4, 'learning_rate': 5e-05, 'weight_decay': 1e-05}. Best is trial 6 with value: 0.8242424242424242.
[I 2026-04-08 10:51:14,901] Trial 140 finished with value: 0.7454545454545455 and parameters: {'batch_size': 32, 'frozen_layers': 6, 'classifier_dropout': 0.4, 'learning_rate': 1e-05, 'weight_decay': 1e-06}. Best is trial 6 with value: 0.8242424242424242.
[I 2026-04-08 10:51:15,381] Trial 141 pruned. Duplicate hyper-parameters, same as those used in trial 108: {'batch_size': 32, 'frozen_layers': 6, 'classifier_dropout': 0.1, 'learning_rate': 5e-05, 'weight_decay': 1e-06}.
[I 2026-04-08 10:54:01,349] Trial 142 finished with value: 0.793939393939394 and parameters: {'batch_size': 16, 'frozen_layers': 6, 'classifier_dropout': 0.3, 'learning_rate': 5e-05, 'weight_decay': 1e-05}. Best is trial 6 with value: 0.8242424242424242.
[I 2026-04-08 10:56:35,296] Trial 143 finished with value: 0.7454545454545455 and parameters: {'batch_size': 16, 'frozen_layers': 0, 'classifier_dropout': 0.4, 'learning_rate': 5e-05, 'weight_decay': 0.001}. Best is trial 6 with value: 0.8242424242424242.
[I 2026-04-08 10:59:52,363] Trial 144 finished with value: 0.7878787878787878 and parameters: {'batch_size': 64, 'frozen_layers': 2, 'classifier_dropout': 0.4, 'learning_rate': 5e-05, 'weight_decay': 1e-06}. Best is trial 6 with value: 0.8242424242424242.
[I 2026-04-08 11:02:32,763] Trial 145 finished with value: 0.7696969696969697 and parameters: {'batch_size': 32, 'frozen_layers': 0, 'classifier_dropout': 0.3, 'learning_rate': 5e-05, 'weight_decay': 1e-05}. Best is trial 6 with value: 0.8242424242424242.
[I 2026-04-08 11:05:38,085] Trial 146 finished with value: 0.793939393939394 and parameters: {'batch_size': 64, 'frozen_layers': 6, 'classifier_dropout': 0.1, 'learning_rate': 5e-05, 'weight_decay': 0.001}. Best is trial 6 with value: 0.8242424242424242.
[I 2026-04-08 11:07:51,811] Trial 147 finished with value: 0.7818181818181819 and parameters: {'batch_size': 32, 'frozen_layers': 4, 'classifier_dropout': 0.1, 'learning_rate': 5e-05, 'weight_decay': 1e-06}. Best is trial 6 with value: 0.8242424242424242.
[I 2026-04-08 11:10:02,061] Trial 148 finished with value: 0.793939393939394 and parameters: {'batch_size': 32, 'frozen_layers': 6, 'classifier_dropout': 0.1, 'learning_rate': 0.0001, 'weight_decay': 0.001}. Best is trial 6 with value: 0.8242424242424242.
[I 2026-04-08 11:12:57,528] Trial 149 finished with value: 0.806060606060606 and parameters: {'batch_size': 32, 'frozen_layers': 2, 'classifier_dropout': 0.1, 'learning_rate': 5e-05, 'weight_decay': 0.0001}. Best is trial 6 with value: 0.8242424242424242.
[I 2026-04-08 11:15:44,764] Trial 150 finished with value: 0.793939393939394 and parameters: {'batch_size': 16, 'frozen_layers': 6, 'classifier_dropout': 0.1, 'learning_rate': 5e-05, 'weight_decay': 0.001}. Best is trial 6 with value: 0.8242424242424242.
[I 2026-04-08 11:18:25,197] Trial 151 finished with value: 0.7696969696969697 and parameters: {'batch_size': 32, 'frozen_layers': 0, 'classifier_dropout': 0.4, 'learning_rate': 5e-05, 'weight_decay': 1e-05}. Best is trial 6 with value: 0.8242424242424242.
[I 2026-04-08 11:18:25,682] Trial 152 pruned. Duplicate hyper-parameters, same as those used in trial 127: {'batch_size': 32, 'frozen_layers': 6, 'classifier_dropout': 0.3, 'learning_rate': 5e-05, 'weight_decay': 1e-06}.
[I 2026-04-08 11:21:38,901] Trial 153 finished with value: 0.7696969696969697 and parameters: {'batch_size': 32, 'frozen_layers': 6, 'classifier_dropout': 0.2, 'learning_rate': 2e-05, 'weight_decay': 1e-06}. Best is trial 6 with value: 0.8242424242424242.
[I 2026-04-08 11:24:28,164] Trial 154 finished with value: 0.793939393939394 and parameters: {'batch_size': 16, 'frozen_layers': 6, 'classifier_dropout': 0.2, 'learning_rate': 5e-05, 'weight_decay': 0.001}. Best is trial 6 with value: 0.8242424242424242.
[I 2026-04-08 11:27:08,699] Trial 155 finished with value: 0.8 and parameters: {'batch_size': 64, 'frozen_layers': 0, 'classifier_dropout': 0.1, 'learning_rate': 5e-05, 'weight_decay': 1e-06}. Best is trial 6 with value: 0.8242424242424242.
[I 2026-04-08 11:30:20,570] Trial 156 finished with value: 0.7454545454545455 and parameters: {'batch_size': 32, 'frozen_layers': 6, 'classifier_dropout': 0.2, 'learning_rate': 1e-05, 'weight_decay': 1e-05}. Best is trial 6 with value: 0.8242424242424242.
[I 2026-04-08 11:30:21,077] Trial 157 pruned. Duplicate hyper-parameters, same as those used in trial 6: {'batch_size': 32, 'frozen_layers': 6, 'classifier_dropout': 0.1, 'learning_rate': 5e-05, 'weight_decay': 0.001}.
[I 2026-04-08 11:33:26,072] Trial 158 finished with value: 0.793939393939394 and parameters: {'batch_size': 64, 'frozen_layers': 6, 'classifier_dropout': 0.3, 'learning_rate': 5e-05, 'weight_decay': 1e-06}. Best is trial 6 with value: 0.8242424242424242.
[I 2026-04-08 11:36:12,648] Trial 159 finished with value: 0.7696969696969697 and parameters: {'batch_size': 32, 'frozen_layers': 0, 'classifier_dropout': 0.4, 'learning_rate': 5e-05, 'weight_decay': 1e-06}. Best is trial 6 with value: 0.8242424242424242.
[I 2026-04-08 11:39:26,629] Trial 160 finished with value: 0.806060606060606 and parameters: {'batch_size': 32, 'frozen_layers': 6, 'classifier_dropout': 0.1, 'learning_rate': 3e-05, 'weight_decay': 0.0001}. Best is trial 6 with value: 0.8242424242424242.
[I 2026-04-08 11:42:14,692] Trial 161 finished with value: 0.7696969696969697 and parameters: {'batch_size': 32, 'frozen_layers': 0, 'classifier_dropout': 0.3, 'learning_rate': 5e-05, 'weight_decay': 0.0001}. Best is trial 6 with value: 0.8242424242424242.
[I 2026-04-08 11:44:36,764] Trial 162 finished with value: 0.7818181818181819 and parameters: {'batch_size': 32, 'frozen_layers': 4, 'classifier_dropout': 0.3, 'learning_rate': 5e-05, 'weight_decay': 0.0001}. Best is trial 6 with value: 0.8242424242424242.
[I 2026-04-08 11:46:59,032] Trial 163 finished with value: 0.7636363636363637 and parameters: {'batch_size': 32, 'frozen_layers': 2, 'classifier_dropout': 0.3, 'learning_rate': 0.0001, 'weight_decay': 0.0001}. Best is trial 6 with value: 0.8242424242424242.
[I 2026-04-08 11:46:59,637] Trial 164 pruned. Duplicate hyper-parameters, same as those used in trial 66: {'batch_size': 32, 'frozen_layers': 6, 'classifier_dropout': 0.4, 'learning_rate': 5e-05, 'weight_decay': 1e-06}.
[I 2026-04-08 11:50:11,926] Trial 165 finished with value: 0.806060606060606 and parameters: {'batch_size': 32, 'frozen_layers': 6, 'classifier_dropout': 0.4, 'learning_rate': 3e-05, 'weight_decay': 0.001}. Best is trial 6 with value: 0.8242424242424242.
[I 2026-04-08 11:52:57,695] Trial 166 finished with value: 0.793939393939394 and parameters: {'batch_size': 16, 'frozen_layers': 6, 'classifier_dropout': 0.3, 'learning_rate': 5e-05, 'weight_decay': 1e-06}. Best is trial 6 with value: 0.8242424242424242.
[I 2026-04-08 11:55:08,260] Trial 167 finished with value: 0.8121212121212121 and parameters: {'batch_size': 32, 'frozen_layers': 6, 'classifier_dropout': 0.3, 'learning_rate': 0.0001, 'weight_decay': 1e-05}. Best is trial 6 with value: 0.8242424242424242.
[I 2026-04-08 11:58:05,063] Trial 168 finished with value: 0.806060606060606 and parameters: {'batch_size': 32, 'frozen_layers': 2, 'classifier_dropout': 0.1, 'learning_rate': 5e-05, 'weight_decay': 1e-06}. Best is trial 6 with value: 0.8242424242424242.
[I 2026-04-08 11:58:05,607] Trial 169 pruned. Duplicate hyper-parameters, same as those used in trial 60: {'batch_size': 32, 'frozen_layers': 6, 'classifier_dropout': 0.3, 'learning_rate': 5e-05, 'weight_decay': 0.0001}.
[I 2026-04-08 12:01:11,487] Trial 170 finished with value: 0.793939393939394 and parameters: {'batch_size': 64, 'frozen_layers': 6, 'classifier_dropout': 0.4, 'learning_rate': 5e-05, 'weight_decay': 1e-05}. Best is trial 6 with value: 0.8242424242424242.
[I 2026-04-08 12:03:21,270] Trial 171 finished with value: 0.793939393939394 and parameters: {'batch_size': 32, 'frozen_layers': 6, 'classifier_dropout': 0.3, 'learning_rate': 0.0001, 'weight_decay': 0.001}. Best is trial 6 with value: 0.8242424242424242.
[I 2026-04-08 12:05:30,788] Trial 172 finished with value: 0.8121212121212121 and parameters: {'batch_size': 32, 'frozen_layers': 6, 'classifier_dropout': 0.2, 'learning_rate': 0.0001, 'weight_decay': 1e-06}. Best is trial 6 with value: 0.8242424242424242.
[I 2026-04-08 12:08:02,303] Trial 173 finished with value: 0.7818181818181819 and parameters: {'batch_size': 16, 'frozen_layers': 2, 'classifier_dropout': 0.4, 'learning_rate': 5e-05, 'weight_decay': 1e-05}. Best is trial 6 with value: 0.8242424242424242.
