SLURM NODE: kn052
[I 2026-02-16 06:29:12,358] A new study created in RDB with name: SST-2-Fine-tuning-Truncated
[I 2026-02-16 06:55:47,325] Trial 0 finished with value: 0.9128440366972477 and parameters: {'batch_size': 32, 'frozen_layers': 0, 'classifier_dropout': 0.1, 'learning_rate': 1e-05, 'weight_decay': 1e-05}. Best is trial 0 with value: 0.9128440366972477.
[I 2026-02-16 07:24:37,719] Trial 1 finished with value: 0.9185779816513762 and parameters: {'batch_size': 16, 'frozen_layers': 4, 'classifier_dropout': 0.4, 'learning_rate': 5e-05, 'weight_decay': 0.0001}. Best is trial 1 with value: 0.9185779816513762.
[I 2026-02-16 07:51:07,610] Trial 2 finished with value: 0.9025229357798165 and parameters: {'batch_size': 32, 'frozen_layers': 0, 'classifier_dropout': 0.4, 'learning_rate': 2e-05, 'weight_decay': 0.001}. Best is trial 1 with value: 0.9185779816513762.
[I 2026-02-16 08:16:00,808] Trial 3 finished with value: 0.9071100917431193 and parameters: {'batch_size': 64, 'frozen_layers': 4, 'classifier_dropout': 0.3, 'learning_rate': 3e-05, 'weight_decay': 1e-06}. Best is trial 1 with value: 0.9185779816513762.
[I 2026-02-16 08:42:47,819] Trial 4 finished with value: 0.908256880733945 and parameters: {'batch_size': 16, 'frozen_layers': 6, 'classifier_dropout': 0.2, 'learning_rate': 5e-05, 'weight_decay': 1e-06}. Best is trial 1 with value: 0.9185779816513762.
[I 2026-02-16 09:08:04,985] Trial 5 finished with value: 0.911697247706422 and parameters: {'batch_size': 32, 'frozen_layers': 2, 'classifier_dropout': 0.1, 'learning_rate': 2e-05, 'weight_decay': 0.0001}. Best is trial 1 with value: 0.9185779816513762.
[I 2026-02-16 09:32:32,587] Trial 6 finished with value: 0.9036697247706422 and parameters: {'batch_size': 32, 'frozen_layers': 6, 'classifier_dropout': 0.1, 'learning_rate': 5e-05, 'weight_decay': 0.001}. Best is trial 1 with value: 0.9185779816513762.
[I 2026-02-16 10:01:47,115] Trial 7 finished with value: 0.908256880733945 and parameters: {'batch_size': 16, 'frozen_layers': 6, 'classifier_dropout': 0.4, 'learning_rate': 5e-05, 'weight_decay': 1e-05}. Best is trial 1 with value: 0.9185779816513762.
[I 2026-02-16 10:26:20,952] Trial 8 finished with value: 0.9059633027522935 and parameters: {'batch_size': 64, 'frozen_layers': 4, 'classifier_dropout': 0.4, 'learning_rate': 5e-05, 'weight_decay': 0.0001}. Best is trial 1 with value: 0.9185779816513762.
