[I 2026-02-22 06:19:24,187] Trial 85 finished with value: 0.9662160413022858 and parameters: {'batch_size': 16, 'frozen_layers': 1, 'classifier_dropout': 0.22263070775496968, 'learning_rate': 2.5331767656393007e-05, 'weight_decay': 1.0861603117137957e-06}. Best is trial 85 with value: 0.9662160413022858.
[I 2026-02-22 06:46:23,526] Trial 86 finished with value: 0.955069059640193 and parameters: {'batch_size': 16, 'frozen_layers': 1, 'classifier_dropout': 0.23553861879170343, 'learning_rate': 2.4936151889465184e-05, 'weight_decay': 1.0777050007199314e-06}. Best is trial 85 with value: 0.9662160413022858.
[I 2026-02-22 07:09:54,002] Trial 87 finished with value: 0.9462161311580984 and parameters: {'batch_size': 16, 'frozen_layers': 0, 'classifier_dropout': 0.34344506355794757, 'learning_rate': 2.5167505388399836e-05, 'weight_decay': 1.4461693115320176e-06}. Best is trial 85 with value: 0.9662160413022858.
[I 2026-02-22 07:31:18,650] Trial 88 finished with value: 0.945397386322364 and parameters: {'batch_size': 24, 'frozen_layers': 0, 'classifier_dropout': 0.29030617372864637, 'learning_rate': 2.17795648225255e-05, 'weight_decay': 8.843398601081373e-06}. Best is trial 85 with value: 0.9662160413022858.
[I 2026-02-22 07:52:10,444] Trial 89 finished with value: 0.9423213561607674 and parameters: {'batch_size': 16, 'frozen_layers': 1, 'classifier_dropout': 0.25310371287072786, 'learning_rate': 2.345342464095021e-05, 'weight_decay': 2.4741234646589244e-06}. Best is trial 85 with value: 0.9662160413022858.
[I 2026-02-22 08:15:32,367] Trial 90 finished with value: 0.946332649498471 and parameters: {'batch_size': 16, 'frozen_layers': 2, 'classifier_dropout': 0.19254932456460624, 'learning_rate': 1.9407372411664318e-05, 'weight_decay': 1.4309835379565668e-06}. Best is trial 85 with value: 0.9662160413022858.
[I 2026-02-22 08:39:13,783] Trial 91 finished with value: 0.9566105488992993 and parameters: {'batch_size': 16, 'frozen_layers': 1, 'classifier_dropout': 0.3112768887652965, 'learning_rate': 2.6900864385956092e-05, 'weight_decay': 1.545543300908315e-06}. Best is trial 85 with value: 0.9662160413022858.
[I 2026-02-22 09:02:24,281] Trial 92 finished with value: 0.9541832977256911 and parameters: {'batch_size': 16, 'frozen_layers': 2, 'classifier_dropout': 0.24149170150310476, 'learning_rate': 2.9735616219787503e-05, 'weight_decay': 1.1295280111070669e-06}. Best is trial 85 with value: 0.9662160413022858.
[I 2026-02-22 09:26:22,471] Trial 93 finished with value: 0.9530628076428782 and parameters: {'batch_size': 16, 'frozen_layers': 0, 'classifier_dropout': 0.2792348004070134, 'learning_rate': 2.4132954060231976e-05, 'weight_decay': 1.0388207909131855e-06}. Best is trial 85 with value: 0.9662160413022858.
[I 2026-02-22 09:44:38,987] Trial 94 finished with value: 0.9561904431210724 and parameters: {'batch_size': 16, 'frozen_layers': 0, 'classifier_dropout': 0.28984906603286303, 'learning_rate': 2.9172473792976265e-05, 'weight_decay': 1.0736442830624102e-06}. Best is trial 85 with value: 0.9662160413022858.
[I 2026-02-22 10:04:48,280] Trial 95 finished with value: 0.9418043865170531 and parameters: {'batch_size': 16, 'frozen_layers': 4, 'classifier_dropout': 0.15539366849341607, 'learning_rate': 2.91820681848671e-05, 'weight_decay': 3.4994321464111733e-06}. Best is trial 85 with value: 0.9662160413022858.
[I 2026-02-22 10:26:58,338] Trial 96 finished with value: 0.9466565894817343 and parameters: {'batch_size': 32, 'frozen_layers': 4, 'classifier_dropout': 0.2573813307170442, 'learning_rate': 1.1759744859154235e-05, 'weight_decay': 1.56691173890938e-06}. Best is trial 85 with value: 0.9662160413022858.
[I 2026-02-22 10:47:26,408] Trial 97 finished with value: 0.9419017164606633 and parameters: {'batch_size': 16, 'frozen_layers': 1, 'classifier_dropout': 0.23213021265383585, 'learning_rate': 1.6920755038399547e-05, 'weight_decay': 1.6347668279245177e-06}. Best is trial 85 with value: 0.9662160413022858.
[I 2026-02-22 11:10:39,929] Trial 98 finished with value: 0.9494840116669445 and parameters: {'batch_size': 16, 'frozen_layers': 0, 'classifier_dropout': 0.27572926532787834, 'learning_rate': 2.3047215959580915e-05, 'weight_decay': 2.053239341442896e-06}. Best is trial 85 with value: 0.9662160413022858.
[I 2026-02-22 11:28:54,716] Trial 99 finished with value: 0.9412813832257785 and parameters: {'batch_size': 24, 'frozen_layers': 3, 'classifier_dropout': 0.3298933009677113, 'learning_rate': 2.284290705665222e-05, 'weight_decay': 2.2512432951048997e-06}. Best is trial 85 with value: 0.9662160413022858.
[I 2026-02-22 11:54:42,050] Trial 100 finished with value: 0.9452010746711281 and parameters: {'batch_size': 16, 'frozen_layers': 0, 'classifier_dropout': 0.3117499435892731, 'learning_rate': 2.456235001243859e-05, 'weight_decay': 2.8378132568913505e-06}. Best is trial 85 with value: 0.9662160413022858.
[I 2026-02-22 12:15:21,593] Trial 101 finished with value: 0.9468871436741759 and parameters: {'batch_size': 16, 'frozen_layers': 0, 'classifier_dropout': 0.3525779634576995, 'learning_rate': 2.7961831936590614e-05, 'weight_decay': 1.4671860908456657e-06}. Best is trial 85 with value: 0.9662160413022858.
[I 2026-02-22 12:33:09,338] Trial 102 finished with value: 0.9515743836961694 and parameters: {'batch_size': 16, 'frozen_layers': 2, 'classifier_dropout': 0.31177261770130377, 'learning_rate': 2.4783763483935968e-05, 'weight_decay': 2.0353341355803023e-06}. Best is trial 85 with value: 0.9662160413022858.
[I 2026-02-22 12:56:24,599] Trial 103 finished with value: 0.941919847363603 and parameters: {'batch_size': 16, 'frozen_layers': 0, 'classifier_dropout': 0.3394545792920536, 'learning_rate': 1.2497938745390013e-05, 'weight_decay': 1.2184706192701776e-06}. Best is trial 85 with value: 0.9662160413022858.
[I 2026-02-22 13:16:45,923] Trial 104 finished with value: 0.9448608696144947 and parameters: {'batch_size': 16, 'frozen_layers': 2, 'classifier_dropout': 0.32386982421507093, 'learning_rate': 2.1628754695805836e-05, 'weight_decay': 1.0098884212345202e-06}. Best is trial 85 with value: 0.9662160413022858.
[I 2026-02-22 13:42:37,143] Trial 105 finished with value: 0.9364845261278416 and parameters: {'batch_size': 16, 'frozen_layers': 0, 'classifier_dropout': 0.1694476108999106, 'learning_rate': 1.520752802039547e-05, 'weight_decay': 1.5354447313584395e-06}. Best is trial 85 with value: 0.9662160413022858.
[I 2026-02-22 14:08:09,816] Trial 106 finished with value: 0.9340474476765901 and parameters: {'batch_size': 16, 'frozen_layers': 3, 'classifier_dropout': 0.22076347624413398, 'learning_rate': 1.0242918043100244e-05, 'weight_decay': 4.844614251380893e-06}. Best is trial 85 with value: 0.9662160413022858.
[I 2026-02-22 14:31:44,687] Trial 107 finished with value: 0.9488128710216133 and parameters: {'batch_size': 16, 'frozen_layers': 1, 'classifier_dropout': 0.23147103973120242, 'learning_rate': 2.3058662024866576e-05, 'weight_decay': 1.1714468482128e-06}. Best is trial 85 with value: 0.9662160413022858.
[I 2026-02-22 14:53:15,664] Trial 108 finished with value: 0.9555830218315822 and parameters: {'batch_size': 24, 'frozen_layers': 0, 'classifier_dropout': 0.29222208041168285, 'learning_rate': 2.3498466405647184e-05, 'weight_decay': 1.5585065410272134e-06}. Best is trial 85 with value: 0.9662160413022858.
[I 2026-02-22 15:14:34,274] Trial 109 finished with value: 0.9517293136189828 and parameters: {'batch_size': 16, 'frozen_layers': 3, 'classifier_dropout': 0.16257472976958728, 'learning_rate': 2.3577230472543632e-05, 'weight_decay': 1.93766788647447e-06}. Best is trial 85 with value: 0.9662160413022858.
[I 2026-02-22 15:39:59,350] Trial 110 finished with value: 0.9508606777982906 and parameters: {'batch_size': 16, 'frozen_layers': 0, 'classifier_dropout': 0.3280444900788285, 'learning_rate': 2.4588888558108486e-05, 'weight_decay': 1.1279490486646323e-06}. Best is trial 85 with value: 0.9662160413022858.
[I 2026-02-22 16:08:01,990] Trial 111 finished with value: 0.9469315548576411 and parameters: {'batch_size': 16, 'frozen_layers': 0, 'classifier_dropout': 0.14760232597074197, 'learning_rate': 1.6821191731370195e-05, 'weight_decay': 4.963691356328748e-06}. Best is trial 85 with value: 0.9662160413022858.

[TRIAL] 85 [VALIDATION PERFORMANCE] 0.9662160413022858 [TRAINING LOSS] 0.02321805728216593 [VALIDATION LOSS] 0.13453097453020746 

number                     			 85
value                      			 0.9662160413022858
params_batch_size          			 16
params_classifier_dropout  			 0.22263070775496968
params_frozen_layers       			 1
params_learning_rate       			 2.5331767656393007e-05
params_weight_decay        			 1.0861603117137957e-06
user_attrs_duplicate       			 False
user_attrs_epoch           			 7.0
user_attrs_training_loss   			 0.02321805728216593
user_attrs_validation_loss 			 0.13453097453020746

[37] VALIDATION: 0.9600904539053495 TESTING: 0.9442994821094515
[38] VALIDATION: 0.9313517464770018 TESTING: 0.9318708741346671
[39] VALIDATION: 0.9449171009301792 TESTING: 0.9448057076219101
[40] VALIDATION: 0.9477295573400013 TESTING: 0.9518115664219347
[41] VALIDATION: 0.9548470743853144 TESTING: 0.9490079521276625
[42] VALIDATION: 0.9662160413022858 TESTING: 0.9470390797200499
[43] VALIDATION: 0.9440050751692551 TESTING: 0.96276870518899
[44] VALIDATION: 0.9459081673260745 TESTING: 0.9389193881893034
[45] VALIDATION: 0.9313186966197345 TESTING: 0.9203345200425347
[46] VALIDATION: 0.934058680859099 TESTING: 0.9368504828006567

Validation performance: 93.13 & 94.6 ± 1.19 & 96.62
Testing performance: 92.03 & 94.28 ± 1.16 & 96.28

[TRIAL] 11 [VALIDATION PERFORMANCE] 0.965791292497678 [TRAINING LOSS] 0.02309374483633536 [VALIDATION LOSS] 0.15406591076316545 

number                     			 11
value                      			 0.965791292497678
params_batch_size          			 16
params_classifier_dropout  			 0.11031655633456552
params_frozen_layers       			 2
params_learning_rate       			 2.7155392923951256e-05
params_weight_decay        			 1.8145961353490265e-06
user_attrs_duplicate       			 False
user_attrs_epoch           			 6.0
user_attrs_training_loss   			 0.02309374483633536
user_attrs_validation_loss 			 0.15406591076316545

[37] VALIDATION: 0.9422129932798706 TESTING: 0.9562571085876717
[38] VALIDATION: 0.9446580077862836 TESTING: 0.9385993445389502
[39] VALIDATION: 0.9474148112940608 TESTING: 0.956016725521802
[40] VALIDATION: 0.9474374535818078 TESTING: 0.9450298433380113
[41] VALIDATION: 0.9435544861873566 TESTING: 0.9288240101888507
[42] VALIDATION: 0.965791292497678 TESTING: 0.945782118590244
[43] VALIDATION: 0.9545616425038101 TESTING: 0.9350598384420343
[44] VALIDATION: 0.9298261680790123 TESTING: 0.9371480838763786
[45] VALIDATION: 0.941080117701731 TESTING: 0.9288286308997908
[46] VALIDATION: 0.940796150041987 TESTING: 0.9562433595219431

Validation performance: 92.98 & 94.57 ± 0.94 & 96.58
Testing performance: 92.88 & 94.28 ± 1.08 & 95.63

[TRIAL] 71 [VALIDATION PERFORMANCE] 0.965562302911512 [TRAINING LOSS] 0.031112322848312248 [VALIDATION LOSS] 0.11988032143563032 

number                     			 71
value                      			 0.965562302911512
params_batch_size          			 24
params_classifier_dropout  			 0.31060210511364106
params_frozen_layers       			 0
params_learning_rate       			 2.6377836703544704e-05
params_weight_decay        			 1.0192354675927792e-06
user_attrs_duplicate       			 False
user_attrs_epoch           			 6.0
user_attrs_training_loss   			 0.031112322848312248
user_attrs_validation_loss 			 0.11988032143563032

[37] VALIDATION: 0.9519150751644083 TESTING: 0.937391730628635
[38] VALIDATION: 0.9518738995432028 TESTING: 0.9465063549884021
[39] VALIDATION: 0.952041387341699 TESTING: 0.9475744538649452
[40] VALIDATION: 0.9434957179099192 TESTING: 0.9434390695018544
[41] VALIDATION: 0.9599964688278622 TESTING: 0.9463345530342396
[42] VALIDATION: 0.965562302911512 TESTING: 0.963006137608285
[43] VALIDATION: 0.9464269479884426 TESTING: 0.9436942183496931
[44] VALIDATION: 0.9499577858901312 TESTING: 0.9550873871356227
[45] VALIDATION: 0.9656263280333254 TESTING: 0.9509513915150853
[46] VALIDATION: 0.9493278024468284 TESTING: 0.9546741670519776

Validation performance: 94.35 & 95.36 ± 0.76 & 96.56
Testing performance: 93.74 & 94.89 ± 0.73 & 96.3

[R8] Elapsed time: 2782.894840423266 minutes.
