[I 2026-02-23 17:56:39,348] Trial 40 finished with value: 0.9266 and parameters: {'batch_size': 24, 'frozen_layers': 0, 'classifier_dropout': 0.29304828828672275, 'learning_rate': 1.8349782036473834e-05, 'weight_decay': 2.2726872877277055e-06}. Best is trial 31 with value: 0.931.
[I 2026-02-23 18:40:36,696] Trial 41 finished with value: 0.9292 and parameters: {'batch_size': 32, 'frozen_layers': 0, 'classifier_dropout': 0.3073271586813798, 'learning_rate': 2.026586671987177e-05, 'weight_decay': 2.7245268432255516e-05}. Best is trial 31 with value: 0.931.
[I 2026-02-23 19:23:39,539] Trial 42 finished with value: 0.9272 and parameters: {'batch_size': 32, 'frozen_layers': 2, 'classifier_dropout': 0.33331912233667216, 'learning_rate': 1.0300853406136184e-05, 'weight_decay': 0.00020046184066367407}. Best is trial 31 with value: 0.931.
[I 2026-02-23 20:06:42,239] Trial 43 finished with value: 0.926 and parameters: {'batch_size': 32, 'frozen_layers': 2, 'classifier_dropout': 0.23606176805076245, 'learning_rate': 2.899105846900312e-05, 'weight_decay': 1.577189746306258e-05}. Best is trial 31 with value: 0.931.
[I 2026-02-23 20:50:06,577] Trial 44 finished with value: 0.9254 and parameters: {'batch_size': 40, 'frozen_layers': 0, 'classifier_dropout': 0.38978872381854923, 'learning_rate': 2.5945055493217436e-05, 'weight_decay': 1.7724880922259796e-05}. Best is trial 31 with value: 0.931.
[I 2026-02-23 21:34:07,055] Trial 45 finished with value: 0.9262 and parameters: {'batch_size': 32, 'frozen_layers': 0, 'classifier_dropout': 0.3839989444567536, 'learning_rate': 2.528096116079369e-05, 'weight_decay': 9.019301553320606e-06}. Best is trial 31 with value: 0.931.
[I 2026-02-23 22:18:12,026] Trial 46 finished with value: 0.9274 and parameters: {'batch_size': 32, 'frozen_layers': 0, 'classifier_dropout': 0.2773778775473886, 'learning_rate': 2.9168316525255028e-05, 'weight_decay': 0.0005634180018787782}. Best is trial 31 with value: 0.931.
[I 2026-02-23 23:03:30,492] Trial 47 finished with value: 0.9282 and parameters: {'batch_size': 24, 'frozen_layers': 0, 'classifier_dropout': 0.2835833216040254, 'learning_rate': 2.4387944805288203e-05, 'weight_decay': 5.07793324251261e-05}. Best is trial 31 with value: 0.931.
[I 2026-02-23 23:47:02,162] Trial 48 finished with value: 0.9246 and parameters: {'batch_size': 40, 'frozen_layers': 0, 'classifier_dropout': 0.3943571080212571, 'learning_rate': 1.699281243815187e-05, 'weight_decay': 3.5776241905509354e-06}. Best is trial 31 with value: 0.931.
[I 2026-02-24 00:30:36,764] Trial 49 finished with value: 0.9278 and parameters: {'batch_size': 32, 'frozen_layers': 1, 'classifier_dropout': 0.295015355412374, 'learning_rate': 2.4623179293264427e-05, 'weight_decay': 5.4541724255374205e-05}. Best is trial 31 with value: 0.931.
[I 2026-02-24 01:14:05,237] Trial 50 finished with value: 0.928 and parameters: {'batch_size': 40, 'frozen_layers': 0, 'classifier_dropout': 0.32186266150593834, 'learning_rate': 2.549909167921713e-05, 'weight_decay': 1.6326767166015436e-06}. Best is trial 31 with value: 0.931.
[I 2026-02-24 02:04:25,159] Trial 51 finished with value: 0.9288 and parameters: {'batch_size': 32, 'frozen_layers': 0, 'classifier_dropout': 0.313086947367234, 'learning_rate': 2.0298917044591202e-05, 'weight_decay': 2.9378330841743333e-05}. Best is trial 31 with value: 0.931.
[I 2026-02-24 02:49:58,013] Trial 52 finished with value: 0.9294 and parameters: {'batch_size': 24, 'frozen_layers': 0, 'classifier_dropout': 0.23968603021492116, 'learning_rate': 1.82427827787131e-05, 'weight_decay': 1.0217724106867903e-05}. Best is trial 31 with value: 0.931.
[I 2026-02-24 03:39:47,413] Trial 53 finished with value: 0.917 and parameters: {'batch_size': 16, 'frozen_layers': 0, 'classifier_dropout': 0.22971651501808207, 'learning_rate': 1.541326399206548e-05, 'weight_decay': 2.9214066717626766e-05}. Best is trial 31 with value: 0.931.
[I 2026-02-24 04:24:06,410] Trial 54 finished with value: 0.9248 and parameters: {'batch_size': 32, 'frozen_layers': 0, 'classifier_dropout': 0.24857895184379264, 'learning_rate': 1.6988667476050828e-05, 'weight_decay': 1.7867635965524465e-05}. Best is trial 31 with value: 0.931.
[I 2026-02-24 05:09:29,103] Trial 55 finished with value: 0.9262 and parameters: {'batch_size': 24, 'frozen_layers': 0, 'classifier_dropout': 0.30494837734043, 'learning_rate': 1.64717508722214e-05, 'weight_decay': 8.53553943256872e-06}. Best is trial 31 with value: 0.931.
[I 2026-02-24 05:54:06,152] Trial 56 finished with value: 0.9264 and parameters: {'batch_size': 24, 'frozen_layers': 1, 'classifier_dropout': 0.20391422857684344, 'learning_rate': 1.6303666281146364e-05, 'weight_decay': 4.016071966974897e-06}. Best is trial 31 with value: 0.931.
slurmstepd: error: *** JOB 2244978 ON kn069 CANCELLED AT 2026-02-24T06:00:34 DUE TO TIME LIMIT ***
