SLURM NODE: kn047
[I 2026-02-18 05:55:24,809] Using an existing study with name 'Ohsumed-Fine-tuning-Truncated' instead of creating a new one.
Last trial state: 0
Enqueuing hyper-parameters: {'batch_size': 64, 'frozen_layers': 0, 'classifier_dropout': 0.1, 'learning_rate': 3e-05, 'weight_decay': 0.001}
[I 2026-02-18 06:11:05,312] Trial 48 finished with value: 0.5895568931795565 and parameters: {'batch_size': 64, 'frozen_layers': 0, 'classifier_dropout': 0.1, 'learning_rate': 3e-05, 'weight_decay': 0.001}. Best is trial 14 with value: 0.6451377933685046.
[I 2026-02-18 06:11:05,683] Trial 49 pruned. Duplicate hyper-parameters, same as those used in trial 0: {'batch_size': 32, 'frozen_layers': 0, 'classifier_dropout': 0.1, 'learning_rate': 1e-05, 'weight_decay': 1e-05}.
[I 2026-02-18 06:11:06,104] Trial 50 pruned. Duplicate hyper-parameters, same as those used in trial 1: {'batch_size': 16, 'frozen_layers': 4, 'classifier_dropout': 0.4, 'learning_rate': 5e-05, 'weight_decay': 0.0001}.
[I 2026-02-18 06:11:06,549] Trial 51 pruned. Duplicate hyper-parameters, same as those used in trial 2: {'batch_size': 32, 'frozen_layers': 0, 'classifier_dropout': 0.4, 'learning_rate': 2e-05, 'weight_decay': 0.001}.
[I 2026-02-18 06:11:07,045] Trial 52 pruned. Duplicate hyper-parameters, same as those used in trial 3: {'batch_size': 64, 'frozen_layers': 4, 'classifier_dropout': 0.3, 'learning_rate': 3e-05, 'weight_decay': 1e-06}.
[I 2026-02-18 06:11:07,505] Trial 53 pruned. Duplicate hyper-parameters, same as those used in trial 4: {'batch_size': 16, 'frozen_layers': 6, 'classifier_dropout': 0.2, 'learning_rate': 5e-05, 'weight_decay': 1e-06}.
[I 2026-02-18 06:11:07,964] Trial 54 pruned. Duplicate hyper-parameters, same as those used in trial 5: {'batch_size': 32, 'frozen_layers': 2, 'classifier_dropout': 0.1, 'learning_rate': 2e-05, 'weight_decay': 0.0001}.
[I 2026-02-18 06:11:08,399] Trial 55 pruned. Duplicate hyper-parameters, same as those used in trial 6: {'batch_size': 32, 'frozen_layers': 6, 'classifier_dropout': 0.1, 'learning_rate': 5e-05, 'weight_decay': 0.001}.
[I 2026-02-18 06:11:08,843] Trial 56 pruned. Duplicate hyper-parameters, same as those used in trial 7: {'batch_size': 16, 'frozen_layers': 6, 'classifier_dropout': 0.4, 'learning_rate': 5e-05, 'weight_decay': 1e-05}.
[I 2026-02-18 06:11:09,273] Trial 57 pruned. Duplicate hyper-parameters, same as those used in trial 8: {'batch_size': 64, 'frozen_layers': 4, 'classifier_dropout': 0.4, 'learning_rate': 5e-05, 'weight_decay': 0.0001}.
[I 2026-02-18 06:11:09,729] Trial 58 pruned. Duplicate hyper-parameters, same as those used in trial 9: {'batch_size': 64, 'frozen_layers': 0, 'classifier_dropout': 0.1, 'learning_rate': 2e-05, 'weight_decay': 1e-05}.
[I 2026-02-18 06:11:10,179] Trial 59 pruned. Duplicate hyper-parameters, same as those used in trial 10: {'batch_size': 16, 'frozen_layers': 0, 'classifier_dropout': 0.1, 'learning_rate': 5e-05, 'weight_decay': 0.001}.
[I 2026-02-18 06:11:10,634] Trial 60 pruned. Duplicate hyper-parameters, same as those used in trial 11: {'batch_size': 16, 'frozen_layers': 6, 'classifier_dropout': 0.2, 'learning_rate': 0.0001, 'weight_decay': 0.0001}.
[I 2026-02-18 06:11:11,066] Trial 61 pruned. Duplicate hyper-parameters, same as those used in trial 12: {'batch_size': 32, 'frozen_layers': 4, 'classifier_dropout': 0.1, 'learning_rate': 2e-05, 'weight_decay': 1e-06}.
[I 2026-02-18 06:11:11,517] Trial 62 pruned. Duplicate hyper-parameters, same as those used in trial 13: {'batch_size': 32, 'frozen_layers': 2, 'classifier_dropout': 0.4, 'learning_rate': 3e-05, 'weight_decay': 1e-06}.
[I 2026-02-18 06:11:11,958] Trial 63 pruned. Duplicate hyper-parameters, same as those used in trial 14: {'batch_size': 16, 'frozen_layers': 2, 'classifier_dropout': 0.3, 'learning_rate': 2e-05, 'weight_decay': 1e-06}.
[I 2026-02-18 06:11:12,376] Trial 64 pruned. Duplicate hyper-parameters, same as those used in trial 15: {'batch_size': 64, 'frozen_layers': 4, 'classifier_dropout': 0.2, 'learning_rate': 3e-05, 'weight_decay': 1e-06}.
[I 2026-02-18 06:11:12,813] Trial 65 pruned. Duplicate hyper-parameters, same as those used in trial 16: {'batch_size': 32, 'frozen_layers': 2, 'classifier_dropout': 0.1, 'learning_rate': 1e-05, 'weight_decay': 1e-06}.
[I 2026-02-18 06:11:13,264] Trial 66 pruned. Duplicate hyper-parameters, same as those used in trial 17: {'batch_size': 16, 'frozen_layers': 6, 'classifier_dropout': 0.3, 'learning_rate': 1e-05, 'weight_decay': 0.0001}.
[I 2026-02-18 06:11:13,729] Trial 67 pruned. Duplicate hyper-parameters, same as those used in trial 18: {'batch_size': 32, 'frozen_layers': 6, 'classifier_dropout': 0.1, 'learning_rate': 3e-05, 'weight_decay': 1e-06}.
[I 2026-02-18 06:11:14,172] Trial 68 pruned. Duplicate hyper-parameters, same as those used in trial 19: {'batch_size': 32, 'frozen_layers': 0, 'classifier_dropout': 0.4, 'learning_rate': 0.0001, 'weight_decay': 1e-06}.
[I 2026-02-18 06:11:14,622] Trial 69 pruned. Duplicate hyper-parameters, same as those used in trial 20: {'batch_size': 32, 'frozen_layers': 4, 'classifier_dropout': 0.2, 'learning_rate': 2e-05, 'weight_decay': 0.001}.
[I 2026-02-18 06:11:15,071] Trial 70 pruned. Duplicate hyper-parameters, same as those used in trial 21: {'batch_size': 16, 'frozen_layers': 4, 'classifier_dropout': 0.1, 'learning_rate': 1e-05, 'weight_decay': 1e-05}.
[I 2026-02-18 06:11:15,508] Trial 71 pruned. Duplicate hyper-parameters, same as those used in trial 22: {'batch_size': 32, 'frozen_layers': 6, 'classifier_dropout': 0.4, 'learning_rate': 3e-05, 'weight_decay': 1e-05}.
[I 2026-02-18 06:11:15,962] Trial 72 pruned. Duplicate hyper-parameters, same as those used in trial 23: {'batch_size': 64, 'frozen_layers': 2, 'classifier_dropout': 0.3, 'learning_rate': 0.0001, 'weight_decay': 0.0001}.
[I 2026-02-18 06:11:16,425] Trial 73 pruned. Duplicate hyper-parameters, same as those used in trial 24: {'batch_size': 32, 'frozen_layers': 4, 'classifier_dropout': 0.2, 'learning_rate': 1e-05, 'weight_decay': 0.001}.
[I 2026-02-18 06:11:16,888] Trial 74 pruned. Duplicate hyper-parameters, same as those used in trial 25: {'batch_size': 16, 'frozen_layers': 6, 'classifier_dropout': 0.2, 'learning_rate': 2e-05, 'weight_decay': 0.0001}.
[I 2026-02-18 06:11:17,353] Trial 75 pruned. Duplicate hyper-parameters, same as those used in trial 26: {'batch_size': 64, 'frozen_layers': 0, 'classifier_dropout': 0.3, 'learning_rate': 1e-05, 'weight_decay': 1e-06}.
[I 2026-02-18 06:11:17,819] Trial 76 pruned. Duplicate hyper-parameters, same as those used in trial 27: {'batch_size': 16, 'frozen_layers': 0, 'classifier_dropout': 0.3, 'learning_rate': 5e-05, 'weight_decay': 0.0001}.
[I 2026-02-18 06:11:18,244] Trial 77 pruned. Duplicate hyper-parameters, same as those used in trial 28: {'batch_size': 16, 'frozen_layers': 4, 'classifier_dropout': 0.2, 'learning_rate': 0.0001, 'weight_decay': 1e-05}.
[I 2026-02-18 06:11:18,711] Trial 78 pruned. Duplicate hyper-parameters, same as those used in trial 29: {'batch_size': 32, 'frozen_layers': 2, 'classifier_dropout': 0.3, 'learning_rate': 5e-05, 'weight_decay': 1e-06}.
[I 2026-02-18 06:11:19,161] Trial 79 pruned. Duplicate hyper-parameters, same as those used in trial 30: {'batch_size': 32, 'frozen_layers': 4, 'classifier_dropout': 0.3, 'learning_rate': 0.0001, 'weight_decay': 0.0001}.
[I 2026-02-18 06:11:19,622] Trial 80 pruned. Duplicate hyper-parameters, same as those used in trial 31: {'batch_size': 64, 'frozen_layers': 2, 'classifier_dropout': 0.1, 'learning_rate': 1e-05, 'weight_decay': 1e-06}.
[I 2026-02-18 06:11:20,010] Trial 81 pruned. Duplicate hyper-parameters, same as those used in trial 32: {'batch_size': 32, 'frozen_layers': 4, 'classifier_dropout': 0.2, 'learning_rate': 3e-05, 'weight_decay': 0.0001}.
[I 2026-02-18 06:11:20,395] Trial 82 pruned. Duplicate hyper-parameters, same as those used in trial 33: {'batch_size': 32, 'frozen_layers': 6, 'classifier_dropout': 0.3, 'learning_rate': 0.0001, 'weight_decay': 0.0001}.
[I 2026-02-18 06:11:20,777] Trial 83 pruned. Duplicate hyper-parameters, same as those used in trial 34: {'batch_size': 16, 'frozen_layers': 2, 'classifier_dropout': 0.2, 'learning_rate': 0.0001, 'weight_decay': 1e-05}.
[I 2026-02-18 06:11:21,173] Trial 84 pruned. Duplicate hyper-parameters, same as those used in trial 35: {'batch_size': 16, 'frozen_layers': 4, 'classifier_dropout': 0.1, 'learning_rate': 0.0001, 'weight_decay': 1e-05}.
[I 2026-02-18 06:11:21,612] Trial 85 pruned. Duplicate hyper-parameters, same as those used in trial 35: {'batch_size': 16, 'frozen_layers': 4, 'classifier_dropout': 0.1, 'learning_rate': 0.0001, 'weight_decay': 1e-05}.
[I 2026-02-18 06:11:22,006] Trial 86 pruned. Duplicate hyper-parameters, same as those used in trial 37: {'batch_size': 64, 'frozen_layers': 4, 'classifier_dropout': 0.2, 'learning_rate': 1e-05, 'weight_decay': 0.0001}.
[I 2026-02-18 06:11:22,396] Trial 87 pruned. Duplicate hyper-parameters, same as those used in trial 38: {'batch_size': 32, 'frozen_layers': 6, 'classifier_dropout': 0.1, 'learning_rate': 1e-05, 'weight_decay': 1e-05}.
[I 2026-02-18 06:11:22,792] Trial 88 pruned. Duplicate hyper-parameters, same as those used in trial 39: {'batch_size': 16, 'frozen_layers': 4, 'classifier_dropout': 0.3, 'learning_rate': 0.0001, 'weight_decay': 1e-06}.
[I 2026-02-18 06:11:23,230] Trial 89 pruned. Duplicate hyper-parameters, same as those used in trial 40: {'batch_size': 16, 'frozen_layers': 6, 'classifier_dropout': 0.4, 'learning_rate': 3e-05, 'weight_decay': 1e-06}.
[I 2026-02-18 06:11:23,673] Trial 90 pruned. Duplicate hyper-parameters, same as those used in trial 41: {'batch_size': 16, 'frozen_layers': 4, 'classifier_dropout': 0.2, 'learning_rate': 5e-05, 'weight_decay': 1e-06}.
[I 2026-02-18 06:11:24,133] Trial 91 pruned. Duplicate hyper-parameters, same as those used in trial 42: {'batch_size': 32, 'frozen_layers': 0, 'classifier_dropout': 0.1, 'learning_rate': 3e-05, 'weight_decay': 0.0001}.
[I 2026-02-18 06:11:24,592] Trial 92 pruned. Duplicate hyper-parameters, same as those used in trial 43: {'batch_size': 16, 'frozen_layers': 4, 'classifier_dropout': 0.3, 'learning_rate': 2e-05, 'weight_decay': 1e-06}.
[I 2026-02-18 06:11:25,070] Trial 93 pruned. Duplicate hyper-parameters, same as those used in trial 44: {'batch_size': 32, 'frozen_layers': 2, 'classifier_dropout': 0.4, 'learning_rate': 1e-05, 'weight_decay': 1e-05}.
[I 2026-02-18 06:11:25,536] Trial 94 pruned. Duplicate hyper-parameters, same as those used in trial 45: {'batch_size': 16, 'frozen_layers': 4, 'classifier_dropout': 0.4, 'learning_rate': 2e-05, 'weight_decay': 1e-05}.
[I 2026-02-18 06:11:26,001] Trial 95 pruned. Duplicate hyper-parameters, same as those used in trial 46: {'batch_size': 64, 'frozen_layers': 0, 'classifier_dropout': 0.2, 'learning_rate': 2e-05, 'weight_decay': 1e-05}.
[I 2026-02-18 06:11:26,492] Trial 96 pruned. Duplicate hyper-parameters, same as those used in trial 48: {'batch_size': 64, 'frozen_layers': 0, 'classifier_dropout': 0.1, 'learning_rate': 3e-05, 'weight_decay': 0.001}.
[I 2026-02-18 06:26:29,094] Trial 97 finished with value: 0.42136213024815744 and parameters: {'batch_size': 32, 'frozen_layers': 6, 'classifier_dropout': 0.4, 'learning_rate': 1e-05, 'weight_decay': 0.001}. Best is trial 14 with value: 0.6451377933685046.
[I 2026-02-18 06:42:19,087] Trial 98 finished with value: 0.501602012151513 and parameters: {'batch_size': 32, 'frozen_layers': 2, 'classifier_dropout': 0.3, 'learning_rate': 1e-05, 'weight_decay': 0.0001}. Best is trial 14 with value: 0.6451377933685046.
[I 2026-02-18 06:57:56,948] Trial 99 finished with value: 0.35756631728880944 and parameters: {'batch_size': 64, 'frozen_layers': 2, 'classifier_dropout': 0.1, 'learning_rate': 1e-05, 'weight_decay': 0.0001}. Best is trial 14 with value: 0.6451377933685046.
[UPDATE] 50 completed trials using a random sampler. Switching from random to TPE sampling.
[I 2026-02-18 07:15:11,618] Trial 100 finished with value: 0.6604261694756132 and parameters: {'batch_size': 16, 'frozen_layers': 6, 'classifier_dropout': 0.4, 'learning_rate': 5e-05, 'weight_decay': 0.001}. Best is trial 100 with value: 0.6604261694756132.
[I 2026-02-18 07:29:16,650] Trial 101 finished with value: 0.5850444660291746 and parameters: {'batch_size': 16, 'frozen_layers': 2, 'classifier_dropout': 0.4, 'learning_rate': 5e-05, 'weight_decay': 0.001}. Best is trial 100 with value: 0.6604261694756132.
[I 2026-02-18 07:44:22,727] Trial 102 finished with value: 0.5443208210684723 and parameters: {'batch_size': 32, 'frozen_layers': 6, 'classifier_dropout': 0.3, 'learning_rate': 2e-05, 'weight_decay': 1e-06}. Best is trial 100 with value: 0.6604261694756132.
[I 2026-02-18 07:44:23,214] Trial 103 pruned. Duplicate hyper-parameters, same as those used in trial 100: {'batch_size': 16, 'frozen_layers': 6, 'classifier_dropout': 0.4, 'learning_rate': 5e-05, 'weight_decay': 0.001}.
[I 2026-02-18 07:58:52,850] Trial 104 finished with value: 0.6063984900233194 and parameters: {'batch_size': 32, 'frozen_layers': 6, 'classifier_dropout': 0.2, 'learning_rate': 5e-05, 'weight_decay': 1e-06}. Best is trial 100 with value: 0.6604261694756132.
[I 2026-02-18 08:14:32,088] Trial 105 finished with value: 0.630981434674371 and parameters: {'batch_size': 32, 'frozen_layers': 0, 'classifier_dropout': 0.3, 'learning_rate': 3e-05, 'weight_decay': 0.0001}. Best is trial 100 with value: 0.6604261694756132.
[I 2026-02-18 08:14:32,551] Trial 106 pruned. Duplicate hyper-parameters, same as those used in trial 105: {'batch_size': 32, 'frozen_layers': 0, 'classifier_dropout': 0.3, 'learning_rate': 3e-05, 'weight_decay': 0.0001}.
[I 2026-02-18 08:31:27,557] Trial 107 finished with value: 0.6504406480867678 and parameters: {'batch_size': 16, 'frozen_layers': 2, 'classifier_dropout': 0.3, 'learning_rate': 3e-05, 'weight_decay': 1e-06}. Best is trial 100 with value: 0.6604261694756132.
[I 2026-02-18 08:48:19,708] Trial 108 finished with value: 0.650921180387412 and parameters: {'batch_size': 16, 'frozen_layers': 2, 'classifier_dropout': 0.3, 'learning_rate': 3e-05, 'weight_decay': 0.001}. Best is trial 100 with value: 0.6604261694756132.
[I 2026-02-18 08:48:20,241] Trial 109 pruned. Duplicate hyper-parameters, same as those used in trial 108: {'batch_size': 16, 'frozen_layers': 2, 'classifier_dropout': 0.3, 'learning_rate': 3e-05, 'weight_decay': 0.001}.
[I 2026-02-18 09:05:27,965] Trial 110 finished with value: 0.6338103305757271 and parameters: {'batch_size': 16, 'frozen_layers': 0, 'classifier_dropout': 0.4, 'learning_rate': 5e-05, 'weight_decay': 1e-05}. Best is trial 100 with value: 0.6604261694756132.
[I 2026-02-18 09:05:28,498] Trial 111 pruned. Duplicate hyper-parameters, same as those used in trial 107: {'batch_size': 16, 'frozen_layers': 2, 'classifier_dropout': 0.3, 'learning_rate': 3e-05, 'weight_decay': 1e-06}.
[I 2026-02-18 09:05:29,066] Trial 112 pruned. Duplicate hyper-parameters, same as those used in trial 110: {'batch_size': 16, 'frozen_layers': 0, 'classifier_dropout': 0.4, 'learning_rate': 5e-05, 'weight_decay': 1e-05}.
[I 2026-02-18 09:19:46,377] Trial 113 finished with value: 0.5487401810511453 and parameters: {'batch_size': 64, 'frozen_layers': 6, 'classifier_dropout': 0.3, 'learning_rate': 3e-05, 'weight_decay': 0.0001}. Best is trial 100 with value: 0.6604261694756132.
[I 2026-02-18 09:36:43,699] Trial 114 finished with value: 0.6451377933685046 and parameters: {'batch_size': 16, 'frozen_layers': 2, 'classifier_dropout': 0.2, 'learning_rate': 2e-05, 'weight_decay': 1e-06}. Best is trial 100 with value: 0.6604261694756132.
[I 2026-02-18 09:36:44,304] Trial 115 pruned. Duplicate hyper-parameters, same as those used in trial 114: {'batch_size': 16, 'frozen_layers': 2, 'classifier_dropout': 0.2, 'learning_rate': 2e-05, 'weight_decay': 1e-06}.
[I 2026-02-18 09:53:44,425] Trial 116 finished with value: 0.5674601360274445 and parameters: {'batch_size': 16, 'frozen_layers': 2, 'classifier_dropout': 0.3, 'learning_rate': 1e-05, 'weight_decay': 0.001}. Best is trial 100 with value: 0.6604261694756132.
[I 2026-02-18 10:10:55,562] Trial 117 finished with value: 0.6329524271079289 and parameters: {'batch_size': 16, 'frozen_layers': 0, 'classifier_dropout': 0.4, 'learning_rate': 2e-05, 'weight_decay': 0.0001}. Best is trial 100 with value: 0.6604261694756132.
[I 2026-02-18 10:26:19,271] Trial 118 finished with value: 0.5691158614691294 and parameters: {'batch_size': 16, 'frozen_layers': 0, 'classifier_dropout': 0.4, 'learning_rate': 0.0001, 'weight_decay': 0.0001}. Best is trial 100 with value: 0.6604261694756132.
[I 2026-02-18 10:26:19,788] Trial 119 pruned. Duplicate hyper-parameters, same as those used in trial 117: {'batch_size': 16, 'frozen_layers': 0, 'classifier_dropout': 0.4, 'learning_rate': 2e-05, 'weight_decay': 0.0001}.
[I 2026-02-18 10:42:44,838] Trial 120 finished with value: 0.6320012601670955 and parameters: {'batch_size': 16, 'frozen_layers': 6, 'classifier_dropout': 0.3, 'learning_rate': 5e-05, 'weight_decay': 1e-06}. Best is trial 100 with value: 0.6604261694756132.
[I 2026-02-18 10:59:06,104] Trial 121 finished with value: 0.6320012601670955 and parameters: {'batch_size': 16, 'frozen_layers': 6, 'classifier_dropout': 0.2, 'learning_rate': 5e-05, 'weight_decay': 1e-05}. Best is trial 100 with value: 0.6604261694756132.
[I 2026-02-18 10:59:06,641] Trial 122 pruned. Duplicate hyper-parameters, same as those used in trial 120: {'batch_size': 16, 'frozen_layers': 6, 'classifier_dropout': 0.3, 'learning_rate': 5e-05, 'weight_decay': 1e-06}.
[I 2026-02-18 10:59:07,204] Trial 123 pruned. Duplicate hyper-parameters, same as those used in trial 121: {'batch_size': 16, 'frozen_layers': 6, 'classifier_dropout': 0.2, 'learning_rate': 5e-05, 'weight_decay': 1e-05}.
[I 2026-02-18 11:16:09,839] Trial 124 finished with value: 0.6451377933685046 and parameters: {'batch_size': 16, 'frozen_layers': 2, 'classifier_dropout': 0.4, 'learning_rate': 2e-05, 'weight_decay': 1e-06}. Best is trial 100 with value: 0.6604261694756132.
[I 2026-02-18 11:33:21,503] Trial 125 finished with value: 0.6329524271079289 and parameters: {'batch_size': 16, 'frozen_layers': 0, 'classifier_dropout': 0.1, 'learning_rate': 2e-05, 'weight_decay': 1e-06}. Best is trial 100 with value: 0.6604261694756132.
[I 2026-02-18 11:33:22,190] Trial 126 pruned. Duplicate hyper-parameters, same as those used in trial 125: {'batch_size': 16, 'frozen_layers': 0, 'classifier_dropout': 0.1, 'learning_rate': 2e-05, 'weight_decay': 1e-06}.
[I 2026-02-18 11:33:22,873] Trial 127 pruned. Duplicate hyper-parameters, same as those used in trial 124: {'batch_size': 16, 'frozen_layers': 2, 'classifier_dropout': 0.4, 'learning_rate': 2e-05, 'weight_decay': 1e-06}.
[I 2026-02-18 11:46:54,080] Trial 128 finished with value: 0.6017850656623243 and parameters: {'batch_size': 16, 'frozen_layers': 2, 'classifier_dropout': 0.1, 'learning_rate': 5e-05, 'weight_decay': 1e-06}. Best is trial 100 with value: 0.6604261694756132.
[I 2026-02-18 12:03:54,994] Trial 129 finished with value: 0.6451377933685046 and parameters: {'batch_size': 16, 'frozen_layers': 2, 'classifier_dropout': 0.2, 'learning_rate': 2e-05, 'weight_decay': 0.001}. Best is trial 100 with value: 0.6604261694756132.
[I 2026-02-18 12:20:46,165] Trial 130 finished with value: 0.650921180387412 and parameters: {'batch_size': 16, 'frozen_layers': 2, 'classifier_dropout': 0.2, 'learning_rate': 3e-05, 'weight_decay': 0.001}. Best is trial 100 with value: 0.6604261694756132.
[I 2026-02-18 12:20:46,720] Trial 131 pruned. Duplicate hyper-parameters, same as those used in trial 130: {'batch_size': 16, 'frozen_layers': 2, 'classifier_dropout': 0.2, 'learning_rate': 3e-05, 'weight_decay': 0.001}.
[I 2026-02-18 12:20:47,225] Trial 132 pruned. Duplicate hyper-parameters, same as those used in trial 129: {'batch_size': 16, 'frozen_layers': 2, 'classifier_dropout': 0.2, 'learning_rate': 2e-05, 'weight_decay': 0.001}.
[I 2026-02-18 12:37:52,060] Trial 133 finished with value: 0.6314240787522413 and parameters: {'batch_size': 16, 'frozen_layers': 0, 'classifier_dropout': 0.3, 'learning_rate': 3e-05, 'weight_decay': 1e-05}. Best is trial 100 with value: 0.6604261694756132.
[I 2026-02-18 12:53:04,027] Trial 134 finished with value: 0.59642099987794 and parameters: {'batch_size': 32, 'frozen_layers': 2, 'classifier_dropout': 0.2, 'learning_rate': 2e-05, 'weight_decay': 1e-06}. Best is trial 100 with value: 0.6604261694756132.
[I 2026-02-18 13:10:14,704] Trial 135 finished with value: 0.6329524271079289 and parameters: {'batch_size': 16, 'frozen_layers': 0, 'classifier_dropout': 0.3, 'learning_rate': 2e-05, 'weight_decay': 0.001}. Best is trial 100 with value: 0.6604261694756132.
[I 2026-02-18 13:10:15,239] Trial 136 pruned. Duplicate hyper-parameters, same as those used in trial 135: {'batch_size': 16, 'frozen_layers': 0, 'classifier_dropout': 0.3, 'learning_rate': 2e-05, 'weight_decay': 0.001}.
[I 2026-02-18 13:26:46,685] Trial 137 finished with value: 0.5902946905151688 and parameters: {'batch_size': 16, 'frozen_layers': 6, 'classifier_dropout': 0.1, 'learning_rate': 2e-05, 'weight_decay': 1e-06}. Best is trial 100 with value: 0.6604261694756132.
[I 2026-02-18 13:43:16,974] Trial 138 finished with value: 0.5902946905151688 and parameters: {'batch_size': 16, 'frozen_layers': 6, 'classifier_dropout': 0.3, 'learning_rate': 2e-05, 'weight_decay': 0.001}. Best is trial 100 with value: 0.6604261694756132.
[I 2026-02-18 14:00:27,924] Trial 139 finished with value: 0.6329524271079289 and parameters: {'batch_size': 16, 'frozen_layers': 0, 'classifier_dropout': 0.3, 'learning_rate': 2e-05, 'weight_decay': 0.0001}. Best is trial 100 with value: 0.6604261694756132.
