[I 2026-02-20 03:45:03,497] Trial 67 finished with value: 0.6398944012311727 and parameters: {'batch_size': 16, 'frozen_layers': 2, 'classifier_dropout': 0.32766111889830074, 'learning_rate': 3.156555416664697e-05, 'weight_decay': 0.000909335464414057}. Best is trial 61 with value: 0.6652851218595449.
[I 2026-02-20 04:01:53,283] Trial 68 finished with value: 0.6480222075230351 and parameters: {'batch_size': 16, 'frozen_layers': 5, 'classifier_dropout': 0.3659228425817947, 'learning_rate': 3.7712660840021445e-05, 'weight_decay': 0.00037090376034069596}. Best is trial 61 with value: 0.6652851218595449.
[I 2026-02-20 04:15:19,543] Trial 69 finished with value: 0.6160703373255094 and parameters: {'batch_size': 16, 'frozen_layers': 5, 'classifier_dropout': 0.39170164208601355, 'learning_rate': 6.708838264313544e-05, 'weight_decay': 0.00037105487408607116}. Best is trial 61 with value: 0.6652851218595449.
[I 2026-02-20 04:32:02,717] Trial 70 finished with value: 0.6282044133775048 and parameters: {'batch_size': 16, 'frozen_layers': 6, 'classifier_dropout': 0.36756915534685325, 'learning_rate': 5.8391725150551596e-05, 'weight_decay': 0.0003684875715759581}. Best is trial 61 with value: 0.6652851218595449.
[I 2026-02-20 04:49:24,220] Trial 71 finished with value: 0.5733567775202757 and parameters: {'batch_size': 16, 'frozen_layers': 0, 'classifier_dropout': 0.27218097477665343, 'learning_rate': 9.619592890383894e-05, 'weight_decay': 0.0007320555443815893}. Best is trial 61 with value: 0.6652851218595449.
[I 2026-02-20 05:06:37,766] Trial 72 finished with value: 0.6320275774688053 and parameters: {'batch_size': 16, 'frozen_layers': 1, 'classifier_dropout': 0.17748695875474932, 'learning_rate': 2.271522077084255e-05, 'weight_decay': 0.0008959578170616804}. Best is trial 61 with value: 0.6652851218595449.
[I 2026-02-20 05:23:33,484] Trial 73 finished with value: 0.6174064173154366 and parameters: {'batch_size': 16, 'frozen_layers': 3, 'classifier_dropout': 0.21896924977749005, 'learning_rate': 3.113315972030987e-05, 'weight_decay': 0.0009769424658278582}. Best is trial 61 with value: 0.6652851218595449.
[I 2026-02-20 05:40:31,348] Trial 74 finished with value: 0.6325928088466456 and parameters: {'batch_size': 16, 'frozen_layers': 3, 'classifier_dropout': 0.3777704598643683, 'learning_rate': 3.018558975421189e-05, 'weight_decay': 0.0003462004122058097}. Best is trial 61 with value: 0.6652851218595449.
[I 2026-02-20 05:55:18,549] Trial 75 finished with value: 0.6008592543614873 and parameters: {'batch_size': 24, 'frozen_layers': 5, 'classifier_dropout': 0.32109477175287404, 'learning_rate': 2.916171691260061e-05, 'weight_decay': 0.00010468078585541334}. Best is trial 61 with value: 0.6652851218595449.
[I 2026-02-20 06:12:26,901] Trial 76 finished with value: 0.6429885631041927 and parameters: {'batch_size': 16, 'frozen_layers': 2, 'classifier_dropout': 0.1121668496535231, 'learning_rate': 3.985618482107417e-05, 'weight_decay': 0.0008656162172131955}. Best is trial 61 with value: 0.6652851218595449.
[I 2026-02-20 06:25:30,354] Trial 77 finished with value: 0.5866107053609927 and parameters: {'batch_size': 24, 'frozen_layers': 6, 'classifier_dropout': 0.11080858298547352, 'learning_rate': 8.34133209403105e-05, 'weight_decay': 0.0001843923949397876}. Best is trial 61 with value: 0.6652851218595449.
[I 2026-02-20 06:42:45,509] Trial 78 finished with value: 0.6783519841083961 and parameters: {'batch_size': 16, 'frozen_layers': 2, 'classifier_dropout': 0.23803707941701863, 'learning_rate': 2.5660004983503774e-05, 'weight_decay': 0.0008001528138977279}. Best is trial 78 with value: 0.6783519841083961.
[I 2026-02-20 06:58:04,540] Trial 79 finished with value: 0.6305044570693262 and parameters: {'batch_size': 24, 'frozen_layers': 3, 'classifier_dropout': 0.12316845923899761, 'learning_rate': 2.5444470110482903e-05, 'weight_decay': 0.0007669540899130949}. Best is trial 78 with value: 0.6783519841083961.
[I 2026-02-20 07:15:19,614] Trial 80 finished with value: 0.637365994241661 and parameters: {'batch_size': 16, 'frozen_layers': 2, 'classifier_dropout': 0.2120209652797539, 'learning_rate': 2.4648061771785974e-05, 'weight_decay': 0.000985874659168218}. Best is trial 78 with value: 0.6783519841083961.
[I 2026-02-20 07:32:47,549] Trial 81 finished with value: 0.6431343856236706 and parameters: {'batch_size': 16, 'frozen_layers': 0, 'classifier_dropout': 0.2669836361711584, 'learning_rate': 2.137580573053518e-05, 'weight_decay': 0.0006266689238239836}. Best is trial 78 with value: 0.6783519841083961.
[I 2026-02-20 07:49:46,693] Trial 82 finished with value: 0.637259799555603 and parameters: {'batch_size': 16, 'frozen_layers': 3, 'classifier_dropout': 0.28633017539573263, 'learning_rate': 4.572620092452586e-05, 'weight_decay': 0.0005526646417270583}. Best is trial 78 with value: 0.6783519841083961.
[I 2026-02-20 08:07:01,435] Trial 83 finished with value: 0.6425505637555762 and parameters: {'batch_size': 16, 'frozen_layers': 1, 'classifier_dropout': 0.1837430906512828, 'learning_rate': 2.9881151133716887e-05, 'weight_decay': 0.0009197897232571799}. Best is trial 78 with value: 0.6783519841083961.
[I 2026-02-20 08:24:32,880] Trial 84 finished with value: 0.6419670622292718 and parameters: {'batch_size': 16, 'frozen_layers': 0, 'classifier_dropout': 0.20698916857417443, 'learning_rate': 2.039475562146568e-05, 'weight_decay': 0.000877469059281836}. Best is trial 78 with value: 0.6783519841083961.
[I 2026-02-20 08:41:44,056] Trial 85 finished with value: 0.6328693230767023 and parameters: {'batch_size': 16, 'frozen_layers': 0, 'classifier_dropout': 0.10086964801478812, 'learning_rate': 2.695245053301564e-05, 'weight_decay': 0.0006802105407142329}. Best is trial 78 with value: 0.6783519841083961.
[I 2026-02-20 08:58:58,978] Trial 86 finished with value: 0.6585877591559094 and parameters: {'batch_size': 16, 'frozen_layers': 2, 'classifier_dropout': 0.13081851646931866, 'learning_rate': 2.5505894688253612e-05, 'weight_decay': 0.0009755935259486865}. Best is trial 78 with value: 0.6783519841083961.
[I 2026-02-20 09:15:55,252] Trial 87 finished with value: 0.6149648172252479 and parameters: {'batch_size': 16, 'frozen_layers': 4, 'classifier_dropout': 0.2407113840420067, 'learning_rate': 2.7986864925166498e-05, 'weight_decay': 0.0006403896542696945}. Best is trial 78 with value: 0.6783519841083961.
[I 2026-02-20 09:33:08,754] Trial 88 finished with value: 0.6467614167542307 and parameters: {'batch_size': 16, 'frozen_layers': 2, 'classifier_dropout': 0.34686840887451387, 'learning_rate': 2.986177346669454e-05, 'weight_decay': 0.000834697888267835}. Best is trial 78 with value: 0.6783519841083961.
[I 2026-02-20 09:50:04,994] Trial 89 finished with value: 0.644782336926089 and parameters: {'batch_size': 16, 'frozen_layers': 4, 'classifier_dropout': 0.33993804413896095, 'learning_rate': 4.329076687512009e-05, 'weight_decay': 0.0008556410214636822}. Best is trial 78 with value: 0.6783519841083961.
[I 2026-02-20 10:06:57,446] Trial 90 finished with value: 0.6206789146093962 and parameters: {'batch_size': 16, 'frozen_layers': 4, 'classifier_dropout': 0.36818704411068576, 'learning_rate': 4.1854353907263565e-05, 'weight_decay': 0.00047171685486319847}. Best is trial 78 with value: 0.6783519841083961.
[I 2026-02-20 10:23:52,538] Trial 91 finished with value: 0.6415450991075926 and parameters: {'batch_size': 16, 'frozen_layers': 4, 'classifier_dropout': 0.38611722174879276, 'learning_rate': 4.1066786792015216e-05, 'weight_decay': 0.000910999273096811}. Best is trial 78 with value: 0.6783519841083961.
[I 2026-02-20 10:41:09,552] Trial 92 finished with value: 0.6319522479665391 and parameters: {'batch_size': 16, 'frozen_layers': 1, 'classifier_dropout': 0.15875197184223377, 'learning_rate': 2.6485521730632555e-05, 'weight_decay': 0.000741081447000523}. Best is trial 78 with value: 0.6783519841083961.
[I 2026-02-20 10:58:33,912] Trial 93 finished with value: 0.6406289305110915 and parameters: {'batch_size': 16, 'frozen_layers': 1, 'classifier_dropout': 0.17628807500385135, 'learning_rate': 2.2009970242983363e-05, 'weight_decay': 0.0009987221018423439}. Best is trial 78 with value: 0.6783519841083961.
[I 2026-02-20 11:15:50,358] Trial 94 finished with value: 0.6274344468094701 and parameters: {'batch_size': 16, 'frozen_layers': 2, 'classifier_dropout': 0.3034061432867312, 'learning_rate': 2.415950987459477e-05, 'weight_decay': 0.0009252208423116146}. Best is trial 78 with value: 0.6783519841083961.
[I 2026-02-20 11:33:11,545] Trial 95 finished with value: 0.6267014297085188 and parameters: {'batch_size': 16, 'frozen_layers': 2, 'classifier_dropout': 0.124774460765321, 'learning_rate': 2.0120794744283903e-05, 'weight_decay': 0.0008618589251116706}. Best is trial 78 with value: 0.6783519841083961.
[I 2026-02-20 11:48:12,828] Trial 96 finished with value: 0.5796523946656693 and parameters: {'batch_size': 16, 'frozen_layers': 6, 'classifier_dropout': 0.38473862268074166, 'learning_rate': 4.894019925030071e-05, 'weight_decay': 0.0004031841973874398}. Best is trial 78 with value: 0.6783519841083961.
[I 2026-02-20 12:02:49,048] Trial 97 finished with value: 0.6127954576017813 and parameters: {'batch_size': 32, 'frozen_layers': 5, 'classifier_dropout': 0.31679922023402324, 'learning_rate': 9.409102541409034e-05, 'weight_decay': 0.00015251949669749509}. Best is trial 78 with value: 0.6783519841083961.
[I 2026-02-20 12:19:59,379] Trial 98 finished with value: 0.6441024250989495 and parameters: {'batch_size': 16, 'frozen_layers': 2, 'classifier_dropout': 0.24026259378906178, 'learning_rate': 5.151673953570014e-05, 'weight_decay': 0.0006013923663665493}. Best is trial 78 with value: 0.6783519841083961.
[I 2026-02-20 12:37:30,864] Trial 99 finished with value: 0.6308193154267902 and parameters: {'batch_size': 16, 'frozen_layers': 0, 'classifier_dropout': 0.3243122456705179, 'learning_rate': 2.7364955875045045e-05, 'weight_decay': 0.00020977686766200217}. Best is trial 78 with value: 0.6783519841083961.
[I 2026-02-20 12:54:18,727] Trial 100 finished with value: 0.6250822779689057 and parameters: {'batch_size': 16, 'frozen_layers': 6, 'classifier_dropout': 0.39759680914488776, 'learning_rate': 3.533684727553463e-05, 'weight_decay': 0.0008580269530905918}. Best is trial 78 with value: 0.6783519841083961.
[I 2026-02-20 13:11:21,847] Trial 101 finished with value: 0.6429194408339486 and parameters: {'batch_size': 16, 'frozen_layers': 3, 'classifier_dropout': 0.25851398726941943, 'learning_rate': 4.290844764390979e-05, 'weight_decay': 0.0008115374011315589}. Best is trial 78 with value: 0.6783519841083961.
[I 2026-02-20 13:28:13,991] Trial 102 finished with value: 0.6247106721991738 and parameters: {'batch_size': 16, 'frozen_layers': 4, 'classifier_dropout': 0.39929253163710127, 'learning_rate': 3.747881661908629e-05, 'weight_decay': 0.0003525000021450933}. Best is trial 78 with value: 0.6783519841083961.

[TRIAL] 78 [VALIDATION PERFORMANCE] 0.6783519841083961 [TRAINING LOSS] 0.3434723801910877 [VALIDATION LOSS] 1.2594535790738606 

number                     			 78
value                      			 0.6783519841083961
params_batch_size          			 16
params_classifier_dropout  			 0.23803707941701863
params_frozen_layers       			 2
params_learning_rate       			 2.5660004983503774e-05
params_weight_decay        			 0.0008001528138977279
user_attrs_duplicate       			 False
user_attrs_epoch           			 8
user_attrs_training_loss   			 0.3434723801910877
user_attrs_validation_loss 			 1.2594535790738606

[37] VALIDATION: 0.651632298364129 TESTING: 0.6278223521904829
[38] VALIDATION: 0.6027464083432238 TESTING: 0.6059892052165738
[39] VALIDATION: 0.6375893382836944 TESTING: 0.6265250010816689
[40] VALIDATION: 0.646453502591453 TESTING: 0.6196613208051357
[41] VALIDATION: 0.6477005603650068 TESTING: 0.6329456988571888
[42] VALIDATION: 0.6783519841083961 TESTING: 0.6186584483976035
[43] VALIDATION: 0.6217901877340671 TESTING: 0.6199888980851143
[44] VALIDATION: 0.6456003300308616 TESTING: 0.6200744699203204
[45] VALIDATION: 0.6553174314776209 TESTING: 0.633991255318168
[46] VALIDATION: 0.650859797417127 TESTING: 0.6333844704991398

Validation performance: 60.27 & 64.38 ± 2.02 & 67.84
Testing performance: 60.6 & 62.39 ± 0.88 & 63.4

[TRIAL] 61 [VALIDATION PERFORMANCE] 0.6652851218595449 [TRAINING LOSS] 0.21585270611657983 [VALIDATION LOSS] 1.2601879256821813 

number                     			 61
value                      			 0.6652851218595449
params_batch_size          			 16
params_classifier_dropout  			 0.39276557709711835
params_frozen_layers       			 5
params_learning_rate       			 4.162662875733156e-05
params_weight_decay        			 0.0003894488609822178
user_attrs_duplicate       			 False
user_attrs_epoch           			 8
user_attrs_training_loss   			 0.21585270611657983
user_attrs_validation_loss 			 1.2601879256821813

[37] VALIDATION: 0.6483721788205784 TESTING: 0.620888636195926
[38] VALIDATION: 0.5976844050795104 TESTING: 0.610259033050851
[39] VALIDATION: 0.6329157624838909 TESTING: 0.6207174876443342
[40] VALIDATION: 0.6254372145806698 TESTING: 0.5965845597108528
[41] VALIDATION: 0.6109417647938077 TESTING: 0.6054232445222089
[42] VALIDATION: 0.6652851218595449 TESTING: 0.6218614646107404
[43] VALIDATION: 0.6285182545524639 TESTING: 0.6091492545499597
[44] VALIDATION: 0.6344579541516698 TESTING: 0.6155746026063182
[45] VALIDATION: 0.6447982501146594 TESTING: 0.6161701540977799
[46] VALIDATION: 0.6532224295819791 TESTING: 0.6190069583477953

Validation performance: 59.77 & 63.42 ± 2.01 & 66.53
Testing performance: 59.66 & 61.36 ± 0.82 & 62.19

[TRIAL] 0 [VALIDATION PERFORMANCE] 0.6604261694756132 [TRAINING LOSS] 0.16579337384817855 [VALIDATION LOSS] 1.2910555916882696 

number                     			 0
value                      			 0.6604261694756132
params_batch_size          			 16
params_classifier_dropout  			 0.4
params_frozen_layers       			 6
params_learning_rate       			 5e-05
params_weight_decay        			 0.001
user_attrs_duplicate       			 False
user_attrs_epoch           			 8
user_attrs_training_loss   			 0.16579337384817855
user_attrs_validation_loss 			 1.2910555916882696

[37] VALIDATION: 0.6072308218516617 TESTING: 0.6151312397398062
[38] VALIDATION: 0.607368106859074 TESTING: 0.6187049701210718
[39] VALIDATION: 0.604611207853043 TESTING: 0.6118816989176932
[40] VALIDATION: 0.6313868567572523 TESTING: 0.6141018206897443
[41] VALIDATION: 0.5942439492201126 TESTING: 0.6128117986284087
[42] VALIDATION: 0.6604261694756132 TESTING: 0.6197512244120099
[43] VALIDATION: 0.6326092964277514 TESTING: 0.6116837992876623
[44] VALIDATION: 0.6317153930900431 TESTING: 0.6215741648621309
[45] VALIDATION: 0.5917768507680095 TESTING: 0.5968577444771772
[46] VALIDATION: 0.617885024251306 TESTING: 0.6013307527710711

Validation performance: 59.18 & 61.79 ± 2.12 & 66.04
Testing performance: 59.69 & 61.24 ± 0.78 & 62.16

[Ohsumed] Elapsed time: 3879.007973798116 minutes.
