SLURM NODE: kn082
[I 2026-02-18 05:57:46,635] Using an existing study with name 'IMDb-Fine-tuning-Truncated' instead of creating a new one.
Last trial state: 0
Enqueuing hyper-parameters: {'batch_size': 32, 'frozen_layers': 2, 'classifier_dropout': 0.1, 'learning_rate': 1e-05, 'weight_decay': 1e-06}
[I 2026-02-18 06:43:16,018] Trial 17 finished with value: 0.9258 and parameters: {'batch_size': 32, 'frozen_layers': 2, 'classifier_dropout': 0.1, 'learning_rate': 1e-05, 'weight_decay': 1e-06}. Best is trial 2 with value: 0.9288.
[I 2026-02-18 06:43:16,403] Trial 18 pruned. Duplicate hyper-parameters, same as those used in trial 0: {'batch_size': 32, 'frozen_layers': 0, 'classifier_dropout': 0.1, 'learning_rate': 1e-05, 'weight_decay': 1e-05}.
[I 2026-02-18 06:43:16,800] Trial 19 pruned. Duplicate hyper-parameters, same as those used in trial 1: {'batch_size': 16, 'frozen_layers': 4, 'classifier_dropout': 0.4, 'learning_rate': 5e-05, 'weight_decay': 0.0001}.
[I 2026-02-18 06:43:17,195] Trial 20 pruned. Duplicate hyper-parameters, same as those used in trial 2: {'batch_size': 32, 'frozen_layers': 0, 'classifier_dropout': 0.4, 'learning_rate': 2e-05, 'weight_decay': 0.001}.
[I 2026-02-18 06:43:17,620] Trial 21 pruned. Duplicate hyper-parameters, same as those used in trial 3: {'batch_size': 64, 'frozen_layers': 4, 'classifier_dropout': 0.3, 'learning_rate': 3e-05, 'weight_decay': 1e-06}.
[I 2026-02-18 06:43:18,060] Trial 22 pruned. Duplicate hyper-parameters, same as those used in trial 4: {'batch_size': 16, 'frozen_layers': 6, 'classifier_dropout': 0.2, 'learning_rate': 5e-05, 'weight_decay': 1e-06}.
[I 2026-02-18 06:43:18,503] Trial 23 pruned. Duplicate hyper-parameters, same as those used in trial 5: {'batch_size': 32, 'frozen_layers': 2, 'classifier_dropout': 0.1, 'learning_rate': 2e-05, 'weight_decay': 0.0001}.
[I 2026-02-18 06:43:18,937] Trial 24 pruned. Duplicate hyper-parameters, same as those used in trial 6: {'batch_size': 32, 'frozen_layers': 6, 'classifier_dropout': 0.1, 'learning_rate': 5e-05, 'weight_decay': 0.001}.
[I 2026-02-18 06:43:19,363] Trial 25 pruned. Duplicate hyper-parameters, same as those used in trial 7: {'batch_size': 16, 'frozen_layers': 6, 'classifier_dropout': 0.4, 'learning_rate': 5e-05, 'weight_decay': 1e-05}.
[I 2026-02-18 06:43:19,765] Trial 26 pruned. Duplicate hyper-parameters, same as those used in trial 8: {'batch_size': 64, 'frozen_layers': 4, 'classifier_dropout': 0.4, 'learning_rate': 5e-05, 'weight_decay': 0.0001}.
[I 2026-02-18 06:43:20,159] Trial 27 pruned. Duplicate hyper-parameters, same as those used in trial 9: {'batch_size': 64, 'frozen_layers': 0, 'classifier_dropout': 0.1, 'learning_rate': 2e-05, 'weight_decay': 1e-05}.
[I 2026-02-18 06:43:20,555] Trial 28 pruned. Duplicate hyper-parameters, same as those used in trial 10: {'batch_size': 16, 'frozen_layers': 0, 'classifier_dropout': 0.1, 'learning_rate': 5e-05, 'weight_decay': 0.001}.
[I 2026-02-18 06:43:20,955] Trial 29 pruned. Duplicate hyper-parameters, same as those used in trial 11: {'batch_size': 16, 'frozen_layers': 6, 'classifier_dropout': 0.2, 'learning_rate': 0.0001, 'weight_decay': 0.0001}.
[I 2026-02-18 06:43:21,396] Trial 30 pruned. Duplicate hyper-parameters, same as those used in trial 12: {'batch_size': 32, 'frozen_layers': 4, 'classifier_dropout': 0.1, 'learning_rate': 2e-05, 'weight_decay': 1e-06}.
[I 2026-02-18 06:43:21,846] Trial 31 pruned. Duplicate hyper-parameters, same as those used in trial 13: {'batch_size': 32, 'frozen_layers': 2, 'classifier_dropout': 0.4, 'learning_rate': 3e-05, 'weight_decay': 1e-06}.
[I 2026-02-18 06:43:22,278] Trial 32 pruned. Duplicate hyper-parameters, same as those used in trial 14: {'batch_size': 16, 'frozen_layers': 2, 'classifier_dropout': 0.3, 'learning_rate': 2e-05, 'weight_decay': 1e-06}.
[I 2026-02-18 06:43:22,719] Trial 33 pruned. Duplicate hyper-parameters, same as those used in trial 15: {'batch_size': 64, 'frozen_layers': 4, 'classifier_dropout': 0.2, 'learning_rate': 3e-05, 'weight_decay': 1e-06}.
[I 2026-02-18 06:43:23,168] Trial 34 pruned. Duplicate hyper-parameters, same as those used in trial 17: {'batch_size': 32, 'frozen_layers': 2, 'classifier_dropout': 0.1, 'learning_rate': 1e-05, 'weight_decay': 1e-06}.
[I 2026-02-18 07:40:57,849] Trial 35 finished with value: 0.9212 and parameters: {'batch_size': 16, 'frozen_layers': 6, 'classifier_dropout': 0.3, 'learning_rate': 1e-05, 'weight_decay': 0.0001}. Best is trial 2 with value: 0.9288.
[I 2026-02-18 08:27:51,050] Trial 36 finished with value: 0.9254 and parameters: {'batch_size': 32, 'frozen_layers': 6, 'classifier_dropout': 0.1, 'learning_rate': 3e-05, 'weight_decay': 1e-06}. Best is trial 2 with value: 0.9288.
[I 2026-02-18 09:11:28,222] Trial 37 finished with value: 0.92 and parameters: {'batch_size': 32, 'frozen_layers': 0, 'classifier_dropout': 0.4, 'learning_rate': 0.0001, 'weight_decay': 1e-06}. Best is trial 2 with value: 0.9288.
[I 2026-02-18 09:53:20,770] Trial 38 finished with value: 0.9258 and parameters: {'batch_size': 32, 'frozen_layers': 4, 'classifier_dropout': 0.2, 'learning_rate': 2e-05, 'weight_decay': 0.001}. Best is trial 2 with value: 0.9288.
[I 2026-02-18 10:41:37,255] Trial 39 finished with value: 0.9236 and parameters: {'batch_size': 16, 'frozen_layers': 4, 'classifier_dropout': 0.1, 'learning_rate': 1e-05, 'weight_decay': 1e-05}. Best is trial 2 with value: 0.9288.
[I 2026-02-18 11:29:05,302] Trial 40 finished with value: 0.9254 and parameters: {'batch_size': 32, 'frozen_layers': 6, 'classifier_dropout': 0.4, 'learning_rate': 3e-05, 'weight_decay': 1e-05}. Best is trial 2 with value: 0.9288.
[I 2026-02-18 12:10:54,286] Trial 41 finished with value: 0.9122 and parameters: {'batch_size': 64, 'frozen_layers': 2, 'classifier_dropout': 0.3, 'learning_rate': 0.0001, 'weight_decay': 0.0001}. Best is trial 2 with value: 0.9288.
[I 2026-02-18 12:59:12,811] Trial 42 finished with value: 0.9252 and parameters: {'batch_size': 32, 'frozen_layers': 4, 'classifier_dropout': 0.2, 'learning_rate': 1e-05, 'weight_decay': 0.001}. Best is trial 2 with value: 0.9288.
[I 2026-02-18 13:48:02,752] Trial 43 finished with value: 0.921 and parameters: {'batch_size': 16, 'frozen_layers': 6, 'classifier_dropout': 0.2, 'learning_rate': 2e-05, 'weight_decay': 0.0001}. Best is trial 2 with value: 0.9288.
[I 2026-02-18 14:30:49,959] Trial 44 finished with value: 0.9202 and parameters: {'batch_size': 64, 'frozen_layers': 0, 'classifier_dropout': 0.3, 'learning_rate': 1e-05, 'weight_decay': 1e-06}. Best is trial 2 with value: 0.9288.
[I 2026-02-18 15:21:49,735] Trial 45 finished with value: 0.9216 and parameters: {'batch_size': 16, 'frozen_layers': 0, 'classifier_dropout': 0.3, 'learning_rate': 5e-05, 'weight_decay': 0.0001}. Best is trial 2 with value: 0.9288.
[I 2026-02-18 16:18:20,482] Trial 46 finished with value: 0.9122 and parameters: {'batch_size': 16, 'frozen_layers': 4, 'classifier_dropout': 0.2, 'learning_rate': 0.0001, 'weight_decay': 1e-05}. Best is trial 2 with value: 0.9288.
[I 2026-02-18 17:01:36,507] Trial 47 finished with value: 0.9222 and parameters: {'batch_size': 32, 'frozen_layers': 2, 'classifier_dropout': 0.3, 'learning_rate': 5e-05, 'weight_decay': 1e-06}. Best is trial 2 with value: 0.9288.
[I 2026-02-18 17:43:56,702] Trial 48 finished with value: 0.919 and parameters: {'batch_size': 32, 'frozen_layers': 4, 'classifier_dropout': 0.3, 'learning_rate': 0.0001, 'weight_decay': 0.0001}. Best is trial 2 with value: 0.9288.
[I 2026-02-18 18:25:54,808] Trial 49 finished with value: 0.9204 and parameters: {'batch_size': 64, 'frozen_layers': 2, 'classifier_dropout': 0.1, 'learning_rate': 1e-05, 'weight_decay': 1e-06}. Best is trial 2 with value: 0.9288.
[I 2026-02-18 19:08:17,079] Trial 50 finished with value: 0.9272 and parameters: {'batch_size': 32, 'frozen_layers': 4, 'classifier_dropout': 0.2, 'learning_rate': 3e-05, 'weight_decay': 0.0001}. Best is trial 2 with value: 0.9288.
[I 2026-02-18 19:49:50,744] Trial 51 finished with value: 0.9152 and parameters: {'batch_size': 32, 'frozen_layers': 6, 'classifier_dropout': 0.3, 'learning_rate': 0.0001, 'weight_decay': 0.0001}. Best is trial 2 with value: 0.9288.
[I 2026-02-18 20:54:47,237] Trial 52 finished with value: 0.915 and parameters: {'batch_size': 16, 'frozen_layers': 2, 'classifier_dropout': 0.2, 'learning_rate': 0.0001, 'weight_decay': 1e-05}. Best is trial 2 with value: 0.9288.
[I 2026-02-18 21:51:18,237] Trial 53 finished with value: 0.9122 and parameters: {'batch_size': 16, 'frozen_layers': 4, 'classifier_dropout': 0.1, 'learning_rate': 0.0001, 'weight_decay': 1e-05}. Best is trial 2 with value: 0.9288.
[I 2026-02-18 21:51:18,683] Trial 54 pruned. Duplicate hyper-parameters, same as those used in trial 53: {'batch_size': 16, 'frozen_layers': 4, 'classifier_dropout': 0.1, 'learning_rate': 0.0001, 'weight_decay': 1e-05}.
[I 2026-02-18 22:38:12,582] Trial 55 finished with value: 0.924 and parameters: {'batch_size': 64, 'frozen_layers': 4, 'classifier_dropout': 0.2, 'learning_rate': 1e-05, 'weight_decay': 0.0001}. Best is trial 2 with value: 0.9288.
[I 2026-02-18 23:25:42,530] Trial 56 finished with value: 0.924 and parameters: {'batch_size': 32, 'frozen_layers': 6, 'classifier_dropout': 0.1, 'learning_rate': 1e-05, 'weight_decay': 1e-05}. Best is trial 2 with value: 0.9288.
[I 2026-02-19 00:22:32,263] Trial 57 finished with value: 0.9122 and parameters: {'batch_size': 16, 'frozen_layers': 4, 'classifier_dropout': 0.3, 'learning_rate': 0.0001, 'weight_decay': 1e-06}. Best is trial 2 with value: 0.9288.
[I 2026-02-19 01:11:46,799] Trial 58 finished with value: 0.9256 and parameters: {'batch_size': 16, 'frozen_layers': 6, 'classifier_dropout': 0.4, 'learning_rate': 3e-05, 'weight_decay': 1e-06}. Best is trial 2 with value: 0.9288.
[I 2026-02-19 02:08:20,035] Trial 59 finished with value: 0.9208 and parameters: {'batch_size': 16, 'frozen_layers': 4, 'classifier_dropout': 0.2, 'learning_rate': 5e-05, 'weight_decay': 1e-06}. Best is trial 2 with value: 0.9288.
[I 2026-02-19 02:52:26,384] Trial 60 finished with value: 0.9262 and parameters: {'batch_size': 32, 'frozen_layers': 0, 'classifier_dropout': 0.1, 'learning_rate': 3e-05, 'weight_decay': 0.0001}. Best is trial 2 with value: 0.9288.
[I 2026-02-19 03:41:56,670] Trial 61 finished with value: 0.9244 and parameters: {'batch_size': 16, 'frozen_layers': 4, 'classifier_dropout': 0.3, 'learning_rate': 2e-05, 'weight_decay': 1e-06}. Best is trial 2 with value: 0.9288.
[I 2026-02-19 04:25:25,901] Trial 62 finished with value: 0.9258 and parameters: {'batch_size': 32, 'frozen_layers': 2, 'classifier_dropout': 0.4, 'learning_rate': 1e-05, 'weight_decay': 1e-05}. Best is trial 2 with value: 0.9288.
[I 2026-02-19 05:15:38,610] Trial 63 finished with value: 0.9244 and parameters: {'batch_size': 16, 'frozen_layers': 4, 'classifier_dropout': 0.4, 'learning_rate': 2e-05, 'weight_decay': 1e-05}. Best is trial 2 with value: 0.9288.
[I 2026-02-19 05:58:52,701] Trial 64 finished with value: 0.9252 and parameters: {'batch_size': 64, 'frozen_layers': 0, 'classifier_dropout': 0.2, 'learning_rate': 2e-05, 'weight_decay': 1e-05}. Best is trial 2 with value: 0.9288.
[I 2026-02-19 06:42:04,294] Trial 65 finished with value: 0.9258 and parameters: {'batch_size': 64, 'frozen_layers': 0, 'classifier_dropout': 0.1, 'learning_rate': 3e-05, 'weight_decay': 0.001}. Best is trial 2 with value: 0.9288.
[I 2026-02-19 07:29:46,057] Trial 66 finished with value: 0.924 and parameters: {'batch_size': 32, 'frozen_layers': 6, 'classifier_dropout': 0.4, 'learning_rate': 1e-05, 'weight_decay': 0.001}. Best is trial 2 with value: 0.9288.
[I 2026-02-19 08:13:22,219] Trial 67 finished with value: 0.9258 and parameters: {'batch_size': 32, 'frozen_layers': 2, 'classifier_dropout': 0.3, 'learning_rate': 1e-05, 'weight_decay': 0.0001}. Best is trial 2 with value: 0.9288.
[I 2026-02-19 08:55:37,792] Trial 68 finished with value: 0.9204 and parameters: {'batch_size': 64, 'frozen_layers': 2, 'classifier_dropout': 0.1, 'learning_rate': 1e-05, 'weight_decay': 0.0001}. Best is trial 2 with value: 0.9288.
[UPDATE] 50 completed trials using a random sampler. Switching from random to TPE sampling.
[I 2026-02-19 09:39:57,061] Trial 69 finished with value: 0.9262 and parameters: {'batch_size': 32, 'frozen_layers': 0, 'classifier_dropout': 0.4, 'learning_rate': 3e-05, 'weight_decay': 0.0001}. Best is trial 2 with value: 0.9288.
[I 2026-02-19 09:39:57,683] Trial 70 pruned. Duplicate hyper-parameters, same as those used in trial 50: {'batch_size': 32, 'frozen_layers': 4, 'classifier_dropout': 0.2, 'learning_rate': 3e-05, 'weight_decay': 0.0001}.
[I 2026-02-19 09:39:58,270] Trial 71 pruned. Duplicate hyper-parameters, same as those used in trial 60: {'batch_size': 32, 'frozen_layers': 0, 'classifier_dropout': 0.1, 'learning_rate': 3e-05, 'weight_decay': 0.0001}.
[I 2026-02-19 10:21:46,815] Trial 72 finished with value: 0.9238 and parameters: {'batch_size': 32, 'frozen_layers': 6, 'classifier_dropout': 0.4, 'learning_rate': 2e-05, 'weight_decay': 0.0001}. Best is trial 2 with value: 0.9288.
[I 2026-02-19 11:05:17,512] Trial 73 finished with value: 0.9272 and parameters: {'batch_size': 32, 'frozen_layers': 2, 'classifier_dropout': 0.1, 'learning_rate': 2e-05, 'weight_decay': 0.001}. Best is trial 2 with value: 0.9288.
[I 2026-02-19 11:05:18,022] Trial 74 pruned. Duplicate hyper-parameters, same as those used in trial 73: {'batch_size': 32, 'frozen_layers': 2, 'classifier_dropout': 0.1, 'learning_rate': 2e-05, 'weight_decay': 0.001}.
[I 2026-02-19 11:56:50,093] Trial 75 finished with value: 0.924 and parameters: {'batch_size': 16, 'frozen_layers': 0, 'classifier_dropout': 0.4, 'learning_rate': 2e-05, 'weight_decay': 0.001}. Best is trial 2 with value: 0.9288.
[I 2026-02-19 12:40:21,827] Trial 76 finished with value: 0.9222 and parameters: {'batch_size': 32, 'frozen_layers': 2, 'classifier_dropout': 0.4, 'learning_rate': 5e-05, 'weight_decay': 0.001}. Best is trial 2 with value: 0.9288.
[I 2026-02-19 13:23:53,717] Trial 77 finished with value: 0.926 and parameters: {'batch_size': 32, 'frozen_layers': 2, 'classifier_dropout': 0.2, 'learning_rate': 3e-05, 'weight_decay': 0.001}. Best is trial 2 with value: 0.9288.
[I 2026-02-19 14:08:11,568] Trial 78 finished with value: 0.9288 and parameters: {'batch_size': 32, 'frozen_layers': 0, 'classifier_dropout': 0.4, 'learning_rate': 2e-05, 'weight_decay': 1e-05}. Best is trial 2 with value: 0.9288.
[I 2026-02-19 14:52:22,861] Trial 79 finished with value: 0.9288 and parameters: {'batch_size': 32, 'frozen_layers': 0, 'classifier_dropout': 0.3, 'learning_rate': 2e-05, 'weight_decay': 1e-05}. Best is trial 2 with value: 0.9288.
[I 2026-02-19 14:52:23,394] Trial 80 pruned. Duplicate hyper-parameters, same as those used in trial 78: {'batch_size': 32, 'frozen_layers': 0, 'classifier_dropout': 0.4, 'learning_rate': 2e-05, 'weight_decay': 1e-05}.
[I 2026-02-19 14:52:23,975] Trial 81 pruned. Duplicate hyper-parameters, same as those used in trial 79: {'batch_size': 32, 'frozen_layers': 0, 'classifier_dropout': 0.3, 'learning_rate': 2e-05, 'weight_decay': 1e-05}.
[I 2026-02-19 15:35:46,391] Trial 82 finished with value: 0.9272 and parameters: {'batch_size': 32, 'frozen_layers': 2, 'classifier_dropout': 0.2, 'learning_rate': 2e-05, 'weight_decay': 0.0001}. Best is trial 2 with value: 0.9288.
[I 2026-02-19 16:19:09,809] Trial 83 finished with value: 0.9222 and parameters: {'batch_size': 32, 'frozen_layers': 2, 'classifier_dropout': 0.2, 'learning_rate': 5e-05, 'weight_decay': 0.0001}. Best is trial 2 with value: 0.9288.
[I 2026-02-19 16:19:10,316] Trial 84 pruned. Duplicate hyper-parameters, same as those used in trial 82: {'batch_size': 32, 'frozen_layers': 2, 'classifier_dropout': 0.2, 'learning_rate': 2e-05, 'weight_decay': 0.0001}.
[I 2026-02-19 17:08:20,495] Trial 85 finished with value: 0.927 and parameters: {'batch_size': 16, 'frozen_layers': 6, 'classifier_dropout': 0.3, 'learning_rate': 5e-05, 'weight_decay': 1e-06}. Best is trial 2 with value: 0.9288.
[I 2026-02-19 18:05:32,921] Trial 86 finished with value: 0.9212 and parameters: {'batch_size': 16, 'frozen_layers': 6, 'classifier_dropout': 0.4, 'learning_rate': 1e-05, 'weight_decay': 1e-05}. Best is trial 2 with value: 0.9288.
[I 2026-02-19 18:47:22,734] Trial 87 finished with value: 0.9178 and parameters: {'batch_size': 32, 'frozen_layers': 6, 'classifier_dropout': 0.2, 'learning_rate': 5e-05, 'weight_decay': 1e-06}. Best is trial 2 with value: 0.9288.
[I 2026-02-19 19:36:41,083] Trial 88 finished with value: 0.9288 and parameters: {'batch_size': 16, 'frozen_layers': 6, 'classifier_dropout': 0.2, 'learning_rate': 5e-05, 'weight_decay': 0.001}. Best is trial 2 with value: 0.9288.
[I 2026-02-19 19:36:41,822] Trial 89 pruned. Duplicate hyper-parameters, same as those used in trial 88: {'batch_size': 16, 'frozen_layers': 6, 'classifier_dropout': 0.2, 'learning_rate': 5e-05, 'weight_decay': 0.001}.
[I 2026-02-19 20:18:52,359] Trial 90 finished with value: 0.9248 and parameters: {'batch_size': 64, 'frozen_layers': 2, 'classifier_dropout': 0.4, 'learning_rate': 2e-05, 'weight_decay': 0.001}. Best is trial 2 with value: 0.9288.
[I 2026-02-19 21:03:23,524] Trial 91 finished with value: 0.9288 and parameters: {'batch_size': 32, 'frozen_layers': 0, 'classifier_dropout': 0.2, 'learning_rate': 2e-05, 'weight_decay': 0.001}. Best is trial 2 with value: 0.9288.
[I 2026-02-19 21:47:39,187] Trial 92 finished with value: 0.9288 and parameters: {'batch_size': 32, 'frozen_layers': 0, 'classifier_dropout': 0.2, 'learning_rate': 2e-05, 'weight_decay': 0.0001}. Best is trial 2 with value: 0.9288.
[I 2026-02-19 21:47:39,689] Trial 93 pruned. Duplicate hyper-parameters, same as those used in trial 91: {'batch_size': 32, 'frozen_layers': 0, 'classifier_dropout': 0.2, 'learning_rate': 2e-05, 'weight_decay': 0.001}.
[I 2026-02-19 21:47:40,194] Trial 94 pruned. Duplicate hyper-parameters, same as those used in trial 92: {'batch_size': 32, 'frozen_layers': 0, 'classifier_dropout': 0.2, 'learning_rate': 2e-05, 'weight_decay': 0.0001}.
[I 2026-02-19 22:31:57,806] Trial 95 finished with value: 0.9288 and parameters: {'batch_size': 32, 'frozen_layers': 0, 'classifier_dropout': 0.3, 'learning_rate': 2e-05, 'weight_decay': 0.001}. Best is trial 2 with value: 0.9288.
[I 2026-02-19 22:31:58,360] Trial 96 pruned. Duplicate hyper-parameters, same as those used in trial 95: {'batch_size': 32, 'frozen_layers': 0, 'classifier_dropout': 0.3, 'learning_rate': 2e-05, 'weight_decay': 0.001}.
[I 2026-02-19 23:15:27,878] Trial 97 finished with value: 0.9272 and parameters: {'batch_size': 32, 'frozen_layers': 2, 'classifier_dropout': 0.1, 'learning_rate': 2e-05, 'weight_decay': 1e-05}. Best is trial 2 with value: 0.9288.
[I 2026-02-19 23:59:37,121] Trial 98 finished with value: 0.9288 and parameters: {'batch_size': 32, 'frozen_layers': 0, 'classifier_dropout': 0.1, 'learning_rate': 2e-05, 'weight_decay': 0.001}. Best is trial 2 with value: 0.9288.
[I 2026-02-20 00:43:57,041] Trial 99 finished with value: 0.9226 and parameters: {'batch_size': 32, 'frozen_layers': 0, 'classifier_dropout': 0.1, 'learning_rate': 0.0001, 'weight_decay': 0.001}. Best is trial 2 with value: 0.9288.
[I 2026-02-20 00:43:57,551] Trial 100 pruned. Duplicate hyper-parameters, same as those used in trial 98: {'batch_size': 32, 'frozen_layers': 0, 'classifier_dropout': 0.1, 'learning_rate': 2e-05, 'weight_decay': 0.001}.
[I 2026-02-20 01:28:14,324] Trial 101 finished with value: 0.9226 and parameters: {'batch_size': 32, 'frozen_layers': 0, 'classifier_dropout': 0.2, 'learning_rate': 1e-05, 'weight_decay': 1e-06}. Best is trial 2 with value: 0.9288.
[I 2026-02-20 02:12:21,016] Trial 102 finished with value: 0.9288 and parameters: {'batch_size': 32, 'frozen_layers': 0, 'classifier_dropout': 0.4, 'learning_rate': 2e-05, 'weight_decay': 1e-06}. Best is trial 2 with value: 0.9288.
[I 2026-02-20 02:12:21,624] Trial 103 pruned. Duplicate hyper-parameters, same as those used in trial 102: {'batch_size': 32, 'frozen_layers': 0, 'classifier_dropout': 0.4, 'learning_rate': 2e-05, 'weight_decay': 1e-06}.
[I 2026-02-20 03:02:52,555] Trial 104 finished with value: 0.924 and parameters: {'batch_size': 16, 'frozen_layers': 0, 'classifier_dropout': 0.2, 'learning_rate': 2e-05, 'weight_decay': 1e-06}. Best is trial 2 with value: 0.9288.
[I 2026-02-20 03:44:24,471] Trial 105 finished with value: 0.9238 and parameters: {'batch_size': 32, 'frozen_layers': 6, 'classifier_dropout': 0.2, 'learning_rate': 2e-05, 'weight_decay': 1e-05}. Best is trial 2 with value: 0.9288.
[I 2026-02-20 04:26:07,636] Trial 106 finished with value: 0.9238 and parameters: {'batch_size': 32, 'frozen_layers': 6, 'classifier_dropout': 0.3, 'learning_rate': 2e-05, 'weight_decay': 0.001}. Best is trial 2 with value: 0.9288.
[I 2026-02-20 05:10:18,843] Trial 107 finished with value: 0.92 and parameters: {'batch_size': 32, 'frozen_layers': 0, 'classifier_dropout': 0.4, 'learning_rate': 0.0001, 'weight_decay': 1e-05}. Best is trial 2 with value: 0.9288.
[I 2026-02-20 05:52:49,267] Trial 108 finished with value: 0.9272 and parameters: {'batch_size': 32, 'frozen_layers': 4, 'classifier_dropout': 0.2, 'learning_rate': 3e-05, 'weight_decay': 1e-05}. Best is trial 2 with value: 0.9288.
[I 2026-02-20 06:35:40,088] Trial 109 finished with value: 0.9252 and parameters: {'batch_size': 64, 'frozen_layers': 0, 'classifier_dropout': 0.3, 'learning_rate': 2e-05, 'weight_decay': 0.001}. Best is trial 2 with value: 0.9288.
[I 2026-02-20 07:18:03,501] Trial 110 finished with value: 0.9258 and parameters: {'batch_size': 32, 'frozen_layers': 4, 'classifier_dropout': 0.1, 'learning_rate': 2e-05, 'weight_decay': 0.0001}. Best is trial 2 with value: 0.9288.
