SLURM NODE: kn066
[I 2026-03-10 07:33:30,020] Using an existing study with name 'Ohsumed-Chefer_importance' instead of creating a new one.
[UPDATE] 50 completed trials using a random sampler. Switching from random to TPE sampling.
Last trial state: 0
Enqueuing hyper-parameters: {'batch_size': 64, 'edge_threshold': 0.95, 'node_threshold': 0.7, 'attention_heads': 2, 'hidden_dimension': 32, 'number_of_hidden_layers': 2, 'dropout_rate': 0.3, 'learning_rate': 0.0001, 'weight_decay': 0.0001}
[I 2026-03-10 09:58:59,907] Trial 136 finished with value: 0.6184400088059221 and parameters: {'batch_size': 64, 'edge_threshold': 0.95, 'node_threshold': 0.7, 'attention_heads': 2, 'hidden_dimension': 32, 'number_of_hidden_layers': 2, 'dropout_rate': 0.3, 'learning_rate': 0.0001, 'weight_decay': 0.0001}. Best is trial 23 with value: 0.6446092845889669.
[I 2026-03-10 12:41:38,591] Trial 137 finished with value: 0.6338649355511017 and parameters: {'batch_size': 64, 'edge_threshold': 0.7, 'node_threshold': 0.8, 'attention_heads': 6, 'hidden_dimension': 128, 'number_of_hidden_layers': 1, 'dropout_rate': 0.2, 'learning_rate': 0.0003, 'weight_decay': 1e-06}. Best is trial 23 with value: 0.6446092845889669.
[I 2026-03-10 12:41:39,501] Trial 138 pruned. Duplicate hyper-parameters, same as those used in trial 137: {'batch_size': 64, 'edge_threshold': 0.7, 'node_threshold': 0.8, 'attention_heads': 6, 'hidden_dimension': 128, 'number_of_hidden_layers': 1, 'dropout_rate': 0.2, 'learning_rate': 0.0003, 'weight_decay': 1e-06}.
[I 2026-03-10 14:56:23,672] Trial 139 finished with value: 0.6440244261302172 and parameters: {'batch_size': 32, 'edge_threshold': 0.5, 'node_threshold': 0.9, 'attention_heads': 6, 'hidden_dimension': 32, 'number_of_hidden_layers': 2, 'dropout_rate': 0.4, 'learning_rate': 0.0001, 'weight_decay': 1e-06}. Best is trial 23 with value: 0.6446092845889669.
[I 2026-03-10 14:56:24,528] Trial 140 pruned. Duplicate hyper-parameters, same as those used in trial 139: {'batch_size': 32, 'edge_threshold': 0.5, 'node_threshold': 0.9, 'attention_heads': 6, 'hidden_dimension': 32, 'number_of_hidden_layers': 2, 'dropout_rate': 0.4, 'learning_rate': 0.0001, 'weight_decay': 1e-06}.
[I 2026-03-10 17:03:34,214] Trial 141 finished with value: 0.6128118919661416 and parameters: {'batch_size': 64, 'edge_threshold': 0.95, 'node_threshold': 0.8, 'attention_heads': 6, 'hidden_dimension': 128, 'number_of_hidden_layers': 2, 'dropout_rate': 0.2, 'learning_rate': 0.0003, 'weight_decay': 1e-06}. Best is trial 23 with value: 0.6446092845889669.
[I 2026-03-10 19:39:35,612] Trial 142 finished with value: 0.6163278900095416 and parameters: {'batch_size': 32, 'edge_threshold': 0.7, 'node_threshold': 0.8, 'attention_heads': 1, 'hidden_dimension': 128, 'number_of_hidden_layers': 2, 'dropout_rate': 0.2, 'learning_rate': 0.0003, 'weight_decay': 1e-06}. Best is trial 23 with value: 0.6446092845889669.
[I 2026-03-10 21:57:48,975] Trial 143 finished with value: 0.6307007913152528 and parameters: {'batch_size': 64, 'edge_threshold': 0.8, 'node_threshold': 0.8, 'attention_heads': 1, 'hidden_dimension': 128, 'number_of_hidden_layers': 2, 'dropout_rate': 0.1, 'learning_rate': 0.0003, 'weight_decay': 1e-06}. Best is trial 23 with value: 0.6446092845889669.
[I 2026-03-11 00:07:56,925] Trial 144 finished with value: 0.6115625077983452 and parameters: {'batch_size': 64, 'edge_threshold': 0.9, 'node_threshold': 0.8, 'attention_heads': 2, 'hidden_dimension': 128, 'number_of_hidden_layers': 2, 'dropout_rate': 0.1, 'learning_rate': 0.0003, 'weight_decay': 1e-06}. Best is trial 23 with value: 0.6446092845889669.
[I 2026-03-11 02:36:49,985] Trial 145 finished with value: 0.6144975154544485 and parameters: {'batch_size': 64, 'edge_threshold': 0.7, 'node_threshold': 0.8, 'attention_heads': 1, 'hidden_dimension': 128, 'number_of_hidden_layers': 2, 'dropout_rate': 0.2, 'learning_rate': 0.001, 'weight_decay': 1e-06}. Best is trial 23 with value: 0.6446092845889669.
[I 2026-03-11 05:09:49,183] Trial 146 finished with value: 0.6087681786325306 and parameters: {'batch_size': 64, 'edge_threshold': 0.7, 'node_threshold': 0.8, 'attention_heads': 1, 'hidden_dimension': 128, 'number_of_hidden_layers': 2, 'dropout_rate': 0.3, 'learning_rate': 0.0003, 'weight_decay': 1e-06}. Best is trial 23 with value: 0.6446092845889669.
[I 2026-03-11 07:20:08,182] Trial 147 finished with value: 0.6101452871878748 and parameters: {'batch_size': 128, 'edge_threshold': 0.9, 'node_threshold': 0.8, 'attention_heads': 6, 'hidden_dimension': 128, 'number_of_hidden_layers': 1, 'dropout_rate': 0.1, 'learning_rate': 0.0003, 'weight_decay': 1e-06}. Best is trial 23 with value: 0.6446092845889669.
[I 2026-03-11 11:26:47,247] Trial 148 finished with value: 0.6208155996323118 and parameters: {'batch_size': 64, 'edge_threshold': 0.9, 'node_threshold': 0.5, 'attention_heads': 6, 'hidden_dimension': 128, 'number_of_hidden_layers': 2, 'dropout_rate': 0.1, 'learning_rate': 0.0003, 'weight_decay': 1e-06}. Best is trial 23 with value: 0.6446092845889669.
[I 2026-03-11 14:14:25,583] Trial 149 finished with value: 0.014987720504458039 and parameters: {'batch_size': 64, 'edge_threshold': 0.8, 'node_threshold': 0.8, 'attention_heads': 1, 'hidden_dimension': 128, 'number_of_hidden_layers': 0, 'dropout_rate': 0.1, 'learning_rate': 0.0003, 'weight_decay': 1e-06}. Best is trial 23 with value: 0.6446092845889669.
[I 2026-03-11 16:19:40,713] Trial 150 finished with value: 0.6424065382184956 and parameters: {'batch_size': 32, 'edge_threshold': 0.8, 'node_threshold': 0.9, 'attention_heads': 6, 'hidden_dimension': 32, 'number_of_hidden_layers': 2, 'dropout_rate': 0.3, 'learning_rate': 0.0001, 'weight_decay': 0.0001}. Best is trial 23 with value: 0.6446092845889669.
[I 2026-03-11 18:51:25,697] Trial 151 finished with value: 0.6184264270162636 and parameters: {'batch_size': 64, 'edge_threshold': 0.7, 'node_threshold': 0.8, 'attention_heads': 2, 'hidden_dimension': 128, 'number_of_hidden_layers': 2, 'dropout_rate': 0.2, 'learning_rate': 0.0003, 'weight_decay': 1e-06}. Best is trial 23 with value: 0.6446092845889669.
[I 2026-03-11 20:50:50,814] Trial 152 finished with value: 0.6196826588890199 and parameters: {'batch_size': 32, 'edge_threshold': 0.9, 'node_threshold': 0.9, 'attention_heads': 6, 'hidden_dimension': 32, 'number_of_hidden_layers': 2, 'dropout_rate': 0.3, 'learning_rate': 0.0001, 'weight_decay': 0.0001}. Best is trial 23 with value: 0.6446092845889669.
[I 2026-03-11 23:08:58,468] Trial 153 finished with value: 0.6311259104840289 and parameters: {'batch_size': 64, 'edge_threshold': 0.8, 'node_threshold': 0.8, 'attention_heads': 1, 'hidden_dimension': 128, 'number_of_hidden_layers': 2, 'dropout_rate': 0.2, 'learning_rate': 0.0003, 'weight_decay': 1e-06}. Best is trial 23 with value: 0.6446092845889669.
[I 2026-03-11 23:08:59,397] Trial 154 pruned. Duplicate hyper-parameters, same as those used in trial 153: {'batch_size': 64, 'edge_threshold': 0.8, 'node_threshold': 0.8, 'attention_heads': 1, 'hidden_dimension': 128, 'number_of_hidden_layers': 2, 'dropout_rate': 0.2, 'learning_rate': 0.0003, 'weight_decay': 1e-06}.
[I 2026-03-12 01:30:35,644] Trial 155 finished with value: 0.6206226932034626 and parameters: {'batch_size': 32, 'edge_threshold': 0.9, 'node_threshold': 0.8, 'attention_heads': 6, 'hidden_dimension': 128, 'number_of_hidden_layers': 2, 'dropout_rate': 0.4, 'learning_rate': 0.0003, 'weight_decay': 1e-06}. Best is trial 23 with value: 0.6446092845889669.
[I 2026-03-12 04:41:19,009] Trial 156 finished with value: 0.6127976056800486 and parameters: {'batch_size': 32, 'edge_threshold': 0.8, 'node_threshold': 0.7, 'attention_heads': 6, 'hidden_dimension': 64, 'number_of_hidden_layers': 2, 'dropout_rate': 0.3, 'learning_rate': 0.0001, 'weight_decay': 0.0001}. Best is trial 23 with value: 0.6446092845889669.
[I 2026-03-12 07:17:34,234] Trial 157 finished with value: 0.6393109852585855 and parameters: {'batch_size': 64, 'edge_threshold': 0.8, 'node_threshold': 0.8, 'attention_heads': 8, 'hidden_dimension': 128, 'number_of_hidden_layers': 2, 'dropout_rate': 0.1, 'learning_rate': 0.0003, 'weight_decay': 1e-06}. Best is trial 23 with value: 0.6446092845889669.
[I 2026-03-12 09:59:27,207] Trial 158 finished with value: 0.6339498111042574 and parameters: {'batch_size': 64, 'edge_threshold': 0.8, 'node_threshold': 0.8, 'attention_heads': 8, 'hidden_dimension': 128, 'number_of_hidden_layers': 2, 'dropout_rate': 0.1, 'learning_rate': 0.001, 'weight_decay': 1e-06}. Best is trial 23 with value: 0.6446092845889669.
[I 2026-03-12 09:59:28,186] Trial 159 pruned. Duplicate hyper-parameters, same as those used in trial 158: {'batch_size': 64, 'edge_threshold': 0.8, 'node_threshold': 0.8, 'attention_heads': 8, 'hidden_dimension': 128, 'number_of_hidden_layers': 2, 'dropout_rate': 0.1, 'learning_rate': 0.001, 'weight_decay': 1e-06}.
[I 2026-03-12 12:46:11,671] Trial 160 finished with value: 0.6068400113771053 and parameters: {'batch_size': 32, 'edge_threshold': 0.8, 'node_threshold': 0.8, 'attention_heads': 8, 'hidden_dimension': 128, 'number_of_hidden_layers': 2, 'dropout_rate': 0.1, 'learning_rate': 0.0003, 'weight_decay': 1e-06}. Best is trial 23 with value: 0.6446092845889669.
[I 2026-03-12 15:13:24,224] Trial 161 finished with value: 0.607325641546843 and parameters: {'batch_size': 32, 'edge_threshold': 0.8, 'node_threshold': 0.9, 'attention_heads': 1, 'hidden_dimension': 32, 'number_of_hidden_layers': 2, 'dropout_rate': 0.3, 'learning_rate': 0.0001, 'weight_decay': 1e-05}. Best is trial 23 with value: 0.6446092845889669.
[I 2026-03-12 19:02:24,476] Trial 162 finished with value: 0.6075204545744702 and parameters: {'batch_size': 64, 'edge_threshold': 0.8, 'node_threshold': 0.6, 'attention_heads': 8, 'hidden_dimension': 32, 'number_of_hidden_layers': 2, 'dropout_rate': 0.1, 'learning_rate': 0.0003, 'weight_decay': 1e-06}. Best is trial 23 with value: 0.6446092845889669.
[I 2026-03-12 21:22:17,045] Trial 163 finished with value: 0.6321997186453822 and parameters: {'batch_size': 64, 'edge_threshold': 0.8, 'node_threshold': 0.8, 'attention_heads': 1, 'hidden_dimension': 128, 'number_of_hidden_layers': 2, 'dropout_rate': 0.1, 'learning_rate': 0.0003, 'weight_decay': 0.001}. Best is trial 23 with value: 0.6446092845889669.
[I 2026-03-13 00:03:48,869] Trial 164 finished with value: 0.6204707783292855 and parameters: {'batch_size': 64, 'edge_threshold': 0.6, 'node_threshold': 0.8, 'attention_heads': 4, 'hidden_dimension': 32, 'number_of_hidden_layers': 2, 'dropout_rate': 0.1, 'learning_rate': 0.0003, 'weight_decay': 1e-06}. Best is trial 23 with value: 0.6446092845889669.
[I 2026-03-13 00:03:49,900] Trial 165 pruned. Duplicate hyper-parameters, same as those used in trial 163: {'batch_size': 64, 'edge_threshold': 0.8, 'node_threshold': 0.8, 'attention_heads': 1, 'hidden_dimension': 128, 'number_of_hidden_layers': 2, 'dropout_rate': 0.1, 'learning_rate': 0.0003, 'weight_decay': 0.001}.
[I 2026-03-13 02:57:23,295] Trial 166 finished with value: 0.629971376743084 and parameters: {'batch_size': 64, 'edge_threshold': 0.8, 'node_threshold': 0.7, 'attention_heads': 1, 'hidden_dimension': 128, 'number_of_hidden_layers': 2, 'dropout_rate': 0.1, 'learning_rate': 0.001, 'weight_decay': 0.0001}. Best is trial 23 with value: 0.6446092845889669.
[I 2026-03-13 05:28:37,593] Trial 167 finished with value: 0.6360059977831171 and parameters: {'batch_size': 64, 'edge_threshold': 0.8, 'node_threshold': 0.8, 'attention_heads': 6, 'hidden_dimension': 128, 'number_of_hidden_layers': 2, 'dropout_rate': 0.1, 'learning_rate': 0.0003, 'weight_decay': 1e-06}. Best is trial 23 with value: 0.6446092845889669.
slurmstepd: error: *** JOB 2358780 ON kn066 CANCELLED AT 2026-03-13T07:33:16 DUE TO TIME LIMIT ***
