SLURM NODE: kn070
[I 2026-03-04 06:18:07,707] Using an existing study with name 'R8-Chefer_importance' instead of creating a new one.
Last trial state: 0
Enqueuing hyper-parameters: {'batch_size': 32, 'edge_threshold': 0.9, 'node_threshold': 0.7, 'attention_heads': 2, 'hidden_dimension': 32, 'number_of_hidden_layers': 2, 'dropout_rate': 0.4, 'learning_rate': 1e-05, 'weight_decay': 1e-06}
[I 2026-03-04 10:26:25,391] Trial 28 finished with value: 0.8543626744553976 and parameters: {'batch_size': 32, 'edge_threshold': 0.9, 'node_threshold': 0.7, 'attention_heads': 2, 'hidden_dimension': 32, 'number_of_hidden_layers': 2, 'dropout_rate': 0.4, 'learning_rate': 1e-05, 'weight_decay': 1e-06}. Best is trial 22 with value: 0.9547308288471762.
[I 2026-03-04 10:26:26,181] Trial 29 pruned. Duplicate hyper-parameters, same as those used in trial 0: {'batch_size': 32, 'edge_threshold': 0.8, 'node_threshold': 0.6, 'attention_heads': 8, 'hidden_dimension': 128, 'number_of_hidden_layers': 1, 'dropout_rate': 0.4, 'learning_rate': 0.001, 'weight_decay': 1e-06}.
[I 2026-03-04 10:26:26,923] Trial 30 pruned. Duplicate hyper-parameters, same as those used in trial 1: {'batch_size': 64, 'edge_threshold': 0.5, 'node_threshold': 0.6, 'attention_heads': 1, 'hidden_dimension': 128, 'number_of_hidden_layers': 2, 'dropout_rate': 0.4, 'learning_rate': 0.001, 'weight_decay': 0.0001}.
[I 2026-03-04 10:26:27,714] Trial 31 pruned. Duplicate hyper-parameters, same as those used in trial 2: {'batch_size': 64, 'edge_threshold': 0.9, 'node_threshold': 0.5, 'attention_heads': 1, 'hidden_dimension': 128, 'number_of_hidden_layers': 2, 'dropout_rate': 0.3, 'learning_rate': 0.001, 'weight_decay': 0.0001}.
[I 2026-03-04 10:26:28,420] Trial 32 pruned. Duplicate hyper-parameters, same as those used in trial 3: {'batch_size': 32, 'edge_threshold': 0.5, 'node_threshold': 0.5, 'attention_heads': 2, 'hidden_dimension': 64, 'number_of_hidden_layers': 1, 'dropout_rate': 0.3, 'learning_rate': 0.0003, 'weight_decay': 0.0001}.
[I 2026-03-04 10:26:29,142] Trial 33 pruned. Duplicate hyper-parameters, same as those used in trial 4: {'batch_size': 32, 'edge_threshold': 0.95, 'node_threshold': 0.9, 'attention_heads': 8, 'hidden_dimension': 64, 'number_of_hidden_layers': 2, 'dropout_rate': 0.1, 'learning_rate': 1e-05, 'weight_decay': 1e-05}.
[I 2026-03-04 10:26:29,913] Trial 34 pruned. Duplicate hyper-parameters, same as those used in trial 5: {'batch_size': 64, 'edge_threshold': 0.9, 'node_threshold': 0.7, 'attention_heads': 6, 'hidden_dimension': 64, 'number_of_hidden_layers': 0, 'dropout_rate': 0.2, 'learning_rate': 1e-05, 'weight_decay': 1e-06}.
[I 2026-03-04 10:26:30,664] Trial 35 pruned. Duplicate hyper-parameters, same as those used in trial 6: {'batch_size': 32, 'edge_threshold': 0.8, 'node_threshold': 0.8, 'attention_heads': 4, 'hidden_dimension': 64, 'number_of_hidden_layers': 2, 'dropout_rate': 0.1, 'learning_rate': 1e-05, 'weight_decay': 0.001}.
[I 2026-03-04 10:26:31,454] Trial 36 pruned. Duplicate hyper-parameters, same as those used in trial 7: {'batch_size': 16, 'edge_threshold': 0.8, 'node_threshold': 0.6, 'attention_heads': 6, 'hidden_dimension': 128, 'number_of_hidden_layers': 1, 'dropout_rate': 0.4, 'learning_rate': 0.0001, 'weight_decay': 1e-06}.
[I 2026-03-04 10:26:32,283] Trial 37 pruned. Duplicate hyper-parameters, same as those used in trial 8: {'batch_size': 32, 'edge_threshold': 0.95, 'node_threshold': 0.7, 'attention_heads': 6, 'hidden_dimension': 32, 'number_of_hidden_layers': 0, 'dropout_rate': 0.2, 'learning_rate': 0.001, 'weight_decay': 0.0001}.
[I 2026-03-04 10:26:33,106] Trial 38 pruned. Duplicate hyper-parameters, same as those used in trial 9: {'batch_size': 16, 'edge_threshold': 0.8, 'node_threshold': 0.95, 'attention_heads': 1, 'hidden_dimension': 64, 'number_of_hidden_layers': 1, 'dropout_rate': 0.1, 'learning_rate': 0.0001, 'weight_decay': 0.001}.
[I 2026-03-04 10:26:33,884] Trial 39 pruned. Duplicate hyper-parameters, same as those used in trial 10: {'batch_size': 16, 'edge_threshold': 0.6, 'node_threshold': 0.6, 'attention_heads': 4, 'hidden_dimension': 64, 'number_of_hidden_layers': 0, 'dropout_rate': 0.4, 'learning_rate': 1e-05, 'weight_decay': 0.0001}.
[I 2026-03-04 10:26:34,657] Trial 40 pruned. Duplicate hyper-parameters, same as those used in trial 11: {'batch_size': 64, 'edge_threshold': 0.9, 'node_threshold': 0.7, 'attention_heads': 2, 'hidden_dimension': 32, 'number_of_hidden_layers': 0, 'dropout_rate': 0.2, 'learning_rate': 0.0003, 'weight_decay': 1e-06}.
[I 2026-03-04 10:26:35,452] Trial 41 pruned. Duplicate hyper-parameters, same as those used in trial 12: {'batch_size': 128, 'edge_threshold': 0.8, 'node_threshold': 0.5, 'attention_heads': 8, 'hidden_dimension': 32, 'number_of_hidden_layers': 2, 'dropout_rate': 0.4, 'learning_rate': 1e-05, 'weight_decay': 0.001}.
[I 2026-03-04 10:26:36,224] Trial 42 pruned. Duplicate hyper-parameters, same as those used in trial 13: {'batch_size': 32, 'edge_threshold': 0.6, 'node_threshold': 0.6, 'attention_heads': 1, 'hidden_dimension': 64, 'number_of_hidden_layers': 0, 'dropout_rate': 0.2, 'learning_rate': 0.0003, 'weight_decay': 1e-05}.
[I 2026-03-04 10:26:36,975] Trial 43 pruned. Duplicate hyper-parameters, same as those used in trial 14: {'batch_size': 128, 'edge_threshold': 0.9, 'node_threshold': 0.7, 'attention_heads': 6, 'hidden_dimension': 64, 'number_of_hidden_layers': 1, 'dropout_rate': 0.3, 'learning_rate': 1e-05, 'weight_decay': 1e-06}.
[I 2026-03-04 10:26:37,735] Trial 44 pruned. Duplicate hyper-parameters, same as those used in trial 15: {'batch_size': 16, 'edge_threshold': 0.95, 'node_threshold': 0.6, 'attention_heads': 8, 'hidden_dimension': 128, 'number_of_hidden_layers': 2, 'dropout_rate': 0.4, 'learning_rate': 0.0003, 'weight_decay': 0.001}.
[I 2026-03-04 10:26:38,533] Trial 45 pruned. Duplicate hyper-parameters, same as those used in trial 16: {'batch_size': 128, 'edge_threshold': 0.8, 'node_threshold': 0.7, 'attention_heads': 6, 'hidden_dimension': 32, 'number_of_hidden_layers': 0, 'dropout_rate': 0.3, 'learning_rate': 0.001, 'weight_decay': 0.0001}.
[I 2026-03-04 10:26:39,321] Trial 46 pruned. Duplicate hyper-parameters, same as those used in trial 17: {'batch_size': 128, 'edge_threshold': 0.9, 'node_threshold': 0.7, 'attention_heads': 1, 'hidden_dimension': 32, 'number_of_hidden_layers': 1, 'dropout_rate': 0.3, 'learning_rate': 0.0001, 'weight_decay': 0.0001}.
[I 2026-03-04 10:26:40,089] Trial 47 pruned. Duplicate hyper-parameters, same as those used in trial 18: {'batch_size': 128, 'edge_threshold': 0.6, 'node_threshold': 0.95, 'attention_heads': 4, 'hidden_dimension': 128, 'number_of_hidden_layers': 1, 'dropout_rate': 0.3, 'learning_rate': 0.0003, 'weight_decay': 1e-06}.
[I 2026-03-04 10:26:40,873] Trial 48 pruned. Duplicate hyper-parameters, same as those used in trial 19: {'batch_size': 32, 'edge_threshold': 0.8, 'node_threshold': 0.5, 'attention_heads': 2, 'hidden_dimension': 64, 'number_of_hidden_layers': 2, 'dropout_rate': 0.4, 'learning_rate': 0.0003, 'weight_decay': 1e-05}.
[I 2026-03-04 10:26:41,673] Trial 49 pruned. Duplicate hyper-parameters, same as those used in trial 20: {'batch_size': 16, 'edge_threshold': 0.95, 'node_threshold': 0.95, 'attention_heads': 1, 'hidden_dimension': 128, 'number_of_hidden_layers': 2, 'dropout_rate': 0.4, 'learning_rate': 0.0003, 'weight_decay': 1e-05}.
[I 2026-03-04 10:26:42,507] Trial 50 pruned. Duplicate hyper-parameters, same as those used in trial 21: {'batch_size': 32, 'edge_threshold': 0.7, 'node_threshold': 0.95, 'attention_heads': 2, 'hidden_dimension': 64, 'number_of_hidden_layers': 0, 'dropout_rate': 0.2, 'learning_rate': 0.001, 'weight_decay': 0.001}.
[I 2026-03-04 10:26:43,298] Trial 51 pruned. Duplicate hyper-parameters, same as those used in trial 22: {'batch_size': 64, 'edge_threshold': 0.8, 'node_threshold': 0.6, 'attention_heads': 4, 'hidden_dimension': 128, 'number_of_hidden_layers': 2, 'dropout_rate': 0.2, 'learning_rate': 0.0003, 'weight_decay': 1e-05}.
[I 2026-03-04 10:26:44,062] Trial 52 pruned. Duplicate hyper-parameters, same as those used in trial 23: {'batch_size': 16, 'edge_threshold': 0.9, 'node_threshold': 0.95, 'attention_heads': 8, 'hidden_dimension': 128, 'number_of_hidden_layers': 1, 'dropout_rate': 0.4, 'learning_rate': 0.001, 'weight_decay': 1e-06}.
[I 2026-03-04 10:26:44,895] Trial 53 pruned. Duplicate hyper-parameters, same as those used in trial 24: {'batch_size': 32, 'edge_threshold': 0.8, 'node_threshold': 0.6, 'attention_heads': 2, 'hidden_dimension': 128, 'number_of_hidden_layers': 1, 'dropout_rate': 0.4, 'learning_rate': 0.001, 'weight_decay': 1e-06}.
[I 2026-03-04 10:26:45,671] Trial 54 pruned. Duplicate hyper-parameters, same as those used in trial 25: {'batch_size': 32, 'edge_threshold': 0.7, 'node_threshold': 0.9, 'attention_heads': 1, 'hidden_dimension': 128, 'number_of_hidden_layers': 2, 'dropout_rate': 0.1, 'learning_rate': 0.0001, 'weight_decay': 1e-05}.
[I 2026-03-04 10:26:46,494] Trial 55 pruned. Duplicate hyper-parameters, same as those used in trial 26: {'batch_size': 32, 'edge_threshold': 0.95, 'node_threshold': 0.5, 'attention_heads': 2, 'hidden_dimension': 128, 'number_of_hidden_layers': 2, 'dropout_rate': 0.4, 'learning_rate': 0.001, 'weight_decay': 0.001}.
[I 2026-03-04 10:26:47,291] Trial 56 pruned. Duplicate hyper-parameters, same as those used in trial 28: {'batch_size': 32, 'edge_threshold': 0.9, 'node_threshold': 0.7, 'attention_heads': 2, 'hidden_dimension': 32, 'number_of_hidden_layers': 2, 'dropout_rate': 0.4, 'learning_rate': 1e-05, 'weight_decay': 1e-06}.
[I 2026-03-04 12:48:48,864] Trial 57 finished with value: 0.9392001992655497 and parameters: {'batch_size': 16, 'edge_threshold': 0.95, 'node_threshold': 0.7, 'attention_heads': 4, 'hidden_dimension': 64, 'number_of_hidden_layers': 1, 'dropout_rate': 0.3, 'learning_rate': 1e-05, 'weight_decay': 0.001}. Best is trial 22 with value: 0.9547308288471762.
[I 2026-03-04 14:08:57,566] Trial 58 finished with value: 0.9567353655642363 and parameters: {'batch_size': 128, 'edge_threshold': 0.6, 'node_threshold': 0.9, 'attention_heads': 4, 'hidden_dimension': 32, 'number_of_hidden_layers': 2, 'dropout_rate': 0.1, 'learning_rate': 0.001, 'weight_decay': 1e-06}. Best is trial 58 with value: 0.9567353655642363.
[I 2026-03-04 18:01:46,546] Trial 59 finished with value: 0.9588939784483499 and parameters: {'batch_size': 32, 'edge_threshold': 0.7, 'node_threshold': 0.5, 'attention_heads': 6, 'hidden_dimension': 128, 'number_of_hidden_layers': 2, 'dropout_rate': 0.1, 'learning_rate': 0.001, 'weight_decay': 1e-06}. Best is trial 59 with value: 0.9588939784483499.
[I 2026-03-04 22:01:58,989] Trial 60 finished with value: 0.9467537131136965 and parameters: {'batch_size': 16, 'edge_threshold': 0.5, 'node_threshold': 0.6, 'attention_heads': 6, 'hidden_dimension': 32, 'number_of_hidden_layers': 1, 'dropout_rate': 0.3, 'learning_rate': 1e-05, 'weight_decay': 1e-06}. Best is trial 59 with value: 0.9588939784483499.
[I 2026-03-05 01:18:19,261] Trial 61 finished with value: 0.14033265186337104 and parameters: {'batch_size': 16, 'edge_threshold': 0.7, 'node_threshold': 0.8, 'attention_heads': 8, 'hidden_dimension': 128, 'number_of_hidden_layers': 0, 'dropout_rate': 0.3, 'learning_rate': 0.0003, 'weight_decay': 0.0001}. Best is trial 59 with value: 0.9588939784483499.
[I 2026-03-05 02:48:28,671] Trial 62 finished with value: 0.05088387318798199 and parameters: {'batch_size': 128, 'edge_threshold': 0.8, 'node_threshold': 0.9, 'attention_heads': 4, 'hidden_dimension': 64, 'number_of_hidden_layers': 0, 'dropout_rate': 0.4, 'learning_rate': 0.0003, 'weight_decay': 0.0001}. Best is trial 59 with value: 0.9588939784483499.
[I 2026-03-05 04:54:38,125] Trial 63 finished with value: 0.08952319027374468 and parameters: {'batch_size': 32, 'edge_threshold': 0.8, 'node_threshold': 0.6, 'attention_heads': 1, 'hidden_dimension': 64, 'number_of_hidden_layers': 0, 'dropout_rate': 0.4, 'learning_rate': 0.001, 'weight_decay': 0.001}. Best is trial 59 with value: 0.9588939784483499.
[I 2026-03-05 07:56:31,487] Trial 64 finished with value: 0.08304094995599082 and parameters: {'batch_size': 64, 'edge_threshold': 0.6, 'node_threshold': 0.5, 'attention_heads': 2, 'hidden_dimension': 128, 'number_of_hidden_layers': 0, 'dropout_rate': 0.4, 'learning_rate': 0.001, 'weight_decay': 0.001}. Best is trial 59 with value: 0.9588939784483499.
[I 2026-03-05 10:17:19,167] Trial 65 finished with value: 0.9456903675381605 and parameters: {'batch_size': 64, 'edge_threshold': 0.6, 'node_threshold': 0.6, 'attention_heads': 8, 'hidden_dimension': 32, 'number_of_hidden_layers': 1, 'dropout_rate': 0.3, 'learning_rate': 0.0003, 'weight_decay': 1e-05}. Best is trial 59 with value: 0.9588939784483499.
[I 2026-03-05 12:27:20,099] Trial 66 finished with value: 0.9438748955452714 and parameters: {'batch_size': 32, 'edge_threshold': 0.6, 'node_threshold': 0.7, 'attention_heads': 1, 'hidden_dimension': 32, 'number_of_hidden_layers': 1, 'dropout_rate': 0.3, 'learning_rate': 0.0003, 'weight_decay': 0.0001}. Best is trial 59 with value: 0.9588939784483499.
[I 2026-03-05 14:42:04,726] Trial 67 finished with value: 0.9424951087767744 and parameters: {'batch_size': 16, 'edge_threshold': 0.6, 'node_threshold': 0.8, 'attention_heads': 2, 'hidden_dimension': 128, 'number_of_hidden_layers': 2, 'dropout_rate': 0.4, 'learning_rate': 0.001, 'weight_decay': 0.0001}. Best is trial 59 with value: 0.9588939784483499.
[I 2026-03-05 17:26:09,948] Trial 68 finished with value: 0.9479299981528823 and parameters: {'batch_size': 16, 'edge_threshold': 0.8, 'node_threshold': 0.6, 'attention_heads': 6, 'hidden_dimension': 128, 'number_of_hidden_layers': 1, 'dropout_rate': 0.3, 'learning_rate': 0.0001, 'weight_decay': 0.001}. Best is trial 59 with value: 0.9588939784483499.
[I 2026-03-05 19:33:52,379] Trial 69 finished with value: 0.06485869653356903 and parameters: {'batch_size': 64, 'edge_threshold': 0.5, 'node_threshold': 0.8, 'attention_heads': 2, 'hidden_dimension': 64, 'number_of_hidden_layers': 0, 'dropout_rate': 0.3, 'learning_rate': 1e-05, 'weight_decay': 1e-06}. Best is trial 59 with value: 0.9588939784483499.
[I 2026-03-05 21:47:19,902] Trial 70 finished with value: 0.13815745521026968 and parameters: {'batch_size': 16, 'edge_threshold': 0.9, 'node_threshold': 0.6, 'attention_heads': 2, 'hidden_dimension': 128, 'number_of_hidden_layers': 0, 'dropout_rate': 0.2, 'learning_rate': 0.001, 'weight_decay': 1e-06}. Best is trial 59 with value: 0.9588939784483499.
[I 2026-03-06 00:04:39,215] Trial 71 finished with value: 0.9302859209202146 and parameters: {'batch_size': 16, 'edge_threshold': 0.95, 'node_threshold': 0.5, 'attention_heads': 2, 'hidden_dimension': 64, 'number_of_hidden_layers': 2, 'dropout_rate': 0.3, 'learning_rate': 0.0003, 'weight_decay': 1e-06}. Best is trial 59 with value: 0.9588939784483499.
[I 2026-03-06 02:26:04,667] Trial 72 finished with value: 0.9356678542299343 and parameters: {'batch_size': 64, 'edge_threshold': 0.5, 'node_threshold': 0.7, 'attention_heads': 2, 'hidden_dimension': 128, 'number_of_hidden_layers': 2, 'dropout_rate': 0.3, 'learning_rate': 0.0001, 'weight_decay': 0.001}. Best is trial 59 with value: 0.9588939784483499.
[I 2026-03-06 04:24:50,265] Trial 73 finished with value: 0.0985559511538739 and parameters: {'batch_size': 64, 'edge_threshold': 0.9, 'node_threshold': 0.6, 'attention_heads': 6, 'hidden_dimension': 128, 'number_of_hidden_layers': 0, 'dropout_rate': 0.3, 'learning_rate': 0.0001, 'weight_decay': 0.001}. Best is trial 59 with value: 0.9588939784483499.
[I 2026-03-06 09:29:37,701] Trial 74 finished with value: 0.9346893656705757 and parameters: {'batch_size': 32, 'edge_threshold': 0.7, 'node_threshold': 0.6, 'attention_heads': 4, 'hidden_dimension': 32, 'number_of_hidden_layers': 2, 'dropout_rate': 0.4, 'learning_rate': 1e-05, 'weight_decay': 1e-05}. Best is trial 59 with value: 0.9588939784483499.
[I 2026-03-06 11:52:52,003] Trial 75 finished with value: 0.08697538940605792 and parameters: {'batch_size': 64, 'edge_threshold': 0.7, 'node_threshold': 0.6, 'attention_heads': 2, 'hidden_dimension': 32, 'number_of_hidden_layers': 0, 'dropout_rate': 0.3, 'learning_rate': 0.0003, 'weight_decay': 1e-05}. Best is trial 59 with value: 0.9588939784483499.
[I 2026-03-06 15:12:41,109] Trial 76 finished with value: 0.9477770859409558 and parameters: {'batch_size': 32, 'edge_threshold': 0.6, 'node_threshold': 0.6, 'attention_heads': 6, 'hidden_dimension': 32, 'number_of_hidden_layers': 1, 'dropout_rate': 0.1, 'learning_rate': 1e-05, 'weight_decay': 0.0001}. Best is trial 59 with value: 0.9588939784483499.
[I 2026-03-06 17:58:43,730] Trial 77 finished with value: 0.08769199852439016 and parameters: {'batch_size': 32, 'edge_threshold': 0.95, 'node_threshold': 0.6, 'attention_heads': 2, 'hidden_dimension': 128, 'number_of_hidden_layers': 0, 'dropout_rate': 0.1, 'learning_rate': 0.001, 'weight_decay': 1e-06}. Best is trial 59 with value: 0.9588939784483499.
[I 2026-03-06 19:55:53,474] Trial 78 finished with value: 0.9418954500067591 and parameters: {'batch_size': 32, 'edge_threshold': 0.6, 'node_threshold': 0.8, 'attention_heads': 2, 'hidden_dimension': 128, 'number_of_hidden_layers': 2, 'dropout_rate': 0.1, 'learning_rate': 0.0003, 'weight_decay': 1e-06}. Best is trial 59 with value: 0.9588939784483499.
[UPDATE] 50 completed trials using a random sampler. Switching from random to TPE sampling.
[I 2026-03-06 21:16:47,639] Trial 79 finished with value: 0.9549335972983609 and parameters: {'batch_size': 128, 'edge_threshold': 0.5, 'node_threshold': 0.9, 'attention_heads': 4, 'hidden_dimension': 32, 'number_of_hidden_layers': 2, 'dropout_rate': 0.1, 'learning_rate': 0.001, 'weight_decay': 1e-06}. Best is trial 59 with value: 0.9588939784483499.
[I 2026-03-06 21:16:48,630] Trial 80 pruned. Duplicate hyper-parameters, same as those used in trial 79: {'batch_size': 128, 'edge_threshold': 0.5, 'node_threshold': 0.9, 'attention_heads': 4, 'hidden_dimension': 32, 'number_of_hidden_layers': 2, 'dropout_rate': 0.1, 'learning_rate': 0.001, 'weight_decay': 1e-06}.
[I 2026-03-06 23:20:46,825] Trial 81 finished with value: 0.14097558308912697 and parameters: {'batch_size': 16, 'edge_threshold': 0.6, 'node_threshold': 0.9, 'attention_heads': 4, 'hidden_dimension': 32, 'number_of_hidden_layers': 0, 'dropout_rate': 0.1, 'learning_rate': 0.001, 'weight_decay': 1e-06}. Best is trial 59 with value: 0.9588939784483499.
[I 2026-03-07 02:52:49,368] Trial 82 finished with value: 0.9349573712512893 and parameters: {'batch_size': 32, 'edge_threshold': 0.7, 'node_threshold': 0.5, 'attention_heads': 6, 'hidden_dimension': 128, 'number_of_hidden_layers': 2, 'dropout_rate': 0.3, 'learning_rate': 0.001, 'weight_decay': 1e-06}. Best is trial 59 with value: 0.9588939784483499.
[I 2026-03-07 04:16:31,699] Trial 83 finished with value: 0.9392992834600677 and parameters: {'batch_size': 128, 'edge_threshold': 0.6, 'node_threshold': 0.9, 'attention_heads': 4, 'hidden_dimension': 128, 'number_of_hidden_layers': 2, 'dropout_rate': 0.1, 'learning_rate': 0.001, 'weight_decay': 1e-06}. Best is trial 59 with value: 0.9588939784483499.
slurmstepd: error: *** JOB 2326895 ON kn070 CANCELLED AT 2026-03-07T06:17:28 DUE TO TIME LIMIT ***
