SLURM NODE: kn048
[I 2026-03-10 07:33:21,242] Using an existing study with name 'R8-Chefer_importance' instead of creating a new one.
[UPDATE] 50 completed trials using a random sampler. Switching from random to TPE sampling.
Last trial state: 0
Enqueuing hyper-parameters: {'batch_size': 32, 'edge_threshold': 0.7, 'node_threshold': 0.9, 'attention_heads': 6, 'hidden_dimension': 128, 'number_of_hidden_layers': 1, 'dropout_rate': 0.1, 'learning_rate': 0.001, 'weight_decay': 1e-05}
[I 2026-03-10 09:17:29,470] Trial 118 finished with value: 0.9514767396985024 and parameters: {'batch_size': 32, 'edge_threshold': 0.7, 'node_threshold': 0.9, 'attention_heads': 6, 'hidden_dimension': 128, 'number_of_hidden_layers': 1, 'dropout_rate': 0.1, 'learning_rate': 0.001, 'weight_decay': 1e-05}. Best is trial 97 with value: 0.9637696584278775.
[I 2026-03-10 11:24:20,564] Trial 119 finished with value: 0.954649569375364 and parameters: {'batch_size': 32, 'edge_threshold': 0.9, 'node_threshold': 0.5, 'attention_heads': 2, 'hidden_dimension': 64, 'number_of_hidden_layers': 2, 'dropout_rate': 0.1, 'learning_rate': 0.001, 'weight_decay': 0.0001}. Best is trial 97 with value: 0.9637696584278775.
[I 2026-03-10 13:13:54,771] Trial 120 finished with value: 0.9471894167468444 and parameters: {'batch_size': 32, 'edge_threshold': 0.7, 'node_threshold': 0.8, 'attention_heads': 2, 'hidden_dimension': 64, 'number_of_hidden_layers': 2, 'dropout_rate': 0.1, 'learning_rate': 0.001, 'weight_decay': 0.0001}. Best is trial 97 with value: 0.9637696584278775.
[I 2026-03-10 15:31:14,596] Trial 121 finished with value: 0.9475636089935107 and parameters: {'batch_size': 32, 'edge_threshold': 0.9, 'node_threshold': 0.5, 'attention_heads': 4, 'hidden_dimension': 64, 'number_of_hidden_layers': 2, 'dropout_rate': 0.1, 'learning_rate': 0.001, 'weight_decay': 0.001}. Best is trial 97 with value: 0.9637696584278775.
[I 2026-03-10 17:51:40,613] Trial 122 finished with value: 0.9357193775764774 and parameters: {'batch_size': 32, 'edge_threshold': 0.9, 'node_threshold': 0.5, 'attention_heads': 2, 'hidden_dimension': 64, 'number_of_hidden_layers': 2, 'dropout_rate': 0.3, 'learning_rate': 0.001, 'weight_decay': 0.0001}. Best is trial 97 with value: 0.9637696584278775.
[I 2026-03-10 19:24:36,766] Trial 123 finished with value: 0.9637696584278775 and parameters: {'batch_size': 128, 'edge_threshold': 0.6, 'node_threshold': 0.8, 'attention_heads': 4, 'hidden_dimension': 32, 'number_of_hidden_layers': 2, 'dropout_rate': 0.1, 'learning_rate': 0.001, 'weight_decay': 0.0001}. Best is trial 97 with value: 0.9637696584278775.
[I 2026-03-10 21:28:25,249] Trial 124 finished with value: 0.9391772097220701 and parameters: {'batch_size': 32, 'edge_threshold': 0.9, 'node_threshold': 0.6, 'attention_heads': 2, 'hidden_dimension': 64, 'number_of_hidden_layers': 2, 'dropout_rate': 0.1, 'learning_rate': 0.001, 'weight_decay': 1e-05}. Best is trial 97 with value: 0.9637696584278775.
[I 2026-03-10 21:28:26,308] Trial 125 pruned. Duplicate hyper-parameters, same as those used in trial 123: {'batch_size': 128, 'edge_threshold': 0.6, 'node_threshold': 0.8, 'attention_heads': 4, 'hidden_dimension': 32, 'number_of_hidden_layers': 2, 'dropout_rate': 0.1, 'learning_rate': 0.001, 'weight_decay': 0.0001}.
[I 2026-03-10 23:08:42,583] Trial 126 finished with value: 0.94301953316776 and parameters: {'batch_size': 128, 'edge_threshold': 0.5, 'node_threshold': 0.8, 'attention_heads': 8, 'hidden_dimension': 32, 'number_of_hidden_layers': 2, 'dropout_rate': 0.1, 'learning_rate': 0.001, 'weight_decay': 0.001}. Best is trial 97 with value: 0.9637696584278775.
[I 2026-03-11 01:06:50,888] Trial 127 finished with value: 0.9321364626807553 and parameters: {'batch_size': 32, 'edge_threshold': 0.95, 'node_threshold': 0.5, 'attention_heads': 2, 'hidden_dimension': 64, 'number_of_hidden_layers': 2, 'dropout_rate': 0.1, 'learning_rate': 0.0001, 'weight_decay': 0.0001}. Best is trial 97 with value: 0.9637696584278775.
[I 2026-03-11 03:15:56,020] Trial 128 finished with value: 0.9342686535653473 and parameters: {'batch_size': 32, 'edge_threshold': 0.9, 'node_threshold': 0.5, 'attention_heads': 2, 'hidden_dimension': 32, 'number_of_hidden_layers': 2, 'dropout_rate': 0.1, 'learning_rate': 0.001, 'weight_decay': 0.0001}. Best is trial 97 with value: 0.9637696584278775.
[I 2026-03-11 05:17:07,120] Trial 129 finished with value: 0.9564627151327523 and parameters: {'batch_size': 128, 'edge_threshold': 0.6, 'node_threshold': 0.7, 'attention_heads': 1, 'hidden_dimension': 32, 'number_of_hidden_layers': 2, 'dropout_rate': 0.1, 'learning_rate': 0.0001, 'weight_decay': 0.001}. Best is trial 97 with value: 0.9637696584278775.
[I 2026-03-11 09:15:46,399] Trial 130 finished with value: 0.9416263258973983 and parameters: {'batch_size': 16, 'edge_threshold': 0.7, 'node_threshold': 0.5, 'attention_heads': 6, 'hidden_dimension': 128, 'number_of_hidden_layers': 2, 'dropout_rate': 0.1, 'learning_rate': 0.001, 'weight_decay': 0.001}. Best is trial 97 with value: 0.9637696584278775.
[I 2026-03-11 11:12:08,016] Trial 131 finished with value: 0.07529322797210329 and parameters: {'batch_size': 128, 'edge_threshold': 0.7, 'node_threshold': 0.7, 'attention_heads': 1, 'hidden_dimension': 32, 'number_of_hidden_layers': 0, 'dropout_rate': 0.1, 'learning_rate': 0.0001, 'weight_decay': 0.001}. Best is trial 97 with value: 0.9637696584278775.
[I 2026-03-11 13:06:10,838] Trial 132 finished with value: 0.9512681813257324 and parameters: {'batch_size': 128, 'edge_threshold': 0.95, 'node_threshold': 0.7, 'attention_heads': 1, 'hidden_dimension': 32, 'number_of_hidden_layers': 2, 'dropout_rate': 0.1, 'learning_rate': 0.0001, 'weight_decay': 0.001}. Best is trial 97 with value: 0.9637696584278775.
[I 2026-03-11 15:49:08,384] Trial 133 finished with value: 0.9436719604096605 and parameters: {'batch_size': 32, 'edge_threshold': 0.8, 'node_threshold': 0.5, 'attention_heads': 2, 'hidden_dimension': 128, 'number_of_hidden_layers': 2, 'dropout_rate': 0.1, 'learning_rate': 0.0001, 'weight_decay': 1e-05}. Best is trial 97 with value: 0.9637696584278775.
[I 2026-03-11 19:53:34,528] Trial 134 finished with value: 0.9510233973825275 and parameters: {'batch_size': 16, 'edge_threshold': 0.6, 'node_threshold': 0.6, 'attention_heads': 1, 'hidden_dimension': 32, 'number_of_hidden_layers': 2, 'dropout_rate': 0.1, 'learning_rate': 0.0001, 'weight_decay': 0.001}. Best is trial 97 with value: 0.9637696584278775.
[I 2026-03-11 21:43:35,160] Trial 135 finished with value: 0.9428131104736501 and parameters: {'batch_size': 128, 'edge_threshold': 0.6, 'node_threshold': 0.8, 'attention_heads': 8, 'hidden_dimension': 32, 'number_of_hidden_layers': 2, 'dropout_rate': 0.3, 'learning_rate': 0.001, 'weight_decay': 1e-05}. Best is trial 97 with value: 0.9637696584278775.
[I 2026-03-11 23:37:16,519] Trial 136 finished with value: 0.9376862027714405 and parameters: {'batch_size': 128, 'edge_threshold': 0.6, 'node_threshold': 0.7, 'attention_heads': 6, 'hidden_dimension': 32, 'number_of_hidden_layers': 2, 'dropout_rate': 0.1, 'learning_rate': 0.0001, 'weight_decay': 0.001}. Best is trial 97 with value: 0.9637696584278775.
[I 2026-03-12 01:45:14,182] Trial 137 finished with value: 0.942445203103843 and parameters: {'batch_size': 64, 'edge_threshold': 0.6, 'node_threshold': 0.7, 'attention_heads': 4, 'hidden_dimension': 32, 'number_of_hidden_layers': 2, 'dropout_rate': 0.1, 'learning_rate': 0.0001, 'weight_decay': 1e-06}. Best is trial 97 with value: 0.9637696584278775.
[I 2026-03-12 03:17:27,771] Trial 138 finished with value: 0.9428392554134047 and parameters: {'batch_size': 128, 'edge_threshold': 0.6, 'node_threshold': 0.8, 'attention_heads': 4, 'hidden_dimension': 32, 'number_of_hidden_layers': 2, 'dropout_rate': 0.2, 'learning_rate': 0.001, 'weight_decay': 0.001}. Best is trial 97 with value: 0.9637696584278775.
[I 2026-03-12 04:37:54,497] Trial 139 finished with value: 0.9567353655642363 and parameters: {'batch_size': 128, 'edge_threshold': 0.6, 'node_threshold': 0.9, 'attention_heads': 4, 'hidden_dimension': 32, 'number_of_hidden_layers': 2, 'dropout_rate': 0.1, 'learning_rate': 0.001, 'weight_decay': 0.001}. Best is trial 97 with value: 0.9637696584278775.
[I 2026-03-12 07:07:34,291] Trial 140 finished with value: 0.11856791450954617 and parameters: {'batch_size': 32, 'edge_threshold': 0.9, 'node_threshold': 0.5, 'attention_heads': 2, 'hidden_dimension': 64, 'number_of_hidden_layers': 0, 'dropout_rate': 0.1, 'learning_rate': 0.001, 'weight_decay': 0.0001}. Best is trial 97 with value: 0.9637696584278775.
[I 2026-03-12 07:07:35,311] Trial 141 pruned. Duplicate hyper-parameters, same as those used in trial 139: {'batch_size': 128, 'edge_threshold': 0.6, 'node_threshold': 0.9, 'attention_heads': 4, 'hidden_dimension': 32, 'number_of_hidden_layers': 2, 'dropout_rate': 0.1, 'learning_rate': 0.001, 'weight_decay': 0.001}.
[I 2026-03-12 09:02:56,741] Trial 142 finished with value: 0.934233489129296 and parameters: {'batch_size': 128, 'edge_threshold': 0.9, 'node_threshold': 0.5, 'attention_heads': 2, 'hidden_dimension': 128, 'number_of_hidden_layers': 2, 'dropout_rate': 0.4, 'learning_rate': 0.001, 'weight_decay': 1e-05}. Best is trial 97 with value: 0.9637696584278775.
[I 2026-03-12 10:54:50,514] Trial 143 finished with value: 0.9540559330534086 and parameters: {'batch_size': 128, 'edge_threshold': 0.8, 'node_threshold': 0.7, 'attention_heads': 1, 'hidden_dimension': 32, 'number_of_hidden_layers': 2, 'dropout_rate': 0.2, 'learning_rate': 0.0001, 'weight_decay': 1e-05}. Best is trial 97 with value: 0.9637696584278775.
[I 2026-03-12 13:27:53,737] Trial 144 finished with value: 0.9300067826288378 and parameters: {'batch_size': 128, 'edge_threshold': 0.6, 'node_threshold': 0.7, 'attention_heads': 1, 'hidden_dimension': 32, 'number_of_hidden_layers': 2, 'dropout_rate': 0.1, 'learning_rate': 1e-05, 'weight_decay': 0.001}. Best is trial 97 with value: 0.9637696584278775.
[I 2026-03-12 16:51:59,093] Trial 145 finished with value: 0.9478368753928783 and parameters: {'batch_size': 32, 'edge_threshold': 0.5, 'node_threshold': 0.5, 'attention_heads': 2, 'hidden_dimension': 128, 'number_of_hidden_layers': 1, 'dropout_rate': 0.1, 'learning_rate': 0.001, 'weight_decay': 1e-05}. Best is trial 97 with value: 0.9637696584278775.
[I 2026-03-12 18:26:26,317] Trial 146 finished with value: 0.9492300857776343 and parameters: {'batch_size': 128, 'edge_threshold': 0.6, 'node_threshold': 0.8, 'attention_heads': 4, 'hidden_dimension': 32, 'number_of_hidden_layers': 2, 'dropout_rate': 0.4, 'learning_rate': 0.0003, 'weight_decay': 1e-05}. Best is trial 97 with value: 0.9637696584278775.
[I 2026-03-12 22:17:12,872] Trial 147 finished with value: 0.10244295128785799 and parameters: {'batch_size': 32, 'edge_threshold': 0.7, 'node_threshold': 0.5, 'attention_heads': 6, 'hidden_dimension': 128, 'number_of_hidden_layers': 0, 'dropout_rate': 0.1, 'learning_rate': 0.001, 'weight_decay': 1e-06}. Best is trial 97 with value: 0.9637696584278775.
[I 2026-03-12 23:59:14,800] Trial 148 finished with value: 0.9421780547776006 and parameters: {'batch_size': 32, 'edge_threshold': 0.9, 'node_threshold': 0.9, 'attention_heads': 1, 'hidden_dimension': 64, 'number_of_hidden_layers': 2, 'dropout_rate': 0.1, 'learning_rate': 0.001, 'weight_decay': 0.0001}. Best is trial 97 with value: 0.9637696584278775.
[I 2026-03-13 02:52:39,636] Trial 149 finished with value: 0.9307436794337325 and parameters: {'batch_size': 16, 'edge_threshold': 0.9, 'node_threshold': 0.5, 'attention_heads': 2, 'hidden_dimension': 128, 'number_of_hidden_layers': 2, 'dropout_rate': 0.1, 'learning_rate': 0.001, 'weight_decay': 1e-05}. Best is trial 97 with value: 0.9637696584278775.
[I 2026-03-13 04:48:18,013] Trial 150 finished with value: 0.9435314281776204 and parameters: {'batch_size': 32, 'edge_threshold': 0.7, 'node_threshold': 0.8, 'attention_heads': 6, 'hidden_dimension': 128, 'number_of_hidden_layers': 2, 'dropout_rate': 0.1, 'learning_rate': 0.001, 'weight_decay': 1e-06}. Best is trial 97 with value: 0.9637696584278775.
[I 2026-03-13 06:44:01,446] Trial 151 finished with value: 0.9402793630189532 and parameters: {'batch_size': 128, 'edge_threshold': 0.6, 'node_threshold': 0.7, 'attention_heads': 8, 'hidden_dimension': 32, 'number_of_hidden_layers': 2, 'dropout_rate': 0.1, 'learning_rate': 0.0001, 'weight_decay': 1e-05}. Best is trial 97 with value: 0.9637696584278775.
slurmstepd: error: *** JOB 2358781 ON kn048 CANCELLED AT 2026-03-13T07:33:16 DUE TO TIME LIMIT ***
