SLURM NODE: kn077
[I 2026-02-23 05:19:39,976] A new study created in RDB with name: Ohsumed-Attention_distillation
[I 2026-02-23 07:41:24,860] Trial 0 finished with value: 0.6390187805721834 and parameters: {'batch_size': 32, 'threshold': 0.9, 'attention_heads': 2, 'hidden_dimension': 128, 'number_of_hidden_layers': 2, 'dropout_rate': 0.4, 'learning_rate': 1e-05, 'weight_decay': 1e-05}. Best is trial 0 with value: 0.6390187805721834.
[I 2026-02-23 09:24:17,244] Trial 1 finished with value: 0.6289565855545528 and parameters: {'batch_size': 32, 'threshold': 0.7, 'attention_heads': 1, 'hidden_dimension': 128, 'number_of_hidden_layers': 1, 'dropout_rate': 0.2, 'learning_rate': 0.0003, 'weight_decay': 1e-06}. Best is trial 0 with value: 0.6390187805721834.
[I 2026-02-23 10:54:03,458] Trial 2 finished with value: 0.6590362848526974 and parameters: {'batch_size': 128, 'threshold': 0.9, 'attention_heads': 8, 'hidden_dimension': 32, 'number_of_hidden_layers': 2, 'dropout_rate': 0.2, 'learning_rate': 0.001, 'weight_decay': 1e-05}. Best is trial 2 with value: 0.6590362848526974.
CUDA out of memory. Tried to allocate 5.25 GiB. GPU 0 has a total capacity of 44.40 GiB of which 1.01 GiB is free. Including non-PyTorch memory, this process has 43.38 GiB memory in use. Of the allocated memory 42.79 GiB is allocated by PyTorch, and 43.71 MiB is reserved by PyTorch but unallocated. If reserved but unallocated memory is large try setting PYTORCH_CUDA_ALLOC_CONF=expandable_segments:True to avoid fragmentation.  See documentation for Memory Management  (https://pytorch.org/docs/stable/notes/cuda.html#environment-variables)
[I 2026-02-23 11:56:09,057] Trial 3 finished with value: -1.0 and parameters: {'batch_size': 64, 'threshold': 0.7, 'attention_heads': 6, 'hidden_dimension': 64, 'number_of_hidden_layers': 1, 'dropout_rate': 0.2, 'learning_rate': 0.001, 'weight_decay': 1e-05}. Best is trial 2 with value: 0.6590362848526974.
[I 2026-02-23 15:24:06,874] Trial 4 finished with value: 0.6319287216847096 and parameters: {'batch_size': 64, 'threshold': 0.9, 'attention_heads': 8, 'hidden_dimension': 32, 'number_of_hidden_layers': 0, 'dropout_rate': 0.2, 'learning_rate': 1e-05, 'weight_decay': 1e-05}. Best is trial 2 with value: 0.6590362848526974.
CUDA out of memory. Tried to allocate 7.50 GiB. GPU 0 has a total capacity of 44.40 GiB of which 6.05 GiB is free. Including non-PyTorch memory, this process has 38.34 GiB memory in use. Of the allocated memory 37.78 GiB is allocated by PyTorch, and 16.40 MiB is reserved by PyTorch but unallocated. If reserved but unallocated memory is large try setting PYTORCH_CUDA_ALLOC_CONF=expandable_segments:True to avoid fragmentation.  See documentation for Memory Management  (https://pytorch.org/docs/stable/notes/cuda.html#environment-variables)
[I 2026-02-23 16:25:42,513] Trial 5 finished with value: -1.0 and parameters: {'batch_size': 16, 'threshold': 0.7, 'attention_heads': 6, 'hidden_dimension': 128, 'number_of_hidden_layers': 0, 'dropout_rate': 0.1, 'learning_rate': 0.0003, 'weight_decay': 0.001}. Best is trial 2 with value: 0.6590362848526974.
[I 2026-02-23 19:21:04,559] Trial 6 finished with value: 0.6348803764751851 and parameters: {'batch_size': 16, 'threshold': 0.7, 'attention_heads': 6, 'hidden_dimension': 64, 'number_of_hidden_layers': 1, 'dropout_rate': 0.1, 'learning_rate': 0.001, 'weight_decay': 1e-05}. Best is trial 2 with value: 0.6590362848526974.
[I 2026-02-23 22:09:46,848] Trial 7 finished with value: 0.6361000679486132 and parameters: {'batch_size': 32, 'threshold': 0.99, 'attention_heads': 1, 'hidden_dimension': 64, 'number_of_hidden_layers': 0, 'dropout_rate': 0.1, 'learning_rate': 1e-05, 'weight_decay': 1e-05}. Best is trial 2 with value: 0.6590362848526974.
[I 2026-02-23 23:45:44,620] Trial 8 finished with value: 0.5980868010378354 and parameters: {'batch_size': 16, 'threshold': 0.99, 'attention_heads': 4, 'hidden_dimension': 64, 'number_of_hidden_layers': 2, 'dropout_rate': 0.3, 'learning_rate': 0.001, 'weight_decay': 0.001}. Best is trial 2 with value: 0.6590362848526974.
[I 2026-02-24 01:05:35,675] Trial 9 finished with value: 0.6368496473736996 and parameters: {'batch_size': 32, 'threshold': 0.95, 'attention_heads': 2, 'hidden_dimension': 64, 'number_of_hidden_layers': 0, 'dropout_rate': 0.4, 'learning_rate': 0.0003, 'weight_decay': 1e-05}. Best is trial 2 with value: 0.6590362848526974.
[I 2026-02-24 02:31:20,360] Trial 10 finished with value: 0.6311784755588247 and parameters: {'batch_size': 32, 'threshold': 0.8, 'attention_heads': 1, 'hidden_dimension': 64, 'number_of_hidden_layers': 1, 'dropout_rate': 0.1, 'learning_rate': 0.001, 'weight_decay': 0.0001}. Best is trial 2 with value: 0.6590362848526974.
CUDA out of memory. Tried to allocate 21.50 GiB. GPU 0 has a total capacity of 44.40 GiB of which 6.67 GiB is free. Including non-PyTorch memory, this process has 37.72 GiB memory in use. Of the allocated memory 37.12 GiB is allocated by PyTorch, and 49.25 MiB is reserved by PyTorch but unallocated. If reserved but unallocated memory is large try setting PYTORCH_CUDA_ALLOC_CONF=expandable_segments:True to avoid fragmentation.  See documentation for Memory Management  (https://pytorch.org/docs/stable/notes/cuda.html#environment-variables)
[I 2026-02-24 03:33:06,282] Trial 11 finished with value: -1.0 and parameters: {'batch_size': 128, 'threshold': 0.6, 'attention_heads': 6, 'hidden_dimension': 32, 'number_of_hidden_layers': 2, 'dropout_rate': 0.2, 'learning_rate': 0.0003, 'weight_decay': 0.001}. Best is trial 2 with value: 0.6590362848526974.
[I 2026-02-24 08:25:38,294] Trial 12 finished with value: 0.6499771354249645 and parameters: {'batch_size': 16, 'threshold': 0.7, 'attention_heads': 4, 'hidden_dimension': 64, 'number_of_hidden_layers': 0, 'dropout_rate': 0.4, 'learning_rate': 1e-05, 'weight_decay': 0.0001}. Best is trial 2 with value: 0.6590362848526974.
[I 2026-02-24 09:48:44,461] Trial 13 finished with value: 0.6304297526624371 and parameters: {'batch_size': 64, 'threshold': 0.95, 'attention_heads': 4, 'hidden_dimension': 128, 'number_of_hidden_layers': 0, 'dropout_rate': 0.4, 'learning_rate': 0.0001, 'weight_decay': 0.001}. Best is trial 2 with value: 0.6590362848526974.
[I 2026-02-24 11:04:48,920] Trial 14 finished with value: 0.641791861678875 and parameters: {'batch_size': 64, 'threshold': 0.99, 'attention_heads': 6, 'hidden_dimension': 64, 'number_of_hidden_layers': 1, 'dropout_rate': 0.3, 'learning_rate': 0.0001, 'weight_decay': 1e-06}. Best is trial 2 with value: 0.6590362848526974.
CUDA out of memory. Tried to allocate 14.33 GiB. GPU 0 has a total capacity of 44.40 GiB of which 14.05 GiB is free. Including non-PyTorch memory, this process has 30.33 GiB memory in use. Of the allocated memory 29.76 GiB is allocated by PyTorch, and 31.14 MiB is reserved by PyTorch but unallocated. If reserved but unallocated memory is large try setting PYTORCH_CUDA_ALLOC_CONF=expandable_segments:True to avoid fragmentation.  See documentation for Memory Management  (https://pytorch.org/docs/stable/notes/cuda.html#environment-variables)
[I 2026-02-24 12:08:31,531] Trial 15 finished with value: -1.0 and parameters: {'batch_size': 128, 'threshold': 0.6, 'attention_heads': 6, 'hidden_dimension': 128, 'number_of_hidden_layers': 0, 'dropout_rate': 0.3, 'learning_rate': 0.0003, 'weight_decay': 1e-06}. Best is trial 2 with value: 0.6590362848526974.
CUDA out of memory. Tried to allocate 4.78 GiB. GPU 0 has a total capacity of 44.40 GiB of which 4.42 GiB is free. Including non-PyTorch memory, this process has 39.96 GiB memory in use. Of the allocated memory 39.37 GiB is allocated by PyTorch, and 43.76 MiB is reserved by PyTorch but unallocated. If reserved but unallocated memory is large try setting PYTORCH_CUDA_ALLOC_CONF=expandable_segments:True to avoid fragmentation.  See documentation for Memory Management  (https://pytorch.org/docs/stable/notes/cuda.html#environment-variables)
[I 2026-02-24 13:07:57,913] Trial 16 finished with value: -1.0 and parameters: {'batch_size': 128, 'threshold': 0.6, 'attention_heads': 4, 'hidden_dimension': 32, 'number_of_hidden_layers': 1, 'dropout_rate': 0.3, 'learning_rate': 0.0001, 'weight_decay': 1e-05}. Best is trial 2 with value: 0.6590362848526974.
CUDA out of memory. Tried to allocate 4.78 GiB. GPU 0 has a total capacity of 44.40 GiB of which 4.59 GiB is free. Including non-PyTorch memory, this process has 39.79 GiB memory in use. Of the allocated memory 39.20 GiB is allocated by PyTorch, and 41.38 MiB is reserved by PyTorch but unallocated. If reserved but unallocated memory is large try setting PYTORCH_CUDA_ALLOC_CONF=expandable_segments:True to avoid fragmentation.  See documentation for Memory Management  (https://pytorch.org/docs/stable/notes/cuda.html#environment-variables)
[I 2026-02-24 14:07:09,338] Trial 17 finished with value: -1.0 and parameters: {'batch_size': 128, 'threshold': 0.9, 'attention_heads': 8, 'hidden_dimension': 64, 'number_of_hidden_layers': 2, 'dropout_rate': 0.3, 'learning_rate': 0.001, 'weight_decay': 1e-05}. Best is trial 2 with value: 0.6590362848526974.
[I 2026-02-24 17:41:26,378] Trial 18 finished with value: 0.6267912379684123 and parameters: {'batch_size': 16, 'threshold': 0.9, 'attention_heads': 8, 'hidden_dimension': 128, 'number_of_hidden_layers': 2, 'dropout_rate': 0.1, 'learning_rate': 1e-05, 'weight_decay': 1e-05}. Best is trial 2 with value: 0.6590362848526974.
[I 2026-02-24 20:24:57,396] Trial 19 finished with value: 0.6419230263159258 and parameters: {'batch_size': 16, 'threshold': 0.6, 'attention_heads': 4, 'hidden_dimension': 64, 'number_of_hidden_layers': 0, 'dropout_rate': 0.1, 'learning_rate': 0.0001, 'weight_decay': 0.0001}. Best is trial 2 with value: 0.6590362848526974.
[I 2026-02-24 21:42:17,766] Trial 20 finished with value: 0.6340864276837417 and parameters: {'batch_size': 32, 'threshold': 0.99, 'attention_heads': 2, 'hidden_dimension': 32, 'number_of_hidden_layers': 0, 'dropout_rate': 0.4, 'learning_rate': 0.001, 'weight_decay': 0.001}. Best is trial 2 with value: 0.6590362848526974.
CUDA out of memory. Tried to allocate 27.97 GiB. GPU 0 has a total capacity of 44.40 GiB of which 24.26 GiB is free. Including non-PyTorch memory, this process has 20.12 GiB memory in use. Of the allocated memory 19.53 GiB is allocated by PyTorch, and 42.00 MiB is reserved by PyTorch but unallocated. If reserved but unallocated memory is large try setting PYTORCH_CUDA_ALLOC_CONF=expandable_segments:True to avoid fragmentation.  See documentation for Memory Management  (https://pytorch.org/docs/stable/notes/cuda.html#environment-variables)
[I 2026-02-24 22:42:11,289] Trial 21 finished with value: -1.0 and parameters: {'batch_size': 64, 'threshold': 0.6, 'attention_heads': 4, 'hidden_dimension': 128, 'number_of_hidden_layers': 0, 'dropout_rate': 0.4, 'learning_rate': 0.0003, 'weight_decay': 0.001}. Best is trial 2 with value: 0.6590362848526974.
[I 2026-02-25 02:11:32,550] Trial 22 finished with value: 0.6048511412945765 and parameters: {'batch_size': 32, 'threshold': 0.99, 'attention_heads': 2, 'hidden_dimension': 64, 'number_of_hidden_layers': 1, 'dropout_rate': 0.2, 'learning_rate': 1e-05, 'weight_decay': 0.001}. Best is trial 2 with value: 0.6590362848526974.
[I 2026-02-25 04:10:33,793] Trial 23 finished with value: 0.635067482478478 and parameters: {'batch_size': 16, 'threshold': 0.95, 'attention_heads': 4, 'hidden_dimension': 32, 'number_of_hidden_layers': 0, 'dropout_rate': 0.1, 'learning_rate': 0.0001, 'weight_decay': 1e-05}. Best is trial 2 with value: 0.6590362848526974.
CUDA out of memory. Tried to allocate 28.67 GiB. GPU 0 has a total capacity of 44.40 GiB of which 23.25 GiB is free. Including non-PyTorch memory, this process has 21.14 GiB memory in use. Of the allocated memory 20.54 GiB is allocated by PyTorch, and 50.38 MiB is reserved by PyTorch but unallocated. If reserved but unallocated memory is large try setting PYTORCH_CUDA_ALLOC_CONF=expandable_segments:True to avoid fragmentation.  See documentation for Memory Management  (https://pytorch.org/docs/stable/notes/cuda.html#environment-variables)
[I 2026-02-25 05:11:01,837] Trial 24 finished with value: -1.0 and parameters: {'batch_size': 128, 'threshold': 0.6, 'attention_heads': 8, 'hidden_dimension': 32, 'number_of_hidden_layers': 0, 'dropout_rate': 0.1, 'learning_rate': 0.001, 'weight_decay': 0.001}. Best is trial 2 with value: 0.6590362848526974.
[I 2026-02-25 06:56:17,742] Trial 25 finished with value: 0.6456788374102223 and parameters: {'batch_size': 16, 'threshold': 0.99, 'attention_heads': 2, 'hidden_dimension': 64, 'number_of_hidden_layers': 0, 'dropout_rate': 0.2, 'learning_rate': 0.001, 'weight_decay': 0.001}. Best is trial 2 with value: 0.6590362848526974.
[I 2026-02-25 08:45:33,448] Trial 26 finished with value: 0.6515949982430645 and parameters: {'batch_size': 64, 'threshold': 0.9, 'attention_heads': 2, 'hidden_dimension': 32, 'number_of_hidden_layers': 0, 'dropout_rate': 0.3, 'learning_rate': 0.0001, 'weight_decay': 0.001}. Best is trial 2 with value: 0.6590362848526974.
[I 2026-02-25 11:28:06,364] Trial 27 finished with value: 0.6343112620075052 and parameters: {'batch_size': 16, 'threshold': 0.8, 'attention_heads': 8, 'hidden_dimension': 32, 'number_of_hidden_layers': 1, 'dropout_rate': 0.1, 'learning_rate': 0.0001, 'weight_decay': 0.0001}. Best is trial 2 with value: 0.6590362848526974.
[I 2026-02-25 12:52:06,797] Trial 28 finished with value: 0.6561338338050093 and parameters: {'batch_size': 128, 'threshold': 0.95, 'attention_heads': 6, 'hidden_dimension': 32, 'number_of_hidden_layers': 1, 'dropout_rate': 0.3, 'learning_rate': 0.0003, 'weight_decay': 1e-06}. Best is trial 2 with value: 0.6590362848526974.
[I 2026-02-25 14:10:34,078] Trial 29 finished with value: 0.6416417473137546 and parameters: {'batch_size': 64, 'threshold': 0.99, 'attention_heads': 8, 'hidden_dimension': 32, 'number_of_hidden_layers': 1, 'dropout_rate': 0.4, 'learning_rate': 0.0003, 'weight_decay': 0.001}. Best is trial 2 with value: 0.6590362848526974.
[I 2026-02-25 16:32:01,716] Trial 30 finished with value: 0.6347335160439775 and parameters: {'batch_size': 16, 'threshold': 0.95, 'attention_heads': 4, 'hidden_dimension': 128, 'number_of_hidden_layers': 1, 'dropout_rate': 0.1, 'learning_rate': 1e-05, 'weight_decay': 0.001}. Best is trial 2 with value: 0.6590362848526974.
CUDA out of memory. Tried to allocate 19.82 GiB. GPU 0 has a total capacity of 44.40 GiB of which 10.08 GiB is free. Including non-PyTorch memory, this process has 34.30 GiB memory in use. Of the allocated memory 33.71 GiB is allocated by PyTorch, and 38.51 MiB is reserved by PyTorch but unallocated. If reserved but unallocated memory is large try setting PYTORCH_CUDA_ALLOC_CONF=expandable_segments:True to avoid fragmentation.  See documentation for Memory Management  (https://pytorch.org/docs/stable/notes/cuda.html#environment-variables)
[I 2026-02-25 17:36:41,409] Trial 31 finished with value: -1.0 and parameters: {'batch_size': 16, 'threshold': 0.6, 'attention_heads': 8, 'hidden_dimension': 128, 'number_of_hidden_layers': 0, 'dropout_rate': 0.1, 'learning_rate': 0.0003, 'weight_decay': 0.0001}. Best is trial 2 with value: 0.6590362848526974.
[I 2026-02-25 19:23:27,113] Trial 32 finished with value: 0.637540649785078 and parameters: {'batch_size': 16, 'threshold': 0.7, 'attention_heads': 4, 'hidden_dimension': 32, 'number_of_hidden_layers': 0, 'dropout_rate': 0.3, 'learning_rate': 0.001, 'weight_decay': 0.001}. Best is trial 2 with value: 0.6590362848526974.
[I 2026-02-25 20:37:50,840] Trial 33 finished with value: 0.6345902432237314 and parameters: {'batch_size': 32, 'threshold': 0.99, 'attention_heads': 4, 'hidden_dimension': 32, 'number_of_hidden_layers': 0, 'dropout_rate': 0.1, 'learning_rate': 0.001, 'weight_decay': 0.001}. Best is trial 2 with value: 0.6590362848526974.
[I 2026-02-25 22:32:18,045] Trial 34 finished with value: 0.610052315623412 and parameters: {'batch_size': 16, 'threshold': 0.95, 'attention_heads': 8, 'hidden_dimension': 128, 'number_of_hidden_layers': 0, 'dropout_rate': 0.3, 'learning_rate': 0.0003, 'weight_decay': 1e-06}. Best is trial 2 with value: 0.6590362848526974.
[I 2026-02-26 03:32:53,760] Trial 35 finished with value: 0.6078637803847302 and parameters: {'batch_size': 64, 'threshold': 0.7, 'attention_heads': 2, 'hidden_dimension': 64, 'number_of_hidden_layers': 1, 'dropout_rate': 0.1, 'learning_rate': 1e-05, 'weight_decay': 1e-05}. Best is trial 2 with value: 0.6590362848526974.
slurmstepd: error: *** JOB 2255624 ON kn077 CANCELLED AT 2026-02-26T05:19:20 DUE TO TIME LIMIT ***
