[I 2026-04-16 02:26:25,287] Trial 75 finished with value: 0.9090909090909091 and parameters: {'batch_size': 32, 'threshold': 0.9199999999999999, 'attention_heads': 1, 'hidden_dimension': 44, 'number_of_hidden_layers': 2, 'dropout_rate': 0.2741927194801188, 'learning_rate': 6.713444641455585e-05, 'weight_decay': 7.804074186100615e-06}. Best is trial 75 with value: 0.9090909090909091.
[I 2026-04-16 03:23:03,746] Trial 76 finished with value: 0.896969696969697 and parameters: {'batch_size': 32, 'threshold': 0.8999999999999999, 'attention_heads': 1, 'hidden_dimension': 40, 'number_of_hidden_layers': 2, 'dropout_rate': 0.24757694660051796, 'learning_rate': 1.820706306363073e-05, 'weight_decay': 5.206065576402134e-05}. Best is trial 75 with value: 0.9090909090909091.
CUDA out of memory. Tried to allocate 5.79 GiB. GPU 0 has a total capacity of 44.40 GiB of which 5.27 GiB is free. Including non-PyTorch memory, this process has 39.07 GiB memory in use. Of the allocated memory 38.47 GiB is allocated by PyTorch, and 55.48 MiB is reserved by PyTorch but unallocated. If reserved but unallocated memory is large try setting PYTORCH_CUDA_ALLOC_CONF=expandable_segments:True to avoid fragmentation.  See documentation for Memory Management  (https://pytorch.org/docs/stable/notes/cuda.html#environment-variables)
[I 2026-04-16 03:37:52,453] Trial 77 finished with value: -1.0 and parameters: {'batch_size': 32, 'threshold': 0.86, 'attention_heads': 2, 'hidden_dimension': 60, 'number_of_hidden_layers': 2, 'dropout_rate': 0.18178965077960765, 'learning_rate': 6.716901057661058e-05, 'weight_decay': 1.1959238327199508e-05}. Best is trial 75 with value: 0.9090909090909091.
[I 2026-04-16 04:12:30,692] Trial 78 finished with value: 0.8727272727272727 and parameters: {'batch_size': 24, 'threshold': 0.7999999999999999, 'attention_heads': 1, 'hidden_dimension': 74, 'number_of_hidden_layers': 2, 'dropout_rate': 0.3027397182489846, 'learning_rate': 9.751414843446927e-05, 'weight_decay': 3.944479296950908e-05}. Best is trial 75 with value: 0.9090909090909091.
[I 2026-04-16 04:36:33,406] Trial 79 finished with value: 0.8848484848484849 and parameters: {'batch_size': 32, 'threshold': 0.8999999999999999, 'attention_heads': 1, 'hidden_dimension': 65, 'number_of_hidden_layers': 2, 'dropout_rate': 0.29322973871560154, 'learning_rate': 7.16591474175908e-05, 'weight_decay': 2.6850453649503337e-05}. Best is trial 75 with value: 0.9090909090909091.
slurmstepd: error: *** JOB 3100554 ON kn068 CANCELLED AT 2026-04-16T04:48:21 DUE TO TIME LIMIT ***
