SLURM NODE: kn048
[I 2026-03-07 06:30:37,640] Using an existing study with name 'R8-Attention_distillation' instead of creating a new one.
[UPDATE] 50 completed trials using a random sampler. Switching from random to TPE sampling.
Last trial state: 0
Enqueuing hyper-parameters: {'batch_size': 128, 'threshold': 0.99, 'attention_heads': 1, 'hidden_dimension': 32, 'number_of_hidden_layers': 0, 'dropout_rate': 0.4, 'learning_rate': 0.001, 'weight_decay': 0.001}
[I 2026-03-07 07:53:19,492] Trial 289 finished with value: 0.9552156771676847 and parameters: {'batch_size': 128, 'threshold': 0.99, 'attention_heads': 1, 'hidden_dimension': 32, 'number_of_hidden_layers': 0, 'dropout_rate': 0.4, 'learning_rate': 0.001, 'weight_decay': 0.001}. Best is trial 270 with value: 0.9689518803908748.
[I 2026-03-07 07:53:20,610] Trial 290 pruned. Duplicate hyper-parameters, same as those used in trial 289: {'batch_size': 128, 'threshold': 0.99, 'attention_heads': 1, 'hidden_dimension': 32, 'number_of_hidden_layers': 0, 'dropout_rate': 0.4, 'learning_rate': 0.001, 'weight_decay': 0.001}.
[I 2026-03-07 09:16:27,317] Trial 291 finished with value: 0.9468249903549013 and parameters: {'batch_size': 128, 'threshold': 0.99, 'attention_heads': 1, 'hidden_dimension': 64, 'number_of_hidden_layers': 0, 'dropout_rate': 0.1, 'learning_rate': 0.001, 'weight_decay': 0.001}. Best is trial 270 with value: 0.9689518803908748.
[I 2026-03-07 09:16:28,336] Trial 292 pruned. Duplicate hyper-parameters, same as those used in trial 287: {'batch_size': 128, 'threshold': 0.99, 'attention_heads': 1, 'hidden_dimension': 32, 'number_of_hidden_layers': 0, 'dropout_rate': 0.1, 'learning_rate': 0.001, 'weight_decay': 0.001}.
[I 2026-03-07 11:13:06,911] Trial 293 finished with value: 0.9570464980076719 and parameters: {'batch_size': 64, 'threshold': 0.95, 'attention_heads': 6, 'hidden_dimension': 32, 'number_of_hidden_layers': 1, 'dropout_rate': 0.2, 'learning_rate': 0.0001, 'weight_decay': 1e-05}. Best is trial 270 with value: 0.9689518803908748.
[I 2026-03-07 12:37:00,431] Trial 294 finished with value: 0.9497990681796654 and parameters: {'batch_size': 128, 'threshold': 0.99, 'attention_heads': 2, 'hidden_dimension': 32, 'number_of_hidden_layers': 0, 'dropout_rate': 0.1, 'learning_rate': 0.001, 'weight_decay': 0.0001}. Best is trial 270 with value: 0.9689518803908748.
[I 2026-03-07 15:40:14,605] Trial 295 finished with value: 0.9330884811321534 and parameters: {'batch_size': 64, 'threshold': 0.95, 'attention_heads': 6, 'hidden_dimension': 32, 'number_of_hidden_layers': 1, 'dropout_rate': 0.2, 'learning_rate': 1e-05, 'weight_decay': 1e-05}. Best is trial 270 with value: 0.9689518803908748.
[I 2026-03-07 17:51:43,360] Trial 296 finished with value: 0.9477845123624316 and parameters: {'batch_size': 32, 'threshold': 0.95, 'attention_heads': 6, 'hidden_dimension': 32, 'number_of_hidden_layers': 1, 'dropout_rate': 0.2, 'learning_rate': 0.0001, 'weight_decay': 1e-05}. Best is trial 270 with value: 0.9689518803908748.
[I 2026-03-07 19:46:12,643] Trial 297 finished with value: 0.9489606475334307 and parameters: {'batch_size': 64, 'threshold': 0.95, 'attention_heads': 6, 'hidden_dimension': 32, 'number_of_hidden_layers': 1, 'dropout_rate': 0.4, 'learning_rate': 0.0001, 'weight_decay': 1e-05}. Best is trial 270 with value: 0.9689518803908748.
[I 2026-03-07 22:34:52,374] Trial 298 finished with value: 0.9521269155512275 and parameters: {'batch_size': 32, 'threshold': 0.7, 'attention_heads': 6, 'hidden_dimension': 32, 'number_of_hidden_layers': 0, 'dropout_rate': 0.2, 'learning_rate': 0.0001, 'weight_decay': 0.0001}. Best is trial 270 with value: 0.9689518803908748.
[I 2026-03-08 00:48:45,996] Trial 299 finished with value: 0.9526560827209783 and parameters: {'batch_size': 64, 'threshold': 0.7, 'attention_heads': 1, 'hidden_dimension': 32, 'number_of_hidden_layers': 2, 'dropout_rate': 0.1, 'learning_rate': 0.0001, 'weight_decay': 0.0001}. Best is trial 270 with value: 0.9689518803908748.
CUDA out of memory. Tried to allocate 6.88 GiB. GPU 0 has a total capacity of 44.40 GiB of which 3.73 GiB is free. Including non-PyTorch memory, this process has 40.66 GiB memory in use. Of the allocated memory 40.05 GiB is allocated by PyTorch, and 63.35 MiB is reserved by PyTorch but unallocated. If reserved but unallocated memory is large try setting PYTORCH_CUDA_ALLOC_CONF=expandable_segments:True to avoid fragmentation.  See documentation for Memory Management  (https://pytorch.org/docs/stable/notes/cuda.html#environment-variables)
[I 2026-03-08 03:04:25,313] Trial 300 finished with value: -1.0 and parameters: {'batch_size': 64, 'threshold': 0.6, 'attention_heads': 4, 'hidden_dimension': 64, 'number_of_hidden_layers': 2, 'dropout_rate': 0.1, 'learning_rate': 0.001, 'weight_decay': 0.0001}. Best is trial 270 with value: 0.9689518803908748.
[I 2026-03-08 04:31:18,508] Trial 301 finished with value: 0.9600560497601764 and parameters: {'batch_size': 128, 'threshold': 0.7, 'attention_heads': 1, 'hidden_dimension': 32, 'number_of_hidden_layers': 0, 'dropout_rate': 0.1, 'learning_rate': 0.001, 'weight_decay': 0.0001}. Best is trial 270 with value: 0.9689518803908748.
[I 2026-03-08 07:53:36,182] Trial 302 finished with value: 0.9363301486917404 and parameters: {'batch_size': 64, 'threshold': 0.8, 'attention_heads': 1, 'hidden_dimension': 64, 'number_of_hidden_layers': 2, 'dropout_rate': 0.3, 'learning_rate': 1e-05, 'weight_decay': 0.0001}. Best is trial 270 with value: 0.9689518803908748.
[I 2026-03-08 07:53:37,270] Trial 303 pruned. Duplicate hyper-parameters, same as those used in trial 301: {'batch_size': 128, 'threshold': 0.7, 'attention_heads': 1, 'hidden_dimension': 32, 'number_of_hidden_layers': 0, 'dropout_rate': 0.1, 'learning_rate': 0.001, 'weight_decay': 0.0001}.
CUDA out of memory. Tried to allocate 7.73 GiB. GPU 0 has a total capacity of 44.40 GiB of which 4.75 GiB is free. Including non-PyTorch memory, this process has 39.64 GiB memory in use. Of the allocated memory 39.05 GiB is allocated by PyTorch, and 47.68 MiB is reserved by PyTorch but unallocated. If reserved but unallocated memory is large try setting PYTORCH_CUDA_ALLOC_CONF=expandable_segments:True to avoid fragmentation.  See documentation for Memory Management  (https://pytorch.org/docs/stable/notes/cuda.html#environment-variables)
[I 2026-03-08 09:09:58,435] Trial 304 finished with value: -1.0 and parameters: {'batch_size': 64, 'threshold': 0.7, 'attention_heads': 6, 'hidden_dimension': 64, 'number_of_hidden_layers': 2, 'dropout_rate': 0.2, 'learning_rate': 0.0003, 'weight_decay': 0.0001}. Best is trial 270 with value: 0.9689518803908748.
[I 2026-03-08 09:09:59,453] Trial 305 pruned. Duplicate hyper-parameters, same as those used in trial 293: {'batch_size': 64, 'threshold': 0.95, 'attention_heads': 6, 'hidden_dimension': 32, 'number_of_hidden_layers': 1, 'dropout_rate': 0.2, 'learning_rate': 0.0001, 'weight_decay': 1e-05}.
[I 2026-03-08 11:18:28,455] Trial 306 finished with value: 0.9538998216897489 and parameters: {'batch_size': 16, 'threshold': 0.9, 'attention_heads': 2, 'hidden_dimension': 64, 'number_of_hidden_layers': 1, 'dropout_rate': 0.1, 'learning_rate': 0.001, 'weight_decay': 0.0001}. Best is trial 270 with value: 0.9689518803908748.
[I 2026-03-08 13:12:01,212] Trial 307 finished with value: 0.9427905029446808 and parameters: {'batch_size': 128, 'threshold': 0.95, 'attention_heads': 6, 'hidden_dimension': 64, 'number_of_hidden_layers': 0, 'dropout_rate': 0.1, 'learning_rate': 0.0001, 'weight_decay': 0.0001}. Best is trial 270 with value: 0.9689518803908748.
CUDA out of memory. Tried to allocate 6.43 GiB. GPU 0 has a total capacity of 44.40 GiB of which 6.08 GiB is free. Including non-PyTorch memory, this process has 38.31 GiB memory in use. Of the allocated memory 37.70 GiB is allocated by PyTorch, and 58.16 MiB is reserved by PyTorch but unallocated. If reserved but unallocated memory is large try setting PYTORCH_CUDA_ALLOC_CONF=expandable_segments:True to avoid fragmentation.  See documentation for Memory Management  (https://pytorch.org/docs/stable/notes/cuda.html#environment-variables)
[I 2026-03-08 14:39:03,509] Trial 308 finished with value: -1.0 and parameters: {'batch_size': 128, 'threshold': 0.7, 'attention_heads': 6, 'hidden_dimension': 32, 'number_of_hidden_layers': 1, 'dropout_rate': 0.2, 'learning_rate': 0.0001, 'weight_decay': 0.0001}. Best is trial 270 with value: 0.9689518803908748.
[I 2026-03-08 17:24:15,539] Trial 309 finished with value: 0.947544643950544 and parameters: {'batch_size': 64, 'threshold': 0.95, 'attention_heads': 1, 'hidden_dimension': 32, 'number_of_hidden_layers': 0, 'dropout_rate': 0.2, 'learning_rate': 1e-05, 'weight_decay': 0.0001}. Best is trial 270 with value: 0.9689518803908748.
[I 2026-03-08 20:08:11,895] Trial 310 finished with value: 0.9623392961495422 and parameters: {'batch_size': 16, 'threshold': 0.7, 'attention_heads': 1, 'hidden_dimension': 128, 'number_of_hidden_layers': 0, 'dropout_rate': 0.1, 'learning_rate': 0.001, 'weight_decay': 0.0001}. Best is trial 270 with value: 0.9689518803908748.
[I 2026-03-08 22:34:01,272] Trial 311 finished with value: 0.9520823145690311 and parameters: {'batch_size': 16, 'threshold': 0.9, 'attention_heads': 1, 'hidden_dimension': 128, 'number_of_hidden_layers': 0, 'dropout_rate': 0.1, 'learning_rate': 0.001, 'weight_decay': 0.0001}. Best is trial 270 with value: 0.9689518803908748.
[I 2026-03-09 00:57:03,890] Trial 312 finished with value: 0.9494051600565849 and parameters: {'batch_size': 16, 'threshold': 0.95, 'attention_heads': 1, 'hidden_dimension': 32, 'number_of_hidden_layers': 1, 'dropout_rate': 0.1, 'learning_rate': 0.0001, 'weight_decay': 0.0001}. Best is trial 270 with value: 0.9689518803908748.
[I 2026-03-09 00:57:04,967] Trial 313 pruned. Duplicate hyper-parameters, same as those used in trial 310: {'batch_size': 16, 'threshold': 0.7, 'attention_heads': 1, 'hidden_dimension': 128, 'number_of_hidden_layers': 0, 'dropout_rate': 0.1, 'learning_rate': 0.001, 'weight_decay': 0.0001}.
[I 2026-03-09 03:03:57,507] Trial 314 finished with value: 0.9466219582606659 and parameters: {'batch_size': 16, 'threshold': 0.7, 'attention_heads': 1, 'hidden_dimension': 64, 'number_of_hidden_layers': 1, 'dropout_rate': 0.3, 'learning_rate': 0.0003, 'weight_decay': 0.0001}. Best is trial 270 with value: 0.9689518803908748.

[UPDATE] Unbound limits: {'batch_size': (np.int64(16), np.int64(128)), 'threshold': (np.float64(0.6), np.float64(0.99)), 'attention_heads': (np.int64(1), np.int64(2)), 'hidden_dimension': (np.int64(32), np.int64(128)), 'number_of_hidden_layers': (np.int64(0), np.int64(2)), 'dropout_rate': (np.float64(0.1), np.float64(0.3)), 'learning_rate': (np.float64(1e-05), np.float64(0.001)), 'weight_decay': (np.float64(1e-05), np.float64(0.001))}
[I 2026-03-09 03:03:58,825] A new study created in RDB with name: R8-Attention_distillation-unbound
[I 2026-03-09 03:03:59,139] Trial 0 finished with value: 0.9639294489575384 and parameters: {'batch_size': 64, 'threshold': 0.7, 'attention_heads': 1, 'hidden_dimension': 32, 'number_of_hidden_layers': 0, 'dropout_rate': 0.2, 'learning_rate': 0.0001, 'weight_decay': 0.0001}.
[I 2026-03-09 03:03:59,140] Trial 1 finished with value: 0.9636010711473122 and parameters: {'batch_size': 64, 'threshold': 0.95, 'attention_heads': 1, 'hidden_dimension': 32, 'number_of_hidden_layers': 0, 'dropout_rate': 0.2, 'learning_rate': 0.0001, 'weight_decay': 0.0001}.
[I 2026-03-09 03:03:59,141] Trial 2 finished with value: 0.9689518803908748 and parameters: {'batch_size': 16, 'threshold': 0.7, 'attention_heads': 1, 'hidden_dimension': 64, 'number_of_hidden_layers': 1, 'dropout_rate': 0.1, 'learning_rate': 0.001, 'weight_decay': 0.0001}.
[I 2026-03-09 05:51:42,784] Trial 3 finished with value: 0.945379753657537 and parameters: {'batch_size': 56, 'threshold': 0.98, 'attention_heads': 2, 'hidden_dimension': 90, 'number_of_hidden_layers': 0, 'dropout_rate': 0.13119890406724052, 'learning_rate': 1.3066739238053272e-05, 'weight_decay': 0.0005399484409787432}. Best is trial 2 with value: 0.9689518803908748.
[I 2026-03-09 08:11:17,470] Trial 4 finished with value: 0.9475167640786466 and parameters: {'batch_size': 88, 'threshold': 0.88, 'attention_heads': 1, 'hidden_dimension': 126, 'number_of_hidden_layers': 2, 'dropout_rate': 0.14246782213565523, 'learning_rate': 2.3102018878452926e-05, 'weight_decay': 2.3270677083837777e-05}. Best is trial 2 with value: 0.9689518803908748.
[I 2026-03-09 10:43:31,456] Trial 5 finished with value: 0.9412533951552475 and parameters: {'batch_size': 48, 'threshold': 0.8, 'attention_heads': 1, 'hidden_dimension': 60, 'number_of_hidden_layers': 1, 'dropout_rate': 0.12789877213040837, 'learning_rate': 3.8396292998041685e-05, 'weight_decay': 5.4041038546473305e-05}. Best is trial 2 with value: 0.9689518803908748.
[I 2026-03-09 12:21:33,184] Trial 6 finished with value: 0.9503400500344555 and parameters: {'batch_size': 64, 'threshold': 0.9099999999999999, 'attention_heads': 1, 'hidden_dimension': 81, 'number_of_hidden_layers': 1, 'dropout_rate': 0.10929008254399955, 'learning_rate': 0.000164092867306479, 'weight_decay': 2.1930485556643678e-05}. Best is trial 2 with value: 0.9689518803908748.
[I 2026-03-09 14:24:35,085] Trial 7 finished with value: 0.9431383047549253 and parameters: {'batch_size': 16, 'threshold': 0.97, 'attention_heads': 2, 'hidden_dimension': 110, 'number_of_hidden_layers': 0, 'dropout_rate': 0.11953442280127678, 'learning_rate': 0.000233596350262616, 'weight_decay': 7.591104805282687e-05}. Best is trial 2 with value: 0.9689518803908748.
[I 2026-03-09 16:45:33,174] Trial 8 finished with value: 0.9492089143539789 and parameters: {'batch_size': 24, 'threshold': 0.79, 'attention_heads': 1, 'hidden_dimension': 120, 'number_of_hidden_layers': 0, 'dropout_rate': 0.23250445687079638, 'learning_rate': 4.201672054372529e-05, 'weight_decay': 0.00010968217207529509}. Best is trial 2 with value: 0.9689518803908748.
CUDA out of memory. Tried to allocate 6.51 GiB. GPU 0 has a total capacity of 44.40 GiB of which 5.88 GiB is free. Including non-PyTorch memory, this process has 38.51 GiB memory in use. Of the allocated memory 37.89 GiB is allocated by PyTorch, and 68.03 MiB is reserved by PyTorch but unallocated. If reserved but unallocated memory is large try setting PYTORCH_CUDA_ALLOC_CONF=expandable_segments:True to avoid fragmentation.  See documentation for Memory Management  (https://pytorch.org/docs/stable/notes/cuda.html#environment-variables)
[I 2026-03-09 18:14:30,286] Trial 9 finished with value: -1.0 and parameters: {'batch_size': 80, 'threshold': 0.6699999999999999, 'attention_heads': 2, 'hidden_dimension': 107, 'number_of_hidden_layers': 2, 'dropout_rate': 0.27896547008552974, 'learning_rate': 0.0001569639638866114, 'weight_decay': 0.0006978281265126031}. Best is trial 2 with value: 0.9689518803908748.
[I 2026-03-09 20:10:33,519] Trial 10 finished with value: 0.9448438124125408 and parameters: {'batch_size': 24, 'threshold': 0.6699999999999999, 'attention_heads': 1, 'hidden_dimension': 63, 'number_of_hidden_layers': 1, 'dropout_rate': 0.1542698063547792, 'learning_rate': 0.00045443839603360173, 'weight_decay': 5.170191786366994e-05}. Best is trial 2 with value: 0.9689518803908748.
[I 2026-03-09 22:15:55,513] Trial 11 finished with value: 0.9513912906736031 and parameters: {'batch_size': 48, 'threshold': 0.8099999999999999, 'attention_heads': 1, 'hidden_dimension': 109, 'number_of_hidden_layers': 0, 'dropout_rate': 0.29737738732010344, 'learning_rate': 0.0003503398491158688, 'weight_decay': 2.497073714505272e-05}. Best is trial 2 with value: 0.9689518803908748.
[I 2026-03-10 01:13:08,947] Trial 12 finished with value: 0.959323235430505 and parameters: {'batch_size': 16, 'threshold': 0.9199999999999999, 'attention_heads': 2, 'hidden_dimension': 102, 'number_of_hidden_layers': 2, 'dropout_rate': 0.11480893034681808, 'learning_rate': 5.211124595788268e-05, 'weight_decay': 1.70505392602693e-05}. Best is trial 2 with value: 0.9689518803908748.
[I 2026-03-10 03:08:44,921] Trial 13 finished with value: 0.9592974852146383 and parameters: {'batch_size': 112, 'threshold': 0.84, 'attention_heads': 1, 'hidden_dimension': 38, 'number_of_hidden_layers': 0, 'dropout_rate': 0.16503666440534942, 'learning_rate': 0.0002878805718308924, 'weight_decay': 0.00018841476921545086}. Best is trial 2 with value: 0.9689518803908748.
[I 2026-03-10 04:53:42,209] Trial 14 finished with value: 0.9462371810688947 and parameters: {'batch_size': 120, 'threshold': 0.78, 'attention_heads': 1, 'hidden_dimension': 101, 'number_of_hidden_layers': 2, 'dropout_rate': 0.21225543951389925, 'learning_rate': 0.0003482846706526881, 'weight_decay': 9.718319944817387e-05}. Best is trial 2 with value: 0.9689518803908748.
slurmstepd: error: *** JOB 2342561 ON kn048 CANCELLED AT 2026-03-10T07:30:06 DUE TO TIME LIMIT ***
