SLURM NODE: kn043
[I 2026-03-01 05:50:09,252] Using an existing study with name 'Ohsumed-Attention_distillation' instead of creating a new one.
[UPDATE] 50 completed trials using a random sampler. Switching from random to TPE sampling.
Last trial state: 0
Enqueuing hyper-parameters: {'batch_size': 128, 'threshold': 0.95, 'attention_heads': 8, 'hidden_dimension': 32, 'number_of_hidden_layers': 2, 'dropout_rate': 0.4, 'learning_rate': 0.001, 'weight_decay': 0.0001}
[I 2026-03-01 07:07:54,590] Trial 170 finished with value: 0.6552780462223544 and parameters: {'batch_size': 128, 'threshold': 0.95, 'attention_heads': 8, 'hidden_dimension': 32, 'number_of_hidden_layers': 2, 'dropout_rate': 0.4, 'learning_rate': 0.001, 'weight_decay': 0.0001}. Best is trial 103 with value: 0.6616331571520478.
[I 2026-03-01 08:56:33,773] Trial 171 finished with value: 0.6414443630045675 and parameters: {'batch_size': 16, 'threshold': 0.95, 'attention_heads': 8, 'hidden_dimension': 32, 'number_of_hidden_layers': 2, 'dropout_rate': 0.2, 'learning_rate': 0.001, 'weight_decay': 1e-05}. Best is trial 103 with value: 0.6616331571520478.
[I 2026-03-01 14:28:59,412] Trial 172 finished with value: 0.6415393827023919 and parameters: {'batch_size': 32, 'threshold': 0.9, 'attention_heads': 8, 'hidden_dimension': 32, 'number_of_hidden_layers': 2, 'dropout_rate': 0.1, 'learning_rate': 1e-05, 'weight_decay': 0.0001}. Best is trial 103 with value: 0.6616331571520478.
[I 2026-03-01 14:29:01,585] Trial 173 pruned. Duplicate hyper-parameters, same as those used in trial 170: {'batch_size': 128, 'threshold': 0.95, 'attention_heads': 8, 'hidden_dimension': 32, 'number_of_hidden_layers': 2, 'dropout_rate': 0.4, 'learning_rate': 0.001, 'weight_decay': 0.0001}.
[I 2026-03-01 16:09:57,831] Trial 174 finished with value: 0.6498860513402697 and parameters: {'batch_size': 64, 'threshold': 0.95, 'attention_heads': 6, 'hidden_dimension': 64, 'number_of_hidden_layers': 1, 'dropout_rate': 0.2, 'learning_rate': 0.0001, 'weight_decay': 0.001}. Best is trial 103 with value: 0.6616331571520478.
[I 2026-03-01 18:18:10,326] Trial 175 finished with value: 0.6402496427447942 and parameters: {'batch_size': 16, 'threshold': 0.6, 'attention_heads': 1, 'hidden_dimension': 32, 'number_of_hidden_layers': 0, 'dropout_rate': 0.1, 'learning_rate': 0.0001, 'weight_decay': 0.001}. Best is trial 103 with value: 0.6616331571520478.
CUDA out of memory. Tried to allocate 4.87 GiB. GPU 0 has a total capacity of 44.40 GiB of which 4.10 GiB is free. Including non-PyTorch memory, this process has 40.29 GiB memory in use. Of the allocated memory 39.70 GiB is allocated by PyTorch, and 52.99 MiB is reserved by PyTorch but unallocated. If reserved but unallocated memory is large try setting PYTORCH_CUDA_ALLOC_CONF=expandable_segments:True to avoid fragmentation.  See documentation for Memory Management  (https://pytorch.org/docs/stable/notes/cuda.html#environment-variables)
[I 2026-03-01 19:27:33,270] Trial 176 finished with value: -1.0 and parameters: {'batch_size': 32, 'threshold': 0.8, 'attention_heads': 8, 'hidden_dimension': 128, 'number_of_hidden_layers': 2, 'dropout_rate': 0.4, 'learning_rate': 0.001, 'weight_decay': 0.0001}. Best is trial 103 with value: 0.6616331571520478.
[I 2026-03-01 22:30:28,986] Trial 177 finished with value: 0.6236843355167404 and parameters: {'batch_size': 128, 'threshold': 0.95, 'attention_heads': 8, 'hidden_dimension': 32, 'number_of_hidden_layers': 2, 'dropout_rate': 0.1, 'learning_rate': 1e-05, 'weight_decay': 0.0001}. Best is trial 103 with value: 0.6616331571520478.
[I 2026-03-01 23:45:56,371] Trial 178 finished with value: 0.6393535748605788 and parameters: {'batch_size': 128, 'threshold': 0.99, 'attention_heads': 8, 'hidden_dimension': 32, 'number_of_hidden_layers': 1, 'dropout_rate': 0.1, 'learning_rate': 0.001, 'weight_decay': 0.0001}. Best is trial 103 with value: 0.6616331571520478.
[I 2026-03-02 01:22:41,533] Trial 179 finished with value: 0.6579650156653705 and parameters: {'batch_size': 128, 'threshold': 0.9, 'attention_heads': 8, 'hidden_dimension': 32, 'number_of_hidden_layers': 2, 'dropout_rate': 0.1, 'learning_rate': 0.001, 'weight_decay': 0.0001}. Best is trial 103 with value: 0.6616331571520478.
[I 2026-03-02 03:14:52,432] Trial 180 finished with value: 0.6575568395798013 and parameters: {'batch_size': 32, 'threshold': 0.8, 'attention_heads': 6, 'hidden_dimension': 32, 'number_of_hidden_layers': 1, 'dropout_rate': 0.3, 'learning_rate': 0.0003, 'weight_decay': 1e-06}. Best is trial 103 with value: 0.6616331571520478.
CUDA out of memory. Tried to allocate 21.50 GiB. GPU 0 has a total capacity of 44.40 GiB of which 6.73 GiB is free. Including non-PyTorch memory, this process has 37.66 GiB memory in use. Of the allocated memory 37.08 GiB is allocated by PyTorch, and 37.67 MiB is reserved by PyTorch but unallocated. If reserved but unallocated memory is large try setting PYTORCH_CUDA_ALLOC_CONF=expandable_segments:True to avoid fragmentation.  See documentation for Memory Management  (https://pytorch.org/docs/stable/notes/cuda.html#environment-variables)
[I 2026-03-02 04:23:04,278] Trial 181 finished with value: -1.0 and parameters: {'batch_size': 128, 'threshold': 0.7, 'attention_heads': 8, 'hidden_dimension': 32, 'number_of_hidden_layers': 2, 'dropout_rate': 0.1, 'learning_rate': 0.001, 'weight_decay': 0.0001}. Best is trial 103 with value: 0.6616331571520478.
[I 2026-03-02 04:23:05,214] Trial 182 pruned. Duplicate hyper-parameters, same as those used in trial 180: {'batch_size': 32, 'threshold': 0.8, 'attention_heads': 6, 'hidden_dimension': 32, 'number_of_hidden_layers': 1, 'dropout_rate': 0.3, 'learning_rate': 0.0003, 'weight_decay': 1e-06}.
[I 2026-03-02 06:20:42,395] Trial 183 finished with value: 0.6215923393077152 and parameters: {'batch_size': 128, 'threshold': 0.99, 'attention_heads': 8, 'hidden_dimension': 32, 'number_of_hidden_layers': 0, 'dropout_rate': 0.3, 'learning_rate': 1e-05, 'weight_decay': 0.001}. Best is trial 103 with value: 0.6616331571520478.
[I 2026-03-02 09:30:12,146] Trial 184 finished with value: 0.6561223255057126 and parameters: {'batch_size': 16, 'threshold': 0.6, 'attention_heads': 8, 'hidden_dimension': 32, 'number_of_hidden_layers': 2, 'dropout_rate': 0.1, 'learning_rate': 0.001, 'weight_decay': 0.0001}. Best is trial 103 with value: 0.6616331571520478.
[I 2026-03-02 09:30:13,400] Trial 185 pruned. Duplicate hyper-parameters, same as those used in trial 184: {'batch_size': 16, 'threshold': 0.6, 'attention_heads': 8, 'hidden_dimension': 32, 'number_of_hidden_layers': 2, 'dropout_rate': 0.1, 'learning_rate': 0.001, 'weight_decay': 0.0001}.
CUDA out of memory. Tried to allocate 28.67 GiB. GPU 0 has a total capacity of 44.40 GiB of which 23.23 GiB is free. Including non-PyTorch memory, this process has 21.16 GiB memory in use. Of the allocated memory 20.54 GiB is allocated by PyTorch, and 69.34 MiB is reserved by PyTorch but unallocated. If reserved but unallocated memory is large try setting PYTORCH_CUDA_ALLOC_CONF=expandable_segments:True to avoid fragmentation.  See documentation for Memory Management  (https://pytorch.org/docs/stable/notes/cuda.html#environment-variables)
[I 2026-03-02 10:33:53,830] Trial 186 finished with value: -1.0 and parameters: {'batch_size': 128, 'threshold': 0.6, 'attention_heads': 8, 'hidden_dimension': 32, 'number_of_hidden_layers': 2, 'dropout_rate': 0.3, 'learning_rate': 0.001, 'weight_decay': 0.001}. Best is trial 103 with value: 0.6616331571520478.
[I 2026-03-02 10:33:54,730] Trial 187 pruned. Duplicate hyper-parameters, same as those used in trial 179: {'batch_size': 128, 'threshold': 0.9, 'attention_heads': 8, 'hidden_dimension': 32, 'number_of_hidden_layers': 2, 'dropout_rate': 0.1, 'learning_rate': 0.001, 'weight_decay': 0.0001}.
[I 2026-03-02 12:10:14,539] Trial 188 finished with value: 0.6452087085669411 and parameters: {'batch_size': 64, 'threshold': 0.9, 'attention_heads': 8, 'hidden_dimension': 32, 'number_of_hidden_layers': 2, 'dropout_rate': 0.2, 'learning_rate': 0.0003, 'weight_decay': 1e-05}. Best is trial 103 with value: 0.6616331571520478.
[I 2026-03-02 13:35:15,339] Trial 189 finished with value: 0.6369641937174212 and parameters: {'batch_size': 64, 'threshold': 0.99, 'attention_heads': 2, 'hidden_dimension': 32, 'number_of_hidden_layers': 2, 'dropout_rate': 0.1, 'learning_rate': 0.0001, 'weight_decay': 0.001}. Best is trial 103 with value: 0.6616331571520478.
[I 2026-03-02 14:58:01,560] Trial 190 finished with value: 0.6410816023285915 and parameters: {'batch_size': 32, 'threshold': 0.95, 'attention_heads': 4, 'hidden_dimension': 32, 'number_of_hidden_layers': 2, 'dropout_rate': 0.1, 'learning_rate': 0.001, 'weight_decay': 0.001}. Best is trial 103 with value: 0.6616331571520478.
[I 2026-03-02 14:58:02,527] Trial 191 pruned. Duplicate hyper-parameters, same as those used in trial 112: {'batch_size': 32, 'threshold': 0.9, 'attention_heads': 8, 'hidden_dimension': 32, 'number_of_hidden_layers': 2, 'dropout_rate': 0.1, 'learning_rate': 0.0003, 'weight_decay': 0.0001}.
[I 2026-03-02 16:53:50,225] Trial 192 finished with value: 0.6390449927004641 and parameters: {'batch_size': 32, 'threshold': 0.9, 'attention_heads': 6, 'hidden_dimension': 64, 'number_of_hidden_layers': 2, 'dropout_rate': 0.4, 'learning_rate': 0.0003, 'weight_decay': 0.0001}. Best is trial 103 with value: 0.6616331571520478.
[I 2026-03-02 18:34:02,023] Trial 193 finished with value: 0.6357639446380453 and parameters: {'batch_size': 32, 'threshold': 0.8, 'attention_heads': 4, 'hidden_dimension': 32, 'number_of_hidden_layers': 1, 'dropout_rate': 0.1, 'learning_rate': 0.0003, 'weight_decay': 1e-06}. Best is trial 103 with value: 0.6616331571520478.
[I 2026-03-02 20:17:36,483] Trial 194 finished with value: 0.639108345261127 and parameters: {'batch_size': 32, 'threshold': 0.95, 'attention_heads': 6, 'hidden_dimension': 32, 'number_of_hidden_layers': 1, 'dropout_rate': 0.3, 'learning_rate': 0.0001, 'weight_decay': 1e-06}. Best is trial 103 with value: 0.6616331571520478.
CUDA out of memory. Tried to allocate 4.78 GiB. GPU 0 has a total capacity of 44.40 GiB of which 4.52 GiB is free. Including non-PyTorch memory, this process has 39.87 GiB memory in use. Of the allocated memory 39.28 GiB is allocated by PyTorch, and 43.22 MiB is reserved by PyTorch but unallocated. If reserved but unallocated memory is large try setting PYTORCH_CUDA_ALLOC_CONF=expandable_segments:True to avoid fragmentation.  See documentation for Memory Management  (https://pytorch.org/docs/stable/notes/cuda.html#environment-variables)
[I 2026-03-02 21:20:54,121] Trial 195 finished with value: -1.0 and parameters: {'batch_size': 128, 'threshold': 0.8, 'attention_heads': 8, 'hidden_dimension': 32, 'number_of_hidden_layers': 0, 'dropout_rate': 0.3, 'learning_rate': 0.001, 'weight_decay': 0.0001}. Best is trial 103 with value: 0.6616331571520478.
[I 2026-03-02 23:27:41,899] Trial 196 finished with value: 0.6611378779836913 and parameters: {'batch_size': 32, 'threshold': 0.7, 'attention_heads': 8, 'hidden_dimension': 32, 'number_of_hidden_layers': 0, 'dropout_rate': 0.3, 'learning_rate': 0.0003, 'weight_decay': 1e-06}. Best is trial 103 with value: 0.6616331571520478.
[I 2026-03-02 23:27:42,953] Trial 197 pruned. Duplicate hyper-parameters, same as those used in trial 196: {'batch_size': 32, 'threshold': 0.7, 'attention_heads': 8, 'hidden_dimension': 32, 'number_of_hidden_layers': 0, 'dropout_rate': 0.3, 'learning_rate': 0.0003, 'weight_decay': 1e-06}.
[I 2026-03-03 01:18:41,681] Trial 198 finished with value: 0.636455265995028 and parameters: {'batch_size': 128, 'threshold': 0.9, 'attention_heads': 1, 'hidden_dimension': 32, 'number_of_hidden_layers': 2, 'dropout_rate': 0.1, 'learning_rate': 0.0001, 'weight_decay': 0.0001}. Best is trial 103 with value: 0.6616331571520478.
CUDA out of memory. Tried to allocate 4.66 GiB. GPU 0 has a total capacity of 44.40 GiB of which 924.31 MiB is free. Including non-PyTorch memory, this process has 43.48 GiB memory in use. Of the allocated memory 42.90 GiB is allocated by PyTorch, and 39.23 MiB is reserved by PyTorch but unallocated. If reserved but unallocated memory is large try setting PYTORCH_CUDA_ALLOC_CONF=expandable_segments:True to avoid fragmentation.  See documentation for Memory Management  (https://pytorch.org/docs/stable/notes/cuda.html#environment-variables)
[I 2026-03-03 02:28:00,297] Trial 199 finished with value: -1.0 and parameters: {'batch_size': 64, 'threshold': 0.6, 'attention_heads': 8, 'hidden_dimension': 32, 'number_of_hidden_layers': 0, 'dropout_rate': 0.1, 'learning_rate': 0.0001, 'weight_decay': 0.0001}. Best is trial 103 with value: 0.6616331571520478.
[I 2026-03-03 03:56:52,369] Trial 200 finished with value: 0.651992649376979 and parameters: {'batch_size': 32, 'threshold': 0.99, 'attention_heads': 8, 'hidden_dimension': 32, 'number_of_hidden_layers': 0, 'dropout_rate': 0.4, 'learning_rate': 0.0003, 'weight_decay': 0.0001}. Best is trial 103 with value: 0.6616331571520478.
[I 2026-03-03 14:20:15,094] Trial 201 finished with value: 0.6513531117468001 and parameters: {'batch_size': 16, 'threshold': 0.6, 'attention_heads': 8, 'hidden_dimension': 32, 'number_of_hidden_layers': 2, 'dropout_rate': 0.3, 'learning_rate': 1e-05, 'weight_decay': 1e-06}. Best is trial 103 with value: 0.6616331571520478.
[I 2026-03-03 15:43:25,072] Trial 202 finished with value: 0.6339266593752153 and parameters: {'batch_size': 128, 'threshold': 0.9, 'attention_heads': 2, 'hidden_dimension': 32, 'number_of_hidden_layers': 2, 'dropout_rate': 0.1, 'learning_rate': 0.0003, 'weight_decay': 1e-05}. Best is trial 103 with value: 0.6616331571520478.
[I 2026-03-03 17:13:07,227] Trial 203 finished with value: 0.6207252198151317 and parameters: {'batch_size': 32, 'threshold': 0.99, 'attention_heads': 8, 'hidden_dimension': 128, 'number_of_hidden_layers': 0, 'dropout_rate': 0.3, 'learning_rate': 0.001, 'weight_decay': 1e-06}. Best is trial 103 with value: 0.6616331571520478.
[I 2026-03-03 18:52:27,585] Trial 204 finished with value: 0.63840480969649 and parameters: {'batch_size': 16, 'threshold': 0.99, 'attention_heads': 8, 'hidden_dimension': 32, 'number_of_hidden_layers': 1, 'dropout_rate': 0.3, 'learning_rate': 0.001, 'weight_decay': 1e-05}. Best is trial 103 with value: 0.6616331571520478.
CUDA out of memory. Tried to allocate 19.11 GiB. GPU 0 has a total capacity of 44.40 GiB of which 4.42 GiB is free. Including non-PyTorch memory, this process has 39.96 GiB memory in use. Of the allocated memory 39.40 GiB is allocated by PyTorch, and 16.78 MiB is reserved by PyTorch but unallocated. If reserved but unallocated memory is large try setting PYTORCH_CUDA_ALLOC_CONF=expandable_segments:True to avoid fragmentation.  See documentation for Memory Management  (https://pytorch.org/docs/stable/notes/cuda.html#environment-variables)
[I 2026-03-03 19:57:17,532] Trial 205 finished with value: -1.0 and parameters: {'batch_size': 128, 'threshold': 0.6, 'attention_heads': 8, 'hidden_dimension': 128, 'number_of_hidden_layers': 2, 'dropout_rate': 0.1, 'learning_rate': 0.001, 'weight_decay': 0.0001}. Best is trial 103 with value: 0.6616331571520478.
[I 2026-03-03 21:59:45,511] Trial 206 finished with value: 0.6641207624901788 and parameters: {'batch_size': 32, 'threshold': 0.7, 'attention_heads': 8, 'hidden_dimension': 32, 'number_of_hidden_layers': 0, 'dropout_rate': 0.2, 'learning_rate': 0.0003, 'weight_decay': 1e-05}. Best is trial 206 with value: 0.6641207624901788.
[I 2026-03-03 21:59:46,413] Trial 207 pruned. Duplicate hyper-parameters, same as those used in trial 206: {'batch_size': 32, 'threshold': 0.7, 'attention_heads': 8, 'hidden_dimension': 32, 'number_of_hidden_layers': 0, 'dropout_rate': 0.2, 'learning_rate': 0.0003, 'weight_decay': 1e-05}.
CUDA out of memory. Tried to allocate 7.41 GiB. GPU 0 has a total capacity of 44.40 GiB of which 6.23 GiB is free. Including non-PyTorch memory, this process has 38.15 GiB memory in use. Of the allocated memory 37.57 GiB is allocated by PyTorch, and 36.22 MiB is reserved by PyTorch but unallocated. If reserved but unallocated memory is large try setting PYTORCH_CUDA_ALLOC_CONF=expandable_segments:True to avoid fragmentation.  See documentation for Memory Management  (https://pytorch.org/docs/stable/notes/cuda.html#environment-variables)
[I 2026-03-03 23:02:51,782] Trial 208 finished with value: -1.0 and parameters: {'batch_size': 64, 'threshold': 0.7, 'attention_heads': 8, 'hidden_dimension': 32, 'number_of_hidden_layers': 0, 'dropout_rate': 0.3, 'learning_rate': 0.0003, 'weight_decay': 0.0001}. Best is trial 206 with value: 0.6641207624901788.
[I 2026-03-04 00:40:46,869] Trial 209 finished with value: 0.6416682606971778 and parameters: {'batch_size': 32, 'threshold': 0.9, 'attention_heads': 8, 'hidden_dimension': 32, 'number_of_hidden_layers': 1, 'dropout_rate': 0.4, 'learning_rate': 0.0003, 'weight_decay': 1e-06}. Best is trial 206 with value: 0.6641207624901788.
[I 2026-03-04 01:55:34,874] Trial 210 finished with value: 0.6540276301551711 and parameters: {'batch_size': 128, 'threshold': 0.95, 'attention_heads': 8, 'hidden_dimension': 32, 'number_of_hidden_layers': 0, 'dropout_rate': 0.1, 'learning_rate': 0.001, 'weight_decay': 0.0001}. Best is trial 206 with value: 0.6641207624901788.
CUDA out of memory. Tried to allocate 6.14 GiB. GPU 0 has a total capacity of 44.40 GiB of which 2.93 GiB is free. Including non-PyTorch memory, this process has 41.45 GiB memory in use. Of the allocated memory 40.82 GiB is allocated by PyTorch, and 92.47 MiB is reserved by PyTorch but unallocated. If reserved but unallocated memory is large try setting PYTORCH_CUDA_ALLOC_CONF=expandable_segments:True to avoid fragmentation.  See documentation for Memory Management  (https://pytorch.org/docs/stable/notes/cuda.html#environment-variables)
[I 2026-03-04 02:57:59,978] Trial 211 finished with value: -1.0 and parameters: {'batch_size': 64, 'threshold': 0.7, 'attention_heads': 6, 'hidden_dimension': 32, 'number_of_hidden_layers': 2, 'dropout_rate': 0.1, 'learning_rate': 0.0003, 'weight_decay': 1e-06}. Best is trial 206 with value: 0.6641207624901788.
[I 2026-03-04 04:06:10,904] Trial 212 finished with value: 0.6446627298183696 and parameters: {'batch_size': 128, 'threshold': 0.95, 'attention_heads': 1, 'hidden_dimension': 32, 'number_of_hidden_layers': 0, 'dropout_rate': 0.1, 'learning_rate': 0.001, 'weight_decay': 0.0001}. Best is trial 206 with value: 0.6641207624901788.
[I 2026-03-04 05:34:43,168] Trial 213 finished with value: 0.6445625576036189 and parameters: {'batch_size': 64, 'threshold': 0.9, 'attention_heads': 6, 'hidden_dimension': 32, 'number_of_hidden_layers': 1, 'dropout_rate': 0.3, 'learning_rate': 0.0003, 'weight_decay': 1e-06}. Best is trial 206 with value: 0.6641207624901788.
[I 2026-03-04 05:34:44,248] Trial 214 pruned. Duplicate hyper-parameters, same as those used in trial 210: {'batch_size': 128, 'threshold': 0.95, 'attention_heads': 8, 'hidden_dimension': 32, 'number_of_hidden_layers': 0, 'dropout_rate': 0.1, 'learning_rate': 0.001, 'weight_decay': 0.0001}.
slurmstepd: error: *** JOB 2303094 ON kn043 CANCELLED AT 2026-03-04T05:49:46 DUE TO TIME LIMIT ***
