[I 2026-02-28 17:39:13,406] Trial 151 finished with value: -1.0 and parameters: {'batch_size': 128, 'threshold': 0.8, 'attention_heads': 8, 'hidden_dimension': 32, 'number_of_hidden_layers': 2, 'dropout_rate': 0.1, 'learning_rate': 0.0003, 'weight_decay': 1e-05}. Best is trial 103 with value: 0.6616331571520478.
[I 2026-02-28 18:51:18,750] Trial 152 finished with value: 0.6484023250542414 and parameters: {'batch_size': 32, 'threshold': 0.6, 'attention_heads': 4, 'hidden_dimension': 32, 'number_of_hidden_layers': 2, 'dropout_rate': 0.1, 'learning_rate': 0.0003, 'weight_decay': 1e-06}. Best is trial 103 with value: 0.6616331571520478.
[I 2026-02-28 19:40:23,559] Trial 153 finished with value: 0.6433347982430336 and parameters: {'batch_size': 128, 'threshold': 0.95, 'attention_heads': 8, 'hidden_dimension': 64, 'number_of_hidden_layers': 2, 'dropout_rate': 0.1, 'learning_rate': 0.001, 'weight_decay': 0.0001}. Best is trial 103 with value: 0.6616331571520478.
[I 2026-02-28 20:19:08,287] Trial 154 finished with value: 0.6601622508248021 and parameters: {'batch_size': 128, 'threshold': 0.95, 'attention_heads': 8, 'hidden_dimension': 32, 'number_of_hidden_layers': 2, 'dropout_rate': 0.1, 'learning_rate': 0.001, 'weight_decay': 0.001}. Best is trial 103 with value: 0.6616331571520478.
[I 2026-02-28 20:19:08,928] Trial 155 pruned. Duplicate hyper-parameters, same as those used in trial 154: {'batch_size': 128, 'threshold': 0.95, 'attention_heads': 8, 'hidden_dimension': 32, 'number_of_hidden_layers': 2, 'dropout_rate': 0.1, 'learning_rate': 0.001, 'weight_decay': 0.001}.
[I 2026-02-28 21:02:51,018] Trial 156 finished with value: 0.6548579084974085 and parameters: {'batch_size': 32, 'threshold': 0.95, 'attention_heads': 8, 'hidden_dimension': 32, 'number_of_hidden_layers': 2, 'dropout_rate': 0.1, 'learning_rate': 0.001, 'weight_decay': 0.0001}. Best is trial 103 with value: 0.6616331571520478.
[I 2026-02-28 21:43:02,978] Trial 157 finished with value: 0.6512822510218327 and parameters: {'batch_size': 64, 'threshold': 0.95, 'attention_heads': 8, 'hidden_dimension': 32, 'number_of_hidden_layers': 2, 'dropout_rate': 0.1, 'learning_rate': 0.001, 'weight_decay': 0.0001}. Best is trial 103 with value: 0.6616331571520478.
[I 2026-02-28 22:26:49,792] Trial 158 finished with value: 0.6418062470412407 and parameters: {'batch_size': 32, 'threshold': 0.95, 'attention_heads': 8, 'hidden_dimension': 32, 'number_of_hidden_layers': 2, 'dropout_rate': 0.3, 'learning_rate': 0.001, 'weight_decay': 0.0001}. Best is trial 103 with value: 0.6616331571520478.
[I 2026-02-28 23:22:08,429] Trial 159 finished with value: 0.6589617814086136 and parameters: {'batch_size': 32, 'threshold': 0.8, 'attention_heads': 8, 'hidden_dimension': 32, 'number_of_hidden_layers': 0, 'dropout_rate': 0.3, 'learning_rate': 0.0003, 'weight_decay': 0.0001}. Best is trial 103 with value: 0.6616331571520478.
[I 2026-02-28 23:22:09,119] Trial 160 pruned. Duplicate hyper-parameters, same as those used in trial 159: {'batch_size': 32, 'threshold': 0.8, 'attention_heads': 8, 'hidden_dimension': 32, 'number_of_hidden_layers': 0, 'dropout_rate': 0.3, 'learning_rate': 0.0003, 'weight_decay': 0.0001}.
[I 2026-02-28 23:22:09,732] Trial 161 pruned. Duplicate hyper-parameters, same as those used in trial 156: {'batch_size': 32, 'threshold': 0.95, 'attention_heads': 8, 'hidden_dimension': 32, 'number_of_hidden_layers': 2, 'dropout_rate': 0.1, 'learning_rate': 0.001, 'weight_decay': 0.0001}.
[I 2026-02-28 23:57:00,016] Trial 162 finished with value: 0.6474929297697916 and parameters: {'batch_size': 128, 'threshold': 0.95, 'attention_heads': 6, 'hidden_dimension': 32, 'number_of_hidden_layers': 1, 'dropout_rate': 0.3, 'learning_rate': 0.001, 'weight_decay': 0.001}. Best is trial 103 with value: 0.6616331571520478.
CUDA out of memory. Tried to allocate 5.96 GiB. GPU 0 has a total capacity of 44.40 GiB of which 3.69 GiB is free. Including non-PyTorch memory, this process has 40.70 GiB memory in use. Of the allocated memory 40.05 GiB is allocated by PyTorch, and 98.04 MiB is reserved by PyTorch but unallocated. If reserved but unallocated memory is large try setting PYTORCH_CUDA_ALLOC_CONF=expandable_segments:True to avoid fragmentation.  See documentation for Memory Management  (https://pytorch.org/docs/stable/notes/cuda.html#environment-variables)
[I 2026-03-01 01:03:23,444] Trial 163 finished with value: -1.0 and parameters: {'batch_size': 128, 'threshold': 0.9, 'attention_heads': 8, 'hidden_dimension': 32, 'number_of_hidden_layers': 2, 'dropout_rate': 0.1, 'learning_rate': 1e-05, 'weight_decay': 0.001}. Best is trial 103 with value: 0.6616331571520478.
[I 2026-03-01 01:34:13,707] Trial 164 finished with value: 0.6419775054958609 and parameters: {'batch_size': 128, 'threshold': 0.95, 'attention_heads': 2, 'hidden_dimension': 32, 'number_of_hidden_layers': 0, 'dropout_rate': 0.3, 'learning_rate': 0.001, 'weight_decay': 1e-06}. Best is trial 103 with value: 0.6616331571520478.
[I 2026-03-01 02:43:29,325] Trial 165 finished with value: 0.6471559822128421 and parameters: {'batch_size': 32, 'threshold': 0.8, 'attention_heads': 8, 'hidden_dimension': 32, 'number_of_hidden_layers': 2, 'dropout_rate': 0.3, 'learning_rate': 0.0003, 'weight_decay': 0.001}. Best is trial 103 with value: 0.6616331571520478.
[I 2026-03-01 03:23:23,704] Trial 166 finished with value: 0.6495348653229082 and parameters: {'batch_size': 128, 'threshold': 0.95, 'attention_heads': 8, 'hidden_dimension': 32, 'number_of_hidden_layers': 1, 'dropout_rate': 0.1, 'learning_rate': 0.0003, 'weight_decay': 1e-06}. Best is trial 103 with value: 0.6616331571520478.
[I 2026-03-01 04:13:04,082] Trial 167 finished with value: 0.6513924239753758 and parameters: {'batch_size': 64, 'threshold': 0.6, 'attention_heads': 1, 'hidden_dimension': 64, 'number_of_hidden_layers': 2, 'dropout_rate': 0.1, 'learning_rate': 0.001, 'weight_decay': 1e-05}. Best is trial 103 with value: 0.6616331571520478.
[I 2026-03-01 05:08:07,748] Trial 168 finished with value: 0.6441584164801808 and parameters: {'batch_size': 64, 'threshold': 0.9, 'attention_heads': 6, 'hidden_dimension': 32, 'number_of_hidden_layers': 1, 'dropout_rate': 0.4, 'learning_rate': 0.0001, 'weight_decay': 0.0001}. Best is trial 103 with value: 0.6616331571520478.
slurmstepd: error: *** JOB 2282391 ON kn053 CANCELLED AT 2026-03-01T05:36:51 DUE TO TIME LIMIT ***
