SLURM NODE: kn083
[I 2026-03-28 06:29:15,377] Using an existing study with name 'IMDb-Attention_distillation' instead of creating a new one.
Last trial state: 0
Enqueuing hyper-parameters: {'batch_size': 16, 'threshold': 0.9, 'attention_heads': 1, 'hidden_dimension': 128, 'number_of_hidden_layers': 1, 'dropout_rate': 0.3, 'learning_rate': 0.001, 'weight_decay': 0.0001}
[I 2026-03-28 10:11:08,538] Trial 177 finished with value: 0.9386 and parameters: {'batch_size': 16, 'threshold': 0.9, 'attention_heads': 1, 'hidden_dimension': 128, 'number_of_hidden_layers': 1, 'dropout_rate': 0.3, 'learning_rate': 0.001, 'weight_decay': 0.0001}. Best is trial 177 with value: 0.9386.
[UPDATE] 50 completed trials using a random sampler. Switching from random to TPE sampling.
[I 2026-03-28 10:11:09,262] Trial 178 pruned. Duplicate hyper-parameters, same as those used in trial 171: {'batch_size': 32, 'threshold': 0.6, 'attention_heads': 1, 'hidden_dimension': 32, 'number_of_hidden_layers': 0, 'dropout_rate': 0.3, 'learning_rate': 0.0001, 'weight_decay': 1e-05}.
[I 2026-03-28 10:11:09,985] Trial 179 pruned. Duplicate hyper-parameters, same as those used in trial 160: {'batch_size': 64, 'threshold': 0.9, 'attention_heads': 4, 'hidden_dimension': 32, 'number_of_hidden_layers': 0, 'dropout_rate': 0.4, 'learning_rate': 0.001, 'weight_decay': 0.0001}.
[I 2026-03-28 10:11:10,700] Trial 180 pruned. Duplicate hyper-parameters, same as those used in trial 163: {'batch_size': 32, 'threshold': 0.9, 'attention_heads': 4, 'hidden_dimension': 64, 'number_of_hidden_layers': 1, 'dropout_rate': 0.4, 'learning_rate': 0.001, 'weight_decay': 0.001}.
[I 2026-03-28 10:11:11,468] Trial 181 pruned. Duplicate hyper-parameters, same as those used in trial 159: {'batch_size': 64, 'threshold': 0.8, 'attention_heads': 1, 'hidden_dimension': 64, 'number_of_hidden_layers': 2, 'dropout_rate': 0.3, 'learning_rate': 0.001, 'weight_decay': 1e-05}.
[I 2026-03-28 13:19:40,853] Trial 182 finished with value: 0.9354 and parameters: {'batch_size': 32, 'threshold': 0.95, 'attention_heads': 6, 'hidden_dimension': 32, 'number_of_hidden_layers': 2, 'dropout_rate': 0.1, 'learning_rate': 0.001, 'weight_decay': 1e-05}. Best is trial 177 with value: 0.9386.
[I 2026-03-28 13:19:41,570] Trial 183 pruned. Duplicate hyper-parameters, same as those used in trial 177: {'batch_size': 16, 'threshold': 0.9, 'attention_heads': 1, 'hidden_dimension': 128, 'number_of_hidden_layers': 1, 'dropout_rate': 0.3, 'learning_rate': 0.001, 'weight_decay': 0.0001}.
[I 2026-03-28 13:19:42,277] Trial 184 pruned. Duplicate hyper-parameters, same as those used in trial 172: {'batch_size': 32, 'threshold': 0.95, 'attention_heads': 6, 'hidden_dimension': 32, 'number_of_hidden_layers': 2, 'dropout_rate': 0.1, 'learning_rate': 0.001, 'weight_decay': 1e-06}.
[I 2026-03-28 15:54:26,725] Trial 185 finished with value: 0.9328 and parameters: {'batch_size': 64, 'threshold': 0.99, 'attention_heads': 1, 'hidden_dimension': 64, 'number_of_hidden_layers': 1, 'dropout_rate': 0.1, 'learning_rate': 1e-05, 'weight_decay': 0.001}. Best is trial 177 with value: 0.9386.
[I 2026-03-28 15:54:27,510] Trial 186 pruned. Duplicate hyper-parameters, same as those used in trial 168: {'batch_size': 64, 'threshold': 0.9, 'attention_heads': 1, 'hidden_dimension': 64, 'number_of_hidden_layers': 1, 'dropout_rate': 0.1, 'learning_rate': 1e-05, 'weight_decay': 0.001}.
[I 2026-03-28 19:08:02,668] Trial 187 finished with value: 0.9342 and parameters: {'batch_size': 32, 'threshold': 0.95, 'attention_heads': 6, 'hidden_dimension': 32, 'number_of_hidden_layers': 2, 'dropout_rate': 0.4, 'learning_rate': 0.001, 'weight_decay': 1e-05}. Best is trial 177 with value: 0.9386.
[I 2026-03-28 22:46:13,049] Trial 188 finished with value: 0.9346 and parameters: {'batch_size': 16, 'threshold': 0.95, 'attention_heads': 8, 'hidden_dimension': 32, 'number_of_hidden_layers': 0, 'dropout_rate': 0.3, 'learning_rate': 0.001, 'weight_decay': 0.001}. Best is trial 177 with value: 0.9386.
[I 2026-03-28 22:46:13,774] Trial 189 pruned. Duplicate hyper-parameters, same as those used in trial 188: {'batch_size': 16, 'threshold': 0.95, 'attention_heads': 8, 'hidden_dimension': 32, 'number_of_hidden_layers': 0, 'dropout_rate': 0.3, 'learning_rate': 0.001, 'weight_decay': 0.001}.
CUDA out of memory. Tried to allocate 21.13 GiB. GPU 0 has a total capacity of 44.40 GiB of which 7.75 GiB is free. Including non-PyTorch memory, this process has 36.64 GiB memory in use. Of the allocated memory 36.03 GiB is allocated by PyTorch, and 64.75 MiB is reserved by PyTorch but unallocated. If reserved but unallocated memory is large try setting PYTORCH_CUDA_ALLOC_CONF=expandable_segments:True to avoid fragmentation.  See documentation for Memory Management  (https://pytorch.org/docs/stable/notes/cuda.html#environment-variables)
[I 2026-03-29 00:50:07,003] Trial 190 finished with value: -1.0 and parameters: {'batch_size': 64, 'threshold': 0.7, 'attention_heads': 4, 'hidden_dimension': 128, 'number_of_hidden_layers': 0, 'dropout_rate': 0.3, 'learning_rate': 0.001, 'weight_decay': 0.001}. Best is trial 177 with value: 0.9386.
CUDA out of memory. Tried to allocate 21.68 GiB. GPU 0 has a total capacity of 44.40 GiB of which 6.57 GiB is free. Including non-PyTorch memory, this process has 37.82 GiB memory in use. Of the allocated memory 37.19 GiB is allocated by PyTorch, and 83.81 MiB is reserved by PyTorch but unallocated. If reserved but unallocated memory is large try setting PYTORCH_CUDA_ALLOC_CONF=expandable_segments:True to avoid fragmentation.  See documentation for Memory Management  (https://pytorch.org/docs/stable/notes/cuda.html#environment-variables)
[I 2026-03-29 02:54:01,161] Trial 191 finished with value: -1.0 and parameters: {'batch_size': 128, 'threshold': 0.8, 'attention_heads': 6, 'hidden_dimension': 64, 'number_of_hidden_layers': 2, 'dropout_rate': 0.2, 'learning_rate': 0.0001, 'weight_decay': 0.001}. Best is trial 177 with value: 0.9386.
[I 2026-03-29 05:57:10,534] Trial 192 finished with value: 0.935 and parameters: {'batch_size': 64, 'threshold': 0.95, 'attention_heads': 8, 'hidden_dimension': 32, 'number_of_hidden_layers': 1, 'dropout_rate': 0.2, 'learning_rate': 0.0001, 'weight_decay': 1e-06}. Best is trial 177 with value: 0.9386.
[I 2026-03-29 05:57:11,232] Trial 193 pruned. Duplicate hyper-parameters, same as those used in trial 182: {'batch_size': 32, 'threshold': 0.95, 'attention_heads': 6, 'hidden_dimension': 32, 'number_of_hidden_layers': 2, 'dropout_rate': 0.1, 'learning_rate': 0.001, 'weight_decay': 1e-05}.
[I 2026-03-29 08:23:53,569] Trial 194 finished with value: 0.9366 and parameters: {'batch_size': 64, 'threshold': 0.95, 'attention_heads': 1, 'hidden_dimension': 32, 'number_of_hidden_layers': 1, 'dropout_rate': 0.2, 'learning_rate': 0.0001, 'weight_decay': 1e-05}. Best is trial 177 with value: 0.9386.
[I 2026-03-29 08:23:54,219] Trial 195 pruned. Duplicate hyper-parameters, same as those used in trial 194: {'batch_size': 64, 'threshold': 0.95, 'attention_heads': 1, 'hidden_dimension': 32, 'number_of_hidden_layers': 1, 'dropout_rate': 0.2, 'learning_rate': 0.0001, 'weight_decay': 1e-05}.
[I 2026-03-29 11:53:50,194] Trial 196 finished with value: 0.9356 and parameters: {'batch_size': 32, 'threshold': 0.6, 'attention_heads': 1, 'hidden_dimension': 32, 'number_of_hidden_layers': 2, 'dropout_rate': 0.1, 'learning_rate': 0.0001, 'weight_decay': 1e-05}. Best is trial 177 with value: 0.9386.
[I 2026-03-29 11:53:50,925] Trial 197 pruned. Duplicate hyper-parameters, same as those used in trial 196: {'batch_size': 32, 'threshold': 0.6, 'attention_heads': 1, 'hidden_dimension': 32, 'number_of_hidden_layers': 2, 'dropout_rate': 0.1, 'learning_rate': 0.0001, 'weight_decay': 1e-05}.
[I 2026-03-29 11:53:51,615] Trial 198 pruned. Duplicate hyper-parameters, same as those used in trial 192: {'batch_size': 64, 'threshold': 0.95, 'attention_heads': 8, 'hidden_dimension': 32, 'number_of_hidden_layers': 1, 'dropout_rate': 0.2, 'learning_rate': 0.0001, 'weight_decay': 1e-06}.
CUDA out of memory. Tried to allocate 6.48 GiB. GPU 0 has a total capacity of 44.40 GiB of which 5.82 GiB is free. Including non-PyTorch memory, this process has 38.56 GiB memory in use. Of the allocated memory 37.92 GiB is allocated by PyTorch, and 100.99 MiB is reserved by PyTorch but unallocated. If reserved but unallocated memory is large try setting PYTORCH_CUDA_ALLOC_CONF=expandable_segments:True to avoid fragmentation.  See documentation for Memory Management  (https://pytorch.org/docs/stable/notes/cuda.html#environment-variables)
[I 2026-03-29 14:11:09,040] Trial 199 finished with value: -1.0 and parameters: {'batch_size': 32, 'threshold': 0.6, 'attention_heads': 6, 'hidden_dimension': 32, 'number_of_hidden_layers': 1, 'dropout_rate': 0.1, 'learning_rate': 0.001, 'weight_decay': 1e-06}. Best is trial 177 with value: 0.9386.
[I 2026-03-29 17:11:29,951] Trial 200 finished with value: 0.9356 and parameters: {'batch_size': 64, 'threshold': 0.95, 'attention_heads': 6, 'hidden_dimension': 32, 'number_of_hidden_layers': 1, 'dropout_rate': 0.3, 'learning_rate': 0.0001, 'weight_decay': 0.001}. Best is trial 177 with value: 0.9386.
[I 2026-03-29 21:26:04,078] Trial 201 finished with value: 0.938 and parameters: {'batch_size': 64, 'threshold': 0.8, 'attention_heads': 1, 'hidden_dimension': 128, 'number_of_hidden_layers': 2, 'dropout_rate': 0.3, 'learning_rate': 0.001, 'weight_decay': 1e-06}. Best is trial 177 with value: 0.9386.
[I 2026-03-29 21:26:04,822] Trial 202 pruned. Duplicate hyper-parameters, same as those used in trial 201: {'batch_size': 64, 'threshold': 0.8, 'attention_heads': 1, 'hidden_dimension': 128, 'number_of_hidden_layers': 2, 'dropout_rate': 0.3, 'learning_rate': 0.001, 'weight_decay': 1e-06}.
[I 2026-03-30 00:30:06,834] Trial 203 finished with value: 0.9358 and parameters: {'batch_size': 64, 'threshold': 0.95, 'attention_heads': 6, 'hidden_dimension': 32, 'number_of_hidden_layers': 1, 'dropout_rate': 0.3, 'learning_rate': 1e-05, 'weight_decay': 0.001}. Best is trial 177 with value: 0.9386.
[I 2026-03-30 00:30:07,654] Trial 204 pruned. Duplicate hyper-parameters, same as those used in trial 203: {'batch_size': 64, 'threshold': 0.95, 'attention_heads': 6, 'hidden_dimension': 32, 'number_of_hidden_layers': 1, 'dropout_rate': 0.3, 'learning_rate': 1e-05, 'weight_decay': 0.001}.
[I 2026-03-30 00:30:08,395] Trial 205 pruned. Duplicate hyper-parameters, same as those used in trial 200: {'batch_size': 64, 'threshold': 0.95, 'attention_heads': 6, 'hidden_dimension': 32, 'number_of_hidden_layers': 1, 'dropout_rate': 0.3, 'learning_rate': 0.0001, 'weight_decay': 0.001}.
CUDA out of memory. Tried to allocate 7.28 GiB. GPU 0 has a total capacity of 44.40 GiB of which 6.80 GiB is free. Including non-PyTorch memory, this process has 37.58 GiB memory in use. Of the allocated memory 36.98 GiB is allocated by PyTorch, and 58.26 MiB is reserved by PyTorch but unallocated. If reserved but unallocated memory is large try setting PYTORCH_CUDA_ALLOC_CONF=expandable_segments:True to avoid fragmentation.  See documentation for Memory Management  (https://pytorch.org/docs/stable/notes/cuda.html#environment-variables)
[I 2026-03-30 02:59:13,001] Trial 206 finished with value: -1.0 and parameters: {'batch_size': 64, 'threshold': 0.95, 'attention_heads': 6, 'hidden_dimension': 128, 'number_of_hidden_layers': 1, 'dropout_rate': 0.2, 'learning_rate': 0.0001, 'weight_decay': 0.001}. Best is trial 177 with value: 0.9386.
CUDA out of memory. Tried to allocate 6.62 GiB. GPU 0 has a total capacity of 44.40 GiB of which 4.94 GiB is free. Including non-PyTorch memory, this process has 39.44 GiB memory in use. Of the allocated memory 38.81 GiB is allocated by PyTorch, and 82.28 MiB is reserved by PyTorch but unallocated. If reserved but unallocated memory is large try setting PYTORCH_CUDA_ALLOC_CONF=expandable_segments:True to avoid fragmentation.  See documentation for Memory Management  (https://pytorch.org/docs/stable/notes/cuda.html#environment-variables)
[I 2026-03-30 05:06:59,760] Trial 207 finished with value: -1.0 and parameters: {'batch_size': 64, 'threshold': 0.7, 'attention_heads': 6, 'hidden_dimension': 32, 'number_of_hidden_layers': 1, 'dropout_rate': 0.1, 'learning_rate': 0.0001, 'weight_decay': 0.001}. Best is trial 177 with value: 0.9386.
[I 2026-03-30 08:00:55,158] Trial 208 finished with value: 0.9372 and parameters: {'batch_size': 32, 'threshold': 0.9, 'attention_heads': 1, 'hidden_dimension': 64, 'number_of_hidden_layers': 1, 'dropout_rate': 0.3, 'learning_rate': 0.001, 'weight_decay': 0.001}. Best is trial 177 with value: 0.9386.
[I 2026-03-30 11:45:15,116] Trial 209 finished with value: 0.9328 and parameters: {'batch_size': 16, 'threshold': 0.9, 'attention_heads': 1, 'hidden_dimension': 64, 'number_of_hidden_layers': 1, 'dropout_rate': 0.4, 'learning_rate': 0.001, 'weight_decay': 0.001}. Best is trial 177 with value: 0.9386.
[I 2026-03-30 11:45:15,905] Trial 210 pruned. Duplicate hyper-parameters, same as those used in trial 208: {'batch_size': 32, 'threshold': 0.9, 'attention_heads': 1, 'hidden_dimension': 64, 'number_of_hidden_layers': 1, 'dropout_rate': 0.3, 'learning_rate': 0.001, 'weight_decay': 0.001}.
[I 2026-03-30 14:37:24,423] Trial 211 finished with value: 0.936 and parameters: {'batch_size': 128, 'threshold': 0.95, 'attention_heads': 6, 'hidden_dimension': 32, 'number_of_hidden_layers': 1, 'dropout_rate': 0.4, 'learning_rate': 0.0001, 'weight_decay': 0.001}. Best is trial 177 with value: 0.9386.
[I 2026-03-30 17:21:40,384] Trial 212 finished with value: 0.936 and parameters: {'batch_size': 128, 'threshold': 0.95, 'attention_heads': 6, 'hidden_dimension': 32, 'number_of_hidden_layers': 1, 'dropout_rate': 0.4, 'learning_rate': 0.0001, 'weight_decay': 1e-05}. Best is trial 177 with value: 0.9386.
[I 2026-03-30 19:56:00,396] Trial 213 finished with value: 0.937 and parameters: {'batch_size': 128, 'threshold': 0.95, 'attention_heads': 4, 'hidden_dimension': 32, 'number_of_hidden_layers': 1, 'dropout_rate': 0.4, 'learning_rate': 0.0001, 'weight_decay': 0.001}. Best is trial 177 with value: 0.9386.
[I 2026-03-30 19:56:01,102] Trial 214 pruned. Duplicate hyper-parameters, same as those used in trial 212: {'batch_size': 128, 'threshold': 0.95, 'attention_heads': 6, 'hidden_dimension': 32, 'number_of_hidden_layers': 1, 'dropout_rate': 0.4, 'learning_rate': 0.0001, 'weight_decay': 1e-05}.
[I 2026-03-30 19:56:01,845] Trial 215 pruned. Duplicate hyper-parameters, same as those used in trial 213: {'batch_size': 128, 'threshold': 0.95, 'attention_heads': 4, 'hidden_dimension': 32, 'number_of_hidden_layers': 1, 'dropout_rate': 0.4, 'learning_rate': 0.0001, 'weight_decay': 0.001}.
[I 2026-03-30 22:35:36,379] Trial 216 finished with value: 0.935 and parameters: {'batch_size': 128, 'threshold': 0.95, 'attention_heads': 6, 'hidden_dimension': 32, 'number_of_hidden_layers': 1, 'dropout_rate': 0.4, 'learning_rate': 0.0003, 'weight_decay': 0.0001}. Best is trial 177 with value: 0.9386.
[I 2026-03-31 01:07:34,889] Trial 217 finished with value: 0.9374 and parameters: {'batch_size': 128, 'threshold': 0.95, 'attention_heads': 6, 'hidden_dimension': 32, 'number_of_hidden_layers': 0, 'dropout_rate': 0.4, 'learning_rate': 0.0001, 'weight_decay': 0.001}. Best is trial 177 with value: 0.9386.
CUDA out of memory. Tried to allocate 16.26 GiB. GPU 0 has a total capacity of 44.40 GiB of which 15.53 GiB is free. Including non-PyTorch memory, this process has 28.85 GiB memory in use. Of the allocated memory 28.23 GiB is allocated by PyTorch, and 73.43 MiB is reserved by PyTorch but unallocated. If reserved but unallocated memory is large try setting PYTORCH_CUDA_ALLOC_CONF=expandable_segments:True to avoid fragmentation.  See documentation for Memory Management  (https://pytorch.org/docs/stable/notes/cuda.html#environment-variables)
[I 2026-03-31 03:07:21,404] Trial 218 finished with value: -1.0 and parameters: {'batch_size': 128, 'threshold': 0.7, 'attention_heads': 6, 'hidden_dimension': 32, 'number_of_hidden_layers': 1, 'dropout_rate': 0.4, 'learning_rate': 1e-05, 'weight_decay': 1e-05}. Best is trial 177 with value: 0.9386.
[I 2026-03-31 05:19:15,877] Trial 219 finished with value: 0.9348 and parameters: {'batch_size': 128, 'threshold': 0.95, 'attention_heads': 1, 'hidden_dimension': 32, 'number_of_hidden_layers': 0, 'dropout_rate': 0.4, 'learning_rate': 0.0001, 'weight_decay': 0.001}. Best is trial 177 with value: 0.9386.
[I 2026-03-31 05:19:16,664] Trial 220 pruned. Duplicate hyper-parameters, same as those used in trial 211: {'batch_size': 128, 'threshold': 0.95, 'attention_heads': 6, 'hidden_dimension': 32, 'number_of_hidden_layers': 1, 'dropout_rate': 0.4, 'learning_rate': 0.0001, 'weight_decay': 0.001}.
slurmstepd: error: *** JOB 2643790 ON kn083 CANCELLED AT 2026-03-31T06:29:05 DUE TO TIME LIMIT ***
