SLURM NODE: kn084
[I 2026-02-26 05:26:28,035] Using an existing study with name 'SST-2-Attention_distillation' instead of creating a new one.
[UPDATE] 50 completed trials using a random sampler. Switching from random to TPE sampling.
Last trial state: 0
Enqueuing hyper-parameters: {'batch_size': 128, 'threshold': 0.8, 'attention_heads': 4, 'hidden_dimension': 32, 'number_of_hidden_layers': 1, 'dropout_rate': 0.3, 'learning_rate': 0.001, 'weight_decay': 1e-06}
[I 2026-02-26 07:15:14,802] Trial 67 finished with value: 0.911697247706422 and parameters: {'batch_size': 128, 'threshold': 0.8, 'attention_heads': 4, 'hidden_dimension': 32, 'number_of_hidden_layers': 1, 'dropout_rate': 0.3, 'learning_rate': 0.001, 'weight_decay': 1e-06}. Best is trial 11 with value: 0.9162844036697247.
[I 2026-02-26 09:04:46,944] Trial 68 finished with value: 0.9151376146788991 and parameters: {'batch_size': 128, 'threshold': 0.6, 'attention_heads': 2, 'hidden_dimension': 128, 'number_of_hidden_layers': 1, 'dropout_rate': 0.3, 'learning_rate': 0.0001, 'weight_decay': 1e-06}. Best is trial 11 with value: 0.9162844036697247.
[I 2026-02-26 10:54:10,360] Trial 69 finished with value: 0.9128440366972477 and parameters: {'batch_size': 128, 'threshold': 0.6, 'attention_heads': 2, 'hidden_dimension': 128, 'number_of_hidden_layers': 1, 'dropout_rate': 0.1, 'learning_rate': 0.0001, 'weight_decay': 0.001}. Best is trial 11 with value: 0.9162844036697247.
[I 2026-02-26 10:54:11,259] Trial 70 pruned. Duplicate hyper-parameters, same as those used in trial 68: {'batch_size': 128, 'threshold': 0.6, 'attention_heads': 2, 'hidden_dimension': 128, 'number_of_hidden_layers': 1, 'dropout_rate': 0.3, 'learning_rate': 0.0001, 'weight_decay': 1e-06}.
[I 2026-02-26 12:43:42,363] Trial 71 finished with value: 0.9002293577981652 and parameters: {'batch_size': 128, 'threshold': 0.9, 'attention_heads': 1, 'hidden_dimension': 64, 'number_of_hidden_layers': 2, 'dropout_rate': 0.2, 'learning_rate': 0.0001, 'weight_decay': 1e-05}. Best is trial 11 with value: 0.9162844036697247.
[I 2026-02-26 14:37:39,060] Trial 72 finished with value: 0.9059633027522935 and parameters: {'batch_size': 128, 'threshold': 0.6, 'attention_heads': 4, 'hidden_dimension': 128, 'number_of_hidden_layers': 2, 'dropout_rate': 0.3, 'learning_rate': 0.0001, 'weight_decay': 0.0001}. Best is trial 11 with value: 0.9162844036697247.
[I 2026-02-26 16:36:21,205] Trial 73 finished with value: 0.911697247706422 and parameters: {'batch_size': 64, 'threshold': 0.7, 'attention_heads': 1, 'hidden_dimension': 64, 'number_of_hidden_layers': 1, 'dropout_rate': 0.3, 'learning_rate': 0.0001, 'weight_decay': 0.001}. Best is trial 11 with value: 0.9162844036697247.
[I 2026-02-26 18:26:53,871] Trial 74 finished with value: 0.911697247706422 and parameters: {'batch_size': 128, 'threshold': 0.7, 'attention_heads': 2, 'hidden_dimension': 128, 'number_of_hidden_layers': 1, 'dropout_rate': 0.3, 'learning_rate': 0.001, 'weight_decay': 0.0001}. Best is trial 11 with value: 0.9162844036697247.
[I 2026-02-26 20:17:16,947] Trial 75 finished with value: 0.875 and parameters: {'batch_size': 128, 'threshold': 0.95, 'attention_heads': 4, 'hidden_dimension': 32, 'number_of_hidden_layers': 2, 'dropout_rate': 0.3, 'learning_rate': 0.001, 'weight_decay': 1e-05}. Best is trial 11 with value: 0.9162844036697247.
[I 2026-02-26 22:06:32,196] Trial 76 finished with value: 0.9197247706422018 and parameters: {'batch_size': 128, 'threshold': 0.6, 'attention_heads': 1, 'hidden_dimension': 128, 'number_of_hidden_layers': 1, 'dropout_rate': 0.4, 'learning_rate': 0.0003, 'weight_decay': 1e-06}. Best is trial 76 with value: 0.9197247706422018.
[I 2026-02-26 22:06:33,092] Trial 77 pruned. Duplicate hyper-parameters, same as those used in trial 76: {'batch_size': 128, 'threshold': 0.6, 'attention_heads': 1, 'hidden_dimension': 128, 'number_of_hidden_layers': 1, 'dropout_rate': 0.4, 'learning_rate': 0.0003, 'weight_decay': 1e-06}.
[I 2026-02-26 23:57:18,504] Trial 78 finished with value: 0.9128440366972477 and parameters: {'batch_size': 128, 'threshold': 0.6, 'attention_heads': 8, 'hidden_dimension': 64, 'number_of_hidden_layers': 1, 'dropout_rate': 0.3, 'learning_rate': 0.001, 'weight_decay': 0.0001}. Best is trial 76 with value: 0.9197247706422018.
[I 2026-02-27 02:05:30,725] Trial 79 finished with value: 0.9094036697247706 and parameters: {'batch_size': 64, 'threshold': 0.6, 'attention_heads': 8, 'hidden_dimension': 128, 'number_of_hidden_layers': 1, 'dropout_rate': 0.3, 'learning_rate': 0.0003, 'weight_decay': 1e-06}. Best is trial 76 with value: 0.9197247706422018.
[I 2026-02-27 03:56:10,344] Trial 80 finished with value: 0.9174311926605505 and parameters: {'batch_size': 128, 'threshold': 0.6, 'attention_heads': 4, 'hidden_dimension': 128, 'number_of_hidden_layers': 1, 'dropout_rate': 0.3, 'learning_rate': 0.0003, 'weight_decay': 1e-05}. Best is trial 76 with value: 0.9197247706422018.
[I 2026-02-27 05:45:35,405] Trial 81 finished with value: 0.6192660550458715 and parameters: {'batch_size': 128, 'threshold': 0.99, 'attention_heads': 6, 'hidden_dimension': 128, 'number_of_hidden_layers': 2, 'dropout_rate': 0.2, 'learning_rate': 0.0003, 'weight_decay': 1e-06}. Best is trial 76 with value: 0.9197247706422018.
[I 2026-02-27 07:28:37,068] Trial 82 finished with value: 0.9105504587155964 and parameters: {'batch_size': 128, 'threshold': 0.8, 'attention_heads': 8, 'hidden_dimension': 32, 'number_of_hidden_layers': 1, 'dropout_rate': 0.3, 'learning_rate': 0.0001, 'weight_decay': 0.001}. Best is trial 76 with value: 0.9197247706422018.
[I 2026-02-27 07:28:37,949] Trial 83 pruned. Duplicate hyper-parameters, same as those used in trial 80: {'batch_size': 128, 'threshold': 0.6, 'attention_heads': 4, 'hidden_dimension': 128, 'number_of_hidden_layers': 1, 'dropout_rate': 0.3, 'learning_rate': 0.0003, 'weight_decay': 1e-05}.
[I 2026-02-27 09:15:20,056] Trial 84 finished with value: 0.908256880733945 and parameters: {'batch_size': 128, 'threshold': 0.7, 'attention_heads': 4, 'hidden_dimension': 64, 'number_of_hidden_layers': 1, 'dropout_rate': 0.4, 'learning_rate': 0.0003, 'weight_decay': 1e-05}. Best is trial 76 with value: 0.9197247706422018.
[I 2026-02-27 11:13:09,374] Trial 85 finished with value: 0.9105504587155964 and parameters: {'batch_size': 64, 'threshold': 0.6, 'attention_heads': 4, 'hidden_dimension': 64, 'number_of_hidden_layers': 1, 'dropout_rate': 0.3, 'learning_rate': 0.0001, 'weight_decay': 1e-05}. Best is trial 76 with value: 0.9197247706422018.
[I 2026-02-27 14:02:26,437] Trial 86 finished with value: 0.9025229357798165 and parameters: {'batch_size': 16, 'threshold': 0.6, 'attention_heads': 4, 'hidden_dimension': 32, 'number_of_hidden_layers': 1, 'dropout_rate': 0.3, 'learning_rate': 0.0003, 'weight_decay': 1e-06}. Best is trial 76 with value: 0.9197247706422018.
[I 2026-02-27 15:52:30,921] Trial 87 finished with value: 0.9128440366972477 and parameters: {'batch_size': 128, 'threshold': 0.6, 'attention_heads': 2, 'hidden_dimension': 64, 'number_of_hidden_layers': 1, 'dropout_rate': 0.2, 'learning_rate': 1e-05, 'weight_decay': 1e-06}. Best is trial 76 with value: 0.9197247706422018.
[I 2026-02-27 18:44:40,166] Trial 88 finished with value: 0.8979357798165137 and parameters: {'batch_size': 16, 'threshold': 0.6, 'attention_heads': 4, 'hidden_dimension': 64, 'number_of_hidden_layers': 2, 'dropout_rate': 0.3, 'learning_rate': 0.0003, 'weight_decay': 1e-05}. Best is trial 76 with value: 0.9197247706422018.
[I 2026-02-27 20:33:17,569] Trial 89 finished with value: 0.9128440366972477 and parameters: {'batch_size': 128, 'threshold': 0.6, 'attention_heads': 2, 'hidden_dimension': 128, 'number_of_hidden_layers': 0, 'dropout_rate': 0.3, 'learning_rate': 0.001, 'weight_decay': 1e-05}. Best is trial 76 with value: 0.9197247706422018.
[I 2026-02-27 22:22:36,770] Trial 90 finished with value: 0.9105504587155964 and parameters: {'batch_size': 128, 'threshold': 0.6, 'attention_heads': 2, 'hidden_dimension': 32, 'number_of_hidden_layers': 1, 'dropout_rate': 0.1, 'learning_rate': 0.0003, 'weight_decay': 1e-05}. Best is trial 76 with value: 0.9197247706422018.
[I 2026-02-28 00:11:48,816] Trial 91 finished with value: 0.9128440366972477 and parameters: {'batch_size': 128, 'threshold': 0.6, 'attention_heads': 1, 'hidden_dimension': 32, 'number_of_hidden_layers': 1, 'dropout_rate': 0.4, 'learning_rate': 0.0001, 'weight_decay': 0.001}. Best is trial 76 with value: 0.9197247706422018.
[I 2026-02-28 02:01:59,681] Trial 92 finished with value: 0.9059633027522935 and parameters: {'batch_size': 128, 'threshold': 0.8, 'attention_heads': 4, 'hidden_dimension': 64, 'number_of_hidden_layers': 2, 'dropout_rate': 0.4, 'learning_rate': 0.001, 'weight_decay': 0.0001}. Best is trial 76 with value: 0.9197247706422018.
[I 2026-02-28 03:53:40,555] Trial 93 finished with value: 0.6364678899082569 and parameters: {'batch_size': 128, 'threshold': 0.99, 'attention_heads': 2, 'hidden_dimension': 64, 'number_of_hidden_layers': 1, 'dropout_rate': 0.3, 'learning_rate': 0.001, 'weight_decay': 1e-05}. Best is trial 76 with value: 0.9197247706422018.
[I 2026-02-28 05:45:26,075] Trial 94 finished with value: 0.911697247706422 and parameters: {'batch_size': 128, 'threshold': 0.6, 'attention_heads': 1, 'hidden_dimension': 64, 'number_of_hidden_layers': 1, 'dropout_rate': 0.3, 'learning_rate': 0.0003, 'weight_decay': 1e-05}. Best is trial 76 with value: 0.9197247706422018.
[I 2026-02-28 07:36:58,769] Trial 95 finished with value: 0.911697247706422 and parameters: {'batch_size': 128, 'threshold': 0.6, 'attention_heads': 4, 'hidden_dimension': 32, 'number_of_hidden_layers': 0, 'dropout_rate': 0.3, 'learning_rate': 0.0003, 'weight_decay': 1e-05}. Best is trial 76 with value: 0.9197247706422018.
[I 2026-02-28 09:33:49,905] Trial 96 finished with value: 0.9128440366972477 and parameters: {'batch_size': 128, 'threshold': 0.6, 'attention_heads': 4, 'hidden_dimension': 64, 'number_of_hidden_layers': 2, 'dropout_rate': 0.2, 'learning_rate': 0.001, 'weight_decay': 1e-06}. Best is trial 76 with value: 0.9197247706422018.
[I 2026-02-28 11:25:43,381] Trial 97 finished with value: 0.9094036697247706 and parameters: {'batch_size': 128, 'threshold': 0.6, 'attention_heads': 4, 'hidden_dimension': 64, 'number_of_hidden_layers': 2, 'dropout_rate': 0.4, 'learning_rate': 0.0001, 'weight_decay': 0.001}. Best is trial 76 with value: 0.9197247706422018.
[I 2026-02-28 13:16:04,663] Trial 98 finished with value: 0.9094036697247706 and parameters: {'batch_size': 128, 'threshold': 0.8, 'attention_heads': 4, 'hidden_dimension': 64, 'number_of_hidden_layers': 1, 'dropout_rate': 0.2, 'learning_rate': 0.001, 'weight_decay': 0.001}. Best is trial 76 with value: 0.9197247706422018.
[I 2026-02-28 15:07:20,150] Trial 99 finished with value: 0.9094036697247706 and parameters: {'batch_size': 128, 'threshold': 0.7, 'attention_heads': 4, 'hidden_dimension': 64, 'number_of_hidden_layers': 2, 'dropout_rate': 0.1, 'learning_rate': 0.001, 'weight_decay': 1e-05}. Best is trial 76 with value: 0.9197247706422018.
[I 2026-02-28 16:58:35,041] Trial 100 finished with value: 0.9048165137614679 and parameters: {'batch_size': 128, 'threshold': 0.6, 'attention_heads': 1, 'hidden_dimension': 32, 'number_of_hidden_layers': 2, 'dropout_rate': 0.3, 'learning_rate': 0.0003, 'weight_decay': 1e-06}. Best is trial 76 with value: 0.9197247706422018.
[I 2026-02-28 18:51:27,428] Trial 101 finished with value: 0.911697247706422 and parameters: {'batch_size': 128, 'threshold': 0.6, 'attention_heads': 8, 'hidden_dimension': 64, 'number_of_hidden_layers': 2, 'dropout_rate': 0.4, 'learning_rate': 0.0003, 'weight_decay': 1e-05}. Best is trial 76 with value: 0.9197247706422018.
[I 2026-02-28 20:49:24,137] Trial 102 finished with value: 0.911697247706422 and parameters: {'batch_size': 64, 'threshold': 0.6, 'attention_heads': 2, 'hidden_dimension': 128, 'number_of_hidden_layers': 1, 'dropout_rate': 0.1, 'learning_rate': 0.0001, 'weight_decay': 0.001}. Best is trial 76 with value: 0.9197247706422018.
[I 2026-02-28 22:41:13,419] Trial 103 finished with value: 0.9139908256880734 and parameters: {'batch_size': 128, 'threshold': 0.6, 'attention_heads': 2, 'hidden_dimension': 128, 'number_of_hidden_layers': 1, 'dropout_rate': 0.1, 'learning_rate': 0.001, 'weight_decay': 0.001}. Best is trial 76 with value: 0.9197247706422018.
[I 2026-03-01 00:30:06,127] Trial 104 finished with value: 0.6399082568807339 and parameters: {'batch_size': 128, 'threshold': 0.99, 'attention_heads': 2, 'hidden_dimension': 128, 'number_of_hidden_layers': 1, 'dropout_rate': 0.1, 'learning_rate': 0.001, 'weight_decay': 0.001}. Best is trial 76 with value: 0.9197247706422018.
[I 2026-03-01 02:20:12,460] Trial 105 finished with value: 0.9094036697247706 and parameters: {'batch_size': 128, 'threshold': 0.7, 'attention_heads': 2, 'hidden_dimension': 32, 'number_of_hidden_layers': 2, 'dropout_rate': 0.2, 'learning_rate': 0.0003, 'weight_decay': 0.001}. Best is trial 76 with value: 0.9197247706422018.
[I 2026-03-01 04:10:19,179] Trial 106 finished with value: 0.9094036697247706 and parameters: {'batch_size': 128, 'threshold': 0.8, 'attention_heads': 6, 'hidden_dimension': 64, 'number_of_hidden_layers': 1, 'dropout_rate': 0.1, 'learning_rate': 0.0001, 'weight_decay': 0.001}. Best is trial 76 with value: 0.9197247706422018.
slurmstepd: error: *** JOB 2282390 ON kn084 CANCELLED AT 2026-03-01T05:25:53 DUE TO TIME LIMIT ***
