SLURM NODE: kn063
[I 2026-03-14 04:55:20,683] Using an existing study with name 'Ohsumed-Attention_distillation' instead of creating a new one.
Unbound optimization already completed.

[UPDATE] Unbound limits: {'batch_size': (np.int64(16), np.int64(64)), 'threshold': (np.float64(0.6), np.float64(0.9)), 'attention_heads': (np.int64(6), np.int64(8)), 'hidden_dimension': (np.int64(32), np.int64(64)), 'number_of_hidden_layers': (np.int64(0), np.int64(1)), 'dropout_rate': (np.float64(0.1), np.float64(0.3)), 'learning_rate': (np.float64(1e-05), np.float64(0.001)), 'weight_decay': (np.float64(1e-06), np.float64(0.001))}
[I 2026-03-14 04:55:21,338] Using an existing study with name 'Ohsumed-Attention_distillation-unbound' instead of creating a new one.
Last trial state: 0
Enqueuing hyper-parameters: {'batch_size': 32, 'threshold': 0.76, 'attention_heads': 7, 'hidden_dimension': 36, 'number_of_hidden_layers': 0, 'dropout_rate': 0.20530454984609248, 'learning_rate': 0.00011051544563374247, 'weight_decay': 0.00012794957332614565}
[I 2026-03-14 06:10:51,340] Trial 92 finished with value: 0.6497968544895001 and parameters: {'batch_size': 32, 'threshold': 0.76, 'attention_heads': 7, 'hidden_dimension': 36, 'number_of_hidden_layers': 0, 'dropout_rate': 0.20530454984609248, 'learning_rate': 0.00011051544563374247, 'weight_decay': 0.00012794957332614565}. Best is trial 73 with value: 0.6697384860054814.
[I 2026-03-14 08:06:59,477] Trial 93 finished with value: 0.6585620540619587 and parameters: {'batch_size': 32, 'threshold': 0.8099999999999999, 'attention_heads': 8, 'hidden_dimension': 56, 'number_of_hidden_layers': 0, 'dropout_rate': 0.1136027014231867, 'learning_rate': 2.8843087043502555e-05, 'weight_decay': 0.00047553349805449005}. Best is trial 73 with value: 0.6697384860054814.
CUDA out of memory. Tried to allocate 7.33 GiB. GPU 0 has a total capacity of 44.40 GiB of which 6.65 GiB is free. Including non-PyTorch memory, this process has 37.74 GiB memory in use. Of the allocated memory 37.11 GiB is allocated by PyTorch, and 76.93 MiB is reserved by PyTorch but unallocated. If reserved but unallocated memory is large try setting PYTORCH_CUDA_ALLOC_CONF=expandable_segments:True to avoid fragmentation.  See documentation for Memory Management  (https://pytorch.org/docs/stable/notes/cuda.html#environment-variables)
[I 2026-03-14 08:58:49,659] Trial 94 finished with value: -1.0 and parameters: {'batch_size': 40, 'threshold': 0.74, 'attention_heads': 8, 'hidden_dimension': 43, 'number_of_hidden_layers': 0, 'dropout_rate': 0.12599037294929613, 'learning_rate': 4.5531047844710265e-05, 'weight_decay': 2.203754222175035e-05}. Best is trial 73 with value: 0.6697384860054814.
[I 2026-03-14 10:01:45,420] Trial 95 finished with value: 0.6406783555660435 and parameters: {'batch_size': 40, 'threshold': 0.77, 'attention_heads': 7, 'hidden_dimension': 33, 'number_of_hidden_layers': 0, 'dropout_rate': 0.21232685064974846, 'learning_rate': 0.00020317347779145255, 'weight_decay': 1.984598642698614e-05}. Best is trial 73 with value: 0.6697384860054814.
[I 2026-03-14 14:39:28,534] Trial 96 finished with value: 0.6358421972798902 and parameters: {'batch_size': 40, 'threshold': 0.78, 'attention_heads': 8, 'hidden_dimension': 43, 'number_of_hidden_layers': 0, 'dropout_rate': 0.15998092803545014, 'learning_rate': 1.3839445172811724e-05, 'weight_decay': 1.8559783950685536e-05}. Best is trial 73 with value: 0.6697384860054814.
[I 2026-03-14 15:38:17,191] Trial 97 finished with value: 0.6213510460421332 and parameters: {'batch_size': 40, 'threshold': 0.78, 'attention_heads': 6, 'hidden_dimension': 34, 'number_of_hidden_layers': 1, 'dropout_rate': 0.14161922247891695, 'learning_rate': 0.00027517633650320906, 'weight_decay': 0.0006258612507390333}. Best is trial 73 with value: 0.6697384860054814.
[I 2026-03-14 17:27:22,450] Trial 98 finished with value: 0.6552053698398994 and parameters: {'batch_size': 24, 'threshold': 0.69, 'attention_heads': 8, 'hidden_dimension': 32, 'number_of_hidden_layers': 0, 'dropout_rate': 0.20565873330071216, 'learning_rate': 4.799091754892202e-05, 'weight_decay': 9.162404411417246e-06}. Best is trial 73 with value: 0.6697384860054814.
[I 2026-03-14 18:25:20,144] Trial 99 finished with value: 0.6591143916790088 and parameters: {'batch_size': 32, 'threshold': 0.8099999999999999, 'attention_heads': 6, 'hidden_dimension': 34, 'number_of_hidden_layers': 0, 'dropout_rate': 0.27592278534530246, 'learning_rate': 0.00013743042326368364, 'weight_decay': 2.3017623012230755e-06}. Best is trial 73 with value: 0.6697384860054814.
[I 2026-03-14 19:57:31,628] Trial 100 finished with value: 0.6479990751553405 and parameters: {'batch_size': 48, 'threshold': 0.77, 'attention_heads': 8, 'hidden_dimension': 36, 'number_of_hidden_layers': 0, 'dropout_rate': 0.18084501474773185, 'learning_rate': 7.568392693583316e-05, 'weight_decay': 2.9827508272719446e-05}. Best is trial 73 with value: 0.6697384860054814.
[I 2026-03-14 20:51:55,396] Trial 101 finished with value: 0.6472278554166019 and parameters: {'batch_size': 32, 'threshold': 0.83, 'attention_heads': 8, 'hidden_dimension': 37, 'number_of_hidden_layers': 0, 'dropout_rate': 0.1813723237456395, 'learning_rate': 0.0004576811634331545, 'weight_decay': 3.149527674128112e-05}. Best is trial 73 with value: 0.6697384860054814.
CUDA out of memory. Tried to allocate 8.34 GiB. GPU 0 has a total capacity of 44.40 GiB of which 1.59 GiB is free. Including non-PyTorch memory, this process has 42.80 GiB memory in use. Of the allocated memory 42.19 GiB is allocated by PyTorch, and 70.49 MiB is reserved by PyTorch but unallocated. If reserved but unallocated memory is large try setting PYTORCH_CUDA_ALLOC_CONF=expandable_segments:True to avoid fragmentation.  See documentation for Memory Management  (https://pytorch.org/docs/stable/notes/cuda.html#environment-variables)
[I 2026-03-14 21:18:32,413] Trial 102 finished with value: -1.0 and parameters: {'batch_size': 56, 'threshold': 0.74, 'attention_heads': 8, 'hidden_dimension': 42, 'number_of_hidden_layers': 0, 'dropout_rate': 0.1494318651493413, 'learning_rate': 2.9995085700960997e-05, 'weight_decay': 3.3920420601438787e-06}. Best is trial 73 with value: 0.6697384860054814.
[I 2026-03-15 00:50:59,147] Trial 103 finished with value: 0.6368745497649934 and parameters: {'batch_size': 40, 'threshold': 0.8, 'attention_heads': 6, 'hidden_dimension': 49, 'number_of_hidden_layers': 0, 'dropout_rate': 0.2217916560799209, 'learning_rate': 1.3707903703537165e-05, 'weight_decay': 4.907040338645073e-06}. Best is trial 73 with value: 0.6697384860054814.
[I 2026-03-15 02:27:14,979] Trial 104 finished with value: 0.6443303858299071 and parameters: {'batch_size': 40, 'threshold': 0.77, 'attention_heads': 8, 'hidden_dimension': 33, 'number_of_hidden_layers': 0, 'dropout_rate': 0.2983518904674369, 'learning_rate': 6.427524159986161e-05, 'weight_decay': 1.9026217285642972e-06}. Best is trial 73 with value: 0.6697384860054814.
[I 2026-03-15 03:47:17,198] Trial 105 finished with value: 0.6427882781830964 and parameters: {'batch_size': 40, 'threshold': 0.79, 'attention_heads': 7, 'hidden_dimension': 37, 'number_of_hidden_layers': 0, 'dropout_rate': 0.22576344374436966, 'learning_rate': 6.739185251429861e-05, 'weight_decay': 0.00018096376236866545}. Best is trial 73 with value: 0.6697384860054814.
[I 2026-03-15 04:45:13,129] Trial 106 finished with value: 0.6411624853464468 and parameters: {'batch_size': 40, 'threshold': 0.78, 'attention_heads': 8, 'hidden_dimension': 33, 'number_of_hidden_layers': 0, 'dropout_rate': 0.20641460447004023, 'learning_rate': 0.00034436130773635924, 'weight_decay': 1.2378915182530395e-05}. Best is trial 73 with value: 0.6697384860054814.
[I 2026-03-15 06:35:50,007] Trial 107 finished with value: 0.6532715048636843 and parameters: {'batch_size': 32, 'threshold': 0.8099999999999999, 'attention_heads': 7, 'hidden_dimension': 33, 'number_of_hidden_layers': 0, 'dropout_rate': 0.20238120154082812, 'learning_rate': 3.053204112806344e-05, 'weight_decay': 0.00012908785107981348}. Best is trial 73 with value: 0.6697384860054814.
[I 2026-03-15 10:11:41,663] Trial 108 finished with value: 0.6217216678291292 and parameters: {'batch_size': 48, 'threshold': 0.75, 'attention_heads': 7, 'hidden_dimension': 32, 'number_of_hidden_layers': 0, 'dropout_rate': 0.26068731289441816, 'learning_rate': 1.0063002693857554e-05, 'weight_decay': 0.0004761313769177437}. Best is trial 73 with value: 0.6697384860054814.
[I 2026-03-15 11:03:21,160] Trial 109 finished with value: 0.6458967992574829 and parameters: {'batch_size': 32, 'threshold': 0.83, 'attention_heads': 8, 'hidden_dimension': 33, 'number_of_hidden_layers': 0, 'dropout_rate': 0.19910274911818635, 'learning_rate': 0.0003827845228780178, 'weight_decay': 8.625920462653629e-06}. Best is trial 73 with value: 0.6697384860054814.
[I 2026-03-15 12:20:15,085] Trial 110 finished with value: 0.6376104343527402 and parameters: {'batch_size': 24, 'threshold': 0.79, 'attention_heads': 8, 'hidden_dimension': 34, 'number_of_hidden_layers': 0, 'dropout_rate': 0.25330795258113425, 'learning_rate': 8.049022557751921e-05, 'weight_decay': 5.0655849460292074e-05}. Best is trial 73 with value: 0.6697384860054814.
[I 2026-03-15 13:48:44,674] Trial 111 finished with value: 0.6464563640388702 and parameters: {'batch_size': 40, 'threshold': 0.79, 'attention_heads': 8, 'hidden_dimension': 37, 'number_of_hidden_layers': 0, 'dropout_rate': 0.2370841304508121, 'learning_rate': 6.648630574062177e-05, 'weight_decay': 0.00011660477272700978}. Best is trial 73 with value: 0.6697384860054814.
[I 2026-03-15 15:11:57,260] Trial 112 finished with value: 0.6675366424153699 and parameters: {'batch_size': 32, 'threshold': 0.86, 'attention_heads': 8, 'hidden_dimension': 35, 'number_of_hidden_layers': 1, 'dropout_rate': 0.20147629014665142, 'learning_rate': 4.801304854672716e-05, 'weight_decay': 1.3346134193745372e-06}. Best is trial 73 with value: 0.6697384860054814.
[I 2026-03-15 17:07:18,230] Trial 113 finished with value: 0.6599189747735228 and parameters: {'batch_size': 32, 'threshold': 0.88, 'attention_heads': 8, 'hidden_dimension': 33, 'number_of_hidden_layers': 1, 'dropout_rate': 0.2119463572998826, 'learning_rate': 2.3191981416018327e-05, 'weight_decay': 1.9616588137568436e-06}. Best is trial 73 with value: 0.6697384860054814.
[I 2026-03-15 18:06:48,931] Trial 114 finished with value: 0.656890822482425 and parameters: {'batch_size': 32, 'threshold': 0.88, 'attention_heads': 7, 'hidden_dimension': 32, 'number_of_hidden_layers': 0, 'dropout_rate': 0.1377106169849156, 'learning_rate': 8.883778428048519e-05, 'weight_decay': 0.0001460382939043036}. Best is trial 73 with value: 0.6697384860054814.
[I 2026-03-15 19:54:48,256] Trial 115 finished with value: 0.6586447059493316 and parameters: {'batch_size': 32, 'threshold': 0.85, 'attention_heads': 8, 'hidden_dimension': 42, 'number_of_hidden_layers': 1, 'dropout_rate': 0.1546237149181892, 'learning_rate': 3.2315648387207984e-05, 'weight_decay': 1.3597798743924716e-06}. Best is trial 73 with value: 0.6697384860054814.
[I 2026-03-15 21:00:25,254] Trial 116 finished with value: 0.6616140589915421 and parameters: {'batch_size': 32, 'threshold': 0.85, 'attention_heads': 6, 'hidden_dimension': 34, 'number_of_hidden_layers': 0, 'dropout_rate': 0.20364409834647346, 'learning_rate': 6.20861218790146e-05, 'weight_decay': 0.0005174547376236989}. Best is trial 73 with value: 0.6697384860054814.

[TRIAL] 73 [VALIDATION PERFORMANCE] 0.6697384860054814 [TRAINING LOSS] 0.3890256275023733 [VALIDATION LOSS] 1.3310046451432365 

number                         			 73
value                          			 0.6697384860054814
params_attention_heads         			 8
params_batch_size              			 32
params_dropout_rate            			 0.18530824714535515
params_hidden_dimension        			 32
params_learning_rate           			 0.0001059383291576557
params_number_of_hidden_layers 			 0
params_threshold               			 0.82
params_weight_decay            			 7.953579306107713e-05
user_attrs_duplicate           			 False
user_attrs_epoch               			 24.0
user_attrs_training_loss       			 0.3890256275023733
user_attrs_validation_loss     			 1.3310046451432365

[37] VALIDATION: 0.638096852607743 TESTING: 0.6325971678034215
[38] VALIDATION: 0.6675913955202375 TESTING: 0.628209298782477
[39] VALIDATION: 0.6486083494419084 TESTING: 0.6374993596042609
[40] VALIDATION: 0.6519331333040931 TESTING: 0.6280132318452422
[41] VALIDATION: 0.6584990256128355 TESTING: 0.6332526948751763
[42] VALIDATION: 0.6697384860054814 TESTING: 0.6354428000351933
[43] VALIDATION: 0.6520149348600124 TESTING: 0.629807514993839
[44] VALIDATION: 0.6374544762088399 TESTING: 0.6341914686322666
