SLURM NODE: kn070
[I 2026-03-04 06:18:07,708] Using an existing study with name 'SST-2-Attention_distillation' instead of creating a new one.
[UPDATE] 50 completed trials using a random sampler. Switching from random to TPE sampling.
Last trial state: 0
Enqueuing hyper-parameters: {'batch_size': 32, 'threshold': 0.7, 'attention_heads': 6, 'hidden_dimension': 32, 'number_of_hidden_layers': 0, 'dropout_rate': 0.1, 'learning_rate': 0.0001, 'weight_decay': 1e-05}
[I 2026-03-04 08:35:51,627] Trial 149 finished with value: 0.9151376146788991 and parameters: {'batch_size': 32, 'threshold': 0.7, 'attention_heads': 6, 'hidden_dimension': 32, 'number_of_hidden_layers': 0, 'dropout_rate': 0.1, 'learning_rate': 0.0001, 'weight_decay': 1e-05}. Best is trial 76 with value: 0.9197247706422018.
[I 2026-03-04 10:52:09,944] Trial 150 finished with value: 0.9128440366972477 and parameters: {'batch_size': 32, 'threshold': 0.6, 'attention_heads': 6, 'hidden_dimension': 32, 'number_of_hidden_layers': 0, 'dropout_rate': 0.1, 'learning_rate': 0.001, 'weight_decay': 1e-05}. Best is trial 76 with value: 0.9197247706422018.
[I 2026-03-04 12:52:14,101] Trial 151 finished with value: 0.9094036697247706 and parameters: {'batch_size': 64, 'threshold': 0.7, 'attention_heads': 4, 'hidden_dimension': 32, 'number_of_hidden_layers': 0, 'dropout_rate': 0.1, 'learning_rate': 0.0003, 'weight_decay': 1e-05}. Best is trial 76 with value: 0.9197247706422018.
[I 2026-03-04 14:43:33,228] Trial 152 finished with value: 0.911697247706422 and parameters: {'batch_size': 128, 'threshold': 0.6, 'attention_heads': 8, 'hidden_dimension': 32, 'number_of_hidden_layers': 0, 'dropout_rate': 0.1, 'learning_rate': 0.0001, 'weight_decay': 0.0001}. Best is trial 76 with value: 0.9197247706422018.
[I 2026-03-04 16:44:13,343] Trial 153 finished with value: 0.9128440366972477 and parameters: {'batch_size': 64, 'threshold': 0.6, 'attention_heads': 6, 'hidden_dimension': 32, 'number_of_hidden_layers': 1, 'dropout_rate': 0.1, 'learning_rate': 0.0001, 'weight_decay': 1e-05}. Best is trial 76 with value: 0.9197247706422018.
[I 2026-03-04 18:43:44,775] Trial 154 finished with value: 0.9139908256880734 and parameters: {'batch_size': 64, 'threshold': 0.6, 'attention_heads': 6, 'hidden_dimension': 32, 'number_of_hidden_layers': 0, 'dropout_rate': 0.3, 'learning_rate': 0.0001, 'weight_decay': 1e-05}. Best is trial 76 with value: 0.9197247706422018.
[I 2026-03-04 20:42:37,720] Trial 155 finished with value: 0.9094036697247706 and parameters: {'batch_size': 64, 'threshold': 0.6, 'attention_heads': 2, 'hidden_dimension': 32, 'number_of_hidden_layers': 0, 'dropout_rate': 0.4, 'learning_rate': 0.0001, 'weight_decay': 1e-05}. Best is trial 76 with value: 0.9197247706422018.
[I 2026-03-04 23:32:59,580] Trial 156 finished with value: 0.9059633027522935 and parameters: {'batch_size': 16, 'threshold': 0.6, 'attention_heads': 6, 'hidden_dimension': 32, 'number_of_hidden_layers': 0, 'dropout_rate': 0.4, 'learning_rate': 0.0001, 'weight_decay': 1e-05}. Best is trial 76 with value: 0.9197247706422018.
[I 2026-03-05 01:33:12,987] Trial 157 finished with value: 0.9151376146788991 and parameters: {'batch_size': 64, 'threshold': 0.6, 'attention_heads': 6, 'hidden_dimension': 32, 'number_of_hidden_layers': 0, 'dropout_rate': 0.4, 'learning_rate': 0.0003, 'weight_decay': 1e-05}. Best is trial 76 with value: 0.9197247706422018.
[I 2026-03-05 03:35:09,658] Trial 158 finished with value: 0.9071100917431193 and parameters: {'batch_size': 64, 'threshold': 0.6, 'attention_heads': 6, 'hidden_dimension': 32, 'number_of_hidden_layers': 2, 'dropout_rate': 0.1, 'learning_rate': 0.0003, 'weight_decay': 0.0001}. Best is trial 76 with value: 0.9197247706422018.
[I 2026-03-05 05:34:54,233] Trial 159 finished with value: 0.9105504587155964 and parameters: {'batch_size': 64, 'threshold': 0.6, 'attention_heads': 6, 'hidden_dimension': 64, 'number_of_hidden_layers': 0, 'dropout_rate': 0.1, 'learning_rate': 0.0001, 'weight_decay': 1e-05}. Best is trial 76 with value: 0.9197247706422018.
[I 2026-03-05 07:33:37,815] Trial 160 finished with value: 0.9174311926605505 and parameters: {'batch_size': 64, 'threshold': 0.7, 'attention_heads': 6, 'hidden_dimension': 32, 'number_of_hidden_layers': 0, 'dropout_rate': 0.1, 'learning_rate': 0.001, 'weight_decay': 1e-05}. Best is trial 76 with value: 0.9197247706422018.
[I 2026-03-05 07:33:38,734] Trial 161 pruned. Duplicate hyper-parameters, same as those used in trial 160: {'batch_size': 64, 'threshold': 0.7, 'attention_heads': 6, 'hidden_dimension': 32, 'number_of_hidden_layers': 0, 'dropout_rate': 0.1, 'learning_rate': 0.001, 'weight_decay': 1e-05}.
[I 2026-03-05 07:33:39,614] Trial 162 pruned. Duplicate hyper-parameters, same as those used in trial 126: {'batch_size': 64, 'threshold': 0.6, 'attention_heads': 6, 'hidden_dimension': 32, 'number_of_hidden_layers': 0, 'dropout_rate': 0.1, 'learning_rate': 0.0001, 'weight_decay': 0.0001}.
[I 2026-03-05 10:27:51,034] Trial 163 finished with value: 0.9025229357798165 and parameters: {'batch_size': 16, 'threshold': 0.6, 'attention_heads': 6, 'hidden_dimension': 128, 'number_of_hidden_layers': 1, 'dropout_rate': 0.3, 'learning_rate': 0.0001, 'weight_decay': 1e-06}. Best is trial 76 with value: 0.9197247706422018.
[I 2026-03-05 12:30:46,566] Trial 164 finished with value: 0.9162844036697247 and parameters: {'batch_size': 64, 'threshold': 0.6, 'attention_heads': 6, 'hidden_dimension': 128, 'number_of_hidden_layers': 0, 'dropout_rate': 0.1, 'learning_rate': 0.0001, 'weight_decay': 0.001}. Best is trial 76 with value: 0.9197247706422018.
[I 2026-03-05 14:31:49,939] Trial 165 finished with value: 0.9128440366972477 and parameters: {'batch_size': 64, 'threshold': 0.6, 'attention_heads': 6, 'hidden_dimension': 128, 'number_of_hidden_layers': 0, 'dropout_rate': 0.1, 'learning_rate': 0.0003, 'weight_decay': 1e-05}. Best is trial 76 with value: 0.9197247706422018.
[I 2026-03-05 14:31:50,841] Trial 166 pruned. Duplicate hyper-parameters, same as those used in trial 164: {'batch_size': 64, 'threshold': 0.6, 'attention_heads': 6, 'hidden_dimension': 128, 'number_of_hidden_layers': 0, 'dropout_rate': 0.1, 'learning_rate': 0.0001, 'weight_decay': 0.001}.
[I 2026-03-05 16:24:18,671] Trial 167 finished with value: 0.9151376146788991 and parameters: {'batch_size': 128, 'threshold': 0.7, 'attention_heads': 6, 'hidden_dimension': 128, 'number_of_hidden_layers': 0, 'dropout_rate': 0.1, 'learning_rate': 0.0003, 'weight_decay': 1e-06}. Best is trial 76 with value: 0.9197247706422018.
[I 2026-03-05 18:28:32,143] Trial 168 finished with value: 0.9094036697247706 and parameters: {'batch_size': 64, 'threshold': 0.6, 'attention_heads': 6, 'hidden_dimension': 128, 'number_of_hidden_layers': 2, 'dropout_rate': 0.1, 'learning_rate': 0.0001, 'weight_decay': 1e-05}. Best is trial 76 with value: 0.9197247706422018.
[I 2026-03-05 20:30:13,033] Trial 169 finished with value: 0.9162844036697247 and parameters: {'batch_size': 64, 'threshold': 0.6, 'attention_heads': 6, 'hidden_dimension': 128, 'number_of_hidden_layers': 0, 'dropout_rate': 0.2, 'learning_rate': 0.0001, 'weight_decay': 0.0001}. Best is trial 76 with value: 0.9197247706422018.
[I 2026-03-05 20:30:14,120] Trial 170 pruned. Duplicate hyper-parameters, same as those used in trial 169: {'batch_size': 64, 'threshold': 0.6, 'attention_heads': 6, 'hidden_dimension': 128, 'number_of_hidden_layers': 0, 'dropout_rate': 0.2, 'learning_rate': 0.0001, 'weight_decay': 0.0001}.
[I 2026-03-05 22:31:14,711] Trial 171 finished with value: 0.9105504587155964 and parameters: {'batch_size': 64, 'threshold': 0.7, 'attention_heads': 6, 'hidden_dimension': 32, 'number_of_hidden_layers': 2, 'dropout_rate': 0.2, 'learning_rate': 0.001, 'weight_decay': 1e-05}. Best is trial 76 with value: 0.9197247706422018.
[I 2026-03-06 00:22:13,966] Trial 172 finished with value: 0.9105504587155964 and parameters: {'batch_size': 128, 'threshold': 0.6, 'attention_heads': 2, 'hidden_dimension': 32, 'number_of_hidden_layers': 0, 'dropout_rate': 0.2, 'learning_rate': 0.0003, 'weight_decay': 0.001}. Best is trial 76 with value: 0.9197247706422018.
[I 2026-03-06 02:17:17,868] Trial 173 finished with value: 0.911697247706422 and parameters: {'batch_size': 128, 'threshold': 0.6, 'attention_heads': 6, 'hidden_dimension': 128, 'number_of_hidden_layers': 1, 'dropout_rate': 0.2, 'learning_rate': 0.0003, 'weight_decay': 0.001}. Best is trial 76 with value: 0.9197247706422018.

[UPDATE] Unbound limits: {'batch_size': (np.int64(32), np.int64(128)), 'threshold': (np.float64(0.6), np.float64(0.8)), 'attention_heads': (np.int64(1), np.int64(8)), 'hidden_dimension': (np.int64(32), np.int64(128)), 'number_of_hidden_layers': (np.int64(0), np.int64(2)), 'dropout_rate': (np.float64(0.1), np.float64(0.4)), 'learning_rate': (np.float64(0.0001), np.float64(0.001)), 'weight_decay': (np.float64(1e-06), np.float64(0.0001))}
[I 2026-03-06 02:17:18,719] A new study created in RDB with name: SST-2-Attention_distillation-unbound
[I 2026-03-06 02:17:18,901] Trial 0 finished with value: 0.9197247706422018 and parameters: {'batch_size': 128, 'threshold': 0.6, 'attention_heads': 1, 'hidden_dimension': 128, 'number_of_hidden_layers': 1, 'dropout_rate': 0.4, 'learning_rate': 0.0003, 'weight_decay': 1e-06}.
[I 2026-03-06 02:17:18,901] Trial 1 finished with value: 0.9174311926605505 and parameters: {'batch_size': 128, 'threshold': 0.6, 'attention_heads': 4, 'hidden_dimension': 128, 'number_of_hidden_layers': 1, 'dropout_rate': 0.3, 'learning_rate': 0.0003, 'weight_decay': 1e-05}.
[I 2026-03-06 02:17:18,903] Trial 2 finished with value: 0.9174311926605505 and parameters: {'batch_size': 64, 'threshold': 0.7, 'attention_heads': 6, 'hidden_dimension': 32, 'number_of_hidden_layers': 0, 'dropout_rate': 0.1, 'learning_rate': 0.001, 'weight_decay': 1e-05}.
[I 2026-03-06 04:18:22,385] Trial 3 finished with value: 0.9105504587155964 and parameters: {'batch_size': 64, 'threshold': 0.79, 'attention_heads': 6, 'hidden_dimension': 90, 'number_of_hidden_layers': 0, 'dropout_rate': 0.1467983561008608, 'learning_rate': 0.00011430983876313228, 'weight_decay': 5.39948440978744e-05}. Best is trial 0 with value: 0.9197247706422018.
[I 2026-03-06 06:15:23,366] Trial 4 finished with value: 0.9025229357798165 and parameters: {'batch_size': 88, 'threshold': 0.74, 'attention_heads': 1, 'hidden_dimension': 126, 'number_of_hidden_layers': 2, 'dropout_rate': 0.16370173320348286, 'learning_rate': 0.0001519934830130982, 'weight_decay': 2.3270677083837795e-06}. Best is trial 0 with value: 0.9197247706422018.
[I 2026-03-06 08:19:34,278] Trial 5 finished with value: 0.9071100917431193 and parameters: {'batch_size': 56, 'threshold': 0.71, 'attention_heads': 4, 'hidden_dimension': 60, 'number_of_hidden_layers': 1, 'dropout_rate': 0.14184815819561256, 'learning_rate': 0.00019594972058679176, 'weight_decay': 5.404103854647334e-06}. Best is trial 0 with value: 0.9197247706422018.
[I 2026-03-06 10:19:14,965] Trial 6 finished with value: 0.9059633027522935 and parameters: {'batch_size': 72, 'threshold': 0.76, 'attention_heads': 2, 'hidden_dimension': 81, 'number_of_hidden_layers': 1, 'dropout_rate': 0.11393512381599932, 'learning_rate': 0.0004050837781329676, 'weight_decay': 2.1930485556643695e-06}. Best is trial 0 with value: 0.9197247706422018.
[I 2026-03-06 12:37:40,538] Trial 7 finished with value: 0.908256880733945 and parameters: {'batch_size': 32, 'threshold': 0.79, 'attention_heads': 8, 'hidden_dimension': 110, 'number_of_hidden_layers': 0, 'dropout_rate': 0.12930163420191518, 'learning_rate': 0.0004833180632488466, 'weight_decay': 7.5911048052827045e-06}. Best is trial 0 with value: 0.9197247706422018.
[I 2026-03-06 14:58:01,548] Trial 8 finished with value: 0.9151376146788991 and parameters: {'batch_size': 40, 'threshold': 0.7, 'attention_heads': 1, 'hidden_dimension': 120, 'number_of_hidden_layers': 0, 'dropout_rate': 0.2987566853061946, 'learning_rate': 0.0002049798052095018, 'weight_decay': 1.0968217207529536e-05}. Best is trial 0 with value: 0.9197247706422018.
[I 2026-03-06 17:05:42,095] Trial 9 finished with value: 0.9105504587155964 and parameters: {'batch_size': 88, 'threshold': 0.63, 'attention_heads': 8, 'hidden_dimension': 107, 'number_of_hidden_layers': 2, 'dropout_rate': 0.3684482051282947, 'learning_rate': 0.00039618677904065835, 'weight_decay': 6.97828126512603e-05}. Best is trial 0 with value: 0.9197247706422018.
[I 2026-03-06 19:20:43,809] Trial 10 finished with value: 0.908256880733945 and parameters: {'batch_size': 40, 'threshold': 0.64, 'attention_heads': 1, 'hidden_dimension': 63, 'number_of_hidden_layers': 1, 'dropout_rate': 0.1814047095321688, 'learning_rate': 0.0006741204610702762, 'weight_decay': 5.170191786366997e-06}. Best is trial 0 with value: 0.9197247706422018.
[I 2026-03-06 21:25:41,740] Trial 11 finished with value: 0.9094036697247706 and parameters: {'batch_size': 56, 'threshold': 0.71, 'attention_heads': 2, 'hidden_dimension': 109, 'number_of_hidden_layers': 0, 'dropout_rate': 0.3960660809801553, 'learning_rate': 0.0005918951335463647, 'weight_decay': 2.4970737145052737e-06}. Best is trial 0 with value: 0.9197247706422018.
[I 2026-03-06 23:47:37,229] Trial 12 finished with value: 0.9048165137614679 and parameters: {'batch_size': 32, 'threshold': 0.77, 'attention_heads': 6, 'hidden_dimension': 102, 'number_of_hidden_layers': 2, 'dropout_rate': 0.12221339552022711, 'learning_rate': 0.0002282788775990514, 'weight_decay': 1.7050539260269282e-06}. Best is trial 0 with value: 0.9197247706422018.
[I 2026-03-07 01:44:11,464] Trial 13 finished with value: 0.9094036697247706 and parameters: {'batch_size': 120, 'threshold': 0.73, 'attention_heads': 3, 'hidden_dimension': 38, 'number_of_hidden_layers': 0, 'dropout_rate': 0.1975549966080241, 'learning_rate': 0.0005365450324352025, 'weight_decay': 1.88414769215451e-05}. Best is trial 0 with value: 0.9197247706422018.
[I 2026-03-07 03:39:16,434] Trial 14 finished with value: 0.911697247706422 and parameters: {'batch_size': 120, 'threshold': 0.69, 'attention_heads': 1, 'hidden_dimension': 101, 'number_of_hidden_layers': 2, 'dropout_rate': 0.2683831592708489, 'learning_rate': 0.0005901564798023387, 'weight_decay': 9.71831994481741e-06}. Best is trial 0 with value: 0.9197247706422018.
[I 2026-03-07 05:35:59,855] Trial 15 finished with value: 0.9036697247706422 and parameters: {'batch_size': 80, 'threshold': 0.6799999999999999, 'attention_heads': 1, 'hidden_dimension': 42, 'number_of_hidden_layers': 0, 'dropout_rate': 0.2909231233791342, 'learning_rate': 0.00020623196560647133, 'weight_decay': 1.0402587615883838e-05}. Best is trial 0 with value: 0.9197247706422018.
slurmstepd: error: *** JOB 2326896 ON kn070 CANCELLED AT 2026-03-07T06:17:28 DUE TO TIME LIMIT ***
