SLURM NODE: kn068
[I 2026-04-13 04:48:06,646] Using an existing study with name 'IMDb-1k-Attention_distillation' instead of creating a new one.
[UPDATE] 50 completed trials using a random sampler. Switching from random to TPE sampling.
Last trial state: 0
Enqueuing hyper-parameters: {'batch_size': 16, 'threshold': 0.6, 'attention_heads': 2, 'hidden_dimension': 32, 'number_of_hidden_layers': 0, 'dropout_rate': 0.3, 'learning_rate': 0.0003, 'weight_decay': 0.0001}
[I 2026-04-13 05:19:33,030] Trial 220 finished with value: 0.8727272727272727 and parameters: {'batch_size': 16, 'threshold': 0.6, 'attention_heads': 2, 'hidden_dimension': 32, 'number_of_hidden_layers': 0, 'dropout_rate': 0.3, 'learning_rate': 0.0003, 'weight_decay': 0.0001}. Best is trial 196 with value: 0.9030303030303031.
CUDA out of memory. Tried to allocate 8.42 GiB. GPU 0 has a total capacity of 44.40 GiB of which 1.08 GiB is free. Including non-PyTorch memory, this process has 43.31 GiB memory in use. Of the allocated memory 42.71 GiB is allocated by PyTorch, and 49.98 MiB is reserved by PyTorch but unallocated. If reserved but unallocated memory is large try setting PYTORCH_CUDA_ALLOC_CONF=expandable_segments:True to avoid fragmentation.  See documentation for Memory Management  (https://pytorch.org/docs/stable/notes/cuda.html#environment-variables)
[I 2026-04-13 05:32:56,388] Trial 221 finished with value: -1.0 and parameters: {'batch_size': 32, 'threshold': 0.95, 'attention_heads': 8, 'hidden_dimension': 64, 'number_of_hidden_layers': 2, 'dropout_rate': 0.4, 'learning_rate': 0.0003, 'weight_decay': 1e-05}. Best is trial 196 with value: 0.9030303030303031.
[I 2026-04-13 06:10:35,355] Trial 222 finished with value: 0.8848484848484849 and parameters: {'batch_size': 16, 'threshold': 0.8, 'attention_heads': 4, 'hidden_dimension': 32, 'number_of_hidden_layers': 0, 'dropout_rate': 0.1, 'learning_rate': 0.0001, 'weight_decay': 0.001}. Best is trial 196 with value: 0.9030303030303031.
CUDA out of memory. Tried to allocate 7.36 GiB. GPU 0 has a total capacity of 44.40 GiB of which 6.39 GiB is free. Including non-PyTorch memory, this process has 37.99 GiB memory in use. Of the allocated memory 37.38 GiB is allocated by PyTorch, and 68.55 MiB is reserved by PyTorch but unallocated. If reserved but unallocated memory is large try setting PYTORCH_CUDA_ALLOC_CONF=expandable_segments:True to avoid fragmentation.  See documentation for Memory Management  (https://pytorch.org/docs/stable/notes/cuda.html#environment-variables)
[I 2026-04-13 06:48:48,216] Trial 223 finished with value: -1.0 and parameters: {'batch_size': 16, 'threshold': 0.8, 'attention_heads': 6, 'hidden_dimension': 32, 'number_of_hidden_layers': 0, 'dropout_rate': 0.1, 'learning_rate': 0.0001, 'weight_decay': 0.001}. Best is trial 196 with value: 0.9030303030303031.
[I 2026-04-13 07:20:30,838] Trial 224 finished with value: 0.8848484848484849 and parameters: {'batch_size': 16, 'threshold': 0.6, 'attention_heads': 2, 'hidden_dimension': 32, 'number_of_hidden_layers': 0, 'dropout_rate': 0.3, 'learning_rate': 0.001, 'weight_decay': 1e-06}. Best is trial 196 with value: 0.9030303030303031.
CUDA out of memory. Tried to allocate 24.90 GiB. GPU 0 has a total capacity of 44.40 GiB of which 114.31 MiB is free. Including non-PyTorch memory, this process has 44.26 GiB memory in use. Of the allocated memory 43.67 GiB is allocated by PyTorch, and 46.79 MiB is reserved by PyTorch but unallocated. If reserved but unallocated memory is large try setting PYTORCH_CUDA_ALLOC_CONF=expandable_segments:True to avoid fragmentation.  See documentation for Memory Management  (https://pytorch.org/docs/stable/notes/cuda.html#environment-variables)
[I 2026-04-13 07:34:14,455] Trial 225 finished with value: -1.0 and parameters: {'batch_size': 64, 'threshold': 0.6, 'attention_heads': 2, 'hidden_dimension': 32, 'number_of_hidden_layers': 0, 'dropout_rate': 0.3, 'learning_rate': 0.001, 'weight_decay': 0.001}. Best is trial 196 with value: 0.9030303030303031.
[I 2026-04-13 07:34:15,506] Trial 226 pruned. Duplicate hyper-parameters, same as those used in trial 224: {'batch_size': 16, 'threshold': 0.6, 'attention_heads': 2, 'hidden_dimension': 32, 'number_of_hidden_layers': 0, 'dropout_rate': 0.3, 'learning_rate': 0.001, 'weight_decay': 1e-06}.
[I 2026-04-13 08:13:32,345] Trial 227 finished with value: 0.8909090909090909 and parameters: {'batch_size': 16, 'threshold': 0.8, 'attention_heads': 4, 'hidden_dimension': 32, 'number_of_hidden_layers': 1, 'dropout_rate': 0.1, 'learning_rate': 0.0001, 'weight_decay': 0.001}. Best is trial 196 with value: 0.9030303030303031.
[I 2026-04-13 08:13:33,192] Trial 228 pruned. Duplicate hyper-parameters, same as those used in trial 227: {'batch_size': 16, 'threshold': 0.8, 'attention_heads': 4, 'hidden_dimension': 32, 'number_of_hidden_layers': 1, 'dropout_rate': 0.1, 'learning_rate': 0.0001, 'weight_decay': 0.001}.
CUDA out of memory. Tried to allocate 8.41 GiB. GPU 0 has a total capacity of 44.40 GiB of which 828.31 MiB is free. Including non-PyTorch memory, this process has 43.56 GiB memory in use. Of the allocated memory 42.97 GiB is allocated by PyTorch, and 44.63 MiB is reserved by PyTorch but unallocated. If reserved but unallocated memory is large try setting PYTORCH_CUDA_ALLOC_CONF=expandable_segments:True to avoid fragmentation.  See documentation for Memory Management  (https://pytorch.org/docs/stable/notes/cuda.html#environment-variables)
[I 2026-04-13 08:27:23,448] Trial 229 finished with value: -1.0 and parameters: {'batch_size': 32, 'threshold': 0.6, 'attention_heads': 1, 'hidden_dimension': 64, 'number_of_hidden_layers': 1, 'dropout_rate': 0.2, 'learning_rate': 1e-05, 'weight_decay': 1e-06}. Best is trial 196 with value: 0.9030303030303031.
[I 2026-04-13 09:05:58,387] Trial 230 finished with value: 0.8848484848484849 and parameters: {'batch_size': 16, 'threshold': 0.8, 'attention_heads': 4, 'hidden_dimension': 32, 'number_of_hidden_layers': 0, 'dropout_rate': 0.1, 'learning_rate': 0.0001, 'weight_decay': 0.0001}. Best is trial 196 with value: 0.9030303030303031.
[I 2026-04-13 11:18:00,016] Trial 231 finished with value: 0.8727272727272727 and parameters: {'batch_size': 16, 'threshold': 0.8, 'attention_heads': 4, 'hidden_dimension': 32, 'number_of_hidden_layers': 0, 'dropout_rate': 0.1, 'learning_rate': 1e-05, 'weight_decay': 0.001}. Best is trial 196 with value: 0.9030303030303031.
[I 2026-04-13 11:18:00,920] Trial 232 pruned. Duplicate hyper-parameters, same as those used in trial 222: {'batch_size': 16, 'threshold': 0.8, 'attention_heads': 4, 'hidden_dimension': 32, 'number_of_hidden_layers': 0, 'dropout_rate': 0.1, 'learning_rate': 0.0001, 'weight_decay': 0.001}.
[I 2026-04-13 11:35:16,511] Trial 233 finished with value: 0.8545454545454545 and parameters: {'batch_size': 128, 'threshold': 0.99, 'attention_heads': 6, 'hidden_dimension': 32, 'number_of_hidden_layers': 1, 'dropout_rate': 0.3, 'learning_rate': 0.001, 'weight_decay': 1e-06}. Best is trial 196 with value: 0.9030303030303031.
[I 2026-04-13 11:35:17,282] Trial 234 pruned. Duplicate hyper-parameters, same as those used in trial 230: {'batch_size': 16, 'threshold': 0.8, 'attention_heads': 4, 'hidden_dimension': 32, 'number_of_hidden_layers': 0, 'dropout_rate': 0.1, 'learning_rate': 0.0001, 'weight_decay': 0.0001}.
CUDA out of memory. Tried to allocate 16.60 GiB. GPU 0 has a total capacity of 44.40 GiB of which 9.08 GiB is free. Including non-PyTorch memory, this process has 35.28 GiB memory in use. Of the allocated memory 34.70 GiB is allocated by PyTorch, and 26.63 MiB is reserved by PyTorch but unallocated. If reserved but unallocated memory is large try setting PYTORCH_CUDA_ALLOC_CONF=expandable_segments:True to avoid fragmentation.  See documentation for Memory Management  (https://pytorch.org/docs/stable/notes/cuda.html#environment-variables)
[I 2026-04-13 11:48:58,772] Trial 235 finished with value: -1.0 and parameters: {'batch_size': 64, 'threshold': 0.8, 'attention_heads': 8, 'hidden_dimension': 64, 'number_of_hidden_layers': 1, 'dropout_rate': 0.2, 'learning_rate': 1e-05, 'weight_decay': 1e-06}. Best is trial 196 with value: 0.9030303030303031.
[I 2026-04-13 12:05:31,146] Trial 236 finished with value: 0.8787878787878788 and parameters: {'batch_size': 32, 'threshold': 0.99, 'attention_heads': 1, 'hidden_dimension': 64, 'number_of_hidden_layers': 2, 'dropout_rate': 0.1, 'learning_rate': 0.001, 'weight_decay': 0.0001}. Best is trial 196 with value: 0.9030303030303031.
[I 2026-04-13 12:32:55,208] Trial 237 finished with value: 0.8848484848484849 and parameters: {'batch_size': 32, 'threshold': 0.8, 'attention_heads': 2, 'hidden_dimension': 32, 'number_of_hidden_layers': 0, 'dropout_rate': 0.4, 'learning_rate': 0.0001, 'weight_decay': 0.001}. Best is trial 196 with value: 0.9030303030303031.
CUDA out of memory. Tried to allocate 24.30 GiB. GPU 0 has a total capacity of 44.40 GiB of which 1.43 GiB is free. Including non-PyTorch memory, this process has 42.93 GiB memory in use. Of the allocated memory 42.32 GiB is allocated by PyTorch, and 67.30 MiB is reserved by PyTorch but unallocated. If reserved but unallocated memory is large try setting PYTORCH_CUDA_ALLOC_CONF=expandable_segments:True to avoid fragmentation.  See documentation for Memory Management  (https://pytorch.org/docs/stable/notes/cuda.html#environment-variables)
[I 2026-04-13 12:46:43,073] Trial 238 finished with value: -1.0 and parameters: {'batch_size': 128, 'threshold': 0.9, 'attention_heads': 2, 'hidden_dimension': 64, 'number_of_hidden_layers': 1, 'dropout_rate': 0.1, 'learning_rate': 0.001, 'weight_decay': 0.0001}. Best is trial 196 with value: 0.9030303030303031.
[I 2026-04-13 13:29:05,384] Trial 239 finished with value: 0.8545454545454545 and parameters: {'batch_size': 16, 'threshold': 0.6, 'attention_heads': 2, 'hidden_dimension': 32, 'number_of_hidden_layers': 2, 'dropout_rate': 0.1, 'learning_rate': 0.001, 'weight_decay': 1e-05}. Best is trial 196 with value: 0.9030303030303031.
[I 2026-04-13 13:52:38,402] Trial 240 finished with value: 0.8787878787878788 and parameters: {'batch_size': 16, 'threshold': 0.9, 'attention_heads': 2, 'hidden_dimension': 64, 'number_of_hidden_layers': 0, 'dropout_rate': 0.3, 'learning_rate': 0.0001, 'weight_decay': 0.001}. Best is trial 196 with value: 0.9030303030303031.
CUDA out of memory. Tried to allocate 8.18 GiB. GPU 0 has a total capacity of 44.40 GiB of which 2.40 GiB is free. Including non-PyTorch memory, this process has 41.96 GiB memory in use. Of the allocated memory 41.37 GiB is allocated by PyTorch, and 43.30 MiB is reserved by PyTorch but unallocated. If reserved but unallocated memory is large try setting PYTORCH_CUDA_ALLOC_CONF=expandable_segments:True to avoid fragmentation.  See documentation for Memory Management  (https://pytorch.org/docs/stable/notes/cuda.html#environment-variables)
[I 2026-04-13 14:06:15,165] Trial 241 finished with value: -1.0 and parameters: {'batch_size': 16, 'threshold': 0.8, 'attention_heads': 4, 'hidden_dimension': 64, 'number_of_hidden_layers': 0, 'dropout_rate': 0.1, 'learning_rate': 0.001, 'weight_decay': 0.0001}. Best is trial 196 with value: 0.9030303030303031.
[I 2026-04-13 14:33:32,587] Trial 242 finished with value: 0.8848484848484849 and parameters: {'batch_size': 32, 'threshold': 0.8, 'attention_heads': 2, 'hidden_dimension': 32, 'number_of_hidden_layers': 0, 'dropout_rate': 0.4, 'learning_rate': 0.0001, 'weight_decay': 1e-05}. Best is trial 196 with value: 0.9030303030303031.
CUDA out of memory. Tried to allocate 37.35 GiB. GPU 0 has a total capacity of 44.40 GiB of which 17.23 GiB is free. Including non-PyTorch memory, this process has 27.13 GiB memory in use. Of the allocated memory 26.53 GiB is allocated by PyTorch, and 50.67 MiB is reserved by PyTorch but unallocated. If reserved but unallocated memory is large try setting PYTORCH_CUDA_ALLOC_CONF=expandable_segments:True to avoid fragmentation.  See documentation for Memory Management  (https://pytorch.org/docs/stable/notes/cuda.html#environment-variables)
[I 2026-04-13 14:47:31,516] Trial 243 finished with value: -1.0 and parameters: {'batch_size': 64, 'threshold': 0.95, 'attention_heads': 6, 'hidden_dimension': 128, 'number_of_hidden_layers': 1, 'dropout_rate': 0.1, 'learning_rate': 1e-05, 'weight_decay': 0.001}. Best is trial 196 with value: 0.9030303030303031.
[I 2026-04-13 14:47:32,396] Trial 244 pruned. Duplicate hyper-parameters, same as those used in trial 237: {'batch_size': 32, 'threshold': 0.8, 'attention_heads': 2, 'hidden_dimension': 32, 'number_of_hidden_layers': 0, 'dropout_rate': 0.4, 'learning_rate': 0.0001, 'weight_decay': 0.001}.
CUDA out of memory. Tried to allocate 8.18 GiB. GPU 0 has a total capacity of 44.40 GiB of which 2.46 GiB is free. Including non-PyTorch memory, this process has 41.90 GiB memory in use. Of the allocated memory 41.32 GiB is allocated by PyTorch, and 31.98 MiB is reserved by PyTorch but unallocated. If reserved but unallocated memory is large try setting PYTORCH_CUDA_ALLOC_CONF=expandable_segments:True to avoid fragmentation.  See documentation for Memory Management  (https://pytorch.org/docs/stable/notes/cuda.html#environment-variables)
[I 2026-04-13 15:02:04,908] Trial 245 finished with value: -1.0 and parameters: {'batch_size': 16, 'threshold': 0.8, 'attention_heads': 2, 'hidden_dimension': 128, 'number_of_hidden_layers': 0, 'dropout_rate': 0.3, 'learning_rate': 0.0001, 'weight_decay': 0.0001}. Best is trial 196 with value: 0.9030303030303031.
[I 2026-04-13 15:30:21,494] Trial 246 finished with value: 0.8787878787878788 and parameters: {'batch_size': 16, 'threshold': 0.7, 'attention_heads': 2, 'hidden_dimension': 32, 'number_of_hidden_layers': 0, 'dropout_rate': 0.4, 'learning_rate': 0.0001, 'weight_decay': 1e-05}. Best is trial 196 with value: 0.9030303030303031.
[I 2026-04-13 15:48:41,832] Trial 247 finished with value: 0.8787878787878788 and parameters: {'batch_size': 32, 'threshold': 0.9, 'attention_heads': 1, 'hidden_dimension': 32, 'number_of_hidden_layers': 1, 'dropout_rate': 0.1, 'learning_rate': 0.001, 'weight_decay': 0.001}. Best is trial 196 with value: 0.9030303030303031.
CUDA out of memory. Tried to allocate 24.30 GiB. GPU 0 has a total capacity of 44.40 GiB of which 1.53 GiB is free. Including non-PyTorch memory, this process has 42.83 GiB memory in use. Of the allocated memory 42.22 GiB is allocated by PyTorch, and 64.51 MiB is reserved by PyTorch but unallocated. If reserved but unallocated memory is large try setting PYTORCH_CUDA_ALLOC_CONF=expandable_segments:True to avoid fragmentation.  See documentation for Memory Management  (https://pytorch.org/docs/stable/notes/cuda.html#environment-variables)
[I 2026-04-13 16:03:56,972] Trial 248 finished with value: -1.0 and parameters: {'batch_size': 128, 'threshold': 0.9, 'attention_heads': 1, 'hidden_dimension': 128, 'number_of_hidden_layers': 1, 'dropout_rate': 0.1, 'learning_rate': 0.0003, 'weight_decay': 0.001}. Best is trial 196 with value: 0.9030303030303031.
CUDA out of memory. Tried to allocate 7.36 GiB. GPU 0 has a total capacity of 44.40 GiB of which 6.37 GiB is free. Including non-PyTorch memory, this process has 37.99 GiB memory in use. Of the allocated memory 37.38 GiB is allocated by PyTorch, and 68.55 MiB is reserved by PyTorch but unallocated. If reserved but unallocated memory is large try setting PYTORCH_CUDA_ALLOC_CONF=expandable_segments:True to avoid fragmentation.  See documentation for Memory Management  (https://pytorch.org/docs/stable/notes/cuda.html#environment-variables)
[I 2026-04-13 16:43:36,676] Trial 249 finished with value: -1.0 and parameters: {'batch_size': 16, 'threshold': 0.8, 'attention_heads': 6, 'hidden_dimension': 32, 'number_of_hidden_layers': 0, 'dropout_rate': 0.2, 'learning_rate': 0.0001, 'weight_decay': 0.0001}. Best is trial 196 with value: 0.9030303030303031.
[I 2026-04-13 17:06:06,083] Trial 250 finished with value: 0.8848484848484849 and parameters: {'batch_size': 32, 'threshold': 0.9, 'attention_heads': 1, 'hidden_dimension': 64, 'number_of_hidden_layers': 2, 'dropout_rate': 0.2, 'learning_rate': 0.0003, 'weight_decay': 0.001}. Best is trial 196 with value: 0.9030303030303031.
[I 2026-04-13 17:33:24,448] Trial 251 finished with value: 0.896969696969697 and parameters: {'batch_size': 32, 'threshold': 0.9, 'attention_heads': 2, 'hidden_dimension': 64, 'number_of_hidden_layers': 1, 'dropout_rate': 0.1, 'learning_rate': 0.0001, 'weight_decay': 1e-06}. Best is trial 196 with value: 0.9030303030303031.
[I 2026-04-13 17:59:54,788] Trial 252 finished with value: 0.8606060606060606 and parameters: {'batch_size': 16, 'threshold': 0.9, 'attention_heads': 2, 'hidden_dimension': 64, 'number_of_hidden_layers': 1, 'dropout_rate': 0.4, 'learning_rate': 0.0001, 'weight_decay': 1e-06}. Best is trial 196 with value: 0.9030303030303031.
[I 2026-04-13 17:59:55,512] Trial 253 pruned. Duplicate hyper-parameters, same as those used in trial 251: {'batch_size': 32, 'threshold': 0.9, 'attention_heads': 2, 'hidden_dimension': 64, 'number_of_hidden_layers': 1, 'dropout_rate': 0.1, 'learning_rate': 0.0001, 'weight_decay': 1e-06}.
CUDA out of memory. Tried to allocate 8.42 GiB. GPU 0 has a total capacity of 44.40 GiB of which 1.17 GiB is free. Including non-PyTorch memory, this process has 43.19 GiB memory in use. Of the allocated memory 42.61 GiB is allocated by PyTorch, and 30.79 MiB is reserved by PyTorch but unallocated. If reserved but unallocated memory is large try setting PYTORCH_CUDA_ALLOC_CONF=expandable_segments:True to avoid fragmentation.  See documentation for Memory Management  (https://pytorch.org/docs/stable/notes/cuda.html#environment-variables)
[I 2026-04-13 18:13:25,420] Trial 254 finished with value: -1.0 and parameters: {'batch_size': 32, 'threshold': 0.9, 'attention_heads': 2, 'hidden_dimension': 128, 'number_of_hidden_layers': 0, 'dropout_rate': 0.1, 'learning_rate': 0.0001, 'weight_decay': 1e-06}. Best is trial 196 with value: 0.9030303030303031.
CUDA out of memory. Tried to allocate 32.40 GiB. GPU 0 has a total capacity of 44.40 GiB of which 8.89 GiB is free. Including non-PyTorch memory, this process has 35.47 GiB memory in use. Of the allocated memory 34.90 GiB is allocated by PyTorch, and 27.16 MiB is reserved by PyTorch but unallocated. If reserved but unallocated memory is large try setting PYTORCH_CUDA_ALLOC_CONF=expandable_segments:True to avoid fragmentation.  See documentation for Memory Management  (https://pytorch.org/docs/stable/notes/cuda.html#environment-variables)
[I 2026-04-13 18:27:12,430] Trial 255 finished with value: -1.0 and parameters: {'batch_size': 128, 'threshold': 0.8, 'attention_heads': 4, 'hidden_dimension': 128, 'number_of_hidden_layers': 1, 'dropout_rate': 0.1, 'learning_rate': 0.0001, 'weight_decay': 0.001}. Best is trial 196 with value: 0.9030303030303031.
CUDA out of memory. Tried to allocate 24.34 GiB. GPU 0 has a total capacity of 44.40 GiB of which 1.97 GiB is free. Including non-PyTorch memory, this process has 42.39 GiB memory in use. Of the allocated memory 41.78 GiB is allocated by PyTorch, and 61.02 MiB is reserved by PyTorch but unallocated. If reserved but unallocated memory is large try setting PYTORCH_CUDA_ALLOC_CONF=expandable_segments:True to avoid fragmentation.  See documentation for Memory Management  (https://pytorch.org/docs/stable/notes/cuda.html#environment-variables)
[I 2026-04-13 18:41:06,247] Trial 256 finished with value: -1.0 and parameters: {'batch_size': 16, 'threshold': 0.6, 'attention_heads': 8, 'hidden_dimension': 32, 'number_of_hidden_layers': 1, 'dropout_rate': 0.2, 'learning_rate': 0.0001, 'weight_decay': 0.0001}. Best is trial 196 with value: 0.9030303030303031.
[I 2026-04-13 19:06:13,046] Trial 257 finished with value: 0.8787878787878788 and parameters: {'batch_size': 32, 'threshold': 0.7, 'attention_heads': 1, 'hidden_dimension': 32, 'number_of_hidden_layers': 1, 'dropout_rate': 0.1, 'learning_rate': 0.0003, 'weight_decay': 0.001}. Best is trial 196 with value: 0.9030303030303031.
[I 2026-04-13 19:25:01,132] Trial 258 finished with value: 0.8727272727272727 and parameters: {'batch_size': 128, 'threshold': 0.95, 'attention_heads': 2, 'hidden_dimension': 32, 'number_of_hidden_layers': 1, 'dropout_rate': 0.3, 'learning_rate': 0.001, 'weight_decay': 0.0001}. Best is trial 196 with value: 0.9030303030303031.
[I 2026-04-13 21:03:18,883] Trial 259 finished with value: 0.8787878787878788 and parameters: {'batch_size': 16, 'threshold': 0.9, 'attention_heads': 8, 'hidden_dimension': 32, 'number_of_hidden_layers': 1, 'dropout_rate': 0.3, 'learning_rate': 1e-05, 'weight_decay': 0.001}. Best is trial 196 with value: 0.9030303030303031.
[I 2026-04-13 21:24:56,193] Trial 260 finished with value: 0.8787878787878788 and parameters: {'batch_size': 16, 'threshold': 0.9, 'attention_heads': 2, 'hidden_dimension': 32, 'number_of_hidden_layers': 0, 'dropout_rate': 0.3, 'learning_rate': 0.0001, 'weight_decay': 1e-06}. Best is trial 196 with value: 0.9030303030303031.
CUDA out of memory. Tried to allocate 8.42 GiB. GPU 0 has a total capacity of 44.40 GiB of which 1.04 GiB is free. Including non-PyTorch memory, this process has 43.32 GiB memory in use. Of the allocated memory 42.73 GiB is allocated by PyTorch, and 42.74 MiB is reserved by PyTorch but unallocated. If reserved but unallocated memory is large try setting PYTORCH_CUDA_ALLOC_CONF=expandable_segments:True to avoid fragmentation.  See documentation for Memory Management  (https://pytorch.org/docs/stable/notes/cuda.html#environment-variables)
[I 2026-04-13 21:38:53,081] Trial 261 finished with value: -1.0 and parameters: {'batch_size': 32, 'threshold': 0.8, 'attention_heads': 2, 'hidden_dimension': 64, 'number_of_hidden_layers': 1, 'dropout_rate': 0.1, 'learning_rate': 0.0003, 'weight_decay': 1e-06}. Best is trial 196 with value: 0.9030303030303031.
