SLURM NODE: kn061
[I 2026-02-23 05:14:05,169] A new study created in RDB with name: R8-Attention_distillation
[I 2026-02-23 08:10:50,244] Trial 0 finished with value: 0.950743004381462 and parameters: {'batch_size': 32, 'threshold': 0.9, 'attention_heads': 2, 'hidden_dimension': 128, 'number_of_hidden_layers': 2, 'dropout_rate': 0.4, 'learning_rate': 1e-05, 'weight_decay': 1e-05}. Best is trial 0 with value: 0.950743004381462.
[I 2026-02-23 10:29:49,750] Trial 1 finished with value: 0.9437073423110836 and parameters: {'batch_size': 32, 'threshold': 0.7, 'attention_heads': 1, 'hidden_dimension': 128, 'number_of_hidden_layers': 1, 'dropout_rate': 0.2, 'learning_rate': 0.0003, 'weight_decay': 1e-06}. Best is trial 0 with value: 0.950743004381462.
[I 2026-02-23 12:06:52,648] Trial 2 finished with value: 0.9450772074386864 and parameters: {'batch_size': 128, 'threshold': 0.9, 'attention_heads': 8, 'hidden_dimension': 32, 'number_of_hidden_layers': 2, 'dropout_rate': 0.2, 'learning_rate': 0.001, 'weight_decay': 1e-05}. Best is trial 0 with value: 0.950743004381462.
CUDA out of memory. Tried to allocate 7.73 GiB. GPU 0 has a total capacity of 44.40 GiB of which 4.76 GiB is free. Including non-PyTorch memory, this process has 39.63 GiB memory in use. Of the allocated memory 39.04 GiB is allocated by PyTorch, and 47.14 MiB is reserved by PyTorch but unallocated. If reserved but unallocated memory is large try setting PYTORCH_CUDA_ALLOC_CONF=expandable_segments:True to avoid fragmentation.  See documentation for Memory Management  (https://pytorch.org/docs/stable/notes/cuda.html#environment-variables)
[I 2026-02-23 13:23:36,288] Trial 3 finished with value: -1.0 and parameters: {'batch_size': 64, 'threshold': 0.7, 'attention_heads': 6, 'hidden_dimension': 64, 'number_of_hidden_layers': 1, 'dropout_rate': 0.2, 'learning_rate': 0.001, 'weight_decay': 1e-05}. Best is trial 0 with value: 0.950743004381462.
[I 2026-02-23 16:54:52,513] Trial 4 finished with value: 0.923365790050874 and parameters: {'batch_size': 64, 'threshold': 0.9, 'attention_heads': 8, 'hidden_dimension': 32, 'number_of_hidden_layers': 0, 'dropout_rate': 0.2, 'learning_rate': 1e-05, 'weight_decay': 1e-05}. Best is trial 0 with value: 0.950743004381462.
CUDA out of memory. Tried to allocate 7.45 GiB. GPU 0 has a total capacity of 44.40 GiB of which 6.26 GiB is free. Including non-PyTorch memory, this process has 38.13 GiB memory in use. Of the allocated memory 37.52 GiB is allocated by PyTorch, and 64.88 MiB is reserved by PyTorch but unallocated. If reserved but unallocated memory is large try setting PYTORCH_CUDA_ALLOC_CONF=expandable_segments:True to avoid fragmentation.  See documentation for Memory Management  (https://pytorch.org/docs/stable/notes/cuda.html#environment-variables)
[I 2026-02-23 18:25:03,916] Trial 5 finished with value: -1.0 and parameters: {'batch_size': 16, 'threshold': 0.7, 'attention_heads': 6, 'hidden_dimension': 128, 'number_of_hidden_layers': 0, 'dropout_rate': 0.1, 'learning_rate': 0.0003, 'weight_decay': 0.001}. Best is trial 0 with value: 0.950743004381462.
[I 2026-02-23 21:19:50,494] Trial 6 finished with value: 0.9585758062165504 and parameters: {'batch_size': 16, 'threshold': 0.7, 'attention_heads': 6, 'hidden_dimension': 64, 'number_of_hidden_layers': 1, 'dropout_rate': 0.1, 'learning_rate': 0.001, 'weight_decay': 1e-05}. Best is trial 6 with value: 0.9585758062165504.
[I 2026-02-24 01:08:13,882] Trial 7 finished with value: 0.9463303310314501 and parameters: {'batch_size': 32, 'threshold': 0.99, 'attention_heads': 1, 'hidden_dimension': 64, 'number_of_hidden_layers': 0, 'dropout_rate': 0.1, 'learning_rate': 1e-05, 'weight_decay': 1e-05}. Best is trial 6 with value: 0.9585758062165504.
[I 2026-02-24 03:15:23,471] Trial 8 finished with value: 0.9374843070008334 and parameters: {'batch_size': 16, 'threshold': 0.99, 'attention_heads': 4, 'hidden_dimension': 64, 'number_of_hidden_layers': 2, 'dropout_rate': 0.3, 'learning_rate': 0.001, 'weight_decay': 0.001}. Best is trial 6 with value: 0.9585758062165504.
[I 2026-02-24 04:57:27,790] Trial 9 finished with value: 0.9446233221971778 and parameters: {'batch_size': 32, 'threshold': 0.95, 'attention_heads': 2, 'hidden_dimension': 64, 'number_of_hidden_layers': 0, 'dropout_rate': 0.4, 'learning_rate': 0.0003, 'weight_decay': 1e-05}. Best is trial 6 with value: 0.9585758062165504.
[I 2026-02-24 06:57:08,343] Trial 10 finished with value: 0.9629548254569322 and parameters: {'batch_size': 32, 'threshold': 0.8, 'attention_heads': 1, 'hidden_dimension': 64, 'number_of_hidden_layers': 1, 'dropout_rate': 0.1, 'learning_rate': 0.001, 'weight_decay': 0.0001}. Best is trial 10 with value: 0.9629548254569322.
CUDA out of memory. Tried to allocate 7.46 GiB. GPU 0 has a total capacity of 44.40 GiB of which 5.97 GiB is free. Including non-PyTorch memory, this process has 38.42 GiB memory in use. Of the allocated memory 37.85 GiB is allocated by PyTorch, and 29.09 MiB is reserved by PyTorch but unallocated. If reserved but unallocated memory is large try setting PYTORCH_CUDA_ALLOC_CONF=expandable_segments:True to avoid fragmentation.  See documentation for Memory Management  (https://pytorch.org/docs/stable/notes/cuda.html#environment-variables)
[I 2026-02-24 08:13:24,217] Trial 11 finished with value: -1.0 and parameters: {'batch_size': 128, 'threshold': 0.6, 'attention_heads': 6, 'hidden_dimension': 32, 'number_of_hidden_layers': 2, 'dropout_rate': 0.2, 'learning_rate': 0.0003, 'weight_decay': 0.001}. Best is trial 10 with value: 0.9629548254569322.
[I 2026-02-24 12:34:52,748] Trial 12 finished with value: 0.9478855477552965 and parameters: {'batch_size': 16, 'threshold': 0.7, 'attention_heads': 4, 'hidden_dimension': 64, 'number_of_hidden_layers': 0, 'dropout_rate': 0.4, 'learning_rate': 1e-05, 'weight_decay': 0.0001}. Best is trial 10 with value: 0.9629548254569322.
[I 2026-02-24 14:23:50,736] Trial 13 finished with value: 0.941442459388631 and parameters: {'batch_size': 64, 'threshold': 0.95, 'attention_heads': 4, 'hidden_dimension': 128, 'number_of_hidden_layers': 0, 'dropout_rate': 0.4, 'learning_rate': 0.0001, 'weight_decay': 0.001}. Best is trial 10 with value: 0.9629548254569322.
[I 2026-02-24 16:14:06,102] Trial 14 finished with value: 0.9410509683370256 and parameters: {'batch_size': 64, 'threshold': 0.99, 'attention_heads': 6, 'hidden_dimension': 64, 'number_of_hidden_layers': 1, 'dropout_rate': 0.3, 'learning_rate': 0.0001, 'weight_decay': 1e-06}. Best is trial 10 with value: 0.9629548254569322.
CUDA out of memory. Tried to allocate 7.39 GiB. GPU 0 has a total capacity of 44.40 GiB of which 6.07 GiB is free. Including non-PyTorch memory, this process has 38.32 GiB memory in use. Of the allocated memory 37.76 GiB is allocated by PyTorch, and 19.37 MiB is reserved by PyTorch but unallocated. If reserved but unallocated memory is large try setting PYTORCH_CUDA_ALLOC_CONF=expandable_segments:True to avoid fragmentation.  See documentation for Memory Management  (https://pytorch.org/docs/stable/notes/cuda.html#environment-variables)
[I 2026-02-24 17:34:19,718] Trial 15 finished with value: -1.0 and parameters: {'batch_size': 128, 'threshold': 0.6, 'attention_heads': 6, 'hidden_dimension': 128, 'number_of_hidden_layers': 0, 'dropout_rate': 0.3, 'learning_rate': 0.0003, 'weight_decay': 1e-06}. Best is trial 10 with value: 0.9629548254569322.
CUDA out of memory. Tried to allocate 7.07 GiB. GPU 0 has a total capacity of 44.40 GiB of which 2.27 GiB is free. Including non-PyTorch memory, this process has 42.12 GiB memory in use. Of the allocated memory 41.50 GiB is allocated by PyTorch, and 69.07 MiB is reserved by PyTorch but unallocated. If reserved but unallocated memory is large try setting PYTORCH_CUDA_ALLOC_CONF=expandable_segments:True to avoid fragmentation.  See documentation for Memory Management  (https://pytorch.org/docs/stable/notes/cuda.html#environment-variables)
[I 2026-02-24 19:01:52,542] Trial 16 finished with value: -1.0 and parameters: {'batch_size': 128, 'threshold': 0.6, 'attention_heads': 4, 'hidden_dimension': 32, 'number_of_hidden_layers': 1, 'dropout_rate': 0.3, 'learning_rate': 0.0001, 'weight_decay': 1e-05}. Best is trial 10 with value: 0.9629548254569322.
CUDA out of memory. Tried to allocate 5.72 GiB. GPU 0 has a total capacity of 44.40 GiB of which 5.52 GiB is free. Including non-PyTorch memory, this process has 38.86 GiB memory in use. Of the allocated memory 38.25 GiB is allocated by PyTorch, and 71.66 MiB is reserved by PyTorch but unallocated. If reserved but unallocated memory is large try setting PYTORCH_CUDA_ALLOC_CONF=expandable_segments:True to avoid fragmentation.  See documentation for Memory Management  (https://pytorch.org/docs/stable/notes/cuda.html#environment-variables)
[I 2026-02-24 20:29:40,877] Trial 17 finished with value: -1.0 and parameters: {'batch_size': 128, 'threshold': 0.9, 'attention_heads': 8, 'hidden_dimension': 64, 'number_of_hidden_layers': 2, 'dropout_rate': 0.3, 'learning_rate': 0.001, 'weight_decay': 1e-05}. Best is trial 10 with value: 0.9629548254569322.
[I 2026-02-25 01:03:56,342] Trial 18 finished with value: 0.9493313413321444 and parameters: {'batch_size': 16, 'threshold': 0.9, 'attention_heads': 8, 'hidden_dimension': 128, 'number_of_hidden_layers': 2, 'dropout_rate': 0.1, 'learning_rate': 1e-05, 'weight_decay': 1e-05}. Best is trial 10 with value: 0.9629548254569322.
[I 2026-02-25 04:05:12,694] Trial 19 finished with value: 0.9541875618788369 and parameters: {'batch_size': 16, 'threshold': 0.6, 'attention_heads': 4, 'hidden_dimension': 64, 'number_of_hidden_layers': 0, 'dropout_rate': 0.1, 'learning_rate': 0.0001, 'weight_decay': 0.0001}. Best is trial 10 with value: 0.9629548254569322.
[I 2026-02-25 05:51:57,258] Trial 20 finished with value: 0.943197411228361 and parameters: {'batch_size': 32, 'threshold': 0.99, 'attention_heads': 2, 'hidden_dimension': 32, 'number_of_hidden_layers': 0, 'dropout_rate': 0.4, 'learning_rate': 0.001, 'weight_decay': 0.001}. Best is trial 10 with value: 0.9629548254569322.
CUDA out of memory. Tried to allocate 20.43 GiB. GPU 0 has a total capacity of 44.40 GiB of which 8.96 GiB is free. Including non-PyTorch memory, this process has 35.43 GiB memory in use. Of the allocated memory 34.82 GiB is allocated by PyTorch, and 64.93 MiB is reserved by PyTorch but unallocated. If reserved but unallocated memory is large try setting PYTORCH_CUDA_ALLOC_CONF=expandable_segments:True to avoid fragmentation.  See documentation for Memory Management  (https://pytorch.org/docs/stable/notes/cuda.html#environment-variables)
[I 2026-02-25 07:08:56,518] Trial 21 finished with value: -1.0 and parameters: {'batch_size': 64, 'threshold': 0.6, 'attention_heads': 4, 'hidden_dimension': 128, 'number_of_hidden_layers': 0, 'dropout_rate': 0.4, 'learning_rate': 0.0003, 'weight_decay': 0.001}. Best is trial 10 with value: 0.9629548254569322.
[I 2026-02-25 11:08:07,773] Trial 22 finished with value: 0.9286610708793493 and parameters: {'batch_size': 32, 'threshold': 0.99, 'attention_heads': 2, 'hidden_dimension': 64, 'number_of_hidden_layers': 1, 'dropout_rate': 0.2, 'learning_rate': 1e-05, 'weight_decay': 0.001}. Best is trial 10 with value: 0.9629548254569322.
[I 2026-02-25 13:57:08,970] Trial 23 finished with value: 0.9519786699480886 and parameters: {'batch_size': 16, 'threshold': 0.95, 'attention_heads': 4, 'hidden_dimension': 32, 'number_of_hidden_layers': 0, 'dropout_rate': 0.1, 'learning_rate': 0.0001, 'weight_decay': 1e-05}. Best is trial 10 with value: 0.9629548254569322.
CUDA out of memory. Tried to allocate 4.93 GiB. GPU 0 has a total capacity of 44.40 GiB of which 3.41 GiB is free. Including non-PyTorch memory, this process has 40.98 GiB memory in use. Of the allocated memory 40.38 GiB is allocated by PyTorch, and 52.35 MiB is reserved by PyTorch but unallocated. If reserved but unallocated memory is large try setting PYTORCH_CUDA_ALLOC_CONF=expandable_segments:True to avoid fragmentation.  See documentation for Memory Management  (https://pytorch.org/docs/stable/notes/cuda.html#environment-variables)
[I 2026-02-25 15:13:48,093] Trial 24 finished with value: -1.0 and parameters: {'batch_size': 128, 'threshold': 0.6, 'attention_heads': 8, 'hidden_dimension': 32, 'number_of_hidden_layers': 0, 'dropout_rate': 0.1, 'learning_rate': 0.001, 'weight_decay': 0.001}. Best is trial 10 with value: 0.9629548254569322.
[I 2026-02-25 17:12:56,560] Trial 25 finished with value: 0.9516553015232337 and parameters: {'batch_size': 16, 'threshold': 0.99, 'attention_heads': 2, 'hidden_dimension': 64, 'number_of_hidden_layers': 0, 'dropout_rate': 0.2, 'learning_rate': 0.001, 'weight_decay': 0.001}. Best is trial 10 with value: 0.9629548254569322.
[I 2026-02-25 19:04:38,888] Trial 26 finished with value: 0.9460447880405418 and parameters: {'batch_size': 64, 'threshold': 0.9, 'attention_heads': 2, 'hidden_dimension': 32, 'number_of_hidden_layers': 0, 'dropout_rate': 0.3, 'learning_rate': 0.0001, 'weight_decay': 0.001}. Best is trial 10 with value: 0.9629548254569322.
[I 2026-02-25 21:57:01,390] Trial 27 finished with value: 0.9538504877048298 and parameters: {'batch_size': 16, 'threshold': 0.8, 'attention_heads': 8, 'hidden_dimension': 32, 'number_of_hidden_layers': 1, 'dropout_rate': 0.1, 'learning_rate': 0.0001, 'weight_decay': 0.0001}. Best is trial 10 with value: 0.9629548254569322.
[I 2026-02-25 23:31:45,558] Trial 28 finished with value: 0.954347540618681 and parameters: {'batch_size': 128, 'threshold': 0.95, 'attention_heads': 6, 'hidden_dimension': 32, 'number_of_hidden_layers': 1, 'dropout_rate': 0.3, 'learning_rate': 0.0003, 'weight_decay': 1e-06}. Best is trial 10 with value: 0.9629548254569322.
[I 2026-02-26 01:15:39,042] Trial 29 finished with value: 0.949547956626888 and parameters: {'batch_size': 64, 'threshold': 0.99, 'attention_heads': 8, 'hidden_dimension': 32, 'number_of_hidden_layers': 1, 'dropout_rate': 0.4, 'learning_rate': 0.0003, 'weight_decay': 0.001}. Best is trial 10 with value: 0.9629548254569322.
[I 2026-02-26 04:39:57,293] Trial 30 finished with value: 0.9514306199410617 and parameters: {'batch_size': 16, 'threshold': 0.95, 'attention_heads': 4, 'hidden_dimension': 128, 'number_of_hidden_layers': 1, 'dropout_rate': 0.1, 'learning_rate': 1e-05, 'weight_decay': 0.001}. Best is trial 10 with value: 0.9629548254569322.
slurmstepd: error: *** JOB 2255623 ON kn061 CANCELLED AT 2026-02-26T05:13:51 DUE TO TIME LIMIT ***
