SLURM NODE: kn068
[I 2026-03-01 05:47:30,324] Using an existing study with name 'SST-2-Attention_distillation' instead of creating a new one.
[UPDATE] 50 completed trials using a random sampler. Switching from random to TPE sampling.
Last trial state: 0
Enqueuing hyper-parameters: {'batch_size': 128, 'threshold': 0.6, 'attention_heads': 6, 'hidden_dimension': 32, 'number_of_hidden_layers': 0, 'dropout_rate': 0.3, 'learning_rate': 0.0001, 'weight_decay': 1e-06}
[I 2026-03-01 07:51:39,437] Trial 108 finished with value: 0.9151376146788991 and parameters: {'batch_size': 128, 'threshold': 0.6, 'attention_heads': 6, 'hidden_dimension': 32, 'number_of_hidden_layers': 0, 'dropout_rate': 0.3, 'learning_rate': 0.0001, 'weight_decay': 1e-06}. Best is trial 76 with value: 0.9197247706422018.
[I 2026-03-01 09:53:09,412] Trial 109 finished with value: 0.908256880733945 and parameters: {'batch_size': 128, 'threshold': 0.6, 'attention_heads': 4, 'hidden_dimension': 32, 'number_of_hidden_layers': 0, 'dropout_rate': 0.2, 'learning_rate': 0.0001, 'weight_decay': 1e-06}. Best is trial 76 with value: 0.9197247706422018.
[I 2026-03-01 11:55:25,616] Trial 110 finished with value: 0.9162844036697247 and parameters: {'batch_size': 128, 'threshold': 0.6, 'attention_heads': 6, 'hidden_dimension': 32, 'number_of_hidden_layers': 0, 'dropout_rate': 0.1, 'learning_rate': 0.0001, 'weight_decay': 0.001}. Best is trial 76 with value: 0.9197247706422018.
[I 2026-03-01 11:55:26,583] Trial 111 pruned. Duplicate hyper-parameters, same as those used in trial 110: {'batch_size': 128, 'threshold': 0.6, 'attention_heads': 6, 'hidden_dimension': 32, 'number_of_hidden_layers': 0, 'dropout_rate': 0.1, 'learning_rate': 0.0001, 'weight_decay': 0.001}.
[I 2026-03-01 14:50:04,451] Trial 112 finished with value: 0.9105504587155964 and parameters: {'batch_size': 16, 'threshold': 0.6, 'attention_heads': 2, 'hidden_dimension': 128, 'number_of_hidden_layers': 1, 'dropout_rate': 0.2, 'learning_rate': 0.001, 'weight_decay': 0.001}. Best is trial 76 with value: 0.9197247706422018.
[I 2026-03-01 16:42:00,142] Trial 113 finished with value: 0.9105504587155964 and parameters: {'batch_size': 128, 'threshold': 0.95, 'attention_heads': 6, 'hidden_dimension': 32, 'number_of_hidden_layers': 0, 'dropout_rate': 0.3, 'learning_rate': 0.0001, 'weight_decay': 1e-06}. Best is trial 76 with value: 0.9197247706422018.
[I 2026-03-01 16:42:01,125] Trial 114 pruned. Duplicate hyper-parameters, same as those used in trial 108: {'batch_size': 128, 'threshold': 0.6, 'attention_heads': 6, 'hidden_dimension': 32, 'number_of_hidden_layers': 0, 'dropout_rate': 0.3, 'learning_rate': 0.0001, 'weight_decay': 1e-06}.
[I 2026-03-01 16:42:02,091] Trial 115 pruned. Duplicate hyper-parameters, same as those used in trial 103: {'batch_size': 128, 'threshold': 0.6, 'attention_heads': 2, 'hidden_dimension': 128, 'number_of_hidden_layers': 1, 'dropout_rate': 0.1, 'learning_rate': 0.001, 'weight_decay': 0.001}.
[I 2026-03-01 19:08:42,955] Trial 116 finished with value: 0.9128440366972477 and parameters: {'batch_size': 32, 'threshold': 0.6, 'attention_heads': 4, 'hidden_dimension': 128, 'number_of_hidden_layers': 2, 'dropout_rate': 0.4, 'learning_rate': 0.001, 'weight_decay': 1e-05}. Best is trial 76 with value: 0.9197247706422018.
[I 2026-03-01 21:03:10,010] Trial 117 finished with value: 0.908256880733945 and parameters: {'batch_size': 128, 'threshold': 0.7, 'attention_heads': 2, 'hidden_dimension': 128, 'number_of_hidden_layers': 0, 'dropout_rate': 0.3, 'learning_rate': 0.0003, 'weight_decay': 1e-06}. Best is trial 76 with value: 0.9197247706422018.
[I 2026-03-01 23:58:57,520] Trial 118 finished with value: 0.9059633027522935 and parameters: {'batch_size': 16, 'threshold': 0.6, 'attention_heads': 6, 'hidden_dimension': 64, 'number_of_hidden_layers': 0, 'dropout_rate': 0.3, 'learning_rate': 0.0003, 'weight_decay': 1e-06}. Best is trial 76 with value: 0.9197247706422018.
[I 2026-03-02 02:23:18,148] Trial 119 finished with value: 0.908256880733945 and parameters: {'batch_size': 32, 'threshold': 0.6, 'attention_heads': 6, 'hidden_dimension': 32, 'number_of_hidden_layers': 2, 'dropout_rate': 0.4, 'learning_rate': 0.0003, 'weight_decay': 0.001}. Best is trial 76 with value: 0.9197247706422018.
[I 2026-03-02 04:19:32,948] Trial 120 finished with value: 0.9128440366972477 and parameters: {'batch_size': 128, 'threshold': 0.8, 'attention_heads': 8, 'hidden_dimension': 64, 'number_of_hidden_layers': 0, 'dropout_rate': 0.2, 'learning_rate': 0.0001, 'weight_decay': 0.001}. Best is trial 76 with value: 0.9197247706422018.
[I 2026-03-02 06:16:46,173] Trial 121 finished with value: 0.9128440366972477 and parameters: {'batch_size': 128, 'threshold': 0.6, 'attention_heads': 6, 'hidden_dimension': 128, 'number_of_hidden_layers': 0, 'dropout_rate': 0.3, 'learning_rate': 1e-05, 'weight_decay': 0.001}. Best is trial 76 with value: 0.9197247706422018.
[I 2026-03-02 08:12:15,942] Trial 122 finished with value: 0.9151376146788991 and parameters: {'batch_size': 128, 'threshold': 0.9, 'attention_heads': 6, 'hidden_dimension': 128, 'number_of_hidden_layers': 0, 'dropout_rate': 0.1, 'learning_rate': 0.0003, 'weight_decay': 1e-06}. Best is trial 76 with value: 0.9197247706422018.
[I 2026-03-02 10:34:19,907] Trial 123 finished with value: 0.9025229357798165 and parameters: {'batch_size': 32, 'threshold': 0.9, 'attention_heads': 4, 'hidden_dimension': 128, 'number_of_hidden_layers': 1, 'dropout_rate': 0.3, 'learning_rate': 0.0003, 'weight_decay': 1e-05}. Best is trial 76 with value: 0.9197247706422018.
[I 2026-03-02 12:30:10,016] Trial 124 finished with value: 0.9059633027522935 and parameters: {'batch_size': 128, 'threshold': 0.9, 'attention_heads': 6, 'hidden_dimension': 128, 'number_of_hidden_layers': 1, 'dropout_rate': 0.1, 'learning_rate': 0.0003, 'weight_decay': 1e-06}. Best is trial 76 with value: 0.9197247706422018.
[I 2026-03-02 14:50:28,880] Trial 125 finished with value: 0.9151376146788991 and parameters: {'batch_size': 32, 'threshold': 0.6, 'attention_heads': 6, 'hidden_dimension': 32, 'number_of_hidden_layers': 0, 'dropout_rate': 0.1, 'learning_rate': 0.0001, 'weight_decay': 0.0001}. Best is trial 76 with value: 0.9197247706422018.
[I 2026-03-02 16:52:34,402] Trial 126 finished with value: 0.9151376146788991 and parameters: {'batch_size': 64, 'threshold': 0.6, 'attention_heads': 6, 'hidden_dimension': 32, 'number_of_hidden_layers': 0, 'dropout_rate': 0.1, 'learning_rate': 0.0001, 'weight_decay': 0.0001}. Best is trial 76 with value: 0.9197247706422018.
[I 2026-03-02 16:52:35,273] Trial 127 pruned. Duplicate hyper-parameters, same as those used in trial 125: {'batch_size': 32, 'threshold': 0.6, 'attention_heads': 6, 'hidden_dimension': 32, 'number_of_hidden_layers': 0, 'dropout_rate': 0.1, 'learning_rate': 0.0001, 'weight_decay': 0.0001}.
[I 2026-03-02 18:54:47,151] Trial 128 finished with value: 0.9151376146788991 and parameters: {'batch_size': 64, 'threshold': 0.6, 'attention_heads': 6, 'hidden_dimension': 32, 'number_of_hidden_layers': 0, 'dropout_rate': 0.1, 'learning_rate': 0.0001, 'weight_decay': 1e-05}. Best is trial 76 with value: 0.9197247706422018.
[I 2026-03-02 20:56:29,195] Trial 129 finished with value: 0.9151376146788991 and parameters: {'batch_size': 64, 'threshold': 0.7, 'attention_heads': 6, 'hidden_dimension': 32, 'number_of_hidden_layers': 0, 'dropout_rate': 0.1, 'learning_rate': 0.0001, 'weight_decay': 1e-05}. Best is trial 76 with value: 0.9197247706422018.
[I 2026-03-02 22:57:37,909] Trial 130 finished with value: 0.9105504587155964 and parameters: {'batch_size': 64, 'threshold': 0.99, 'attention_heads': 6, 'hidden_dimension': 32, 'number_of_hidden_layers': 0, 'dropout_rate': 0.1, 'learning_rate': 0.0001, 'weight_decay': 1e-05}. Best is trial 76 with value: 0.9197247706422018.
[I 2026-03-03 01:00:43,487] Trial 131 finished with value: 0.9162844036697247 and parameters: {'batch_size': 64, 'threshold': 0.7, 'attention_heads': 6, 'hidden_dimension': 128, 'number_of_hidden_layers': 0, 'dropout_rate': 0.1, 'learning_rate': 0.0001, 'weight_decay': 1e-05}. Best is trial 76 with value: 0.9197247706422018.
[I 2026-03-03 02:54:22,471] Trial 132 finished with value: 0.9071100917431193 and parameters: {'batch_size': 128, 'threshold': 0.9, 'attention_heads': 4, 'hidden_dimension': 128, 'number_of_hidden_layers': 0, 'dropout_rate': 0.1, 'learning_rate': 0.0003, 'weight_decay': 1e-06}. Best is trial 76 with value: 0.9197247706422018.
[I 2026-03-03 04:59:24,671] Trial 133 finished with value: 0.9162844036697247 and parameters: {'batch_size': 64, 'threshold': 0.6, 'attention_heads': 6, 'hidden_dimension': 128, 'number_of_hidden_layers': 0, 'dropout_rate': 0.1, 'learning_rate': 0.0001, 'weight_decay': 1e-05}. Best is trial 76 with value: 0.9197247706422018.
[I 2026-03-03 07:06:11,946] Trial 134 finished with value: 0.9151376146788991 and parameters: {'batch_size': 64, 'threshold': 0.6, 'attention_heads': 6, 'hidden_dimension': 32, 'number_of_hidden_layers': 0, 'dropout_rate': 0.1, 'learning_rate': 1e-05, 'weight_decay': 1e-05}. Best is trial 76 with value: 0.9197247706422018.
[I 2026-03-03 07:06:12,939] Trial 135 pruned. Duplicate hyper-parameters, same as those used in trial 134: {'batch_size': 64, 'threshold': 0.6, 'attention_heads': 6, 'hidden_dimension': 32, 'number_of_hidden_layers': 0, 'dropout_rate': 0.1, 'learning_rate': 1e-05, 'weight_decay': 1e-05}.
[I 2026-03-03 07:06:13,847] Trial 136 pruned. Duplicate hyper-parameters, same as those used in trial 131: {'batch_size': 64, 'threshold': 0.7, 'attention_heads': 6, 'hidden_dimension': 128, 'number_of_hidden_layers': 0, 'dropout_rate': 0.1, 'learning_rate': 0.0001, 'weight_decay': 1e-05}.
[I 2026-03-03 09:05:49,260] Trial 137 finished with value: 0.9151376146788991 and parameters: {'batch_size': 64, 'threshold': 0.7, 'attention_heads': 6, 'hidden_dimension': 32, 'number_of_hidden_layers': 0, 'dropout_rate': 0.1, 'learning_rate': 0.0001, 'weight_decay': 0.0001}. Best is trial 76 with value: 0.9197247706422018.
[I 2026-03-03 11:07:18,458] Trial 138 finished with value: 0.9151376146788991 and parameters: {'batch_size': 64, 'threshold': 0.6, 'attention_heads': 6, 'hidden_dimension': 32, 'number_of_hidden_layers': 0, 'dropout_rate': 0.4, 'learning_rate': 0.0001, 'weight_decay': 1e-05}. Best is trial 76 with value: 0.9197247706422018.
[I 2026-03-03 13:06:57,036] Trial 139 finished with value: 0.9048165137614679 and parameters: {'batch_size': 64, 'threshold': 0.6, 'attention_heads': 2, 'hidden_dimension': 64, 'number_of_hidden_layers': 0, 'dropout_rate': 0.1, 'learning_rate': 0.0001, 'weight_decay': 0.0001}. Best is trial 76 with value: 0.9197247706422018.
[I 2026-03-03 14:58:34,627] Trial 140 finished with value: 0.9128440366972477 and parameters: {'batch_size': 128, 'threshold': 0.9, 'attention_heads': 6, 'hidden_dimension': 32, 'number_of_hidden_layers': 0, 'dropout_rate': 0.1, 'learning_rate': 0.0003, 'weight_decay': 1e-06}. Best is trial 76 with value: 0.9197247706422018.
[I 2026-03-03 16:58:48,793] Trial 141 finished with value: 0.908256880733945 and parameters: {'batch_size': 64, 'threshold': 0.6, 'attention_heads': 1, 'hidden_dimension': 32, 'number_of_hidden_layers': 0, 'dropout_rate': 0.1, 'learning_rate': 0.0001, 'weight_decay': 1e-05}. Best is trial 76 with value: 0.9197247706422018.
[I 2026-03-03 18:52:23,454] Trial 142 finished with value: 0.9059633027522935 and parameters: {'batch_size': 128, 'threshold': 0.6, 'attention_heads': 8, 'hidden_dimension': 64, 'number_of_hidden_layers': 0, 'dropout_rate': 0.3, 'learning_rate': 0.0001, 'weight_decay': 1e-06}. Best is trial 76 with value: 0.9197247706422018.
[I 2026-03-03 20:54:39,720] Trial 143 finished with value: 0.9151376146788991 and parameters: {'batch_size': 64, 'threshold': 0.6, 'attention_heads': 6, 'hidden_dimension': 32, 'number_of_hidden_layers': 0, 'dropout_rate': 0.1, 'learning_rate': 0.0001, 'weight_decay': 1e-06}. Best is trial 76 with value: 0.9197247706422018.
[I 2026-03-03 20:54:40,659] Trial 144 pruned. Duplicate hyper-parameters, same as those used in trial 137: {'batch_size': 64, 'threshold': 0.7, 'attention_heads': 6, 'hidden_dimension': 32, 'number_of_hidden_layers': 0, 'dropout_rate': 0.1, 'learning_rate': 0.0001, 'weight_decay': 0.0001}.
[I 2026-03-03 22:58:52,535] Trial 145 finished with value: 0.9048165137614679 and parameters: {'batch_size': 64, 'threshold': 0.6, 'attention_heads': 4, 'hidden_dimension': 128, 'number_of_hidden_layers': 0, 'dropout_rate': 0.1, 'learning_rate': 0.0001, 'weight_decay': 1e-05}. Best is trial 76 with value: 0.9197247706422018.
[I 2026-03-04 01:03:44,873] Trial 146 finished with value: 0.9059633027522935 and parameters: {'batch_size': 64, 'threshold': 0.7, 'attention_heads': 6, 'hidden_dimension': 64, 'number_of_hidden_layers': 2, 'dropout_rate': 0.1, 'learning_rate': 0.0001, 'weight_decay': 1e-05}. Best is trial 76 with value: 0.9197247706422018.
[I 2026-03-04 03:56:05,430] Trial 147 finished with value: 0.9036697247706422 and parameters: {'batch_size': 16, 'threshold': 0.8, 'attention_heads': 6, 'hidden_dimension': 32, 'number_of_hidden_layers': 0, 'dropout_rate': 0.1, 'learning_rate': 0.0001, 'weight_decay': 0.0001}. Best is trial 76 with value: 0.9197247706422018.
slurmstepd: error: *** JOB 2303093 ON kn068 CANCELLED AT 2026-03-04T05:47:16 DUE TO TIME LIMIT ***
