[I 2026-04-14 14:23:10,332] Trial 302 finished with value: 0.8909090909090909 and parameters: {'batch_size': 16, 'threshold': 0.9, 'attention_heads': 4, 'hidden_dimension': 32, 'number_of_hidden_layers': 1, 'dropout_rate': 0.3, 'learning_rate': 0.0001, 'weight_decay': 0.001}. Best is trial 196 with value: 0.9030303030303031.
[I 2026-04-14 14:23:11,094] Trial 303 pruned. Duplicate hyper-parameters, same as those used in trial 302: {'batch_size': 16, 'threshold': 0.9, 'attention_heads': 4, 'hidden_dimension': 32, 'number_of_hidden_layers': 1, 'dropout_rate': 0.3, 'learning_rate': 0.0001, 'weight_decay': 0.001}.
[I 2026-04-14 14:47:50,521] Trial 304 finished with value: 0.8787878787878788 and parameters: {'batch_size': 64, 'threshold': 0.95, 'attention_heads': 2, 'hidden_dimension': 64, 'number_of_hidden_layers': 2, 'dropout_rate': 0.4, 'learning_rate': 0.0001, 'weight_decay': 0.001}. Best is trial 196 with value: 0.9030303030303031.
[I 2026-04-14 15:27:02,504] Trial 305 finished with value: 0.8909090909090909 and parameters: {'batch_size': 16, 'threshold': 0.8, 'attention_heads': 4, 'hidden_dimension': 32, 'number_of_hidden_layers': 1, 'dropout_rate': 0.4, 'learning_rate': 0.0001, 'weight_decay': 1e-05}. Best is trial 196 with value: 0.9030303030303031.
CUDA out of memory. Tried to allocate 24.90 GiB. GPU 0 has a total capacity of 44.40 GiB of which 562.31 MiB is free. Including non-PyTorch memory, this process has 43.79 GiB memory in use. Of the allocated memory 43.20 GiB is allocated by PyTorch, and 40.81 MiB is reserved by PyTorch but unallocated. If reserved but unallocated memory is large try setting PYTORCH_CUDA_ALLOC_CONF=expandable_segments:True to avoid fragmentation.  See documentation for Memory Management  (https://pytorch.org/docs/stable/notes/cuda.html#environment-variables)
[I 2026-04-14 15:40:38,830] Trial 306 finished with value: -1.0 and parameters: {'batch_size': 64, 'threshold': 0.8, 'attention_heads': 4, 'hidden_dimension': 32, 'number_of_hidden_layers': 1, 'dropout_rate': 0.4, 'learning_rate': 0.0001, 'weight_decay': 1e-05}. Best is trial 196 with value: 0.9030303030303031.
[I 2026-04-14 17:15:26,445] Trial 307 finished with value: 0.8909090909090909 and parameters: {'batch_size': 32, 'threshold': 0.8, 'attention_heads': 1, 'hidden_dimension': 64, 'number_of_hidden_layers': 1, 'dropout_rate': 0.3, 'learning_rate': 1e-05, 'weight_decay': 0.0001}. Best is trial 196 with value: 0.9030303030303031.
[I 2026-04-14 17:15:27,404] Trial 308 pruned. Duplicate hyper-parameters, same as those used in trial 305: {'batch_size': 16, 'threshold': 0.8, 'attention_heads': 4, 'hidden_dimension': 32, 'number_of_hidden_layers': 1, 'dropout_rate': 0.4, 'learning_rate': 0.0001, 'weight_decay': 1e-05}.
[I 2026-04-14 17:15:28,261] Trial 309 pruned. Duplicate hyper-parameters, same as those used in trial 307: {'batch_size': 32, 'threshold': 0.8, 'attention_heads': 1, 'hidden_dimension': 64, 'number_of_hidden_layers': 1, 'dropout_rate': 0.3, 'learning_rate': 1e-05, 'weight_decay': 0.0001}.
[I 2026-04-14 18:06:00,886] Trial 310 finished with value: 0.8848484848484849 and parameters: {'batch_size': 16, 'threshold': 0.8, 'attention_heads': 2, 'hidden_dimension': 32, 'number_of_hidden_layers': 0, 'dropout_rate': 0.4, 'learning_rate': 1e-05, 'weight_decay': 0.001}. Best is trial 196 with value: 0.9030303030303031.
[I 2026-04-14 18:32:23,136] Trial 311 finished with value: 0.8787878787878788 and parameters: {'batch_size': 16, 'threshold': 0.8, 'attention_heads': 1, 'hidden_dimension': 64, 'number_of_hidden_layers': 1, 'dropout_rate': 0.1, 'learning_rate': 0.0003, 'weight_decay': 0.0001}. Best is trial 196 with value: 0.9030303030303031.
[I 2026-04-14 18:50:31,833] Trial 312 finished with value: 0.8666666666666667 and parameters: {'batch_size': 16, 'threshold': 0.99, 'attention_heads': 2, 'hidden_dimension': 128, 'number_of_hidden_layers': 0, 'dropout_rate': 0.4, 'learning_rate': 0.0001, 'weight_decay': 0.0001}. Best is trial 196 with value: 0.9030303030303031.

[UPDATE] Unbound limits: {'batch_size': (np.int64(16), np.int64(64)), 'threshold': (np.float64(0.7), np.float64(0.95)), 'attention_heads': (np.int64(1), np.int64(4)), 'hidden_dimension': (np.int64(32), np.int64(128)), 'number_of_hidden_layers': (np.int64(0), np.int64(2)), 'dropout_rate': (np.float64(0.1), np.float64(0.4)), 'learning_rate': (np.float64(1e-05), np.float64(0.001)), 'weight_decay': (np.float64(1e-06), np.float64(0.001))}
[I 2026-04-14 18:50:32,495] A new study created in RDB with name: IMDb-1k-Attention_distillation-unbound
[I 2026-04-14 18:50:32,662] Trial 0 finished with value: 0.896969696969697 and parameters: {'batch_size': 32, 'threshold': 0.8, 'attention_heads': 1, 'hidden_dimension': 64, 'number_of_hidden_layers': 1, 'dropout_rate': 0.1, 'learning_rate': 0.001, 'weight_decay': 0.0001}.
[I 2026-04-14 18:50:32,663] Trial 1 finished with value: 0.9030303030303031 and parameters: {'batch_size': 16, 'threshold': 0.8, 'attention_heads': 2, 'hidden_dimension': 32, 'number_of_hidden_layers': 0, 'dropout_rate': 0.4, 'learning_rate': 0.0001, 'weight_decay': 0.0001}.
[I 2026-04-14 18:50:32,664] Trial 2 finished with value: 0.896969696969697 and parameters: {'batch_size': 32, 'threshold': 0.9, 'attention_heads': 2, 'hidden_dimension': 64, 'number_of_hidden_layers': 1, 'dropout_rate': 0.1, 'learning_rate': 0.0001, 'weight_decay': 1e-06}.
[I 2026-04-14 19:48:32,624] Trial 3 finished with value: 0.8787878787878788 and parameters: {'batch_size': 32, 'threshold': 0.94, 'attention_heads': 3, 'hidden_dimension': 90, 'number_of_hidden_layers': 0, 'dropout_rate': 0.1467983561008608, 'learning_rate': 1.3066739238053272e-05, 'weight_decay': 0.0003967605077052988}. Best is trial 1 with value: 0.9030303030303031.
CUDA out of memory. Tried to allocate 7.37 GiB. GPU 0 has a total capacity of 44.40 GiB of which 6.23 GiB is free. Including non-PyTorch memory, this process has 38.11 GiB memory in use. Of the allocated memory 37.50 GiB is allocated by PyTorch, and 56.95 MiB is reserved by PyTorch but unallocated. If reserved but unallocated memory is large try setting PYTORCH_CUDA_ALLOC_CONF=expandable_segments:True to avoid fragmentation.  See documentation for Memory Management  (https://pytorch.org/docs/stable/notes/cuda.html#environment-variables)
[I 2026-04-14 20:02:05,055] Trial 4 finished with value: -1.0 and parameters: {'batch_size': 48, 'threshold': 0.8799999999999999, 'attention_heads': 1, 'hidden_dimension': 126, 'number_of_hidden_layers': 2, 'dropout_rate': 0.16370173320348286, 'learning_rate': 2.3102018878452926e-05, 'weight_decay': 3.549878832196506e-06}. Best is trial 1 with value: 0.9030303030303031.
CUDA out of memory. Tried to allocate 6.72 GiB. GPU 0 has a total capacity of 44.40 GiB of which 4.38 GiB is free. Including non-PyTorch memory, this process has 39.96 GiB memory in use. Of the allocated memory 39.38 GiB is allocated by PyTorch, and 37.72 MiB is reserved by PyTorch but unallocated. If reserved but unallocated memory is large try setting PYTORCH_CUDA_ALLOC_CONF=expandable_segments:True to avoid fragmentation.  See documentation for Memory Management  (https://pytorch.org/docs/stable/notes/cuda.html#environment-variables)
[I 2026-04-14 20:15:38,751] Trial 5 finished with value: -1.0 and parameters: {'batch_size': 32, 'threshold': 0.83, 'attention_heads': 2, 'hidden_dimension': 60, 'number_of_hidden_layers': 1, 'dropout_rate': 0.14184815819561256, 'learning_rate': 3.8396292998041685e-05, 'weight_decay': 1.2562773503807034e-05}. Best is trial 1 with value: 0.9030303030303031.
[I 2026-04-14 20:38:53,793] Trial 6 finished with value: 0.896969696969697 and parameters: {'batch_size': 40, 'threshold': 0.8999999999999999, 'attention_heads': 1, 'hidden_dimension': 81, 'number_of_hidden_layers': 1, 'dropout_rate': 0.11393512381599932, 'learning_rate': 0.000164092867306479, 'weight_decay': 3.247673570627449e-06}. Best is trial 1 with value: 0.9030303030303031.
[I 2026-04-14 21:10:59,056] Trial 7 finished with value: 0.8666666666666667 and parameters: {'batch_size': 16, 'threshold': 0.94, 'attention_heads': 4, 'hidden_dimension': 110, 'number_of_hidden_layers': 0, 'dropout_rate': 0.12930163420191518, 'learning_rate': 0.000233596350262616, 'weight_decay': 2.091498132903561e-05}. Best is trial 1 with value: 0.9030303030303031.
[I 2026-04-14 21:40:26,887] Trial 8 finished with value: 0.8848484848484849 and parameters: {'batch_size': 16, 'threshold': 0.82, 'attention_heads': 1, 'hidden_dimension': 120, 'number_of_hidden_layers': 0, 'dropout_rate': 0.2987566853061946, 'learning_rate': 4.201672054372529e-05, 'weight_decay': 3.632486956676606e-05}. Best is trial 1 with value: 0.9030303030303031.
CUDA out of memory. Tried to allocate 11.31 GiB. GPU 0 has a total capacity of 44.40 GiB of which 8.63 GiB is free. Including non-PyTorch memory, this process has 35.71 GiB memory in use. Of the allocated memory 35.13 GiB is allocated by PyTorch, and 27.11 MiB is reserved by PyTorch but unallocated. If reserved but unallocated memory is large try setting PYTORCH_CUDA_ALLOC_CONF=expandable_segments:True to avoid fragmentation.  See documentation for Memory Management  (https://pytorch.org/docs/stable/notes/cuda.html#environment-variables)
[I 2026-04-14 21:54:03,400] Trial 9 finished with value: -1.0 and parameters: {'batch_size': 40, 'threshold': 0.74, 'attention_heads': 4, 'hidden_dimension': 107, 'number_of_hidden_layers': 2, 'dropout_rate': 0.3684482051282947, 'learning_rate': 0.0001569639638866114, 'weight_decay': 0.0005829384542994739}. Best is trial 1 with value: 0.9030303030303031.
[I 2026-04-14 22:23:16,022] Trial 10 finished with value: 0.8787878787878788 and parameters: {'batch_size': 16, 'threshold': 0.75, 'attention_heads': 1, 'hidden_dimension': 63, 'number_of_hidden_layers': 1, 'dropout_rate': 0.1814047095321688, 'learning_rate': 0.00045443839603360173, 'weight_decay': 1.1756010900231857e-05}. Best is trial 1 with value: 0.9030303030303031.
[I 2026-04-14 22:48:57,082] Trial 11 finished with value: 0.8787878787878788 and parameters: {'batch_size': 24, 'threshold': 0.84, 'attention_heads': 1, 'hidden_dimension': 109, 'number_of_hidden_layers': 0, 'dropout_rate': 0.3960660809801553, 'learning_rate': 0.0003503398491158688, 'weight_decay': 3.945908811099999e-06}. Best is trial 1 with value: 0.9030303030303031.
[I 2026-04-14 23:32:54,370] Trial 12 finished with value: 0.8848484848484849 and parameters: {'batch_size': 16, 'threshold': 0.9099999999999999, 'attention_heads': 3, 'hidden_dimension': 102, 'number_of_hidden_layers': 2, 'dropout_rate': 0.12221339552022711, 'learning_rate': 5.211124595788268e-05, 'weight_decay': 2.2264204303769692e-06}. Best is trial 1 with value: 0.9030303030303031.
CUDA out of memory. Tried to allocate 7.14 GiB. GPU 0 has a total capacity of 44.40 GiB of which 7.11 GiB is free. Including non-PyTorch memory, this process has 37.23 GiB memory in use. Of the allocated memory 36.62 GiB is allocated by PyTorch, and 67.82 MiB is reserved by PyTorch but unallocated. If reserved but unallocated memory is large try setting PYTORCH_CUDA_ALLOC_CONF=expandable_segments:True to avoid fragmentation.  See documentation for Memory Management  (https://pytorch.org/docs/stable/notes/cuda.html#environment-variables)
[I 2026-04-14 23:49:12,275] Trial 13 finished with value: -1.0 and parameters: {'batch_size': 64, 'threshold': 0.86, 'attention_heads': 2, 'hidden_dimension': 38, 'number_of_hidden_layers': 0, 'dropout_rate': 0.1975549966080241, 'learning_rate': 0.0002878805718308924, 'weight_decay': 8.178476574339548e-05}. Best is trial 1 with value: 0.9030303030303031.
CUDA out of memory. Tried to allocate 17.68 GiB. GPU 0 has a total capacity of 44.40 GiB of which 12.95 GiB is free. Including non-PyTorch memory, this process has 31.39 GiB memory in use. Of the allocated memory 30.80 GiB is allocated by PyTorch, and 41.96 MiB is reserved by PyTorch but unallocated. If reserved but unallocated memory is large try setting PYTORCH_CUDA_ALLOC_CONF=expandable_segments:True to avoid fragmentation.  See documentation for Memory Management  (https://pytorch.org/docs/stable/notes/cuda.html#environment-variables)
[I 2026-04-15 00:02:43,360] Trial 14 finished with value: -1.0 and parameters: {'batch_size': 64, 'threshold': 0.82, 'attention_heads': 1, 'hidden_dimension': 101, 'number_of_hidden_layers': 2, 'dropout_rate': 0.2683831592708489, 'learning_rate': 0.0003482846706526881, 'weight_decay': 3.0296104428212496e-05}. Best is trial 1 with value: 0.9030303030303031.
[I 2026-04-15 00:37:09,207] Trial 15 finished with value: 0.8787878787878788 and parameters: {'batch_size': 40, 'threshold': 0.8099999999999999, 'attention_heads': 1, 'hidden_dimension': 42, 'number_of_hidden_layers': 0, 'dropout_rate': 0.2909231233791342, 'learning_rate': 4.253162363790868e-05, 'weight_decay': 3.35515102272148e-05}. Best is trial 1 with value: 0.9030303030303031.
CUDA out of memory. Tried to allocate 8.17 GiB. GPU 0 has a total capacity of 44.40 GiB of which 1.48 GiB is free. Including non-PyTorch memory, this process has 42.86 GiB memory in use. Of the allocated memory 42.28 GiB is allocated by PyTorch, and 27.91 MiB is reserved by PyTorch but unallocated. If reserved but unallocated memory is large try setting PYTORCH_CUDA_ALLOC_CONF=expandable_segments:True to avoid fragmentation.  See documentation for Memory Management  (https://pytorch.org/docs/stable/notes/cuda.html#environment-variables)
[I 2026-04-15 00:51:24,019] Trial 16 finished with value: -1.0 and parameters: {'batch_size': 64, 'threshold': 0.76, 'attention_heads': 2, 'hidden_dimension': 105, 'number_of_hidden_layers': 0, 'dropout_rate': 0.12309397294863791, 'learning_rate': 3.797544798678414e-05, 'weight_decay': 3.0455368715396793e-06}. Best is trial 1 with value: 0.9030303030303031.
CUDA out of memory. Tried to allocate 30.46 GiB. GPU 0 has a total capacity of 44.40 GiB of which 22.07 GiB is free. Including non-PyTorch memory, this process has 22.27 GiB memory in use. Of the allocated memory 21.67 GiB is allocated by PyTorch, and 57.82 MiB is reserved by PyTorch but unallocated. If reserved but unallocated memory is large try setting PYTORCH_CUDA_ALLOC_CONF=expandable_segments:True to avoid fragmentation.  See documentation for Memory Management  (https://pytorch.org/docs/stable/notes/cuda.html#environment-variables)
[I 2026-04-15 01:04:52,740] Trial 17 finished with value: -1.0 and parameters: {'batch_size': 64, 'threshold': 0.9099999999999999, 'attention_heads': 3, 'hidden_dimension': 116, 'number_of_hidden_layers': 2, 'dropout_rate': 0.15597101766581076, 'learning_rate': 0.0006097025297491432, 'weight_decay': 4.149795789891592e-05}. Best is trial 1 with value: 0.9030303030303031.
[I 2026-04-15 01:24:14,331] Trial 18 finished with value: 0.8848484848484849 and parameters: {'batch_size': 56, 'threshold': 0.9299999999999999, 'attention_heads': 2, 'hidden_dimension': 42, 'number_of_hidden_layers': 0, 'dropout_rate': 0.2281323365878769, 'learning_rate': 0.0004325432427964555, 'weight_decay': 0.00038211294416912254}. Best is trial 1 with value: 0.9030303030303031.
[I 2026-04-15 01:50:54,370] Trial 19 finished with value: 0.8727272727272727 and parameters: {'batch_size': 16, 'threshold': 0.83, 'attention_heads': 2, 'hidden_dimension': 53, 'number_of_hidden_layers': 0, 'dropout_rate': 0.20128455142108842, 'learning_rate': 0.0007688106801474952, 'weight_decay': 9.324140221663498e-06}. Best is trial 1 with value: 0.9030303030303031.
CUDA out of memory. Tried to allocate 18.45 GiB. GPU 0 has a total capacity of 44.40 GiB of which 11.97 GiB is free. Including non-PyTorch memory, this process has 32.37 GiB memory in use. Of the allocated memory 31.76 GiB is allocated by PyTorch, and 59.85 MiB is reserved by PyTorch but unallocated. If reserved but unallocated memory is large try setting PYTORCH_CUDA_ALLOC_CONF=expandable_segments:True to avoid fragmentation.  See documentation for Memory Management  (https://pytorch.org/docs/stable/notes/cuda.html#environment-variables)
[I 2026-04-15 02:04:27,878] Trial 20 finished with value: -1.0 and parameters: {'batch_size': 40, 'threshold': 0.8799999999999999, 'attention_heads': 2, 'hidden_dimension': 126, 'number_of_hidden_layers': 2, 'dropout_rate': 0.17553468874760925, 'learning_rate': 9.874088417386235e-05, 'weight_decay': 7.991621920384356e-06}. Best is trial 1 with value: 0.9030303030303031.
CUDA out of memory. Tried to allocate 25.41 GiB. GPU 0 has a total capacity of 44.40 GiB of which 318.31 MiB is free. Including non-PyTorch memory, this process has 44.03 GiB memory in use. Of the allocated memory 43.42 GiB is allocated by PyTorch, and 57.71 MiB is reserved by PyTorch but unallocated. If reserved but unallocated memory is large try setting PYTORCH_CUDA_ALLOC_CONF=expandable_segments:True to avoid fragmentation.  See documentation for Memory Management  (https://pytorch.org/docs/stable/notes/cuda.html#environment-variables)
[I 2026-04-15 02:17:56,385] Trial 21 finished with value: -1.0 and parameters: {'batch_size': 24, 'threshold': 0.7, 'attention_heads': 3, 'hidden_dimension': 80, 'number_of_hidden_layers': 0, 'dropout_rate': 0.18359393927098344, 'learning_rate': 0.0006554382343546282, 'weight_decay': 5.232216089948754e-06}. Best is trial 1 with value: 0.9030303030303031.
CUDA out of memory. Tried to allocate 4.66 GiB. GPU 0 has a total capacity of 44.40 GiB of which 898.31 MiB is free. Including non-PyTorch memory, this process has 43.46 GiB memory in use. Of the allocated memory 42.85 GiB is allocated by PyTorch, and 65.27 MiB is reserved by PyTorch but unallocated. If reserved but unallocated memory is large try setting PYTORCH_CUDA_ALLOC_CONF=expandable_segments:True to avoid fragmentation.  See documentation for Memory Management  (https://pytorch.org/docs/stable/notes/cuda.html#environment-variables)
[I 2026-04-15 02:31:32,967] Trial 22 finished with value: -1.0 and parameters: {'batch_size': 24, 'threshold': 0.82, 'attention_heads': 4, 'hidden_dimension': 55, 'number_of_hidden_layers': 2, 'dropout_rate': 0.3284858845986153, 'learning_rate': 2.9872741995638415e-05, 'weight_decay': 0.00015298506868937454}. Best is trial 1 with value: 0.9030303030303031.
[I 2026-04-15 02:59:29,530] Trial 23 finished with value: 0.8606060606060606 and parameters: {'batch_size': 32, 'threshold': 0.7799999999999999, 'attention_heads': 1, 'hidden_dimension': 56, 'number_of_hidden_layers': 2, 'dropout_rate': 0.12793326504191999, 'learning_rate': 0.0008090221544206969, 'weight_decay': 0.0004059575919574458}. Best is trial 1 with value: 0.9030303030303031.
[I 2026-04-15 03:22:21,197] Trial 24 finished with value: 0.8909090909090909 and parameters: {'batch_size': 32, 'threshold': 0.7799999999999999, 'attention_heads': 1, 'hidden_dimension': 58, 'number_of_hidden_layers': 0, 'dropout_rate': 0.1247518339050553, 'learning_rate': 0.00047901932971536733, 'weight_decay': 0.0003172570239212229}. Best is trial 1 with value: 0.9030303030303031.
[I 2026-04-15 03:43:43,878] Trial 25 finished with value: 0.8909090909090909 and parameters: {'batch_size': 32, 'threshold': 0.77, 'attention_heads': 1, 'hidden_dimension': 41, 'number_of_hidden_layers': 0, 'dropout_rate': 0.3946937671591373, 'learning_rate': 0.00018132996436279322, 'weight_decay': 7.025508730305663e-05}. Best is trial 1 with value: 0.9030303030303031.
[I 2026-04-15 04:08:04,673] Trial 26 finished with value: 0.8727272727272727 and parameters: {'batch_size': 24, 'threshold': 0.7899999999999999, 'attention_heads': 1, 'hidden_dimension': 52, 'number_of_hidden_layers': 1, 'dropout_rate': 0.11909208689468068, 'learning_rate': 0.0007613391797151993, 'weight_decay': 5.9858088857467013e-05}. Best is trial 1 with value: 0.9030303030303031.
[I 2026-04-15 04:43:21,458] Trial 27 finished with value: 0.8848484848484849 and parameters: {'batch_size': 32, 'threshold': 0.87, 'attention_heads': 2, 'hidden_dimension': 64, 'number_of_hidden_layers': 0, 'dropout_rate': 0.3277391327616994, 'learning_rate': 4.118003127211187e-05, 'weight_decay': 0.00036850959596629036}. Best is trial 1 with value: 0.9030303030303031.
[I 2026-04-15 05:17:05,940] Trial 28 finished with value: 0.9030303030303031 and parameters: {'batch_size': 32, 'threshold': 0.7899999999999999, 'attention_heads': 2, 'hidden_dimension': 45, 'number_of_hidden_layers': 0, 'dropout_rate': 0.10671604899841113, 'learning_rate': 7.917351913732806e-05, 'weight_decay': 1.2986982213263512e-06}. Best is trial 1 with value: 0.9030303030303031.
CUDA out of memory. Tried to allocate 8.28 GiB. GPU 0 has a total capacity of 44.40 GiB of which 1.35 GiB is free. Including non-PyTorch memory, this process has 42.99 GiB memory in use. Of the allocated memory 42.40 GiB is allocated by PyTorch, and 48.85 MiB is reserved by PyTorch but unallocated. If reserved but unallocated memory is large try setting PYTORCH_CUDA_ALLOC_CONF=expandable_segments:True to avoid fragmentation.  See documentation for Memory Management  (https://pytorch.org/docs/stable/notes/cuda.html#environment-variables)
[I 2026-04-15 05:30:51,181] Trial 29 finished with value: -1.0 and parameters: {'batch_size': 48, 'threshold': 0.75, 'attention_heads': 2, 'hidden_dimension': 34, 'number_of_hidden_layers': 0, 'dropout_rate': 0.11664241846863639, 'learning_rate': 0.00014188299432872276, 'weight_decay': 1.6839334171620519e-06}. Best is trial 1 with value: 0.9030303030303031.
