SLURM NODE: kn049
[I 2026-03-01 05:54:31,663] Using an existing study with name 'R8-Attention_distillation' instead of creating a new one.
Last trial state: 0
Enqueuing hyper-parameters: {'batch_size': 16, 'threshold': 0.6, 'attention_heads': 4, 'hidden_dimension': 64, 'number_of_hidden_layers': 1, 'dropout_rate': 0.1, 'learning_rate': 0.001, 'weight_decay': 1e-05}
[I 2026-03-01 09:30:43,478] Trial 97 finished with value: 0.9454124820158523 and parameters: {'batch_size': 16, 'threshold': 0.6, 'attention_heads': 4, 'hidden_dimension': 64, 'number_of_hidden_layers': 1, 'dropout_rate': 0.1, 'learning_rate': 0.001, 'weight_decay': 1e-05}. Best is trial 10 with value: 0.9629548254569322.
[I 2026-03-01 09:30:44,316] Trial 98 pruned. Duplicate hyper-parameters, same as those used in trial 0: {'batch_size': 32, 'threshold': 0.9, 'attention_heads': 2, 'hidden_dimension': 128, 'number_of_hidden_layers': 2, 'dropout_rate': 0.4, 'learning_rate': 1e-05, 'weight_decay': 1e-05}.
[I 2026-03-01 09:30:45,057] Trial 99 pruned. Duplicate hyper-parameters, same as those used in trial 1: {'batch_size': 32, 'threshold': 0.7, 'attention_heads': 1, 'hidden_dimension': 128, 'number_of_hidden_layers': 1, 'dropout_rate': 0.2, 'learning_rate': 0.0003, 'weight_decay': 1e-06}.
[I 2026-03-01 09:30:45,861] Trial 100 pruned. Duplicate hyper-parameters, same as those used in trial 2: {'batch_size': 128, 'threshold': 0.9, 'attention_heads': 8, 'hidden_dimension': 32, 'number_of_hidden_layers': 2, 'dropout_rate': 0.2, 'learning_rate': 0.001, 'weight_decay': 1e-05}.
[I 2026-03-01 09:30:46,714] Trial 101 pruned. Duplicate hyper-parameters, same as those used in trial 3: {'batch_size': 64, 'threshold': 0.7, 'attention_heads': 6, 'hidden_dimension': 64, 'number_of_hidden_layers': 1, 'dropout_rate': 0.2, 'learning_rate': 0.001, 'weight_decay': 1e-05}.
[I 2026-03-01 09:30:47,564] Trial 102 pruned. Duplicate hyper-parameters, same as those used in trial 4: {'batch_size': 64, 'threshold': 0.9, 'attention_heads': 8, 'hidden_dimension': 32, 'number_of_hidden_layers': 0, 'dropout_rate': 0.2, 'learning_rate': 1e-05, 'weight_decay': 1e-05}.
[I 2026-03-01 09:30:48,411] Trial 103 pruned. Duplicate hyper-parameters, same as those used in trial 5: {'batch_size': 16, 'threshold': 0.7, 'attention_heads': 6, 'hidden_dimension': 128, 'number_of_hidden_layers': 0, 'dropout_rate': 0.1, 'learning_rate': 0.0003, 'weight_decay': 0.001}.
[I 2026-03-01 09:30:49,183] Trial 104 pruned. Duplicate hyper-parameters, same as those used in trial 6: {'batch_size': 16, 'threshold': 0.7, 'attention_heads': 6, 'hidden_dimension': 64, 'number_of_hidden_layers': 1, 'dropout_rate': 0.1, 'learning_rate': 0.001, 'weight_decay': 1e-05}.
[I 2026-03-01 09:30:49,938] Trial 105 pruned. Duplicate hyper-parameters, same as those used in trial 7: {'batch_size': 32, 'threshold': 0.99, 'attention_heads': 1, 'hidden_dimension': 64, 'number_of_hidden_layers': 0, 'dropout_rate': 0.1, 'learning_rate': 1e-05, 'weight_decay': 1e-05}.
[I 2026-03-01 09:30:50,655] Trial 106 pruned. Duplicate hyper-parameters, same as those used in trial 8: {'batch_size': 16, 'threshold': 0.99, 'attention_heads': 4, 'hidden_dimension': 64, 'number_of_hidden_layers': 2, 'dropout_rate': 0.3, 'learning_rate': 0.001, 'weight_decay': 0.001}.
[I 2026-03-01 09:30:51,394] Trial 107 pruned. Duplicate hyper-parameters, same as those used in trial 9: {'batch_size': 32, 'threshold': 0.95, 'attention_heads': 2, 'hidden_dimension': 64, 'number_of_hidden_layers': 0, 'dropout_rate': 0.4, 'learning_rate': 0.0003, 'weight_decay': 1e-05}.
[I 2026-03-01 09:30:52,252] Trial 108 pruned. Duplicate hyper-parameters, same as those used in trial 10: {'batch_size': 32, 'threshold': 0.8, 'attention_heads': 1, 'hidden_dimension': 64, 'number_of_hidden_layers': 1, 'dropout_rate': 0.1, 'learning_rate': 0.001, 'weight_decay': 0.0001}.
[I 2026-03-01 09:30:53,111] Trial 109 pruned. Duplicate hyper-parameters, same as those used in trial 11: {'batch_size': 128, 'threshold': 0.6, 'attention_heads': 6, 'hidden_dimension': 32, 'number_of_hidden_layers': 2, 'dropout_rate': 0.2, 'learning_rate': 0.0003, 'weight_decay': 0.001}.
[I 2026-03-01 09:30:53,981] Trial 110 pruned. Duplicate hyper-parameters, same as those used in trial 12: {'batch_size': 16, 'threshold': 0.7, 'attention_heads': 4, 'hidden_dimension': 64, 'number_of_hidden_layers': 0, 'dropout_rate': 0.4, 'learning_rate': 1e-05, 'weight_decay': 0.0001}.
[I 2026-03-01 09:30:54,931] Trial 111 pruned. Duplicate hyper-parameters, same as those used in trial 13: {'batch_size': 64, 'threshold': 0.95, 'attention_heads': 4, 'hidden_dimension': 128, 'number_of_hidden_layers': 0, 'dropout_rate': 0.4, 'learning_rate': 0.0001, 'weight_decay': 0.001}.
[I 2026-03-01 09:30:55,792] Trial 112 pruned. Duplicate hyper-parameters, same as those used in trial 14: {'batch_size': 64, 'threshold': 0.99, 'attention_heads': 6, 'hidden_dimension': 64, 'number_of_hidden_layers': 1, 'dropout_rate': 0.3, 'learning_rate': 0.0001, 'weight_decay': 1e-06}.
[I 2026-03-01 09:30:56,676] Trial 113 pruned. Duplicate hyper-parameters, same as those used in trial 15: {'batch_size': 128, 'threshold': 0.6, 'attention_heads': 6, 'hidden_dimension': 128, 'number_of_hidden_layers': 0, 'dropout_rate': 0.3, 'learning_rate': 0.0003, 'weight_decay': 1e-06}.
[I 2026-03-01 09:30:57,552] Trial 114 pruned. Duplicate hyper-parameters, same as those used in trial 16: {'batch_size': 128, 'threshold': 0.6, 'attention_heads': 4, 'hidden_dimension': 32, 'number_of_hidden_layers': 1, 'dropout_rate': 0.3, 'learning_rate': 0.0001, 'weight_decay': 1e-05}.
[I 2026-03-01 09:30:58,415] Trial 115 pruned. Duplicate hyper-parameters, same as those used in trial 17: {'batch_size': 128, 'threshold': 0.9, 'attention_heads': 8, 'hidden_dimension': 64, 'number_of_hidden_layers': 2, 'dropout_rate': 0.3, 'learning_rate': 0.001, 'weight_decay': 1e-05}.
[I 2026-03-01 09:30:59,283] Trial 116 pruned. Duplicate hyper-parameters, same as those used in trial 18: {'batch_size': 16, 'threshold': 0.9, 'attention_heads': 8, 'hidden_dimension': 128, 'number_of_hidden_layers': 2, 'dropout_rate': 0.1, 'learning_rate': 1e-05, 'weight_decay': 1e-05}.
[I 2026-03-01 09:31:00,128] Trial 117 pruned. Duplicate hyper-parameters, same as those used in trial 19: {'batch_size': 16, 'threshold': 0.6, 'attention_heads': 4, 'hidden_dimension': 64, 'number_of_hidden_layers': 0, 'dropout_rate': 0.1, 'learning_rate': 0.0001, 'weight_decay': 0.0001}.
[I 2026-03-01 09:31:00,937] Trial 118 pruned. Duplicate hyper-parameters, same as those used in trial 20: {'batch_size': 32, 'threshold': 0.99, 'attention_heads': 2, 'hidden_dimension': 32, 'number_of_hidden_layers': 0, 'dropout_rate': 0.4, 'learning_rate': 0.001, 'weight_decay': 0.001}.
[I 2026-03-01 09:31:01,726] Trial 119 pruned. Duplicate hyper-parameters, same as those used in trial 21: {'batch_size': 64, 'threshold': 0.6, 'attention_heads': 4, 'hidden_dimension': 128, 'number_of_hidden_layers': 0, 'dropout_rate': 0.4, 'learning_rate': 0.0003, 'weight_decay': 0.001}.
[I 2026-03-01 09:31:02,564] Trial 120 pruned. Duplicate hyper-parameters, same as those used in trial 22: {'batch_size': 32, 'threshold': 0.99, 'attention_heads': 2, 'hidden_dimension': 64, 'number_of_hidden_layers': 1, 'dropout_rate': 0.2, 'learning_rate': 1e-05, 'weight_decay': 0.001}.
[I 2026-03-01 09:31:03,428] Trial 121 pruned. Duplicate hyper-parameters, same as those used in trial 23: {'batch_size': 16, 'threshold': 0.95, 'attention_heads': 4, 'hidden_dimension': 32, 'number_of_hidden_layers': 0, 'dropout_rate': 0.1, 'learning_rate': 0.0001, 'weight_decay': 1e-05}.
[I 2026-03-01 09:31:04,277] Trial 122 pruned. Duplicate hyper-parameters, same as those used in trial 24: {'batch_size': 128, 'threshold': 0.6, 'attention_heads': 8, 'hidden_dimension': 32, 'number_of_hidden_layers': 0, 'dropout_rate': 0.1, 'learning_rate': 0.001, 'weight_decay': 0.001}.
[I 2026-03-01 09:31:05,121] Trial 123 pruned. Duplicate hyper-parameters, same as those used in trial 25: {'batch_size': 16, 'threshold': 0.99, 'attention_heads': 2, 'hidden_dimension': 64, 'number_of_hidden_layers': 0, 'dropout_rate': 0.2, 'learning_rate': 0.001, 'weight_decay': 0.001}.
[I 2026-03-01 09:31:05,976] Trial 124 pruned. Duplicate hyper-parameters, same as those used in trial 26: {'batch_size': 64, 'threshold': 0.9, 'attention_heads': 2, 'hidden_dimension': 32, 'number_of_hidden_layers': 0, 'dropout_rate': 0.3, 'learning_rate': 0.0001, 'weight_decay': 0.001}.
[I 2026-03-01 09:31:06,825] Trial 125 pruned. Duplicate hyper-parameters, same as those used in trial 27: {'batch_size': 16, 'threshold': 0.8, 'attention_heads': 8, 'hidden_dimension': 32, 'number_of_hidden_layers': 1, 'dropout_rate': 0.1, 'learning_rate': 0.0001, 'weight_decay': 0.0001}.
[I 2026-03-01 09:31:07,704] Trial 126 pruned. Duplicate hyper-parameters, same as those used in trial 28: {'batch_size': 128, 'threshold': 0.95, 'attention_heads': 6, 'hidden_dimension': 32, 'number_of_hidden_layers': 1, 'dropout_rate': 0.3, 'learning_rate': 0.0003, 'weight_decay': 1e-06}.
[I 2026-03-01 09:31:08,558] Trial 127 pruned. Duplicate hyper-parameters, same as those used in trial 29: {'batch_size': 64, 'threshold': 0.99, 'attention_heads': 8, 'hidden_dimension': 32, 'number_of_hidden_layers': 1, 'dropout_rate': 0.4, 'learning_rate': 0.0003, 'weight_decay': 0.001}.
[I 2026-03-01 09:31:09,428] Trial 128 pruned. Duplicate hyper-parameters, same as those used in trial 30: {'batch_size': 16, 'threshold': 0.95, 'attention_heads': 4, 'hidden_dimension': 128, 'number_of_hidden_layers': 1, 'dropout_rate': 0.1, 'learning_rate': 1e-05, 'weight_decay': 0.001}.
[I 2026-03-01 09:31:10,253] Trial 129 pruned. Duplicate hyper-parameters, same as those used in trial 32: {'batch_size': 16, 'threshold': 0.6, 'attention_heads': 8, 'hidden_dimension': 128, 'number_of_hidden_layers': 0, 'dropout_rate': 0.1, 'learning_rate': 0.0003, 'weight_decay': 0.0001}.
[I 2026-03-01 09:31:11,061] Trial 130 pruned. Duplicate hyper-parameters, same as those used in trial 65: {'batch_size': 16, 'threshold': 0.7, 'attention_heads': 4, 'hidden_dimension': 32, 'number_of_hidden_layers': 0, 'dropout_rate': 0.3, 'learning_rate': 0.001, 'weight_decay': 0.001}.
[I 2026-03-01 09:31:11,858] Trial 131 pruned. Duplicate hyper-parameters, same as those used in trial 66: {'batch_size': 32, 'threshold': 0.99, 'attention_heads': 4, 'hidden_dimension': 32, 'number_of_hidden_layers': 0, 'dropout_rate': 0.1, 'learning_rate': 0.001, 'weight_decay': 0.001}.
[I 2026-03-01 09:31:12,707] Trial 132 pruned. Duplicate hyper-parameters, same as those used in trial 67: {'batch_size': 16, 'threshold': 0.95, 'attention_heads': 8, 'hidden_dimension': 128, 'number_of_hidden_layers': 0, 'dropout_rate': 0.3, 'learning_rate': 0.0003, 'weight_decay': 1e-06}.
[I 2026-03-01 09:31:13,562] Trial 133 pruned. Duplicate hyper-parameters, same as those used in trial 68: {'batch_size': 64, 'threshold': 0.7, 'attention_heads': 2, 'hidden_dimension': 64, 'number_of_hidden_layers': 1, 'dropout_rate': 0.1, 'learning_rate': 1e-05, 'weight_decay': 1e-05}.
[I 2026-03-01 09:31:14,414] Trial 134 pruned. Duplicate hyper-parameters, same as those used in trial 69: {'batch_size': 32, 'threshold': 0.95, 'attention_heads': 4, 'hidden_dimension': 128, 'number_of_hidden_layers': 0, 'dropout_rate': 0.1, 'learning_rate': 1e-05, 'weight_decay': 0.001}.
[I 2026-03-01 09:31:15,263] Trial 135 pruned. Duplicate hyper-parameters, same as those used in trial 70: {'batch_size': 64, 'threshold': 0.9, 'attention_heads': 6, 'hidden_dimension': 128, 'number_of_hidden_layers': 1, 'dropout_rate': 0.2, 'learning_rate': 0.0003, 'weight_decay': 1e-06}.
[I 2026-03-01 09:31:16,151] Trial 136 pruned. Duplicate hyper-parameters, same as those used in trial 71: {'batch_size': 16, 'threshold': 0.9, 'attention_heads': 8, 'hidden_dimension': 128, 'number_of_hidden_layers': 0, 'dropout_rate': 0.3, 'learning_rate': 0.0003, 'weight_decay': 0.0001}.
[I 2026-03-01 09:31:17,049] Trial 137 pruned. Duplicate hyper-parameters, same as those used in trial 72: {'batch_size': 128, 'threshold': 0.9, 'attention_heads': 8, 'hidden_dimension': 128, 'number_of_hidden_layers': 0, 'dropout_rate': 0.4, 'learning_rate': 0.0001, 'weight_decay': 1e-05}.
[I 2026-03-01 09:31:17,921] Trial 138 pruned. Duplicate hyper-parameters, same as those used in trial 73: {'batch_size': 64, 'threshold': 0.6, 'attention_heads': 6, 'hidden_dimension': 128, 'number_of_hidden_layers': 2, 'dropout_rate': 0.2, 'learning_rate': 0.001, 'weight_decay': 1e-05}.
[I 2026-03-01 09:31:18,782] Trial 139 pruned. Duplicate hyper-parameters, same as those used in trial 74: {'batch_size': 128, 'threshold': 0.9, 'attention_heads': 8, 'hidden_dimension': 128, 'number_of_hidden_layers': 1, 'dropout_rate': 0.2, 'learning_rate': 0.0001, 'weight_decay': 1e-06}.
[I 2026-03-01 09:31:19,663] Trial 140 pruned. Duplicate hyper-parameters, same as those used in trial 75: {'batch_size': 64, 'threshold': 0.99, 'attention_heads': 6, 'hidden_dimension': 128, 'number_of_hidden_layers': 2, 'dropout_rate': 0.3, 'learning_rate': 0.001, 'weight_decay': 1e-06}.
[I 2026-03-01 09:31:20,499] Trial 141 pruned. Duplicate hyper-parameters, same as those used in trial 76: {'batch_size': 16, 'threshold': 0.7, 'attention_heads': 1, 'hidden_dimension': 128, 'number_of_hidden_layers': 0, 'dropout_rate': 0.1, 'learning_rate': 1e-05, 'weight_decay': 1e-06}.
[I 2026-03-01 09:31:21,296] Trial 142 pruned. Duplicate hyper-parameters, same as those used in trial 77: {'batch_size': 128, 'threshold': 0.6, 'attention_heads': 4, 'hidden_dimension': 64, 'number_of_hidden_layers': 2, 'dropout_rate': 0.4, 'learning_rate': 0.001, 'weight_decay': 1e-05}.
[I 2026-03-01 09:31:22,104] Trial 143 pruned. Duplicate hyper-parameters, same as those used in trial 78: {'batch_size': 64, 'threshold': 0.99, 'attention_heads': 8, 'hidden_dimension': 32, 'number_of_hidden_layers': 2, 'dropout_rate': 0.4, 'learning_rate': 0.0003, 'weight_decay': 0.001}.
[I 2026-03-01 09:31:22,959] Trial 144 pruned. Duplicate hyper-parameters, same as those used in trial 79: {'batch_size': 128, 'threshold': 0.8, 'attention_heads': 1, 'hidden_dimension': 64, 'number_of_hidden_layers': 1, 'dropout_rate': 0.2, 'learning_rate': 0.0001, 'weight_decay': 0.001}.
[I 2026-03-01 09:31:23,830] Trial 145 pruned. Duplicate hyper-parameters, same as those used in trial 80: {'batch_size': 64, 'threshold': 0.95, 'attention_heads': 6, 'hidden_dimension': 32, 'number_of_hidden_layers': 1, 'dropout_rate': 0.2, 'learning_rate': 0.0001, 'weight_decay': 0.0001}.
[I 2026-03-01 09:31:24,676] Trial 146 pruned. Duplicate hyper-parameters, same as those used in trial 81: {'batch_size': 16, 'threshold': 0.9, 'attention_heads': 1, 'hidden_dimension': 32, 'number_of_hidden_layers': 1, 'dropout_rate': 0.3, 'learning_rate': 0.0001, 'weight_decay': 0.001}.
[I 2026-03-01 09:31:25,531] Trial 147 pruned. Duplicate hyper-parameters, same as those used in trial 82: {'batch_size': 64, 'threshold': 0.8, 'attention_heads': 6, 'hidden_dimension': 128, 'number_of_hidden_layers': 1, 'dropout_rate': 0.1, 'learning_rate': 0.001, 'weight_decay': 1e-05}.
[I 2026-03-01 09:31:26,401] Trial 148 pruned. Duplicate hyper-parameters, same as those used in trial 83: {'batch_size': 128, 'threshold': 0.7, 'attention_heads': 8, 'hidden_dimension': 128, 'number_of_hidden_layers': 1, 'dropout_rate': 0.1, 'learning_rate': 0.0003, 'weight_decay': 0.0001}.
[I 2026-03-01 09:31:27,256] Trial 149 pruned. Duplicate hyper-parameters, same as those used in trial 84: {'batch_size': 128, 'threshold': 0.8, 'attention_heads': 2, 'hidden_dimension': 128, 'number_of_hidden_layers': 2, 'dropout_rate': 0.3, 'learning_rate': 0.0001, 'weight_decay': 0.001}.
[I 2026-03-01 09:31:28,125] Trial 150 pruned. Duplicate hyper-parameters, same as those used in trial 85: {'batch_size': 64, 'threshold': 0.95, 'attention_heads': 2, 'hidden_dimension': 32, 'number_of_hidden_layers': 1, 'dropout_rate': 0.4, 'learning_rate': 0.0001, 'weight_decay': 0.001}.
[I 2026-03-01 09:31:29,001] Trial 151 pruned. Duplicate hyper-parameters, same as those used in trial 86: {'batch_size': 32, 'threshold': 0.7, 'attention_heads': 4, 'hidden_dimension': 128, 'number_of_hidden_layers': 0, 'dropout_rate': 0.4, 'learning_rate': 1e-05, 'weight_decay': 0.001}.
[I 2026-03-01 09:31:29,870] Trial 152 pruned. Duplicate hyper-parameters, same as those used in trial 87: {'batch_size': 128, 'threshold': 0.99, 'attention_heads': 8, 'hidden_dimension': 32, 'number_of_hidden_layers': 0, 'dropout_rate': 0.3, 'learning_rate': 0.001, 'weight_decay': 1e-06}.
[I 2026-03-01 09:31:30,693] Trial 153 pruned. Duplicate hyper-parameters, same as those used in trial 88: {'batch_size': 16, 'threshold': 0.95, 'attention_heads': 4, 'hidden_dimension': 32, 'number_of_hidden_layers': 1, 'dropout_rate': 0.3, 'learning_rate': 0.001, 'weight_decay': 1e-06}.
[I 2026-03-01 09:31:31,500] Trial 154 pruned. Duplicate hyper-parameters, same as those used in trial 89: {'batch_size': 16, 'threshold': 0.8, 'attention_heads': 1, 'hidden_dimension': 64, 'number_of_hidden_layers': 1, 'dropout_rate': 0.2, 'learning_rate': 1e-05, 'weight_decay': 0.001}.
[I 2026-03-01 09:31:32,345] Trial 155 pruned. Duplicate hyper-parameters, same as those used in trial 90: {'batch_size': 16, 'threshold': 0.95, 'attention_heads': 2, 'hidden_dimension': 32, 'number_of_hidden_layers': 0, 'dropout_rate': 0.1, 'learning_rate': 1e-05, 'weight_decay': 0.0001}.
[I 2026-03-01 09:31:33,218] Trial 156 pruned. Duplicate hyper-parameters, same as those used in trial 91: {'batch_size': 64, 'threshold': 0.8, 'attention_heads': 1, 'hidden_dimension': 64, 'number_of_hidden_layers': 2, 'dropout_rate': 0.3, 'learning_rate': 0.001, 'weight_decay': 1e-05}.
[I 2026-03-01 09:31:34,109] Trial 157 pruned. Duplicate hyper-parameters, same as those used in trial 92: {'batch_size': 64, 'threshold': 0.9, 'attention_heads': 4, 'hidden_dimension': 32, 'number_of_hidden_layers': 0, 'dropout_rate': 0.4, 'learning_rate': 0.001, 'weight_decay': 0.0001}.
[I 2026-03-01 09:31:34,929] Trial 158 pruned. Duplicate hyper-parameters, same as those used in trial 93: {'batch_size': 32, 'threshold': 0.99, 'attention_heads': 1, 'hidden_dimension': 64, 'number_of_hidden_layers': 1, 'dropout_rate': 0.2, 'learning_rate': 0.0003, 'weight_decay': 0.001}.
[I 2026-03-01 09:31:35,740] Trial 159 pruned. Duplicate hyper-parameters, same as those used in trial 94: {'batch_size': 32, 'threshold': 0.9, 'attention_heads': 8, 'hidden_dimension': 64, 'number_of_hidden_layers': 2, 'dropout_rate': 0.1, 'learning_rate': 0.0003, 'weight_decay': 0.0001}.
[I 2026-03-01 09:31:36,567] Trial 160 pruned. Duplicate hyper-parameters, same as those used in trial 95: {'batch_size': 32, 'threshold': 0.9, 'attention_heads': 4, 'hidden_dimension': 64, 'number_of_hidden_layers': 1, 'dropout_rate': 0.4, 'learning_rate': 0.001, 'weight_decay': 0.001}.
[I 2026-03-01 09:31:37,448] Trial 161 pruned. Duplicate hyper-parameters, same as those used in trial 97: {'batch_size': 16, 'threshold': 0.6, 'attention_heads': 4, 'hidden_dimension': 64, 'number_of_hidden_layers': 1, 'dropout_rate': 0.1, 'learning_rate': 0.001, 'weight_decay': 1e-05}.
[I 2026-03-01 11:27:05,889] Trial 162 finished with value: 0.9449519189806472 and parameters: {'batch_size': 32, 'threshold': 0.9, 'attention_heads': 4, 'hidden_dimension': 64, 'number_of_hidden_layers': 2, 'dropout_rate': 0.3, 'learning_rate': 0.0003, 'weight_decay': 1e-05}. Best is trial 10 with value: 0.9629548254569322.
[I 2026-03-01 14:24:17,709] Trial 163 finished with value: 0.9409923050323606 and parameters: {'batch_size': 16, 'threshold': 0.6, 'attention_heads': 8, 'hidden_dimension': 32, 'number_of_hidden_layers': 2, 'dropout_rate': 0.3, 'learning_rate': 0.001, 'weight_decay': 1e-05}. Best is trial 10 with value: 0.9629548254569322.
[I 2026-03-01 16:47:06,428] Trial 164 finished with value: 0.948420211320967 and parameters: {'batch_size': 16, 'threshold': 0.9, 'attention_heads': 6, 'hidden_dimension': 32, 'number_of_hidden_layers': 1, 'dropout_rate': 0.2, 'learning_rate': 0.0003, 'weight_decay': 0.0001}. Best is trial 10 with value: 0.9629548254569322.
[I 2026-03-01 19:42:17,367] Trial 165 finished with value: 0.9380549832196704 and parameters: {'batch_size': 64, 'threshold': 0.9, 'attention_heads': 1, 'hidden_dimension': 64, 'number_of_hidden_layers': 1, 'dropout_rate': 0.1, 'learning_rate': 1e-05, 'weight_decay': 0.001}. Best is trial 10 with value: 0.9629548254569322.
[UPDATE] 50 completed trials using a random sampler. Switching from random to TPE sampling.
CUDA out of memory. Tried to allocate 7.46 GiB. GPU 0 has a total capacity of 44.40 GiB of which 6.07 GiB is free. Including non-PyTorch memory, this process has 38.32 GiB memory in use. Of the allocated memory 37.73 GiB is allocated by PyTorch, and 42.64 MiB is reserved by PyTorch but unallocated. If reserved but unallocated memory is large try setting PYTORCH_CUDA_ALLOC_CONF=expandable_segments:True to avoid fragmentation.  See documentation for Memory Management  (https://pytorch.org/docs/stable/notes/cuda.html#environment-variables)
[I 2026-03-01 20:58:51,264] Trial 166 finished with value: -1.0 and parameters: {'batch_size': 128, 'threshold': 0.8, 'attention_heads': 6, 'hidden_dimension': 64, 'number_of_hidden_layers': 1, 'dropout_rate': 0.2, 'learning_rate': 0.0001, 'weight_decay': 1e-05}. Best is trial 10 with value: 0.9629548254569322.
