[I 2026-03-12 09:04:37,794] Trial 72 finished with value: 0.9425706737072819 and parameters: {'batch_size': 48, 'threshold': 0.95, 'attention_heads': 1, 'hidden_dimension': 54, 'number_of_hidden_layers': 1, 'dropout_rate': 0.12590625154001786, 'learning_rate': 0.0007999029578765528, 'weight_decay': 9.832379659534725e-05}. Best is trial 2 with value: 0.9689518803908748.
[I 2026-03-12 09:58:17,826] Trial 73 finished with value: 0.9583077587028003 and parameters: {'batch_size': 56, 'threshold': 0.94, 'attention_heads': 1, 'hidden_dimension': 49, 'number_of_hidden_layers': 0, 'dropout_rate': 0.2603946276906791, 'learning_rate': 0.0001716237358856888, 'weight_decay': 0.00013787191502062301}. Best is trial 2 with value: 0.9689518803908748.
[I 2026-03-12 10:53:52,308] Trial 74 finished with value: 0.9625471512014483 and parameters: {'batch_size': 48, 'threshold': 0.94, 'attention_heads': 1, 'hidden_dimension': 51, 'number_of_hidden_layers': 0, 'dropout_rate': 0.22976596496922683, 'learning_rate': 0.0003889939626666256, 'weight_decay': 3.5072901138270685e-05}. Best is trial 2 with value: 0.9689518803908748.
[I 2026-03-12 11:41:30,276] Trial 75 finished with value: 0.9511380183021216 and parameters: {'batch_size': 32, 'threshold': 0.8999999999999999, 'attention_heads': 1, 'hidden_dimension': 59, 'number_of_hidden_layers': 1, 'dropout_rate': 0.10553145385930326, 'learning_rate': 0.00046258733484254506, 'weight_decay': 0.00010103811030875001}. Best is trial 2 with value: 0.9689518803908748.
[I 2026-03-12 12:21:14,733] Trial 76 finished with value: 0.9445254069785094 and parameters: {'batch_size': 96, 'threshold': 0.8999999999999999, 'attention_heads': 1, 'hidden_dimension': 39, 'number_of_hidden_layers': 0, 'dropout_rate': 0.28787951222074737, 'learning_rate': 0.0009037846158677853, 'weight_decay': 0.0001651996135718616}. Best is trial 2 with value: 0.9689518803908748.
[I 2026-03-12 13:13:10,280] Trial 77 finished with value: 0.9589757226300196 and parameters: {'batch_size': 56, 'threshold': 0.96, 'attention_heads': 1, 'hidden_dimension': 39, 'number_of_hidden_layers': 0, 'dropout_rate': 0.17910780365790546, 'learning_rate': 0.0004502530392541043, 'weight_decay': 7.516848630321193e-05}. Best is trial 2 with value: 0.9689518803908748.
[I 2026-03-12 14:20:46,086] Trial 78 finished with value: 0.9477218957916748 and parameters: {'batch_size': 24, 'threshold': 0.84, 'attention_heads': 1, 'hidden_dimension': 54, 'number_of_hidden_layers': 0, 'dropout_rate': 0.19468394113123216, 'learning_rate': 0.00031148270354324165, 'weight_decay': 0.0002947758641732747}. Best is trial 2 with value: 0.9689518803908748.
[I 2026-03-12 15:26:27,756] Trial 79 finished with value: 0.9619776589075627 and parameters: {'batch_size': 48, 'threshold': 0.8899999999999999, 'attention_heads': 2, 'hidden_dimension': 38, 'number_of_hidden_layers': 0, 'dropout_rate': 0.2750640531915038, 'learning_rate': 0.00037653719115315567, 'weight_decay': 0.00012086576573127932}. Best is trial 2 with value: 0.9689518803908748.
[I 2026-03-12 16:18:46,989] Trial 80 finished with value: 0.949861395918034 and parameters: {'batch_size': 56, 'threshold': 0.82, 'attention_heads': 1, 'hidden_dimension': 43, 'number_of_hidden_layers': 1, 'dropout_rate': 0.21581959002340106, 'learning_rate': 0.0005252788330126906, 'weight_decay': 0.00016257832448918983}. Best is trial 2 with value: 0.9689518803908748.
[I 2026-03-12 17:09:27,278] Trial 81 finished with value: 0.9510329959137818 and parameters: {'batch_size': 40, 'threshold': 0.99, 'attention_heads': 2, 'hidden_dimension': 35, 'number_of_hidden_layers': 0, 'dropout_rate': 0.15399792538377044, 'learning_rate': 0.0002871271863290455, 'weight_decay': 0.0001395861386997203}. Best is trial 2 with value: 0.9689518803908748.
[I 2026-03-12 17:50:26,564] Trial 82 finished with value: 0.9419780597198306 and parameters: {'batch_size': 64, 'threshold': 0.95, 'attention_heads': 1, 'hidden_dimension': 43, 'number_of_hidden_layers': 1, 'dropout_rate': 0.14687564407942244, 'learning_rate': 0.0007626226899756597, 'weight_decay': 4.2496285005125e-05}. Best is trial 2 with value: 0.9689518803908748.
[I 2026-03-12 18:46:35,379] Trial 83 finished with value: 0.9408546746651592 and parameters: {'batch_size': 64, 'threshold': 0.9299999999999999, 'attention_heads': 1, 'hidden_dimension': 33, 'number_of_hidden_layers': 0, 'dropout_rate': 0.18167172577444457, 'learning_rate': 7.788317666821842e-05, 'weight_decay': 7.035590318158924e-05}. Best is trial 2 with value: 0.9689518803908748.
[I 2026-03-12 19:34:00,133] Trial 84 finished with value: 0.9458656156768057 and parameters: {'batch_size': 56, 'threshold': 0.9199999999999999, 'attention_heads': 1, 'hidden_dimension': 34, 'number_of_hidden_layers': 1, 'dropout_rate': 0.21568917021297526, 'learning_rate': 0.0002098589193585683, 'weight_decay': 0.00014414665544583484}. Best is trial 2 with value: 0.9689518803908748.
[I 2026-03-12 20:17:11,425] Trial 85 finished with value: 0.9496631571352421 and parameters: {'batch_size': 56, 'threshold': 0.97, 'attention_heads': 1, 'hidden_dimension': 59, 'number_of_hidden_layers': 1, 'dropout_rate': 0.10439550039864562, 'learning_rate': 0.0004142427162282015, 'weight_decay': 5.648305410126142e-05}. Best is trial 2 with value: 0.9689518803908748.
[I 2026-03-12 21:06:16,514] Trial 86 finished with value: 0.9567257563744084 and parameters: {'batch_size': 40, 'threshold': 0.8899999999999999, 'attention_heads': 1, 'hidden_dimension': 58, 'number_of_hidden_layers': 1, 'dropout_rate': 0.10222792977896775, 'learning_rate': 0.00034440182521232207, 'weight_decay': 0.00011682736434528331}. Best is trial 2 with value: 0.9689518803908748.
[I 2026-03-12 22:00:39,799] Trial 87 finished with value: 0.9488798118064465 and parameters: {'batch_size': 64, 'threshold': 0.8099999999999999, 'attention_heads': 1, 'hidden_dimension': 48, 'number_of_hidden_layers': 0, 'dropout_rate': 0.24945270494255034, 'learning_rate': 6.43158206436263e-05, 'weight_decay': 2.9187971611537415e-05}. Best is trial 2 with value: 0.9689518803908748.
[I 2026-03-12 23:02:30,886] Trial 88 finished with value: 0.9462367710642641 and parameters: {'batch_size': 16, 'threshold': 0.8899999999999999, 'attention_heads': 1, 'hidden_dimension': 54, 'number_of_hidden_layers': 0, 'dropout_rate': 0.21364966825670442, 'learning_rate': 0.00032668229279596067, 'weight_decay': 0.00011541880269817404}. Best is trial 2 with value: 0.9689518803908748.
[I 2026-03-12 23:50:50,851] Trial 89 finished with value: 0.9583762061228868 and parameters: {'batch_size': 56, 'threshold': 0.99, 'attention_heads': 1, 'hidden_dimension': 57, 'number_of_hidden_layers': 1, 'dropout_rate': 0.12732126078460915, 'learning_rate': 0.0008095173870082031, 'weight_decay': 1.9163001245388937e-05}. Best is trial 2 with value: 0.9689518803908748.
[I 2026-03-13 00:46:16,439] Trial 90 finished with value: 0.9446233221971778 and parameters: {'batch_size': 40, 'threshold': 0.86, 'attention_heads': 1, 'hidden_dimension': 56, 'number_of_hidden_layers': 0, 'dropout_rate': 0.28488702154490136, 'learning_rate': 8.755207786218402e-05, 'weight_decay': 7.860513135887384e-05}. Best is trial 2 with value: 0.9689518803908748.
[I 2026-03-13 01:30:25,307] Trial 91 finished with value: 0.9476981896334601 and parameters: {'batch_size': 64, 'threshold': 0.9199999999999999, 'attention_heads': 2, 'hidden_dimension': 35, 'number_of_hidden_layers': 0, 'dropout_rate': 0.2093794354558528, 'learning_rate': 0.0005889530095222074, 'weight_decay': 0.0003690971501329737}. Best is trial 2 with value: 0.9689518803908748.
[I 2026-03-13 02:14:28,364] Trial 92 finished with value: 0.9625650436533457 and parameters: {'batch_size': 80, 'threshold': 0.76, 'attention_heads': 1, 'hidden_dimension': 36, 'number_of_hidden_layers': 1, 'dropout_rate': 0.10913595084030725, 'learning_rate': 0.0006991995677042405, 'weight_decay': 0.00011533078656755987}. Best is trial 2 with value: 0.9689518803908748.
[I 2026-03-13 03:30:09,653] Trial 93 finished with value: 0.9467387449091019 and parameters: {'batch_size': 16, 'threshold': 0.72, 'attention_heads': 1, 'hidden_dimension': 60, 'number_of_hidden_layers': 1, 'dropout_rate': 0.11411937528666213, 'learning_rate': 0.0004891105716763331, 'weight_decay': 5.255119229083137e-05}. Best is trial 2 with value: 0.9689518803908748.
[I 2026-03-13 05:00:37,238] Trial 94 finished with value: 0.9560164489446169 and parameters: {'batch_size': 112, 'threshold': 0.6799999999999999, 'attention_heads': 1, 'hidden_dimension': 36, 'number_of_hidden_layers': 1, 'dropout_rate': 0.27397578605337924, 'learning_rate': 6.94868885961312e-05, 'weight_decay': 2.850690384473297e-05}. Best is trial 2 with value: 0.9689518803908748.
[I 2026-03-13 06:03:43,064] Trial 95 finished with value: 0.9488798118064465 and parameters: {'batch_size': 40, 'threshold': 0.8, 'attention_heads': 1, 'hidden_dimension': 33, 'number_of_hidden_layers': 0, 'dropout_rate': 0.26600453695316517, 'learning_rate': 8.327291952212856e-05, 'weight_decay': 4.439774729247311e-05}. Best is trial 2 with value: 0.9689518803908748.
slurmstepd: error: *** JOB 2358776 ON kn063 CANCELLED AT 2026-03-13T07:32:46 DUE TO TIME LIMIT ***
