[I 2026-03-22 23:04:47,683] Trial 96 finished with value: 0.9356 and parameters: {'batch_size': 64, 'threshold': 0.95, 'attention_heads': 2, 'hidden_dimension': 32, 'number_of_hidden_layers': 1, 'dropout_rate': 0.4, 'learning_rate': 0.0001, 'weight_decay': 0.001}. Best is trial 21 with value: 0.9374.
CUDA out of memory. Tried to allocate 8.46 GiB. GPU 0 has a total capacity of 44.40 GiB of which 1.15 GiB is free. Including non-PyTorch memory, this process has 43.22 GiB memory in use. Of the allocated memory 42.61 GiB is allocated by PyTorch, and 69.63 MiB is reserved by PyTorch but unallocated. If reserved but unallocated memory is large try setting PYTORCH_CUDA_ALLOC_CONF=expandable_segments:True to avoid fragmentation.  See documentation for Memory Management  (https://pytorch.org/docs/stable/notes/cuda.html#environment-variables)
[I 2026-03-23 01:11:10,574] Trial 97 finished with value: -1.0 and parameters: {'batch_size': 32, 'threshold': 0.7, 'attention_heads': 4, 'hidden_dimension': 128, 'number_of_hidden_layers': 0, 'dropout_rate': 0.4, 'learning_rate': 1e-05, 'weight_decay': 0.001}. Best is trial 21 with value: 0.9374.
[I 2026-03-23 03:33:02,663] Trial 98 finished with value: 0.9342 and parameters: {'batch_size': 128, 'threshold': 0.99, 'attention_heads': 8, 'hidden_dimension': 32, 'number_of_hidden_layers': 0, 'dropout_rate': 0.3, 'learning_rate': 0.001, 'weight_decay': 1e-06}. Best is trial 21 with value: 0.9374.
slurmstepd: error: *** JOB 2449524 ON kn074 CANCELLED AT 2026-03-23T05:42:09 DUE TO TIME LIMIT ***
