[I 2026-04-15 05:59:56,416] Trial 30 finished with value: 0.8909090909090909 and parameters: {'batch_size': 24, 'threshold': 0.7899999999999999, 'attention_heads': 2, 'hidden_dimension': 47, 'number_of_hidden_layers': 0, 'dropout_rate': 0.39039031427586823, 'learning_rate': 0.00012347885458164164, 'weight_decay': 1.9129002423049956e-05}. Best is trial 1 with value: 0.9030303030303031.
CUDA out of memory. Tried to allocate 19.08 GiB. GPU 0 has a total capacity of 44.40 GiB of which 10.88 GiB is free. Including non-PyTorch memory, this process has 33.46 GiB memory in use. Of the allocated memory 32.87 GiB is allocated by PyTorch, and 48.18 MiB is reserved by PyTorch but unallocated. If reserved but unallocated memory is large try setting PYTORCH_CUDA_ALLOC_CONF=expandable_segments:True to avoid fragmentation.  See documentation for Memory Management  (https://pytorch.org/docs/stable/notes/cuda.html#environment-variables)
[I 2026-04-15 06:13:33,580] Trial 31 finished with value: -1.0 and parameters: {'batch_size': 32, 'threshold': 0.7999999999999999, 'attention_heads': 3, 'hidden_dimension': 65, 'number_of_hidden_layers': 1, 'dropout_rate': 0.17406814560595718, 'learning_rate': 9.012858349804684e-05, 'weight_decay': 1.96372354568725e-06}. Best is trial 1 with value: 0.9030303030303031.
CUDA out of memory. Tried to allocate 8.01 GiB. GPU 0 has a total capacity of 44.40 GiB of which 3.03 GiB is free. Including non-PyTorch memory, this process has 41.31 GiB memory in use. Of the allocated memory 40.72 GiB is allocated by PyTorch, and 39.88 MiB is reserved by PyTorch but unallocated. If reserved but unallocated memory is large try setting PYTORCH_CUDA_ALLOC_CONF=expandable_segments:True to avoid fragmentation.  See documentation for Memory Management  (https://pytorch.org/docs/stable/notes/cuda.html#environment-variables)
[I 2026-04-15 06:27:16,607] Trial 32 finished with value: -1.0 and parameters: {'batch_size': 32, 'threshold': 0.7899999999999999, 'attention_heads': 2, 'hidden_dimension': 58, 'number_of_hidden_layers': 2, 'dropout_rate': 0.12478537932936681, 'learning_rate': 0.00013837213454457621, 'weight_decay': 3.5921713894982785e-06}. Best is trial 1 with value: 0.9030303030303031.
[I 2026-04-15 06:57:53,586] Trial 33 finished with value: 0.8787878787878788 and parameters: {'batch_size': 32, 'threshold': 0.86, 'attention_heads': 2, 'hidden_dimension': 50, 'number_of_hidden_layers': 0, 'dropout_rate': 0.1768266519937594, 'learning_rate': 6.218847593918019e-05, 'weight_decay': 1.0776381157920865e-06}. Best is trial 1 with value: 0.9030303030303031.
CUDA out of memory. Tried to allocate 4.31 GiB. GPU 0 has a total capacity of 44.40 GiB of which 3.81 GiB is free. Including non-PyTorch memory, this process has 40.53 GiB memory in use. Of the allocated memory 39.91 GiB is allocated by PyTorch, and 71.53 MiB is reserved by PyTorch but unallocated. If reserved but unallocated memory is large try setting PYTORCH_CUDA_ALLOC_CONF=expandable_segments:True to avoid fragmentation.  See documentation for Memory Management  (https://pytorch.org/docs/stable/notes/cuda.html#environment-variables)
[I 2026-04-15 07:11:34,851] Trial 34 finished with value: -1.0 and parameters: {'batch_size': 40, 'threshold': 0.7999999999999999, 'attention_heads': 2, 'hidden_dimension': 53, 'number_of_hidden_layers': 0, 'dropout_rate': 0.11153547638070337, 'learning_rate': 2.326921334457988e-05, 'weight_decay': 6.5417002096226766e-06}. Best is trial 1 with value: 0.9030303030303031.
CUDA out of memory. Tried to allocate 6.49 GiB. GPU 0 has a total capacity of 44.40 GiB of which 5.76 GiB is free. Including non-PyTorch memory, this process has 38.58 GiB memory in use. Of the allocated memory 37.97 GiB is allocated by PyTorch, and 64.22 MiB is reserved by PyTorch but unallocated. If reserved but unallocated memory is large try setting PYTORCH_CUDA_ALLOC_CONF=expandable_segments:True to avoid fragmentation.  See documentation for Memory Management  (https://pytorch.org/docs/stable/notes/cuda.html#environment-variables)
[I 2026-04-15 07:25:23,121] Trial 35 finished with value: -1.0 and parameters: {'batch_size': 24, 'threshold': 0.84, 'attention_heads': 3, 'hidden_dimension': 54, 'number_of_hidden_layers': 1, 'dropout_rate': 0.11456156866155161, 'learning_rate': 0.0003389443255188666, 'weight_decay': 1.0624756850802356e-06}. Best is trial 1 with value: 0.9030303030303031.
[I 2026-04-15 08:04:03,696] Trial 36 finished with value: 0.8848484848484849 and parameters: {'batch_size': 32, 'threshold': 0.95, 'attention_heads': 2, 'hidden_dimension': 43, 'number_of_hidden_layers': 0, 'dropout_rate': 0.3724286862987393, 'learning_rate': 1.8115102470703098e-05, 'weight_decay': 0.00010795778341138512}. Best is trial 1 with value: 0.9030303030303031.
[I 2026-04-15 08:31:34,011] Trial 37 finished with value: 0.8787878787878788 and parameters: {'batch_size': 16, 'threshold': 0.7899999999999999, 'attention_heads': 2, 'hidden_dimension': 37, 'number_of_hidden_layers': 0, 'dropout_rate': 0.33796700650626393, 'learning_rate': 8.480646135083994e-05, 'weight_decay': 0.00038507866395410265}. Best is trial 1 with value: 0.9030303030303031.
[I 2026-04-15 09:04:07,428] Trial 38 finished with value: 0.8909090909090909 and parameters: {'batch_size': 40, 'threshold': 0.8899999999999999, 'attention_heads': 2, 'hidden_dimension': 47, 'number_of_hidden_layers': 0, 'dropout_rate': 0.13178185168299178, 'learning_rate': 7.342807463315601e-05, 'weight_decay': 5.55323315656027e-06}. Best is trial 1 with value: 0.9030303030303031.
[I 2026-04-15 09:42:30,408] Trial 39 finished with value: 0.8727272727272727 and parameters: {'batch_size': 24, 'threshold': 0.73, 'attention_heads': 2, 'hidden_dimension': 39, 'number_of_hidden_layers': 0, 'dropout_rate': 0.14410411780963833, 'learning_rate': 7.556987533308459e-05, 'weight_decay': 3.913214029620867e-06}. Best is trial 1 with value: 0.9030303030303031.
[I 2026-04-15 10:24:26,412] Trial 40 finished with value: 0.8848484848484849 and parameters: {'batch_size': 16, 'threshold': 0.83, 'attention_heads': 2, 'hidden_dimension': 66, 'number_of_hidden_layers': 2, 'dropout_rate': 0.1369388437009353, 'learning_rate': 7.174525201268402e-05, 'weight_decay': 1.2148571973351007e-06}. Best is trial 1 with value: 0.9030303030303031.
[I 2026-04-15 10:46:22,702] Trial 41 finished with value: 0.8848484848484849 and parameters: {'batch_size': 48, 'threshold': 0.9099999999999999, 'attention_heads': 1, 'hidden_dimension': 93, 'number_of_hidden_layers': 1, 'dropout_rate': 0.10855541360222128, 'learning_rate': 0.0004518744964292144, 'weight_decay': 3.2793871591989803e-06}. Best is trial 1 with value: 0.9030303030303031.
[I 2026-04-15 11:18:03,594] Trial 42 finished with value: 0.8787878787878788 and parameters: {'batch_size': 32, 'threshold': 0.8999999999999999, 'attention_heads': 2, 'hidden_dimension': 102, 'number_of_hidden_layers': 0, 'dropout_rate': 0.11089980253290763, 'learning_rate': 7.642853189310178e-05, 'weight_decay': 1.1660201619289594e-06}. Best is trial 1 with value: 0.9030303030303031.
[I 2026-04-15 11:49:04,566] Trial 43 finished with value: 0.8909090909090909 and parameters: {'batch_size': 40, 'threshold': 0.8999999999999999, 'attention_heads': 2, 'hidden_dimension': 71, 'number_of_hidden_layers': 1, 'dropout_rate': 0.10713071278296138, 'learning_rate': 0.0001270284950439046, 'weight_decay': 1.4472253148731198e-05}. Best is trial 1 with value: 0.9030303030303031.
CUDA out of memory. Tried to allocate 6.78 GiB. GPU 0 has a total capacity of 44.40 GiB of which 3.96 GiB is free. Including non-PyTorch memory, this process has 40.38 GiB memory in use. Of the allocated memory 39.76 GiB is allocated by PyTorch, and 71.54 MiB is reserved by PyTorch but unallocated. If reserved but unallocated memory is large try setting PYTORCH_CUDA_ALLOC_CONF=expandable_segments:True to avoid fragmentation.  See documentation for Memory Management  (https://pytorch.org/docs/stable/notes/cuda.html#environment-variables)
[I 2026-04-15 12:03:01,756] Trial 44 finished with value: -1.0 and parameters: {'batch_size': 40, 'threshold': 0.8899999999999999, 'attention_heads': 2, 'hidden_dimension': 75, 'number_of_hidden_layers': 1, 'dropout_rate': 0.11449840917746745, 'learning_rate': 0.000199069755332465, 'weight_decay': 1.0565889101296466e-06}. Best is trial 1 with value: 0.9030303030303031.
[I 2026-04-15 12:32:28,395] Trial 45 finished with value: 0.896969696969697 and parameters: {'batch_size': 40, 'threshold': 0.95, 'attention_heads': 1, 'hidden_dimension': 74, 'number_of_hidden_layers': 1, 'dropout_rate': 0.1191998073837103, 'learning_rate': 3.348468900571261e-05, 'weight_decay': 1.3016919538805258e-06}. Best is trial 1 with value: 0.9030303030303031.
[I 2026-04-15 12:58:30,581] Trial 46 finished with value: 0.8848484848484849 and parameters: {'batch_size': 32, 'threshold': 0.82, 'attention_heads': 1, 'hidden_dimension': 66, 'number_of_hidden_layers': 0, 'dropout_rate': 0.13036056993030223, 'learning_rate': 0.0001299110728677726, 'weight_decay': 1.0866334183323573e-06}. Best is trial 1 with value: 0.9030303030303031.
[I 2026-04-15 13:29:38,321] Trial 47 finished with value: 0.896969696969697 and parameters: {'batch_size': 40, 'threshold': 0.8999999999999999, 'attention_heads': 2, 'hidden_dimension': 71, 'number_of_hidden_layers': 1, 'dropout_rate': 0.15599511832708635, 'learning_rate': 0.00013643374557720177, 'weight_decay': 1.863770106694713e-06}. Best is trial 1 with value: 0.9030303030303031.
[I 2026-04-15 14:03:14,847] Trial 48 finished with value: 0.8787878787878788 and parameters: {'batch_size': 16, 'threshold': 0.77, 'attention_heads': 3, 'hidden_dimension': 33, 'number_of_hidden_layers': 0, 'dropout_rate': 0.33403157987361115, 'learning_rate': 9.785518305415749e-05, 'weight_decay': 4.012108845997189e-05}. Best is trial 1 with value: 0.9030303030303031.
[I 2026-04-15 14:28:45,050] Trial 49 finished with value: 0.8909090909090909 and parameters: {'batch_size': 32, 'threshold': 0.85, 'attention_heads': 1, 'hidden_dimension': 78, 'number_of_hidden_layers': 1, 'dropout_rate': 0.11322847861033486, 'learning_rate': 0.0005139480964005757, 'weight_decay': 1.8673647907049913e-05}. Best is trial 1 with value: 0.9030303030303031.
CUDA out of memory. Tried to allocate 6.40 GiB. GPU 0 has a total capacity of 44.40 GiB of which 6.11 GiB is free. Including non-PyTorch memory, this process has 38.23 GiB memory in use. Of the allocated memory 37.60 GiB is allocated by PyTorch, and 81.60 MiB is reserved by PyTorch but unallocated. If reserved but unallocated memory is large try setting PYTORCH_CUDA_ALLOC_CONF=expandable_segments:True to avoid fragmentation.  See documentation for Memory Management  (https://pytorch.org/docs/stable/notes/cuda.html#environment-variables)
[I 2026-04-15 14:50:04,819] Trial 50 finished with value: -1.0 and parameters: {'batch_size': 40, 'threshold': 0.8099999999999999, 'attention_heads': 1, 'hidden_dimension': 78, 'number_of_hidden_layers': 1, 'dropout_rate': 0.11034707517826621, 'learning_rate': 0.0007824711294921943, 'weight_decay': 0.0002620175276469208}. Best is trial 1 with value: 0.9030303030303031.
[I 2026-04-15 15:42:17,972] Trial 51 finished with value: 0.8909090909090909 and parameters: {'batch_size': 48, 'threshold': 0.9299999999999999, 'attention_heads': 1, 'hidden_dimension': 72, 'number_of_hidden_layers': 1, 'dropout_rate': 0.11893534614008813, 'learning_rate': 1.7100801369961826e-05, 'weight_decay': 1.4142777673161376e-06}. Best is trial 1 with value: 0.9030303030303031.
[I 2026-04-15 16:00:52,673] Trial 52 finished with value: 0.8848484848484849 and parameters: {'batch_size': 40, 'threshold': 0.95, 'attention_heads': 2, 'hidden_dimension': 44, 'number_of_hidden_layers': 0, 'dropout_rate': 0.3885129294834774, 'learning_rate': 0.0003230929244714035, 'weight_decay': 0.00020867778518357297}. Best is trial 1 with value: 0.9030303030303031.
[I 2026-04-15 16:36:19,284] Trial 53 finished with value: 0.896969696969697 and parameters: {'batch_size': 40, 'threshold': 0.94, 'attention_heads': 1, 'hidden_dimension': 84, 'number_of_hidden_layers': 1, 'dropout_rate': 0.14366328936519834, 'learning_rate': 2.698272743010569e-05, 'weight_decay': 1.7013061010547043e-06}. Best is trial 1 with value: 0.9030303030303031.
[I 2026-04-15 16:55:16,137] Trial 54 finished with value: 0.8666666666666667 and parameters: {'batch_size': 32, 'threshold': 0.95, 'attention_heads': 1, 'hidden_dimension': 66, 'number_of_hidden_layers': 1, 'dropout_rate': 0.15977647754592017, 'learning_rate': 0.0002441800406960628, 'weight_decay': 2.5830081273404992e-06}. Best is trial 1 with value: 0.9030303030303031.
[I 2026-04-15 17:34:35,337] Trial 55 finished with value: 0.8606060606060606 and parameters: {'batch_size': 48, 'threshold': 0.9199999999999999, 'attention_heads': 1, 'hidden_dimension': 32, 'number_of_hidden_layers': 1, 'dropout_rate': 0.20897363517391035, 'learning_rate': 1.5228189292005578e-05, 'weight_decay': 3.1258385011762976e-06}. Best is trial 1 with value: 0.9030303030303031.
[I 2026-04-15 17:55:56,405] Trial 56 finished with value: 0.896969696969697 and parameters: {'batch_size': 32, 'threshold': 0.95, 'attention_heads': 1, 'hidden_dimension': 63, 'number_of_hidden_layers': 1, 'dropout_rate': 0.11999635686417702, 'learning_rate': 6.544881183331494e-05, 'weight_decay': 1.4002534142555104e-06}. Best is trial 1 with value: 0.9030303030303031.
[I 2026-04-15 18:21:36,372] Trial 57 finished with value: 0.9030303030303031 and parameters: {'batch_size': 16, 'threshold': 0.8999999999999999, 'attention_heads': 1, 'hidden_dimension': 76, 'number_of_hidden_layers': 2, 'dropout_rate': 0.14571051938152196, 'learning_rate': 9.766976518466647e-05, 'weight_decay': 1.0216856891088481e-05}. Best is trial 1 with value: 0.9030303030303031.
[I 2026-04-15 18:49:15,665] Trial 58 finished with value: 0.8848484848484849 and parameters: {'batch_size': 16, 'threshold': 0.8799999999999999, 'attention_heads': 1, 'hidden_dimension': 96, 'number_of_hidden_layers': 2, 'dropout_rate': 0.20261944533554146, 'learning_rate': 7.045980956734096e-05, 'weight_decay': 2.569161323929157e-05}. Best is trial 1 with value: 0.9030303030303031.
[I 2026-04-15 19:25:14,848] Trial 59 finished with value: 0.8787878787878788 and parameters: {'batch_size': 16, 'threshold': 0.8799999999999999, 'attention_heads': 1, 'hidden_dimension': 68, 'number_of_hidden_layers': 2, 'dropout_rate': 0.13555771767292313, 'learning_rate': 2.2646753374563973e-05, 'weight_decay': 2.0807361603617047e-05}. Best is trial 1 with value: 0.9030303030303031.
[I 2026-04-15 19:46:30,456] Trial 60 finished with value: 0.8848484848484849 and parameters: {'batch_size': 16, 'threshold': 0.8799999999999999, 'attention_heads': 2, 'hidden_dimension': 32, 'number_of_hidden_layers': 0, 'dropout_rate': 0.38899240425461606, 'learning_rate': 0.0008637154313913114, 'weight_decay': 8.323366428528767e-05}. Best is trial 1 with value: 0.9030303030303031.
[I 2026-04-15 20:14:34,983] Trial 61 finished with value: 0.896969696969697 and parameters: {'batch_size': 24, 'threshold': 0.9199999999999999, 'attention_heads': 1, 'hidden_dimension': 34, 'number_of_hidden_layers': 1, 'dropout_rate': 0.382849671757828, 'learning_rate': 4.856422722786215e-05, 'weight_decay': 5.842101987188322e-05}. Best is trial 1 with value: 0.9030303030303031.
[I 2026-04-15 20:37:40,989] Trial 62 finished with value: 0.8848484848484849 and parameters: {'batch_size': 16, 'threshold': 0.9099999999999999, 'attention_heads': 1, 'hidden_dimension': 58, 'number_of_hidden_layers': 2, 'dropout_rate': 0.20794132258234188, 'learning_rate': 9.2675665476727e-05, 'weight_decay': 1.089987136780697e-05}. Best is trial 1 with value: 0.9030303030303031.
[I 2026-04-15 21:23:08,253] Trial 63 finished with value: 0.8787878787878788 and parameters: {'batch_size': 24, 'threshold': 0.7799999999999999, 'attention_heads': 3, 'hidden_dimension': 38, 'number_of_hidden_layers': 0, 'dropout_rate': 0.12029594736275853, 'learning_rate': 6.98559174880422e-05, 'weight_decay': 1.2643743045178843e-06}. Best is trial 1 with value: 0.9030303030303031.
[I 2026-04-15 21:49:30,704] Trial 64 finished with value: 0.8909090909090909 and parameters: {'batch_size': 40, 'threshold': 0.9099999999999999, 'attention_heads': 1, 'hidden_dimension': 33, 'number_of_hidden_layers': 1, 'dropout_rate': 0.3743456839657885, 'learning_rate': 4.9931904586312845e-05, 'weight_decay': 2.199210858964363e-05}. Best is trial 1 with value: 0.9030303030303031.
CUDA out of memory. Tried to allocate 5.83 GiB. GPU 0 has a total capacity of 44.40 GiB of which 5.10 GiB is free. Including non-PyTorch memory, this process has 39.24 GiB memory in use. Of the allocated memory 38.63 GiB is allocated by PyTorch, and 67.78 MiB is reserved by PyTorch but unallocated. If reserved but unallocated memory is large try setting PYTORCH_CUDA_ALLOC_CONF=expandable_segments:True to avoid fragmentation.  See documentation for Memory Management  (https://pytorch.org/docs/stable/notes/cuda.html#environment-variables)
[I 2026-04-15 22:03:03,589] Trial 65 finished with value: -1.0 and parameters: {'batch_size': 32, 'threshold': 0.8099999999999999, 'attention_heads': 1, 'hidden_dimension': 93, 'number_of_hidden_layers': 2, 'dropout_rate': 0.110687495670418, 'learning_rate': 8.474563952569125e-05, 'weight_decay': 2.4640020050946305e-06}. Best is trial 1 with value: 0.9030303030303031.
[I 2026-04-15 22:54:30,637] Trial 66 finished with value: 0.8848484848484849 and parameters: {'batch_size': 24, 'threshold': 0.76, 'attention_heads': 2, 'hidden_dimension': 43, 'number_of_hidden_layers': 0, 'dropout_rate': 0.3956404203647188, 'learning_rate': 2.4697379724080597e-05, 'weight_decay': 4.627505521752042e-05}. Best is trial 1 with value: 0.9030303030303031.
[I 2026-04-15 23:25:42,313] Trial 67 finished with value: 0.8606060606060606 and parameters: {'batch_size': 16, 'threshold': 0.9099999999999999, 'attention_heads': 2, 'hidden_dimension': 82, 'number_of_hidden_layers': 2, 'dropout_rate': 0.15583822699612213, 'learning_rate': 0.0002605452416206697, 'weight_decay': 5.327011303161768e-06}. Best is trial 1 with value: 0.9030303030303031.
CUDA out of memory. Tried to allocate 20.94 GiB. GPU 0 has a total capacity of 44.40 GiB of which 7.81 GiB is free. Including non-PyTorch memory, this process has 36.53 GiB memory in use. Of the allocated memory 35.92 GiB is allocated by PyTorch, and 58.01 MiB is reserved by PyTorch but unallocated. If reserved but unallocated memory is large try setting PYTORCH_CUDA_ALLOC_CONF=expandable_segments:True to avoid fragmentation.  See documentation for Memory Management  (https://pytorch.org/docs/stable/notes/cuda.html#environment-variables)
[I 2026-04-15 23:39:19,531] Trial 68 finished with value: -1.0 and parameters: {'batch_size': 32, 'threshold': 0.7999999999999999, 'attention_heads': 2, 'hidden_dimension': 107, 'number_of_hidden_layers': 0, 'dropout_rate': 0.2763673851945553, 'learning_rate': 4.7469762480258506e-05, 'weight_decay': 1.1551773259622375e-06}. Best is trial 1 with value: 0.9030303030303031.
[I 2026-04-16 00:04:39,010] Trial 69 finished with value: 0.8909090909090909 and parameters: {'batch_size': 40, 'threshold': 0.86, 'attention_heads': 2, 'hidden_dimension': 43, 'number_of_hidden_layers': 1, 'dropout_rate': 0.21506806244188154, 'learning_rate': 0.0007143973226357754, 'weight_decay': 7.828360814913124e-05}. Best is trial 1 with value: 0.9030303030303031.
[I 2026-04-16 00:29:37,905] Trial 70 finished with value: 0.896969696969697 and parameters: {'batch_size': 24, 'threshold': 0.95, 'attention_heads': 2, 'hidden_dimension': 73, 'number_of_hidden_layers': 2, 'dropout_rate': 0.1061484243549557, 'learning_rate': 0.00012686620014343216, 'weight_decay': 3.958453322557887e-05}. Best is trial 1 with value: 0.9030303030303031.
[I 2026-04-16 00:52:44,293] Trial 71 finished with value: 0.8727272727272727 and parameters: {'batch_size': 40, 'threshold': 0.8899999999999999, 'attention_heads': 1, 'hidden_dimension': 48, 'number_of_hidden_layers': 0, 'dropout_rate': 0.3788995417603199, 'learning_rate': 8.094518946765277e-05, 'weight_decay': 0.000240064104802169}. Best is trial 1 with value: 0.9030303030303031.
[I 2026-04-16 01:16:03,464] Trial 72 finished with value: 0.8787878787878788 and parameters: {'batch_size': 48, 'threshold': 0.8899999999999999, 'attention_heads': 1, 'hidden_dimension': 86, 'number_of_hidden_layers': 1, 'dropout_rate': 0.11979267107625978, 'learning_rate': 0.0009423456359869893, 'weight_decay': 0.00016940226244663566}. Best is trial 1 with value: 0.9030303030303031.
[I 2026-04-16 01:46:33,991] Trial 73 finished with value: 0.9030303030303031 and parameters: {'batch_size': 40, 'threshold': 0.9099999999999999, 'attention_heads': 2, 'hidden_dimension': 62, 'number_of_hidden_layers': 2, 'dropout_rate': 0.213572821692614, 'learning_rate': 8.338022434630268e-05, 'weight_decay': 6.148140935903683e-06}. Best is trial 1 with value: 0.9030303030303031.
CUDA out of memory. Tried to allocate 7.21 GiB. GPU 0 has a total capacity of 44.40 GiB of which 7.09 GiB is free. Including non-PyTorch memory, this process has 37.25 GiB memory in use. Of the allocated memory 36.63 GiB is allocated by PyTorch, and 72.78 MiB is reserved by PyTorch but unallocated. If reserved but unallocated memory is large try setting PYTORCH_CUDA_ALLOC_CONF=expandable_segments:True to avoid fragmentation.  See documentation for Memory Management  (https://pytorch.org/docs/stable/notes/cuda.html#environment-variables)
[I 2026-04-16 02:01:14,318] Trial 74 finished with value: -1.0 and parameters: {'batch_size': 40, 'threshold': 0.9099999999999999, 'attention_heads': 3, 'hidden_dimension': 65, 'number_of_hidden_layers': 2, 'dropout_rate': 0.20828594901515746, 'learning_rate': 0.00011542670809149595, 'weight_decay': 5.4366111092896e-06}. Best is trial 1 with value: 0.9030303030303031.
