[I 2026-03-01 23:09:00,981] Trial 167 finished with value: 0.9408367355384091 and parameters: {'batch_size': 16, 'threshold': 0.9, 'attention_heads': 1, 'hidden_dimension': 128, 'number_of_hidden_layers': 1, 'dropout_rate': 0.3, 'learning_rate': 0.0003, 'weight_decay': 0.0001}. Best is trial 10 with value: 0.9629548254569322.
CUDA out of memory. Tried to allocate 22.16 GiB. GPU 0 has a total capacity of 44.40 GiB of which 5.91 GiB is free. Including non-PyTorch memory, this process has 38.48 GiB memory in use. Of the allocated memory 37.89 GiB is allocated by PyTorch, and 42.92 MiB is reserved by PyTorch but unallocated. If reserved but unallocated memory is large try setting PYTORCH_CUDA_ALLOC_CONF=expandable_segments:True to avoid fragmentation.  See documentation for Memory Management  (https://pytorch.org/docs/stable/notes/cuda.html#environment-variables)
[I 2026-03-02 00:25:50,935] Trial 168 finished with value: -1.0 and parameters: {'batch_size': 128, 'threshold': 0.7, 'attention_heads': 8, 'hidden_dimension': 64, 'number_of_hidden_layers': 1, 'dropout_rate': 0.1, 'learning_rate': 1e-05, 'weight_decay': 1e-05}. Best is trial 10 with value: 0.9629548254569322.
[I 2026-03-02 03:16:16,005] Trial 169 finished with value: 0.9511109342049061 and parameters: {'batch_size': 16, 'threshold': 0.9, 'attention_heads': 6, 'hidden_dimension': 128, 'number_of_hidden_layers': 0, 'dropout_rate': 0.3, 'learning_rate': 0.0003, 'weight_decay': 1e-05}. Best is trial 10 with value: 0.9629548254569322.
[I 2026-03-02 05:20:58,258] Trial 170 finished with value: 0.9358280198112361 and parameters: {'batch_size': 32, 'threshold': 0.7, 'attention_heads': 1, 'hidden_dimension': 64, 'number_of_hidden_layers': 1, 'dropout_rate': 0.1, 'learning_rate': 0.001, 'weight_decay': 1e-05}. Best is trial 10 with value: 0.9629548254569322.
[I 2026-03-02 08:03:10,516] Trial 171 finished with value: 0.9475075488002558 and parameters: {'batch_size': 16, 'threshold': 0.9, 'attention_heads': 8, 'hidden_dimension': 64, 'number_of_hidden_layers': 0, 'dropout_rate': 0.3, 'learning_rate': 0.0003, 'weight_decay': 1e-06}. Best is trial 10 with value: 0.9629548254569322.
[I 2026-03-02 09:33:33,138] Trial 172 finished with value: 0.9536922923689007 and parameters: {'batch_size': 128, 'threshold': 0.9, 'attention_heads': 1, 'hidden_dimension': 64, 'number_of_hidden_layers': 1, 'dropout_rate': 0.2, 'learning_rate': 0.001, 'weight_decay': 0.001}. Best is trial 10 with value: 0.9629548254569322.
[I 2026-03-02 09:33:34,092] Trial 173 pruned. Duplicate hyper-parameters, same as those used in trial 172: {'batch_size': 128, 'threshold': 0.9, 'attention_heads': 1, 'hidden_dimension': 64, 'number_of_hidden_layers': 1, 'dropout_rate': 0.2, 'learning_rate': 0.001, 'weight_decay': 0.001}.
[I 2026-03-02 11:48:29,386] Trial 174 finished with value: 0.9624094448942686 and parameters: {'batch_size': 32, 'threshold': 0.6, 'attention_heads': 4, 'hidden_dimension': 32, 'number_of_hidden_layers': 0, 'dropout_rate': 0.1, 'learning_rate': 0.001, 'weight_decay': 0.0001}. Best is trial 10 with value: 0.9629548254569322.
[I 2026-03-02 14:02:57,477] Trial 175 finished with value: 0.9485656912063778 and parameters: {'batch_size': 32, 'threshold': 0.6, 'attention_heads': 4, 'hidden_dimension': 32, 'number_of_hidden_layers': 0, 'dropout_rate': 0.4, 'learning_rate': 0.001, 'weight_decay': 0.0001}. Best is trial 10 with value: 0.9629548254569322.
[I 2026-03-02 17:05:00,151] Trial 176 finished with value: 0.9346396532314418 and parameters: {'batch_size': 64, 'threshold': 0.95, 'attention_heads': 4, 'hidden_dimension': 32, 'number_of_hidden_layers': 1, 'dropout_rate': 0.2, 'learning_rate': 1e-05, 'weight_decay': 0.0001}. Best is trial 10 with value: 0.9629548254569322.
[I 2026-03-02 17:05:01,168] Trial 177 pruned. Duplicate hyper-parameters, same as those used in trial 174: {'batch_size': 32, 'threshold': 0.6, 'attention_heads': 4, 'hidden_dimension': 32, 'number_of_hidden_layers': 0, 'dropout_rate': 0.1, 'learning_rate': 0.001, 'weight_decay': 0.0001}.
[I 2026-03-02 18:44:31,282] Trial 178 finished with value: 0.961046364088195 and parameters: {'batch_size': 64, 'threshold': 0.8, 'attention_heads': 1, 'hidden_dimension': 64, 'number_of_hidden_layers': 2, 'dropout_rate': 0.1, 'learning_rate': 0.001, 'weight_decay': 0.0001}. Best is trial 10 with value: 0.9629548254569322.
[I 2026-03-02 18:44:32,241] Trial 179 pruned. Duplicate hyper-parameters, same as those used in trial 178: {'batch_size': 64, 'threshold': 0.8, 'attention_heads': 1, 'hidden_dimension': 64, 'number_of_hidden_layers': 2, 'dropout_rate': 0.1, 'learning_rate': 0.001, 'weight_decay': 0.0001}.
[I 2026-03-02 20:25:12,625] Trial 180 finished with value: 0.9576816166013562 and parameters: {'batch_size': 64, 'threshold': 0.99, 'attention_heads': 8, 'hidden_dimension': 32, 'number_of_hidden_layers': 0, 'dropout_rate': 0.1, 'learning_rate': 0.001, 'weight_decay': 1e-06}. Best is trial 10 with value: 0.9629548254569322.
[I 2026-03-02 22:09:56,209] Trial 181 finished with value: 0.9507972746945956 and parameters: {'batch_size': 32, 'threshold': 0.99, 'attention_heads': 8, 'hidden_dimension': 32, 'number_of_hidden_layers': 0, 'dropout_rate': 0.1, 'learning_rate': 0.001, 'weight_decay': 1e-06}. Best is trial 10 with value: 0.9629548254569322.
[I 2026-03-03 00:11:08,251] Trial 182 finished with value: 0.947527983156355 and parameters: {'batch_size': 32, 'threshold': 0.95, 'attention_heads': 4, 'hidden_dimension': 32, 'number_of_hidden_layers': 0, 'dropout_rate': 0.1, 'learning_rate': 0.0003, 'weight_decay': 0.0001}. Best is trial 10 with value: 0.9629548254569322.
[I 2026-03-03 01:58:39,668] Trial 183 finished with value: 0.9513631206083089 and parameters: {'batch_size': 64, 'threshold': 0.99, 'attention_heads': 1, 'hidden_dimension': 32, 'number_of_hidden_layers': 0, 'dropout_rate': 0.1, 'learning_rate': 0.001, 'weight_decay': 1e-06}. Best is trial 10 with value: 0.9629548254569322.
[I 2026-03-03 04:11:01,594] Trial 184 finished with value: 0.9411932358721253 and parameters: {'batch_size': 128, 'threshold': 0.99, 'attention_heads': 1, 'hidden_dimension': 64, 'number_of_hidden_layers': 2, 'dropout_rate': 0.2, 'learning_rate': 0.0001, 'weight_decay': 0.001}. Best is trial 10 with value: 0.9629548254569322.
[I 2026-03-03 06:42:14,046] Trial 185 finished with value: 0.9524009385670099 and parameters: {'batch_size': 64, 'threshold': 0.99, 'attention_heads': 8, 'hidden_dimension': 32, 'number_of_hidden_layers': 0, 'dropout_rate': 0.1, 'learning_rate': 0.0001, 'weight_decay': 1e-06}. Best is trial 10 with value: 0.9629548254569322.
[I 2026-03-03 06:42:15,033] Trial 186 pruned. Duplicate hyper-parameters, same as those used in trial 185: {'batch_size': 64, 'threshold': 0.99, 'attention_heads': 8, 'hidden_dimension': 32, 'number_of_hidden_layers': 0, 'dropout_rate': 0.1, 'learning_rate': 0.0001, 'weight_decay': 1e-06}.
[I 2026-03-03 09:10:34,303] Trial 187 finished with value: 0.9522295516209389 and parameters: {'batch_size': 64, 'threshold': 0.7, 'attention_heads': 8, 'hidden_dimension': 32, 'number_of_hidden_layers': 0, 'dropout_rate': 0.1, 'learning_rate': 0.0003, 'weight_decay': 1e-06}. Best is trial 10 with value: 0.9629548254569322.
[I 2026-03-03 09:10:35,399] Trial 188 pruned. Duplicate hyper-parameters, same as those used in trial 180: {'batch_size': 64, 'threshold': 0.99, 'attention_heads': 8, 'hidden_dimension': 32, 'number_of_hidden_layers': 0, 'dropout_rate': 0.1, 'learning_rate': 0.001, 'weight_decay': 1e-06}.
[I 2026-03-03 13:21:11,278] Trial 189 finished with value: 0.9498761226505916 and parameters: {'batch_size': 16, 'threshold': 0.9, 'attention_heads': 6, 'hidden_dimension': 64, 'number_of_hidden_layers': 1, 'dropout_rate': 0.1, 'learning_rate': 1e-05, 'weight_decay': 1e-05}. Best is trial 10 with value: 0.9629548254569322.
[I 2026-03-03 13:21:12,376] Trial 190 pruned. Duplicate hyper-parameters, same as those used in trial 187: {'batch_size': 64, 'threshold': 0.7, 'attention_heads': 8, 'hidden_dimension': 32, 'number_of_hidden_layers': 0, 'dropout_rate': 0.1, 'learning_rate': 0.0003, 'weight_decay': 1e-06}.
[I 2026-03-03 15:23:46,332] Trial 191 finished with value: 0.9517967712119619 and parameters: {'batch_size': 32, 'threshold': 0.8, 'attention_heads': 2, 'hidden_dimension': 64, 'number_of_hidden_layers': 1, 'dropout_rate': 0.4, 'learning_rate': 0.001, 'weight_decay': 0.0001}. Best is trial 10 with value: 0.9629548254569322.
[I 2026-03-03 15:23:47,357] Trial 192 pruned. Duplicate hyper-parameters, same as those used in trial 191: {'batch_size': 32, 'threshold': 0.8, 'attention_heads': 2, 'hidden_dimension': 64, 'number_of_hidden_layers': 1, 'dropout_rate': 0.4, 'learning_rate': 0.001, 'weight_decay': 0.0001}.
[I 2026-03-03 16:57:46,698] Trial 193 finished with value: 0.9439927123707192 and parameters: {'batch_size': 128, 'threshold': 0.7, 'attention_heads': 1, 'hidden_dimension': 64, 'number_of_hidden_layers': 1, 'dropout_rate': 0.3, 'learning_rate': 0.001, 'weight_decay': 0.001}. Best is trial 10 with value: 0.9629548254569322.
[I 2026-03-03 19:08:27,192] Trial 194 finished with value: 0.9585439366433137 and parameters: {'batch_size': 64, 'threshold': 0.9, 'attention_heads': 8, 'hidden_dimension': 32, 'number_of_hidden_layers': 1, 'dropout_rate': 0.1, 'learning_rate': 0.0001, 'weight_decay': 1e-06}. Best is trial 10 with value: 0.9629548254569322.
[I 2026-03-03 21:43:18,381] Trial 195 finished with value: 0.953521609223265 and parameters: {'batch_size': 16, 'threshold': 0.9, 'attention_heads': 8, 'hidden_dimension': 32, 'number_of_hidden_layers': 1, 'dropout_rate': 0.1, 'learning_rate': 0.0001, 'weight_decay': 1e-06}. Best is trial 10 with value: 0.9629548254569322.
[I 2026-03-04 00:31:02,864] Trial 196 finished with value: 0.953521609223265 and parameters: {'batch_size': 16, 'threshold': 0.9, 'attention_heads': 2, 'hidden_dimension': 32, 'number_of_hidden_layers': 1, 'dropout_rate': 0.1, 'learning_rate': 0.0001, 'weight_decay': 1e-06}. Best is trial 10 with value: 0.9629548254569322.
[I 2026-03-04 00:31:03,835] Trial 197 pruned. Duplicate hyper-parameters, same as those used in trial 194: {'batch_size': 64, 'threshold': 0.9, 'attention_heads': 8, 'hidden_dimension': 32, 'number_of_hidden_layers': 1, 'dropout_rate': 0.1, 'learning_rate': 0.0001, 'weight_decay': 1e-06}.
[I 2026-03-04 00:31:04,743] Trial 198 pruned. Duplicate hyper-parameters, same as those used in trial 196: {'batch_size': 16, 'threshold': 0.9, 'attention_heads': 2, 'hidden_dimension': 32, 'number_of_hidden_layers': 1, 'dropout_rate': 0.1, 'learning_rate': 0.0001, 'weight_decay': 1e-06}.
[I 2026-03-04 03:35:40,523] Trial 199 finished with value: 0.9538504877048298 and parameters: {'batch_size': 16, 'threshold': 0.7, 'attention_heads': 8, 'hidden_dimension': 32, 'number_of_hidden_layers': 1, 'dropout_rate': 0.1, 'learning_rate': 0.0001, 'weight_decay': 1e-06}. Best is trial 10 with value: 0.9629548254569322.
slurmstepd: error: *** JOB 2303095 ON kn049 CANCELLED AT 2026-03-04T05:54:17 DUE TO TIME LIMIT ***
