SLURM NODE: kn063
[I 2026-03-10 07:32:57,593] Using an existing study with name 'R8-Attention_distillation' instead of creating a new one.
Unbound optimization already completed.

[UPDATE] Unbound limits: {'batch_size': (np.int64(16), np.int64(128)), 'threshold': (np.float64(0.6), np.float64(0.99)), 'attention_heads': (np.int64(1), np.int64(2)), 'hidden_dimension': (np.int64(32), np.int64(128)), 'number_of_hidden_layers': (np.int64(0), np.int64(2)), 'dropout_rate': (np.float64(0.1), np.float64(0.3)), 'learning_rate': (np.float64(1e-05), np.float64(0.001)), 'weight_decay': (np.float64(1e-05), np.float64(0.001))}
[I 2026-03-10 07:32:58,316] Using an existing study with name 'R8-Attention_distillation-unbound' instead of creating a new one.
Last trial state: 0
Enqueuing hyper-parameters: {'batch_size': 72, 'threshold': 0.77, 'attention_heads': 1, 'hidden_dimension': 42, 'number_of_hidden_layers': 0, 'dropout_rate': 0.22728208225275606, 'learning_rate': 4.253162363790868e-05, 'weight_decay': 0.0001040258761588385}
[I 2026-03-10 08:59:58,301] Trial 16 finished with value: 0.9600560497601764 and parameters: {'batch_size': 72, 'threshold': 0.77, 'attention_heads': 1, 'hidden_dimension': 42, 'number_of_hidden_layers': 0, 'dropout_rate': 0.22728208225275606, 'learning_rate': 4.253162363790868e-05, 'weight_decay': 0.0001040258761588385}. Best is trial 2 with value: 0.9689518803908748.
[I 2026-03-10 08:59:58,958] Trial 17 pruned. Duplicate hyper-parameters, same as those used in trial 3: {'batch_size': 56, 'threshold': 0.98, 'attention_heads': 2, 'hidden_dimension': 90, 'number_of_hidden_layers': 0, 'dropout_rate': 0.13119890406724052, 'learning_rate': 1.3066739238053272e-05, 'weight_decay': 0.0005399484409787432}.
[I 2026-03-10 08:59:59,589] Trial 18 pruned. Duplicate hyper-parameters, same as those used in trial 4: {'batch_size': 88, 'threshold': 0.88, 'attention_heads': 1, 'hidden_dimension': 126, 'number_of_hidden_layers': 2, 'dropout_rate': 0.14246782213565523, 'learning_rate': 2.3102018878452926e-05, 'weight_decay': 2.3270677083837777e-05}.
[I 2026-03-10 09:00:00,155] Trial 19 pruned. Duplicate hyper-parameters, same as those used in trial 5: {'batch_size': 48, 'threshold': 0.8, 'attention_heads': 1, 'hidden_dimension': 60, 'number_of_hidden_layers': 1, 'dropout_rate': 0.12789877213040837, 'learning_rate': 3.8396292998041685e-05, 'weight_decay': 5.4041038546473305e-05}.
[I 2026-03-10 09:00:00,811] Trial 20 pruned. Duplicate hyper-parameters, same as those used in trial 6: {'batch_size': 64, 'threshold': 0.9099999999999999, 'attention_heads': 1, 'hidden_dimension': 81, 'number_of_hidden_layers': 1, 'dropout_rate': 0.10929008254399955, 'learning_rate': 0.000164092867306479, 'weight_decay': 2.1930485556643678e-05}.
[I 2026-03-10 09:00:01,436] Trial 21 pruned. Duplicate hyper-parameters, same as those used in trial 7: {'batch_size': 16, 'threshold': 0.97, 'attention_heads': 2, 'hidden_dimension': 110, 'number_of_hidden_layers': 0, 'dropout_rate': 0.11953442280127678, 'learning_rate': 0.000233596350262616, 'weight_decay': 7.591104805282687e-05}.
[I 2026-03-10 09:00:02,023] Trial 22 pruned. Duplicate hyper-parameters, same as those used in trial 8: {'batch_size': 24, 'threshold': 0.79, 'attention_heads': 1, 'hidden_dimension': 120, 'number_of_hidden_layers': 0, 'dropout_rate': 0.23250445687079638, 'learning_rate': 4.201672054372529e-05, 'weight_decay': 0.00010968217207529509}.
[I 2026-03-10 09:00:02,668] Trial 23 pruned. Duplicate hyper-parameters, same as those used in trial 9: {'batch_size': 80, 'threshold': 0.6699999999999999, 'attention_heads': 2, 'hidden_dimension': 107, 'number_of_hidden_layers': 2, 'dropout_rate': 0.27896547008552974, 'learning_rate': 0.0001569639638866114, 'weight_decay': 0.0006978281265126031}.
[I 2026-03-10 10:24:34,523] Trial 24 finished with value: 0.9615503059436143 and parameters: {'batch_size': 48, 'threshold': 0.61, 'attention_heads': 1, 'hidden_dimension': 46, 'number_of_hidden_layers': 0, 'dropout_rate': 0.19938561638395763, 'learning_rate': 6.224229258624473e-05, 'weight_decay': 5.2256189627948166e-05}. Best is trial 2 with value: 0.9689518803908748.
[I 2026-03-10 11:15:33,653] Trial 25 finished with value: 0.956951980542857 and parameters: {'batch_size': 40, 'threshold': 0.71, 'attention_heads': 1, 'hidden_dimension': 96, 'number_of_hidden_layers': 0, 'dropout_rate': 0.10897011421429975, 'learning_rate': 0.0007020936817863604, 'weight_decay': 0.00023116029557275356}. Best is trial 2 with value: 0.9689518803908748.
[I 2026-03-10 12:15:16,507] Trial 26 finished with value: 0.9620800582408199 and parameters: {'batch_size': 72, 'threshold': 0.7, 'attention_heads': 1, 'hidden_dimension': 41, 'number_of_hidden_layers': 0, 'dropout_rate': 0.22786688598418292, 'learning_rate': 0.0003079586236846079, 'weight_decay': 5.033306023363501e-05}. Best is trial 2 with value: 0.9689518803908748.
[I 2026-03-10 13:32:28,484] Trial 27 finished with value: 0.9584462426697147 and parameters: {'batch_size': 96, 'threshold': 0.61, 'attention_heads': 1, 'hidden_dimension': 46, 'number_of_hidden_layers': 0, 'dropout_rate': 0.23982278093961468, 'learning_rate': 8.47414015779207e-05, 'weight_decay': 0.00014492870634840748}. Best is trial 2 with value: 0.9689518803908748.
[I 2026-03-10 14:51:00,396] Trial 28 finished with value: 0.9554578796595794 and parameters: {'batch_size': 40, 'threshold': 0.71, 'attention_heads': 1, 'hidden_dimension': 41, 'number_of_hidden_layers': 1, 'dropout_rate': 0.1694759036332864, 'learning_rate': 4.378438392162145e-05, 'weight_decay': 8.792660292348966e-05}. Best is trial 2 with value: 0.9689518803908748.
[I 2026-03-10 15:39:29,204] Trial 29 finished with value: 0.9462404813105305 and parameters: {'batch_size': 64, 'threshold': 0.72, 'attention_heads': 1, 'hidden_dimension': 45, 'number_of_hidden_layers': 0, 'dropout_rate': 0.15968092363355696, 'learning_rate': 0.0002677285655002182, 'weight_decay': 9.726828824426201e-05}. Best is trial 2 with value: 0.9689518803908748.
[I 2026-03-10 16:32:12,739] Trial 30 finished with value: 0.9497990681796654 and parameters: {'batch_size': 40, 'threshold': 0.71, 'attention_heads': 1, 'hidden_dimension': 57, 'number_of_hidden_layers': 0, 'dropout_rate': 0.19215192699196584, 'learning_rate': 0.00018950589544040522, 'weight_decay': 8.94539238230882e-05}. Best is trial 2 with value: 0.9689518803908748.
[I 2026-03-10 17:21:41,068] Trial 31 finished with value: 0.9468249903549013 and parameters: {'batch_size': 128, 'threshold': 0.99, 'attention_heads': 1, 'hidden_dimension': 34, 'number_of_hidden_layers': 0, 'dropout_rate': 0.2639046364673129, 'learning_rate': 0.00012827765989503807, 'weight_decay': 0.00030245715497729755}. Best is trial 2 with value: 0.9689518803908748.
[I 2026-03-10 18:17:16,857] Trial 32 finished with value: 0.9487050772684993 and parameters: {'batch_size': 72, 'threshold': 0.69, 'attention_heads': 1, 'hidden_dimension': 55, 'number_of_hidden_layers': 2, 'dropout_rate': 0.11023409431296034, 'learning_rate': 0.0005261214412504863, 'weight_decay': 0.0004253960866360842}. Best is trial 2 with value: 0.9689518803908748.
[I 2026-03-10 19:22:48,411] Trial 33 finished with value: 0.9501279521632504 and parameters: {'batch_size': 72, 'threshold': 0.72, 'attention_heads': 1, 'hidden_dimension': 57, 'number_of_hidden_layers': 0, 'dropout_rate': 0.21410486404677087, 'learning_rate': 0.0001233805267649419, 'weight_decay': 7.349135831396314e-05}. Best is trial 2 with value: 0.9689518803908748.
[I 2026-03-10 20:35:55,266] Trial 34 finished with value: 0.9464742644733002 and parameters: {'batch_size': 72, 'threshold': 0.6599999999999999, 'attention_heads': 1, 'hidden_dimension': 44, 'number_of_hidden_layers': 0, 'dropout_rate': 0.23801589963298178, 'learning_rate': 7.097243412432734e-05, 'weight_decay': 0.00020036023518440015}. Best is trial 2 with value: 0.9689518803908748.
[I 2026-03-10 21:38:21,957] Trial 35 finished with value: 0.9442952267905853 and parameters: {'batch_size': 64, 'threshold': 0.7, 'attention_heads': 1, 'hidden_dimension': 37, 'number_of_hidden_layers': 0, 'dropout_rate': 0.2686417531112947, 'learning_rate': 6.617625256778442e-05, 'weight_decay': 9.18103823598343e-05}. Best is trial 2 with value: 0.9689518803908748.
[I 2026-03-10 22:47:14,839] Trial 36 finished with value: 0.9636010711473122 and parameters: {'batch_size': 96, 'threshold': 0.73, 'attention_heads': 1, 'hidden_dimension': 32, 'number_of_hidden_layers': 0, 'dropout_rate': 0.23288290743592363, 'learning_rate': 7.380466101444195e-05, 'weight_decay': 4.450715829322407e-05}. Best is trial 2 with value: 0.9689518803908748.
[I 2026-03-10 23:40:11,209] Trial 37 finished with value: 0.9502457891397049 and parameters: {'batch_size': 96, 'threshold': 0.74, 'attention_heads': 1, 'hidden_dimension': 37, 'number_of_hidden_layers': 0, 'dropout_rate': 0.15360077476511338, 'learning_rate': 0.00017491827481428112, 'weight_decay': 8.389189883265751e-05}. Best is trial 2 with value: 0.9689518803908748.
[I 2026-03-11 00:25:36,274] Trial 38 finished with value: 0.9548748140982861 and parameters: {'batch_size': 104, 'threshold': 0.75, 'attention_heads': 1, 'hidden_dimension': 58, 'number_of_hidden_layers': 1, 'dropout_rate': 0.10606841789663718, 'learning_rate': 0.0005539789030763346, 'weight_decay': 0.00018068103769012796}. Best is trial 2 with value: 0.9689518803908748.
[I 2026-03-11 01:28:04,503] Trial 39 finished with value: 0.9549335972983609 and parameters: {'batch_size': 96, 'threshold': 0.8899999999999999, 'attention_heads': 1, 'hidden_dimension': 35, 'number_of_hidden_layers': 0, 'dropout_rate': 0.17437935049274692, 'learning_rate': 6.27839944961953e-05, 'weight_decay': 0.00012556046194253317}. Best is trial 2 with value: 0.9689518803908748.
[I 2026-03-11 02:54:16,920] Trial 40 finished with value: 0.950421907895609 and parameters: {'batch_size': 16, 'threshold': 0.64, 'attention_heads': 1, 'hidden_dimension': 45, 'number_of_hidden_layers': 1, 'dropout_rate': 0.10475552074953774, 'learning_rate': 0.000858098256484237, 'weight_decay': 0.0005442329435333584}. Best is trial 2 with value: 0.9689518803908748.
[I 2026-03-11 03:57:54,008] Trial 41 finished with value: 0.9434353107883897 and parameters: {'batch_size': 88, 'threshold': 0.74, 'attention_heads': 1, 'hidden_dimension': 39, 'number_of_hidden_layers': 0, 'dropout_rate': 0.20743998994719676, 'learning_rate': 5.2920161966744014e-05, 'weight_decay': 0.0001561898647083878}. Best is trial 2 with value: 0.9689518803908748.
[I 2026-03-11 05:00:09,624] Trial 42 finished with value: 0.9567530879518275 and parameters: {'batch_size': 72, 'threshold': 0.69, 'attention_heads': 1, 'hidden_dimension': 34, 'number_of_hidden_layers': 0, 'dropout_rate': 0.25475223402095737, 'learning_rate': 0.00016069078778138974, 'weight_decay': 1.5833913855037222e-05}. Best is trial 2 with value: 0.9689518803908748.
[I 2026-03-11 05:49:29,285] Trial 43 finished with value: 0.9455827819795287 and parameters: {'batch_size': 64, 'threshold': 0.69, 'attention_heads': 1, 'hidden_dimension': 47, 'number_of_hidden_layers': 0, 'dropout_rate': 0.22974063490313118, 'learning_rate': 0.00022676429531201604, 'weight_decay': 7.761101717772472e-05}. Best is trial 2 with value: 0.9689518803908748.
[I 2026-03-11 06:39:58,656] Trial 44 finished with value: 0.947393520846519 and parameters: {'batch_size': 40, 'threshold': 0.72, 'attention_heads': 1, 'hidden_dimension': 69, 'number_of_hidden_layers': 1, 'dropout_rate': 0.10357806109854001, 'learning_rate': 0.000936919624070558, 'weight_decay': 0.00012133436761045178}. Best is trial 2 with value: 0.9689518803908748.
[I 2026-03-11 07:35:51,415] Trial 45 finished with value: 0.9603849337437613 and parameters: {'batch_size': 80, 'threshold': 0.6799999999999999, 'attention_heads': 1, 'hidden_dimension': 36, 'number_of_hidden_layers': 1, 'dropout_rate': 0.1897282555788027, 'learning_rate': 0.00017448657488957676, 'weight_decay': 0.00015543262824765683}. Best is trial 2 with value: 0.9689518803908748.
[I 2026-03-11 08:36:57,816] Trial 46 finished with value: 0.9566238818434512 and parameters: {'batch_size': 64, 'threshold': 0.9299999999999999, 'attention_heads': 2, 'hidden_dimension': 45, 'number_of_hidden_layers': 0, 'dropout_rate': 0.193126318026929, 'learning_rate': 5.5125620184284365e-05, 'weight_decay': 0.0001706876128475832}. Best is trial 2 with value: 0.9689518803908748.
[I 2026-03-11 09:42:38,850] Trial 47 finished with value: 0.9500444304216569 and parameters: {'batch_size': 16, 'threshold': 0.73, 'attention_heads': 1, 'hidden_dimension': 44, 'number_of_hidden_layers': 0, 'dropout_rate': 0.24700709133195875, 'learning_rate': 7.930526770384644e-05, 'weight_decay': 0.00010700021341051052}. Best is trial 2 with value: 0.9689518803908748.
[I 2026-03-11 10:29:26,616] Trial 48 finished with value: 0.943511420519948 and parameters: {'batch_size': 88, 'threshold': 0.6599999999999999, 'attention_heads': 1, 'hidden_dimension': 47, 'number_of_hidden_layers': 0, 'dropout_rate': 0.15231720854020028, 'learning_rate': 0.00030178668037470125, 'weight_decay': 3.1195873319369893e-05}. Best is trial 2 with value: 0.9689518803908748.
[I 2026-03-11 11:27:45,085] Trial 49 finished with value: 0.9636010711473122 and parameters: {'batch_size': 64, 'threshold': 0.76, 'attention_heads': 1, 'hidden_dimension': 32, 'number_of_hidden_layers': 0, 'dropout_rate': 0.2101405627439508, 'learning_rate': 8.887349146050353e-05, 'weight_decay': 2.2738602623493537e-05}. Best is trial 2 with value: 0.9689518803908748.
[I 2026-03-11 12:59:42,601] Trial 50 finished with value: 0.9577130592434614 and parameters: {'batch_size': 56, 'threshold': 0.77, 'attention_heads': 1, 'hidden_dimension': 36, 'number_of_hidden_layers': 0, 'dropout_rate': 0.14027294807067803, 'learning_rate': 4.6373759409608404e-05, 'weight_decay': 1.0398908148901175e-05}. Best is trial 2 with value: 0.9689518803908748.
[I 2026-03-11 14:28:29,380] Trial 51 finished with value: 0.9636010711473122 and parameters: {'batch_size': 48, 'threshold': 0.84, 'attention_heads': 1, 'hidden_dimension': 32, 'number_of_hidden_layers': 0, 'dropout_rate': 0.21274703246624183, 'learning_rate': 4.412091923492783e-05, 'weight_decay': 0.0001447202252075638}. Best is trial 2 with value: 0.9689518803908748.
[I 2026-03-11 15:24:45,982] Trial 52 finished with value: 0.9640595098524123 and parameters: {'batch_size': 48, 'threshold': 0.85, 'attention_heads': 1, 'hidden_dimension': 52, 'number_of_hidden_layers': 0, 'dropout_rate': 0.2658062908740606, 'learning_rate': 0.00025113313254605373, 'weight_decay': 6.942288041042913e-05}. Best is trial 2 with value: 0.9689518803908748.
[I 2026-03-11 16:21:56,741] Trial 53 finished with value: 0.966179269376035 and parameters: {'batch_size': 48, 'threshold': 0.85, 'attention_heads': 1, 'hidden_dimension': 53, 'number_of_hidden_layers': 0, 'dropout_rate': 0.2670088341157761, 'learning_rate': 0.00016936852799260185, 'weight_decay': 8.245348411167805e-05}. Best is trial 2 with value: 0.9689518803908748.
[I 2026-03-11 17:15:44,783] Trial 54 finished with value: 0.9504419964199164 and parameters: {'batch_size': 40, 'threshold': 0.85, 'attention_heads': 1, 'hidden_dimension': 57, 'number_of_hidden_layers': 1, 'dropout_rate': 0.28560494479554727, 'learning_rate': 0.00013713247218379823, 'weight_decay': 4.4246506299553046e-05}. Best is trial 2 with value: 0.9689518803908748.
[I 2026-03-11 18:06:03,420] Trial 55 finished with value: 0.9485512150229771 and parameters: {'batch_size': 32, 'threshold': 0.87, 'attention_heads': 1, 'hidden_dimension': 53, 'number_of_hidden_layers': 0, 'dropout_rate': 0.23944955413189462, 'learning_rate': 0.00018637375967908102, 'weight_decay': 6.672890886393119e-05}. Best is trial 2 with value: 0.9689518803908748.
[I 2026-03-11 19:03:19,960] Trial 56 finished with value: 0.9641568032702599 and parameters: {'batch_size': 48, 'threshold': 0.85, 'attention_heads': 1, 'hidden_dimension': 40, 'number_of_hidden_layers': 0, 'dropout_rate': 0.19510114264254452, 'learning_rate': 0.0002865950431773302, 'weight_decay': 0.00021098982535297823}. Best is trial 2 with value: 0.9689518803908748.
[I 2026-03-11 20:00:29,909] Trial 57 finished with value: 0.9501252053522227 and parameters: {'batch_size': 48, 'threshold': 0.85, 'attention_heads': 1, 'hidden_dimension': 40, 'number_of_hidden_layers': 2, 'dropout_rate': 0.10623840414057306, 'learning_rate': 0.0005252963048509056, 'weight_decay': 4.473053695243667e-05}. Best is trial 2 with value: 0.9689518803908748.
[I 2026-03-11 20:50:26,113] Trial 58 finished with value: 0.9450772074386864 and parameters: {'batch_size': 48, 'threshold': 0.8999999999999999, 'attention_heads': 1, 'hidden_dimension': 47, 'number_of_hidden_layers': 0, 'dropout_rate': 0.24138874038005198, 'learning_rate': 0.0005278635804196109, 'weight_decay': 0.0005074655775191034}. Best is trial 2 with value: 0.9689518803908748.
[I 2026-03-11 21:37:44,253] Trial 59 finished with value: 0.9421841104813056 and parameters: {'batch_size': 32, 'threshold': 0.84, 'attention_heads': 1, 'hidden_dimension': 43, 'number_of_hidden_layers': 0, 'dropout_rate': 0.2653121362414163, 'learning_rate': 0.0009971714543974312, 'weight_decay': 1.8679587812019032e-05}. Best is trial 2 with value: 0.9689518803908748.
[I 2026-03-11 22:34:22,581] Trial 60 finished with value: 0.963827924788695 and parameters: {'batch_size': 48, 'threshold': 0.8899999999999999, 'attention_heads': 1, 'hidden_dimension': 40, 'number_of_hidden_layers': 0, 'dropout_rate': 0.1719310554386007, 'learning_rate': 0.00024077748928339984, 'weight_decay': 0.00023392387099641844}. Best is trial 2 with value: 0.9689518803908748.
[I 2026-03-11 23:20:02,177] Trial 61 finished with value: 0.9444801504936569 and parameters: {'batch_size': 40, 'threshold': 0.85, 'attention_heads': 1, 'hidden_dimension': 70, 'number_of_hidden_layers': 0, 'dropout_rate': 0.2853568359237463, 'learning_rate': 0.0003688065349083664, 'weight_decay': 8.687741530186828e-05}. Best is trial 2 with value: 0.9689518803908748.
[I 2026-03-12 00:13:18,442] Trial 62 finished with value: 0.9637301203658156 and parameters: {'batch_size': 48, 'threshold': 0.9299999999999999, 'attention_heads': 1, 'hidden_dimension': 51, 'number_of_hidden_layers': 0, 'dropout_rate': 0.2005832482587662, 'learning_rate': 0.00038229205300097167, 'weight_decay': 9.510276260323907e-05}. Best is trial 2 with value: 0.9689518803908748.
[I 2026-03-12 01:06:38,387] Trial 63 finished with value: 0.9539811197816506 and parameters: {'batch_size': 48, 'threshold': 0.9099999999999999, 'attention_heads': 1, 'hidden_dimension': 48, 'number_of_hidden_layers': 0, 'dropout_rate': 0.1635022314682296, 'learning_rate': 0.0005758172806302913, 'weight_decay': 0.000316520352864803}. Best is trial 2 with value: 0.9689518803908748.
[I 2026-03-12 02:01:10,273] Trial 64 finished with value: 0.9589670581791516 and parameters: {'batch_size': 48, 'threshold': 0.8999999999999999, 'attention_heads': 1, 'hidden_dimension': 67, 'number_of_hidden_layers': 0, 'dropout_rate': 0.17414689365689778, 'learning_rate': 0.0005840860029559697, 'weight_decay': 5.0550657315526054e-05}. Best is trial 2 with value: 0.9689518803908748.
[I 2026-03-12 02:51:43,426] Trial 65 finished with value: 0.9551946716700819 and parameters: {'batch_size': 48, 'threshold': 0.87, 'attention_heads': 1, 'hidden_dimension': 33, 'number_of_hidden_layers': 1, 'dropout_rate': 0.16066523540104688, 'learning_rate': 0.0001922010183170659, 'weight_decay': 0.0005486370967318882}. Best is trial 2 with value: 0.9689518803908748.
[I 2026-03-12 03:45:07,258] Trial 66 finished with value: 0.9467950061065638 and parameters: {'batch_size': 32, 'threshold': 0.9299999999999999, 'attention_heads': 1, 'hidden_dimension': 74, 'number_of_hidden_layers': 0, 'dropout_rate': 0.11187076955009642, 'learning_rate': 0.0007421240537711281, 'weight_decay': 1.424953049887752e-05}. Best is trial 2 with value: 0.9689518803908748.
[I 2026-03-12 04:46:37,716] Trial 67 finished with value: 0.949901710213876 and parameters: {'batch_size': 48, 'threshold': 0.83, 'attention_heads': 1, 'hidden_dimension': 68, 'number_of_hidden_layers': 0, 'dropout_rate': 0.17675954289872342, 'learning_rate': 0.00013127307683347654, 'weight_decay': 0.00021290568663529796}. Best is trial 2 with value: 0.9689518803908748.
[I 2026-03-12 05:49:34,894] Trial 68 finished with value: 0.9536416861597306 and parameters: {'batch_size': 16, 'threshold': 0.87, 'attention_heads': 1, 'hidden_dimension': 72, 'number_of_hidden_layers': 2, 'dropout_rate': 0.10949691997083631, 'learning_rate': 0.0008319020603615524, 'weight_decay': 4.623051273257333e-05}. Best is trial 2 with value: 0.9689518803908748.
[I 2026-03-12 06:41:00,236] Trial 69 finished with value: 0.9642583329411233 and parameters: {'batch_size': 48, 'threshold': 0.9299999999999999, 'attention_heads': 1, 'hidden_dimension': 37, 'number_of_hidden_layers': 0, 'dropout_rate': 0.22611423302610936, 'learning_rate': 0.0004915606737622543, 'weight_decay': 0.00015315714872468256}. Best is trial 2 with value: 0.9689518803908748.
[I 2026-03-12 07:29:19,603] Trial 70 finished with value: 0.959821061890904 and parameters: {'batch_size': 56, 'threshold': 0.82, 'attention_heads': 1, 'hidden_dimension': 83, 'number_of_hidden_layers': 2, 'dropout_rate': 0.1064473507030577, 'learning_rate': 0.0005926073457711988, 'weight_decay': 6.820892193513169e-05}. Best is trial 2 with value: 0.9689518803908748.
[I 2026-03-12 08:18:49,711] Trial 71 finished with value: 0.9410674628194131 and parameters: {'batch_size': 32, 'threshold': 0.88, 'attention_heads': 1, 'hidden_dimension': 35, 'number_of_hidden_layers': 0, 'dropout_rate': 0.22819109938452353, 'learning_rate': 0.0009007021311002723, 'weight_decay': 0.00017445406665970263}. Best is trial 2 with value: 0.9689518803908748.
