SLURM NODE: kn073
[I 2026-02-26 05:44:18,636] Using an existing study with name 'R8-Attention_distillation' instead of creating a new one.
Last trial state: 0
Enqueuing hyper-parameters: {'batch_size': 16, 'threshold': 0.6, 'attention_heads': 8, 'hidden_dimension': 128, 'number_of_hidden_layers': 0, 'dropout_rate': 0.1, 'learning_rate': 0.0003, 'weight_decay': 0.0001}
CUDA out of memory. Tried to allocate 8.04 GiB. GPU 0 has a total capacity of 44.40 GiB of which 3.36 GiB is free. Including non-PyTorch memory, this process has 41.04 GiB memory in use. Of the allocated memory 40.47 GiB is allocated by PyTorch, and 24.80 MiB is reserved by PyTorch but unallocated. If reserved but unallocated memory is large try setting PYTORCH_CUDA_ALLOC_CONF=expandable_segments:True to avoid fragmentation.  See documentation for Memory Management  (https://pytorch.org/docs/stable/notes/cuda.html#environment-variables)
[I 2026-02-26 07:00:48,703] Trial 32 finished with value: -1.0 and parameters: {'batch_size': 16, 'threshold': 0.6, 'attention_heads': 8, 'hidden_dimension': 128, 'number_of_hidden_layers': 0, 'dropout_rate': 0.1, 'learning_rate': 0.0003, 'weight_decay': 0.0001}. Best is trial 10 with value: 0.9629548254569322.
[I 2026-02-26 07:00:49,404] Trial 33 pruned. Duplicate hyper-parameters, same as those used in trial 0: {'batch_size': 32, 'threshold': 0.9, 'attention_heads': 2, 'hidden_dimension': 128, 'number_of_hidden_layers': 2, 'dropout_rate': 0.4, 'learning_rate': 1e-05, 'weight_decay': 1e-05}.
[I 2026-02-26 07:00:50,093] Trial 34 pruned. Duplicate hyper-parameters, same as those used in trial 1: {'batch_size': 32, 'threshold': 0.7, 'attention_heads': 1, 'hidden_dimension': 128, 'number_of_hidden_layers': 1, 'dropout_rate': 0.2, 'learning_rate': 0.0003, 'weight_decay': 1e-06}.
[I 2026-02-26 07:00:50,849] Trial 35 pruned. Duplicate hyper-parameters, same as those used in trial 2: {'batch_size': 128, 'threshold': 0.9, 'attention_heads': 8, 'hidden_dimension': 32, 'number_of_hidden_layers': 2, 'dropout_rate': 0.2, 'learning_rate': 0.001, 'weight_decay': 1e-05}.
[I 2026-02-26 07:00:51,626] Trial 36 pruned. Duplicate hyper-parameters, same as those used in trial 3: {'batch_size': 64, 'threshold': 0.7, 'attention_heads': 6, 'hidden_dimension': 64, 'number_of_hidden_layers': 1, 'dropout_rate': 0.2, 'learning_rate': 0.001, 'weight_decay': 1e-05}.
[I 2026-02-26 07:00:52,336] Trial 37 pruned. Duplicate hyper-parameters, same as those used in trial 4: {'batch_size': 64, 'threshold': 0.9, 'attention_heads': 8, 'hidden_dimension': 32, 'number_of_hidden_layers': 0, 'dropout_rate': 0.2, 'learning_rate': 1e-05, 'weight_decay': 1e-05}.
[I 2026-02-26 07:00:53,091] Trial 38 pruned. Duplicate hyper-parameters, same as those used in trial 5: {'batch_size': 16, 'threshold': 0.7, 'attention_heads': 6, 'hidden_dimension': 128, 'number_of_hidden_layers': 0, 'dropout_rate': 0.1, 'learning_rate': 0.0003, 'weight_decay': 0.001}.
[I 2026-02-26 07:00:53,842] Trial 39 pruned. Duplicate hyper-parameters, same as those used in trial 6: {'batch_size': 16, 'threshold': 0.7, 'attention_heads': 6, 'hidden_dimension': 64, 'number_of_hidden_layers': 1, 'dropout_rate': 0.1, 'learning_rate': 0.001, 'weight_decay': 1e-05}.
[I 2026-02-26 07:00:54,549] Trial 40 pruned. Duplicate hyper-parameters, same as those used in trial 7: {'batch_size': 32, 'threshold': 0.99, 'attention_heads': 1, 'hidden_dimension': 64, 'number_of_hidden_layers': 0, 'dropout_rate': 0.1, 'learning_rate': 1e-05, 'weight_decay': 1e-05}.
[I 2026-02-26 07:00:55,264] Trial 41 pruned. Duplicate hyper-parameters, same as those used in trial 8: {'batch_size': 16, 'threshold': 0.99, 'attention_heads': 4, 'hidden_dimension': 64, 'number_of_hidden_layers': 2, 'dropout_rate': 0.3, 'learning_rate': 0.001, 'weight_decay': 0.001}.
[I 2026-02-26 07:00:55,927] Trial 42 pruned. Duplicate hyper-parameters, same as those used in trial 9: {'batch_size': 32, 'threshold': 0.95, 'attention_heads': 2, 'hidden_dimension': 64, 'number_of_hidden_layers': 0, 'dropout_rate': 0.4, 'learning_rate': 0.0003, 'weight_decay': 1e-05}.
[I 2026-02-26 07:00:56,621] Trial 43 pruned. Duplicate hyper-parameters, same as those used in trial 10: {'batch_size': 32, 'threshold': 0.8, 'attention_heads': 1, 'hidden_dimension': 64, 'number_of_hidden_layers': 1, 'dropout_rate': 0.1, 'learning_rate': 0.001, 'weight_decay': 0.0001}.
[I 2026-02-26 07:00:57,402] Trial 44 pruned. Duplicate hyper-parameters, same as those used in trial 11: {'batch_size': 128, 'threshold': 0.6, 'attention_heads': 6, 'hidden_dimension': 32, 'number_of_hidden_layers': 2, 'dropout_rate': 0.2, 'learning_rate': 0.0003, 'weight_decay': 0.001}.
[I 2026-02-26 07:00:58,174] Trial 45 pruned. Duplicate hyper-parameters, same as those used in trial 12: {'batch_size': 16, 'threshold': 0.7, 'attention_heads': 4, 'hidden_dimension': 64, 'number_of_hidden_layers': 0, 'dropout_rate': 0.4, 'learning_rate': 1e-05, 'weight_decay': 0.0001}.
[I 2026-02-26 07:00:58,949] Trial 46 pruned. Duplicate hyper-parameters, same as those used in trial 13: {'batch_size': 64, 'threshold': 0.95, 'attention_heads': 4, 'hidden_dimension': 128, 'number_of_hidden_layers': 0, 'dropout_rate': 0.4, 'learning_rate': 0.0001, 'weight_decay': 0.001}.
[I 2026-02-26 07:00:59,702] Trial 47 pruned. Duplicate hyper-parameters, same as those used in trial 14: {'batch_size': 64, 'threshold': 0.99, 'attention_heads': 6, 'hidden_dimension': 64, 'number_of_hidden_layers': 1, 'dropout_rate': 0.3, 'learning_rate': 0.0001, 'weight_decay': 1e-06}.
[I 2026-02-26 07:01:00,499] Trial 48 pruned. Duplicate hyper-parameters, same as those used in trial 15: {'batch_size': 128, 'threshold': 0.6, 'attention_heads': 6, 'hidden_dimension': 128, 'number_of_hidden_layers': 0, 'dropout_rate': 0.3, 'learning_rate': 0.0003, 'weight_decay': 1e-06}.
[I 2026-02-26 07:01:01,290] Trial 49 pruned. Duplicate hyper-parameters, same as those used in trial 16: {'batch_size': 128, 'threshold': 0.6, 'attention_heads': 4, 'hidden_dimension': 32, 'number_of_hidden_layers': 1, 'dropout_rate': 0.3, 'learning_rate': 0.0001, 'weight_decay': 1e-05}.
[I 2026-02-26 07:01:02,070] Trial 50 pruned. Duplicate hyper-parameters, same as those used in trial 17: {'batch_size': 128, 'threshold': 0.9, 'attention_heads': 8, 'hidden_dimension': 64, 'number_of_hidden_layers': 2, 'dropout_rate': 0.3, 'learning_rate': 0.001, 'weight_decay': 1e-05}.
[I 2026-02-26 07:01:02,875] Trial 51 pruned. Duplicate hyper-parameters, same as those used in trial 18: {'batch_size': 16, 'threshold': 0.9, 'attention_heads': 8, 'hidden_dimension': 128, 'number_of_hidden_layers': 2, 'dropout_rate': 0.1, 'learning_rate': 1e-05, 'weight_decay': 1e-05}.
[I 2026-02-26 07:01:03,647] Trial 52 pruned. Duplicate hyper-parameters, same as those used in trial 19: {'batch_size': 16, 'threshold': 0.6, 'attention_heads': 4, 'hidden_dimension': 64, 'number_of_hidden_layers': 0, 'dropout_rate': 0.1, 'learning_rate': 0.0001, 'weight_decay': 0.0001}.
[I 2026-02-26 07:01:04,424] Trial 53 pruned. Duplicate hyper-parameters, same as those used in trial 20: {'batch_size': 32, 'threshold': 0.99, 'attention_heads': 2, 'hidden_dimension': 32, 'number_of_hidden_layers': 0, 'dropout_rate': 0.4, 'learning_rate': 0.001, 'weight_decay': 0.001}.
[I 2026-02-26 07:01:05,501] Trial 54 pruned. Duplicate hyper-parameters, same as those used in trial 21: {'batch_size': 64, 'threshold': 0.6, 'attention_heads': 4, 'hidden_dimension': 128, 'number_of_hidden_layers': 0, 'dropout_rate': 0.4, 'learning_rate': 0.0003, 'weight_decay': 0.001}.
[I 2026-02-26 07:01:06,300] Trial 55 pruned. Duplicate hyper-parameters, same as those used in trial 22: {'batch_size': 32, 'threshold': 0.99, 'attention_heads': 2, 'hidden_dimension': 64, 'number_of_hidden_layers': 1, 'dropout_rate': 0.2, 'learning_rate': 1e-05, 'weight_decay': 0.001}.
[I 2026-02-26 07:01:07,106] Trial 56 pruned. Duplicate hyper-parameters, same as those used in trial 23: {'batch_size': 16, 'threshold': 0.95, 'attention_heads': 4, 'hidden_dimension': 32, 'number_of_hidden_layers': 0, 'dropout_rate': 0.1, 'learning_rate': 0.0001, 'weight_decay': 1e-05}.
[I 2026-02-26 07:01:07,861] Trial 57 pruned. Duplicate hyper-parameters, same as those used in trial 24: {'batch_size': 128, 'threshold': 0.6, 'attention_heads': 8, 'hidden_dimension': 32, 'number_of_hidden_layers': 0, 'dropout_rate': 0.1, 'learning_rate': 0.001, 'weight_decay': 0.001}.
[I 2026-02-26 07:01:08,629] Trial 58 pruned. Duplicate hyper-parameters, same as those used in trial 25: {'batch_size': 16, 'threshold': 0.99, 'attention_heads': 2, 'hidden_dimension': 64, 'number_of_hidden_layers': 0, 'dropout_rate': 0.2, 'learning_rate': 0.001, 'weight_decay': 0.001}.
[I 2026-02-26 07:01:09,420] Trial 59 pruned. Duplicate hyper-parameters, same as those used in trial 26: {'batch_size': 64, 'threshold': 0.9, 'attention_heads': 2, 'hidden_dimension': 32, 'number_of_hidden_layers': 0, 'dropout_rate': 0.3, 'learning_rate': 0.0001, 'weight_decay': 0.001}.
[I 2026-02-26 07:01:10,231] Trial 60 pruned. Duplicate hyper-parameters, same as those used in trial 27: {'batch_size': 16, 'threshold': 0.8, 'attention_heads': 8, 'hidden_dimension': 32, 'number_of_hidden_layers': 1, 'dropout_rate': 0.1, 'learning_rate': 0.0001, 'weight_decay': 0.0001}.
[I 2026-02-26 07:01:11,045] Trial 61 pruned. Duplicate hyper-parameters, same as those used in trial 28: {'batch_size': 128, 'threshold': 0.95, 'attention_heads': 6, 'hidden_dimension': 32, 'number_of_hidden_layers': 1, 'dropout_rate': 0.3, 'learning_rate': 0.0003, 'weight_decay': 1e-06}.
[I 2026-02-26 07:01:11,850] Trial 62 pruned. Duplicate hyper-parameters, same as those used in trial 29: {'batch_size': 64, 'threshold': 0.99, 'attention_heads': 8, 'hidden_dimension': 32, 'number_of_hidden_layers': 1, 'dropout_rate': 0.4, 'learning_rate': 0.0003, 'weight_decay': 0.001}.
[I 2026-02-26 07:01:12,647] Trial 63 pruned. Duplicate hyper-parameters, same as those used in trial 30: {'batch_size': 16, 'threshold': 0.95, 'attention_heads': 4, 'hidden_dimension': 128, 'number_of_hidden_layers': 1, 'dropout_rate': 0.1, 'learning_rate': 1e-05, 'weight_decay': 0.001}.
[I 2026-02-26 07:01:13,507] Trial 64 pruned. Duplicate hyper-parameters, same as those used in trial 32: {'batch_size': 16, 'threshold': 0.6, 'attention_heads': 8, 'hidden_dimension': 128, 'number_of_hidden_layers': 0, 'dropout_rate': 0.1, 'learning_rate': 0.0003, 'weight_decay': 0.0001}.
[I 2026-02-26 09:12:04,520] Trial 65 finished with value: 0.9489187045748554 and parameters: {'batch_size': 16, 'threshold': 0.7, 'attention_heads': 4, 'hidden_dimension': 32, 'number_of_hidden_layers': 0, 'dropout_rate': 0.3, 'learning_rate': 0.001, 'weight_decay': 0.001}. Best is trial 10 with value: 0.9629548254569322.
[I 2026-02-26 10:56:42,790] Trial 66 finished with value: 0.954847882905723 and parameters: {'batch_size': 32, 'threshold': 0.99, 'attention_heads': 4, 'hidden_dimension': 32, 'number_of_hidden_layers': 0, 'dropout_rate': 0.1, 'learning_rate': 0.001, 'weight_decay': 0.001}. Best is trial 10 with value: 0.9629548254569322.
[I 2026-02-26 13:13:23,750] Trial 67 finished with value: 0.9514390513939242 and parameters: {'batch_size': 16, 'threshold': 0.95, 'attention_heads': 8, 'hidden_dimension': 128, 'number_of_hidden_layers': 0, 'dropout_rate': 0.3, 'learning_rate': 0.0003, 'weight_decay': 1e-06}. Best is trial 10 with value: 0.9629548254569322.
[I 2026-02-26 17:39:06,440] Trial 68 finished with value: 0.9516838169465542 and parameters: {'batch_size': 64, 'threshold': 0.7, 'attention_heads': 2, 'hidden_dimension': 64, 'number_of_hidden_layers': 1, 'dropout_rate': 0.1, 'learning_rate': 1e-05, 'weight_decay': 1e-05}. Best is trial 10 with value: 0.9629548254569322.
[I 2026-02-26 20:15:38,299] Trial 69 finished with value: 0.9481605343812087 and parameters: {'batch_size': 32, 'threshold': 0.95, 'attention_heads': 4, 'hidden_dimension': 128, 'number_of_hidden_layers': 0, 'dropout_rate': 0.1, 'learning_rate': 1e-05, 'weight_decay': 0.001}. Best is trial 10 with value: 0.9629548254569322.
CUDA out of memory. Tried to allocate 6.54 GiB. GPU 0 has a total capacity of 44.40 GiB of which 5.48 GiB is free. Including non-PyTorch memory, this process has 38.91 GiB memory in use. Of the allocated memory 38.29 GiB is allocated by PyTorch, and 77.45 MiB is reserved by PyTorch but unallocated. If reserved but unallocated memory is large try setting PYTORCH_CUDA_ALLOC_CONF=expandable_segments:True to avoid fragmentation.  See documentation for Memory Management  (https://pytorch.org/docs/stable/notes/cuda.html#environment-variables)
[I 2026-02-26 21:53:30,983] Trial 70 finished with value: -1.0 and parameters: {'batch_size': 64, 'threshold': 0.9, 'attention_heads': 6, 'hidden_dimension': 128, 'number_of_hidden_layers': 1, 'dropout_rate': 0.2, 'learning_rate': 0.0003, 'weight_decay': 1e-06}. Best is trial 10 with value: 0.9629548254569322.
[I 2026-02-27 00:43:32,252] Trial 71 finished with value: 0.9514390513939242 and parameters: {'batch_size': 16, 'threshold': 0.9, 'attention_heads': 8, 'hidden_dimension': 128, 'number_of_hidden_layers': 0, 'dropout_rate': 0.3, 'learning_rate': 0.0003, 'weight_decay': 0.0001}. Best is trial 10 with value: 0.9629548254569322.
CUDA out of memory. Tried to allocate 4.93 GiB. GPU 0 has a total capacity of 44.40 GiB of which 3.49 GiB is free. Including non-PyTorch memory, this process has 40.90 GiB memory in use. Of the allocated memory 40.29 GiB is allocated by PyTorch, and 61.02 MiB is reserved by PyTorch but unallocated. If reserved but unallocated memory is large try setting PYTORCH_CUDA_ALLOC_CONF=expandable_segments:True to avoid fragmentation.  See documentation for Memory Management  (https://pytorch.org/docs/stable/notes/cuda.html#environment-variables)
[I 2026-02-27 01:58:34,494] Trial 72 finished with value: -1.0 and parameters: {'batch_size': 128, 'threshold': 0.9, 'attention_heads': 8, 'hidden_dimension': 128, 'number_of_hidden_layers': 0, 'dropout_rate': 0.4, 'learning_rate': 0.0001, 'weight_decay': 1e-05}. Best is trial 10 with value: 0.9629548254569322.
CUDA out of memory. Tried to allocate 4.56 GiB. GPU 0 has a total capacity of 44.40 GiB of which 2.06 GiB is free. Including non-PyTorch memory, this process has 42.33 GiB memory in use. Of the allocated memory 41.74 GiB is allocated by PyTorch, and 36.09 MiB is reserved by PyTorch but unallocated. If reserved but unallocated memory is large try setting PYTORCH_CUDA_ALLOC_CONF=expandable_segments:True to avoid fragmentation.  See documentation for Memory Management  (https://pytorch.org/docs/stable/notes/cuda.html#environment-variables)
[I 2026-02-27 03:15:32,749] Trial 73 finished with value: -1.0 and parameters: {'batch_size': 64, 'threshold': 0.6, 'attention_heads': 6, 'hidden_dimension': 128, 'number_of_hidden_layers': 2, 'dropout_rate': 0.2, 'learning_rate': 0.001, 'weight_decay': 1e-05}. Best is trial 10 with value: 0.9629548254569322.
CUDA out of memory. Tried to allocate 4.93 GiB. GPU 0 has a total capacity of 44.40 GiB of which 3.51 GiB is free. Including non-PyTorch memory, this process has 40.88 GiB memory in use. Of the allocated memory 40.30 GiB is allocated by PyTorch, and 32.95 MiB is reserved by PyTorch but unallocated. If reserved but unallocated memory is large try setting PYTORCH_CUDA_ALLOC_CONF=expandable_segments:True to avoid fragmentation.  See documentation for Memory Management  (https://pytorch.org/docs/stable/notes/cuda.html#environment-variables)
[I 2026-02-27 04:31:51,924] Trial 74 finished with value: -1.0 and parameters: {'batch_size': 128, 'threshold': 0.9, 'attention_heads': 8, 'hidden_dimension': 128, 'number_of_hidden_layers': 1, 'dropout_rate': 0.2, 'learning_rate': 0.0001, 'weight_decay': 1e-06}. Best is trial 10 with value: 0.9629548254569322.
[I 2026-02-27 06:19:03,658] Trial 75 finished with value: 0.9431833218302462 and parameters: {'batch_size': 64, 'threshold': 0.99, 'attention_heads': 6, 'hidden_dimension': 128, 'number_of_hidden_layers': 2, 'dropout_rate': 0.3, 'learning_rate': 0.001, 'weight_decay': 1e-06}. Best is trial 10 with value: 0.9629548254569322.
[I 2026-02-27 10:39:47,827] Trial 76 finished with value: 0.9511109342049061 and parameters: {'batch_size': 16, 'threshold': 0.7, 'attention_heads': 1, 'hidden_dimension': 128, 'number_of_hidden_layers': 0, 'dropout_rate': 0.1, 'learning_rate': 1e-05, 'weight_decay': 1e-06}. Best is trial 10 with value: 0.9629548254569322.
CUDA out of memory. Tried to allocate 4.93 GiB. GPU 0 has a total capacity of 44.40 GiB of which 3.53 GiB is free. Including non-PyTorch memory, this process has 40.86 GiB memory in use. Of the allocated memory 40.27 GiB is allocated by PyTorch, and 49.50 MiB is reserved by PyTorch but unallocated. If reserved but unallocated memory is large try setting PYTORCH_CUDA_ALLOC_CONF=expandable_segments:True to avoid fragmentation.  See documentation for Memory Management  (https://pytorch.org/docs/stable/notes/cuda.html#environment-variables)
[I 2026-02-27 11:55:14,215] Trial 77 finished with value: -1.0 and parameters: {'batch_size': 128, 'threshold': 0.6, 'attention_heads': 4, 'hidden_dimension': 64, 'number_of_hidden_layers': 2, 'dropout_rate': 0.4, 'learning_rate': 0.001, 'weight_decay': 1e-05}. Best is trial 10 with value: 0.9629548254569322.
[I 2026-02-27 13:41:24,389] Trial 78 finished with value: 0.9382864557156394 and parameters: {'batch_size': 64, 'threshold': 0.99, 'attention_heads': 8, 'hidden_dimension': 32, 'number_of_hidden_layers': 2, 'dropout_rate': 0.4, 'learning_rate': 0.0003, 'weight_decay': 0.001}. Best is trial 10 with value: 0.9629548254569322.
[I 2026-02-27 15:35:13,910] Trial 79 finished with value: 0.9536922923689007 and parameters: {'batch_size': 128, 'threshold': 0.8, 'attention_heads': 1, 'hidden_dimension': 64, 'number_of_hidden_layers': 1, 'dropout_rate': 0.2, 'learning_rate': 0.0001, 'weight_decay': 0.001}. Best is trial 10 with value: 0.9629548254569322.
[I 2026-02-27 17:45:33,040] Trial 80 finished with value: 0.9570464980076719 and parameters: {'batch_size': 64, 'threshold': 0.95, 'attention_heads': 6, 'hidden_dimension': 32, 'number_of_hidden_layers': 1, 'dropout_rate': 0.2, 'learning_rate': 0.0001, 'weight_decay': 0.0001}. Best is trial 10 with value: 0.9629548254569322.
[I 2026-02-27 20:26:49,219] Trial 81 finished with value: 0.9456606269588965 and parameters: {'batch_size': 16, 'threshold': 0.9, 'attention_heads': 1, 'hidden_dimension': 32, 'number_of_hidden_layers': 1, 'dropout_rate': 0.3, 'learning_rate': 0.0001, 'weight_decay': 0.001}. Best is trial 10 with value: 0.9629548254569322.
CUDA out of memory. Tried to allocate 5.11 GiB. GPU 0 has a total capacity of 44.40 GiB of which 2.18 GiB is free. Including non-PyTorch memory, this process has 42.21 GiB memory in use. Of the allocated memory 41.61 GiB is allocated by PyTorch, and 50.10 MiB is reserved by PyTorch but unallocated. If reserved but unallocated memory is large try setting PYTORCH_CUDA_ALLOC_CONF=expandable_segments:True to avoid fragmentation.  See documentation for Memory Management  (https://pytorch.org/docs/stable/notes/cuda.html#environment-variables)
[I 2026-02-27 21:47:51,009] Trial 82 finished with value: -1.0 and parameters: {'batch_size': 64, 'threshold': 0.8, 'attention_heads': 6, 'hidden_dimension': 128, 'number_of_hidden_layers': 1, 'dropout_rate': 0.1, 'learning_rate': 0.001, 'weight_decay': 1e-05}. Best is trial 10 with value: 0.9629548254569322.
CUDA out of memory. Tried to allocate 7.39 GiB. GPU 0 has a total capacity of 44.40 GiB of which 6.05 GiB is free. Including non-PyTorch memory, this process has 38.34 GiB memory in use. Of the allocated memory 37.77 GiB is allocated by PyTorch, and 25.31 MiB is reserved by PyTorch but unallocated. If reserved but unallocated memory is large try setting PYTORCH_CUDA_ALLOC_CONF=expandable_segments:True to avoid fragmentation.  See documentation for Memory Management  (https://pytorch.org/docs/stable/notes/cuda.html#environment-variables)
[I 2026-02-27 23:03:31,064] Trial 83 finished with value: -1.0 and parameters: {'batch_size': 128, 'threshold': 0.7, 'attention_heads': 8, 'hidden_dimension': 128, 'number_of_hidden_layers': 1, 'dropout_rate': 0.1, 'learning_rate': 0.0003, 'weight_decay': 0.0001}. Best is trial 10 with value: 0.9629548254569322.
CUDA out of memory. Tried to allocate 7.07 GiB. GPU 0 has a total capacity of 44.40 GiB of which 2.50 GiB is free. Including non-PyTorch memory, this process has 41.88 GiB memory in use. Of the allocated memory 41.27 GiB is allocated by PyTorch, and 69.94 MiB is reserved by PyTorch but unallocated. If reserved but unallocated memory is large try setting PYTORCH_CUDA_ALLOC_CONF=expandable_segments:True to avoid fragmentation.  See documentation for Memory Management  (https://pytorch.org/docs/stable/notes/cuda.html#environment-variables)
[I 2026-02-28 00:28:50,248] Trial 84 finished with value: -1.0 and parameters: {'batch_size': 128, 'threshold': 0.8, 'attention_heads': 2, 'hidden_dimension': 128, 'number_of_hidden_layers': 2, 'dropout_rate': 0.3, 'learning_rate': 0.0001, 'weight_decay': 0.001}. Best is trial 10 with value: 0.9629548254569322.
