[I 2026-02-28 02:30:27,871] Trial 85 finished with value: 0.9455157338646478 and parameters: {'batch_size': 64, 'threshold': 0.95, 'attention_heads': 2, 'hidden_dimension': 32, 'number_of_hidden_layers': 1, 'dropout_rate': 0.4, 'learning_rate': 0.0001, 'weight_decay': 0.001}. Best is trial 10 with value: 0.9629548254569322.
CUDA out of memory. Tried to allocate 8.25 GiB. GPU 0 has a total capacity of 44.40 GiB of which 2.24 GiB is free. Including non-PyTorch memory, this process has 42.15 GiB memory in use. Of the allocated memory 41.57 GiB is allocated by PyTorch, and 32.78 MiB is reserved by PyTorch but unallocated. If reserved but unallocated memory is large try setting PYTORCH_CUDA_ALLOC_CONF=expandable_segments:True to avoid fragmentation.  See documentation for Memory Management  (https://pytorch.org/docs/stable/notes/cuda.html#environment-variables)
[I 2026-02-28 04:30:54,896] Trial 86 finished with value: -1.0 and parameters: {'batch_size': 32, 'threshold': 0.7, 'attention_heads': 4, 'hidden_dimension': 128, 'number_of_hidden_layers': 0, 'dropout_rate': 0.4, 'learning_rate': 1e-05, 'weight_decay': 0.001}. Best is trial 10 with value: 0.9629548254569322.
[I 2026-02-28 05:59:46,633] Trial 87 finished with value: 0.9538025282719014 and parameters: {'batch_size': 128, 'threshold': 0.99, 'attention_heads': 8, 'hidden_dimension': 32, 'number_of_hidden_layers': 0, 'dropout_rate': 0.3, 'learning_rate': 0.001, 'weight_decay': 1e-06}. Best is trial 10 with value: 0.9629548254569322.
[I 2026-02-28 08:26:28,611] Trial 88 finished with value: 0.9532521411509336 and parameters: {'batch_size': 16, 'threshold': 0.95, 'attention_heads': 4, 'hidden_dimension': 32, 'number_of_hidden_layers': 1, 'dropout_rate': 0.3, 'learning_rate': 0.001, 'weight_decay': 1e-06}. Best is trial 10 with value: 0.9629548254569322.
[I 2026-02-28 12:30:35,758] Trial 89 finished with value: 0.9443673964352159 and parameters: {'batch_size': 16, 'threshold': 0.8, 'attention_heads': 1, 'hidden_dimension': 64, 'number_of_hidden_layers': 1, 'dropout_rate': 0.2, 'learning_rate': 1e-05, 'weight_decay': 0.001}. Best is trial 10 with value: 0.9629548254569322.
[I 2026-02-28 18:26:35,816] Trial 90 finished with value: 0.9499912630350656 and parameters: {'batch_size': 16, 'threshold': 0.95, 'attention_heads': 2, 'hidden_dimension': 32, 'number_of_hidden_layers': 0, 'dropout_rate': 0.1, 'learning_rate': 1e-05, 'weight_decay': 0.0001}. Best is trial 10 with value: 0.9629548254569322.
[I 2026-02-28 20:06:02,008] Trial 91 finished with value: 0.9602032501910234 and parameters: {'batch_size': 64, 'threshold': 0.8, 'attention_heads': 1, 'hidden_dimension': 64, 'number_of_hidden_layers': 2, 'dropout_rate': 0.3, 'learning_rate': 0.001, 'weight_decay': 1e-05}. Best is trial 10 with value: 0.9629548254569322.
[I 2026-02-28 21:42:31,500] Trial 92 finished with value: 0.9463723899423429 and parameters: {'batch_size': 64, 'threshold': 0.9, 'attention_heads': 4, 'hidden_dimension': 32, 'number_of_hidden_layers': 0, 'dropout_rate': 0.4, 'learning_rate': 0.001, 'weight_decay': 0.0001}. Best is trial 10 with value: 0.9629548254569322.
[I 2026-02-28 23:44:18,512] Trial 93 finished with value: 0.9473710593839346 and parameters: {'batch_size': 32, 'threshold': 0.99, 'attention_heads': 1, 'hidden_dimension': 64, 'number_of_hidden_layers': 1, 'dropout_rate': 0.2, 'learning_rate': 0.0003, 'weight_decay': 0.001}. Best is trial 10 with value: 0.9629548254569322.
[I 2026-03-01 02:12:47,512] Trial 94 finished with value: 0.9457142970914378 and parameters: {'batch_size': 32, 'threshold': 0.9, 'attention_heads': 8, 'hidden_dimension': 64, 'number_of_hidden_layers': 2, 'dropout_rate': 0.1, 'learning_rate': 0.0003, 'weight_decay': 0.0001}. Best is trial 10 with value: 0.9629548254569322.
[I 2026-03-01 04:20:26,359] Trial 95 finished with value: 0.9504812837221206 and parameters: {'batch_size': 32, 'threshold': 0.9, 'attention_heads': 4, 'hidden_dimension': 64, 'number_of_hidden_layers': 1, 'dropout_rate': 0.4, 'learning_rate': 0.001, 'weight_decay': 0.001}. Best is trial 10 with value: 0.9629548254569322.
slurmstepd: error: *** JOB 2282392 ON kn073 CANCELLED AT 2026-03-01T05:43:54 DUE TO TIME LIMIT ***
