SLURM NODE: kn074
[I 2026-03-20 05:42:17,990] Using an existing study with name 'IMDb-Attention_distillation' instead of creating a new one.
Last trial state: 0
Enqueuing hyper-parameters: {'batch_size': 16, 'threshold': 0.6, 'attention_heads': 8, 'hidden_dimension': 128, 'number_of_hidden_layers': 0, 'dropout_rate': 0.1, 'learning_rate': 0.0003, 'weight_decay': 0.0001}
CUDA out of memory. Tried to allocate 22.14 GiB. GPU 0 has a total capacity of 44.40 GiB of which 6.28 GiB is free. Including non-PyTorch memory, this process has 38.12 GiB memory in use. Of the allocated memory 37.57 GiB is allocated by PyTorch, and 34.20 MiB is reserved by PyTorch but unallocated. If reserved but unallocated memory is large try setting PYTORCH_CUDA_ALLOC_CONF=expandable_segments:True to avoid fragmentation.  See documentation for Memory Management  (https://pytorch.org/docs/stable/notes/cuda.html#environment-variables)
[I 2026-03-20 07:47:58,725] Trial 43 finished with value: -1.0 and parameters: {'batch_size': 16, 'threshold': 0.6, 'attention_heads': 8, 'hidden_dimension': 128, 'number_of_hidden_layers': 0, 'dropout_rate': 0.1, 'learning_rate': 0.0003, 'weight_decay': 0.0001}. Best is trial 21 with value: 0.9374.
[I 2026-03-20 07:47:59,341] Trial 44 pruned. Duplicate hyper-parameters, same as those used in trial 0: {'batch_size': 32, 'threshold': 0.9, 'attention_heads': 2, 'hidden_dimension': 128, 'number_of_hidden_layers': 2, 'dropout_rate': 0.4, 'learning_rate': 1e-05, 'weight_decay': 1e-05}.
[I 2026-03-20 07:48:00,106] Trial 45 pruned. Duplicate hyper-parameters, same as those used in trial 1: {'batch_size': 32, 'threshold': 0.7, 'attention_heads': 1, 'hidden_dimension': 128, 'number_of_hidden_layers': 1, 'dropout_rate': 0.2, 'learning_rate': 0.0003, 'weight_decay': 1e-06}.
[I 2026-03-20 07:48:00,771] Trial 46 pruned. Duplicate hyper-parameters, same as those used in trial 2: {'batch_size': 128, 'threshold': 0.9, 'attention_heads': 8, 'hidden_dimension': 32, 'number_of_hidden_layers': 2, 'dropout_rate': 0.2, 'learning_rate': 0.001, 'weight_decay': 1e-05}.
[I 2026-03-20 07:48:01,317] Trial 47 pruned. Duplicate hyper-parameters, same as those used in trial 3: {'batch_size': 64, 'threshold': 0.7, 'attention_heads': 6, 'hidden_dimension': 64, 'number_of_hidden_layers': 1, 'dropout_rate': 0.2, 'learning_rate': 0.001, 'weight_decay': 1e-05}.
[I 2026-03-20 07:48:01,848] Trial 48 pruned. Duplicate hyper-parameters, same as those used in trial 4: {'batch_size': 64, 'threshold': 0.9, 'attention_heads': 8, 'hidden_dimension': 32, 'number_of_hidden_layers': 0, 'dropout_rate': 0.2, 'learning_rate': 1e-05, 'weight_decay': 1e-05}.
[I 2026-03-20 07:48:02,363] Trial 49 pruned. Duplicate hyper-parameters, same as those used in trial 5: {'batch_size': 16, 'threshold': 0.7, 'attention_heads': 6, 'hidden_dimension': 128, 'number_of_hidden_layers': 0, 'dropout_rate': 0.1, 'learning_rate': 0.0003, 'weight_decay': 0.001}.
[I 2026-03-20 07:48:02,861] Trial 50 pruned. Duplicate hyper-parameters, same as those used in trial 6: {'batch_size': 16, 'threshold': 0.7, 'attention_heads': 6, 'hidden_dimension': 64, 'number_of_hidden_layers': 1, 'dropout_rate': 0.1, 'learning_rate': 0.001, 'weight_decay': 1e-05}.
[I 2026-03-20 07:48:03,385] Trial 51 pruned. Duplicate hyper-parameters, same as those used in trial 7: {'batch_size': 32, 'threshold': 0.99, 'attention_heads': 1, 'hidden_dimension': 64, 'number_of_hidden_layers': 0, 'dropout_rate': 0.1, 'learning_rate': 1e-05, 'weight_decay': 1e-05}.
[I 2026-03-20 07:48:03,928] Trial 52 pruned. Duplicate hyper-parameters, same as those used in trial 8: {'batch_size': 16, 'threshold': 0.99, 'attention_heads': 4, 'hidden_dimension': 64, 'number_of_hidden_layers': 2, 'dropout_rate': 0.3, 'learning_rate': 0.001, 'weight_decay': 0.001}.
[I 2026-03-20 07:48:04,499] Trial 53 pruned. Duplicate hyper-parameters, same as those used in trial 10: {'batch_size': 32, 'threshold': 0.95, 'attention_heads': 2, 'hidden_dimension': 64, 'number_of_hidden_layers': 0, 'dropout_rate': 0.4, 'learning_rate': 0.0003, 'weight_decay': 1e-05}.
[I 2026-03-20 07:48:05,033] Trial 54 pruned. Duplicate hyper-parameters, same as those used in trial 21: {'batch_size': 32, 'threshold': 0.8, 'attention_heads': 1, 'hidden_dimension': 64, 'number_of_hidden_layers': 1, 'dropout_rate': 0.1, 'learning_rate': 0.001, 'weight_decay': 0.0001}.
[I 2026-03-20 07:48:05,576] Trial 55 pruned. Duplicate hyper-parameters, same as those used in trial 22: {'batch_size': 128, 'threshold': 0.6, 'attention_heads': 6, 'hidden_dimension': 32, 'number_of_hidden_layers': 2, 'dropout_rate': 0.2, 'learning_rate': 0.0003, 'weight_decay': 0.001}.
[I 2026-03-20 07:48:06,172] Trial 56 pruned. Duplicate hyper-parameters, same as those used in trial 23: {'batch_size': 16, 'threshold': 0.7, 'attention_heads': 4, 'hidden_dimension': 64, 'number_of_hidden_layers': 0, 'dropout_rate': 0.4, 'learning_rate': 1e-05, 'weight_decay': 0.0001}.
[I 2026-03-20 07:48:06,724] Trial 57 pruned. Duplicate hyper-parameters, same as those used in trial 24: {'batch_size': 64, 'threshold': 0.95, 'attention_heads': 4, 'hidden_dimension': 128, 'number_of_hidden_layers': 0, 'dropout_rate': 0.4, 'learning_rate': 0.0001, 'weight_decay': 0.001}.
[I 2026-03-20 07:48:07,251] Trial 58 pruned. Duplicate hyper-parameters, same as those used in trial 25: {'batch_size': 64, 'threshold': 0.99, 'attention_heads': 6, 'hidden_dimension': 64, 'number_of_hidden_layers': 1, 'dropout_rate': 0.3, 'learning_rate': 0.0001, 'weight_decay': 1e-06}.
[I 2026-03-20 07:48:07,799] Trial 59 pruned. Duplicate hyper-parameters, same as those used in trial 26: {'batch_size': 128, 'threshold': 0.6, 'attention_heads': 6, 'hidden_dimension': 128, 'number_of_hidden_layers': 0, 'dropout_rate': 0.3, 'learning_rate': 0.0003, 'weight_decay': 1e-06}.
[I 2026-03-20 07:48:08,363] Trial 60 pruned. Duplicate hyper-parameters, same as those used in trial 27: {'batch_size': 128, 'threshold': 0.6, 'attention_heads': 4, 'hidden_dimension': 32, 'number_of_hidden_layers': 1, 'dropout_rate': 0.3, 'learning_rate': 0.0001, 'weight_decay': 1e-05}.
[I 2026-03-20 07:48:08,968] Trial 61 pruned. Duplicate hyper-parameters, same as those used in trial 28: {'batch_size': 128, 'threshold': 0.9, 'attention_heads': 8, 'hidden_dimension': 64, 'number_of_hidden_layers': 2, 'dropout_rate': 0.3, 'learning_rate': 0.001, 'weight_decay': 1e-05}.
[I 2026-03-20 07:48:09,533] Trial 62 pruned. Duplicate hyper-parameters, same as those used in trial 29: {'batch_size': 16, 'threshold': 0.9, 'attention_heads': 8, 'hidden_dimension': 128, 'number_of_hidden_layers': 2, 'dropout_rate': 0.1, 'learning_rate': 1e-05, 'weight_decay': 1e-05}.
[I 2026-03-20 07:48:10,077] Trial 63 pruned. Duplicate hyper-parameters, same as those used in trial 30: {'batch_size': 16, 'threshold': 0.6, 'attention_heads': 4, 'hidden_dimension': 64, 'number_of_hidden_layers': 0, 'dropout_rate': 0.1, 'learning_rate': 0.0001, 'weight_decay': 0.0001}.
[I 2026-03-20 07:48:10,660] Trial 64 pruned. Duplicate hyper-parameters, same as those used in trial 31: {'batch_size': 32, 'threshold': 0.99, 'attention_heads': 2, 'hidden_dimension': 32, 'number_of_hidden_layers': 0, 'dropout_rate': 0.4, 'learning_rate': 0.001, 'weight_decay': 0.001}.
[I 2026-03-20 07:48:11,199] Trial 65 pruned. Duplicate hyper-parameters, same as those used in trial 32: {'batch_size': 64, 'threshold': 0.6, 'attention_heads': 4, 'hidden_dimension': 128, 'number_of_hidden_layers': 0, 'dropout_rate': 0.4, 'learning_rate': 0.0003, 'weight_decay': 0.001}.
[I 2026-03-20 07:48:11,740] Trial 66 pruned. Duplicate hyper-parameters, same as those used in trial 33: {'batch_size': 32, 'threshold': 0.99, 'attention_heads': 2, 'hidden_dimension': 64, 'number_of_hidden_layers': 1, 'dropout_rate': 0.2, 'learning_rate': 1e-05, 'weight_decay': 0.001}.
[I 2026-03-20 07:48:12,298] Trial 67 pruned. Duplicate hyper-parameters, same as those used in trial 34: {'batch_size': 16, 'threshold': 0.95, 'attention_heads': 4, 'hidden_dimension': 32, 'number_of_hidden_layers': 0, 'dropout_rate': 0.1, 'learning_rate': 0.0001, 'weight_decay': 1e-05}.
[I 2026-03-20 07:48:12,857] Trial 68 pruned. Duplicate hyper-parameters, same as those used in trial 35: {'batch_size': 128, 'threshold': 0.6, 'attention_heads': 8, 'hidden_dimension': 32, 'number_of_hidden_layers': 0, 'dropout_rate': 0.1, 'learning_rate': 0.001, 'weight_decay': 0.001}.
[I 2026-03-20 07:48:13,433] Trial 69 pruned. Duplicate hyper-parameters, same as those used in trial 36: {'batch_size': 16, 'threshold': 0.99, 'attention_heads': 2, 'hidden_dimension': 64, 'number_of_hidden_layers': 0, 'dropout_rate': 0.2, 'learning_rate': 0.001, 'weight_decay': 0.001}.
[I 2026-03-20 07:48:13,970] Trial 70 pruned. Duplicate hyper-parameters, same as those used in trial 37: {'batch_size': 64, 'threshold': 0.9, 'attention_heads': 2, 'hidden_dimension': 32, 'number_of_hidden_layers': 0, 'dropout_rate': 0.3, 'learning_rate': 0.0001, 'weight_decay': 0.001}.
[I 2026-03-20 07:48:14,486] Trial 71 pruned. Duplicate hyper-parameters, same as those used in trial 38: {'batch_size': 16, 'threshold': 0.8, 'attention_heads': 8, 'hidden_dimension': 32, 'number_of_hidden_layers': 1, 'dropout_rate': 0.1, 'learning_rate': 0.0001, 'weight_decay': 0.0001}.
[I 2026-03-20 07:48:15,069] Trial 72 pruned. Duplicate hyper-parameters, same as those used in trial 39: {'batch_size': 128, 'threshold': 0.95, 'attention_heads': 6, 'hidden_dimension': 32, 'number_of_hidden_layers': 1, 'dropout_rate': 0.3, 'learning_rate': 0.0003, 'weight_decay': 1e-06}.
[I 2026-03-20 07:48:15,628] Trial 73 pruned. Duplicate hyper-parameters, same as those used in trial 40: {'batch_size': 64, 'threshold': 0.99, 'attention_heads': 8, 'hidden_dimension': 32, 'number_of_hidden_layers': 1, 'dropout_rate': 0.4, 'learning_rate': 0.0003, 'weight_decay': 0.001}.
[I 2026-03-20 07:48:16,182] Trial 74 pruned. Duplicate hyper-parameters, same as those used in trial 41: {'batch_size': 16, 'threshold': 0.95, 'attention_heads': 4, 'hidden_dimension': 128, 'number_of_hidden_layers': 1, 'dropout_rate': 0.1, 'learning_rate': 1e-05, 'weight_decay': 0.001}.
[I 2026-03-20 07:48:16,756] Trial 75 pruned. Duplicate hyper-parameters, same as those used in trial 43: {'batch_size': 16, 'threshold': 0.6, 'attention_heads': 8, 'hidden_dimension': 128, 'number_of_hidden_layers': 0, 'dropout_rate': 0.1, 'learning_rate': 0.0003, 'weight_decay': 0.0001}.
[I 2026-03-20 12:08:34,060] Trial 76 finished with value: 0.9346 and parameters: {'batch_size': 16, 'threshold': 0.7, 'attention_heads': 4, 'hidden_dimension': 32, 'number_of_hidden_layers': 0, 'dropout_rate': 0.3, 'learning_rate': 0.001, 'weight_decay': 0.001}. Best is trial 21 with value: 0.9374.
[I 2026-03-20 14:46:52,461] Trial 77 finished with value: 0.931 and parameters: {'batch_size': 32, 'threshold': 0.99, 'attention_heads': 4, 'hidden_dimension': 32, 'number_of_hidden_layers': 0, 'dropout_rate': 0.1, 'learning_rate': 0.001, 'weight_decay': 0.001}. Best is trial 21 with value: 0.9374.
[I 2026-03-20 19:46:33,469] Trial 78 finished with value: 0.9306 and parameters: {'batch_size': 16, 'threshold': 0.95, 'attention_heads': 8, 'hidden_dimension': 128, 'number_of_hidden_layers': 0, 'dropout_rate': 0.3, 'learning_rate': 0.0003, 'weight_decay': 1e-06}. Best is trial 21 with value: 0.9374.
CUDA out of memory. Tried to allocate 7.28 GiB. GPU 0 has a total capacity of 44.40 GiB of which 6.82 GiB is free. Including non-PyTorch memory, this process has 37.56 GiB memory in use. Of the allocated memory 36.98 GiB is allocated by PyTorch, and 41.01 MiB is reserved by PyTorch but unallocated. If reserved but unallocated memory is large try setting PYTORCH_CUDA_ALLOC_CONF=expandable_segments:True to avoid fragmentation.  See documentation for Memory Management  (https://pytorch.org/docs/stable/notes/cuda.html#environment-variables)
[I 2026-03-20 22:20:01,516] Trial 79 finished with value: -1.0 and parameters: {'batch_size': 64, 'threshold': 0.7, 'attention_heads': 2, 'hidden_dimension': 64, 'number_of_hidden_layers': 1, 'dropout_rate': 0.1, 'learning_rate': 1e-05, 'weight_decay': 1e-05}. Best is trial 21 with value: 0.9374.
[I 2026-03-21 01:41:20,308] Trial 80 finished with value: 0.9336 and parameters: {'batch_size': 32, 'threshold': 0.95, 'attention_heads': 4, 'hidden_dimension': 128, 'number_of_hidden_layers': 0, 'dropout_rate': 0.1, 'learning_rate': 1e-05, 'weight_decay': 0.001}. Best is trial 21 with value: 0.9374.
CUDA out of memory. Tried to allocate 7.11 GiB. GPU 0 has a total capacity of 44.40 GiB of which 2.14 GiB is free. Including non-PyTorch memory, this process has 42.25 GiB memory in use. Of the allocated memory 41.62 GiB is allocated by PyTorch, and 81.37 MiB is reserved by PyTorch but unallocated. If reserved but unallocated memory is large try setting PYTORCH_CUDA_ALLOC_CONF=expandable_segments:True to avoid fragmentation.  See documentation for Memory Management  (https://pytorch.org/docs/stable/notes/cuda.html#environment-variables)
[I 2026-03-21 03:44:19,601] Trial 81 finished with value: -1.0 and parameters: {'batch_size': 64, 'threshold': 0.9, 'attention_heads': 6, 'hidden_dimension': 128, 'number_of_hidden_layers': 1, 'dropout_rate': 0.2, 'learning_rate': 0.0003, 'weight_decay': 1e-06}. Best is trial 21 with value: 0.9374.
[I 2026-03-21 10:29:52,865] Trial 82 finished with value: 0.9316 and parameters: {'batch_size': 16, 'threshold': 0.9, 'attention_heads': 8, 'hidden_dimension': 128, 'number_of_hidden_layers': 0, 'dropout_rate': 0.3, 'learning_rate': 0.0003, 'weight_decay': 0.0001}. Best is trial 21 with value: 0.9374.
CUDA out of memory. Tried to allocate 28.90 GiB. GPU 0 has a total capacity of 44.40 GiB of which 23.31 GiB is free. Including non-PyTorch memory, this process has 21.08 GiB memory in use. Of the allocated memory 20.46 GiB is allocated by PyTorch, and 69.97 MiB is reserved by PyTorch but unallocated. If reserved but unallocated memory is large try setting PYTORCH_CUDA_ALLOC_CONF=expandable_segments:True to avoid fragmentation.  See documentation for Memory Management  (https://pytorch.org/docs/stable/notes/cuda.html#environment-variables)
[I 2026-03-21 12:33:54,646] Trial 83 finished with value: -1.0 and parameters: {'batch_size': 128, 'threshold': 0.9, 'attention_heads': 8, 'hidden_dimension': 128, 'number_of_hidden_layers': 0, 'dropout_rate': 0.4, 'learning_rate': 0.0001, 'weight_decay': 1e-05}. Best is trial 21 with value: 0.9374.
CUDA out of memory. Tried to allocate 42.26 GiB. GPU 0 has a total capacity of 44.40 GiB of which 14.62 GiB is free. Including non-PyTorch memory, this process has 29.77 GiB memory in use. Of the allocated memory 29.17 GiB is allocated by PyTorch, and 50.73 MiB is reserved by PyTorch but unallocated. If reserved but unallocated memory is large try setting PYTORCH_CUDA_ALLOC_CONF=expandable_segments:True to avoid fragmentation.  See documentation for Memory Management  (https://pytorch.org/docs/stable/notes/cuda.html#environment-variables)
[I 2026-03-21 14:39:20,287] Trial 84 finished with value: -1.0 and parameters: {'batch_size': 64, 'threshold': 0.6, 'attention_heads': 6, 'hidden_dimension': 128, 'number_of_hidden_layers': 2, 'dropout_rate': 0.2, 'learning_rate': 0.001, 'weight_decay': 1e-05}. Best is trial 21 with value: 0.9374.
CUDA out of memory. Tried to allocate 28.90 GiB. GPU 0 has a total capacity of 44.40 GiB of which 23.31 GiB is free. Including non-PyTorch memory, this process has 21.08 GiB memory in use. Of the allocated memory 20.47 GiB is allocated by PyTorch, and 61.89 MiB is reserved by PyTorch but unallocated. If reserved but unallocated memory is large try setting PYTORCH_CUDA_ALLOC_CONF=expandable_segments:True to avoid fragmentation.  See documentation for Memory Management  (https://pytorch.org/docs/stable/notes/cuda.html#environment-variables)
[I 2026-03-21 16:42:35,343] Trial 85 finished with value: -1.0 and parameters: {'batch_size': 128, 'threshold': 0.9, 'attention_heads': 8, 'hidden_dimension': 128, 'number_of_hidden_layers': 1, 'dropout_rate': 0.2, 'learning_rate': 0.0001, 'weight_decay': 1e-06}. Best is trial 21 with value: 0.9374.
[I 2026-03-21 19:38:38,016] Trial 86 finished with value: 0.9362 and parameters: {'batch_size': 64, 'threshold': 0.99, 'attention_heads': 6, 'hidden_dimension': 128, 'number_of_hidden_layers': 2, 'dropout_rate': 0.3, 'learning_rate': 0.001, 'weight_decay': 1e-06}. Best is trial 21 with value: 0.9374.
[I 2026-03-22 00:04:13,808] Trial 87 finished with value: 0.9278 and parameters: {'batch_size': 16, 'threshold': 0.7, 'attention_heads': 1, 'hidden_dimension': 128, 'number_of_hidden_layers': 0, 'dropout_rate': 0.1, 'learning_rate': 1e-05, 'weight_decay': 1e-06}. Best is trial 21 with value: 0.9374.
CUDA out of memory. Tried to allocate 28.90 GiB. GPU 0 has a total capacity of 44.40 GiB of which 23.31 GiB is free. Including non-PyTorch memory, this process has 21.08 GiB memory in use. Of the allocated memory 20.48 GiB is allocated by PyTorch, and 53.02 MiB is reserved by PyTorch but unallocated. If reserved but unallocated memory is large try setting PYTORCH_CUDA_ALLOC_CONF=expandable_segments:True to avoid fragmentation.  See documentation for Memory Management  (https://pytorch.org/docs/stable/notes/cuda.html#environment-variables)
[I 2026-03-22 02:14:10,552] Trial 88 finished with value: -1.0 and parameters: {'batch_size': 128, 'threshold': 0.6, 'attention_heads': 4, 'hidden_dimension': 64, 'number_of_hidden_layers': 2, 'dropout_rate': 0.4, 'learning_rate': 0.001, 'weight_decay': 1e-05}. Best is trial 21 with value: 0.9374.
[I 2026-03-22 04:52:41,866] Trial 89 finished with value: 0.9282 and parameters: {'batch_size': 64, 'threshold': 0.99, 'attention_heads': 8, 'hidden_dimension': 32, 'number_of_hidden_layers': 2, 'dropout_rate': 0.4, 'learning_rate': 0.0003, 'weight_decay': 0.001}. Best is trial 21 with value: 0.9374.
[I 2026-03-22 07:46:19,476] Trial 90 finished with value: 0.937 and parameters: {'batch_size': 128, 'threshold': 0.8, 'attention_heads': 1, 'hidden_dimension': 64, 'number_of_hidden_layers': 1, 'dropout_rate': 0.2, 'learning_rate': 0.0001, 'weight_decay': 0.001}. Best is trial 21 with value: 0.9374.
[I 2026-03-22 10:38:47,620] Trial 91 finished with value: 0.9354 and parameters: {'batch_size': 64, 'threshold': 0.95, 'attention_heads': 6, 'hidden_dimension': 32, 'number_of_hidden_layers': 1, 'dropout_rate': 0.2, 'learning_rate': 0.0001, 'weight_decay': 0.0001}. Best is trial 21 with value: 0.9374.
[I 2026-03-22 14:00:34,907] Trial 92 finished with value: 0.9272 and parameters: {'batch_size': 16, 'threshold': 0.9, 'attention_heads': 1, 'hidden_dimension': 32, 'number_of_hidden_layers': 1, 'dropout_rate': 0.3, 'learning_rate': 0.0001, 'weight_decay': 0.001}. Best is trial 21 with value: 0.9374.
CUDA out of memory. Tried to allocate 21.13 GiB. GPU 0 has a total capacity of 44.40 GiB of which 7.76 GiB is free. Including non-PyTorch memory, this process has 36.62 GiB memory in use. Of the allocated memory 36.05 GiB is allocated by PyTorch, and 23.14 MiB is reserved by PyTorch but unallocated. If reserved but unallocated memory is large try setting PYTORCH_CUDA_ALLOC_CONF=expandable_segments:True to avoid fragmentation.  See documentation for Memory Management  (https://pytorch.org/docs/stable/notes/cuda.html#environment-variables)
[I 2026-03-22 16:08:50,056] Trial 93 finished with value: -1.0 and parameters: {'batch_size': 64, 'threshold': 0.8, 'attention_heads': 6, 'hidden_dimension': 128, 'number_of_hidden_layers': 1, 'dropout_rate': 0.1, 'learning_rate': 0.001, 'weight_decay': 1e-05}. Best is trial 21 with value: 0.9374.
CUDA out of memory. Tried to allocate 14.45 GiB. GPU 0 has a total capacity of 44.40 GiB of which 13.81 GiB is free. Including non-PyTorch memory, this process has 30.57 GiB memory in use. Of the allocated memory 30.00 GiB is allocated by PyTorch, and 22.29 MiB is reserved by PyTorch but unallocated. If reserved but unallocated memory is large try setting PYTORCH_CUDA_ALLOC_CONF=expandable_segments:True to avoid fragmentation.  See documentation for Memory Management  (https://pytorch.org/docs/stable/notes/cuda.html#environment-variables)
[I 2026-03-22 18:17:06,072] Trial 94 finished with value: -1.0 and parameters: {'batch_size': 128, 'threshold': 0.7, 'attention_heads': 8, 'hidden_dimension': 128, 'number_of_hidden_layers': 1, 'dropout_rate': 0.1, 'learning_rate': 0.0003, 'weight_decay': 0.0001}. Best is trial 21 with value: 0.9374.
CUDA out of memory. Tried to allocate 4.82 GiB. GPU 0 has a total capacity of 44.40 GiB of which 4.34 GiB is free. Including non-PyTorch memory, this process has 40.04 GiB memory in use. Of the allocated memory 39.43 GiB is allocated by PyTorch, and 68.96 MiB is reserved by PyTorch but unallocated. If reserved but unallocated memory is large try setting PYTORCH_CUDA_ALLOC_CONF=expandable_segments:True to avoid fragmentation.  See documentation for Memory Management  (https://pytorch.org/docs/stable/notes/cuda.html#environment-variables)
[I 2026-03-22 20:28:09,874] Trial 95 finished with value: -1.0 and parameters: {'batch_size': 128, 'threshold': 0.8, 'attention_heads': 2, 'hidden_dimension': 128, 'number_of_hidden_layers': 2, 'dropout_rate': 0.3, 'learning_rate': 0.0001, 'weight_decay': 0.001}. Best is trial 21 with value: 0.9374.
