[I 2026-04-13 22:11:18,717] Trial 262 finished with value: 0.8606060606060606 and parameters: {'batch_size': 16, 'threshold': 0.99, 'attention_heads': 2, 'hidden_dimension': 32, 'number_of_hidden_layers': 0, 'dropout_rate': 0.3, 'learning_rate': 1e-05, 'weight_decay': 1e-05}. Best is trial 196 with value: 0.9030303030303031.
[I 2026-04-13 22:31:15,650] Trial 263 finished with value: 0.8848484848484849 and parameters: {'batch_size': 64, 'threshold': 0.9, 'attention_heads': 2, 'hidden_dimension': 32, 'number_of_hidden_layers': 0, 'dropout_rate': 0.3, 'learning_rate': 0.0003, 'weight_decay': 0.0001}. Best is trial 196 with value: 0.9030303030303031.
[I 2026-04-13 23:41:15,324] Trial 264 finished with value: 0.8848484848484849 and parameters: {'batch_size': 16, 'threshold': 0.95, 'attention_heads': 4, 'hidden_dimension': 32, 'number_of_hidden_layers': 1, 'dropout_rate': 0.1, 'learning_rate': 1e-05, 'weight_decay': 1e-05}. Best is trial 196 with value: 0.9030303030303031.
[I 2026-04-14 00:09:54,161] Trial 265 finished with value: 0.8787878787878788 and parameters: {'batch_size': 64, 'threshold': 0.9, 'attention_heads': 2, 'hidden_dimension': 32, 'number_of_hidden_layers': 1, 'dropout_rate': 0.3, 'learning_rate': 0.0001, 'weight_decay': 0.001}. Best is trial 196 with value: 0.9030303030303031.
CUDA out of memory. Tried to allocate 18.26 GiB. GPU 0 has a total capacity of 44.40 GiB of which 12.22 GiB is free. Including non-PyTorch memory, this process has 32.13 GiB memory in use. Of the allocated memory 31.53 GiB is allocated by PyTorch, and 57.68 MiB is reserved by PyTorch but unallocated. If reserved but unallocated memory is large try setting PYTORCH_CUDA_ALLOC_CONF=expandable_segments:True to avoid fragmentation.  See documentation for Memory Management  (https://pytorch.org/docs/stable/notes/cuda.html#environment-variables)
[I 2026-04-14 00:23:41,990] Trial 266 finished with value: -1.0 and parameters: {'batch_size': 16, 'threshold': 0.6, 'attention_heads': 6, 'hidden_dimension': 32, 'number_of_hidden_layers': 1, 'dropout_rate': 0.2, 'learning_rate': 0.001, 'weight_decay': 1e-05}. Best is trial 196 with value: 0.9030303030303031.
CUDA out of memory. Tried to allocate 18.26 GiB. GPU 0 has a total capacity of 44.40 GiB of which 12.23 GiB is free. Including non-PyTorch memory, this process has 32.13 GiB memory in use. Of the allocated memory 31.53 GiB is allocated by PyTorch, and 55.97 MiB is reserved by PyTorch but unallocated. If reserved but unallocated memory is large try setting PYTORCH_CUDA_ALLOC_CONF=expandable_segments:True to avoid fragmentation.  See documentation for Memory Management  (https://pytorch.org/docs/stable/notes/cuda.html#environment-variables)
[I 2026-04-14 00:37:23,433] Trial 267 finished with value: -1.0 and parameters: {'batch_size': 16, 'threshold': 0.6, 'attention_heads': 6, 'hidden_dimension': 32, 'number_of_hidden_layers': 0, 'dropout_rate': 0.3, 'learning_rate': 1e-05, 'weight_decay': 1e-06}. Best is trial 196 with value: 0.9030303030303031.
[I 2026-04-14 01:00:23,220] Trial 268 finished with value: 0.8787878787878788 and parameters: {'batch_size': 16, 'threshold': 0.8, 'attention_heads': 1, 'hidden_dimension': 32, 'number_of_hidden_layers': 1, 'dropout_rate': 0.2, 'learning_rate': 0.0001, 'weight_decay': 0.001}. Best is trial 196 with value: 0.9030303030303031.
[I 2026-04-14 02:51:32,272] Trial 269 finished with value: 0.8787878787878788 and parameters: {'batch_size': 16, 'threshold': 0.8, 'attention_heads': 4, 'hidden_dimension': 32, 'number_of_hidden_layers': 0, 'dropout_rate': 0.4, 'learning_rate': 1e-05, 'weight_decay': 0.0001}. Best is trial 196 with value: 0.9030303030303031.
[I 2026-04-14 03:12:03,966] Trial 270 finished with value: 0.8848484848484849 and parameters: {'batch_size': 32, 'threshold': 0.9, 'attention_heads': 2, 'hidden_dimension': 32, 'number_of_hidden_layers': 1, 'dropout_rate': 0.2, 'learning_rate': 0.0003, 'weight_decay': 0.0001}. Best is trial 196 with value: 0.9030303030303031.
CUDA out of memory. Tried to allocate 18.78 GiB. GPU 0 has a total capacity of 44.40 GiB of which 11.29 GiB is free. Including non-PyTorch memory, this process has 33.07 GiB memory in use. Of the allocated memory 32.48 GiB is allocated by PyTorch, and 43.85 MiB is reserved by PyTorch but unallocated. If reserved but unallocated memory is large try setting PYTORCH_CUDA_ALLOC_CONF=expandable_segments:True to avoid fragmentation.  See documentation for Memory Management  (https://pytorch.org/docs/stable/notes/cuda.html#environment-variables)
[I 2026-04-14 03:25:45,091] Trial 271 finished with value: -1.0 and parameters: {'batch_size': 32, 'threshold': 0.7, 'attention_heads': 2, 'hidden_dimension': 64, 'number_of_hidden_layers': 1, 'dropout_rate': 0.1, 'learning_rate': 1e-05, 'weight_decay': 0.0001}. Best is trial 196 with value: 0.9030303030303031.
CUDA out of memory. Tried to allocate 8.18 GiB. GPU 0 has a total capacity of 44.40 GiB of which 2.40 GiB is free. Including non-PyTorch memory, this process has 41.96 GiB memory in use. Of the allocated memory 41.37 GiB is allocated by PyTorch, and 42.78 MiB is reserved by PyTorch but unallocated. If reserved but unallocated memory is large try setting PYTORCH_CUDA_ALLOC_CONF=expandable_segments:True to avoid fragmentation.  See documentation for Memory Management  (https://pytorch.org/docs/stable/notes/cuda.html#environment-variables)
[I 2026-04-14 03:39:18,050] Trial 272 finished with value: -1.0 and parameters: {'batch_size': 16, 'threshold': 0.8, 'attention_heads': 4, 'hidden_dimension': 64, 'number_of_hidden_layers': 1, 'dropout_rate': 0.3, 'learning_rate': 1e-05, 'weight_decay': 1e-06}. Best is trial 196 with value: 0.9030303030303031.
[I 2026-04-14 04:13:48,668] Trial 273 finished with value: 0.8727272727272727 and parameters: {'batch_size': 16, 'threshold': 0.95, 'attention_heads': 1, 'hidden_dimension': 128, 'number_of_hidden_layers': 1, 'dropout_rate': 0.1, 'learning_rate': 1e-05, 'weight_decay': 0.001}. Best is trial 196 with value: 0.9030303030303031.
[I 2026-04-14 04:53:28,764] Trial 274 finished with value: 0.8909090909090909 and parameters: {'batch_size': 16, 'threshold': 0.8, 'attention_heads': 4, 'hidden_dimension': 32, 'number_of_hidden_layers': 1, 'dropout_rate': 0.4, 'learning_rate': 0.0001, 'weight_decay': 0.0001}. Best is trial 196 with value: 0.9030303030303031.
[I 2026-04-14 05:30:02,222] Trial 275 finished with value: 0.8666666666666667 and parameters: {'batch_size': 16, 'threshold': 0.8, 'attention_heads': 4, 'hidden_dimension': 32, 'number_of_hidden_layers': 1, 'dropout_rate': 0.4, 'learning_rate': 0.001, 'weight_decay': 0.0001}. Best is trial 196 with value: 0.9030303030303031.
CUDA out of memory. Tried to allocate 24.34 GiB. GPU 0 has a total capacity of 44.40 GiB of which 2.25 GiB is free. Including non-PyTorch memory, this process has 42.11 GiB memory in use. Of the allocated memory 41.52 GiB is allocated by PyTorch, and 47.13 MiB is reserved by PyTorch but unallocated. If reserved but unallocated memory is large try setting PYTORCH_CUDA_ALLOC_CONF=expandable_segments:True to avoid fragmentation.  See documentation for Memory Management  (https://pytorch.org/docs/stable/notes/cuda.html#environment-variables)
[I 2026-04-14 05:43:37,719] Trial 276 finished with value: -1.0 and parameters: {'batch_size': 16, 'threshold': 0.8, 'attention_heads': 8, 'hidden_dimension': 64, 'number_of_hidden_layers': 0, 'dropout_rate': 0.2, 'learning_rate': 0.0001, 'weight_decay': 0.001}. Best is trial 196 with value: 0.9030303030303031.
CUDA out of memory. Tried to allocate 8.18 GiB. GPU 0 has a total capacity of 44.40 GiB of which 2.46 GiB is free. Including non-PyTorch memory, this process has 41.90 GiB memory in use. Of the allocated memory 41.32 GiB is allocated by PyTorch, and 30.94 MiB is reserved by PyTorch but unallocated. If reserved but unallocated memory is large try setting PYTORCH_CUDA_ALLOC_CONF=expandable_segments:True to avoid fragmentation.  See documentation for Memory Management  (https://pytorch.org/docs/stable/notes/cuda.html#environment-variables)
[I 2026-04-14 05:57:12,023] Trial 277 finished with value: -1.0 and parameters: {'batch_size': 16, 'threshold': 0.8, 'attention_heads': 2, 'hidden_dimension': 128, 'number_of_hidden_layers': 2, 'dropout_rate': 0.2, 'learning_rate': 0.0001, 'weight_decay': 0.001}. Best is trial 196 with value: 0.9030303030303031.
CUDA out of memory. Tried to allocate 8.18 GiB. GPU 0 has a total capacity of 44.40 GiB of which 2.21 GiB is free. Including non-PyTorch memory, this process has 42.15 GiB memory in use. Of the allocated memory 41.56 GiB is allocated by PyTorch, and 42.52 MiB is reserved by PyTorch but unallocated. If reserved but unallocated memory is large try setting PYTORCH_CUDA_ALLOC_CONF=expandable_segments:True to avoid fragmentation.  See documentation for Memory Management  (https://pytorch.org/docs/stable/notes/cuda.html#environment-variables)
[I 2026-04-14 06:10:51,834] Trial 278 finished with value: -1.0 and parameters: {'batch_size': 16, 'threshold': 0.6, 'attention_heads': 4, 'hidden_dimension': 32, 'number_of_hidden_layers': 1, 'dropout_rate': 0.3, 'learning_rate': 0.0001, 'weight_decay': 0.0001}. Best is trial 196 with value: 0.9030303030303031.
[I 2026-04-14 06:10:52,637] Trial 279 pruned. Duplicate hyper-parameters, same as those used in trial 274: {'batch_size': 16, 'threshold': 0.8, 'attention_heads': 4, 'hidden_dimension': 32, 'number_of_hidden_layers': 1, 'dropout_rate': 0.4, 'learning_rate': 0.0001, 'weight_decay': 0.0001}.
[I 2026-04-14 06:52:27,438] Trial 280 finished with value: 0.8606060606060606 and parameters: {'batch_size': 16, 'threshold': 0.8, 'attention_heads': 4, 'hidden_dimension': 32, 'number_of_hidden_layers': 2, 'dropout_rate': 0.4, 'learning_rate': 0.0001, 'weight_decay': 0.001}. Best is trial 196 with value: 0.9030303030303031.
CUDA out of memory. Tried to allocate 12.15 GiB. GPU 0 has a total capacity of 44.40 GiB of which 5.20 GiB is free. Including non-PyTorch memory, this process has 39.16 GiB memory in use. Of the allocated memory 38.59 GiB is allocated by PyTorch, and 30.31 MiB is reserved by PyTorch but unallocated. If reserved but unallocated memory is large try setting PYTORCH_CUDA_ALLOC_CONF=expandable_segments:True to avoid fragmentation.  See documentation for Memory Management  (https://pytorch.org/docs/stable/notes/cuda.html#environment-variables)
[I 2026-04-14 07:06:07,692] Trial 281 finished with value: -1.0 and parameters: {'batch_size': 128, 'threshold': 0.8, 'attention_heads': 6, 'hidden_dimension': 32, 'number_of_hidden_layers': 1, 'dropout_rate': 0.4, 'learning_rate': 0.0001, 'weight_decay': 0.0001}. Best is trial 196 with value: 0.9030303030303031.
CUDA out of memory. Tried to allocate 18.23 GiB. GPU 0 has a total capacity of 44.40 GiB of which 10.61 GiB is free. Including non-PyTorch memory, this process has 33.73 GiB memory in use. Of the allocated memory 33.14 GiB is allocated by PyTorch, and 48.69 MiB is reserved by PyTorch but unallocated. If reserved but unallocated memory is large try setting PYTORCH_CUDA_ALLOC_CONF=expandable_segments:True to avoid fragmentation.  See documentation for Memory Management  (https://pytorch.org/docs/stable/notes/cuda.html#environment-variables)
[I 2026-04-14 07:20:01,643] Trial 282 finished with value: -1.0 and parameters: {'batch_size': 128, 'threshold': 0.7, 'attention_heads': 1, 'hidden_dimension': 32, 'number_of_hidden_layers': 0, 'dropout_rate': 0.3, 'learning_rate': 0.001, 'weight_decay': 1e-06}. Best is trial 196 with value: 0.9030303030303031.
CUDA out of memory. Tried to allocate 8.18 GiB. GPU 0 has a total capacity of 44.40 GiB of which 2.19 GiB is free. Including non-PyTorch memory, this process has 42.15 GiB memory in use. Of the allocated memory 41.56 GiB is allocated by PyTorch, and 42.66 MiB is reserved by PyTorch but unallocated. If reserved but unallocated memory is large try setting PYTORCH_CUDA_ALLOC_CONF=expandable_segments:True to avoid fragmentation.  See documentation for Memory Management  (https://pytorch.org/docs/stable/notes/cuda.html#environment-variables)
[I 2026-04-14 07:33:49,135] Trial 283 finished with value: -1.0 and parameters: {'batch_size': 16, 'threshold': 0.6, 'attention_heads': 4, 'hidden_dimension': 32, 'number_of_hidden_layers': 0, 'dropout_rate': 0.2, 'learning_rate': 0.0001, 'weight_decay': 1e-06}. Best is trial 196 with value: 0.9030303030303031.
CUDA out of memory. Tried to allocate 24.30 GiB. GPU 0 has a total capacity of 44.40 GiB of which 864.31 MiB is free. Including non-PyTorch memory, this process has 43.50 GiB memory in use. Of the allocated memory 42.91 GiB is allocated by PyTorch, and 45.82 MiB is reserved by PyTorch but unallocated. If reserved but unallocated memory is large try setting PYTORCH_CUDA_ALLOC_CONF=expandable_segments:True to avoid fragmentation.  See documentation for Memory Management  (https://pytorch.org/docs/stable/notes/cuda.html#environment-variables)
[I 2026-04-14 07:47:38,631] Trial 284 finished with value: -1.0 and parameters: {'batch_size': 128, 'threshold': 0.8, 'attention_heads': 2, 'hidden_dimension': 32, 'number_of_hidden_layers': 0, 'dropout_rate': 0.2, 'learning_rate': 0.001, 'weight_decay': 0.001}. Best is trial 196 with value: 0.9030303030303031.
CUDA out of memory. Tried to allocate 25.04 GiB. GPU 0 has a total capacity of 44.40 GiB of which 902.31 MiB is free. Including non-PyTorch memory, this process has 43.46 GiB memory in use. Of the allocated memory 42.87 GiB is allocated by PyTorch, and 43.37 MiB is reserved by PyTorch but unallocated. If reserved but unallocated memory is large try setting PYTORCH_CUDA_ALLOC_CONF=expandable_segments:True to avoid fragmentation.  See documentation for Memory Management  (https://pytorch.org/docs/stable/notes/cuda.html#environment-variables)
[I 2026-04-14 08:01:14,565] Trial 285 finished with value: -1.0 and parameters: {'batch_size': 32, 'threshold': 0.9, 'attention_heads': 8, 'hidden_dimension': 64, 'number_of_hidden_layers': 1, 'dropout_rate': 0.1, 'learning_rate': 0.001, 'weight_decay': 0.0001}. Best is trial 196 with value: 0.9030303030303031.
[I 2026-04-14 08:26:53,902] Trial 286 finished with value: 0.8909090909090909 and parameters: {'batch_size': 64, 'threshold': 0.95, 'attention_heads': 2, 'hidden_dimension': 32, 'number_of_hidden_layers': 2, 'dropout_rate': 0.3, 'learning_rate': 0.0001, 'weight_decay': 0.001}. Best is trial 196 with value: 0.9030303030303031.
[I 2026-04-14 08:26:54,817] Trial 287 pruned. Duplicate hyper-parameters, same as those used in trial 286: {'batch_size': 64, 'threshold': 0.95, 'attention_heads': 2, 'hidden_dimension': 32, 'number_of_hidden_layers': 2, 'dropout_rate': 0.3, 'learning_rate': 0.0001, 'weight_decay': 0.001}.
[I 2026-04-14 08:58:47,239] Trial 288 finished with value: 0.8848484848484849 and parameters: {'batch_size': 32, 'threshold': 0.9, 'attention_heads': 4, 'hidden_dimension': 32, 'number_of_hidden_layers': 0, 'dropout_rate': 0.3, 'learning_rate': 0.0001, 'weight_decay': 0.001}. Best is trial 196 with value: 0.9030303030303031.
CUDA out of memory. Tried to allocate 24.30 GiB. GPU 0 has a total capacity of 44.40 GiB of which 1.04 GiB is free. Including non-PyTorch memory, this process has 43.30 GiB memory in use. Of the allocated memory 42.72 GiB is allocated by PyTorch, and 40.19 MiB is reserved by PyTorch but unallocated. If reserved but unallocated memory is large try setting PYTORCH_CUDA_ALLOC_CONF=expandable_segments:True to avoid fragmentation.  See documentation for Memory Management  (https://pytorch.org/docs/stable/notes/cuda.html#environment-variables)
[I 2026-04-14 09:12:33,895] Trial 289 finished with value: -1.0 and parameters: {'batch_size': 128, 'threshold': 0.8, 'attention_heads': 1, 'hidden_dimension': 64, 'number_of_hidden_layers': 1, 'dropout_rate': 0.1, 'learning_rate': 1e-05, 'weight_decay': 0.0001}. Best is trial 196 with value: 0.9030303030303031.
[I 2026-04-14 09:34:14,030] Trial 290 finished with value: 0.8727272727272727 and parameters: {'batch_size': 32, 'threshold': 0.8, 'attention_heads': 1, 'hidden_dimension': 32, 'number_of_hidden_layers': 1, 'dropout_rate': 0.4, 'learning_rate': 0.0003, 'weight_decay': 0.001}. Best is trial 196 with value: 0.9030303030303031.
[I 2026-04-14 10:03:18,548] Trial 291 finished with value: 0.8848484848484849 and parameters: {'batch_size': 16, 'threshold': 0.8, 'attention_heads': 1, 'hidden_dimension': 64, 'number_of_hidden_layers': 1, 'dropout_rate': 0.1, 'learning_rate': 0.001, 'weight_decay': 0.001}. Best is trial 196 with value: 0.9030303030303031.
[I 2026-04-14 10:32:03,534] Trial 292 finished with value: 0.8909090909090909 and parameters: {'batch_size': 32, 'threshold': 0.8, 'attention_heads': 1, 'hidden_dimension': 64, 'number_of_hidden_layers': 1, 'dropout_rate': 0.1, 'learning_rate': 0.0001, 'weight_decay': 1e-05}. Best is trial 196 with value: 0.9030303030303031.
CUDA out of memory. Tried to allocate 6.29 GiB. GPU 0 has a total capacity of 44.40 GiB of which 1.10 GiB is free. Including non-PyTorch memory, this process has 43.25 GiB memory in use. Of the allocated memory 42.57 GiB is allocated by PyTorch, and 128.60 MiB is reserved by PyTorch but unallocated. If reserved but unallocated memory is large try setting PYTORCH_CUDA_ALLOC_CONF=expandable_segments:True to avoid fragmentation.  See documentation for Memory Management  (https://pytorch.org/docs/stable/notes/cuda.html#environment-variables)
[I 2026-04-14 10:45:48,086] Trial 293 finished with value: -1.0 and parameters: {'batch_size': 64, 'threshold': 0.95, 'attention_heads': 6, 'hidden_dimension': 32, 'number_of_hidden_layers': 2, 'dropout_rate': 0.3, 'learning_rate': 0.0001, 'weight_decay': 0.0001}. Best is trial 196 with value: 0.9030303030303031.
[I 2026-04-14 11:05:13,403] Trial 294 finished with value: 0.8848484848484849 and parameters: {'batch_size': 64, 'threshold': 0.9, 'attention_heads': 1, 'hidden_dimension': 32, 'number_of_hidden_layers': 1, 'dropout_rate': 0.3, 'learning_rate': 0.0003, 'weight_decay': 0.001}. Best is trial 196 with value: 0.9030303030303031.
CUDA out of memory. Tried to allocate 8.35 GiB. GPU 0 has a total capacity of 44.40 GiB of which 1.04 GiB is free. Including non-PyTorch memory, this process has 43.30 GiB memory in use. Of the allocated memory 42.73 GiB is allocated by PyTorch, and 26.05 MiB is reserved by PyTorch but unallocated. If reserved but unallocated memory is large try setting PYTORCH_CUDA_ALLOC_CONF=expandable_segments:True to avoid fragmentation.  See documentation for Memory Management  (https://pytorch.org/docs/stable/notes/cuda.html#environment-variables)
[I 2026-04-14 11:19:30,958] Trial 295 finished with value: -1.0 and parameters: {'batch_size': 32, 'threshold': 0.8, 'attention_heads': 8, 'hidden_dimension': 64, 'number_of_hidden_layers': 1, 'dropout_rate': 0.1, 'learning_rate': 0.0001, 'weight_decay': 1e-05}. Best is trial 196 with value: 0.9030303030303031.
[I 2026-04-14 11:19:31,903] Trial 296 pruned. Duplicate hyper-parameters, same as those used in trial 292: {'batch_size': 32, 'threshold': 0.8, 'attention_heads': 1, 'hidden_dimension': 64, 'number_of_hidden_layers': 1, 'dropout_rate': 0.1, 'learning_rate': 0.0001, 'weight_decay': 1e-05}.
CUDA out of memory. Tried to allocate 8.18 GiB. GPU 0 has a total capacity of 44.40 GiB of which 2.19 GiB is free. Including non-PyTorch memory, this process has 42.15 GiB memory in use. Of the allocated memory 41.56 GiB is allocated by PyTorch, and 42.39 MiB is reserved by PyTorch but unallocated. If reserved but unallocated memory is large try setting PYTORCH_CUDA_ALLOC_CONF=expandable_segments:True to avoid fragmentation.  See documentation for Memory Management  (https://pytorch.org/docs/stable/notes/cuda.html#environment-variables)
[I 2026-04-14 11:33:49,376] Trial 297 finished with value: -1.0 and parameters: {'batch_size': 16, 'threshold': 0.6, 'attention_heads': 4, 'hidden_dimension': 32, 'number_of_hidden_layers': 2, 'dropout_rate': 0.3, 'learning_rate': 1e-05, 'weight_decay': 0.001}. Best is trial 196 with value: 0.9030303030303031.
[I 2026-04-14 12:19:28,966] Trial 298 finished with value: 0.8848484848484849 and parameters: {'batch_size': 16, 'threshold': 0.9, 'attention_heads': 8, 'hidden_dimension': 32, 'number_of_hidden_layers': 2, 'dropout_rate': 0.3, 'learning_rate': 0.0001, 'weight_decay': 0.001}. Best is trial 196 with value: 0.9030303030303031.
CUDA out of memory. Tried to allocate 24.90 GiB. GPU 0 has a total capacity of 44.40 GiB of which 84.31 MiB is free. Including non-PyTorch memory, this process has 44.26 GiB memory in use. Of the allocated memory 43.67 GiB is allocated by PyTorch, and 46.76 MiB is reserved by PyTorch but unallocated. If reserved but unallocated memory is large try setting PYTORCH_CUDA_ALLOC_CONF=expandable_segments:True to avoid fragmentation.  See documentation for Memory Management  (https://pytorch.org/docs/stable/notes/cuda.html#environment-variables)
[I 2026-04-14 12:33:22,437] Trial 299 finished with value: -1.0 and parameters: {'batch_size': 64, 'threshold': 0.6, 'attention_heads': 2, 'hidden_dimension': 32, 'number_of_hidden_layers': 1, 'dropout_rate': 0.1, 'learning_rate': 0.0001, 'weight_decay': 1e-05}. Best is trial 196 with value: 0.9030303030303031.
[I 2026-04-14 13:18:45,777] Trial 300 finished with value: 0.8666666666666667 and parameters: {'batch_size': 16, 'threshold': 0.6, 'attention_heads': 2, 'hidden_dimension': 32, 'number_of_hidden_layers': 2, 'dropout_rate': 0.4, 'learning_rate': 0.0001, 'weight_decay': 0.001}. Best is trial 196 with value: 0.9030303030303031.
[I 2026-04-14 13:55:05,456] Trial 301 finished with value: 0.8848484848484849 and parameters: {'batch_size': 16, 'threshold': 0.6, 'attention_heads': 2, 'hidden_dimension': 32, 'number_of_hidden_layers': 1, 'dropout_rate': 0.4, 'learning_rate': 0.001, 'weight_decay': 0.001}. Best is trial 196 with value: 0.9030303030303031.
