SLURM NODE: kn053
[I 2026-02-26 05:36:51,187] Using an existing study with name 'Ohsumed-Attention_distillation' instead of creating a new one.
Last trial state: 0
Enqueuing hyper-parameters: {'batch_size': 32, 'threshold': 0.95, 'attention_heads': 4, 'hidden_dimension': 128, 'number_of_hidden_layers': 0, 'dropout_rate': 0.1, 'learning_rate': 1e-05, 'weight_decay': 0.001}
[I 2026-02-26 06:55:31,208] Trial 37 finished with value: 0.6383982149364447 and parameters: {'batch_size': 32, 'threshold': 0.95, 'attention_heads': 4, 'hidden_dimension': 128, 'number_of_hidden_layers': 0, 'dropout_rate': 0.1, 'learning_rate': 1e-05, 'weight_decay': 0.001}. Best is trial 2 with value: 0.6590362848526974.
[I 2026-02-26 06:55:31,755] Trial 38 pruned. Duplicate hyper-parameters, same as those used in trial 0: {'batch_size': 32, 'threshold': 0.9, 'attention_heads': 2, 'hidden_dimension': 128, 'number_of_hidden_layers': 2, 'dropout_rate': 0.4, 'learning_rate': 1e-05, 'weight_decay': 1e-05}.
[I 2026-02-26 06:55:32,277] Trial 39 pruned. Duplicate hyper-parameters, same as those used in trial 1: {'batch_size': 32, 'threshold': 0.7, 'attention_heads': 1, 'hidden_dimension': 128, 'number_of_hidden_layers': 1, 'dropout_rate': 0.2, 'learning_rate': 0.0003, 'weight_decay': 1e-06}.
[I 2026-02-26 06:55:32,759] Trial 40 pruned. Duplicate hyper-parameters, same as those used in trial 2: {'batch_size': 128, 'threshold': 0.9, 'attention_heads': 8, 'hidden_dimension': 32, 'number_of_hidden_layers': 2, 'dropout_rate': 0.2, 'learning_rate': 0.001, 'weight_decay': 1e-05}.
[I 2026-02-26 06:55:33,260] Trial 41 pruned. Duplicate hyper-parameters, same as those used in trial 3: {'batch_size': 64, 'threshold': 0.7, 'attention_heads': 6, 'hidden_dimension': 64, 'number_of_hidden_layers': 1, 'dropout_rate': 0.2, 'learning_rate': 0.001, 'weight_decay': 1e-05}.
[I 2026-02-26 06:55:33,762] Trial 42 pruned. Duplicate hyper-parameters, same as those used in trial 4: {'batch_size': 64, 'threshold': 0.9, 'attention_heads': 8, 'hidden_dimension': 32, 'number_of_hidden_layers': 0, 'dropout_rate': 0.2, 'learning_rate': 1e-05, 'weight_decay': 1e-05}.
[I 2026-02-26 06:55:34,306] Trial 43 pruned. Duplicate hyper-parameters, same as those used in trial 5: {'batch_size': 16, 'threshold': 0.7, 'attention_heads': 6, 'hidden_dimension': 128, 'number_of_hidden_layers': 0, 'dropout_rate': 0.1, 'learning_rate': 0.0003, 'weight_decay': 0.001}.
[I 2026-02-26 06:55:34,794] Trial 44 pruned. Duplicate hyper-parameters, same as those used in trial 6: {'batch_size': 16, 'threshold': 0.7, 'attention_heads': 6, 'hidden_dimension': 64, 'number_of_hidden_layers': 1, 'dropout_rate': 0.1, 'learning_rate': 0.001, 'weight_decay': 1e-05}.
[I 2026-02-26 06:55:35,275] Trial 45 pruned. Duplicate hyper-parameters, same as those used in trial 7: {'batch_size': 32, 'threshold': 0.99, 'attention_heads': 1, 'hidden_dimension': 64, 'number_of_hidden_layers': 0, 'dropout_rate': 0.1, 'learning_rate': 1e-05, 'weight_decay': 1e-05}.
[I 2026-02-26 06:55:35,835] Trial 46 pruned. Duplicate hyper-parameters, same as those used in trial 8: {'batch_size': 16, 'threshold': 0.99, 'attention_heads': 4, 'hidden_dimension': 64, 'number_of_hidden_layers': 2, 'dropout_rate': 0.3, 'learning_rate': 0.001, 'weight_decay': 0.001}.
[I 2026-02-26 06:55:36,440] Trial 47 pruned. Duplicate hyper-parameters, same as those used in trial 9: {'batch_size': 32, 'threshold': 0.95, 'attention_heads': 2, 'hidden_dimension': 64, 'number_of_hidden_layers': 0, 'dropout_rate': 0.4, 'learning_rate': 0.0003, 'weight_decay': 1e-05}.
[I 2026-02-26 06:55:37,082] Trial 48 pruned. Duplicate hyper-parameters, same as those used in trial 10: {'batch_size': 32, 'threshold': 0.8, 'attention_heads': 1, 'hidden_dimension': 64, 'number_of_hidden_layers': 1, 'dropout_rate': 0.1, 'learning_rate': 0.001, 'weight_decay': 0.0001}.
[I 2026-02-26 06:55:37,628] Trial 49 pruned. Duplicate hyper-parameters, same as those used in trial 11: {'batch_size': 128, 'threshold': 0.6, 'attention_heads': 6, 'hidden_dimension': 32, 'number_of_hidden_layers': 2, 'dropout_rate': 0.2, 'learning_rate': 0.0003, 'weight_decay': 0.001}.
[I 2026-02-26 06:55:38,222] Trial 50 pruned. Duplicate hyper-parameters, same as those used in trial 12: {'batch_size': 16, 'threshold': 0.7, 'attention_heads': 4, 'hidden_dimension': 64, 'number_of_hidden_layers': 0, 'dropout_rate': 0.4, 'learning_rate': 1e-05, 'weight_decay': 0.0001}.
[I 2026-02-26 06:55:38,822] Trial 51 pruned. Duplicate hyper-parameters, same as those used in trial 13: {'batch_size': 64, 'threshold': 0.95, 'attention_heads': 4, 'hidden_dimension': 128, 'number_of_hidden_layers': 0, 'dropout_rate': 0.4, 'learning_rate': 0.0001, 'weight_decay': 0.001}.
[I 2026-02-26 06:55:39,399] Trial 52 pruned. Duplicate hyper-parameters, same as those used in trial 14: {'batch_size': 64, 'threshold': 0.99, 'attention_heads': 6, 'hidden_dimension': 64, 'number_of_hidden_layers': 1, 'dropout_rate': 0.3, 'learning_rate': 0.0001, 'weight_decay': 1e-06}.
[I 2026-02-26 06:55:40,042] Trial 53 pruned. Duplicate hyper-parameters, same as those used in trial 15: {'batch_size': 128, 'threshold': 0.6, 'attention_heads': 6, 'hidden_dimension': 128, 'number_of_hidden_layers': 0, 'dropout_rate': 0.3, 'learning_rate': 0.0003, 'weight_decay': 1e-06}.
[I 2026-02-26 06:55:40,880] Trial 54 pruned. Duplicate hyper-parameters, same as those used in trial 16: {'batch_size': 128, 'threshold': 0.6, 'attention_heads': 4, 'hidden_dimension': 32, 'number_of_hidden_layers': 1, 'dropout_rate': 0.3, 'learning_rate': 0.0001, 'weight_decay': 1e-05}.
[I 2026-02-26 06:55:41,457] Trial 55 pruned. Duplicate hyper-parameters, same as those used in trial 17: {'batch_size': 128, 'threshold': 0.9, 'attention_heads': 8, 'hidden_dimension': 64, 'number_of_hidden_layers': 2, 'dropout_rate': 0.3, 'learning_rate': 0.001, 'weight_decay': 1e-05}.
[I 2026-02-26 06:55:42,007] Trial 56 pruned. Duplicate hyper-parameters, same as those used in trial 18: {'batch_size': 16, 'threshold': 0.9, 'attention_heads': 8, 'hidden_dimension': 128, 'number_of_hidden_layers': 2, 'dropout_rate': 0.1, 'learning_rate': 1e-05, 'weight_decay': 1e-05}.
[I 2026-02-26 06:55:42,573] Trial 57 pruned. Duplicate hyper-parameters, same as those used in trial 19: {'batch_size': 16, 'threshold': 0.6, 'attention_heads': 4, 'hidden_dimension': 64, 'number_of_hidden_layers': 0, 'dropout_rate': 0.1, 'learning_rate': 0.0001, 'weight_decay': 0.0001}.
[I 2026-02-26 06:55:43,177] Trial 58 pruned. Duplicate hyper-parameters, same as those used in trial 20: {'batch_size': 32, 'threshold': 0.99, 'attention_heads': 2, 'hidden_dimension': 32, 'number_of_hidden_layers': 0, 'dropout_rate': 0.4, 'learning_rate': 0.001, 'weight_decay': 0.001}.
[I 2026-02-26 06:55:43,780] Trial 59 pruned. Duplicate hyper-parameters, same as those used in trial 21: {'batch_size': 64, 'threshold': 0.6, 'attention_heads': 4, 'hidden_dimension': 128, 'number_of_hidden_layers': 0, 'dropout_rate': 0.4, 'learning_rate': 0.0003, 'weight_decay': 0.001}.
[I 2026-02-26 06:55:44,366] Trial 60 pruned. Duplicate hyper-parameters, same as those used in trial 22: {'batch_size': 32, 'threshold': 0.99, 'attention_heads': 2, 'hidden_dimension': 64, 'number_of_hidden_layers': 1, 'dropout_rate': 0.2, 'learning_rate': 1e-05, 'weight_decay': 0.001}.
[I 2026-02-26 06:55:44,918] Trial 61 pruned. Duplicate hyper-parameters, same as those used in trial 23: {'batch_size': 16, 'threshold': 0.95, 'attention_heads': 4, 'hidden_dimension': 32, 'number_of_hidden_layers': 0, 'dropout_rate': 0.1, 'learning_rate': 0.0001, 'weight_decay': 1e-05}.
[I 2026-02-26 06:55:45,530] Trial 62 pruned. Duplicate hyper-parameters, same as those used in trial 24: {'batch_size': 128, 'threshold': 0.6, 'attention_heads': 8, 'hidden_dimension': 32, 'number_of_hidden_layers': 0, 'dropout_rate': 0.1, 'learning_rate': 0.001, 'weight_decay': 0.001}.
[I 2026-02-26 06:55:46,092] Trial 63 pruned. Duplicate hyper-parameters, same as those used in trial 25: {'batch_size': 16, 'threshold': 0.99, 'attention_heads': 2, 'hidden_dimension': 64, 'number_of_hidden_layers': 0, 'dropout_rate': 0.2, 'learning_rate': 0.001, 'weight_decay': 0.001}.
[I 2026-02-26 06:55:46,634] Trial 64 pruned. Duplicate hyper-parameters, same as those used in trial 26: {'batch_size': 64, 'threshold': 0.9, 'attention_heads': 2, 'hidden_dimension': 32, 'number_of_hidden_layers': 0, 'dropout_rate': 0.3, 'learning_rate': 0.0001, 'weight_decay': 0.001}.
[I 2026-02-26 06:55:47,262] Trial 65 pruned. Duplicate hyper-parameters, same as those used in trial 27: {'batch_size': 16, 'threshold': 0.8, 'attention_heads': 8, 'hidden_dimension': 32, 'number_of_hidden_layers': 1, 'dropout_rate': 0.1, 'learning_rate': 0.0001, 'weight_decay': 0.0001}.
[I 2026-02-26 06:55:47,833] Trial 66 pruned. Duplicate hyper-parameters, same as those used in trial 28: {'batch_size': 128, 'threshold': 0.95, 'attention_heads': 6, 'hidden_dimension': 32, 'number_of_hidden_layers': 1, 'dropout_rate': 0.3, 'learning_rate': 0.0003, 'weight_decay': 1e-06}.
[I 2026-02-26 06:55:48,425] Trial 67 pruned. Duplicate hyper-parameters, same as those used in trial 29: {'batch_size': 64, 'threshold': 0.99, 'attention_heads': 8, 'hidden_dimension': 32, 'number_of_hidden_layers': 1, 'dropout_rate': 0.4, 'learning_rate': 0.0003, 'weight_decay': 0.001}.
[I 2026-02-26 06:55:48,956] Trial 68 pruned. Duplicate hyper-parameters, same as those used in trial 30: {'batch_size': 16, 'threshold': 0.95, 'attention_heads': 4, 'hidden_dimension': 128, 'number_of_hidden_layers': 1, 'dropout_rate': 0.1, 'learning_rate': 1e-05, 'weight_decay': 0.001}.
[I 2026-02-26 06:55:49,514] Trial 69 pruned. Duplicate hyper-parameters, same as those used in trial 31: {'batch_size': 16, 'threshold': 0.6, 'attention_heads': 8, 'hidden_dimension': 128, 'number_of_hidden_layers': 0, 'dropout_rate': 0.1, 'learning_rate': 0.0003, 'weight_decay': 0.0001}.
[I 2026-02-26 06:55:50,175] Trial 70 pruned. Duplicate hyper-parameters, same as those used in trial 32: {'batch_size': 16, 'threshold': 0.7, 'attention_heads': 4, 'hidden_dimension': 32, 'number_of_hidden_layers': 0, 'dropout_rate': 0.3, 'learning_rate': 0.001, 'weight_decay': 0.001}.
[I 2026-02-26 06:55:50,735] Trial 71 pruned. Duplicate hyper-parameters, same as those used in trial 33: {'batch_size': 32, 'threshold': 0.99, 'attention_heads': 4, 'hidden_dimension': 32, 'number_of_hidden_layers': 0, 'dropout_rate': 0.1, 'learning_rate': 0.001, 'weight_decay': 0.001}.
[I 2026-02-26 06:55:51,324] Trial 72 pruned. Duplicate hyper-parameters, same as those used in trial 34: {'batch_size': 16, 'threshold': 0.95, 'attention_heads': 8, 'hidden_dimension': 128, 'number_of_hidden_layers': 0, 'dropout_rate': 0.3, 'learning_rate': 0.0003, 'weight_decay': 1e-06}.
[I 2026-02-26 06:55:51,914] Trial 73 pruned. Duplicate hyper-parameters, same as those used in trial 35: {'batch_size': 64, 'threshold': 0.7, 'attention_heads': 2, 'hidden_dimension': 64, 'number_of_hidden_layers': 1, 'dropout_rate': 0.1, 'learning_rate': 1e-05, 'weight_decay': 1e-05}.
[I 2026-02-26 06:55:52,501] Trial 74 pruned. Duplicate hyper-parameters, same as those used in trial 37: {'batch_size': 32, 'threshold': 0.95, 'attention_heads': 4, 'hidden_dimension': 128, 'number_of_hidden_layers': 0, 'dropout_rate': 0.1, 'learning_rate': 1e-05, 'weight_decay': 0.001}.
CUDA out of memory. Tried to allocate 7.06 GiB. GPU 0 has a total capacity of 44.40 GiB of which 2.44 GiB is free. Including non-PyTorch memory, this process has 41.96 GiB memory in use. Of the allocated memory 41.34 GiB is allocated by PyTorch, and 69.95 MiB is reserved by PyTorch but unallocated. If reserved but unallocated memory is large try setting PYTORCH_CUDA_ALLOC_CONF=expandable_segments:True to avoid fragmentation.  See documentation for Memory Management  (https://pytorch.org/docs/stable/notes/cuda.html#environment-variables)
[I 2026-02-26 07:20:47,734] Trial 75 finished with value: -1.0 and parameters: {'batch_size': 64, 'threshold': 0.9, 'attention_heads': 6, 'hidden_dimension': 128, 'number_of_hidden_layers': 1, 'dropout_rate': 0.2, 'learning_rate': 0.0003, 'weight_decay': 1e-06}. Best is trial 2 with value: 0.6590362848526974.
[I 2026-02-26 08:41:16,910] Trial 76 finished with value: 0.6087766022272919 and parameters: {'batch_size': 16, 'threshold': 0.9, 'attention_heads': 8, 'hidden_dimension': 128, 'number_of_hidden_layers': 0, 'dropout_rate': 0.3, 'learning_rate': 0.0003, 'weight_decay': 0.0001}. Best is trial 2 with value: 0.6590362848526974.
CUDA out of memory. Tried to allocate 28.67 GiB. GPU 0 has a total capacity of 44.40 GiB of which 23.49 GiB is free. Including non-PyTorch memory, this process has 20.90 GiB memory in use. Of the allocated memory 20.30 GiB is allocated by PyTorch, and 51.03 MiB is reserved by PyTorch but unallocated. If reserved but unallocated memory is large try setting PYTORCH_CUDA_ALLOC_CONF=expandable_segments:True to avoid fragmentation.  See documentation for Memory Management  (https://pytorch.org/docs/stable/notes/cuda.html#environment-variables)
[I 2026-02-26 09:07:02,004] Trial 77 finished with value: -1.0 and parameters: {'batch_size': 128, 'threshold': 0.9, 'attention_heads': 8, 'hidden_dimension': 128, 'number_of_hidden_layers': 0, 'dropout_rate': 0.4, 'learning_rate': 0.0001, 'weight_decay': 1e-05}. Best is trial 2 with value: 0.6590362848526974.
CUDA out of memory. Tried to allocate 41.96 GiB. GPU 0 has a total capacity of 44.40 GiB of which 14.84 GiB is free. Including non-PyTorch memory, this process has 29.55 GiB memory in use. Of the allocated memory 28.97 GiB is allocated by PyTorch, and 35.06 MiB is reserved by PyTorch but unallocated. If reserved but unallocated memory is large try setting PYTORCH_CUDA_ALLOC_CONF=expandable_segments:True to avoid fragmentation.  See documentation for Memory Management  (https://pytorch.org/docs/stable/notes/cuda.html#environment-variables)
[I 2026-02-26 09:33:28,970] Trial 78 finished with value: -1.0 and parameters: {'batch_size': 64, 'threshold': 0.6, 'attention_heads': 6, 'hidden_dimension': 128, 'number_of_hidden_layers': 2, 'dropout_rate': 0.2, 'learning_rate': 0.001, 'weight_decay': 1e-05}. Best is trial 2 with value: 0.6590362848526974.
CUDA out of memory. Tried to allocate 28.67 GiB. GPU 0 has a total capacity of 44.40 GiB of which 23.47 GiB is free. Including non-PyTorch memory, this process has 20.92 GiB memory in use. Of the allocated memory 20.31 GiB is allocated by PyTorch, and 62.96 MiB is reserved by PyTorch but unallocated. If reserved but unallocated memory is large try setting PYTORCH_CUDA_ALLOC_CONF=expandable_segments:True to avoid fragmentation.  See documentation for Memory Management  (https://pytorch.org/docs/stable/notes/cuda.html#environment-variables)
[I 2026-02-26 09:59:44,677] Trial 79 finished with value: -1.0 and parameters: {'batch_size': 128, 'threshold': 0.9, 'attention_heads': 8, 'hidden_dimension': 128, 'number_of_hidden_layers': 1, 'dropout_rate': 0.2, 'learning_rate': 0.0001, 'weight_decay': 1e-06}. Best is trial 2 with value: 0.6590362848526974.
[I 2026-02-26 10:37:13,466] Trial 80 finished with value: 0.632063297860043 and parameters: {'batch_size': 64, 'threshold': 0.99, 'attention_heads': 6, 'hidden_dimension': 128, 'number_of_hidden_layers': 2, 'dropout_rate': 0.3, 'learning_rate': 0.001, 'weight_decay': 1e-06}. Best is trial 2 with value: 0.6590362848526974.
[I 2026-02-26 12:17:20,127] Trial 81 finished with value: 0.6189633021903156 and parameters: {'batch_size': 16, 'threshold': 0.7, 'attention_heads': 1, 'hidden_dimension': 128, 'number_of_hidden_layers': 0, 'dropout_rate': 0.1, 'learning_rate': 1e-05, 'weight_decay': 1e-06}. Best is trial 2 with value: 0.6590362848526974.
CUDA out of memory. Tried to allocate 28.67 GiB. GPU 0 has a total capacity of 44.40 GiB of which 23.45 GiB is free. Including non-PyTorch memory, this process has 20.94 GiB memory in use. Of the allocated memory 20.32 GiB is allocated by PyTorch, and 78.66 MiB is reserved by PyTorch but unallocated. If reserved but unallocated memory is large try setting PYTORCH_CUDA_ALLOC_CONF=expandable_segments:True to avoid fragmentation.  See documentation for Memory Management  (https://pytorch.org/docs/stable/notes/cuda.html#environment-variables)
[I 2026-02-26 12:43:39,549] Trial 82 finished with value: -1.0 and parameters: {'batch_size': 128, 'threshold': 0.6, 'attention_heads': 4, 'hidden_dimension': 64, 'number_of_hidden_layers': 2, 'dropout_rate': 0.4, 'learning_rate': 0.001, 'weight_decay': 1e-05}. Best is trial 2 with value: 0.6590362848526974.
[I 2026-02-26 13:17:35,234] Trial 83 finished with value: 0.634716240745491 and parameters: {'batch_size': 64, 'threshold': 0.99, 'attention_heads': 8, 'hidden_dimension': 32, 'number_of_hidden_layers': 2, 'dropout_rate': 0.4, 'learning_rate': 0.0003, 'weight_decay': 0.001}. Best is trial 2 with value: 0.6590362848526974.
[I 2026-02-26 14:03:54,233] Trial 84 finished with value: 0.6335609623175477 and parameters: {'batch_size': 128, 'threshold': 0.8, 'attention_heads': 1, 'hidden_dimension': 64, 'number_of_hidden_layers': 1, 'dropout_rate': 0.2, 'learning_rate': 0.0001, 'weight_decay': 0.001}. Best is trial 2 with value: 0.6590362848526974.
[I 2026-02-26 14:46:23,744] Trial 85 finished with value: 0.652292196028774 and parameters: {'batch_size': 64, 'threshold': 0.95, 'attention_heads': 6, 'hidden_dimension': 32, 'number_of_hidden_layers': 1, 'dropout_rate': 0.2, 'learning_rate': 0.0001, 'weight_decay': 0.0001}. Best is trial 2 with value: 0.6590362848526974.
[I 2026-02-26 15:37:03,701] Trial 86 finished with value: 0.6278018870508675 and parameters: {'batch_size': 16, 'threshold': 0.9, 'attention_heads': 1, 'hidden_dimension': 32, 'number_of_hidden_layers': 1, 'dropout_rate': 0.3, 'learning_rate': 0.0001, 'weight_decay': 0.001}. Best is trial 2 with value: 0.6590362848526974.
CUDA out of memory. Tried to allocate 20.98 GiB. GPU 0 has a total capacity of 44.40 GiB of which 7.97 GiB is free. Including non-PyTorch memory, this process has 36.41 GiB memory in use. Of the allocated memory 35.81 GiB is allocated by PyTorch, and 57.25 MiB is reserved by PyTorch but unallocated. If reserved but unallocated memory is large try setting PYTORCH_CUDA_ALLOC_CONF=expandable_segments:True to avoid fragmentation.  See documentation for Memory Management  (https://pytorch.org/docs/stable/notes/cuda.html#environment-variables)
[I 2026-02-26 16:03:57,354] Trial 87 finished with value: -1.0 and parameters: {'batch_size': 64, 'threshold': 0.8, 'attention_heads': 6, 'hidden_dimension': 128, 'number_of_hidden_layers': 1, 'dropout_rate': 0.1, 'learning_rate': 0.001, 'weight_decay': 1e-05}. Best is trial 2 with value: 0.6590362848526974.
CUDA out of memory. Tried to allocate 14.33 GiB. GPU 0 has a total capacity of 44.40 GiB of which 14.05 GiB is free. Including non-PyTorch memory, this process has 30.33 GiB memory in use. Of the allocated memory 29.76 GiB is allocated by PyTorch, and 25.62 MiB is reserved by PyTorch but unallocated. If reserved but unallocated memory is large try setting PYTORCH_CUDA_ALLOC_CONF=expandable_segments:True to avoid fragmentation.  See documentation for Memory Management  (https://pytorch.org/docs/stable/notes/cuda.html#environment-variables)
[I 2026-02-26 16:30:53,083] Trial 88 finished with value: -1.0 and parameters: {'batch_size': 128, 'threshold': 0.7, 'attention_heads': 8, 'hidden_dimension': 128, 'number_of_hidden_layers': 1, 'dropout_rate': 0.1, 'learning_rate': 0.0003, 'weight_decay': 0.0001}. Best is trial 2 with value: 0.6590362848526974.
CUDA out of memory. Tried to allocate 4.78 GiB. GPU 0 has a total capacity of 44.40 GiB of which 4.67 GiB is free. Including non-PyTorch memory, this process has 39.71 GiB memory in use. Of the allocated memory 39.11 GiB is allocated by PyTorch, and 54.17 MiB is reserved by PyTorch but unallocated. If reserved but unallocated memory is large try setting PYTORCH_CUDA_ALLOC_CONF=expandable_segments:True to avoid fragmentation.  See documentation for Memory Management  (https://pytorch.org/docs/stable/notes/cuda.html#environment-variables)
[I 2026-02-26 16:57:50,219] Trial 89 finished with value: -1.0 and parameters: {'batch_size': 128, 'threshold': 0.8, 'attention_heads': 2, 'hidden_dimension': 128, 'number_of_hidden_layers': 2, 'dropout_rate': 0.3, 'learning_rate': 0.0001, 'weight_decay': 0.001}. Best is trial 2 with value: 0.6590362848526974.
[I 2026-02-26 17:37:18,393] Trial 90 finished with value: 0.6330330725688958 and parameters: {'batch_size': 64, 'threshold': 0.95, 'attention_heads': 2, 'hidden_dimension': 32, 'number_of_hidden_layers': 1, 'dropout_rate': 0.4, 'learning_rate': 0.0001, 'weight_decay': 0.001}. Best is trial 2 with value: 0.6590362848526974.
CUDA out of memory. Tried to allocate 7.38 GiB. GPU 0 has a total capacity of 44.40 GiB of which 6.59 GiB is free. Including non-PyTorch memory, this process has 37.79 GiB memory in use. Of the allocated memory 37.19 GiB is allocated by PyTorch, and 56.67 MiB is reserved by PyTorch but unallocated. If reserved but unallocated memory is large try setting PYTORCH_CUDA_ALLOC_CONF=expandable_segments:True to avoid fragmentation.  See documentation for Memory Management  (https://pytorch.org/docs/stable/notes/cuda.html#environment-variables)
[I 2026-02-26 18:02:54,273] Trial 91 finished with value: -1.0 and parameters: {'batch_size': 32, 'threshold': 0.7, 'attention_heads': 4, 'hidden_dimension': 128, 'number_of_hidden_layers': 0, 'dropout_rate': 0.4, 'learning_rate': 1e-05, 'weight_decay': 0.001}. Best is trial 2 with value: 0.6590362848526974.
[I 2026-02-26 18:32:24,759] Trial 92 finished with value: 0.6525036112920519 and parameters: {'batch_size': 128, 'threshold': 0.99, 'attention_heads': 8, 'hidden_dimension': 32, 'number_of_hidden_layers': 0, 'dropout_rate': 0.3, 'learning_rate': 0.001, 'weight_decay': 1e-06}. Best is trial 2 with value: 0.6590362848526974.
