[I 2026-02-26 19:16:22,382] Trial 93 finished with value: 0.6351713558409532 and parameters: {'batch_size': 16, 'threshold': 0.95, 'attention_heads': 4, 'hidden_dimension': 32, 'number_of_hidden_layers': 1, 'dropout_rate': 0.3, 'learning_rate': 0.001, 'weight_decay': 1e-06}. Best is trial 2 with value: 0.6590362848526974.
[I 2026-02-26 21:25:32,337] Trial 94 finished with value: 0.6272438021272482 and parameters: {'batch_size': 16, 'threshold': 0.8, 'attention_heads': 1, 'hidden_dimension': 64, 'number_of_hidden_layers': 1, 'dropout_rate': 0.2, 'learning_rate': 1e-05, 'weight_decay': 0.001}. Best is trial 2 with value: 0.6590362848526974.
[I 2026-02-26 23:33:34,977] Trial 95 finished with value: 0.6411360083635577 and parameters: {'batch_size': 16, 'threshold': 0.95, 'attention_heads': 2, 'hidden_dimension': 32, 'number_of_hidden_layers': 0, 'dropout_rate': 0.1, 'learning_rate': 1e-05, 'weight_decay': 0.0001}. Best is trial 2 with value: 0.6590362848526974.
[I 2026-02-27 00:13:53,842] Trial 96 finished with value: 0.6589325713410853 and parameters: {'batch_size': 64, 'threshold': 0.8, 'attention_heads': 1, 'hidden_dimension': 64, 'number_of_hidden_layers': 2, 'dropout_rate': 0.3, 'learning_rate': 0.001, 'weight_decay': 1e-05}. Best is trial 2 with value: 0.6590362848526974.
[I 2026-02-27 00:50:40,694] Trial 97 finished with value: 0.6352248311835276 and parameters: {'batch_size': 64, 'threshold': 0.9, 'attention_heads': 4, 'hidden_dimension': 32, 'number_of_hidden_layers': 0, 'dropout_rate': 0.4, 'learning_rate': 0.001, 'weight_decay': 0.0001}. Best is trial 2 with value: 0.6590362848526974.
[I 2026-02-27 01:25:28,225] Trial 98 finished with value: 0.6196824137277196 and parameters: {'batch_size': 32, 'threshold': 0.99, 'attention_heads': 1, 'hidden_dimension': 64, 'number_of_hidden_layers': 1, 'dropout_rate': 0.2, 'learning_rate': 0.0003, 'weight_decay': 0.001}. Best is trial 2 with value: 0.6590362848526974.
[I 2026-02-27 02:36:24,312] Trial 99 finished with value: 0.6499644668968544 and parameters: {'batch_size': 32, 'threshold': 0.9, 'attention_heads': 8, 'hidden_dimension': 64, 'number_of_hidden_layers': 2, 'dropout_rate': 0.1, 'learning_rate': 0.0003, 'weight_decay': 0.0001}. Best is trial 2 with value: 0.6590362848526974.
[I 2026-02-27 03:24:05,404] Trial 100 finished with value: 0.6332440375351369 and parameters: {'batch_size': 32, 'threshold': 0.9, 'attention_heads': 4, 'hidden_dimension': 64, 'number_of_hidden_layers': 1, 'dropout_rate': 0.4, 'learning_rate': 0.001, 'weight_decay': 0.001}. Best is trial 2 with value: 0.6590362848526974.
[I 2026-02-27 05:02:49,700] Trial 101 finished with value: 0.6381827694777801 and parameters: {'batch_size': 16, 'threshold': 0.6, 'attention_heads': 4, 'hidden_dimension': 64, 'number_of_hidden_layers': 1, 'dropout_rate': 0.1, 'learning_rate': 0.001, 'weight_decay': 1e-05}. Best is trial 2 with value: 0.6590362848526974.
[I 2026-02-27 05:54:58,071] Trial 102 finished with value: 0.633081981015738 and parameters: {'batch_size': 32, 'threshold': 0.9, 'attention_heads': 4, 'hidden_dimension': 64, 'number_of_hidden_layers': 2, 'dropout_rate': 0.3, 'learning_rate': 0.0003, 'weight_decay': 1e-05}. Best is trial 2 with value: 0.6590362848526974.
[I 2026-02-27 07:46:01,704] Trial 103 finished with value: 0.6616331571520478 and parameters: {'batch_size': 16, 'threshold': 0.6, 'attention_heads': 8, 'hidden_dimension': 32, 'number_of_hidden_layers': 2, 'dropout_rate': 0.3, 'learning_rate': 0.001, 'weight_decay': 1e-05}. Best is trial 103 with value: 0.6616331571520478.
[I 2026-02-27 08:37:35,659] Trial 104 finished with value: 0.6365836532841089 and parameters: {'batch_size': 16, 'threshold': 0.9, 'attention_heads': 6, 'hidden_dimension': 32, 'number_of_hidden_layers': 1, 'dropout_rate': 0.2, 'learning_rate': 0.0003, 'weight_decay': 0.0001}. Best is trial 103 with value: 0.6616331571520478.
[I 2026-02-27 09:56:00,298] Trial 105 finished with value: 0.613193157339839 and parameters: {'batch_size': 64, 'threshold': 0.9, 'attention_heads': 1, 'hidden_dimension': 64, 'number_of_hidden_layers': 1, 'dropout_rate': 0.1, 'learning_rate': 1e-05, 'weight_decay': 0.001}. Best is trial 103 with value: 0.6616331571520478.
[UPDATE] 50 completed trials using a random sampler. Switching from random to TPE sampling.
[I 2026-02-27 09:56:00,929] Trial 106 pruned. Duplicate hyper-parameters, same as those used in trial 85: {'batch_size': 64, 'threshold': 0.95, 'attention_heads': 6, 'hidden_dimension': 32, 'number_of_hidden_layers': 1, 'dropout_rate': 0.2, 'learning_rate': 0.0001, 'weight_decay': 0.0001}.
[I 2026-02-27 09:56:01,520] Trial 107 pruned. Duplicate hyper-parameters, same as those used in trial 92: {'batch_size': 128, 'threshold': 0.99, 'attention_heads': 8, 'hidden_dimension': 32, 'number_of_hidden_layers': 0, 'dropout_rate': 0.3, 'learning_rate': 0.001, 'weight_decay': 1e-06}.
[I 2026-02-27 10:48:32,969] Trial 108 finished with value: 0.6486886251243392 and parameters: {'batch_size': 32, 'threshold': 0.95, 'attention_heads': 8, 'hidden_dimension': 64, 'number_of_hidden_layers': 2, 'dropout_rate': 0.1, 'learning_rate': 0.0003, 'weight_decay': 0.0001}. Best is trial 103 with value: 0.6616331571520478.
[I 2026-02-27 10:48:33,580] Trial 109 pruned. Duplicate hyper-parameters, same as those used in trial 108: {'batch_size': 32, 'threshold': 0.95, 'attention_heads': 8, 'hidden_dimension': 64, 'number_of_hidden_layers': 2, 'dropout_rate': 0.1, 'learning_rate': 0.0003, 'weight_decay': 0.0001}.
[I 2026-02-27 10:48:34,161] Trial 110 pruned. Duplicate hyper-parameters, same as those used in trial 96: {'batch_size': 64, 'threshold': 0.8, 'attention_heads': 1, 'hidden_dimension': 64, 'number_of_hidden_layers': 2, 'dropout_rate': 0.3, 'learning_rate': 0.001, 'weight_decay': 1e-05}.
[I 2026-02-27 10:48:34,666] Trial 111 pruned. Duplicate hyper-parameters, same as those used in trial 103: {'batch_size': 16, 'threshold': 0.6, 'attention_heads': 8, 'hidden_dimension': 32, 'number_of_hidden_layers': 2, 'dropout_rate': 0.3, 'learning_rate': 0.001, 'weight_decay': 1e-05}.
[I 2026-02-27 11:39:02,268] Trial 112 finished with value: 0.6566215398137927 and parameters: {'batch_size': 32, 'threshold': 0.9, 'attention_heads': 8, 'hidden_dimension': 32, 'number_of_hidden_layers': 2, 'dropout_rate': 0.1, 'learning_rate': 0.0003, 'weight_decay': 0.0001}. Best is trial 103 with value: 0.6616331571520478.
[I 2026-02-27 12:18:20,921] Trial 113 finished with value: 0.6312985303544716 and parameters: {'batch_size': 32, 'threshold': 0.9, 'attention_heads': 2, 'hidden_dimension': 32, 'number_of_hidden_layers': 2, 'dropout_rate': 0.1, 'learning_rate': 0.0003, 'weight_decay': 0.0001}. Best is trial 103 with value: 0.6616331571520478.
CUDA out of memory. Tried to allocate 6.06 GiB. GPU 0 has a total capacity of 44.40 GiB of which 3.44 GiB is free. Including non-PyTorch memory, this process has 40.94 GiB memory in use. Of the allocated memory 40.29 GiB is allocated by PyTorch, and 101.59 MiB is reserved by PyTorch but unallocated. If reserved but unallocated memory is large try setting PYTORCH_CUDA_ALLOC_CONF=expandable_segments:True to avoid fragmentation.  See documentation for Memory Management  (https://pytorch.org/docs/stable/notes/cuda.html#environment-variables)
[I 2026-02-27 12:43:35,026] Trial 114 finished with value: -1.0 and parameters: {'batch_size': 32, 'threshold': 0.9, 'attention_heads': 8, 'hidden_dimension': 128, 'number_of_hidden_layers': 2, 'dropout_rate': 0.1, 'learning_rate': 0.0003, 'weight_decay': 0.0001}. Best is trial 103 with value: 0.6616331571520478.
[I 2026-02-27 13:52:47,989] Trial 115 finished with value: 0.6359047493228625 and parameters: {'batch_size': 32, 'threshold': 0.9, 'attention_heads': 8, 'hidden_dimension': 64, 'number_of_hidden_layers': 2, 'dropout_rate': 0.1, 'learning_rate': 0.001, 'weight_decay': 0.0001}. Best is trial 103 with value: 0.6616331571520478.
[I 2026-02-27 15:17:46,535] Trial 116 finished with value: 0.656028802330617 and parameters: {'batch_size': 32, 'threshold': 0.7, 'attention_heads': 8, 'hidden_dimension': 32, 'number_of_hidden_layers': 2, 'dropout_rate': 0.1, 'learning_rate': 0.0003, 'weight_decay': 1e-06}. Best is trial 103 with value: 0.6616331571520478.
[I 2026-02-27 15:17:47,156] Trial 117 pruned. Duplicate hyper-parameters, same as those used in trial 116: {'batch_size': 32, 'threshold': 0.7, 'attention_heads': 8, 'hidden_dimension': 32, 'number_of_hidden_layers': 2, 'dropout_rate': 0.1, 'learning_rate': 0.0003, 'weight_decay': 1e-06}.
[I 2026-02-27 16:06:57,837] Trial 118 finished with value: 0.6434162609519529 and parameters: {'batch_size': 32, 'threshold': 0.9, 'attention_heads': 8, 'hidden_dimension': 32, 'number_of_hidden_layers': 1, 'dropout_rate': 0.1, 'learning_rate': 0.0003, 'weight_decay': 0.0001}. Best is trial 103 with value: 0.6616331571520478.
CUDA out of memory. Tried to allocate 4.78 GiB. GPU 0 has a total capacity of 44.40 GiB of which 4.61 GiB is free. Including non-PyTorch memory, this process has 39.77 GiB memory in use. Of the allocated memory 39.20 GiB is allocated by PyTorch, and 21.38 MiB is reserved by PyTorch but unallocated. If reserved but unallocated memory is large try setting PYTORCH_CUDA_ALLOC_CONF=expandable_segments:True to avoid fragmentation.  See documentation for Memory Management  (https://pytorch.org/docs/stable/notes/cuda.html#environment-variables)
[I 2026-02-27 16:34:04,832] Trial 119 finished with value: -1.0 and parameters: {'batch_size': 128, 'threshold': 0.9, 'attention_heads': 8, 'hidden_dimension': 64, 'number_of_hidden_layers': 2, 'dropout_rate': 0.1, 'learning_rate': 0.0003, 'weight_decay': 0.0001}. Best is trial 103 with value: 0.6616331571520478.
[I 2026-02-27 17:05:50,723] Trial 120 finished with value: 0.6475397908597172 and parameters: {'batch_size': 128, 'threshold': 0.99, 'attention_heads': 8, 'hidden_dimension': 32, 'number_of_hidden_layers': 2, 'dropout_rate': 0.4, 'learning_rate': 0.001, 'weight_decay': 1e-05}. Best is trial 103 with value: 0.6616331571520478.
[I 2026-02-27 18:15:17,797] Trial 121 finished with value: 0.6499644668968544 and parameters: {'batch_size': 32, 'threshold': 0.9, 'attention_heads': 8, 'hidden_dimension': 64, 'number_of_hidden_layers': 2, 'dropout_rate': 0.1, 'learning_rate': 0.0003, 'weight_decay': 0.001}. Best is trial 103 with value: 0.6616331571520478.
[I 2026-02-27 19:07:14,140] Trial 122 finished with value: 0.6378585518261833 and parameters: {'batch_size': 32, 'threshold': 0.9, 'attention_heads': 8, 'hidden_dimension': 32, 'number_of_hidden_layers': 2, 'dropout_rate': 0.2, 'learning_rate': 0.001, 'weight_decay': 1e-06}. Best is trial 103 with value: 0.6616331571520478.
[I 2026-02-27 19:59:04,388] Trial 123 finished with value: 0.6566215398137927 and parameters: {'batch_size': 32, 'threshold': 0.9, 'attention_heads': 8, 'hidden_dimension': 32, 'number_of_hidden_layers': 2, 'dropout_rate': 0.1, 'learning_rate': 0.0003, 'weight_decay': 1e-05}. Best is trial 103 with value: 0.6616331571520478.
[I 2026-02-27 19:59:04,997] Trial 124 pruned. Duplicate hyper-parameters, same as those used in trial 121: {'batch_size': 32, 'threshold': 0.9, 'attention_heads': 8, 'hidden_dimension': 64, 'number_of_hidden_layers': 2, 'dropout_rate': 0.1, 'learning_rate': 0.0003, 'weight_decay': 0.001}.
[I 2026-02-27 19:59:05,551] Trial 125 pruned. Duplicate hyper-parameters, same as those used in trial 123: {'batch_size': 32, 'threshold': 0.9, 'attention_heads': 8, 'hidden_dimension': 32, 'number_of_hidden_layers': 2, 'dropout_rate': 0.1, 'learning_rate': 0.0003, 'weight_decay': 1e-05}.
[I 2026-02-27 20:50:58,543] Trial 126 finished with value: 0.6532036141799324 and parameters: {'batch_size': 32, 'threshold': 0.9, 'attention_heads': 8, 'hidden_dimension': 32, 'number_of_hidden_layers': 2, 'dropout_rate': 0.4, 'learning_rate': 0.0003, 'weight_decay': 0.0001}. Best is trial 103 with value: 0.6616331571520478.
[I 2026-02-27 21:42:17,858] Trial 127 finished with value: 0.6527484321490746 and parameters: {'batch_size': 32, 'threshold': 0.9, 'attention_heads': 8, 'hidden_dimension': 32, 'number_of_hidden_layers': 2, 'dropout_rate': 0.2, 'learning_rate': 0.0003, 'weight_decay': 0.0001}. Best is trial 103 with value: 0.6616331571520478.
[I 2026-02-27 21:42:18,445] Trial 128 pruned. Duplicate hyper-parameters, same as those used in trial 126: {'batch_size': 32, 'threshold': 0.9, 'attention_heads': 8, 'hidden_dimension': 32, 'number_of_hidden_layers': 2, 'dropout_rate': 0.4, 'learning_rate': 0.0003, 'weight_decay': 0.0001}.
[I 2026-02-28 00:00:28,457] Trial 129 finished with value: 0.6464329460471075 and parameters: {'batch_size': 32, 'threshold': 0.95, 'attention_heads': 8, 'hidden_dimension': 32, 'number_of_hidden_layers': 2, 'dropout_rate': 0.2, 'learning_rate': 1e-05, 'weight_decay': 0.0001}. Best is trial 103 with value: 0.6616331571520478.
[I 2026-02-28 00:38:06,420] Trial 130 finished with value: 0.6485142679914064 and parameters: {'batch_size': 64, 'threshold': 0.9, 'attention_heads': 2, 'hidden_dimension': 32, 'number_of_hidden_layers': 0, 'dropout_rate': 0.4, 'learning_rate': 0.0003, 'weight_decay': 0.001}. Best is trial 103 with value: 0.6616331571520478.
[I 2026-02-28 01:19:22,738] Trial 131 finished with value: 0.6103283106393724 and parameters: {'batch_size': 32, 'threshold': 0.9, 'attention_heads': 1, 'hidden_dimension': 32, 'number_of_hidden_layers': 2, 'dropout_rate': 0.2, 'learning_rate': 0.0003, 'weight_decay': 1e-05}. Best is trial 103 with value: 0.6616331571520478.
CUDA out of memory. Tried to allocate 6.06 GiB. GPU 0 has a total capacity of 44.40 GiB of which 3.55 GiB is free. Including non-PyTorch memory, this process has 40.83 GiB memory in use. Of the allocated memory 40.15 GiB is allocated by PyTorch, and 139.80 MiB is reserved by PyTorch but unallocated. If reserved but unallocated memory is large try setting PYTORCH_CUDA_ALLOC_CONF=expandable_segments:True to avoid fragmentation.  See documentation for Memory Management  (https://pytorch.org/docs/stable/notes/cuda.html#environment-variables)
[I 2026-02-28 01:47:56,456] Trial 132 finished with value: -1.0 and parameters: {'batch_size': 32, 'threshold': 0.6, 'attention_heads': 8, 'hidden_dimension': 32, 'number_of_hidden_layers': 2, 'dropout_rate': 0.2, 'learning_rate': 0.0003, 'weight_decay': 0.0001}. Best is trial 103 with value: 0.6616331571520478.
[I 2026-02-28 01:47:57,055] Trial 133 pruned. Duplicate hyper-parameters, same as those used in trial 127: {'batch_size': 32, 'threshold': 0.9, 'attention_heads': 8, 'hidden_dimension': 32, 'number_of_hidden_layers': 2, 'dropout_rate': 0.2, 'learning_rate': 0.0003, 'weight_decay': 0.0001}.
[I 2026-02-28 03:02:26,788] Trial 134 finished with value: 0.6524718516605786 and parameters: {'batch_size': 32, 'threshold': 0.8, 'attention_heads': 8, 'hidden_dimension': 32, 'number_of_hidden_layers': 2, 'dropout_rate': 0.1, 'learning_rate': 0.0003, 'weight_decay': 0.0001}. Best is trial 103 with value: 0.6616331571520478.
[I 2026-02-28 04:20:53,374] Trial 135 finished with value: 0.6409683411108847 and parameters: {'batch_size': 16, 'threshold': 0.8, 'attention_heads': 8, 'hidden_dimension': 32, 'number_of_hidden_layers': 2, 'dropout_rate': 0.1, 'learning_rate': 0.0003, 'weight_decay': 0.0001}. Best is trial 103 with value: 0.6616331571520478.
[I 2026-02-28 05:20:10,101] Trial 136 finished with value: 0.6489924340284926 and parameters: {'batch_size': 16, 'threshold': 0.9, 'attention_heads': 8, 'hidden_dimension': 32, 'number_of_hidden_layers': 2, 'dropout_rate': 0.1, 'learning_rate': 0.001, 'weight_decay': 1e-05}. Best is trial 103 with value: 0.6616331571520478.
[I 2026-02-28 05:20:10,715] Trial 137 pruned. Duplicate hyper-parameters, same as those used in trial 134: {'batch_size': 32, 'threshold': 0.8, 'attention_heads': 8, 'hidden_dimension': 32, 'number_of_hidden_layers': 2, 'dropout_rate': 0.1, 'learning_rate': 0.0003, 'weight_decay': 0.0001}.
[I 2026-02-28 06:49:54,503] Trial 138 finished with value: 0.6257139672856771 and parameters: {'batch_size': 16, 'threshold': 0.9, 'attention_heads': 4, 'hidden_dimension': 128, 'number_of_hidden_layers': 0, 'dropout_rate': 0.4, 'learning_rate': 1e-05, 'weight_decay': 0.0001}. Best is trial 103 with value: 0.6616331571520478.
[I 2026-02-28 09:22:52,399] Trial 139 finished with value: 0.6332354817385396 and parameters: {'batch_size': 16, 'threshold': 0.6, 'attention_heads': 2, 'hidden_dimension': 64, 'number_of_hidden_layers': 0, 'dropout_rate': 0.4, 'learning_rate': 1e-05, 'weight_decay': 0.0001}. Best is trial 103 with value: 0.6616331571520478.
[I 2026-02-28 11:19:43,527] Trial 140 finished with value: 0.6322874114878733 and parameters: {'batch_size': 16, 'threshold': 0.8, 'attention_heads': 8, 'hidden_dimension': 64, 'number_of_hidden_layers': 2, 'dropout_rate': 0.3, 'learning_rate': 0.001, 'weight_decay': 1e-05}. Best is trial 103 with value: 0.6616331571520478.
[I 2026-02-28 12:02:57,999] Trial 141 finished with value: 0.649467196774032 and parameters: {'batch_size': 128, 'threshold': 0.9, 'attention_heads': 6, 'hidden_dimension': 32, 'number_of_hidden_layers': 1, 'dropout_rate': 0.2, 'learning_rate': 0.001, 'weight_decay': 1e-05}. Best is trial 103 with value: 0.6616331571520478.
[I 2026-02-28 13:11:59,464] Trial 142 finished with value: 0.6544228323939774 and parameters: {'batch_size': 64, 'threshold': 0.6, 'attention_heads': 2, 'hidden_dimension': 32, 'number_of_hidden_layers': 0, 'dropout_rate': 0.1, 'learning_rate': 0.0001, 'weight_decay': 0.001}. Best is trial 103 with value: 0.6616331571520478.
[I 2026-02-28 13:12:00,084] Trial 143 pruned. Duplicate hyper-parameters, same as those used in trial 142: {'batch_size': 64, 'threshold': 0.6, 'attention_heads': 2, 'hidden_dimension': 32, 'number_of_hidden_layers': 0, 'dropout_rate': 0.1, 'learning_rate': 0.0001, 'weight_decay': 0.001}.
[I 2026-02-28 13:50:56,463] Trial 144 finished with value: 0.6509343343456709 and parameters: {'batch_size': 64, 'threshold': 0.8, 'attention_heads': 1, 'hidden_dimension': 64, 'number_of_hidden_layers': 0, 'dropout_rate': 0.3, 'learning_rate': 0.001, 'weight_decay': 1e-06}. Best is trial 103 with value: 0.6616331571520478.
[I 2026-02-28 14:55:33,145] Trial 145 finished with value: 0.6473575998176875 and parameters: {'batch_size': 32, 'threshold': 0.9, 'attention_heads': 8, 'hidden_dimension': 32, 'number_of_hidden_layers': 2, 'dropout_rate': 0.3, 'learning_rate': 0.0001, 'weight_decay': 0.0001}. Best is trial 103 with value: 0.6616331571520478.
CUDA out of memory. Tried to allocate 7.23 GiB. GPU 0 has a total capacity of 44.40 GiB of which 6.96 GiB is free. Including non-PyTorch memory, this process has 37.42 GiB memory in use. Of the allocated memory 36.82 GiB is allocated by PyTorch, and 60.57 MiB is reserved by PyTorch but unallocated. If reserved but unallocated memory is large try setting PYTORCH_CUDA_ALLOC_CONF=expandable_segments:True to avoid fragmentation.  See documentation for Memory Management  (https://pytorch.org/docs/stable/notes/cuda.html#environment-variables)
[I 2026-02-28 15:24:24,341] Trial 146 finished with value: -1.0 and parameters: {'batch_size': 128, 'threshold': 0.95, 'attention_heads': 6, 'hidden_dimension': 128, 'number_of_hidden_layers': 1, 'dropout_rate': 0.3, 'learning_rate': 0.0003, 'weight_decay': 0.0001}. Best is trial 103 with value: 0.6616331571520478.
[I 2026-02-28 15:24:24,965] Trial 147 pruned. Duplicate hyper-parameters, same as those used in trial 144: {'batch_size': 64, 'threshold': 0.8, 'attention_heads': 1, 'hidden_dimension': 64, 'number_of_hidden_layers': 0, 'dropout_rate': 0.3, 'learning_rate': 0.001, 'weight_decay': 1e-06}.
[I 2026-02-28 16:05:43,097] Trial 148 finished with value: 0.6601622508248021 and parameters: {'batch_size': 128, 'threshold': 0.95, 'attention_heads': 8, 'hidden_dimension': 32, 'number_of_hidden_layers': 2, 'dropout_rate': 0.1, 'learning_rate': 0.001, 'weight_decay': 0.0001}. Best is trial 103 with value: 0.6616331571520478.
CUDA out of memory. Tried to allocate 4.78 GiB. GPU 0 has a total capacity of 44.40 GiB of which 4.46 GiB is free. Including non-PyTorch memory, this process has 39.92 GiB memory in use. Of the allocated memory 39.34 GiB is allocated by PyTorch, and 38.32 MiB is reserved by PyTorch but unallocated. If reserved but unallocated memory is large try setting PYTORCH_CUDA_ALLOC_CONF=expandable_segments:True to avoid fragmentation.  See documentation for Memory Management  (https://pytorch.org/docs/stable/notes/cuda.html#environment-variables)
[I 2026-02-28 16:36:25,986] Trial 149 finished with value: -1.0 and parameters: {'batch_size': 128, 'threshold': 0.95, 'attention_heads': 8, 'hidden_dimension': 128, 'number_of_hidden_layers': 2, 'dropout_rate': 0.1, 'learning_rate': 0.0001, 'weight_decay': 0.0001}. Best is trial 103 with value: 0.6616331571520478.
[I 2026-02-28 17:11:43,022] Trial 150 finished with value: 0.6505306998663775 and parameters: {'batch_size': 128, 'threshold': 0.95, 'attention_heads': 4, 'hidden_dimension': 32, 'number_of_hidden_layers': 2, 'dropout_rate': 0.1, 'learning_rate': 0.001, 'weight_decay': 0.0001}. Best is trial 103 with value: 0.6616331571520478.
CUDA out of memory. Tried to allocate 4.78 GiB. GPU 0 has a total capacity of 44.40 GiB of which 4.52 GiB is free. Including non-PyTorch memory, this process has 39.87 GiB memory in use. Of the allocated memory 39.28 GiB is allocated by PyTorch, and 42.18 MiB is reserved by PyTorch but unallocated. If reserved but unallocated memory is large try setting PYTORCH_CUDA_ALLOC_CONF=expandable_segments:True to avoid fragmentation.  See documentation for Memory Management  (https://pytorch.org/docs/stable/notes/cuda.html#environment-variables)
