SLURM NODE: kn063
[I 2026-03-14 04:57:37,131] Using an existing study with name 'R8-Attention_distillation' instead of creating a new one.
Unbound optimization already completed.

[UPDATE] Unbound limits: {'batch_size': (np.int64(16), np.int64(128)), 'threshold': (np.float64(0.6), np.float64(0.99)), 'attention_heads': (np.int64(1), np.int64(2)), 'hidden_dimension': (np.int64(32), np.int64(128)), 'number_of_hidden_layers': (np.int64(0), np.int64(2)), 'dropout_rate': (np.float64(0.1), np.float64(0.3)), 'learning_rate': (np.float64(1e-05), np.float64(0.001)), 'weight_decay': (np.float64(1e-05), np.float64(0.001))}
[I 2026-03-14 04:57:37,767] Using an existing study with name 'R8-Attention_distillation-unbound' instead of creating a new one.
Last trial state: 0
Enqueuing hyper-parameters: {'batch_size': 72, 'threshold': 0.73, 'attention_heads': 1, 'hidden_dimension': 39, 'number_of_hidden_layers': 0, 'dropout_rate': 0.21292368722734226, 'learning_rate': 2.145542223270159e-05, 'weight_decay': 4.575917818853433e-05}
[I 2026-03-14 06:26:29,705] Trial 97 finished with value: 0.9385623699194448 and parameters: {'batch_size': 72, 'threshold': 0.73, 'attention_heads': 1, 'hidden_dimension': 39, 'number_of_hidden_layers': 0, 'dropout_rate': 0.21292368722734226, 'learning_rate': 2.145542223270159e-05, 'weight_decay': 4.575917818853433e-05}. Best is trial 2 with value: 0.9689518803908748.
[I 2026-03-14 07:30:26,054] Trial 98 finished with value: 0.953570943208184 and parameters: {'batch_size': 48, 'threshold': 0.6699999999999999, 'attention_heads': 1, 'hidden_dimension': 37, 'number_of_hidden_layers': 0, 'dropout_rate': 0.20947170193606504, 'learning_rate': 0.00018464351413332683, 'weight_decay': 0.00018655815862905116}. Best is trial 2 with value: 0.9689518803908748.
[I 2026-03-14 08:25:53,312] Trial 99 finished with value: 0.9572805804046757 and parameters: {'batch_size': 56, 'threshold': 0.85, 'attention_heads': 1, 'hidden_dimension': 40, 'number_of_hidden_layers': 0, 'dropout_rate': 0.20672615548566267, 'learning_rate': 0.00015951257732827828, 'weight_decay': 0.00041434462162218355}. Best is trial 2 with value: 0.9689518803908748.
[I 2026-03-14 09:17:08,105] Trial 100 finished with value: 0.9598298133128221 and parameters: {'batch_size': 40, 'threshold': 0.78, 'attention_heads': 1, 'hidden_dimension': 61, 'number_of_hidden_layers': 0, 'dropout_rate': 0.24086158327997753, 'learning_rate': 0.00021113225257859768, 'weight_decay': 0.0001337918334429131}. Best is trial 2 with value: 0.9689518803908748.
[I 2026-03-14 10:05:58,990] Trial 101 finished with value: 0.9474938659202672 and parameters: {'batch_size': 104, 'threshold': 0.9099999999999999, 'attention_heads': 1, 'hidden_dimension': 66, 'number_of_hidden_layers': 2, 'dropout_rate': 0.10753709704536359, 'learning_rate': 0.0005426591899165445, 'weight_decay': 0.00022012988640698992}. Best is trial 2 with value: 0.9689518803908748.
[I 2026-03-14 11:06:47,154] Trial 102 finished with value: 0.9433975268333997 and parameters: {'batch_size': 64, 'threshold': 0.86, 'attention_heads': 1, 'hidden_dimension': 34, 'number_of_hidden_layers': 0, 'dropout_rate': 0.22897648549826694, 'learning_rate': 6.785567260593027e-05, 'weight_decay': 6.088080790755545e-05}. Best is trial 2 with value: 0.9689518803908748.
[I 2026-03-14 12:37:47,599] Trial 103 finished with value: 0.9505738878391108 and parameters: {'batch_size': 72, 'threshold': 0.77, 'attention_heads': 2, 'hidden_dimension': 44, 'number_of_hidden_layers': 0, 'dropout_rate': 0.2239211666076375, 'learning_rate': 6.606856053609289e-05, 'weight_decay': 1.035479870429572e-05}. Best is trial 2 with value: 0.9689518803908748.
[I 2026-03-14 13:27:46,759] Trial 104 finished with value: 0.9582153466034795 and parameters: {'batch_size': 80, 'threshold': 0.75, 'attention_heads': 1, 'hidden_dimension': 36, 'number_of_hidden_layers': 0, 'dropout_rate': 0.16116317162844015, 'learning_rate': 0.00019849820906409115, 'weight_decay': 0.00030593921361471546}. Best is trial 2 with value: 0.9689518803908748.
[I 2026-03-14 14:27:36,083] Trial 105 finished with value: 0.9558621261518747 and parameters: {'batch_size': 56, 'threshold': 0.73, 'attention_heads': 1, 'hidden_dimension': 43, 'number_of_hidden_layers': 0, 'dropout_rate': 0.2429996590230996, 'learning_rate': 0.00014792098734472449, 'weight_decay': 6.003741337354177e-05}. Best is trial 2 with value: 0.9689518803908748.
[I 2026-03-14 15:20:39,270] Trial 106 finished with value: 0.9608179862041765 and parameters: {'batch_size': 56, 'threshold': 0.79, 'attention_heads': 1, 'hidden_dimension': 32, 'number_of_hidden_layers': 0, 'dropout_rate': 0.18787079940769236, 'learning_rate': 0.0004126679076805876, 'weight_decay': 0.00015846543307155664}. Best is trial 2 with value: 0.9689518803908748.
[I 2026-03-14 17:13:57,180] Trial 107 finished with value: 0.9500071672145353 and parameters: {'batch_size': 48, 'threshold': 0.71, 'attention_heads': 2, 'hidden_dimension': 103, 'number_of_hidden_layers': 2, 'dropout_rate': 0.2526492893615937, 'learning_rate': 3.512510011172457e-05, 'weight_decay': 4.2356139008940405e-05}. Best is trial 2 with value: 0.9689518803908748.
[I 2026-03-14 18:45:20,538] Trial 108 finished with value: 0.9619067701979851 and parameters: {'batch_size': 72, 'threshold': 0.64, 'attention_heads': 1, 'hidden_dimension': 40, 'number_of_hidden_layers': 0, 'dropout_rate': 0.22123013250686963, 'learning_rate': 5.289465446072162e-05, 'weight_decay': 1.628587899705252e-05}. Best is trial 2 with value: 0.9689518803908748.
[I 2026-03-14 19:42:26,080] Trial 109 finished with value: 0.9489829939521653 and parameters: {'batch_size': 32, 'threshold': 0.8099999999999999, 'attention_heads': 1, 'hidden_dimension': 83, 'number_of_hidden_layers': 0, 'dropout_rate': 0.22468862851538443, 'learning_rate': 0.0009388617610529283, 'weight_decay': 0.00011921465252480508}. Best is trial 2 with value: 0.9689518803908748.
[I 2026-03-14 20:42:35,244] Trial 110 finished with value: 0.9456106342507664 and parameters: {'batch_size': 56, 'threshold': 0.8999999999999999, 'attention_heads': 1, 'hidden_dimension': 44, 'number_of_hidden_layers': 0, 'dropout_rate': 0.18351912703214188, 'learning_rate': 0.00010612736578845506, 'weight_decay': 2.9279800343367198e-05}. Best is trial 2 with value: 0.9689518803908748.
[I 2026-03-14 22:10:47,612] Trial 111 finished with value: 0.9560615381576125 and parameters: {'batch_size': 128, 'threshold': 0.73, 'attention_heads': 2, 'hidden_dimension': 33, 'number_of_hidden_layers': 0, 'dropout_rate': 0.23171102827681578, 'learning_rate': 4.9542594159494657e-05, 'weight_decay': 9.24352058126197e-05}. Best is trial 2 with value: 0.9689518803908748.
[I 2026-03-14 23:11:13,948] Trial 112 finished with value: 0.9444231364304935 and parameters: {'batch_size': 96, 'threshold': 0.95, 'attention_heads': 1, 'hidden_dimension': 33, 'number_of_hidden_layers': 0, 'dropout_rate': 0.16341993473182775, 'learning_rate': 7.582761475552909e-05, 'weight_decay': 1.7694174876334358e-05}. Best is trial 2 with value: 0.9689518803908748.

[TRIAL] 2 [VALIDATION PERFORMANCE] 0.9689518803908748 [TRAINING LOSS] 0.020308952651320444 [VALIDATION LOSS] 0.20438248998220843 

number                         			 2
value                          			 0.9689518803908748
params_attention_heads         			 1
params_batch_size              			 16
params_dropout_rate            			 0.1
params_hidden_dimension        			 64
params_learning_rate           			 0.001
params_number_of_hidden_layers 			 1
params_threshold               			 0.7
params_weight_decay            			 0.0001
user_attrs_duplicate           			 False
user_attrs_epoch               			 39.0
user_attrs_training_loss       			 0.020308952651320444
user_attrs_validation_loss     			 0.20438248998220843

[37] VALIDATION: 0.9508143156436314 TESTING: 0.9439202987941618
[38] VALIDATION: 0.9473138139061603 TESTING: 0.9490524080269114
[39] VALIDATION: 0.9483435346373671 TESTING: 0.9381388223060139
[40] VALIDATION: 0.9578591036975854 TESTING: 0.9421519667427929
[41] VALIDATION: 0.946696083482998 TESTING: 0.9471484717139402
[42] VALIDATION: 0.9689518803908748 TESTING: 0.9360168840187297
[43] VALIDATION: 0.9527028199223179 TESTING: 0.9412797841138676
[44] VALIDATION: 0.951733037091035 TESTING: 0.9335550268811218
[45] VALIDATION: 0.9534504349360844 TESTING: 0.9371366088025839
[46] VALIDATION: 0.9525969970339073 TESTING: 0.9377259584786761

Validation performance: 94.67 & 95.3 ± 0.65 & 96.9
Testing performance: 93.36 & 94.06 ± 0.5 & 94.91

[TRIAL] 53 [VALIDATION PERFORMANCE] 0.966179269376035 [TRAINING LOSS] 0.020792265663690426 [VALIDATION LOSS] 0.16113128827419132 

number                         			 53
value                          			 0.966179269376035
params_attention_heads         			 1
params_batch_size              			 48
params_dropout_rate            			 0.2670088341157761
params_hidden_dimension        			 53
params_learning_rate           			 0.00016936852799260185
params_number_of_hidden_layers 			 0
params_threshold               			 0.85
params_weight_decay            			 8.245348411167805e-05
user_attrs_duplicate           			 False
user_attrs_epoch               			 39.0
user_attrs_training_loss       			 0.020792265663690426
user_attrs_validation_loss     			 0.16113128827419132

[37] VALIDATION: 0.9600560497601764 TESTING: 0.9467397494073706
[38] VALIDATION: 0.9477218957916748 TESTING: 0.9457607798396643
[39] VALIDATION: 0.9483801692470354 TESTING: 0.9437619259591075
[40] VALIDATION: 0.9598298133128221 TESTING: 0.9390812689021499
[41] VALIDATION: 0.9620582869399603 TESTING: 0.934972606359556
[42] VALIDATION: 0.966179269376035 TESTING: 0.9404632612933193
[43] VALIDATION: 0.956951980542857 TESTING: 0.9372056431919882
[44] VALIDATION: 0.9579189691901095 TESTING: 0.9450140676789386
[45] VALIDATION: 0.9615783952528293 TESTING: 0.9392825909724567
[46] VALIDATION: 0.9492089143539789 TESTING: 0.9423832433493278

Validation performance: 94.77 & 95.7 ± 0.64 & 96.62
Testing performance: 93.5 & 94.15 ± 0.39 & 94.67

[TRIAL] 69 [VALIDATION PERFORMANCE] 0.9642583329411233 [TRAINING LOSS] 0.012660572034142474 [VALIDATION LOSS] 0.15202604690487284 

number                         			 69
value                          			 0.9642583329411233
params_attention_heads         			 1
params_batch_size              			 48
params_dropout_rate            			 0.22611423302610936
params_hidden_dimension        			 37
params_learning_rate           			 0.0004915606737622543
params_number_of_hidden_layers 			 0
params_threshold               			 0.9299999999999999
params_weight_decay            			 0.00015315714872468256
user_attrs_duplicate           			 False
user_attrs_epoch               			 39.0
user_attrs_training_loss       			 0.012660572034142474
user_attrs_validation_loss     			 0.15202604690487284

[37] VALIDATION: 0.9446233221971778 TESTING: 0.9451428444050713
[38] VALIDATION: 0.9555934064649096 TESTING: 0.9402894972845791
[39] VALIDATION: 0.9622356515285996 TESTING: 0.9497243912854402
[40] VALIDATION: 0.9543574019825649 TESTING: 0.9353135294430757
[41] VALIDATION: 0.9459083025873298 TESTING: 0.9468126235959787
[42] VALIDATION: 0.9642583329411233 TESTING: 0.9395720890202974
[43] VALIDATION: 0.954330745927401 TESTING: 0.9388539765280035
[44] VALIDATION: 0.9513151752781875 TESTING: 0.950098094695577
[45] VALIDATION: 0.9473611407896145 TESTING: 0.9461205478634489
